corrs 1
sub corrs 10
corrs 2
sub corrs 20
corrs 3
sub corrs 30
corrs 4
sub corrs 40
corrs 5
sub corrs 50
corrs 6
sub corrs 60
corrs 7
sub corrs 70
corrs 8
sub corrs 80
corrs 9
sub corrs 90
corrs 10
sub corrs 100
Optimization terminated successfully    (Exit mode 0)
            Current function value: 0.09326666666666678
            Iterations: 1
            Function evaluations: 2
            Gradient evaluations: 1
Optimization terminated successfully    (Exit mode 0)
            Current function value: 0.09326666666666678
            Iterations: 5
            Function evaluations: 16
            Gradient evaluations: 5
Optimization terminated successfully    (Exit mode 0)
            Current function value: 0.03090000000000002
            Iterations: 9
            Function evaluations: 52
            Gradient evaluations: 9
Optimization terminated successfully    (Exit mode 0)
            Current function value: 0.008000000000000009
            Iterations: 5
            Function evaluations: 36
            Gradient evaluations: 5
Optimization terminated successfully    (Exit mode 0)
            Current function value: 0.007255555555555563
            Iterations: 5
            Function evaluations: 43
            Gradient evaluations: 5
Optimization terminated successfully    (Exit mode 0)
            Current function value: 0.0072555555555555646
            Iterations: 9
            Function evaluations: 74
            Gradient evaluations: 9
Optimization terminated successfully    (Exit mode 0)
            Current function value: 0.008011111111111123
            Iterations: 4
            Function evaluations: 44
            Gradient evaluations: 4
Optimization terminated successfully    (Exit mode 0)
            Current function value: 0.007011111111111121
            Iterations: 15
            Function evaluations: 151
            Gradient evaluations: 15
Optimization terminated successfully    (Exit mode 0)
            Current function value: 0.006833333333333345
            Iterations: 9
            Function evaluations: 107
            Gradient evaluations: 9
Optimization terminated successfully    (Exit mode 0)
            Current function value: 0.008244444444444454
            Iterations: 11
            Function evaluations: 142
            Gradient evaluations: 11
Optimization terminated successfully    (Exit mode 0)
            Current function value: 0.007277777777777786
            Iterations: 8
            Function evaluations: 107
            Gradient evaluations: 8
corrs 1
sub corrs 10
corrs 2
sub corrs 20
corrs 3
sub corrs 30
corrs 4
sub corrs 40
corrs 5
sub corrs 50
corrs 6
sub corrs 60
corrs 7
sub corrs 70
corrs 8
sub corrs 80
corrs 9
sub corrs 90
corrs 10
sub corrs 100
Optimization terminated successfully    (Exit mode 0)
            Current function value: 0.09431111111111128
            Iterations: 1
            Function evaluations: 2
            Gradient evaluations: 1
Optimization terminated successfully    (Exit mode 0)
            Current function value: 0.09431111111111128
            Iterations: 3
            Function evaluations: 9
            Gradient evaluations: 3
Optimization terminated successfully    (Exit mode 0)
            Current function value: 0.03149999999999999
            Iterations: 10
            Function evaluations: 58
            Gradient evaluations: 10
Optimization terminated successfully    (Exit mode 0)
            Current function value: 0.007111111111111126
            Iterations: 3
            Function evaluations: 26
            Gradient evaluations: 3
Optimization terminated successfully    (Exit mode 0)
            Current function value: 0.008266666666666683
            Iterations: 7
            Function evaluations: 53
            Gradient evaluations: 7
Optimization terminated successfully    (Exit mode 0)
            Current function value: 0.006933333333333349
            Iterations: 13
            Function evaluations: 114
            Gradient evaluations: 13
Optimization terminated successfully    (Exit mode 0)
            Current function value: 0.00852222222222224
            Iterations: 8
            Function evaluations: 75
            Gradient evaluations: 8
Optimization terminated successfully    (Exit mode 0)
            Current function value: 0.006566666666666678
            Iterations: 8
            Function evaluations: 88
            Gradient evaluations: 8
Optimization terminated successfully    (Exit mode 0)
            Current function value: 0.0068333333333333475
            Iterations: 11
            Function evaluations: 127
            Gradient evaluations: 11
Optimization terminated successfully    (Exit mode 0)
            Current function value: 0.00667777777777779
            Iterations: 8
            Function evaluations: 100
            Gradient evaluations: 8
Optimization terminated successfully    (Exit mode 0)
            Current function value: 0.007644444444444458
            Iterations: 7
            Function evaluations: 100
            Gradient evaluations: 7
 Experiment complete. Results at: /mnt/beegfs/hellgate/home/tp183485/timecorr_trazzp/Cluster_Data/intact/intact_700_10_10_isfc_TruncatedSVD_30_laplace.csv
