corrs 1
sub corrs 10
corrs 2
sub corrs 20
corrs 3
sub corrs 30
corrs 4
sub corrs 40
corrs 5
sub corrs 50
corrs 6
sub corrs 60
corrs 7
sub corrs 70
corrs 8
sub corrs 80
corrs 9
sub corrs 90
corrs 10
sub corrs 100
Optimization terminated successfully    (Exit mode 0)
            Current function value: 0.09684444444444457
            Iterations: 1
            Function evaluations: 2
            Gradient evaluations: 1
       rank  accuracy     error
0  0.952589      0.26  0.096844
Optimization terminated successfully    (Exit mode 0)
            Current function value: 0.09676666666666679
            Iterations: 4
            Function evaluations: 24
            Gradient evaluations: 4
       rank  accuracy     error
0  0.952933      0.26  0.096767
Optimization terminated successfully    (Exit mode 0)
            Current function value: 0.09536666666666681
            Iterations: 4
            Function evaluations: 31
            Gradient evaluations: 4
       rank  accuracy     error
0  0.956656  0.276667  0.095367
Optimization terminated successfully    (Exit mode 0)
            Current function value: 0.08220000000000002
            Iterations: 2
            Function evaluations: 21
            Gradient evaluations: 2
       rank  accuracy   error
0  0.920744      0.22  0.0822
Optimization terminated successfully    (Exit mode 0)
            Current function value: 0.07360000000000011
            Iterations: 5
            Function evaluations: 44
            Gradient evaluations: 5
       rank  accuracy   error
0  0.916222  0.183333  0.0736
Optimization terminated successfully    (Exit mode 0)
            Current function value: 0.08796666666666678
            Iterations: 5
            Function evaluations: 48
            Gradient evaluations: 5
       rank  accuracy     error
0  0.945389  0.256667  0.087967
Optimization terminated successfully    (Exit mode 0)
            Current function value: 0.0870111111111112
            Iterations: 6
            Function evaluations: 64
            Gradient evaluations: 6
       rank  accuracy     error
0  0.947667  0.256667  0.087011
Optimization terminated successfully    (Exit mode 0)
            Current function value: 0.06583333333333344
            Iterations: 6
            Function evaluations: 68
            Gradient evaluations: 6
       rank  accuracy     error
0  0.660389  0.116667  0.065833
Optimization terminated successfully    (Exit mode 0)
            Current function value: 0.05704444444444445
            Iterations: 7
            Function evaluations: 83
            Gradient evaluations: 7
       rank  accuracy     error
0  0.559344       0.1  0.057044
Optimization terminated successfully    (Exit mode 0)
            Current function value: 0.06397777777777781
            Iterations: 5
            Function evaluations: 68
            Gradient evaluations: 5
       rank  accuracy     error
0  0.527811       0.1  0.063978
Optimization terminated successfully    (Exit mode 0)
            Current function value: 0.010755555555555551
            Iterations: 4
            Function evaluations: 61
            Gradient evaluations: 4
       rank  accuracy     error
0  0.486933      0.08  0.010756
corrs 1
sub corrs 10
corrs 2
sub corrs 20
corrs 3
sub corrs 30
corrs 4
sub corrs 40
corrs 5
sub corrs 50
corrs 6
sub corrs 60
corrs 7
sub corrs 70
corrs 8
sub corrs 80
corrs 9
sub corrs 90
corrs 10
sub corrs 100
Optimization terminated successfully    (Exit mode 0)
            Current function value: 0.09132222222222247
            Iterations: 1
            Function evaluations: 2
            Gradient evaluations: 1
       rank  accuracy     error
0  0.950411  0.256667  0.091322
Optimization terminated successfully    (Exit mode 0)
            Current function value: 0.08627777777777797
            Iterations: 2
            Function evaluations: 17
            Gradient evaluations: 2
       rank  accuracy     error
0  0.954778       0.3  0.086278
Optimization terminated successfully    (Exit mode 0)
            Current function value: 0.10762222222222244
            Iterations: 1
            Function evaluations: 15
            Gradient evaluations: 1
       rank  accuracy     error
0  0.950322      0.25  0.107622
Optimization terminated successfully    (Exit mode 0)
            Current function value: 0.0855222222222224
            Iterations: 4
            Function evaluations: 33
            Gradient evaluations: 4
     rank  accuracy     error
0  0.9282  0.216667  0.085522
Optimization terminated successfully    (Exit mode 0)
            Current function value: 0.08338888888888901
            Iterations: 3
            Function evaluations: 32
            Gradient evaluations: 3
       rank  accuracy     error
0  0.931278  0.223333  0.083389
Optimization terminated successfully    (Exit mode 0)
            Current function value: 0.08075555555555568
            Iterations: 5
            Function evaluations: 47
            Gradient evaluations: 5
       rank  accuracy     error
0  0.945611  0.233333  0.080756
Optimization terminated successfully    (Exit mode 0)
            Current function value: 0.08303333333333345
            Iterations: 3
            Function evaluations: 35
            Gradient evaluations: 3
     rank  accuracy     error
0  0.9308  0.223333  0.083033
Optimization terminated successfully    (Exit mode 0)
            Current function value: 0.05441111111111109
            Iterations: 6
            Function evaluations: 68
            Gradient evaluations: 6
       rank  accuracy     error
0  0.695678  0.096667  0.054411
Optimization terminated successfully    (Exit mode 0)
            Current function value: 0.05134444444444439
            Iterations: 5
            Function evaluations: 63
            Gradient evaluations: 5
       rank  accuracy     error
0  0.564044  0.096667  0.051344
Optimization terminated successfully    (Exit mode 0)
            Current function value: 0.0572222222222222
            Iterations: 6
            Function evaluations: 80
            Gradient evaluations: 6
       rank  accuracy     error
0  0.716878      0.14  0.057222
Optimization terminated successfully    (Exit mode 0)
            Current function value: 0.015044444444444407
            Iterations: 4
            Function evaluations: 62
            Gradient evaluations: 4
       rank  accuracy     error
0  0.435933  0.066667  0.015044
 Experiment complete. Results at: /mnt/beegfs/hellgate/home/tp183485/timecorr_trazzp/Cluster_Data/intact/intact_100_10_10_isfc_FactorAnalysis_35_gaussian.csv
