corrs 1
sub corrs 10
corrs 2
sub corrs 20
corrs 3
sub corrs 30
corrs 4
sub corrs 40
corrs 5
sub corrs 50
corrs 6
sub corrs 60
corrs 7
sub corrs 70
corrs 8
sub corrs 80
corrs 9
sub corrs 90
corrs 10
sub corrs 100
Optimization terminated successfully    (Exit mode 0)
            Current function value: 0.10527777777777793
            Iterations: 1
            Function evaluations: 2
            Gradient evaluations: 1
Optimization terminated successfully    (Exit mode 0)
            Current function value: 0.08547777777777789
            Iterations: 4
            Function evaluations: 25
            Gradient evaluations: 4
Optimization terminated successfully    (Exit mode 0)
            Current function value: 0.08325555555555575
            Iterations: 4
            Function evaluations: 29
            Gradient evaluations: 4
Optimization terminated successfully    (Exit mode 0)
            Current function value: 0.05937777777777787
            Iterations: 5
            Function evaluations: 38
            Gradient evaluations: 5
Optimization terminated successfully    (Exit mode 0)
            Current function value: 0.06347777777777794
            Iterations: 4
            Function evaluations: 36
            Gradient evaluations: 4
Optimization terminated successfully    (Exit mode 0)
            Current function value: 0.037033333333333335
            Iterations: 9
            Function evaluations: 79
            Gradient evaluations: 9
Optimization terminated successfully    (Exit mode 0)
            Current function value: 0.032088888888888875
            Iterations: 10
            Function evaluations: 93
            Gradient evaluations: 10
Optimization terminated successfully    (Exit mode 0)
            Current function value: 0.03596666666666667
            Iterations: 6
            Function evaluations: 69
            Gradient evaluations: 6
Optimization terminated successfully    (Exit mode 0)
            Current function value: 0.027133333333333336
            Iterations: 7
            Function evaluations: 84
            Gradient evaluations: 7
Optimization terminated successfully    (Exit mode 0)
            Current function value: 0.028655555555555542
            Iterations: 5
            Function evaluations: 71
            Gradient evaluations: 5
Optimization terminated successfully    (Exit mode 0)
            Current function value: 0.03059999999999994
            Iterations: 9
            Function evaluations: 127
            Gradient evaluations: 9
corrs 1
sub corrs 10
corrs 2
sub corrs 20
corrs 3
sub corrs 30
corrs 4
sub corrs 40
corrs 5
sub corrs 50
corrs 6
sub corrs 60
corrs 7
sub corrs 70
corrs 8
sub corrs 80
corrs 9
sub corrs 90
corrs 10
sub corrs 100
Optimization terminated successfully    (Exit mode 0)
            Current function value: 0.08765555555555572
            Iterations: 1
            Function evaluations: 2
            Gradient evaluations: 1
Optimization terminated successfully    (Exit mode 0)
            Current function value: 0.0799000000000001
            Iterations: 3
            Function evaluations: 20
            Gradient evaluations: 3
Optimization terminated successfully    (Exit mode 0)
            Current function value: 0.07228888888888899
            Iterations: 3
            Function evaluations: 23
            Gradient evaluations: 3
Optimization terminated successfully    (Exit mode 0)
            Current function value: 0.07164444444444455
            Iterations: 6
            Function evaluations: 41
            Gradient evaluations: 6
Optimization terminated successfully    (Exit mode 0)
            Current function value: 0.06594444444444457
            Iterations: 6
            Function evaluations: 48
            Gradient evaluations: 6
Optimization terminated successfully    (Exit mode 0)
            Current function value: 0.04998888888888892
            Iterations: 3
            Function evaluations: 32
            Gradient evaluations: 3
Optimization terminated successfully    (Exit mode 0)
            Current function value: 0.05000000000000005
            Iterations: 8
            Function evaluations: 84
            Gradient evaluations: 8
Optimization terminated successfully    (Exit mode 0)
            Current function value: 0.04863333333333335
            Iterations: 4
            Function evaluations: 50
            Gradient evaluations: 4
Optimization terminated successfully    (Exit mode 0)
            Current function value: 0.042788888888888925
            Iterations: 5
            Function evaluations: 62
            Gradient evaluations: 5
Optimization terminated successfully    (Exit mode 0)
            Current function value: 0.07912222222222239
            Iterations: 2
            Function evaluations: 33
            Gradient evaluations: 2
Optimization terminated successfully    (Exit mode 0)
            Current function value: 0.031877777777777803
            Iterations: 8
            Function evaluations: 110
            Gradient evaluations: 8
 Experiment complete. Results at: /mnt/beegfs/hellgate/home/tp183485/timecorr_trazzp/Cluster_Data/intact/intact_100_10_10_isfc_FactorAnalysis_20_laplace.csv
