corrs 1
sub corrs 10
corrs 2
sub corrs 20
corrs 3
sub corrs 30
corrs 4
sub corrs 40
corrs 5
sub corrs 50
corrs 6
sub corrs 60
corrs 7
sub corrs 70
corrs 8
sub corrs 80
corrs 9
sub corrs 90
corrs 10
sub corrs 100
Optimization terminated successfully    (Exit mode 0)
            Current function value: 0.10080000000000015
            Iterations: 1
            Function evaluations: 2
            Gradient evaluations: 1
Optimization terminated successfully    (Exit mode 0)
            Current function value: 0.10080000000000015
            Iterations: 4
            Function evaluations: 12
            Gradient evaluations: 4
Optimization terminated successfully    (Exit mode 0)
            Current function value: 0.10080000000000015
            Iterations: 3
            Function evaluations: 12
            Gradient evaluations: 3
Optimization terminated successfully    (Exit mode 0)
            Current function value: 0.10080000000000015
            Iterations: 5
            Function evaluations: 36
            Gradient evaluations: 5
Optimization terminated successfully    (Exit mode 0)
            Current function value: 0.09857777777777793
            Iterations: 3
            Function evaluations: 29
            Gradient evaluations: 3
Optimization terminated successfully    (Exit mode 0)
            Current function value: 0.08977777777777791
            Iterations: 4
            Function evaluations: 39
            Gradient evaluations: 4
Optimization terminated successfully    (Exit mode 0)
            Current function value: 0.08980000000000014
            Iterations: 8
            Function evaluations: 75
            Gradient evaluations: 8
Optimization terminated successfully    (Exit mode 0)
            Current function value: 0.09057777777777792
            Iterations: 7
            Function evaluations: 75
            Gradient evaluations: 7
Optimization terminated successfully    (Exit mode 0)
            Current function value: 0.08380000000000014
            Iterations: 9
            Function evaluations: 106
            Gradient evaluations: 9
Optimization terminated successfully    (Exit mode 0)
            Current function value: 0.09195555555555568
            Iterations: 10
            Function evaluations: 121
            Gradient evaluations: 10
Optimization terminated successfully    (Exit mode 0)
            Current function value: 0.09257777777777791
            Iterations: 6
            Function evaluations: 84
            Gradient evaluations: 6
corrs 1
sub corrs 10
corrs 2
sub corrs 20
corrs 3
sub corrs 30
corrs 4
sub corrs 40
corrs 5
sub corrs 50
corrs 6
sub corrs 60
corrs 7
sub corrs 70
corrs 8
sub corrs 80
corrs 9
sub corrs 90
corrs 10
sub corrs 100
Optimization terminated successfully    (Exit mode 0)
            Current function value: 0.08265555555555569
            Iterations: 1
            Function evaluations: 2
            Gradient evaluations: 1
Optimization terminated successfully    (Exit mode 0)
            Current function value: 0.08265555555555569
            Iterations: 3
            Function evaluations: 20
            Gradient evaluations: 3
Optimization terminated successfully    (Exit mode 0)
            Current function value: 0.08104444444444456
            Iterations: 3
            Function evaluations: 23
            Gradient evaluations: 3
Optimization terminated successfully    (Exit mode 0)
            Current function value: 0.07721111111111124
            Iterations: 5
            Function evaluations: 36
            Gradient evaluations: 5
Optimization terminated successfully    (Exit mode 0)
            Current function value: 0.07552222222222235
            Iterations: 11
            Function evaluations: 79
            Gradient evaluations: 11
Optimization terminated successfully    (Exit mode 0)
            Current function value: 0.30957777777777795
            Iterations: 2
            Function evaluations: 25
            Gradient evaluations: 2
Optimization terminated successfully    (Exit mode 0)
            Current function value: 0.08381111111111123
            Iterations: 2
            Function evaluations: 27
            Gradient evaluations: 2
Optimization terminated successfully    (Exit mode 0)
            Current function value: 0.07908888888888901
            Iterations: 3
            Function evaluations: 39
            Gradient evaluations: 3
Optimization terminated successfully    (Exit mode 0)
            Current function value: 0.07695555555555568
            Iterations: 8
            Function evaluations: 98
            Gradient evaluations: 8
Optimization terminated successfully    (Exit mode 0)
            Current function value: 0.07945555555555568
            Iterations: 4
            Function evaluations: 55
            Gradient evaluations: 4
Optimization terminated successfully    (Exit mode 0)
            Current function value: 0.08246666666666681
            Iterations: 5
            Function evaluations: 71
            Gradient evaluations: 5
 Experiment complete. Results at: /mnt/beegfs/hellgate/home/tp183485/timecorr_trazzp/Cluster_Data/intact/intact_100_10_10_isfc_MiniBatchDictionaryLearning_50_laplace.csv
