corrs 1
sub corrs 10
corrs 2
sub corrs 20
corrs 3
sub corrs 30
corrs 4
sub corrs 40
corrs 5
sub corrs 50
corrs 6
sub corrs 60
corrs 7
sub corrs 70
corrs 8
sub corrs 80
corrs 9
sub corrs 90
corrs 10
sub corrs 100
Optimization terminated successfully    (Exit mode 0)
            Current function value: 0.07223333333333343
            Iterations: 1
            Function evaluations: 2
            Gradient evaluations: 1
Optimization terminated successfully    (Exit mode 0)
            Current function value: 0.05351111111111113
            Iterations: 4
            Function evaluations: 23
            Gradient evaluations: 4
Optimization terminated successfully    (Exit mode 0)
            Current function value: 0.04333333333333333
            Iterations: 2
            Function evaluations: 19
            Gradient evaluations: 2
Optimization terminated successfully    (Exit mode 0)
            Current function value: 0.030900000000000004
            Iterations: 5
            Function evaluations: 37
            Gradient evaluations: 5
Optimization terminated successfully    (Exit mode 0)
            Current function value: 0.03321111111111111
            Iterations: 6
            Function evaluations: 49
            Gradient evaluations: 6
Optimization terminated successfully    (Exit mode 0)
            Current function value: 0.038400000000000004
            Iterations: 8
            Function evaluations: 71
            Gradient evaluations: 8
Optimization terminated successfully    (Exit mode 0)
            Current function value: 0.028922222222222165
            Iterations: 6
            Function evaluations: 63
            Gradient evaluations: 6
Optimization terminated successfully    (Exit mode 0)
            Current function value: 0.02458888888888884
            Iterations: 7
            Function evaluations: 77
            Gradient evaluations: 7
Optimization terminated successfully    (Exit mode 0)
            Current function value: 0.023766666666666617
            Iterations: 8
            Function evaluations: 94
            Gradient evaluations: 8
Optimization terminated successfully    (Exit mode 0)
            Current function value: 0.02771111111111109
            Iterations: 12
            Function evaluations: 154
            Gradient evaluations: 12
Optimization terminated successfully    (Exit mode 0)
            Current function value: 0.024255555555555492
            Iterations: 7
            Function evaluations: 101
            Gradient evaluations: 7
corrs 1
sub corrs 10
corrs 2
sub corrs 20
corrs 3
sub corrs 30
corrs 4
sub corrs 40
corrs 5
sub corrs 50
corrs 6
sub corrs 60
corrs 7
sub corrs 70
corrs 8
sub corrs 80
corrs 9
sub corrs 90
corrs 10
sub corrs 100
Optimization terminated successfully    (Exit mode 0)
            Current function value: 0.085777777777778
            Iterations: 1
            Function evaluations: 2
            Gradient evaluations: 1
Optimization terminated successfully    (Exit mode 0)
            Current function value: 0.07016666666666675
            Iterations: 1
            Function evaluations: 14
            Gradient evaluations: 1
Optimization terminated successfully    (Exit mode 0)
            Current function value: 0.11307777777777796
            Iterations: 3
            Function evaluations: 23
            Gradient evaluations: 3
Optimization terminated successfully    (Exit mode 0)
            Current function value: 0.06368888888888902
            Iterations: 9
            Function evaluations: 56
            Gradient evaluations: 9
Optimization terminated successfully    (Exit mode 0)
            Current function value: 0.11355555555555576
            Iterations: 4
            Function evaluations: 35
            Gradient evaluations: 4
Optimization terminated successfully    (Exit mode 0)
            Current function value: 0.07698888888888905
            Iterations: 6
            Function evaluations: 56
            Gradient evaluations: 6
Optimization terminated successfully    (Exit mode 0)
            Current function value: 0.07363333333333354
            Iterations: 4
            Function evaluations: 44
            Gradient evaluations: 4
Optimization terminated successfully    (Exit mode 0)
            Current function value: 0.07354444444444462
            Iterations: 5
            Function evaluations: 57
            Gradient evaluations: 5
Optimization terminated successfully    (Exit mode 0)
            Current function value: 0.07231111111111126
            Iterations: 4
            Function evaluations: 52
            Gradient evaluations: 4
Optimization terminated successfully    (Exit mode 0)
            Current function value: 0.12287777777777743
            Iterations: 3
            Function evaluations: 44
            Gradient evaluations: 3
Optimization terminated successfully    (Exit mode 0)
            Current function value: 0.06485555555555564
            Iterations: 8
            Function evaluations: 111
            Gradient evaluations: 8
 Experiment complete. Results at: /mnt/beegfs/hellgate/home/tp183485/timecorr_trazzp/Cluster_Data/intact/intact_100_10_10_isfc_strength_50_mexican_hat_1.csv
