corrs 1
sub corrs 10
corrs 2
sub corrs 20
corrs 3
sub corrs 30
corrs 4
sub corrs 40
corrs 5
sub corrs 50
corrs 6
sub corrs 60
corrs 7
sub corrs 70
corrs 8
sub corrs 80
corrs 9
sub corrs 90
corrs 10
sub corrs 100
Optimization terminated successfully    (Exit mode 0)
            Current function value: 0.09432222222222235
            Iterations: 1
            Function evaluations: 2
            Gradient evaluations: 1
       rank  accuracy     error
0  0.959044  0.263333  0.094322
Optimization terminated successfully    (Exit mode 0)
            Current function value: 0.09432222222222235
            Iterations: 5
            Function evaluations: 15
            Gradient evaluations: 5
       rank  accuracy     error
0  0.959044  0.263333  0.094322
Optimization terminated successfully    (Exit mode 0)
            Current function value: 0.09415555555555569
            Iterations: 4
            Function evaluations: 28
            Gradient evaluations: 4
       rank  accuracy     error
0  0.957678  0.263333  0.094156
Optimization terminated successfully    (Exit mode 0)
            Current function value: 0.09432222222222235
            Iterations: 4
            Function evaluations: 20
            Gradient evaluations: 4
       rank  accuracy     error
0  0.959044  0.263333  0.094322
Optimization terminated successfully    (Exit mode 0)
            Current function value: 0.08807777777777791
            Iterations: 3
            Function evaluations: 29
            Gradient evaluations: 3
       rank  accuracy     error
0  0.957767      0.25  0.088078
Optimization terminated successfully    (Exit mode 0)
            Current function value: 0.08170000000000012
            Iterations: 4
            Function evaluations: 39
            Gradient evaluations: 4
       rank  accuracy   error
0  0.958233  0.263333  0.0817
Optimization terminated successfully    (Exit mode 0)
            Current function value: 0.09155555555555571
            Iterations: 2
            Function evaluations: 27
            Gradient evaluations: 2
       rank  accuracy     error
0  0.960167  0.263333  0.091556
Optimization terminated successfully    (Exit mode 0)
            Current function value: 0.07804444444444453
            Iterations: 3
            Function evaluations: 39
            Gradient evaluations: 3
       rank  accuracy     error
0  0.959678      0.27  0.078044
Optimization terminated successfully    (Exit mode 0)
            Current function value: 0.07320000000000014
            Iterations: 6
            Function evaluations: 75
            Gradient evaluations: 6
       rank  accuracy   error
0  0.959244      0.25  0.0732
Optimization terminated successfully    (Exit mode 0)
            Current function value: 0.08003333333333343
            Iterations: 6
            Function evaluations: 78
            Gradient evaluations: 6
       rank  accuracy     error
0  0.961822      0.24  0.080033
Optimization terminated successfully    (Exit mode 0)
            Current function value: 0.07028888888888905
            Iterations: 3
            Function evaluations: 47
            Gradient evaluations: 3
       rank  accuracy     error
0  0.959156  0.246667  0.070289
corrs 1
sub corrs 10
corrs 2
sub corrs 20
corrs 3
sub corrs 30
corrs 4
sub corrs 40
corrs 5
sub corrs 50
corrs 6
sub corrs 60
corrs 7
sub corrs 70
corrs 8
sub corrs 80
corrs 9
sub corrs 90
corrs 10
sub corrs 100
Optimization terminated successfully    (Exit mode 0)
            Current function value: 0.0696444444444445
            Iterations: 1
            Function evaluations: 2
            Gradient evaluations: 1
       rank  accuracy     error
0  0.961567      0.29  0.069644
Optimization terminated successfully    (Exit mode 0)
            Current function value: 0.0696444444444445
            Iterations: 5
            Function evaluations: 15
            Gradient evaluations: 5
       rank  accuracy     error
0  0.961567      0.29  0.069644
Optimization terminated successfully    (Exit mode 0)
            Current function value: 0.0697555555555556
            Iterations: 4
            Function evaluations: 27
            Gradient evaluations: 4
     rank  accuracy     error
0  0.9613       0.3  0.069756
Optimization terminated successfully    (Exit mode 0)
            Current function value: 0.0696444444444445
            Iterations: 6
            Function evaluations: 30
            Gradient evaluations: 6
       rank  accuracy     error
0  0.961567      0.29  0.069644
Optimization terminated successfully    (Exit mode 0)
            Current function value: 0.08022222222222225
            Iterations: 2
            Function evaluations: 23
            Gradient evaluations: 2
       rank  accuracy     error
0  0.959533      0.29  0.080222
Optimization terminated successfully    (Exit mode 0)
            Current function value: 0.07425555555555563
            Iterations: 2
            Function evaluations: 25
            Gradient evaluations: 2
       rank  accuracy     error
0  0.961078  0.306667  0.074256
Optimization terminated successfully    (Exit mode 0)
            Current function value: 0.06644444444444451
            Iterations: 6
            Function evaluations: 60
            Gradient evaluations: 6
       rank  accuracy     error
0  0.960978       0.3  0.066444
Optimization terminated successfully    (Exit mode 0)
            Current function value: 0.06607777777777786
            Iterations: 6
            Function evaluations: 66
            Gradient evaluations: 6
       rank  accuracy     error
0  0.963133       0.3  0.066078
Optimization terminated successfully    (Exit mode 0)
            Current function value: 0.06017777777777783
            Iterations: 5
            Function evaluations: 62
            Gradient evaluations: 5
       rank  accuracy     error
0  0.962367  0.313333  0.060178
Optimization terminated successfully    (Exit mode 0)
            Current function value: 0.06390000000000005
            Iterations: 4
            Function evaluations: 55
            Gradient evaluations: 4
     rank  accuracy   error
0  0.9628       0.3  0.0639
Optimization terminated successfully    (Exit mode 0)
            Current function value: 0.061866666666666736
            Iterations: 5
            Function evaluations: 76
            Gradient evaluations: 5
       rank  accuracy     error
0  0.962544  0.306667  0.061867
 Experiment complete. Results at: /mnt/beegfs/hellgate/home/tp183485/timecorr_trazzp/Cluster_Data/intact/intact_100_10_10_isfc_IncrementalPCA_5_mexican_hat.csv
