corrs 1
sub corrs 10
corrs 2
sub corrs 20
corrs 3
sub corrs 30
corrs 4
sub corrs 40
corrs 5
sub corrs 50
corrs 6
sub corrs 60
corrs 7
sub corrs 70
corrs 8
sub corrs 80
corrs 9
sub corrs 90
corrs 10
sub corrs 100
Optimization terminated successfully    (Exit mode 0)
            Current function value: 0.10711111111111128
            Iterations: 1
            Function evaluations: 2
            Gradient evaluations: 1
Optimization terminated successfully    (Exit mode 0)
            Current function value: 0.10425555555555573
            Iterations: 6
            Function evaluations: 29
            Gradient evaluations: 6
Optimization terminated successfully    (Exit mode 0)
            Current function value: 0.10711111111111128
            Iterations: 4
            Function evaluations: 27
            Gradient evaluations: 4
Optimization terminated successfully    (Exit mode 0)
            Current function value: 0.06922222222222223
            Iterations: 7
            Function evaluations: 48
            Gradient evaluations: 7
Optimization terminated successfully    (Exit mode 0)
            Current function value: 0.06922222222222223
            Iterations: 5
            Function evaluations: 42
            Gradient evaluations: 5
Optimization terminated successfully    (Exit mode 0)
            Current function value: 0.0726777777777778
            Iterations: 6
            Function evaluations: 55
            Gradient evaluations: 6
Optimization terminated successfully    (Exit mode 0)
            Current function value: 0.07434444444444446
            Iterations: 6
            Function evaluations: 59
            Gradient evaluations: 6
Optimization terminated successfully    (Exit mode 0)
            Current function value: 0.04041111111111109
            Iterations: 4
            Function evaluations: 50
            Gradient evaluations: 4
Optimization terminated successfully    (Exit mode 0)
            Current function value: 0.038099999999999974
            Iterations: 7
            Function evaluations: 84
            Gradient evaluations: 7
Optimization terminated successfully    (Exit mode 0)
            Current function value: 0.20408888888888888
            Iterations: 4
            Function evaluations: 55
            Gradient evaluations: 4
Optimization terminated successfully    (Exit mode 0)
            Current function value: 0.04093333333333333
            Iterations: 5
            Function evaluations: 72
            Gradient evaluations: 5
corrs 1
sub corrs 10
corrs 2
sub corrs 20
corrs 3
sub corrs 30
corrs 4
sub corrs 40
corrs 5
sub corrs 50
corrs 6
sub corrs 60
corrs 7
sub corrs 70
corrs 8
sub corrs 80
corrs 9
sub corrs 90
corrs 10
sub corrs 100
Optimization terminated successfully    (Exit mode 0)
            Current function value: 0.08477777777777788
            Iterations: 1
            Function evaluations: 2
            Gradient evaluations: 1
Optimization terminated successfully    (Exit mode 0)
            Current function value: 0.08477777777777788
            Iterations: 3
            Function evaluations: 9
            Gradient evaluations: 3
Optimization terminated successfully    (Exit mode 0)
            Current function value: 0.08477777777777788
            Iterations: 5
            Function evaluations: 20
            Gradient evaluations: 5
Optimization terminated successfully    (Exit mode 0)
            Current function value: 0.16383333333333328
            Iterations: 4
            Function evaluations: 35
            Gradient evaluations: 4
Optimization terminated successfully    (Exit mode 0)
            Current function value: 0.18184444444444436
            Iterations: 7
            Function evaluations: 54
            Gradient evaluations: 7
Optimization terminated successfully    (Exit mode 0)
            Current function value: 0.06878888888888895
            Iterations: 4
            Function evaluations: 40
            Gradient evaluations: 4
Optimization terminated successfully    (Exit mode 0)
            Current function value: 0.06797777777777785
            Iterations: 6
            Function evaluations: 61
            Gradient evaluations: 6
Optimization terminated successfully    (Exit mode 0)
            Current function value: 0.043966666666666654
            Iterations: 10
            Function evaluations: 109
            Gradient evaluations: 10
Optimization terminated successfully    (Exit mode 0)
            Current function value: 0.04187777777777773
            Iterations: 8
            Function evaluations: 91
            Gradient evaluations: 8
Optimization terminated successfully    (Exit mode 0)
            Current function value: 0.04579999999999995
            Iterations: 9
            Function evaluations: 112
            Gradient evaluations: 9
Optimization terminated successfully    (Exit mode 0)
            Current function value: 0.03917777777777777
            Iterations: 6
            Function evaluations: 84
            Gradient evaluations: 6
 Experiment complete. Results at: /mnt/beegfs/hellgate/home/tp183485/timecorr_trazzp/Cluster_Data/intact/intact_100_10_10_isfc_IncrementalPCA_40_mexican_hat.csv
