corrs 1
sub corrs 10
corrs 2
sub corrs 20
corrs 3
sub corrs 30
corrs 4
sub corrs 40
corrs 5
sub corrs 50
corrs 6
sub corrs 60
corrs 7
sub corrs 70
corrs 8
sub corrs 80
corrs 9
sub corrs 90
corrs 10
sub corrs 100
Optimization terminated successfully    (Exit mode 0)
            Current function value: 0.10391111111111129
            Iterations: 1
            Function evaluations: 2
            Gradient evaluations: 1
Optimization terminated successfully    (Exit mode 0)
            Current function value: 0.10367777777777795
            Iterations: 4
            Function evaluations: 24
            Gradient evaluations: 4
Optimization terminated successfully    (Exit mode 0)
            Current function value: 0.10367777777777795
            Iterations: 6
            Function evaluations: 37
            Gradient evaluations: 6
Optimization terminated successfully    (Exit mode 0)
            Current function value: 0.08053333333333354
            Iterations: 7
            Function evaluations: 48
            Gradient evaluations: 7
Optimization terminated successfully    (Exit mode 0)
            Current function value: 0.07918888888888902
            Iterations: 6
            Function evaluations: 48
            Gradient evaluations: 6
Optimization terminated successfully    (Exit mode 0)
            Current function value: 0.07435555555555569
            Iterations: 11
            Function evaluations: 97
            Gradient evaluations: 11
Optimization terminated successfully    (Exit mode 0)
            Current function value: 0.07703333333333343
            Iterations: 5
            Function evaluations: 53
            Gradient evaluations: 5
Optimization terminated successfully    (Exit mode 0)
            Current function value: 0.07900000000000011
            Iterations: 6
            Function evaluations: 66
            Gradient evaluations: 6
Optimization terminated successfully    (Exit mode 0)
            Current function value: 0.07353333333333344
            Iterations: 10
            Function evaluations: 119
            Gradient evaluations: 10
Optimization terminated successfully    (Exit mode 0)
            Current function value: 0.06415555555555559
            Iterations: 19
            Function evaluations: 243
            Gradient evaluations: 19
Optimization terminated successfully    (Exit mode 0)
            Current function value: 0.15516666666666665
            Iterations: 7
            Function evaluations: 97
            Gradient evaluations: 7
corrs 1
sub corrs 10
corrs 2
sub corrs 20
corrs 3
sub corrs 30
corrs 4
sub corrs 40
corrs 5
sub corrs 50
corrs 6
sub corrs 60
corrs 7
sub corrs 70
corrs 8
sub corrs 80
corrs 9
sub corrs 90
corrs 10
sub corrs 100
Optimization terminated successfully    (Exit mode 0)
            Current function value: 0.11088888888888881
            Iterations: 1
            Function evaluations: 2
            Gradient evaluations: 1
Optimization terminated successfully    (Exit mode 0)
            Current function value: 0.21864444444444436
            Iterations: 3
            Function evaluations: 21
            Gradient evaluations: 3
Optimization terminated successfully    (Exit mode 0)
            Current function value: 0.09898888888888907
            Iterations: 4
            Function evaluations: 28
            Gradient evaluations: 4
Optimization terminated successfully    (Exit mode 0)
            Current function value: 0.08744444444444459
            Iterations: 5
            Function evaluations: 37
            Gradient evaluations: 5
Optimization terminated successfully    (Exit mode 0)
            Current function value: 0.07993333333333344
            Iterations: 4
            Function evaluations: 35
            Gradient evaluations: 4
Optimization terminated successfully    (Exit mode 0)
            Current function value: 0.07517777777777787
            Iterations: 4
            Function evaluations: 40
            Gradient evaluations: 4
Optimization terminated successfully    (Exit mode 0)
            Current function value: 0.0901666666666668
            Iterations: 7
            Function evaluations: 70
            Gradient evaluations: 7
Optimization terminated successfully    (Exit mode 0)
            Current function value: 0.08390000000000013
            Iterations: 10
            Function evaluations: 102
            Gradient evaluations: 10
Optimization terminated successfully    (Exit mode 0)
            Current function value: 0.07667777777777789
            Iterations: 8
            Function evaluations: 94
            Gradient evaluations: 8
Optimization terminated successfully    (Exit mode 0)
            Current function value: 0.09514444444444459
            Iterations: 7
            Function evaluations: 91
            Gradient evaluations: 7
Optimization terminated successfully    (Exit mode 0)
            Current function value: 0.06291111111111117
            Iterations: 10
            Function evaluations: 136
            Gradient evaluations: 10
 Experiment complete. Results at: /mnt/beegfs/hellgate/home/tp183485/timecorr_trazzp/Cluster_Data/intact/intact_700_10_10_isfc_IncrementalPCA_25_gaussian.csv
