corrs 1
sub corrs 10
corrs 2
sub corrs 20
corrs 3
sub corrs 30
corrs 4
sub corrs 40
corrs 5
sub corrs 50
corrs 6
sub corrs 60
corrs 7
sub corrs 70
corrs 8
sub corrs 80
corrs 9
sub corrs 90
corrs 10
sub corrs 100
Optimization terminated successfully    (Exit mode 0)
            Current function value: 0.08987777777777792
            Iterations: 1
            Function evaluations: 2
            Gradient evaluations: 1
Optimization terminated successfully    (Exit mode 0)
            Current function value: 0.08987777777777792
            Iterations: 3
            Function evaluations: 9
            Gradient evaluations: 3
Optimization terminated successfully    (Exit mode 0)
            Current function value: 0.08987777777777792
            Iterations: 2
            Function evaluations: 8
            Gradient evaluations: 2
Optimization terminated successfully    (Exit mode 0)
            Current function value: 0.08983333333333346
            Iterations: 8
            Function evaluations: 56
            Gradient evaluations: 8
Optimization terminated successfully    (Exit mode 0)
            Current function value: 0.1295555555555555
            Iterations: 8
            Function evaluations: 66
            Gradient evaluations: 8
Optimization terminated successfully    (Exit mode 0)
            Current function value: 0.053822222222222285
            Iterations: 6
            Function evaluations: 54
            Gradient evaluations: 6
Optimization terminated successfully    (Exit mode 0)
            Current function value: 0.04074444444444446
            Iterations: 5
            Function evaluations: 52
            Gradient evaluations: 5
Optimization terminated successfully    (Exit mode 0)
            Current function value: 0.047366666666666696
            Iterations: 12
            Function evaluations: 126
            Gradient evaluations: 12
Optimization terminated successfully    (Exit mode 0)
            Current function value: 0.040411111111111155
            Iterations: 9
            Function evaluations: 104
            Gradient evaluations: 9
Optimization terminated successfully    (Exit mode 0)
            Current function value: 0.04098888888888891
            Iterations: 11
            Function evaluations: 133
            Gradient evaluations: 11
Optimization terminated successfully    (Exit mode 0)
            Current function value: 0.04376666666666668
            Iterations: 10
            Function evaluations: 132
            Gradient evaluations: 10
corrs 1
sub corrs 10
corrs 2
sub corrs 20
corrs 3
sub corrs 30
corrs 4
sub corrs 40
corrs 5
sub corrs 50
corrs 6
sub corrs 60
corrs 7
sub corrs 70
corrs 8
sub corrs 80
corrs 9
sub corrs 90
corrs 10
sub corrs 100
Optimization terminated successfully    (Exit mode 0)
            Current function value: 0.11465555555555544
            Iterations: 1
            Function evaluations: 2
            Gradient evaluations: 1
Optimization terminated successfully    (Exit mode 0)
            Current function value: 0.10781111111111116
            Iterations: 4
            Function evaluations: 27
            Gradient evaluations: 4
Optimization terminated successfully    (Exit mode 0)
            Current function value: 0.1101111111111111
            Iterations: 3
            Function evaluations: 24
            Gradient evaluations: 3
Optimization terminated successfully    (Exit mode 0)
            Current function value: 0.14918888888888876
            Iterations: 4
            Function evaluations: 37
            Gradient evaluations: 4
Optimization terminated successfully    (Exit mode 0)
            Current function value: 0.12125555555555548
            Iterations: 8
            Function evaluations: 64
            Gradient evaluations: 8
Optimization terminated successfully    (Exit mode 0)
            Current function value: 0.13328888888888865
            Iterations: 6
            Function evaluations: 55
            Gradient evaluations: 6
Optimization terminated successfully    (Exit mode 0)
            Current function value: 0.09304444444444451
            Iterations: 11
            Function evaluations: 114
            Gradient evaluations: 11
Optimization terminated successfully    (Exit mode 0)
            Current function value: 0.05313333333333338
            Iterations: 6
            Function evaluations: 67
            Gradient evaluations: 6
Optimization terminated successfully    (Exit mode 0)
            Current function value: 0.04916666666666671
            Iterations: 9
            Function evaluations: 104
            Gradient evaluations: 9
Optimization terminated successfully    (Exit mode 0)
            Current function value: 0.05124444444444449
            Iterations: 9
            Function evaluations: 112
            Gradient evaluations: 9
Optimization terminated successfully    (Exit mode 0)
            Current function value: 0.044033333333333396
            Iterations: 13
            Function evaluations: 179
            Gradient evaluations: 13
 Experiment complete. Results at: /mnt/beegfs/hellgate/home/tp183485/timecorr_trazzp/Cluster_Data/intact/intact_700_10_10_isfc_IncrementalPCA_15_mexican_hat.csv
