corrs 1
sub corrs 10
corrs 2
sub corrs 20
corrs 3
sub corrs 30
corrs 4
sub corrs 40
corrs 5
sub corrs 50
corrs 6
sub corrs 60
corrs 7
sub corrs 70
corrs 8
sub corrs 80
corrs 9
sub corrs 90
corrs 10
sub corrs 100
Optimization terminated successfully    (Exit mode 0)
            Current function value: 0.100488888888889
            Iterations: 1
            Function evaluations: 2
            Gradient evaluations: 1
Optimization terminated successfully    (Exit mode 0)
            Current function value: 0.15297777777777774
            Iterations: 1
            Function evaluations: 14
            Gradient evaluations: 1
Optimization terminated successfully    (Exit mode 0)
            Current function value: 0.04747777777777782
            Iterations: 6
            Function evaluations: 36
            Gradient evaluations: 6
Optimization terminated successfully    (Exit mode 0)
            Current function value: 0.5018222222222222
            Iterations: 1
            Function evaluations: 16
            Gradient evaluations: 1
Optimization terminated successfully    (Exit mode 0)
            Current function value: 0.01709999999999999
            Iterations: 5
            Function evaluations: 42
            Gradient evaluations: 5
Optimization terminated successfully    (Exit mode 0)
            Current function value: 0.010277777777777792
            Iterations: 13
            Function evaluations: 106
            Gradient evaluations: 13
Optimization terminated successfully    (Exit mode 0)
            Current function value: 0.004400000000000008
            Iterations: 7
            Function evaluations: 67
            Gradient evaluations: 7
Optimization terminated successfully    (Exit mode 0)
            Current function value: 0.0052777777777777875
            Iterations: 9
            Function evaluations: 94
            Gradient evaluations: 9
Optimization terminated successfully    (Exit mode 0)
            Current function value: 0.004533333333333344
            Iterations: 7
            Function evaluations: 81
            Gradient evaluations: 7
Optimization terminated successfully    (Exit mode 0)
            Current function value: 0.004744444444444453
            Iterations: 6
            Function evaluations: 77
            Gradient evaluations: 6
Optimization terminated successfully    (Exit mode 0)
            Current function value: 0.004588888888888898
            Iterations: 7
            Function evaluations: 97
            Gradient evaluations: 7
corrs 1
sub corrs 10
corrs 2
sub corrs 20
corrs 3
sub corrs 30
corrs 4
sub corrs 40
corrs 5
sub corrs 50
corrs 6
sub corrs 60
corrs 7
sub corrs 70
corrs 8
sub corrs 80
corrs 9
sub corrs 90
corrs 10
sub corrs 100
Optimization terminated successfully    (Exit mode 0)
            Current function value: 0.09474444444444466
            Iterations: 1
            Function evaluations: 2
            Gradient evaluations: 1
Optimization terminated successfully    (Exit mode 0)
            Current function value: 0.06743333333333357
            Iterations: 8
            Function evaluations: 38
            Gradient evaluations: 8
Optimization terminated successfully    (Exit mode 0)
            Current function value: 0.17995555555555523
            Iterations: 4
            Function evaluations: 16
            Gradient evaluations: 4
Optimization terminated successfully    (Exit mode 0)
            Current function value: 0.023455555555555486
            Iterations: 9
            Function evaluations: 61
            Gradient evaluations: 9
Optimization terminated successfully    (Exit mode 0)
            Current function value: 0.018333333333333306
            Iterations: 9
            Function evaluations: 66
            Gradient evaluations: 9
Optimization terminated successfully    (Exit mode 0)
            Current function value: 0.012500000000000013
            Iterations: 7
            Function evaluations: 60
            Gradient evaluations: 7
Optimization terminated successfully    (Exit mode 0)
            Current function value: 0.004977777777777789
            Iterations: 13
            Function evaluations: 117
            Gradient evaluations: 13
Optimization terminated successfully    (Exit mode 0)
            Current function value: 0.005000000000000012
            Iterations: 7
            Function evaluations: 74
            Gradient evaluations: 7
Optimization terminated successfully    (Exit mode 0)
            Current function value: 0.005455555555555566
            Iterations: 8
            Function evaluations: 92
            Gradient evaluations: 8
Optimization terminated successfully    (Exit mode 0)
            Current function value: 0.005188888888888899
            Iterations: 7
            Function evaluations: 88
            Gradient evaluations: 7
Optimization terminated successfully    (Exit mode 0)
            Current function value: 0.005100000000000011
            Iterations: 10
            Function evaluations: 132
            Gradient evaluations: 10
 Experiment complete. Results at: /mnt/beegfs/hellgate/home/tp183485/timecorr_trazzp/Cluster_Data/intact/intact_700_10_10_isfc_IncrementalPCA_50_laplace.csv
