corrs 1
sub corrs 10
corrs 2
sub corrs 20
corrs 3
sub corrs 30
corrs 4
sub corrs 40
corrs 5
sub corrs 50
corrs 6
sub corrs 60
corrs 7
sub corrs 70
corrs 8
sub corrs 80
corrs 9
sub corrs 90
corrs 10
sub corrs 100
Optimization terminated successfully    (Exit mode 0)
            Current function value: 0.079088888888889
            Iterations: 1
            Function evaluations: 2
            Gradient evaluations: 1
Optimization terminated successfully    (Exit mode 0)
            Current function value: 0.079088888888889
            Iterations: 4
            Function evaluations: 12
            Gradient evaluations: 4
Optimization terminated successfully    (Exit mode 0)
            Current function value: 0.052566666666666706
            Iterations: 2
            Function evaluations: 19
            Gradient evaluations: 2
Optimization terminated successfully    (Exit mode 0)
            Current function value: 0.045344444444444465
            Iterations: 7
            Function evaluations: 48
            Gradient evaluations: 7
Optimization terminated successfully    (Exit mode 0)
            Current function value: 0.029922222222222187
            Iterations: 10
            Function evaluations: 76
            Gradient evaluations: 10
Optimization terminated successfully    (Exit mode 0)
            Current function value: 0.029488888888888867
            Iterations: 4
            Function evaluations: 41
            Gradient evaluations: 4
Optimization terminated successfully    (Exit mode 0)
            Current function value: 0.033344444444444406
            Iterations: 12
            Function evaluations: 108
            Gradient evaluations: 12
Optimization terminated successfully    (Exit mode 0)
            Current function value: 0.01818888888888889
            Iterations: 8
            Function evaluations: 86
            Gradient evaluations: 8
Optimization terminated successfully    (Exit mode 0)
            Current function value: 0.02377777777777777
            Iterations: 9
            Function evaluations: 104
            Gradient evaluations: 9
Optimization terminated successfully    (Exit mode 0)
            Current function value: 0.010388888888888906
            Iterations: 9
            Function evaluations: 114
            Gradient evaluations: 9
Optimization terminated successfully    (Exit mode 0)
            Current function value: 0.021066666666666668
            Iterations: 5
            Function evaluations: 72
            Gradient evaluations: 5
corrs 1
sub corrs 10
corrs 2
sub corrs 20
corrs 3
sub corrs 30
corrs 4
sub corrs 40
corrs 5
sub corrs 50
corrs 6
sub corrs 60
corrs 7
sub corrs 70
corrs 8
sub corrs 80
corrs 9
sub corrs 90
corrs 10
sub corrs 100
Optimization terminated successfully    (Exit mode 0)
            Current function value: 0.07604444444444455
            Iterations: 1
            Function evaluations: 2
            Gradient evaluations: 1
Optimization terminated successfully    (Exit mode 0)
            Current function value: 0.07604444444444455
            Iterations: 4
            Function evaluations: 12
            Gradient evaluations: 4
Optimization terminated successfully    (Exit mode 0)
            Current function value: 0.056977777777777815
            Iterations: 6
            Function evaluations: 36
            Gradient evaluations: 6
Optimization terminated successfully    (Exit mode 0)
            Current function value: 0.044522222222222234
            Iterations: 9
            Function evaluations: 61
            Gradient evaluations: 9
Optimization terminated successfully    (Exit mode 0)
            Current function value: 0.017911111111111103
            Iterations: 8
            Function evaluations: 65
            Gradient evaluations: 8
Optimization terminated successfully    (Exit mode 0)
            Current function value: 0.022466666666666642
            Iterations: 6
            Function evaluations: 56
            Gradient evaluations: 6
Optimization terminated successfully    (Exit mode 0)
            Current function value: 0.017877777777777777
            Iterations: 5
            Function evaluations: 52
            Gradient evaluations: 5
Optimization terminated successfully    (Exit mode 0)
            Current function value: 0.016677777777777784
            Iterations: 6
            Function evaluations: 67
            Gradient evaluations: 6
Optimization terminated successfully    (Exit mode 0)
            Current function value: 0.015766666666666665
            Iterations: 8
            Function evaluations: 93
            Gradient evaluations: 8
Optimization terminated successfully    (Exit mode 0)
            Current function value: 0.011888888888888905
            Iterations: 4
            Function evaluations: 58
            Gradient evaluations: 4
Optimization terminated successfully    (Exit mode 0)
            Current function value: 0.015366666666666674
            Iterations: 4
            Function evaluations: 59
            Gradient evaluations: 4
 Experiment complete. Results at: /mnt/beegfs/hellgate/home/tp183485/timecorr_trazzp/Cluster_Data/intact/intact_100_10_10_isfc_IncrementalPCA_35_mexican_hat.csv
