corrs 1
sub corrs 10
corrs 2
sub corrs 20
corrs 3
sub corrs 30
corrs 4
sub corrs 40
corrs 5
sub corrs 50
corrs 6
sub corrs 60
corrs 7
sub corrs 70
corrs 8
sub corrs 80
corrs 9
sub corrs 90
corrs 10
sub corrs 100
Optimization terminated successfully    (Exit mode 0)
            Current function value: 0.07895555555555565
            Iterations: 1
            Function evaluations: 2
            Gradient evaluations: 1
       rank  accuracy     error
0  0.965489  0.216667  0.078956
Optimization terminated successfully    (Exit mode 0)
            Current function value: 0.07895555555555565
            Iterations: 4
            Function evaluations: 12
            Gradient evaluations: 4
       rank  accuracy     error
0  0.965489  0.216667  0.078956
Optimization terminated successfully    (Exit mode 0)
            Current function value: 0.06823333333333341
            Iterations: 3
            Function evaluations: 23
            Gradient evaluations: 3
       rank  accuracy     error
0  0.969589      0.23  0.068233
Optimization terminated successfully    (Exit mode 0)
            Current function value: 0.067288888888889
            Iterations: 5
            Function evaluations: 36
            Gradient evaluations: 5
       rank  accuracy     error
0  0.967422  0.216667  0.067289
Optimization terminated successfully    (Exit mode 0)
            Current function value: 0.07233333333333347
            Iterations: 2
            Function evaluations: 23
            Gradient evaluations: 2
       rank  accuracy     error
0  0.974944  0.236667  0.072333
Optimization terminated successfully    (Exit mode 0)
            Current function value: 0.06882222222222233
            Iterations: 4
            Function evaluations: 42
            Gradient evaluations: 4
       rank  accuracy     error
0  0.973156      0.25  0.068822
Optimization terminated successfully    (Exit mode 0)
            Current function value: 0.06926666666666675
            Iterations: 7
            Function evaluations: 67
            Gradient evaluations: 7
       rank  accuracy     error
0  0.970844  0.236667  0.069267
Optimization terminated successfully    (Exit mode 0)
            Current function value: 0.07295555555555568
            Iterations: 7
            Function evaluations: 75
            Gradient evaluations: 7
       rank  accuracy     error
0  0.965411  0.213333  0.072956
Optimization terminated successfully    (Exit mode 0)
            Current function value: 0.06657777777777787
            Iterations: 7
            Function evaluations: 83
            Gradient evaluations: 7
       rank  accuracy     error
0  0.972567      0.23  0.066578
Optimization terminated successfully    (Exit mode 0)
            Current function value: 0.07522222222222233
            Iterations: 3
            Function evaluations: 47
            Gradient evaluations: 3
       rank  accuracy     error
0  0.964156  0.226667  0.075222
Optimization terminated successfully    (Exit mode 0)
            Current function value: 0.06533333333333344
            Iterations: 8
            Function evaluations: 109
            Gradient evaluations: 8
       rank  accuracy     error
0  0.966511  0.223333  0.065333
corrs 1
sub corrs 10
corrs 2
sub corrs 20
corrs 3
sub corrs 30
corrs 4
sub corrs 40
corrs 5
sub corrs 50
corrs 6
sub corrs 60
corrs 7
sub corrs 70
corrs 8
sub corrs 80
corrs 9
sub corrs 90
corrs 10
sub corrs 100
Optimization terminated successfully    (Exit mode 0)
            Current function value: 0.0935000000000001
            Iterations: 1
            Function evaluations: 2
            Gradient evaluations: 1
       rank  accuracy   error
0  0.966889  0.236667  0.0935
Optimization terminated successfully    (Exit mode 0)
            Current function value: 0.09340000000000012
            Iterations: 3
            Function evaluations: 20
            Gradient evaluations: 3
       rank  accuracy   error
0  0.966967      0.24  0.0934
Optimization terminated successfully    (Exit mode 0)
            Current function value: 0.07192222222222228
            Iterations: 4
            Function evaluations: 27
            Gradient evaluations: 4
       rank  accuracy     error
0  0.976844  0.303333  0.071922
Optimization terminated successfully    (Exit mode 0)
            Current function value: 0.07096666666666672
            Iterations: 5
            Function evaluations: 38
            Gradient evaluations: 5
       rank  accuracy     error
0  0.978756  0.293333  0.070967
Optimization terminated successfully    (Exit mode 0)
            Current function value: 0.06991111111111117
            Iterations: 4
            Function evaluations: 35
            Gradient evaluations: 4
       rank  accuracy     error
0  0.977867      0.28  0.069911
Optimization terminated successfully    (Exit mode 0)
            Current function value: 0.06753333333333335
            Iterations: 4
            Function evaluations: 41
            Gradient evaluations: 4
       rank  accuracy     error
0  0.975611       0.3  0.067533
Optimization terminated successfully    (Exit mode 0)
            Current function value: 0.06366666666666669
            Iterations: 8
            Function evaluations: 78
            Gradient evaluations: 8
       rank  accuracy     error
0  0.976411      0.31  0.063667
Optimization terminated successfully    (Exit mode 0)
            Current function value: 0.07164444444444451
            Iterations: 9
            Function evaluations: 96
            Gradient evaluations: 9
       rank  accuracy     error
0  0.975167  0.276667  0.071644
Optimization terminated successfully    (Exit mode 0)
            Current function value: 0.0891777777777779
            Iterations: 2
            Function evaluations: 31
            Gradient evaluations: 2
       rank  accuracy     error
0  0.969467  0.266667  0.089178
Optimization terminated successfully    (Exit mode 0)
            Current function value: 0.06674444444444447
            Iterations: 7
            Function evaluations: 89
            Gradient evaluations: 7
       rank  accuracy     error
0  0.977622       0.3  0.066744
Optimization terminated successfully    (Exit mode 0)
            Current function value: 0.0680444444444445
            Iterations: 10
            Function evaluations: 135
            Gradient evaluations: 10
       rank  accuracy     error
0  0.978444      0.29  0.068044
 Experiment complete. Results at: /mnt/beegfs/hellgate/home/tp183485/timecorr_trazzp/Cluster_Data/intact/intact_100_10_10_isfc_FactorAnalysis_10_mexican_hat.csv
