corrs 1
sub corrs 10
corrs 2
sub corrs 20
corrs 3
sub corrs 30
corrs 4
sub corrs 40
corrs 5
sub corrs 50
corrs 6
sub corrs 60
corrs 7
sub corrs 70
corrs 8
sub corrs 80
corrs 9
sub corrs 90
corrs 10
sub corrs 100
Optimization terminated successfully    (Exit mode 0)
            Current function value: 0.09563333333333347
            Iterations: 1
            Function evaluations: 2
            Gradient evaluations: 1
Optimization terminated successfully    (Exit mode 0)
            Current function value: 0.09968888888888904
            Iterations: 1
            Function evaluations: 14
            Gradient evaluations: 1
Optimization terminated successfully    (Exit mode 0)
            Current function value: 0.08840000000000013
            Iterations: 1
            Function evaluations: 15
            Gradient evaluations: 1
Optimization terminated successfully    (Exit mode 0)
            Current function value: 0.08768888888888898
            Iterations: 5
            Function evaluations: 40
            Gradient evaluations: 5
Optimization terminated successfully    (Exit mode 0)
            Current function value: 0.06065555555555561
            Iterations: 5
            Function evaluations: 44
            Gradient evaluations: 5
Optimization terminated successfully    (Exit mode 0)
            Current function value: 0.057366666666666725
            Iterations: 4
            Function evaluations: 39
            Gradient evaluations: 4
Optimization terminated successfully    (Exit mode 0)
            Current function value: 0.07731111111111119
            Iterations: 7
            Function evaluations: 71
            Gradient evaluations: 7
Optimization terminated successfully    (Exit mode 0)
            Current function value: 0.034811111111111105
            Iterations: 6
            Function evaluations: 66
            Gradient evaluations: 6
Optimization terminated successfully    (Exit mode 0)
            Current function value: 0.03962222222222222
            Iterations: 6
            Function evaluations: 72
            Gradient evaluations: 6
Optimization terminated successfully    (Exit mode 0)
            Current function value: 0.05834444444444448
            Iterations: 2
            Function evaluations: 33
            Gradient evaluations: 2
Optimization terminated successfully    (Exit mode 0)
            Current function value: 0.03026666666666666
            Iterations: 5
            Function evaluations: 72
            Gradient evaluations: 5
corrs 1
sub corrs 10
corrs 2
sub corrs 20
corrs 3
sub corrs 30
corrs 4
sub corrs 40
corrs 5
sub corrs 50
corrs 6
sub corrs 60
corrs 7
sub corrs 70
corrs 8
sub corrs 80
corrs 9
sub corrs 90
corrs 10
sub corrs 100
Optimization terminated successfully    (Exit mode 0)
            Current function value: 0.08570000000000015
            Iterations: 1
            Function evaluations: 2
            Gradient evaluations: 1
Optimization terminated successfully    (Exit mode 0)
            Current function value: 0.08924444444444463
            Iterations: 2
            Function evaluations: 17
            Gradient evaluations: 2
Optimization terminated successfully    (Exit mode 0)
            Current function value: 0.09171111111111124
            Iterations: 1
            Function evaluations: 15
            Gradient evaluations: 1
Optimization terminated successfully    (Exit mode 0)
            Current function value: 0.08344444444444461
            Iterations: 4
            Function evaluations: 32
            Gradient evaluations: 4
Optimization terminated successfully    (Exit mode 0)
            Current function value: 0.0672444444444445
            Iterations: 4
            Function evaluations: 41
            Gradient evaluations: 4
Optimization terminated successfully    (Exit mode 0)
            Current function value: 0.07028888888888894
            Iterations: 6
            Function evaluations: 53
            Gradient evaluations: 6
Optimization terminated successfully    (Exit mode 0)
            Current function value: 0.051155555555555524
            Iterations: 6
            Function evaluations: 65
            Gradient evaluations: 6
Optimization terminated successfully    (Exit mode 0)
            Current function value: 0.050066666666666634
            Iterations: 6
            Function evaluations: 70
            Gradient evaluations: 6
Optimization terminated successfully    (Exit mode 0)
            Current function value: 0.04117777777777771
            Iterations: 4
            Function evaluations: 51
            Gradient evaluations: 4
Optimization terminated successfully    (Exit mode 0)
            Current function value: 0.0740222222222223
            Iterations: 3
            Function evaluations: 44
            Gradient evaluations: 3
Optimization terminated successfully    (Exit mode 0)
            Current function value: 0.05587777777777775
            Iterations: 5
            Function evaluations: 71
            Gradient evaluations: 5
 Experiment complete. Results at: /mnt/beegfs/hellgate/home/tp183485/timecorr_trazzp/Cluster_Data/intact/intact_100_10_10_isfc_FactorAnalysis_25_mexican_hat.csv
