corrs 1
sub corrs 10
corrs 2
sub corrs 20
corrs 3
sub corrs 30
corrs 4
sub corrs 40
corrs 5
sub corrs 50
corrs 6
sub corrs 60
corrs 7
sub corrs 70
corrs 8
sub corrs 80
corrs 9
sub corrs 90
corrs 10
sub corrs 100
Optimization terminated successfully    (Exit mode 0)
            Current function value: 0.05487777777777782
            Iterations: 1
            Function evaluations: 2
            Gradient evaluations: 1
     rank  accuracy     error
0  0.9715      0.34  0.054878
Optimization terminated successfully    (Exit mode 0)
            Current function value: 0.05386666666666669
            Iterations: 6
            Function evaluations: 32
            Gradient evaluations: 6
       rank  accuracy     error
0  0.971678  0.343333  0.053867
Optimization terminated successfully    (Exit mode 0)
            Current function value: 0.054211111111111154
            Iterations: 5
            Function evaluations: 31
            Gradient evaluations: 5
     rank  accuracy     error
0  0.9716  0.343333  0.054211
Optimization terminated successfully    (Exit mode 0)
            Current function value: 0.04475555555555553
            Iterations: 4
            Function evaluations: 31
            Gradient evaluations: 4
       rank  accuracy     error
0  0.977433  0.326667  0.044756
Optimization terminated successfully    (Exit mode 0)
            Current function value: 0.04415555555555552
            Iterations: 2
            Function evaluations: 23
            Gradient evaluations: 2
       rank  accuracy     error
0  0.980422      0.34  0.044156
Optimization terminated successfully    (Exit mode 0)
            Current function value: 0.015722222222222203
            Iterations: 6
            Function evaluations: 56
            Gradient evaluations: 6
       rank  accuracy     error
0  0.989611  0.356667  0.015722
Optimization terminated successfully    (Exit mode 0)
            Current function value: 0.013255555555555566
            Iterations: 4
            Function evaluations: 43
            Gradient evaluations: 4
       rank  accuracy     error
0  0.989078      0.31  0.013256
Optimization terminated successfully    (Exit mode 0)
            Current function value: 0.009911111111111126
            Iterations: 3
            Function evaluations: 38
            Gradient evaluations: 3
       rank  accuracy     error
0  0.992367  0.366667  0.009911
Optimization terminated successfully    (Exit mode 0)
            Current function value: 0.008033333333333344
            Iterations: 5
            Function evaluations: 62
            Gradient evaluations: 5
       rank  accuracy     error
0  0.990622  0.346667  0.008033
Optimization terminated successfully    (Exit mode 0)
            Current function value: 0.011866666666666687
            Iterations: 2
            Function evaluations: 33
            Gradient evaluations: 2
       rank  accuracy     error
0  0.990656      0.34  0.011867
Optimization terminated successfully    (Exit mode 0)
            Current function value: 0.006322222222222232
            Iterations: 5
            Function evaluations: 71
            Gradient evaluations: 5
       rank  accuracy     error
0  0.988022  0.266667  0.006322
corrs 1
sub corrs 10
corrs 2
sub corrs 20
corrs 3
sub corrs 30
corrs 4
sub corrs 40
corrs 5
sub corrs 50
corrs 6
sub corrs 60
corrs 7
sub corrs 70
corrs 8
sub corrs 80
corrs 9
sub corrs 90
corrs 10
sub corrs 100
Optimization terminated successfully    (Exit mode 0)
            Current function value: 0.07741111111111121
            Iterations: 1
            Function evaluations: 2
            Gradient evaluations: 1
       rank  accuracy     error
0  0.973956  0.353333  0.077411
Optimization terminated successfully    (Exit mode 0)
            Current function value: 0.08163333333333335
            Iterations: 2
            Function evaluations: 18
            Gradient evaluations: 2
       rank  accuracy     error
0  0.967756  0.296667  0.081633
Optimization terminated successfully    (Exit mode 0)
            Current function value: 0.06966666666666667
            Iterations: 3
            Function evaluations: 23
            Gradient evaluations: 3
       rank  accuracy     error
0  0.970622  0.326667  0.069667
Optimization terminated successfully    (Exit mode 0)
            Current function value: 0.0552888888888889
            Iterations: 6
            Function evaluations: 43
            Gradient evaluations: 6
       rank  accuracy     error
0  0.981556  0.373333  0.055289
Optimization terminated successfully    (Exit mode 0)
            Current function value: 0.03951111111111115
            Iterations: 4
            Function evaluations: 36
            Gradient evaluations: 4
       rank  accuracy     error
0  0.983922  0.316667  0.039511
Optimization terminated successfully    (Exit mode 0)
            Current function value: 0.020566666666666653
            Iterations: 2
            Function evaluations: 32
            Gradient evaluations: 2
       rank  accuracy     error
0  0.984622  0.313333  0.020567
Optimization terminated successfully    (Exit mode 0)
            Current function value: 0.013433333333333332
            Iterations: 4
            Function evaluations: 44
            Gradient evaluations: 4
       rank  accuracy     error
0  0.987256  0.273333  0.013433
Optimization terminated successfully    (Exit mode 0)
            Current function value: 0.006866666666666679
            Iterations: 6
            Function evaluations: 68
            Gradient evaluations: 6
       rank  accuracy     error
0  0.992611  0.353333  0.006867
Optimization terminated successfully    (Exit mode 0)
            Current function value: 0.010833333333333342
            Iterations: 5
            Function evaluations: 70
            Gradient evaluations: 5
       rank  accuracy     error
0  0.988944  0.316667  0.010833
Optimization terminated successfully    (Exit mode 0)
            Current function value: 0.008855555555555566
            Iterations: 3
            Function evaluations: 49
            Gradient evaluations: 3
       rank  accuracy     error
0  0.982989      0.24  0.008856
Optimization terminated successfully    (Exit mode 0)
            Current function value: 0.008622222222222243
            Iterations: 6
            Function evaluations: 87
            Gradient evaluations: 6
       rank  accuracy     error
0  0.984944  0.216667  0.008622
 Experiment complete. Results at: /mnt/beegfs/hellgate/home/tp183485/timecorr_trazzp/Cluster_Data/intact/intact_100_10_10_isfc_FactorAnalysis_35_laplace.csv
