corrs 1
sub corrs 10
corrs 2
sub corrs 20
corrs 3
sub corrs 30
corrs 4
sub corrs 40
corrs 5
sub corrs 50
corrs 6
sub corrs 60
corrs 7
sub corrs 70
corrs 8
sub corrs 80
corrs 9
sub corrs 90
corrs 10
sub corrs 100
Optimization terminated successfully    (Exit mode 0)
            Current function value: 0.11553333333333325
            Iterations: 1
            Function evaluations: 2
            Gradient evaluations: 1
Optimization terminated successfully    (Exit mode 0)
            Current function value: 0.11553333333333325
            Iterations: 5
            Function evaluations: 17
            Gradient evaluations: 5
Optimization terminated successfully    (Exit mode 0)
            Current function value: 0.35364444444444393
            Iterations: 3
            Function evaluations: 27
            Gradient evaluations: 3
Optimization terminated successfully    (Exit mode 0)
            Current function value: 0.045355555555555586
            Iterations: 8
            Function evaluations: 55
            Gradient evaluations: 8
Optimization terminated successfully    (Exit mode 0)
            Current function value: 0.049500000000000016
            Iterations: 5
            Function evaluations: 41
            Gradient evaluations: 5
Optimization terminated successfully    (Exit mode 0)
            Current function value: 0.023644444444444388
            Iterations: 16
            Function evaluations: 132
            Gradient evaluations: 16
Optimization terminated successfully    (Exit mode 0)
            Current function value: 0.07174444444444457
            Iterations: 8
            Function evaluations: 77
            Gradient evaluations: 8
Optimization terminated successfully    (Exit mode 0)
            Current function value: 0.027566666666666653
            Iterations: 17
            Function evaluations: 176
            Gradient evaluations: 17
Optimization terminated successfully    (Exit mode 0)
            Current function value: 0.025288888888888833
            Iterations: 16
            Function evaluations: 175
            Gradient evaluations: 16
Optimization terminated successfully    (Exit mode 0)
            Current function value: 0.025899999999999944
            Iterations: 6
            Function evaluations: 79
            Gradient evaluations: 6
Optimization terminated successfully    (Exit mode 0)
            Current function value: 0.024766666666666607
            Iterations: 10
            Function evaluations: 140
            Gradient evaluations: 10
corrs 1
sub corrs 10
corrs 2
sub corrs 20
corrs 3
sub corrs 30
corrs 4
sub corrs 40
corrs 5
sub corrs 50
corrs 6
sub corrs 60
corrs 7
sub corrs 70
corrs 8
sub corrs 80
corrs 9
sub corrs 90
corrs 10
sub corrs 100
Optimization terminated successfully    (Exit mode 0)
            Current function value: 0.08882222222222237
            Iterations: 1
            Function evaluations: 2
            Gradient evaluations: 1
Optimization terminated successfully    (Exit mode 0)
            Current function value: 0.08882222222222237
            Iterations: 4
            Function evaluations: 12
            Gradient evaluations: 4
Optimization terminated successfully    (Exit mode 0)
            Current function value: 0.15052222222222228
            Iterations: 2
            Function evaluations: 19
            Gradient evaluations: 2
Optimization terminated successfully    (Exit mode 0)
            Current function value: 0.04234444444444445
            Iterations: 5
            Function evaluations: 36
            Gradient evaluations: 5
Optimization terminated successfully    (Exit mode 0)
            Current function value: 0.046811111111111116
            Iterations: 9
            Function evaluations: 77
            Gradient evaluations: 9
Optimization terminated successfully    (Exit mode 0)
            Current function value: 0.02774444444444442
            Iterations: 9
            Function evaluations: 75
            Gradient evaluations: 9
Optimization terminated successfully    (Exit mode 0)
            Current function value: 0.04531111111111116
            Iterations: 3
            Function evaluations: 35
            Gradient evaluations: 3
Optimization terminated successfully    (Exit mode 0)
            Current function value: 0.05551111111111116
            Iterations: 11
            Function evaluations: 116
            Gradient evaluations: 11
Optimization terminated successfully    (Exit mode 0)
            Current function value: 0.042844444444444456
            Iterations: 5
            Function evaluations: 61
            Gradient evaluations: 5
Optimization terminated successfully    (Exit mode 0)
            Current function value: 0.02721111111111108
            Iterations: 9
            Function evaluations: 115
            Gradient evaluations: 9
Optimization terminated successfully    (Exit mode 0)
            Current function value: 0.02737777777777773
            Iterations: 12
            Function evaluations: 158
            Gradient evaluations: 12
 Experiment complete. Results at: /mnt/beegfs/hellgate/home/tp183485/timecorr_trazzp/Cluster_Data/intact/intact_700_10_10_isfc_IncrementalPCA_30_mexican_hat.csv
