corrs 1
sub corrs 10
corrs 2
sub corrs 20
corrs 3
sub corrs 30
corrs 4
sub corrs 40
corrs 5
sub corrs 50
corrs 6
sub corrs 60
corrs 7
sub corrs 70
corrs 8
sub corrs 80
corrs 9
sub corrs 90
corrs 10
sub corrs 100
Optimization terminated successfully    (Exit mode 0)
            Current function value: 0.0974000000000001
            Iterations: 1
            Function evaluations: 2
            Gradient evaluations: 1
Optimization terminated successfully    (Exit mode 0)
            Current function value: 0.08087777777777781
            Iterations: 3
            Function evaluations: 20
            Gradient evaluations: 3
Optimization terminated successfully    (Exit mode 0)
            Current function value: 0.018899999999999983
            Iterations: 6
            Function evaluations: 36
            Gradient evaluations: 6
Optimization terminated successfully    (Exit mode 0)
            Current function value: 0.019199999999999974
            Iterations: 6
            Function evaluations: 57
            Gradient evaluations: 6
Optimization terminated successfully    (Exit mode 0)
            Current function value: 0.008244444444444462
            Iterations: 10
            Function evaluations: 86
            Gradient evaluations: 10
Optimization terminated successfully    (Exit mode 0)
            Current function value: 0.007222222222222232
            Iterations: 6
            Function evaluations: 57
            Gradient evaluations: 6
Optimization terminated successfully    (Exit mode 0)
            Current function value: 0.003911111111111114
            Iterations: 6
            Function evaluations: 59
            Gradient evaluations: 6
Optimization terminated successfully    (Exit mode 0)
            Current function value: 0.004222222222222225
            Iterations: 6
            Function evaluations: 65
            Gradient evaluations: 6
Optimization terminated successfully    (Exit mode 0)
            Current function value: 0.004011111111111114
            Iterations: 8
            Function evaluations: 91
            Gradient evaluations: 8
Optimization terminated successfully    (Exit mode 0)
            Current function value: 0.004022222222222226
            Iterations: 7
            Function evaluations: 88
            Gradient evaluations: 7
Optimization terminated successfully    (Exit mode 0)
            Current function value: 0.004388888888888896
            Iterations: 5
            Function evaluations: 71
            Gradient evaluations: 5
corrs 1
sub corrs 10
corrs 2
sub corrs 20
corrs 3
sub corrs 30
corrs 4
sub corrs 40
corrs 5
sub corrs 50
corrs 6
sub corrs 60
corrs 7
sub corrs 70
corrs 8
sub corrs 80
corrs 9
sub corrs 90
corrs 10
sub corrs 100
Optimization terminated successfully    (Exit mode 0)
            Current function value: 0.08510000000000018
            Iterations: 1
            Function evaluations: 2
            Gradient evaluations: 1
Optimization terminated successfully    (Exit mode 0)
            Current function value: 0.0601000000000001
            Iterations: 2
            Function evaluations: 17
            Gradient evaluations: 2
Optimization terminated successfully    (Exit mode 0)
            Current function value: 0.013344444444444464
            Iterations: 4
            Function evaluations: 27
            Gradient evaluations: 4
Optimization terminated successfully    (Exit mode 0)
            Current function value: 0.008488888888888905
            Iterations: 5
            Function evaluations: 37
            Gradient evaluations: 5
Optimization terminated successfully    (Exit mode 0)
            Current function value: 0.007677777777777791
            Iterations: 3
            Function evaluations: 30
            Gradient evaluations: 3
Optimization terminated successfully    (Exit mode 0)
            Current function value: 0.007711111111111125
            Iterations: 10
            Function evaluations: 87
            Gradient evaluations: 10
Optimization terminated successfully    (Exit mode 0)
            Current function value: 0.005377777777777789
            Iterations: 6
            Function evaluations: 62
            Gradient evaluations: 6
Optimization terminated successfully    (Exit mode 0)
            Current function value: 0.0050888888888889
            Iterations: 7
            Function evaluations: 75
            Gradient evaluations: 7
Optimization terminated successfully    (Exit mode 0)
            Current function value: 0.004311111111111116
            Iterations: 5
            Function evaluations: 62
            Gradient evaluations: 5
Optimization terminated successfully    (Exit mode 0)
            Current function value: 0.004155555555555559
            Iterations: 10
            Function evaluations: 127
            Gradient evaluations: 10
Optimization terminated successfully    (Exit mode 0)
            Current function value: 0.004711111111111115
            Iterations: 4
            Function evaluations: 59
            Gradient evaluations: 4
 Experiment complete. Results at: /mnt/beegfs/hellgate/home/tp183485/timecorr_trazzp/Cluster_Data/intact/intact_100_10_10_isfc_PCA_30_laplace.csv
