Traceback (most recent call last):
  File "/mnt/beegfs/hellgate/home/tp183485/timecorr_trazzp/Scripts/Cluster_Grid_Param_TRAZZ.py", line 81, in <module>
    iter_results = tc.helpers.weighted_timepoint_decoder(
                   ^^^^^^^^^^^^^^^^^^^^^^^^^^^^^^^^^^^^^^
  File "/mnt/beegfs/hellgate/home/tp183485/timecorr_trazzp/timecorr/helpers.py", line 783, in weighted_timepoint_decoder
    in_smooth, out_smooth, in_raw, out_raw = folding_levels(
                                             ^^^^^^^^^^^^^^^
  File "/mnt/beegfs/hellgate/home/tp183485/timecorr_trazzp/timecorr/helpers.py", line 981, in folding_levels
    timecorr(
  File "/mnt/beegfs/hellgate/home/tp183485/timecorr_trazzp/timecorr/timecorr.py", line 144, in timecorr
    corrs = reduce(combine(cfun(data, weights)), rfun=rfun)
            ^^^^^^^^^^^^^^^^^^^^^^^^^^^^^^^^^^^^^^^^^^^^^^^
  File "/mnt/beegfs/hellgate/home/tp183485/timecorr_trazzp/timecorr/helpers.py", line 351, in reduce
    return apply_by_row(corrs, graph_measures[rfun])
           ^^^^^^^^^^^^^^^^^^^^^^^^^^^^^^^^^^^^^^^^^
  File "/mnt/beegfs/hellgate/home/tp183485/timecorr_trazzp/timecorr/helpers.py", line 222, in apply_by_row
    list(map(lambda x: f(np.squeeze(x)), np.split(corrs, corrs.shape[2], axis=2))),
    ^^^^^^^^^^^^^^^^^^^^^^^^^^^^^^^^^^^^^^^^^^^^^^^^^^^^^^^^^^^^^^^^^^^^^^^^^^^^^^
  File "/mnt/beegfs/hellgate/home/tp183485/timecorr_trazzp/timecorr/helpers.py", line 222, in <lambda>
    list(map(lambda x: f(np.squeeze(x)), np.split(corrs, corrs.shape[2], axis=2))),
                       ^^^^^^^^^^^^^^^^
  File "/mnt/beegfs/hellgate/home/tp183485/timecorr_trazzp/timecorr/helpers.py", line 329, in <lambda>
    "pagerank_centrality": lambda x: nx.pagerank_numpy(nx.from_numpy_array(x), alpha=0.85),
                                     ^^^^^^^^^^^^^^^^^
AttributeError: module 'networkx' has no attribute 'pagerank_numpy'
