corrs 1
sub corrs 10
corrs 2
sub corrs 20
corrs 3
sub corrs 30
corrs 4
sub corrs 40
corrs 5
sub corrs 50
corrs 6
sub corrs 60
corrs 7
sub corrs 70
corrs 8
sub corrs 80
corrs 9
sub corrs 90
corrs 10
sub corrs 100
Optimization terminated successfully    (Exit mode 0)
            Current function value: 0.09353333333333355
            Iterations: 1
            Function evaluations: 2
            Gradient evaluations: 1
Optimization terminated successfully    (Exit mode 0)
            Current function value: 0.055411111111111175
            Iterations: 7
            Function evaluations: 36
            Gradient evaluations: 7
Optimization terminated successfully    (Exit mode 0)
            Current function value: 0.04579999999999998
            Iterations: 11
            Function evaluations: 59
            Gradient evaluations: 11
Optimization terminated successfully    (Exit mode 0)
            Current function value: 0.15011111111111122
            Iterations: 9
            Function evaluations: 57
            Gradient evaluations: 9
Optimization terminated successfully    (Exit mode 0)
            Current function value: 0.32417777777777784
            Iterations: 5
            Function evaluations: 46
            Gradient evaluations: 5
Optimization terminated successfully    (Exit mode 0)
            Current function value: 0.012822222222222235
            Iterations: 15
            Function evaluations: 125
            Gradient evaluations: 15
Optimization terminated successfully    (Exit mode 0)
            Current function value: 0.011677777777777789
            Iterations: 7
            Function evaluations: 68
            Gradient evaluations: 7
Optimization terminated successfully    (Exit mode 0)
            Current function value: 0.011900000000000013
            Iterations: 11
            Function evaluations: 112
            Gradient evaluations: 11
Optimization terminated successfully    (Exit mode 0)
            Current function value: 0.008188888888888897
            Iterations: 11
            Function evaluations: 129
            Gradient evaluations: 11
Optimization terminated successfully    (Exit mode 0)
            Current function value: 0.006977777777777788
            Iterations: 7
            Function evaluations: 88
            Gradient evaluations: 7
Optimization terminated successfully    (Exit mode 0)
            Current function value: 0.007600000000000007
            Iterations: 8
            Function evaluations: 107
            Gradient evaluations: 8
corrs 1
sub corrs 10
corrs 2
sub corrs 20
corrs 3
sub corrs 30
corrs 4
sub corrs 40
corrs 5
sub corrs 50
corrs 6
sub corrs 60
corrs 7
sub corrs 70
corrs 8
sub corrs 80
corrs 9
sub corrs 90
corrs 10
sub corrs 100
Optimization terminated successfully    (Exit mode 0)
            Current function value: 0.07446666666666678
            Iterations: 1
            Function evaluations: 2
            Gradient evaluations: 1
Optimization terminated successfully    (Exit mode 0)
            Current function value: 0.04886666666666667
            Iterations: 2
            Function evaluations: 17
            Gradient evaluations: 2
Optimization terminated successfully    (Exit mode 0)
            Current function value: 0.043255555555555554
            Iterations: 2
            Function evaluations: 20
            Gradient evaluations: 2
Optimization terminated successfully    (Exit mode 0)
            Current function value: 0.04886666666666667
            Iterations: 4
            Function evaluations: 32
            Gradient evaluations: 4
Optimization terminated successfully    (Exit mode 0)
            Current function value: 0.046733333333333356
            Iterations: 17
            Function evaluations: 116
            Gradient evaluations: 17
Optimization terminated successfully    (Exit mode 0)
            Current function value: 0.011200000000000015
            Iterations: 12
            Function evaluations: 98
            Gradient evaluations: 12
Optimization terminated successfully    (Exit mode 0)
            Current function value: 0.009711111111111127
            Iterations: 6
            Function evaluations: 60
            Gradient evaluations: 6
Optimization terminated successfully    (Exit mode 0)
            Current function value: 0.009544444444444461
            Iterations: 8
            Function evaluations: 83
            Gradient evaluations: 8
Optimization terminated successfully    (Exit mode 0)
            Current function value: 0.00935555555555557
            Iterations: 9
            Function evaluations: 103
            Gradient evaluations: 9
Optimization terminated successfully    (Exit mode 0)
            Current function value: 0.006977777777777789
            Iterations: 5
            Function evaluations: 66
            Gradient evaluations: 5
Optimization terminated successfully    (Exit mode 0)
            Current function value: 0.009377777777777794
            Iterations: 2
            Function evaluations: 35
            Gradient evaluations: 2
 Experiment complete. Results at: /mnt/beegfs/hellgate/home/tp183485/timecorr_trazzp/Cluster_Data/intact/intact_100_10_10_isfc_IncrementalPCA_50_laplace.csv
