corrs 1
sub corrs 10
corrs 2
sub corrs 20
corrs 3
sub corrs 30
corrs 4
sub corrs 40
corrs 5
sub corrs 50
corrs 6
sub corrs 60
corrs 7
sub corrs 70
corrs 8
sub corrs 80
corrs 9
sub corrs 90
corrs 10
sub corrs 100
Optimization terminated successfully    (Exit mode 0)
            Current function value: 0.07291111111111118
            Iterations: 1
            Function evaluations: 2
            Gradient evaluations: 1
       rank  accuracy     error
0  0.969622  0.293333  0.072911
Optimization terminated successfully    (Exit mode 0)
            Current function value: 0.07291111111111118
            Iterations: 3
            Function evaluations: 9
            Gradient evaluations: 3
       rank  accuracy     error
0  0.969622  0.293333  0.072911
Optimization terminated successfully    (Exit mode 0)
            Current function value: 0.07291111111111118
            Iterations: 4
            Function evaluations: 16
            Gradient evaluations: 4
       rank  accuracy     error
0  0.969622  0.293333  0.072911
Optimization terminated successfully    (Exit mode 0)
            Current function value: 0.04948888888888888
            Iterations: 5
            Function evaluations: 37
            Gradient evaluations: 5
       rank  accuracy     error
0  0.973333  0.286667  0.049489
Optimization terminated successfully    (Exit mode 0)
            Current function value: 0.00625555555555557
            Iterations: 8
            Function evaluations: 65
            Gradient evaluations: 8
     rank  accuracy     error
0  0.9921      0.37  0.006256
Optimization terminated successfully    (Exit mode 0)
            Current function value: 0.006766666666666681
            Iterations: 7
            Function evaluations: 60
            Gradient evaluations: 7
       rank  accuracy     error
0  0.992011  0.376667  0.006767
Optimization terminated successfully    (Exit mode 0)
            Current function value: 0.006700000000000014
            Iterations: 8
            Function evaluations: 78
            Gradient evaluations: 8
       rank  accuracy   error
0  0.992178  0.386667  0.0067
Optimization terminated successfully    (Exit mode 0)
            Current function value: 0.006722222222222234
            Iterations: 10
            Function evaluations: 102
            Gradient evaluations: 10
       rank  accuracy     error
0  0.992233  0.386667  0.006722
Optimization terminated successfully    (Exit mode 0)
            Current function value: 0.006877777777777793
            Iterations: 8
            Function evaluations: 96
            Gradient evaluations: 8
       rank  accuracy     error
0  0.992133  0.383333  0.006878
Optimization terminated successfully    (Exit mode 0)
            Current function value: 0.006777777777777792
            Iterations: 4
            Function evaluations: 57
            Gradient evaluations: 4
       rank  accuracy     error
0  0.992278      0.38  0.006778
Optimization terminated successfully    (Exit mode 0)
            Current function value: 0.006722222222222237
            Iterations: 10
            Function evaluations: 132
            Gradient evaluations: 10
       rank  accuracy     error
0  0.992222  0.386667  0.006722
corrs 1
sub corrs 10
corrs 2
sub corrs 20
corrs 3
sub corrs 30
corrs 4
sub corrs 40
corrs 5
sub corrs 50
corrs 6
sub corrs 60
corrs 7
sub corrs 70
corrs 8
sub corrs 80
corrs 9
sub corrs 90
corrs 10
sub corrs 100
Optimization terminated successfully    (Exit mode 0)
            Current function value: 0.09201111111111121
            Iterations: 1
            Function evaluations: 2
            Gradient evaluations: 1
       rank  accuracy     error
0  0.970567      0.31  0.092011
Optimization terminated successfully    (Exit mode 0)
            Current function value: 0.09693333333333347
            Iterations: 3
            Function evaluations: 20
            Gradient evaluations: 3
       rank  accuracy     error
0  0.969711       0.3  0.096933
Optimization terminated successfully    (Exit mode 0)
            Current function value: 0.09201111111111121
            Iterations: 4
            Function evaluations: 16
            Gradient evaluations: 4
       rank  accuracy     error
0  0.970567      0.31  0.092011
Optimization terminated successfully    (Exit mode 0)
            Current function value: 0.034777777777777755
            Iterations: 8
            Function evaluations: 52
            Gradient evaluations: 8
       rank  accuracy     error
0  0.975189  0.306667  0.034778
Optimization terminated successfully    (Exit mode 0)
            Current function value: 0.006411111111111125
            Iterations: 5
            Function evaluations: 41
            Gradient evaluations: 5
       rank  accuracy     error
0  0.992144  0.356667  0.006411
Optimization terminated successfully    (Exit mode 0)
            Current function value: 0.006455555555555569
            Iterations: 7
            Function evaluations: 60
            Gradient evaluations: 7
       rank  accuracy     error
0  0.991956  0.363333  0.006456
Optimization terminated successfully    (Exit mode 0)
            Current function value: 0.006433333333333348
            Iterations: 6
            Function evaluations: 61
            Gradient evaluations: 6
       rank  accuracy     error
0  0.991878      0.36  0.006433
Optimization terminated successfully    (Exit mode 0)
            Current function value: 0.006800000000000016
            Iterations: 5
            Function evaluations: 56
            Gradient evaluations: 5
       rank  accuracy   error
0  0.991367      0.35  0.0068
Optimization terminated successfully    (Exit mode 0)
            Current function value: 0.0064666666666666804
            Iterations: 5
            Function evaluations: 61
            Gradient evaluations: 5
       rank  accuracy     error
0  0.992011      0.36  0.006467
Optimization terminated successfully    (Exit mode 0)
            Current function value: 0.006455555555555569
            Iterations: 6
            Function evaluations: 77
            Gradient evaluations: 6
       rank  accuracy     error
0  0.991978  0.363333  0.006456
Optimization terminated successfully    (Exit mode 0)
            Current function value: 0.006400000000000014
            Iterations: 8
            Function evaluations: 107
            Gradient evaluations: 8
       rank  accuracy   error
0  0.991922  0.363333  0.0064
 Experiment complete. Results at: /mnt/beegfs/hellgate/home/tp183485/timecorr_trazzp/Cluster_Data/intact/intact_100_10_10_isfc_TruncatedSVD_40_laplace.csv
