corrs 1
sub corrs 10
corrs 2
sub corrs 20
corrs 3
sub corrs 30
corrs 4
sub corrs 40
corrs 5
sub corrs 50
corrs 6
sub corrs 60
corrs 7
sub corrs 70
corrs 8
sub corrs 80
corrs 9
sub corrs 90
corrs 10
sub corrs 100
Optimization terminated successfully    (Exit mode 0)
            Current function value: 0.08960000000000011
            Iterations: 1
            Function evaluations: 2
            Gradient evaluations: 1
       rank  accuracy   error
0  0.959822  0.296667  0.0896
Optimization terminated successfully    (Exit mode 0)
            Current function value: 0.08960000000000011
            Iterations: 4
            Function evaluations: 12
            Gradient evaluations: 4
       rank  accuracy   error
0  0.959822  0.296667  0.0896
Optimization terminated successfully    (Exit mode 0)
            Current function value: 0.08944444444444465
            Iterations: 4
            Function evaluations: 30
            Gradient evaluations: 4
       rank  accuracy     error
0  0.961478      0.28  0.089444
Optimization terminated successfully    (Exit mode 0)
            Current function value: 0.08301111111111133
            Iterations: 2
            Function evaluations: 21
            Gradient evaluations: 2
       rank  accuracy     error
0  0.968122      0.32  0.083011
Optimization terminated successfully    (Exit mode 0)
            Current function value: 0.07068888888888916
            Iterations: 3
            Function evaluations: 29
            Gradient evaluations: 3
       rank  accuracy     error
0  0.979311  0.326667  0.070689
Optimization terminated successfully    (Exit mode 0)
            Current function value: 0.06408888888888901
            Iterations: 3
            Function evaluations: 34
            Gradient evaluations: 3
       rank  accuracy     error
0  0.983589       0.4  0.064089
Optimization terminated successfully    (Exit mode 0)
            Current function value: 0.059855555555555655
            Iterations: 8
            Function evaluations: 81
            Gradient evaluations: 8
       rank  accuracy     error
0  0.981922  0.406667  0.059856
Optimization terminated successfully    (Exit mode 0)
            Current function value: 0.05190000000000005
            Iterations: 7
            Function evaluations: 80
            Gradient evaluations: 7
       rank  accuracy   error
0  0.983522  0.376667  0.0519
Optimization terminated successfully    (Exit mode 0)
            Current function value: 0.05647777777777783
            Iterations: 8
            Function evaluations: 99
            Gradient evaluations: 8
       rank  accuracy     error
0  0.973522  0.333333  0.056478
Optimization terminated successfully    (Exit mode 0)
            Current function value: 0.057788888888888945
            Iterations: 5
            Function evaluations: 67
            Gradient evaluations: 5
       rank  accuracy     error
0  0.980967  0.356667  0.057789
Optimization terminated successfully    (Exit mode 0)
            Current function value: 0.050533333333333375
            Iterations: 4
            Function evaluations: 64
            Gradient evaluations: 4
       rank  accuracy     error
0  0.983978  0.403333  0.050533
corrs 1
sub corrs 10
corrs 2
sub corrs 20
corrs 3
sub corrs 30
corrs 4
sub corrs 40
corrs 5
sub corrs 50
corrs 6
sub corrs 60
corrs 7
sub corrs 70
corrs 8
sub corrs 80
corrs 9
sub corrs 90
corrs 10
sub corrs 100
Optimization terminated successfully    (Exit mode 0)
            Current function value: 0.09368888888888899
            Iterations: 1
            Function evaluations: 2
            Gradient evaluations: 1
       rank  accuracy     error
0  0.957411  0.266667  0.093689
Optimization terminated successfully    (Exit mode 0)
            Current function value: 0.09368888888888899
            Iterations: 4
            Function evaluations: 12
            Gradient evaluations: 4
       rank  accuracy     error
0  0.957411  0.266667  0.093689
Optimization terminated successfully    (Exit mode 0)
            Current function value: 0.08603333333333343
            Iterations: 6
            Function evaluations: 37
            Gradient evaluations: 6
       rank  accuracy     error
0  0.959644      0.26  0.086033
Optimization terminated successfully    (Exit mode 0)
            Current function value: 0.082288888888889
            Iterations: 2
            Function evaluations: 21
            Gradient evaluations: 2
       rank  accuracy     error
0  0.965811  0.296667  0.082289
Optimization terminated successfully    (Exit mode 0)
            Current function value: 0.06044444444444449
            Iterations: 6
            Function evaluations: 50
            Gradient evaluations: 6
       rank  accuracy     error
0  0.979278  0.326667  0.060444
Optimization terminated successfully    (Exit mode 0)
            Current function value: 0.057355555555555604
            Iterations: 5
            Function evaluations: 49
            Gradient evaluations: 5
       rank  accuracy     error
0  0.983911  0.383333  0.057356
Optimization terminated successfully    (Exit mode 0)
            Current function value: 0.05265555555555561
            Iterations: 4
            Function evaluations: 43
            Gradient evaluations: 4
       rank  accuracy     error
0  0.981456  0.356667  0.052656
Optimization terminated successfully    (Exit mode 0)
            Current function value: 0.04345555555555557
            Iterations: 6
            Function evaluations: 67
            Gradient evaluations: 6
       rank  accuracy     error
0  0.983967       0.4  0.043456
Optimization terminated successfully    (Exit mode 0)
            Current function value: 0.043322222222222206
            Iterations: 6
            Function evaluations: 74
            Gradient evaluations: 6
       rank  accuracy     error
0  0.983178  0.383333  0.043322
Optimization terminated successfully    (Exit mode 0)
            Current function value: 0.03677777777777777
            Iterations: 5
            Function evaluations: 68
            Gradient evaluations: 5
       rank  accuracy     error
0  0.988922      0.42  0.036778
Optimization terminated successfully    (Exit mode 0)
            Current function value: 0.03213333333333334
            Iterations: 4
            Function evaluations: 60
            Gradient evaluations: 4
     rank  accuracy     error
0  0.9883      0.37  0.032133
 Experiment complete. Results at: /mnt/beegfs/hellgate/home/tp183485/timecorr_trazzp/Cluster_Data/intact/intact_100_10_10_isfc_FactorAnalysis_15_mexican_hat.csv
