corrs 1
sub corrs 10
corrs 2
sub corrs 20
corrs 3
sub corrs 30
corrs 4
sub corrs 40
corrs 5
sub corrs 50
corrs 6
sub corrs 60
corrs 7
sub corrs 70
corrs 8
sub corrs 80
corrs 9
sub corrs 90
corrs 10
sub corrs 100
Optimization terminated successfully    (Exit mode 0)
            Current function value: 0.11145555555555565
            Iterations: 1
            Function evaluations: 2
            Gradient evaluations: 1
Optimization terminated successfully    (Exit mode 0)
            Current function value: 0.11145555555555565
            Iterations: 4
            Function evaluations: 12
            Gradient evaluations: 4
Optimization terminated successfully    (Exit mode 0)
            Current function value: 0.012911111111111123
            Iterations: 7
            Function evaluations: 42
            Gradient evaluations: 7
Optimization terminated successfully    (Exit mode 0)
            Current function value: 0.01266666666666668
            Iterations: 8
            Function evaluations: 55
            Gradient evaluations: 8
Optimization terminated successfully    (Exit mode 0)
            Current function value: 0.013111111111111124
            Iterations: 8
            Function evaluations: 61
            Gradient evaluations: 8
Optimization terminated successfully    (Exit mode 0)
            Current function value: 0.012888888888888903
            Iterations: 3
            Function evaluations: 32
            Gradient evaluations: 3
Optimization terminated successfully    (Exit mode 0)
            Current function value: 0.012922222222222234
            Iterations: 6
            Function evaluations: 61
            Gradient evaluations: 6
Optimization terminated successfully    (Exit mode 0)
            Current function value: 0.014833333333333316
            Iterations: 6
            Function evaluations: 66
            Gradient evaluations: 6
Optimization terminated successfully    (Exit mode 0)
            Current function value: 0.011877777777777794
            Iterations: 9
            Function evaluations: 105
            Gradient evaluations: 9
Optimization terminated successfully    (Exit mode 0)
            Current function value: 0.004955555555555563
            Iterations: 7
            Function evaluations: 88
            Gradient evaluations: 7
Optimization terminated successfully    (Exit mode 0)
            Current function value: 0.005111111111111119
            Iterations: 4
            Function evaluations: 60
            Gradient evaluations: 4
corrs 1
sub corrs 10
corrs 2
sub corrs 20
corrs 3
sub corrs 30
corrs 4
sub corrs 40
corrs 5
sub corrs 50
corrs 6
sub corrs 60
corrs 7
sub corrs 70
corrs 8
sub corrs 80
corrs 9
sub corrs 90
corrs 10
sub corrs 100
Optimization terminated successfully    (Exit mode 0)
            Current function value: 0.08917777777777794
            Iterations: 1
            Function evaluations: 2
            Gradient evaluations: 1
Optimization terminated successfully    (Exit mode 0)
            Current function value: 0.08657777777777788
            Iterations: 5
            Function evaluations: 26
            Gradient evaluations: 5
Optimization terminated successfully    (Exit mode 0)
            Current function value: 0.02169999999999995
            Iterations: 5
            Function evaluations: 33
            Gradient evaluations: 5
Optimization terminated successfully    (Exit mode 0)
            Current function value: 0.01915555555555551
            Iterations: 6
            Function evaluations: 43
            Gradient evaluations: 6
Optimization terminated successfully    (Exit mode 0)
            Current function value: 0.017066666666666633
            Iterations: 7
            Function evaluations: 54
            Gradient evaluations: 7
Optimization terminated successfully    (Exit mode 0)
            Current function value: 0.017288888888888854
            Iterations: 5
            Function evaluations: 47
            Gradient evaluations: 5
Optimization terminated successfully    (Exit mode 0)
            Current function value: 0.015244444444444429
            Iterations: 6
            Function evaluations: 63
            Gradient evaluations: 6
Optimization terminated successfully    (Exit mode 0)
            Current function value: 0.01791111111111107
            Iterations: 4
            Function evaluations: 47
            Gradient evaluations: 4
Optimization terminated successfully    (Exit mode 0)
            Current function value: 0.015466666666666644
            Iterations: 5
            Function evaluations: 61
            Gradient evaluations: 5
Optimization terminated successfully    (Exit mode 0)
            Current function value: 0.005444444444444454
            Iterations: 7
            Function evaluations: 88
            Gradient evaluations: 7
Optimization terminated successfully    (Exit mode 0)
            Current function value: 0.005800000000000008
            Iterations: 12
            Function evaluations: 158
            Gradient evaluations: 12
 Experiment complete. Results at: /mnt/beegfs/hellgate/home/tp183485/timecorr_trazzp/Cluster_Data/intact/intact_100_10_10_isfc_TruncatedSVD_35_laplace.csv
