corrs 1
sub corrs 10
corrs 2
sub corrs 20
corrs 3
sub corrs 30
corrs 4
sub corrs 40
corrs 5
sub corrs 50
corrs 6
sub corrs 60
corrs 7
sub corrs 70
corrs 8
sub corrs 80
corrs 9
sub corrs 90
corrs 10
sub corrs 100
Optimization terminated successfully    (Exit mode 0)
            Current function value: 0.1038555555555557
            Iterations: 1
            Function evaluations: 2
            Gradient evaluations: 1
       rank  accuracy     error
0  0.970956  0.306667  0.103856
Optimization terminated successfully    (Exit mode 0)
            Current function value: 0.10258888888888906
            Iterations: 3
            Function evaluations: 20
            Gradient evaluations: 3
       rank  accuracy     error
0  0.970967  0.306667  0.102589
Optimization terminated successfully    (Exit mode 0)
            Current function value: 0.1038555555555557
            Iterations: 3
            Function evaluations: 12
            Gradient evaluations: 3
       rank  accuracy     error
0  0.970956  0.306667  0.103856
Optimization terminated successfully    (Exit mode 0)
            Current function value: 0.1038555555555557
            Iterations: 7
            Function evaluations: 35
            Gradient evaluations: 7
       rank  accuracy     error
0  0.970956  0.306667  0.103856
Optimization terminated successfully    (Exit mode 0)
            Current function value: 0.1023111111111113
            Iterations: 7
            Function evaluations: 56
            Gradient evaluations: 7
       rank  accuracy     error
0  0.971389  0.316667  0.102311
Optimization terminated successfully    (Exit mode 0)
            Current function value: 0.09941111111111127
            Iterations: 11
            Function evaluations: 93
            Gradient evaluations: 11
       rank  accuracy     error
0  0.970567  0.296667  0.099411
Optimization terminated successfully    (Exit mode 0)
            Current function value: 0.2115111111111109
            Iterations: 10
            Function evaluations: 92
            Gradient evaluations: 10
       rank  accuracy     error
0  0.854111  0.113333  0.211511
Optimization terminated successfully    (Exit mode 0)
            Current function value: 0.08954444444444458
            Iterations: 5
            Function evaluations: 56
            Gradient evaluations: 5
       rank  accuracy     error
0  0.966122      0.28  0.089544
Optimization terminated successfully    (Exit mode 0)
            Current function value: 0.15405555555555558
            Iterations: 8
            Function evaluations: 97
            Gradient evaluations: 8
       rank  accuracy     error
0  0.932944  0.226667  0.154056
Optimization terminated successfully    (Exit mode 0)
            Current function value: 0.08957777777777791
            Iterations: 6
            Function evaluations: 81
            Gradient evaluations: 6
       rank  accuracy     error
0  0.967889      0.29  0.089578
Optimization terminated successfully    (Exit mode 0)
            Current function value: 0.09646666666666681
            Iterations: 13
            Function evaluations: 179
            Gradient evaluations: 13
     rank  accuracy     error
0  0.9627  0.296667  0.096467
corrs 1
sub corrs 10
corrs 2
sub corrs 20
corrs 3
sub corrs 30
corrs 4
sub corrs 40
corrs 5
sub corrs 50
corrs 6
sub corrs 60
corrs 7
sub corrs 70
corrs 8
sub corrs 80
corrs 9
sub corrs 90
corrs 10
sub corrs 100
Optimization terminated successfully    (Exit mode 0)
            Current function value: 0.10701111111111118
            Iterations: 1
            Function evaluations: 2
            Gradient evaluations: 1
       rank  accuracy     error
0  0.968667  0.256667  0.107011
Optimization terminated successfully    (Exit mode 0)
            Current function value: 0.10701111111111118
            Iterations: 3
            Function evaluations: 10
            Gradient evaluations: 3
       rank  accuracy     error
0  0.968667  0.256667  0.107011
Optimization terminated successfully    (Exit mode 0)
            Current function value: 0.10675555555555559
            Iterations: 4
            Function evaluations: 29
            Gradient evaluations: 4
       rank  accuracy     error
0  0.969289  0.266667  0.106756
Optimization terminated successfully    (Exit mode 0)
            Current function value: 0.10644444444444459
            Iterations: 8
            Function evaluations: 57
            Gradient evaluations: 8
       rank  accuracy     error
0  0.969956  0.256667  0.106444
Optimization terminated successfully    (Exit mode 0)
            Current function value: 0.10701111111111118
            Iterations: 5
            Function evaluations: 30
            Gradient evaluations: 5
       rank  accuracy     error
0  0.968667  0.256667  0.107011
Optimization terminated successfully    (Exit mode 0)
            Current function value: 0.24621111111111096
            Iterations: 6
            Function evaluations: 60
            Gradient evaluations: 6
       rank  accuracy     error
0  0.638233  0.056667  0.246211
Optimization terminated successfully    (Exit mode 0)
            Current function value: 0.10701111111111118
            Iterations: 6
            Function evaluations: 48
            Gradient evaluations: 6
       rank  accuracy     error
0  0.968667  0.256667  0.107011
Optimization terminated successfully    (Exit mode 0)
            Current function value: 0.10094444444444459
            Iterations: 7
            Function evaluations: 74
            Gradient evaluations: 7
     rank  accuracy     error
0  0.9674      0.26  0.100944
Optimization terminated successfully    (Exit mode 0)
            Current function value: 0.10455555555555571
            Iterations: 7
            Function evaluations: 81
            Gradient evaluations: 7
       rank  accuracy     error
0  0.969533      0.27  0.104556
Optimization terminated successfully    (Exit mode 0)
            Current function value: 0.10330000000000013
            Iterations: 7
            Function evaluations: 91
            Gradient evaluations: 7
       rank  accuracy   error
0  0.968689  0.273333  0.1033
Optimization terminated successfully    (Exit mode 0)
            Current function value: 0.09594444444444457
            Iterations: 10
            Function evaluations: 134
            Gradient evaluations: 10
       rank  accuracy     error
0  0.968067  0.263333  0.095944
 Experiment complete. Results at: /mnt/beegfs/hellgate/home/tp183485/timecorr_trazzp/Cluster_Data/intact/intact_700_10_10_isfc_PCA_35_gaussian.csv
