corrs 1
sub corrs 10
corrs 2
sub corrs 20
corrs 3
sub corrs 30
corrs 4
sub corrs 40
corrs 5
sub corrs 50
corrs 6
sub corrs 60
corrs 7
sub corrs 70
corrs 8
sub corrs 80
corrs 9
sub corrs 90
corrs 10
sub corrs 100
Optimization terminated successfully    (Exit mode 0)
            Current function value: 0.10731111111111122
            Iterations: 1
            Function evaluations: 2
            Gradient evaluations: 1
Optimization terminated successfully    (Exit mode 0)
            Current function value: 0.10731111111111122
            Iterations: 3
            Function evaluations: 20
            Gradient evaluations: 3
Optimization terminated successfully    (Exit mode 0)
            Current function value: 0.3072777777777778
            Iterations: 2
            Function evaluations: 19
            Gradient evaluations: 2
Optimization terminated successfully    (Exit mode 0)
            Current function value: 0.11717777777777774
            Iterations: 3
            Function evaluations: 26
            Gradient evaluations: 3
Optimization terminated successfully    (Exit mode 0)
            Current function value: 0.10731111111111122
            Iterations: 5
            Function evaluations: 42
            Gradient evaluations: 5
Optimization terminated successfully    (Exit mode 0)
            Current function value: 0.08240000000000008
            Iterations: 6
            Function evaluations: 54
            Gradient evaluations: 6
Optimization terminated successfully    (Exit mode 0)
            Current function value: 0.08297777777777789
            Iterations: 6
            Function evaluations: 59
            Gradient evaluations: 6
Optimization terminated successfully    (Exit mode 0)
            Current function value: 0.0853222222222223
            Iterations: 7
            Function evaluations: 76
            Gradient evaluations: 7
Optimization terminated successfully    (Exit mode 0)
            Current function value: 0.0869222222222223
            Iterations: 6
            Function evaluations: 71
            Gradient evaluations: 6
Optimization terminated successfully    (Exit mode 0)
            Current function value: 0.08476666666666674
            Iterations: 4
            Function evaluations: 55
            Gradient evaluations: 4
Optimization terminated successfully    (Exit mode 0)
            Current function value: 0.07837777777777787
            Iterations: 8
            Function evaluations: 108
            Gradient evaluations: 8
corrs 1
sub corrs 10
corrs 2
sub corrs 20
corrs 3
sub corrs 30
corrs 4
sub corrs 40
corrs 5
sub corrs 50
corrs 6
sub corrs 60
corrs 7
sub corrs 70
corrs 8
sub corrs 80
corrs 9
sub corrs 90
corrs 10
sub corrs 100
Optimization terminated successfully    (Exit mode 0)
            Current function value: 0.08830000000000014
            Iterations: 1
            Function evaluations: 2
            Gradient evaluations: 1
Optimization terminated successfully    (Exit mode 0)
            Current function value: 0.12154444444444441
            Iterations: 2
            Function evaluations: 17
            Gradient evaluations: 2
Optimization terminated successfully    (Exit mode 0)
            Current function value: 0.08588888888888903
            Iterations: 4
            Function evaluations: 27
            Gradient evaluations: 4
Optimization terminated successfully    (Exit mode 0)
            Current function value: 0.08161111111111123
            Iterations: 7
            Function evaluations: 48
            Gradient evaluations: 7
Optimization terminated successfully    (Exit mode 0)
            Current function value: 0.08370000000000012
            Iterations: 6
            Function evaluations: 47
            Gradient evaluations: 6
Optimization terminated successfully    (Exit mode 0)
            Current function value: 0.0638333333333334
            Iterations: 5
            Function evaluations: 47
            Gradient evaluations: 5
Optimization terminated successfully    (Exit mode 0)
            Current function value: 0.06172222222222229
            Iterations: 5
            Function evaluations: 51
            Gradient evaluations: 5
Optimization terminated successfully    (Exit mode 0)
            Current function value: 0.06337777777777784
            Iterations: 6
            Function evaluations: 67
            Gradient evaluations: 6
Optimization terminated successfully    (Exit mode 0)
            Current function value: 0.06380000000000006
            Iterations: 4
            Function evaluations: 51
            Gradient evaluations: 4
Optimization terminated successfully    (Exit mode 0)
            Current function value: 0.06552222222222227
            Iterations: 7
            Function evaluations: 88
            Gradient evaluations: 7
Optimization terminated successfully    (Exit mode 0)
            Current function value: 0.06530000000000005
            Iterations: 6
            Function evaluations: 84
            Gradient evaluations: 6
 Experiment complete. Results at: /mnt/beegfs/hellgate/home/tp183485/timecorr_trazzp/Cluster_Data/intact/intact_100_10_10_isfc_MiniBatchSparsePCA_15_mexican_hat.csv
