/mnt/beegfs/hellgate/home/tp183485/timecorr_trazzp/timecorr/braintools/brain_reduce.py:84: UserWarning: Rows <= ndims: returning zeros.
  warnings.warn('Rows <= ndims: returning zeros.')
/mnt/beegfs/hellgate/home/tp183485/timecorr_trazzp/timecorr/braintools/brain_reduce.py:84: UserWarning: Rows <= ndims: returning zeros.
  warnings.warn('Rows <= ndims: returning zeros.')
/mnt/beegfs/hellgate/home/tp183485/timecorr_trazzp/timecorr/braintools/brain_reduce.py:84: UserWarning: Rows <= ndims: returning zeros.
  warnings.warn('Rows <= ndims: returning zeros.')
/mnt/beegfs/hellgate/home/tp183485/timecorr_trazzp/timecorr_venv/lib/python3.12/site-packages/sklearn/utils/_param_validation.py:189: RuntimeWarning: Orthogonal matching pursuit ended prematurely due to linear dependence in the dictionary. The requested precision might not have been met.
  return func(*args, **kwargs)
/mnt/beegfs/hellgate/home/tp183485/timecorr_trazzp/timecorr/braintools/brain_reduce.py:84: UserWarning: Rows <= ndims: returning zeros.
  warnings.warn('Rows <= ndims: returning zeros.')
/mnt/beegfs/hellgate/home/tp183485/timecorr_trazzp/timecorr/braintools/brain_reduce.py:84: UserWarning: Rows <= ndims: returning zeros.
  warnings.warn('Rows <= ndims: returning zeros.')
/mnt/beegfs/hellgate/home/tp183485/timecorr_trazzp/timecorr_venv/lib/python3.12/site-packages/sklearn/utils/_param_validation.py:189: RuntimeWarning: Orthogonal matching pursuit ended prematurely due to linear dependence in the dictionary. The requested precision might not have been met.
  return func(*args, **kwargs)
/mnt/beegfs/hellgate/home/tp183485/timecorr_trazzp/timecorr/braintools/brain_reduce.py:84: UserWarning: Rows <= ndims: returning zeros.
  warnings.warn('Rows <= ndims: returning zeros.')
/mnt/beegfs/hellgate/home/tp183485/timecorr_trazzp/timecorr_venv/lib/python3.12/site-packages/sklearn/utils/_param_validation.py:189: RuntimeWarning: Orthogonal matching pursuit ended prematurely due to linear dependence in the dictionary. The requested precision might not have been met.
  return func(*args, **kwargs)
/mnt/beegfs/hellgate/home/tp183485/timecorr_trazzp/timecorr/braintools/brain_reduce.py:84: UserWarning: Rows <= ndims: returning zeros.
  warnings.warn('Rows <= ndims: returning zeros.')
/mnt/beegfs/hellgate/home/tp183485/timecorr_trazzp/timecorr_venv/lib/python3.12/site-packages/sklearn/utils/_param_validation.py:189: RuntimeWarning: Orthogonal matching pursuit ended prematurely due to linear dependence in the dictionary. The requested precision might not have been met.
  return func(*args, **kwargs)
/mnt/beegfs/hellgate/home/tp183485/timecorr_trazzp/timecorr_venv/lib/python3.12/site-packages/sklearn/utils/_param_validation.py:189: RuntimeWarning: Orthogonal matching pursuit ended prematurely due to linear dependence in the dictionary. The requested precision might not have been met.
  return func(*args, **kwargs)
/mnt/beegfs/hellgate/home/tp183485/timecorr_trazzp/timecorr/braintools/brain_reduce.py:84: UserWarning: Rows <= ndims: returning zeros.
  warnings.warn('Rows <= ndims: returning zeros.')
/mnt/beegfs/hellgate/home/tp183485/timecorr_trazzp/timecorr_venv/lib/python3.12/site-packages/sklearn/utils/_param_validation.py:189: RuntimeWarning: Orthogonal matching pursuit ended prematurely due to linear dependence in the dictionary. The requested precision might not have been met.
  return func(*args, **kwargs)
/mnt/beegfs/hellgate/home/tp183485/timecorr_trazzp/timecorr/braintools/brain_reduce.py:84: UserWarning: Rows <= ndims: returning zeros.
  warnings.warn('Rows <= ndims: returning zeros.')
/mnt/beegfs/hellgate/home/tp183485/timecorr_trazzp/timecorr_venv/lib/python3.12/site-packages/sklearn/utils/_param_validation.py:189: RuntimeWarning: Orthogonal matching pursuit ended prematurely due to linear dependence in the dictionary. The requested precision might not have been met.
  return func(*args, **kwargs)
/mnt/beegfs/hellgate/home/tp183485/timecorr_trazzp/timecorr_venv/lib/python3.12/site-packages/sklearn/utils/_param_validation.py:189: RuntimeWarning: Orthogonal matching pursuit ended prematurely due to linear dependence in the dictionary. The requested precision might not have been met.
  return func(*args, **kwargs)
/mnt/beegfs/hellgate/home/tp183485/timecorr_trazzp/timecorr/braintools/brain_reduce.py:84: UserWarning: Rows <= ndims: returning zeros.
  warnings.warn('Rows <= ndims: returning zeros.')
/mnt/beegfs/hellgate/home/tp183485/timecorr_trazzp/timecorr/braintools/brain_reduce.py:84: UserWarning: Rows <= ndims: returning zeros.
  warnings.warn('Rows <= ndims: returning zeros.')
/mnt/beegfs/hellgate/home/tp183485/timecorr_trazzp/timecorr_venv/lib/python3.12/site-packages/sklearn/utils/_param_validation.py:189: RuntimeWarning: Orthogonal matching pursuit ended prematurely due to linear dependence in the dictionary. The requested precision might not have been met.
  return func(*args, **kwargs)
/mnt/beegfs/hellgate/home/tp183485/timecorr_trazzp/timecorr_venv/lib/python3.12/site-packages/sklearn/utils/_param_validation.py:189: RuntimeWarning: Orthogonal matching pursuit ended prematurely due to linear dependence in the dictionary. The requested precision might not have been met.
  return func(*args, **kwargs)
/mnt/beegfs/hellgate/home/tp183485/timecorr_trazzp/timecorr/braintools/brain_reduce.py:84: UserWarning: Rows <= ndims: returning zeros.
  warnings.warn('Rows <= ndims: returning zeros.')
/mnt/beegfs/hellgate/home/tp183485/timecorr_trazzp/timecorr/braintools/brain_reduce.py:84: UserWarning: Rows <= ndims: returning zeros.
  warnings.warn('Rows <= ndims: returning zeros.')
/mnt/beegfs/hellgate/home/tp183485/timecorr_trazzp/timecorr_venv/lib/python3.12/site-packages/sklearn/utils/_param_validation.py:189: RuntimeWarning: Orthogonal matching pursuit ended prematurely due to linear dependence in the dictionary. The requested precision might not have been met.
  return func(*args, **kwargs)
/mnt/beegfs/hellgate/home/tp183485/timecorr_trazzp/timecorr_venv/lib/python3.12/site-packages/sklearn/utils/_param_validation.py:189: RuntimeWarning: Orthogonal matching pursuit ended prematurely due to linear dependence in the dictionary. The requested precision might not have been met.
  return func(*args, **kwargs)
/mnt/beegfs/hellgate/home/tp183485/timecorr_trazzp/timecorr/braintools/brain_reduce.py:84: UserWarning: Rows <= ndims: returning zeros.
  warnings.warn('Rows <= ndims: returning zeros.')
/mnt/beegfs/hellgate/home/tp183485/timecorr_trazzp/timecorr_venv/lib/python3.12/site-packages/sklearn/utils/_param_validation.py:189: RuntimeWarning: Orthogonal matching pursuit ended prematurely due to linear dependence in the dictionary. The requested precision might not have been met.
  return func(*args, **kwargs)
/mnt/beegfs/hellgate/home/tp183485/timecorr_trazzp/timecorr/braintools/brain_reduce.py:84: UserWarning: Rows <= ndims: returning zeros.
  warnings.warn('Rows <= ndims: returning zeros.')
/mnt/beegfs/hellgate/home/tp183485/timecorr_trazzp/timecorr_venv/lib/python3.12/site-packages/sklearn/utils/_param_validation.py:189: RuntimeWarning: Orthogonal matching pursuit ended prematurely due to linear dependence in the dictionary. The requested precision might not have been met.
  return func(*args, **kwargs)
/mnt/beegfs/hellgate/home/tp183485/timecorr_trazzp/timecorr_venv/lib/python3.12/site-packages/sklearn/utils/_param_validation.py:189: RuntimeWarning: Orthogonal matching pursuit ended prematurely due to linear dependence in the dictionary. The requested precision might not have been met.
  return func(*args, **kwargs)
/mnt/beegfs/hellgate/home/tp183485/timecorr_trazzp/timecorr/braintools/brain_reduce.py:84: UserWarning: Rows <= ndims: returning zeros.
  warnings.warn('Rows <= ndims: returning zeros.')
/mnt/beegfs/hellgate/home/tp183485/timecorr_trazzp/timecorr/braintools/brain_reduce.py:84: UserWarning: Rows <= ndims: returning zeros.
  warnings.warn('Rows <= ndims: returning zeros.')
/mnt/beegfs/hellgate/home/tp183485/timecorr_trazzp/timecorr/braintools/brain_reduce.py:84: UserWarning: Rows <= ndims: returning zeros.
  warnings.warn('Rows <= ndims: returning zeros.')
/mnt/beegfs/hellgate/home/tp183485/timecorr_trazzp/timecorr/braintools/brain_reduce.py:84: UserWarning: Rows <= ndims: returning zeros.
  warnings.warn('Rows <= ndims: returning zeros.')
/mnt/beegfs/hellgate/home/tp183485/timecorr_trazzp/timecorr/braintools/brain_reduce.py:84: UserWarning: Rows <= ndims: returning zeros.
  warnings.warn('Rows <= ndims: returning zeros.')
/mnt/beegfs/hellgate/home/tp183485/timecorr_trazzp/timecorr/braintools/brain_reduce.py:84: UserWarning: Rows <= ndims: returning zeros.
  warnings.warn('Rows <= ndims: returning zeros.')
/mnt/beegfs/hellgate/home/tp183485/timecorr_trazzp/timecorr/braintools/brain_reduce.py:84: UserWarning: Rows <= ndims: returning zeros.
  warnings.warn('Rows <= ndims: returning zeros.')
/mnt/beegfs/hellgate/home/tp183485/timecorr_trazzp/timecorr/braintools/brain_reduce.py:84: UserWarning: Rows <= ndims: returning zeros.
  warnings.warn('Rows <= ndims: returning zeros.')
slurmstepd-hggpu4-6: error: *** JOB 1159008 ON hggpu4-6 CANCELLED AT 2025-07-22T07:24:54 DUE TO TIME LIMIT ***
