corrs 1
sub corrs 10
corrs 2
sub corrs 20
corrs 3
sub corrs 30
corrs 4
sub corrs 40
corrs 5
sub corrs 50
corrs 6
sub corrs 60
corrs 7
sub corrs 70
corrs 8
sub corrs 80
corrs 9
sub corrs 90
corrs 10
sub corrs 100
Optimization terminated successfully    (Exit mode 0)
            Current function value: 0.09700000000000016
            Iterations: 1
            Function evaluations: 2
            Gradient evaluations: 1
       rank  accuracy  error
0  0.964122      0.34  0.097
Optimization terminated successfully    (Exit mode 0)
            Current function value: 0.09700000000000016
            Iterations: 4
            Function evaluations: 12
            Gradient evaluations: 4
       rank  accuracy  error
0  0.964122      0.34  0.097
Optimization terminated successfully    (Exit mode 0)
            Current function value: 0.08904444444444459
            Iterations: 4
            Function evaluations: 27
            Gradient evaluations: 4
       rank  accuracy     error
0  0.965233  0.336667  0.089044
Optimization terminated successfully    (Exit mode 0)
            Current function value: 0.09018888888888905
            Iterations: 5
            Function evaluations: 37
            Gradient evaluations: 5
     rank  accuracy     error
0  0.9667  0.343333  0.090189
Optimization terminated successfully    (Exit mode 0)
            Current function value: 0.05135555555555553
            Iterations: 4
            Function evaluations: 38
            Gradient evaluations: 4
       rank  accuracy     error
0  0.970656      0.32  0.051356
Optimization terminated successfully    (Exit mode 0)
            Current function value: 0.05138888888888888
            Iterations: 8
            Function evaluations: 69
            Gradient evaluations: 8
       rank  accuracy     error
0  0.970322      0.32  0.051389
Optimization terminated successfully    (Exit mode 0)
            Current function value: 0.045399999999999975
            Iterations: 9
            Function evaluations: 85
            Gradient evaluations: 9
       rank  accuracy   error
0  0.977322  0.343333  0.0454
Optimization terminated successfully    (Exit mode 0)
            Current function value: 0.05016666666666666
            Iterations: 7
            Function evaluations: 81
            Gradient evaluations: 7
       rank  accuracy     error
0  0.974933  0.343333  0.050167
Optimization terminated successfully    (Exit mode 0)
            Current function value: 0.042711111111111165
            Iterations: 4
            Function evaluations: 52
            Gradient evaluations: 4
       rank  accuracy     error
0  0.976444  0.336667  0.042711
Optimization terminated successfully    (Exit mode 0)
            Current function value: 0.038444444444444496
            Iterations: 7
            Function evaluations: 94
            Gradient evaluations: 7
       rank  accuracy     error
0  0.974222  0.343333  0.038444
Optimization terminated successfully    (Exit mode 0)
            Current function value: 0.0407777777777778
            Iterations: 7
            Function evaluations: 102
            Gradient evaluations: 7
     rank  accuracy     error
0  0.9746      0.34  0.040778
corrs 1
sub corrs 10
corrs 2
sub corrs 20
corrs 3
sub corrs 30
corrs 4
sub corrs 40
corrs 5
sub corrs 50
corrs 6
sub corrs 60
corrs 7
sub corrs 70
corrs 8
sub corrs 80
corrs 9
sub corrs 90
corrs 10
sub corrs 100
Optimization terminated successfully    (Exit mode 0)
            Current function value: 0.07172222222222228
            Iterations: 1
            Function evaluations: 2
            Gradient evaluations: 1
       rank  accuracy     error
0  0.961133  0.323333  0.071722
Optimization terminated successfully    (Exit mode 0)
            Current function value: 0.07172222222222228
            Iterations: 3
            Function evaluations: 9
            Gradient evaluations: 3
       rank  accuracy     error
0  0.961133  0.323333  0.071722
Optimization terminated successfully    (Exit mode 0)
            Current function value: 0.07546666666666672
            Iterations: 3
            Function evaluations: 23
            Gradient evaluations: 3
     rank  accuracy     error
0  0.9624  0.316667  0.075467
Optimization terminated successfully    (Exit mode 0)
            Current function value: 0.07067777777777784
            Iterations: 4
            Function evaluations: 31
            Gradient evaluations: 4
       rank  accuracy     error
0  0.961333  0.326667  0.070678
Optimization terminated successfully    (Exit mode 0)
            Current function value: 0.050644444444444464
            Iterations: 5
            Function evaluations: 41
            Gradient evaluations: 5
       rank  accuracy     error
0  0.969544  0.326667  0.050644
Optimization terminated successfully    (Exit mode 0)
            Current function value: 0.04923333333333336
            Iterations: 8
            Function evaluations: 71
            Gradient evaluations: 8
       rank  accuracy     error
0  0.970878      0.33  0.049233
Optimization terminated successfully    (Exit mode 0)
            Current function value: 0.04605555555555558
            Iterations: 6
            Function evaluations: 63
            Gradient evaluations: 6
       rank  accuracy     error
0  0.974044      0.34  0.046056
Optimization terminated successfully    (Exit mode 0)
            Current function value: 0.045300000000000014
            Iterations: 9
            Function evaluations: 95
            Gradient evaluations: 9
       rank  accuracy   error
0  0.971333  0.333333  0.0453
Optimization terminated successfully    (Exit mode 0)
            Current function value: 0.0443777777777778
            Iterations: 3
            Function evaluations: 41
            Gradient evaluations: 3
       rank  accuracy     error
0  0.968744      0.35  0.044378
Optimization terminated successfully    (Exit mode 0)
            Current function value: 0.04336666666666669
            Iterations: 5
            Function evaluations: 66
            Gradient evaluations: 5
       rank  accuracy     error
0  0.970844  0.343333  0.043367
Optimization terminated successfully    (Exit mode 0)
            Current function value: 0.04620000000000004
            Iterations: 4
            Function evaluations: 59
            Gradient evaluations: 4
       rank  accuracy   error
0  0.971022  0.326667  0.0462
 Experiment complete. Results at: /mnt/beegfs/hellgate/home/tp183485/timecorr_trazzp/Cluster_Data/intact/intact_100_10_10_isfc_TruncatedSVD_15_laplace.csv
