corrs 1
sub corrs 10
corrs 2
sub corrs 20
corrs 3
sub corrs 30
corrs 4
sub corrs 40
corrs 5
sub corrs 50
corrs 6
sub corrs 60
corrs 7
sub corrs 70
corrs 8
sub corrs 80
corrs 9
sub corrs 90
corrs 10
sub corrs 100
Optimization terminated successfully    (Exit mode 0)
            Current function value: 0.09244444444444462
            Iterations: 1
            Function evaluations: 2
            Gradient evaluations: 1
       rank  accuracy     error
0  0.965056  0.276667  0.092444
Optimization terminated successfully    (Exit mode 0)
            Current function value: 0.09244444444444462
            Iterations: 3
            Function evaluations: 9
            Gradient evaluations: 3
       rank  accuracy     error
0  0.965056  0.276667  0.092444
Optimization terminated successfully    (Exit mode 0)
            Current function value: 0.09053333333333352
            Iterations: 6
            Function evaluations: 35
            Gradient evaluations: 6
       rank  accuracy     error
0  0.963422  0.276667  0.090533
Optimization terminated successfully    (Exit mode 0)
            Current function value: 0.08852222222222238
            Iterations: 5
            Function evaluations: 36
            Gradient evaluations: 5
       rank  accuracy     error
0  0.961656  0.273333  0.088522
Optimization terminated successfully    (Exit mode 0)
            Current function value: 0.09100000000000019
            Iterations: 6
            Function evaluations: 47
            Gradient evaluations: 6
       rank  accuracy  error
0  0.964856  0.283333  0.091
Optimization terminated successfully    (Exit mode 0)
            Current function value: 0.08514444444444459
            Iterations: 7
            Function evaluations: 63
            Gradient evaluations: 7
       rank  accuracy     error
0  0.962822      0.27  0.085144
Optimization terminated successfully    (Exit mode 0)
            Current function value: 0.0879444444444446
            Iterations: 4
            Function evaluations: 45
            Gradient evaluations: 4
       rank  accuracy     error
0  0.964522  0.283333  0.087944
Optimization terminated successfully    (Exit mode 0)
            Current function value: 0.08466666666666683
            Iterations: 6
            Function evaluations: 66
            Gradient evaluations: 6
       rank  accuracy     error
0  0.964233      0.28  0.084667
Optimization terminated successfully    (Exit mode 0)
            Current function value: 0.08655555555555569
            Iterations: 7
            Function evaluations: 82
            Gradient evaluations: 7
       rank  accuracy     error
0  0.962144  0.263333  0.086556
Optimization terminated successfully    (Exit mode 0)
            Current function value: 0.08626666666666681
            Iterations: 6
            Function evaluations: 78
            Gradient evaluations: 6
       rank  accuracy     error
0  0.960656  0.266667  0.086267
Optimization terminated successfully    (Exit mode 0)
            Current function value: 0.09174444444444461
            Iterations: 8
            Function evaluations: 109
            Gradient evaluations: 8
       rank  accuracy     error
0  0.964422  0.293333  0.091744
corrs 1
sub corrs 10
corrs 2
sub corrs 20
corrs 3
sub corrs 30
corrs 4
sub corrs 40
corrs 5
sub corrs 50
corrs 6
sub corrs 60
corrs 7
sub corrs 70
corrs 8
sub corrs 80
corrs 9
sub corrs 90
corrs 10
sub corrs 100
Optimization terminated successfully    (Exit mode 0)
            Current function value: 0.09660000000000019
            Iterations: 1
            Function evaluations: 2
            Gradient evaluations: 1
     rank  accuracy   error
0  0.9647  0.293333  0.0966
Optimization terminated successfully    (Exit mode 0)
            Current function value: 0.09660000000000019
            Iterations: 3
            Function evaluations: 9
            Gradient evaluations: 3
     rank  accuracy   error
0  0.9647  0.293333  0.0966
Optimization terminated successfully    (Exit mode 0)
            Current function value: 0.11095555555555564
            Iterations: 5
            Function evaluations: 37
            Gradient evaluations: 5
       rank  accuracy     error
0  0.899944      0.19  0.110956
Optimization terminated successfully    (Exit mode 0)
            Current function value: 0.09634444444444464
            Iterations: 7
            Function evaluations: 47
            Gradient evaluations: 7
       rank  accuracy     error
0  0.962122      0.27  0.096344
Optimization terminated successfully    (Exit mode 0)
            Current function value: 0.09588888888888901
            Iterations: 7
            Function evaluations: 55
            Gradient evaluations: 7
       rank  accuracy     error
0  0.962189      0.28  0.095889
Optimization terminated successfully    (Exit mode 0)
            Current function value: 0.09367777777777794
            Iterations: 5
            Function evaluations: 46
            Gradient evaluations: 5
       rank  accuracy     error
0  0.964522  0.286667  0.093678
Optimization terminated successfully    (Exit mode 0)
            Current function value: 0.08927777777777787
            Iterations: 8
            Function evaluations: 77
            Gradient evaluations: 8
       rank  accuracy     error
0  0.963978  0.286667  0.089278
Optimization terminated successfully    (Exit mode 0)
            Current function value: 0.08931111111111122
            Iterations: 5
            Function evaluations: 56
            Gradient evaluations: 5
       rank  accuracy     error
0  0.964244      0.29  0.089311
Optimization terminated successfully    (Exit mode 0)
            Current function value: 0.09133333333333343
            Iterations: 9
            Function evaluations: 102
            Gradient evaluations: 9
       rank  accuracy     error
0  0.964678  0.283333  0.091333
Optimization terminated successfully    (Exit mode 0)
            Current function value: 0.09081111111111123
            Iterations: 7
            Function evaluations: 88
            Gradient evaluations: 7
       rank  accuracy     error
0  0.964389  0.286667  0.090811
Optimization terminated successfully    (Exit mode 0)
            Current function value: 0.09136666666666678
            Iterations: 7
            Function evaluations: 95
            Gradient evaluations: 7
     rank  accuracy     error
0  0.9636  0.283333  0.091367
 Experiment complete. Results at: /mnt/beegfs/hellgate/home/tp183485/timecorr_trazzp/Cluster_Data/intact/intact_100_10_10_isfc_IncrementalPCA_40_gaussian.csv
