corrs 1
sub corrs 10
corrs 2
sub corrs 20
corrs 3
sub corrs 30
corrs 4
sub corrs 40
corrs 5
sub corrs 50
corrs 6
sub corrs 60
corrs 7
sub corrs 70
corrs 8
sub corrs 80
corrs 9
sub corrs 90
corrs 10
sub corrs 100
Optimization terminated successfully    (Exit mode 0)
            Current function value: 0.10933333333333337
            Iterations: 1
            Function evaluations: 2
            Gradient evaluations: 1
Optimization terminated successfully    (Exit mode 0)
            Current function value: 0.10333333333333347
            Iterations: 6
            Function evaluations: 31
            Gradient evaluations: 6
Optimization terminated successfully    (Exit mode 0)
            Current function value: 0.10461111111111122
            Iterations: 1
            Function evaluations: 15
            Gradient evaluations: 1
Optimization terminated successfully    (Exit mode 0)
            Current function value: 0.027811111111111113
            Iterations: 3
            Function evaluations: 29
            Gradient evaluations: 3
Optimization terminated successfully    (Exit mode 0)
            Current function value: 0.029800000000000028
            Iterations: 4
            Function evaluations: 37
            Gradient evaluations: 4
Optimization terminated successfully    (Exit mode 0)
            Current function value: 0.031622222222222204
            Iterations: 5
            Function evaluations: 48
            Gradient evaluations: 5
Optimization terminated successfully    (Exit mode 0)
            Current function value: 0.02942222222222224
            Iterations: 10
            Function evaluations: 97
            Gradient evaluations: 10
Optimization terminated successfully    (Exit mode 0)
            Current function value: 0.03296666666666667
            Iterations: 4
            Function evaluations: 47
            Gradient evaluations: 4
Optimization terminated successfully    (Exit mode 0)
            Current function value: 0.023888888888888824
            Iterations: 10
            Function evaluations: 121
            Gradient evaluations: 10
Optimization terminated successfully    (Exit mode 0)
            Current function value: 0.025811111111111052
            Iterations: 8
            Function evaluations: 105
            Gradient evaluations: 8
Optimization terminated successfully    (Exit mode 0)
            Current function value: 0.030099999999999957
            Iterations: 4
            Function evaluations: 59
            Gradient evaluations: 4
corrs 1
sub corrs 10
corrs 2
sub corrs 20
corrs 3
sub corrs 30
corrs 4
sub corrs 40
corrs 5
sub corrs 50
corrs 6
sub corrs 60
corrs 7
sub corrs 70
corrs 8
sub corrs 80
corrs 9
sub corrs 90
corrs 10
sub corrs 100
Optimization terminated successfully    (Exit mode 0)
            Current function value: 0.10386666666666687
            Iterations: 1
            Function evaluations: 2
            Gradient evaluations: 1
Optimization terminated successfully    (Exit mode 0)
            Current function value: 0.10386666666666687
            Iterations: 4
            Function evaluations: 12
            Gradient evaluations: 4
Optimization terminated successfully    (Exit mode 0)
            Current function value: 0.04507777777777784
            Iterations: 4
            Function evaluations: 28
            Gradient evaluations: 4
Optimization terminated successfully    (Exit mode 0)
            Current function value: 0.033922222222222215
            Iterations: 7
            Function evaluations: 48
            Gradient evaluations: 7
Optimization terminated successfully    (Exit mode 0)
            Current function value: 0.034833333333333334
            Iterations: 4
            Function evaluations: 35
            Gradient evaluations: 4
Optimization terminated successfully    (Exit mode 0)
            Current function value: 0.032211111111111114
            Iterations: 4
            Function evaluations: 40
            Gradient evaluations: 4
Optimization terminated successfully    (Exit mode 0)
            Current function value: 0.039199999999999985
            Iterations: 13
            Function evaluations: 122
            Gradient evaluations: 13
Optimization terminated successfully    (Exit mode 0)
            Current function value: 0.03019999999999996
            Iterations: 4
            Function evaluations: 50
            Gradient evaluations: 4
Optimization terminated successfully    (Exit mode 0)
            Current function value: 0.08828888888888904
            Iterations: 4
            Function evaluations: 52
            Gradient evaluations: 4
Optimization terminated successfully    (Exit mode 0)
            Current function value: 0.026844444444444397
            Iterations: 4
            Function evaluations: 56
            Gradient evaluations: 4
Optimization terminated successfully    (Exit mode 0)
            Current function value: 0.022322222222222163
            Iterations: 7
            Function evaluations: 100
            Gradient evaluations: 7
 Experiment complete. Results at: /mnt/beegfs/hellgate/home/tp183485/timecorr_trazzp/Cluster_Data/intact/intact_700_10_10_isfc_FactorAnalysis_25_gaussian.csv
