corrs 1
sub corrs 10
corrs 2
sub corrs 20
corrs 3
sub corrs 30
corrs 4
sub corrs 40
corrs 5
sub corrs 50
corrs 6
sub corrs 60
corrs 7
sub corrs 70
corrs 8
sub corrs 80
corrs 9
sub corrs 90
corrs 10
sub corrs 100
Optimization terminated successfully    (Exit mode 0)
            Current function value: 0.1212222222222223
            Iterations: 1
            Function evaluations: 2
            Gradient evaluations: 1
     rank  accuracy     error
0  0.9605      0.25  0.121222
Optimization terminated successfully    (Exit mode 0)
            Current function value: 0.11613333333333337
            Iterations: 3
            Function evaluations: 20
            Gradient evaluations: 3
     rank  accuracy     error
0  0.9596  0.263333  0.116133
Optimization terminated successfully    (Exit mode 0)
            Current function value: 0.005633333333333343
            Iterations: 1
            Function evaluations: 15
            Gradient evaluations: 1
       rank  accuracy     error
0  0.992156      0.35  0.005633
Optimization terminated successfully    (Exit mode 0)
            Current function value: 0.0051777777777777855
            Iterations: 3
            Function evaluations: 27
            Gradient evaluations: 3
       rank  accuracy     error
0  0.992433  0.353333  0.005178
Optimization terminated successfully    (Exit mode 0)
            Current function value: 0.0049777777777777815
            Iterations: 5
            Function evaluations: 41
            Gradient evaluations: 5
       rank  accuracy     error
0  0.992844  0.353333  0.004978
Optimization terminated successfully    (Exit mode 0)
            Current function value: 0.005344444444444452
            Iterations: 3
            Function evaluations: 36
            Gradient evaluations: 3
       rank  accuracy     error
0  0.992489  0.346667  0.005344
Optimization terminated successfully    (Exit mode 0)
            Current function value: 0.0052444444444444535
            Iterations: 6
            Function evaluations: 59
            Gradient evaluations: 6
       rank  accuracy     error
0  0.992767  0.346667  0.005244
Optimization terminated successfully    (Exit mode 0)
            Current function value: 0.005255555555555565
            Iterations: 3
            Function evaluations: 40
            Gradient evaluations: 3
       rank  accuracy     error
0  0.992533      0.35  0.005256
Optimization terminated successfully    (Exit mode 0)
            Current function value: 0.0049333333333333425
            Iterations: 5
            Function evaluations: 61
            Gradient evaluations: 5
       rank  accuracy     error
0  0.993089  0.356667  0.004933
Optimization terminated successfully    (Exit mode 0)
            Current function value: 0.0051333333333333404
            Iterations: 4
            Function evaluations: 55
            Gradient evaluations: 4
       rank  accuracy     error
0  0.992644  0.353333  0.005133
Optimization terminated successfully    (Exit mode 0)
            Current function value: 0.004911111111111116
            Iterations: 7
            Function evaluations: 95
            Gradient evaluations: 7
       rank  accuracy     error
0  0.992789  0.356667  0.004911
corrs 1
sub corrs 10
corrs 2
sub corrs 20
corrs 3
sub corrs 30
corrs 4
sub corrs 40
corrs 5
sub corrs 50
corrs 6
sub corrs 60
corrs 7
sub corrs 70
corrs 8
sub corrs 80
corrs 9
sub corrs 90
corrs 10
sub corrs 100
Optimization terminated successfully    (Exit mode 0)
            Current function value: 0.09040000000000005
            Iterations: 1
            Function evaluations: 2
            Gradient evaluations: 1
       rank  accuracy   error
0  0.961678  0.243333  0.0904
Optimization terminated successfully    (Exit mode 0)
            Current function value: 0.0703111111111112
            Iterations: 4
            Function evaluations: 24
            Gradient evaluations: 4
       rank  accuracy     error
0  0.965078  0.256667  0.070311
Optimization terminated successfully    (Exit mode 0)
            Current function value: 0.0055000000000000075
            Iterations: 5
            Function evaluations: 31
            Gradient evaluations: 5
       rank  accuracy   error
0  0.991356      0.31  0.0055
Optimization terminated successfully    (Exit mode 0)
            Current function value: 0.0055777777777777865
            Iterations: 7
            Function evaluations: 47
            Gradient evaluations: 7
       rank  accuracy     error
0  0.990944       0.3  0.005578
Optimization terminated successfully    (Exit mode 0)
            Current function value: 0.007688888888888902
            Iterations: 2
            Function evaluations: 23
            Gradient evaluations: 2
       rank  accuracy     error
0  0.989733      0.28  0.007689
Optimization terminated successfully    (Exit mode 0)
            Current function value: 0.0074111111111111235
            Iterations: 2
            Function evaluations: 25
            Gradient evaluations: 2
     rank  accuracy     error
0  0.9905  0.283333  0.007411
Optimization terminated successfully    (Exit mode 0)
            Current function value: 0.006433333333333345
            Iterations: 2
            Function evaluations: 27
            Gradient evaluations: 2
       rank  accuracy     error
0  0.990967  0.296667  0.006433
Optimization terminated successfully    (Exit mode 0)
            Current function value: 0.005500000000000008
            Iterations: 6
            Function evaluations: 68
            Gradient evaluations: 6
       rank  accuracy   error
0  0.991344      0.31  0.0055
Optimization terminated successfully    (Exit mode 0)
            Current function value: 0.005411111111111118
            Iterations: 5
            Function evaluations: 62
            Gradient evaluations: 5
       rank  accuracy     error
0  0.991356      0.31  0.005411
Optimization terminated successfully    (Exit mode 0)
            Current function value: 0.005544444444444453
            Iterations: 6
            Function evaluations: 79
            Gradient evaluations: 6
       rank  accuracy     error
0  0.991189  0.303333  0.005544
Optimization terminated successfully    (Exit mode 0)
            Current function value: 0.005455555555555561
            Iterations: 9
            Function evaluations: 122
            Gradient evaluations: 9
       rank  accuracy     error
0  0.991278  0.306667  0.005456
 Experiment complete. Results at: /mnt/beegfs/hellgate/home/tp183485/timecorr_trazzp/Cluster_Data/intact/intact_100_10_10_isfc_TruncatedSVD_30_laplace.csv
