corrs 1
sub corrs 10
corrs 2
sub corrs 20
corrs 3
sub corrs 30
corrs 4
sub corrs 40
corrs 5
sub corrs 50
corrs 6
sub corrs 60
corrs 7
sub corrs 70
corrs 8
sub corrs 80
corrs 9
sub corrs 90
corrs 10
sub corrs 100
Optimization terminated successfully    (Exit mode 0)
            Current function value: 0.09233333333333352
            Iterations: 1
            Function evaluations: 2
            Gradient evaluations: 1
Optimization terminated successfully    (Exit mode 0)
            Current function value: 0.08381111111111116
            Iterations: 5
            Function evaluations: 34
            Gradient evaluations: 5
Optimization terminated successfully    (Exit mode 0)
            Current function value: 0.031322222222222196
            Iterations: 6
            Function evaluations: 42
            Gradient evaluations: 6
Optimization terminated successfully    (Exit mode 0)
            Current function value: 0.02819999999999997
            Iterations: 5
            Function evaluations: 37
            Gradient evaluations: 5
Optimization terminated successfully    (Exit mode 0)
            Current function value: 0.028244444444444405
            Iterations: 4
            Function evaluations: 37
            Gradient evaluations: 4
Optimization terminated successfully    (Exit mode 0)
            Current function value: 0.02516666666666661
            Iterations: 11
            Function evaluations: 97
            Gradient evaluations: 11
Optimization terminated successfully    (Exit mode 0)
            Current function value: 0.0292222222222222
            Iterations: 12
            Function evaluations: 112
            Gradient evaluations: 12
Optimization terminated successfully    (Exit mode 0)
            Current function value: 0.02668888888888883
            Iterations: 12
            Function evaluations: 126
            Gradient evaluations: 12
Optimization terminated successfully    (Exit mode 0)
            Current function value: 0.013211111111111139
            Iterations: 9
            Function evaluations: 107
            Gradient evaluations: 9
Optimization terminated successfully    (Exit mode 0)
            Current function value: 0.046011111111111176
            Iterations: 7
            Function evaluations: 89
            Gradient evaluations: 7
Optimization terminated successfully    (Exit mode 0)
            Current function value: 0.015288888888888873
            Iterations: 20
            Function evaluations: 268
            Gradient evaluations: 20
corrs 1
sub corrs 10
corrs 2
sub corrs 20
corrs 3
sub corrs 30
corrs 4
sub corrs 40
corrs 5
sub corrs 50
corrs 6
sub corrs 60
corrs 7
sub corrs 70
corrs 8
sub corrs 80
corrs 9
sub corrs 90
corrs 10
sub corrs 100
Optimization terminated successfully    (Exit mode 0)
            Current function value: 0.11365555555555563
            Iterations: 1
            Function evaluations: 2
            Gradient evaluations: 1
Optimization terminated successfully    (Exit mode 0)
            Current function value: 0.037500000000000006
            Iterations: 6
            Function evaluations: 39
            Gradient evaluations: 6
Optimization terminated successfully    (Exit mode 0)
            Current function value: 0.02986666666666664
            Iterations: 5
            Function evaluations: 33
            Gradient evaluations: 5
Optimization terminated successfully    (Exit mode 0)
            Current function value: 0.02861111111111109
            Iterations: 21
            Function evaluations: 134
            Gradient evaluations: 21
Optimization terminated successfully    (Exit mode 0)
            Current function value: 0.08085555555555564
            Iterations: 5
            Function evaluations: 44
            Gradient evaluations: 5
Optimization terminated successfully    (Exit mode 0)
            Current function value: 0.02981111111111108
            Iterations: 10
            Function evaluations: 83
            Gradient evaluations: 10
Optimization terminated successfully    (Exit mode 0)
            Current function value: 0.030111111111111092
            Iterations: 9
            Function evaluations: 87
            Gradient evaluations: 9
Optimization terminated successfully    (Exit mode 0)
            Current function value: 0.03011111111111109
            Iterations: 7
            Function evaluations: 75
            Gradient evaluations: 7
Optimization terminated successfully    (Exit mode 0)
            Current function value: 0.010544444444444466
            Iterations: 8
            Function evaluations: 97
            Gradient evaluations: 8
Optimization terminated successfully    (Exit mode 0)
            Current function value: 0.009500000000000022
            Iterations: 13
            Function evaluations: 166
            Gradient evaluations: 13
Optimization terminated successfully    (Exit mode 0)
            Current function value: 0.021744444444444375
            Iterations: 12
            Function evaluations: 166
            Gradient evaluations: 12
 Experiment complete. Results at: /mnt/beegfs/hellgate/home/tp183485/timecorr_trazzp/Cluster_Data/intact/intact_700_10_10_isfc_TruncatedSVD_50_mexican_hat.csv
