corrs 1
sub corrs 10
corrs 2
sub corrs 20
corrs 3
sub corrs 30
corrs 4
sub corrs 40
corrs 5
sub corrs 50
corrs 6
sub corrs 60
corrs 7
sub corrs 70
corrs 8
sub corrs 80
corrs 9
sub corrs 90
corrs 10
sub corrs 100
Optimization terminated successfully    (Exit mode 0)
            Current function value: 0.09360000000000016
            Iterations: 1
            Function evaluations: 2
            Gradient evaluations: 1
       rank  accuracy   error
0  0.970967      0.29  0.0936
Optimization terminated successfully    (Exit mode 0)
            Current function value: 0.09360000000000016
            Iterations: 3
            Function evaluations: 9
            Gradient evaluations: 3
       rank  accuracy   error
0  0.970967      0.29  0.0936
Optimization terminated successfully    (Exit mode 0)
            Current function value: 0.09360000000000016
            Iterations: 4
            Function evaluations: 16
            Gradient evaluations: 4
       rank  accuracy   error
0  0.970967      0.29  0.0936
Optimization terminated successfully    (Exit mode 0)
            Current function value: 0.08897777777777795
            Iterations: 6
            Function evaluations: 42
            Gradient evaluations: 6
       rank  accuracy     error
0  0.971033  0.293333  0.088978
Optimization terminated successfully    (Exit mode 0)
            Current function value: 0.08971111111111126
            Iterations: 8
            Function evaluations: 59
            Gradient evaluations: 8
       rank  accuracy     error
0  0.970889      0.29  0.089711
Optimization terminated successfully    (Exit mode 0)
            Current function value: 0.08971111111111126
            Iterations: 6
            Function evaluations: 53
            Gradient evaluations: 6
       rank  accuracy     error
0  0.970889      0.29  0.089711
Optimization terminated successfully    (Exit mode 0)
            Current function value: 0.08746666666666685
            Iterations: 4
            Function evaluations: 43
            Gradient evaluations: 4
    rank  accuracy     error
0  0.971      0.29  0.087467
Optimization terminated successfully    (Exit mode 0)
            Current function value: 0.0907333333333335
            Iterations: 5
            Function evaluations: 56
            Gradient evaluations: 5
     rank  accuracy     error
0  0.9689  0.286667  0.090733
Optimization terminated successfully    (Exit mode 0)
            Current function value: 0.08206666666666682
            Iterations: 9
            Function evaluations: 101
            Gradient evaluations: 9
       rank  accuracy     error
0  0.966778  0.293333  0.082067
Optimization terminated successfully    (Exit mode 0)
            Current function value: 0.08456666666666685
            Iterations: 11
            Function evaluations: 134
            Gradient evaluations: 11
       rank  accuracy     error
0  0.969589  0.293333  0.084567
Optimization terminated successfully    (Exit mode 0)
            Current function value: 0.08074444444444456
            Iterations: 9
            Function evaluations: 123
            Gradient evaluations: 9
       rank  accuracy     error
0  0.969756  0.296667  0.080744
corrs 1
sub corrs 10
corrs 2
sub corrs 20
corrs 3
sub corrs 30
corrs 4
sub corrs 40
corrs 5
sub corrs 50
corrs 6
sub corrs 60
corrs 7
sub corrs 70
corrs 8
sub corrs 80
corrs 9
sub corrs 90
corrs 10
sub corrs 100
Optimization terminated successfully    (Exit mode 0)
            Current function value: 0.09245555555555571
            Iterations: 1
            Function evaluations: 2
            Gradient evaluations: 1
       rank  accuracy     error
0  0.969289      0.28  0.092456
Optimization terminated successfully    (Exit mode 0)
            Current function value: 0.09245555555555571
            Iterations: 3
            Function evaluations: 9
            Gradient evaluations: 3
       rank  accuracy     error
0  0.969289      0.28  0.092456
Optimization terminated successfully    (Exit mode 0)
            Current function value: 0.09245555555555571
            Iterations: 4
            Function evaluations: 16
            Gradient evaluations: 4
       rank  accuracy     error
0  0.969289      0.28  0.092456
Optimization terminated successfully    (Exit mode 0)
            Current function value: 0.09245555555555571
            Iterations: 6
            Function evaluations: 30
            Gradient evaluations: 6
       rank  accuracy     error
0  0.969289      0.28  0.092456
Optimization terminated successfully    (Exit mode 0)
            Current function value: 0.09278888888888905
            Iterations: 5
            Function evaluations: 41
            Gradient evaluations: 5
       rank  accuracy     error
0  0.969122  0.273333  0.092789
Optimization terminated successfully    (Exit mode 0)
            Current function value: 0.09245555555555571
            Iterations: 4
            Function evaluations: 28
            Gradient evaluations: 4
       rank  accuracy     error
0  0.969289      0.28  0.092456
Optimization terminated successfully    (Exit mode 0)
            Current function value: 0.0923555555555557
            Iterations: 5
            Function evaluations: 51
            Gradient evaluations: 5
       rank  accuracy     error
0  0.969011  0.273333  0.092356
Optimization terminated successfully    (Exit mode 0)
            Current function value: 0.09237777777777792
            Iterations: 6
            Function evaluations: 65
            Gradient evaluations: 6
       rank  accuracy     error
0  0.969289      0.28  0.092378
Optimization terminated successfully    (Exit mode 0)
            Current function value: 0.09416666666666682
            Iterations: 9
            Function evaluations: 101
            Gradient evaluations: 9
       rank  accuracy     error
0  0.969067      0.27  0.094167
Optimization terminated successfully    (Exit mode 0)
            Current function value: 0.0930666666666668
            Iterations: 4
            Function evaluations: 55
            Gradient evaluations: 4
       rank  accuracy     error
0  0.969256      0.28  0.093067
Optimization terminated successfully    (Exit mode 0)
            Current function value: 0.09820000000000015
            Iterations: 9
            Function evaluations: 122
            Gradient evaluations: 9
       rank  accuracy   error
0  0.968189  0.276667  0.0982
 Experiment complete. Results at: /mnt/beegfs/hellgate/home/tp183485/timecorr_trazzp/Cluster_Data/intact/intact_100_10_10_isfc_PCA_10_laplace.csv
