corrs 1
sub corrs 10
corrs 2
sub corrs 20
corrs 3
sub corrs 30
corrs 4
sub corrs 40
corrs 5
sub corrs 50
corrs 6
sub corrs 60
corrs 7
sub corrs 70
corrs 8
sub corrs 80
corrs 9
sub corrs 90
corrs 10
sub corrs 100
Optimization terminated successfully    (Exit mode 0)
            Current function value: 0.09135555555555565
            Iterations: 1
            Function evaluations: 2
            Gradient evaluations: 1
Optimization terminated successfully    (Exit mode 0)
            Current function value: 0.01659999999999996
            Iterations: 5
            Function evaluations: 28
            Gradient evaluations: 5
Optimization terminated successfully    (Exit mode 0)
            Current function value: 0.015677777777777745
            Iterations: 1
            Function evaluations: 15
            Gradient evaluations: 1
Optimization terminated successfully    (Exit mode 0)
            Current function value: 0.011711111111111124
            Iterations: 4
            Function evaluations: 31
            Gradient evaluations: 4
Optimization terminated successfully    (Exit mode 0)
            Current function value: 0.01539999999999998
            Iterations: 3
            Function evaluations: 32
            Gradient evaluations: 3
Optimization terminated successfully    (Exit mode 0)
            Current function value: 0.007922222222222226
            Iterations: 8
            Function evaluations: 70
            Gradient evaluations: 8
Optimization terminated successfully    (Exit mode 0)
            Current function value: 0.00652222222222223
            Iterations: 3
            Function evaluations: 40
            Gradient evaluations: 3
Optimization terminated successfully    (Exit mode 0)
            Current function value: 0.005911111111111118
            Iterations: 4
            Function evaluations: 48
            Gradient evaluations: 4
Optimization terminated successfully    (Exit mode 0)
            Current function value: 0.005977777777777782
            Iterations: 7
            Function evaluations: 85
            Gradient evaluations: 7
Optimization terminated successfully    (Exit mode 0)
            Current function value: 0.007711111111111122
            Iterations: 4
            Function evaluations: 55
            Gradient evaluations: 4
Optimization terminated successfully    (Exit mode 0)
            Current function value: 0.005811111111111117
            Iterations: 6
            Function evaluations: 88
            Gradient evaluations: 6
corrs 1
sub corrs 10
corrs 2
sub corrs 20
corrs 3
sub corrs 30
corrs 4
sub corrs 40
corrs 5
sub corrs 50
corrs 6
sub corrs 60
corrs 7
sub corrs 70
corrs 8
sub corrs 80
corrs 9
sub corrs 90
corrs 10
sub corrs 100
Optimization terminated successfully    (Exit mode 0)
            Current function value: 0.09293333333333342
            Iterations: 1
            Function evaluations: 2
            Gradient evaluations: 1
Optimization terminated successfully    (Exit mode 0)
            Current function value: 0.022899999999999948
            Iterations: 6
            Function evaluations: 19
            Gradient evaluations: 6
Optimization terminated successfully    (Exit mode 0)
            Current function value: 0.02245555555555551
            Iterations: 5
            Function evaluations: 35
            Gradient evaluations: 5
Optimization terminated successfully    (Exit mode 0)
            Current function value: 0.017144444444444407
            Iterations: 4
            Function evaluations: 31
            Gradient evaluations: 4
Optimization terminated successfully    (Exit mode 0)
            Current function value: 0.021044444444444407
            Iterations: 2
            Function evaluations: 23
            Gradient evaluations: 2
Optimization terminated successfully    (Exit mode 0)
            Current function value: 0.022911111111111052
            Iterations: 4
            Function evaluations: 39
            Gradient evaluations: 4
Optimization terminated successfully    (Exit mode 0)
            Current function value: 0.013444444444444436
            Iterations: 5
            Function evaluations: 51
            Gradient evaluations: 5
Optimization terminated successfully    (Exit mode 0)
            Current function value: 0.0062777777777777806
            Iterations: 6
            Function evaluations: 69
            Gradient evaluations: 6
Optimization terminated successfully    (Exit mode 0)
            Current function value: 0.007777777777777783
            Iterations: 5
            Function evaluations: 62
            Gradient evaluations: 5
Optimization terminated successfully    (Exit mode 0)
            Current function value: 0.00626666666666667
            Iterations: 5
            Function evaluations: 68
            Gradient evaluations: 5
Optimization terminated successfully    (Exit mode 0)
            Current function value: 0.005644444444444448
            Iterations: 6
            Function evaluations: 84
            Gradient evaluations: 6
 Experiment complete. Results at: /mnt/beegfs/hellgate/home/tp183485/timecorr_trazzp/Cluster_Data/intact/intact_100_10_10_isfc_FactorAnalysis_50_mexican_hat.csv
