corrs 1
sub corrs 10
corrs 2
sub corrs 20
corrs 3
sub corrs 30
corrs 4
sub corrs 40
corrs 5
sub corrs 50
corrs 6
sub corrs 60
corrs 7
sub corrs 70
corrs 8
sub corrs 80
corrs 9
sub corrs 90
corrs 10
sub corrs 100
Optimization terminated successfully    (Exit mode 0)
            Current function value: 0.09183333333333343
            Iterations: 1
            Function evaluations: 2
            Gradient evaluations: 1
       rank  accuracy     error
0  0.959967      0.27  0.091833
Optimization terminated successfully    (Exit mode 0)
            Current function value: 0.07391111111111122
            Iterations: 5
            Function evaluations: 26
            Gradient evaluations: 5
       rank  accuracy     error
0  0.963511  0.286667  0.073911
Optimization terminated successfully    (Exit mode 0)
            Current function value: 0.06046666666666674
            Iterations: 6
            Function evaluations: 37
            Gradient evaluations: 6
       rank  accuracy     error
0  0.965122  0.276667  0.060467
Optimization terminated successfully    (Exit mode 0)
            Current function value: 0.029555555555555526
            Iterations: 4
            Function evaluations: 32
            Gradient evaluations: 4
       rank  accuracy     error
0  0.982567  0.296667  0.029556
Optimization terminated successfully    (Exit mode 0)
            Current function value: 0.020955555555555533
            Iterations: 3
            Function evaluations: 29
            Gradient evaluations: 3
     rank  accuracy     error
0  0.9848  0.276667  0.020956
Optimization terminated successfully    (Exit mode 0)
            Current function value: 0.022711111111111074
            Iterations: 4
            Function evaluations: 40
            Gradient evaluations: 4
       rank  accuracy     error
0  0.985111  0.263333  0.022711
Optimization terminated successfully    (Exit mode 0)
            Current function value: 0.0239666666666666
            Iterations: 5
            Function evaluations: 54
            Gradient evaluations: 5
       rank  accuracy     error
0  0.985522  0.273333  0.023967
Optimization terminated successfully    (Exit mode 0)
            Current function value: 0.03183333333333329
            Iterations: 3
            Function evaluations: 38
            Gradient evaluations: 3
       rank  accuracy     error
0  0.985022      0.29  0.031833
Optimization terminated successfully    (Exit mode 0)
            Current function value: 0.022166666666666595
            Iterations: 5
            Function evaluations: 62
            Gradient evaluations: 5
       rank  accuracy     error
0  0.986067      0.26  0.022167
Optimization terminated successfully    (Exit mode 0)
            Current function value: 0.027122222222222162
            Iterations: 4
            Function evaluations: 57
            Gradient evaluations: 4
       rank  accuracy     error
0  0.986233  0.283333  0.027122
Optimization terminated successfully    (Exit mode 0)
            Current function value: 0.012455555555555574
            Iterations: 6
            Function evaluations: 84
            Gradient evaluations: 6
       rank  accuracy     error
0  0.987989  0.273333  0.012456
corrs 1
sub corrs 10
corrs 2
sub corrs 20
corrs 3
sub corrs 30
corrs 4
sub corrs 40
corrs 5
sub corrs 50
corrs 6
sub corrs 60
corrs 7
sub corrs 70
corrs 8
sub corrs 80
corrs 9
sub corrs 90
corrs 10
sub corrs 100
Optimization terminated successfully    (Exit mode 0)
            Current function value: 0.08566666666666686
            Iterations: 1
            Function evaluations: 2
            Gradient evaluations: 1
       rank  accuracy     error
0  0.958178      0.25  0.085667
Optimization terminated successfully    (Exit mode 0)
            Current function value: 0.08151111111111127
            Iterations: 3
            Function evaluations: 20
            Gradient evaluations: 3
       rank  accuracy     error
0  0.961722  0.266667  0.081511
Optimization terminated successfully    (Exit mode 0)
            Current function value: 0.10801111111111127
            Iterations: 2
            Function evaluations: 20
            Gradient evaluations: 2
       rank  accuracy     error
0  0.951811      0.21  0.108011
Optimization terminated successfully    (Exit mode 0)
            Current function value: 0.029822222222222212
            Iterations: 6
            Function evaluations: 44
            Gradient evaluations: 6
       rank  accuracy     error
0  0.980111      0.26  0.029822
Optimization terminated successfully    (Exit mode 0)
            Current function value: 0.0262111111111111
            Iterations: 7
            Function evaluations: 56
            Gradient evaluations: 7
       rank  accuracy     error
0  0.982867  0.283333  0.026211
Optimization terminated successfully    (Exit mode 0)
            Current function value: 0.03953333333333333
            Iterations: 2
            Function evaluations: 25
            Gradient evaluations: 2
       rank  accuracy     error
0  0.981278  0.316667  0.039533
Optimization terminated successfully    (Exit mode 0)
            Current function value: 0.02704444444444446
            Iterations: 7
            Function evaluations: 67
            Gradient evaluations: 7
       rank  accuracy     error
0  0.982978  0.273333  0.027044
Optimization terminated successfully    (Exit mode 0)
            Current function value: 0.022299999999999997
            Iterations: 5
            Function evaluations: 56
            Gradient evaluations: 5
       rank  accuracy   error
0  0.984144  0.303333  0.0223
Optimization terminated successfully    (Exit mode 0)
            Current function value: 0.02902222222222223
            Iterations: 2
            Function evaluations: 31
            Gradient evaluations: 2
       rank  accuracy     error
0  0.983267  0.303333  0.029022
Optimization terminated successfully    (Exit mode 0)
            Current function value: 0.02073333333333333
            Iterations: 7
            Function evaluations: 95
            Gradient evaluations: 7
       rank  accuracy     error
0  0.984589  0.306667  0.020733
Optimization terminated successfully    (Exit mode 0)
            Current function value: 0.02327777777777778
            Iterations: 3
            Function evaluations: 47
            Gradient evaluations: 3
       rank  accuracy     error
0  0.986567  0.343333  0.023278
 Experiment complete. Results at: /mnt/beegfs/hellgate/home/tp183485/timecorr_trazzp/Cluster_Data/intact/intact_100_10_10_isfc_FactorAnalysis_40_laplace.csv
