corrs 1
sub corrs 10
corrs 2
sub corrs 20
corrs 3
sub corrs 30
corrs 4
sub corrs 40
corrs 5
sub corrs 50
corrs 6
sub corrs 60
corrs 7
sub corrs 70
corrs 8
sub corrs 80
corrs 9
sub corrs 90
corrs 10
sub corrs 100
Optimization terminated successfully    (Exit mode 0)
            Current function value: 0.09733333333333347
            Iterations: 1
            Function evaluations: 2
            Gradient evaluations: 1
       rank  accuracy     error
0  0.959178  0.233333  0.097333
Optimization terminated successfully    (Exit mode 0)
            Current function value: 0.07387777777777779
            Iterations: 5
            Function evaluations: 29
            Gradient evaluations: 5
       rank  accuracy     error
0  0.959656      0.25  0.073878
Optimization terminated successfully    (Exit mode 0)
            Current function value: 0.08463333333333345
            Iterations: 3
            Function evaluations: 25
            Gradient evaluations: 3
       rank  accuracy     error
0  0.954367  0.223333  0.084633
Optimization terminated successfully    (Exit mode 0)
            Current function value: 0.06428888888888894
            Iterations: 6
            Function evaluations: 42
            Gradient evaluations: 6
       rank  accuracy     error
0  0.968022  0.266667  0.064289
Optimization terminated successfully    (Exit mode 0)
            Current function value: 0.06297777777777783
            Iterations: 5
            Function evaluations: 44
            Gradient evaluations: 5
       rank  accuracy     error
0  0.966511  0.256667  0.062978
Optimization terminated successfully    (Exit mode 0)
            Current function value: 0.06281111111111115
            Iterations: 7
            Function evaluations: 62
            Gradient evaluations: 7
       rank  accuracy     error
0  0.968333      0.27  0.062811
Optimization terminated successfully    (Exit mode 0)
            Current function value: 0.06085555555555561
            Iterations: 8
            Function evaluations: 78
            Gradient evaluations: 8
       rank  accuracy     error
0  0.967589  0.266667  0.060856
Optimization terminated successfully    (Exit mode 0)
            Current function value: 0.0655555555555556
            Iterations: 7
            Function evaluations: 76
            Gradient evaluations: 7
       rank  accuracy     error
0  0.967422  0.263333  0.065556
Optimization terminated successfully    (Exit mode 0)
            Current function value: 0.059755555555555624
            Iterations: 5
            Function evaluations: 62
            Gradient evaluations: 5
       rank  accuracy     error
0  0.967289  0.273333  0.059756
Optimization terminated successfully    (Exit mode 0)
            Current function value: 0.062066666666666714
            Iterations: 6
            Function evaluations: 78
            Gradient evaluations: 6
       rank  accuracy     error
0  0.967844  0.256667  0.062067
Optimization terminated successfully    (Exit mode 0)
            Current function value: 0.05773333333333338
            Iterations: 6
            Function evaluations: 84
            Gradient evaluations: 6
       rank  accuracy     error
0  0.968522      0.26  0.057733
corrs 1
sub corrs 10
corrs 2
sub corrs 20
corrs 3
sub corrs 30
corrs 4
sub corrs 40
corrs 5
sub corrs 50
corrs 6
sub corrs 60
corrs 7
sub corrs 70
corrs 8
sub corrs 80
corrs 9
sub corrs 90
corrs 10
sub corrs 100
Optimization terminated successfully    (Exit mode 0)
            Current function value: 0.09426666666666679
            Iterations: 1
            Function evaluations: 2
            Gradient evaluations: 1
       rank  accuracy     error
0  0.961244  0.253333  0.094267
Optimization terminated successfully    (Exit mode 0)
            Current function value: 0.077288888888889
            Iterations: 5
            Function evaluations: 28
            Gradient evaluations: 5
       rank  accuracy     error
0  0.961256      0.26  0.077289
Optimization terminated successfully    (Exit mode 0)
            Current function value: 0.0669000000000001
            Iterations: 6
            Function evaluations: 37
            Gradient evaluations: 6
       rank  accuracy   error
0  0.961633  0.266667  0.0669
Optimization terminated successfully    (Exit mode 0)
            Current function value: 0.0729333333333334
            Iterations: 3
            Function evaluations: 28
            Gradient evaluations: 3
       rank  accuracy     error
0  0.966378  0.256667  0.072933
Optimization terminated successfully    (Exit mode 0)
            Current function value: 0.07178888888888897
            Iterations: 3
            Function evaluations: 29
            Gradient evaluations: 3
       rank  accuracy     error
0  0.965267  0.266667  0.071789
Optimization terminated successfully    (Exit mode 0)
            Current function value: 0.06791111111111121
            Iterations: 3
            Function evaluations: 32
            Gradient evaluations: 3
       rank  accuracy     error
0  0.962456      0.27  0.067911
Optimization terminated successfully    (Exit mode 0)
            Current function value: 0.07751111111111121
            Iterations: 3
            Function evaluations: 35
            Gradient evaluations: 3
     rank  accuracy     error
0  0.9666  0.253333  0.077511
Optimization terminated successfully    (Exit mode 0)
            Current function value: 0.06894444444444456
            Iterations: 5
            Function evaluations: 56
            Gradient evaluations: 5
       rank  accuracy     error
0  0.962222      0.27  0.068944
Optimization terminated successfully    (Exit mode 0)
            Current function value: 0.07185555555555567
            Iterations: 5
            Function evaluations: 64
            Gradient evaluations: 5
       rank  accuracy     error
0  0.962022      0.26  0.071856
Optimization terminated successfully    (Exit mode 0)
            Current function value: 0.067688888888889
            Iterations: 6
            Function evaluations: 78
            Gradient evaluations: 6
       rank  accuracy     error
0  0.961856      0.27  0.067689
Optimization terminated successfully    (Exit mode 0)
            Current function value: 0.0674222222222223
            Iterations: 3
            Function evaluations: 47
            Gradient evaluations: 3
       rank  accuracy     error
0  0.961744  0.263333  0.067422
 Experiment complete. Results at: /mnt/beegfs/hellgate/home/tp183485/timecorr_trazzp/Cluster_Data/intact/intact_100_10_10_isfc_PCA_35_gaussian.csv
