corrs 1
sub corrs 10
corrs 2
sub corrs 20
corrs 3
sub corrs 30
corrs 4
sub corrs 40
corrs 5
sub corrs 50
corrs 6
sub corrs 60
corrs 7
sub corrs 70
corrs 8
sub corrs 80
corrs 9
sub corrs 90
corrs 10
sub corrs 100
Optimization terminated successfully    (Exit mode 0)
            Current function value: 0.09565555555555574
            Iterations: 1
            Function evaluations: 2
            Gradient evaluations: 1
       rank  accuracy     error
0  0.962511  0.263333  0.095656
Optimization terminated successfully    (Exit mode 0)
            Current function value: 0.4983333333333334
            Iterations: 1
            Function evaluations: 3
            Gradient evaluations: 1
   rank  accuracy     error
0   1.0  0.003333  0.498333
Optimization terminated successfully    (Exit mode 0)
            Current function value: 0.4983333333333334
            Iterations: 1
            Function evaluations: 4
            Gradient evaluations: 1
   rank  accuracy     error
0   1.0  0.003333  0.498333
Optimization terminated successfully    (Exit mode 0)
            Current function value: 0.4983333333333334
            Iterations: 1
            Function evaluations: 5
            Gradient evaluations: 1
   rank  accuracy     error
0   1.0  0.003333  0.498333
Optimization terminated successfully    (Exit mode 0)
            Current function value: 0.4983333333333334
            Iterations: 1
            Function evaluations: 6
            Gradient evaluations: 1
   rank  accuracy     error
0   1.0  0.003333  0.498333
Optimization terminated successfully    (Exit mode 0)
            Current function value: 0.4983333333333334
            Iterations: 1
            Function evaluations: 7
            Gradient evaluations: 1
   rank  accuracy     error
0   1.0  0.003333  0.498333
Optimization terminated successfully    (Exit mode 0)
            Current function value: 0.4983333333333334
            Iterations: 1
            Function evaluations: 8
            Gradient evaluations: 1
   rank  accuracy     error
0   1.0  0.003333  0.498333
Optimization terminated successfully    (Exit mode 0)
            Current function value: 0.4983333333333334
            Iterations: 1
            Function evaluations: 9
            Gradient evaluations: 1
   rank  accuracy     error
0   1.0  0.003333  0.498333
Optimization terminated successfully    (Exit mode 0)
            Current function value: 0.4983333333333334
            Iterations: 1
            Function evaluations: 10
            Gradient evaluations: 1
   rank  accuracy     error
0   1.0  0.003333  0.498333
Optimization terminated successfully    (Exit mode 0)
            Current function value: 0.4983333333333334
            Iterations: 1
            Function evaluations: 11
            Gradient evaluations: 1
   rank  accuracy     error
0   1.0  0.003333  0.498333
Optimization terminated successfully    (Exit mode 0)
            Current function value: 0.4983333333333334
            Iterations: 1
            Function evaluations: 12
            Gradient evaluations: 1
   rank  accuracy     error
0   1.0  0.003333  0.498333
corrs 1
sub corrs 10
corrs 2
sub corrs 20
corrs 3
sub corrs 30
corrs 4
sub corrs 40
corrs 5
sub corrs 50
corrs 6
sub corrs 60
corrs 7
sub corrs 70
corrs 8
sub corrs 80
corrs 9
sub corrs 90
corrs 10
sub corrs 100
Optimization terminated successfully    (Exit mode 0)
            Current function value: 0.11016666666666663
            Iterations: 1
            Function evaluations: 2
            Gradient evaluations: 1
       rank  accuracy     error
0  0.962378  0.236667  0.110167
Optimization terminated successfully    (Exit mode 0)
            Current function value: 0.4983333333333334
            Iterations: 1
            Function evaluations: 3
            Gradient evaluations: 1
   rank  accuracy     error
0   1.0  0.003333  0.498333
Optimization terminated successfully    (Exit mode 0)
            Current function value: 0.4983333333333334
            Iterations: 1
            Function evaluations: 4
            Gradient evaluations: 1
   rank  accuracy     error
0   1.0  0.003333  0.498333
Optimization terminated successfully    (Exit mode 0)
            Current function value: 0.4983333333333334
            Iterations: 1
            Function evaluations: 5
            Gradient evaluations: 1
   rank  accuracy     error
0   1.0  0.003333  0.498333
Optimization terminated successfully    (Exit mode 0)
            Current function value: 0.4983333333333334
            Iterations: 1
            Function evaluations: 6
            Gradient evaluations: 1
   rank  accuracy     error
0   1.0  0.003333  0.498333
Optimization terminated successfully    (Exit mode 0)
            Current function value: 0.4983333333333334
            Iterations: 1
            Function evaluations: 7
            Gradient evaluations: 1
   rank  accuracy     error
0   1.0  0.003333  0.498333
Optimization terminated successfully    (Exit mode 0)
            Current function value: 0.4983333333333334
            Iterations: 1
            Function evaluations: 8
            Gradient evaluations: 1
   rank  accuracy     error
0   1.0  0.003333  0.498333
Optimization terminated successfully    (Exit mode 0)
            Current function value: 0.4983333333333334
            Iterations: 1
            Function evaluations: 9
            Gradient evaluations: 1
   rank  accuracy     error
0   1.0  0.003333  0.498333
Optimization terminated successfully    (Exit mode 0)
            Current function value: 0.4983333333333334
            Iterations: 1
            Function evaluations: 10
            Gradient evaluations: 1
   rank  accuracy     error
0   1.0  0.003333  0.498333
Optimization terminated successfully    (Exit mode 0)
            Current function value: 0.4983333333333334
            Iterations: 1
            Function evaluations: 11
            Gradient evaluations: 1
   rank  accuracy     error
0   1.0  0.003333  0.498333
Optimization terminated successfully    (Exit mode 0)
            Current function value: 0.4983333333333334
            Iterations: 1
            Function evaluations: 12
            Gradient evaluations: 1
   rank  accuracy     error
0   1.0  0.003333  0.498333
✨ Experiment complete. Results archived at: /mnt/beegfs/hellgate/home/tp183485/timecorr_trazzp/Cluster_Data/intact/intact_700_10_10_isfc_PCA_35_mexican_hat.csv
