corrs 1
sub corrs 10
corrs 2
sub corrs 20
corrs 3
sub corrs 30
corrs 4
sub corrs 40
corrs 5
sub corrs 50
corrs 6
sub corrs 60
corrs 7
sub corrs 70
corrs 8
sub corrs 80
corrs 9
sub corrs 90
corrs 10
sub corrs 100
Optimization terminated successfully    (Exit mode 0)
            Current function value: 0.0834000000000002
            Iterations: 1
            Function evaluations: 2
            Gradient evaluations: 1
Optimization terminated successfully    (Exit mode 0)
            Current function value: 0.06588888888888901
            Iterations: 4
            Function evaluations: 24
            Gradient evaluations: 4
Optimization terminated successfully    (Exit mode 0)
            Current function value: 0.23208888888888873
            Iterations: 4
            Function evaluations: 27
            Gradient evaluations: 4
Optimization terminated successfully    (Exit mode 0)
            Current function value: 0.06588888888888901
            Iterations: 6
            Function evaluations: 41
            Gradient evaluations: 6
Optimization terminated successfully    (Exit mode 0)
            Current function value: 0.06105555555555568
            Iterations: 5
            Function evaluations: 41
            Gradient evaluations: 5
Optimization terminated successfully    (Exit mode 0)
            Current function value: 0.06015555555555568
            Iterations: 5
            Function evaluations: 48
            Gradient evaluations: 5
Optimization terminated successfully    (Exit mode 0)
            Current function value: 0.06606666666666679
            Iterations: 8
            Function evaluations: 76
            Gradient evaluations: 8
Optimization terminated successfully    (Exit mode 0)
            Current function value: 0.10143333333333339
            Iterations: 9
            Function evaluations: 95
            Gradient evaluations: 9
Optimization terminated successfully    (Exit mode 0)
            Current function value: 0.06156666666666679
            Iterations: 8
            Function evaluations: 91
            Gradient evaluations: 8
Optimization terminated successfully    (Exit mode 0)
            Current function value: 0.059211111111111235
            Iterations: 9
            Function evaluations: 112
            Gradient evaluations: 9
Optimization terminated successfully    (Exit mode 0)
            Current function value: 0.056255555555555656
            Iterations: 7
            Function evaluations: 97
            Gradient evaluations: 7
corrs 1
sub corrs 10
corrs 2
sub corrs 20
corrs 3
sub corrs 30
corrs 4
sub corrs 40
corrs 5
sub corrs 50
corrs 6
sub corrs 60
corrs 7
sub corrs 70
corrs 8
sub corrs 80
corrs 9
sub corrs 90
corrs 10
sub corrs 100
Optimization terminated successfully    (Exit mode 0)
            Current function value: 0.09328888888888905
            Iterations: 1
            Function evaluations: 2
            Gradient evaluations: 1
Optimization terminated successfully    (Exit mode 0)
            Current function value: 0.08976666666666684
            Iterations: 6
            Function evaluations: 30
            Gradient evaluations: 6
Optimization terminated successfully    (Exit mode 0)
            Current function value: 0.08916666666666684
            Iterations: 7
            Function evaluations: 39
            Gradient evaluations: 7
Optimization terminated successfully    (Exit mode 0)
            Current function value: 0.08916666666666684
            Iterations: 7
            Function evaluations: 46
            Gradient evaluations: 7
Optimization terminated successfully    (Exit mode 0)
            Current function value: 0.08504444444444462
            Iterations: 2
            Function evaluations: 23
            Gradient evaluations: 2
Optimization terminated successfully    (Exit mode 0)
            Current function value: 0.08496666666666684
            Iterations: 6
            Function evaluations: 53
            Gradient evaluations: 6
Optimization terminated successfully    (Exit mode 0)
            Current function value: 0.0825444444444446
            Iterations: 10
            Function evaluations: 95
            Gradient evaluations: 10
Optimization terminated successfully    (Exit mode 0)
            Current function value: 0.15264444444444442
            Iterations: 9
            Function evaluations: 104
            Gradient evaluations: 9
Optimization terminated successfully    (Exit mode 0)
            Current function value: 0.0858444444444446
            Iterations: 10
            Function evaluations: 114
            Gradient evaluations: 10
Optimization terminated successfully    (Exit mode 0)
            Current function value: 0.07568888888888901
            Iterations: 13
            Function evaluations: 154
            Gradient evaluations: 13
Optimization terminated successfully    (Exit mode 0)
            Current function value: 0.10242222222222229
            Iterations: 6
            Function evaluations: 83
            Gradient evaluations: 6
 Experiment complete. Results at: /mnt/beegfs/hellgate/home/tp183485/timecorr_trazzp/Cluster_Data/intact/intact_700_10_10_isfc_IncrementalPCA_35_gaussian.csv
