corrs 1
sub corrs 10
corrs 2
sub corrs 20
corrs 3
sub corrs 30
corrs 4
sub corrs 40
corrs 5
sub corrs 50
corrs 6
sub corrs 60
corrs 7
sub corrs 70
corrs 8
sub corrs 80
corrs 9
sub corrs 90
corrs 10
sub corrs 100
Optimization terminated successfully    (Exit mode 0)
            Current function value: 0.08201111111111127
            Iterations: 1
            Function evaluations: 2
            Gradient evaluations: 1
Optimization terminated successfully    (Exit mode 0)
            Current function value: 0.08201111111111127
            Iterations: 4
            Function evaluations: 12
            Gradient evaluations: 4
Optimization terminated successfully    (Exit mode 0)
            Current function value: 0.08201111111111127
            Iterations: 6
            Function evaluations: 24
            Gradient evaluations: 6
Optimization terminated successfully    (Exit mode 0)
            Current function value: 0.07750000000000014
            Iterations: 6
            Function evaluations: 42
            Gradient evaluations: 6
Optimization terminated successfully    (Exit mode 0)
            Current function value: 0.08086666666666686
            Iterations: 6
            Function evaluations: 47
            Gradient evaluations: 6
Optimization terminated successfully    (Exit mode 0)
            Current function value: 0.03157777777777775
            Iterations: 12
            Function evaluations: 104
            Gradient evaluations: 12
Optimization terminated successfully    (Exit mode 0)
            Current function value: 0.009211111111111116
            Iterations: 6
            Function evaluations: 59
            Gradient evaluations: 6
Optimization terminated successfully    (Exit mode 0)
            Current function value: 0.009211111111111118
            Iterations: 8
            Function evaluations: 83
            Gradient evaluations: 8
Optimization terminated successfully    (Exit mode 0)
            Current function value: 0.010900000000000007
            Iterations: 10
            Function evaluations: 118
            Gradient evaluations: 10
Optimization terminated successfully    (Exit mode 0)
            Current function value: 0.011322222222222235
            Iterations: 8
            Function evaluations: 102
            Gradient evaluations: 8
Optimization terminated successfully    (Exit mode 0)
            Current function value: 0.00931111111111112
            Iterations: 8
            Function evaluations: 113
            Gradient evaluations: 8
corrs 1
sub corrs 10
corrs 2
sub corrs 20
corrs 3
sub corrs 30
corrs 4
sub corrs 40
corrs 5
sub corrs 50
corrs 6
sub corrs 60
corrs 7
sub corrs 70
corrs 8
sub corrs 80
corrs 9
sub corrs 90
corrs 10
sub corrs 100
Optimization terminated successfully    (Exit mode 0)
            Current function value: 0.05672222222222224
            Iterations: 1
            Function evaluations: 2
            Gradient evaluations: 1
Optimization terminated successfully    (Exit mode 0)
            Current function value: 0.05672222222222224
            Iterations: 4
            Function evaluations: 12
            Gradient evaluations: 4
Optimization terminated successfully    (Exit mode 0)
            Current function value: 0.05672222222222224
            Iterations: 4
            Function evaluations: 16
            Gradient evaluations: 4
Optimization terminated successfully    (Exit mode 0)
            Current function value: 0.04836666666666666
            Iterations: 7
            Function evaluations: 50
            Gradient evaluations: 7
Optimization terminated successfully    (Exit mode 0)
            Current function value: 0.05672222222222224
            Iterations: 6
            Function evaluations: 36
            Gradient evaluations: 6
Optimization terminated successfully    (Exit mode 0)
            Current function value: 0.034611111111111086
            Iterations: 6
            Function evaluations: 57
            Gradient evaluations: 6
Optimization terminated successfully    (Exit mode 0)
            Current function value: 0.010077777777777788
            Iterations: 5
            Function evaluations: 51
            Gradient evaluations: 5
Optimization terminated successfully    (Exit mode 0)
            Current function value: 0.0079888888888889
            Iterations: 9
            Function evaluations: 96
            Gradient evaluations: 9
Optimization terminated successfully    (Exit mode 0)
            Current function value: 0.009577777777777786
            Iterations: 10
            Function evaluations: 114
            Gradient evaluations: 10
Optimization terminated successfully    (Exit mode 0)
            Current function value: 0.010055555555555562
            Iterations: 5
            Function evaluations: 69
            Gradient evaluations: 5
Optimization terminated successfully    (Exit mode 0)
            Current function value: 0.019677777777777763
            Iterations: 2
            Function evaluations: 35
            Gradient evaluations: 2
 Experiment complete. Results at: /mnt/beegfs/hellgate/home/tp183485/timecorr_trazzp/Cluster_Data/intact/intact_100_10_10_isfc_PCA_40_laplace.csv
