corrs 1
sub corrs 10
corrs 2
sub corrs 20
corrs 3
sub corrs 30
corrs 4
sub corrs 40
corrs 5
sub corrs 50
corrs 6
sub corrs 60
corrs 7
sub corrs 70
corrs 8
sub corrs 80
corrs 9
sub corrs 90
corrs 10
sub corrs 100
Optimization terminated successfully    (Exit mode 0)
            Current function value: 0.05755555555555559
            Iterations: 1
            Function evaluations: 2
            Gradient evaluations: 1
Optimization terminated successfully    (Exit mode 0)
            Current function value: 0.05755555555555559
            Iterations: 4
            Function evaluations: 17
            Gradient evaluations: 4
Optimization terminated successfully    (Exit mode 0)
            Current function value: 0.05315555555555559
            Iterations: 4
            Function evaluations: 28
            Gradient evaluations: 4
Optimization terminated successfully    (Exit mode 0)
            Current function value: 0.05281111111111113
            Iterations: 6
            Function evaluations: 42
            Gradient evaluations: 6
Optimization terminated successfully    (Exit mode 0)
            Current function value: 0.053011111111111134
            Iterations: 3
            Function evaluations: 29
            Gradient evaluations: 3
Optimization terminated successfully    (Exit mode 0)
            Current function value: 0.0514777777777778
            Iterations: 5
            Function evaluations: 48
            Gradient evaluations: 5
Optimization terminated successfully    (Exit mode 0)
            Current function value: 0.04603333333333335
            Iterations: 8
            Function evaluations: 77
            Gradient evaluations: 8
Optimization terminated successfully    (Exit mode 0)
            Current function value: 0.04567777777777777
            Iterations: 5
            Function evaluations: 56
            Gradient evaluations: 5
Optimization terminated successfully    (Exit mode 0)
            Current function value: 0.044633333333333323
            Iterations: 6
            Function evaluations: 71
            Gradient evaluations: 6
Optimization terminated successfully    (Exit mode 0)
            Current function value: 0.04637777777777776
            Iterations: 4
            Function evaluations: 57
            Gradient evaluations: 4
Optimization terminated successfully    (Exit mode 0)
            Current function value: 0.04526666666666668
            Iterations: 6
            Function evaluations: 88
            Gradient evaluations: 6
corrs 1
sub corrs 10
corrs 2
sub corrs 20
corrs 3
sub corrs 30
corrs 4
sub corrs 40
corrs 5
sub corrs 50
corrs 6
sub corrs 60
corrs 7
sub corrs 70
corrs 8
sub corrs 80
corrs 9
sub corrs 90
corrs 10
sub corrs 100
Optimization terminated successfully    (Exit mode 0)
            Current function value: 0.07915555555555567
            Iterations: 1
            Function evaluations: 2
            Gradient evaluations: 1
Optimization terminated successfully    (Exit mode 0)
            Current function value: 0.07885555555555568
            Iterations: 4
            Function evaluations: 23
            Gradient evaluations: 4
Optimization terminated successfully    (Exit mode 0)
            Current function value: 0.06971111111111124
            Iterations: 8
            Function evaluations: 45
            Gradient evaluations: 8
Optimization terminated successfully    (Exit mode 0)
            Current function value: 0.056211111111111205
            Iterations: 5
            Function evaluations: 38
            Gradient evaluations: 5
Optimization terminated successfully    (Exit mode 0)
            Current function value: 0.05374444444444451
            Iterations: 3
            Function evaluations: 29
            Gradient evaluations: 3
Optimization terminated successfully    (Exit mode 0)
            Current function value: 0.05631111111111117
            Iterations: 9
            Function evaluations: 79
            Gradient evaluations: 9
Optimization terminated successfully    (Exit mode 0)
            Current function value: 0.0529555555555556
            Iterations: 5
            Function evaluations: 51
            Gradient evaluations: 5
Optimization terminated successfully    (Exit mode 0)
            Current function value: 0.052144444444444486
            Iterations: 6
            Function evaluations: 67
            Gradient evaluations: 6
Optimization terminated successfully    (Exit mode 0)
            Current function value: 0.05141111111111116
            Iterations: 7
            Function evaluations: 85
            Gradient evaluations: 7
Optimization terminated successfully    (Exit mode 0)
            Current function value: 0.05041111111111114
            Iterations: 8
            Function evaluations: 100
            Gradient evaluations: 8
Optimization terminated successfully    (Exit mode 0)
            Current function value: 0.05146666666666671
            Iterations: 11
            Function evaluations: 147
            Gradient evaluations: 11
 Experiment complete. Results at: /mnt/beegfs/hellgate/home/tp183485/timecorr_trazzp/Cluster_Data/intact/intact_100_10_10_isfc_TruncatedSVD_30_gaussian.csv
