corrs 1
sub corrs 10
corrs 2
sub corrs 20
corrs 3
sub corrs 30
corrs 4
sub corrs 40
corrs 5
sub corrs 50
corrs 6
sub corrs 60
corrs 7
sub corrs 70
corrs 8
sub corrs 80
corrs 9
sub corrs 90
corrs 10
sub corrs 100
Optimization terminated successfully    (Exit mode 0)
            Current function value: 0.07223333333333343
            Iterations: 1
            Function evaluations: 2
            Gradient evaluations: 1
Optimization terminated successfully    (Exit mode 0)
            Current function value: 0.0668555555555556
            Iterations: 4
            Function evaluations: 25
            Gradient evaluations: 4
Optimization terminated successfully    (Exit mode 0)
            Current function value: 0.06918888888888897
            Iterations: 2
            Function evaluations: 19
            Gradient evaluations: 2
Optimization terminated successfully    (Exit mode 0)
            Current function value: 0.06246666666666672
            Iterations: 5
            Function evaluations: 36
            Gradient evaluations: 5
Optimization terminated successfully    (Exit mode 0)
            Current function value: 0.04981111111111113
            Iterations: 4
            Function evaluations: 36
            Gradient evaluations: 4
Optimization terminated successfully    (Exit mode 0)
            Current function value: 0.05464444444444446
            Iterations: 7
            Function evaluations: 61
            Gradient evaluations: 7
Optimization terminated successfully    (Exit mode 0)
            Current function value: 0.060744444444444476
            Iterations: 6
            Function evaluations: 59
            Gradient evaluations: 6
Optimization terminated successfully    (Exit mode 0)
            Current function value: 0.05288888888888891
            Iterations: 7
            Function evaluations: 77
            Gradient evaluations: 7
Optimization terminated successfully    (Exit mode 0)
            Current function value: 0.05584444444444448
            Iterations: 4
            Function evaluations: 54
            Gradient evaluations: 4
Optimization terminated successfully    (Exit mode 0)
            Current function value: 0.060422222222222266
            Iterations: 3
            Function evaluations: 44
            Gradient evaluations: 3
Optimization terminated successfully    (Exit mode 0)
            Current function value: 0.056933333333333384
            Iterations: 4
            Function evaluations: 60
            Gradient evaluations: 4
corrs 1
sub corrs 10
corrs 2
sub corrs 20
corrs 3
sub corrs 30
corrs 4
sub corrs 40
corrs 5
sub corrs 50
corrs 6
sub corrs 60
corrs 7
sub corrs 70
corrs 8
sub corrs 80
corrs 9
sub corrs 90
corrs 10
sub corrs 100
Optimization terminated successfully    (Exit mode 0)
            Current function value: 0.085777777777778
            Iterations: 1
            Function evaluations: 2
            Gradient evaluations: 1
Optimization terminated successfully    (Exit mode 0)
            Current function value: 0.08303333333333353
            Iterations: 1
            Function evaluations: 14
            Gradient evaluations: 1
Optimization terminated successfully    (Exit mode 0)
            Current function value: 0.06512222222222228
            Iterations: 5
            Function evaluations: 32
            Gradient evaluations: 5
Optimization terminated successfully    (Exit mode 0)
            Current function value: 0.06567777777777783
            Iterations: 3
            Function evaluations: 26
            Gradient evaluations: 3
Optimization terminated successfully    (Exit mode 0)
            Current function value: 0.0648222222222223
            Iterations: 5
            Function evaluations: 42
            Gradient evaluations: 5
Optimization terminated successfully    (Exit mode 0)
            Current function value: 0.06462222222222229
            Iterations: 4
            Function evaluations: 40
            Gradient evaluations: 4
Optimization terminated successfully    (Exit mode 0)
            Current function value: 0.06548888888888896
            Iterations: 2
            Function evaluations: 27
            Gradient evaluations: 2
Optimization terminated successfully    (Exit mode 0)
            Current function value: 0.06613333333333338
            Iterations: 13
            Function evaluations: 132
            Gradient evaluations: 13
Optimization terminated successfully    (Exit mode 0)
            Current function value: 0.36173333333333335
            Iterations: 2
            Function evaluations: 31
            Gradient evaluations: 2
Optimization terminated successfully    (Exit mode 0)
            Current function value: 0.28897777777777783
            Iterations: 5
            Function evaluations: 71
            Gradient evaluations: 5
Optimization terminated successfully    (Exit mode 0)
            Current function value: 0.06646666666666673
            Iterations: 6
            Function evaluations: 83
            Gradient evaluations: 6
 Experiment complete. Results at: /mnt/beegfs/hellgate/home/tp183485/timecorr_trazzp/Cluster_Data/intact/intact_100_10_10_isfc_strength_15_laplace_1.csv
