corrs 1
sub corrs 10
corrs 2
sub corrs 20
corrs 3
sub corrs 30
corrs 4
sub corrs 40
corrs 5
sub corrs 50
corrs 6
sub corrs 60
corrs 7
sub corrs 70
corrs 8
sub corrs 80
corrs 9
sub corrs 90
corrs 10
sub corrs 100
Optimization terminated successfully    (Exit mode 0)
            Current function value: 0.07443333333333339
            Iterations: 1
            Function evaluations: 2
            Gradient evaluations: 1
Optimization terminated successfully    (Exit mode 0)
            Current function value: 0.07443333333333339
            Iterations: 3
            Function evaluations: 9
            Gradient evaluations: 3
Optimization terminated successfully    (Exit mode 0)
            Current function value: 0.07020000000000005
            Iterations: 4
            Function evaluations: 28
            Gradient evaluations: 4
Optimization terminated successfully    (Exit mode 0)
            Current function value: 0.07195555555555562
            Iterations: 6
            Function evaluations: 41
            Gradient evaluations: 6
Optimization terminated successfully    (Exit mode 0)
            Current function value: 0.06947777777777783
            Iterations: 5
            Function evaluations: 45
            Gradient evaluations: 5
Optimization terminated successfully    (Exit mode 0)
            Current function value: 0.07064444444444448
            Iterations: 4
            Function evaluations: 40
            Gradient evaluations: 4
Optimization terminated successfully    (Exit mode 0)
            Current function value: 0.06770000000000005
            Iterations: 5
            Function evaluations: 51
            Gradient evaluations: 5
Optimization terminated successfully    (Exit mode 0)
            Current function value: 0.07397777777777782
            Iterations: 4
            Function evaluations: 49
            Gradient evaluations: 4
Optimization terminated successfully    (Exit mode 0)
            Current function value: 0.05534444444444446
            Iterations: 8
            Function evaluations: 92
            Gradient evaluations: 8
Optimization terminated successfully    (Exit mode 0)
            Current function value: 0.06871111111111117
            Iterations: 3
            Function evaluations: 44
            Gradient evaluations: 3
Optimization terminated successfully    (Exit mode 0)
            Current function value: 0.06885555555555564
            Iterations: 3
            Function evaluations: 47
            Gradient evaluations: 3
corrs 1
sub corrs 10
corrs 2
sub corrs 20
corrs 3
sub corrs 30
corrs 4
sub corrs 40
corrs 5
sub corrs 50
corrs 6
sub corrs 60
corrs 7
sub corrs 70
corrs 8
sub corrs 80
corrs 9
sub corrs 90
corrs 10
sub corrs 100
Optimization terminated successfully    (Exit mode 0)
            Current function value: 0.12424444444444432
            Iterations: 1
            Function evaluations: 2
            Gradient evaluations: 1
Optimization terminated successfully    (Exit mode 0)
            Current function value: 0.12064444444444443
            Iterations: 5
            Function evaluations: 26
            Gradient evaluations: 5
Optimization terminated successfully    (Exit mode 0)
            Current function value: 0.09445555555555564
            Iterations: 4
            Function evaluations: 28
            Gradient evaluations: 4
Optimization terminated successfully    (Exit mode 0)
            Current function value: 0.11729999999999997
            Iterations: 6
            Function evaluations: 46
            Gradient evaluations: 6
Optimization terminated successfully    (Exit mode 0)
            Current function value: 0.10836666666666674
            Iterations: 5
            Function evaluations: 41
            Gradient evaluations: 5
Optimization terminated successfully    (Exit mode 0)
            Current function value: 0.09383333333333346
            Iterations: 7
            Function evaluations: 62
            Gradient evaluations: 7
Optimization terminated successfully    (Exit mode 0)
            Current function value: 0.09143333333333342
            Iterations: 8
            Function evaluations: 76
            Gradient evaluations: 8
Optimization terminated successfully    (Exit mode 0)
            Current function value: 0.0916111111111112
            Iterations: 4
            Function evaluations: 36
            Gradient evaluations: 4
Optimization terminated successfully    (Exit mode 0)
            Current function value: 0.08498888888888903
            Iterations: 2
            Function evaluations: 31
            Gradient evaluations: 2
Optimization terminated successfully    (Exit mode 0)
            Current function value: 0.07843333333333338
            Iterations: 5
            Function evaluations: 66
            Gradient evaluations: 5
Optimization terminated successfully    (Exit mode 0)
            Current function value: 0.07927777777777784
            Iterations: 8
            Function evaluations: 109
            Gradient evaluations: 8
 Experiment complete. Results at: /mnt/beegfs/hellgate/home/tp183485/timecorr_trazzp/Cluster_Data/intact/intact_100_10_10_isfc_MiniBatchSparsePCA_45_mexican_hat.csv
