corrs 1
sub corrs 10
corrs 2
sub corrs 20
corrs 3
sub corrs 30
corrs 4
sub corrs 40
corrs 5
sub corrs 50
corrs 6
sub corrs 60
corrs 7
sub corrs 70
corrs 8
sub corrs 80
corrs 9
sub corrs 90
corrs 10
sub corrs 100
Optimization terminated successfully    (Exit mode 0)
            Current function value: 0.1039888888888891
            Iterations: 1
            Function evaluations: 2
            Gradient evaluations: 1
Optimization terminated successfully    (Exit mode 0)
            Current function value: 0.1039888888888891
            Iterations: 3
            Function evaluations: 9
            Gradient evaluations: 3
Optimization terminated successfully    (Exit mode 0)
            Current function value: 0.1039888888888891
            Iterations: 4
            Function evaluations: 16
            Gradient evaluations: 4
Optimization terminated successfully    (Exit mode 0)
            Current function value: 0.10254444444444465
            Iterations: 13
            Function evaluations: 85
            Gradient evaluations: 13
Optimization terminated successfully    (Exit mode 0)
            Current function value: 0.10217777777777799
            Iterations: 12
            Function evaluations: 88
            Gradient evaluations: 12
Optimization terminated successfully    (Exit mode 0)
            Current function value: 0.20375555555555555
            Iterations: 3
            Function evaluations: 36
            Gradient evaluations: 3
Optimization terminated successfully    (Exit mode 0)
            Current function value: 0.13701111111111106
            Iterations: 5
            Function evaluations: 52
            Gradient evaluations: 5
Optimization terminated successfully    (Exit mode 0)
            Current function value: 0.11326666666666675
            Iterations: 4
            Function evaluations: 48
            Gradient evaluations: 4
Optimization terminated successfully    (Exit mode 0)
            Current function value: 0.1046666666666669
            Iterations: 8
            Function evaluations: 96
            Gradient evaluations: 8
Optimization terminated successfully    (Exit mode 0)
            Current function value: 0.10708888888888907
            Iterations: 5
            Function evaluations: 66
            Gradient evaluations: 5
Optimization terminated successfully    (Exit mode 0)
            Current function value: 0.12470000000000002
            Iterations: 8
            Function evaluations: 117
            Gradient evaluations: 8
corrs 1
sub corrs 10
corrs 2
sub corrs 20
corrs 3
sub corrs 30
corrs 4
sub corrs 40
corrs 5
sub corrs 50
corrs 6
sub corrs 60
corrs 7
sub corrs 70
corrs 8
sub corrs 80
corrs 9
sub corrs 90
corrs 10
sub corrs 100
Optimization terminated successfully    (Exit mode 0)
            Current function value: 0.08515555555555569
            Iterations: 1
            Function evaluations: 2
            Gradient evaluations: 1
Optimization terminated successfully    (Exit mode 0)
            Current function value: 0.08515555555555569
            Iterations: 3
            Function evaluations: 9
            Gradient evaluations: 3
Optimization terminated successfully    (Exit mode 0)
            Current function value: 0.07672222222222233
            Iterations: 11
            Function evaluations: 58
            Gradient evaluations: 11
Optimization terminated successfully    (Exit mode 0)
            Current function value: 0.07865555555555566
            Iterations: 14
            Function evaluations: 95
            Gradient evaluations: 14
Optimization terminated successfully    (Exit mode 0)
            Current function value: 0.24082222222222224
            Iterations: 4
            Function evaluations: 41
            Gradient evaluations: 4
Optimization terminated successfully    (Exit mode 0)
            Current function value: 0.07910000000000011
            Iterations: 9
            Function evaluations: 75
            Gradient evaluations: 9
Optimization terminated successfully    (Exit mode 0)
            Current function value: 0.07928888888888899
            Iterations: 7
            Function evaluations: 67
            Gradient evaluations: 7
Optimization terminated successfully    (Exit mode 0)
            Current function value: 0.2344333333333332
            Iterations: 5
            Function evaluations: 58
            Gradient evaluations: 5
Optimization terminated successfully    (Exit mode 0)
            Current function value: 0.19726666666666653
            Iterations: 9
            Function evaluations: 109
            Gradient evaluations: 9
Optimization terminated successfully    (Exit mode 0)
            Current function value: 0.07928888888888898
            Iterations: 6
            Function evaluations: 77
            Gradient evaluations: 6
Optimization terminated successfully    (Exit mode 0)
            Current function value: 0.06904444444444453
            Iterations: 11
            Function evaluations: 147
            Gradient evaluations: 11
 Experiment complete. Results at: /mnt/beegfs/hellgate/home/tp183485/timecorr_trazzp/Cluster_Data/intact/intact_700_10_10_isfc_PCA_15_gaussian.csv
