corrs 1
sub corrs 10
corrs 2
sub corrs 20
corrs 3
sub corrs 30
corrs 4
sub corrs 40
corrs 5
sub corrs 50
corrs 6
sub corrs 60
corrs 7
sub corrs 70
corrs 8
sub corrs 80
corrs 9
sub corrs 90
corrs 10
sub corrs 100
Optimization terminated successfully    (Exit mode 0)
            Current function value: 0.07518888888888897
            Iterations: 1
            Function evaluations: 2
            Gradient evaluations: 1
       rank  accuracy     error
0  0.964756  0.243333  0.075189
Optimization terminated successfully    (Exit mode 0)
            Current function value: 0.07518888888888897
            Iterations: 3
            Function evaluations: 9
            Gradient evaluations: 3
       rank  accuracy     error
0  0.964756  0.243333  0.075189
Optimization terminated successfully    (Exit mode 0)
            Current function value: 0.08231111111111115
            Iterations: 4
            Function evaluations: 31
            Gradient evaluations: 4
       rank  accuracy     error
0  0.964878  0.246667  0.082311
Optimization terminated successfully    (Exit mode 0)
            Current function value: 0.08090000000000004
            Iterations: 3
            Function evaluations: 26
            Gradient evaluations: 3
     rank  accuracy   error
0  0.9647      0.25  0.0809
Optimization terminated successfully    (Exit mode 0)
            Current function value: 0.07518888888888897
            Iterations: 6
            Function evaluations: 37
            Gradient evaluations: 6
       rank  accuracy     error
0  0.964756  0.243333  0.075189
Optimization terminated successfully    (Exit mode 0)
            Current function value: 0.08882222222222234
            Iterations: 2
            Function evaluations: 25
            Gradient evaluations: 2
       rank  accuracy     error
0  0.963256  0.233333  0.088822
Optimization terminated successfully    (Exit mode 0)
            Current function value: 0.07453333333333341
            Iterations: 4
            Function evaluations: 43
            Gradient evaluations: 4
       rank  accuracy     error
0  0.964589  0.243333  0.074533
Optimization terminated successfully    (Exit mode 0)
            Current function value: 0.08431111111111114
            Iterations: 3
            Function evaluations: 38
            Gradient evaluations: 3
     rank  accuracy     error
0  0.9645  0.243333  0.084311
Optimization terminated successfully    (Exit mode 0)
            Current function value: 0.07767777777777786
            Iterations: 5
            Function evaluations: 61
            Gradient evaluations: 5
       rank  accuracy     error
0  0.964433  0.246667  0.077678
Optimization terminated successfully    (Exit mode 0)
            Current function value: 0.07518888888888897
            Iterations: 4
            Function evaluations: 44
            Gradient evaluations: 4
       rank  accuracy     error
0  0.964756  0.243333  0.075189
Optimization terminated successfully    (Exit mode 0)
            Current function value: 0.07518888888888897
            Iterations: 3
            Function evaluations: 47
            Gradient evaluations: 3
       rank  accuracy     error
0  0.964778  0.243333  0.075189
corrs 1
sub corrs 10
corrs 2
sub corrs 20
corrs 3
sub corrs 30
corrs 4
sub corrs 40
corrs 5
sub corrs 50
corrs 6
sub corrs 60
corrs 7
sub corrs 70
corrs 8
sub corrs 80
corrs 9
sub corrs 90
corrs 10
sub corrs 100
Optimization terminated successfully    (Exit mode 0)
            Current function value: 0.07407777777777787
            Iterations: 1
            Function evaluations: 2
            Gradient evaluations: 1
     rank  accuracy     error
0  0.9632      0.26  0.074078
Optimization terminated successfully    (Exit mode 0)
            Current function value: 0.0723111111111112
            Iterations: 4
            Function evaluations: 23
            Gradient evaluations: 4
       rank  accuracy     error
0  0.963178      0.26  0.072311
Optimization terminated successfully    (Exit mode 0)
            Current function value: 0.07330000000000007
            Iterations: 3
            Function evaluations: 23
            Gradient evaluations: 3
       rank  accuracy   error
0  0.963356  0.256667  0.0733
Optimization terminated successfully    (Exit mode 0)
            Current function value: 0.07418888888888898
            Iterations: 2
            Function evaluations: 21
            Gradient evaluations: 2
       rank  accuracy     error
0  0.962444  0.253333  0.074189
Optimization terminated successfully    (Exit mode 0)
            Current function value: 0.07041111111111119
            Iterations: 4
            Function evaluations: 35
            Gradient evaluations: 4
       rank  accuracy     error
0  0.963078      0.26  0.070411
Optimization terminated successfully    (Exit mode 0)
            Current function value: 0.07016666666666674
            Iterations: 4
            Function evaluations: 40
            Gradient evaluations: 4
       rank  accuracy     error
0  0.962633      0.26  0.070167
Optimization terminated successfully    (Exit mode 0)
            Current function value: 0.0723111111111112
            Iterations: 3
            Function evaluations: 35
            Gradient evaluations: 3
       rank  accuracy     error
0  0.963156      0.26  0.072311
Optimization terminated successfully    (Exit mode 0)
            Current function value: 0.0723111111111112
            Iterations: 2
            Function evaluations: 29
            Gradient evaluations: 2
       rank  accuracy     error
0  0.963189      0.26  0.072311
Optimization terminated successfully    (Exit mode 0)
            Current function value: 0.07014444444444451
            Iterations: 2
            Function evaluations: 31
            Gradient evaluations: 2
       rank  accuracy     error
0  0.962878      0.26  0.070144
Optimization terminated successfully    (Exit mode 0)
            Current function value: 0.07322222222222234
            Iterations: 4
            Function evaluations: 55
            Gradient evaluations: 4
       rank  accuracy     error
0  0.960444  0.246667  0.073222
Optimization terminated successfully    (Exit mode 0)
            Current function value: 0.07407777777777787
            Iterations: 2
            Function evaluations: 35
            Gradient evaluations: 2
     rank  accuracy     error
0  0.9632      0.26  0.074078
✨ Experiment complete. Results archived at: /mnt/beegfs/hellgate/home/tp183485/timecorr_trazzp/Cluster_Data/intact/intact_100_10_10_isfc_MDS_20_laplace.csv
