corrs 1
sub corrs 10
corrs 2
sub corrs 20
corrs 3
sub corrs 30
corrs 4
sub corrs 40
corrs 5
sub corrs 50
corrs 6
sub corrs 60
corrs 7
sub corrs 70
corrs 8
sub corrs 80
corrs 9
sub corrs 90
corrs 10
sub corrs 100
Optimization terminated successfully    (Exit mode 0)
            Current function value: 0.10750000000000005
            Iterations: 1
            Function evaluations: 2
            Gradient evaluations: 1
       rank  accuracy   error
0  0.952178  0.213333  0.1075
Optimization terminated successfully    (Exit mode 0)
            Current function value: 0.0787555555555556
            Iterations: 4
            Function evaluations: 13
            Gradient evaluations: 4
       rank  accuracy     error
0  0.942622      0.15  0.078756
Optimization terminated successfully    (Exit mode 0)
            Current function value: 0.06946666666666673
            Iterations: 11
            Function evaluations: 59
            Gradient evaluations: 11
       rank  accuracy     error
0  0.959211  0.206667  0.069467
Optimization terminated successfully    (Exit mode 0)
            Current function value: 0.07316666666666674
            Iterations: 10
            Function evaluations: 61
            Gradient evaluations: 10
     rank  accuracy     error
0  0.9569  0.193333  0.073167
Optimization terminated successfully    (Exit mode 0)
            Current function value: 0.07323333333333332
            Iterations: 7
            Function evaluations: 56
            Gradient evaluations: 7
       rank  accuracy     error
0  0.929411  0.146667  0.073233
Optimization terminated successfully    (Exit mode 0)
            Current function value: 0.10826666666666665
            Iterations: 7
            Function evaluations: 69
            Gradient evaluations: 7
       rank  accuracy     error
0  0.458222  0.006667  0.108267
Optimization terminated successfully    (Exit mode 0)
            Current function value: 0.10707777777777773
            Iterations: 9
            Function evaluations: 88
            Gradient evaluations: 9
       rank  accuracy     error
0  0.539144      0.01  0.107078
Optimization terminated successfully    (Exit mode 0)
            Current function value: 0.1075777777777778
            Iterations: 3
            Function evaluations: 38
            Gradient evaluations: 3
    rank  accuracy     error
0  0.683  0.003333  0.107578
Optimization terminated successfully    (Exit mode 0)
            Current function value: 0.1079777777777778
            Iterations: 7
            Function evaluations: 82
            Gradient evaluations: 7
       rank  accuracy     error
0  0.568044  0.013333  0.107978
Optimization terminated successfully    (Exit mode 0)
            Current function value: 0.11811111111111113
            Iterations: 4
            Function evaluations: 56
            Gradient evaluations: 4
       rank  accuracy     error
0  0.745722  0.016667  0.118111
Optimization terminated successfully    (Exit mode 0)
            Current function value: 0.06187777777777784
            Iterations: 12
            Function evaluations: 156
            Gradient evaluations: 12
     rank  accuracy     error
0  0.9569  0.196667  0.061878
corrs 1
sub corrs 10
corrs 2
sub corrs 20
corrs 3
sub corrs 30
corrs 4
sub corrs 40
corrs 5
sub corrs 50
corrs 6
sub corrs 60
corrs 7
sub corrs 70
corrs 8
sub corrs 80
corrs 9
sub corrs 90
corrs 10
sub corrs 100
Optimization terminated successfully    (Exit mode 0)
            Current function value: 0.12173333333333329
            Iterations: 1
            Function evaluations: 2
            Gradient evaluations: 1
       rank  accuracy     error
0  0.952722  0.203333  0.121733
Optimization terminated successfully    (Exit mode 0)
            Current function value: 0.0727222222222223
            Iterations: 5
            Function evaluations: 28
            Gradient evaluations: 5
       rank  accuracy     error
0  0.960489  0.213333  0.072722
Optimization terminated successfully    (Exit mode 0)
            Current function value: 0.07317777777777786
            Iterations: 2
            Function evaluations: 19
            Gradient evaluations: 2
       rank  accuracy     error
0  0.960533  0.213333  0.073178
Optimization terminated successfully    (Exit mode 0)
            Current function value: 0.07340000000000009
            Iterations: 6
            Function evaluations: 44
            Gradient evaluations: 6
       rank  accuracy   error
0  0.960622  0.216667  0.0734
Optimization terminated successfully    (Exit mode 0)
            Current function value: 0.11022222222222214
            Iterations: 6
            Function evaluations: 51
            Gradient evaluations: 6
       rank  accuracy     error
0  0.763244  0.043333  0.110222
Optimization terminated successfully    (Exit mode 0)
            Current function value: 0.1175555555555556
            Iterations: 4
            Function evaluations: 45
            Gradient evaluations: 4
       rank  accuracy     error
0  0.672678  0.026667  0.117556
Optimization terminated successfully    (Exit mode 0)
            Current function value: 0.06764444444444456
            Iterations: 11
            Function evaluations: 106
            Gradient evaluations: 11
       rank  accuracy     error
0  0.949333  0.193333  0.067644
Optimization terminated successfully    (Exit mode 0)
            Current function value: 0.11642222222222226
            Iterations: 7
            Function evaluations: 79
            Gradient evaluations: 7
       rank  accuracy     error
0  0.644822  0.016667  0.116422
Optimization terminated successfully    (Exit mode 0)
            Current function value: 0.11007777777777794
            Iterations: 12
            Function evaluations: 138
            Gradient evaluations: 12
       rank  accuracy     error
0  0.483589  0.013333  0.110078
Optimization terminated successfully    (Exit mode 0)
            Current function value: 0.11033333333333345
            Iterations: 9
            Function evaluations: 111
            Gradient evaluations: 9
       rank  accuracy     error
0  0.496511  0.013333  0.110333
Optimization terminated successfully    (Exit mode 0)
            Current function value: 0.10971111111111127
            Iterations: 9
            Function evaluations: 121
            Gradient evaluations: 9
       rank  accuracy     error
0  0.497156  0.013333  0.109711
 Experiment complete. Results at: /mnt/beegfs/hellgate/home/tp183485/timecorr_trazzp/Cluster_Data/intact/intact_700_10_10_isfc_PCA_20_mexican_hat.csv
