corrs 1
sub corrs 10
corrs 2
sub corrs 20
corrs 3
sub corrs 30
corrs 4
sub corrs 40
corrs 5
sub corrs 50
corrs 6
sub corrs 60
corrs 7
sub corrs 70
corrs 8
sub corrs 80
corrs 9
sub corrs 90
corrs 10
sub corrs 100
Optimization terminated successfully    (Exit mode 0)
            Current function value: 0.10837777777777784
            Iterations: 1
            Function evaluations: 2
            Gradient evaluations: 1
       rank  accuracy     error
0  0.958478      0.22  0.108378
Optimization terminated successfully    (Exit mode 0)
            Current function value: 0.08695555555555569
            Iterations: 4
            Function evaluations: 24
            Gradient evaluations: 4
       rank  accuracy     error
0  0.961378  0.233333  0.086956
Optimization terminated successfully    (Exit mode 0)
            Current function value: 0.08804444444444459
            Iterations: 3
            Function evaluations: 24
            Gradient evaluations: 3
       rank  accuracy     error
0  0.961356  0.236667  0.088044
Optimization terminated successfully    (Exit mode 0)
            Current function value: 0.07983333333333344
            Iterations: 9
            Function evaluations: 60
            Gradient evaluations: 9
       rank  accuracy     error
0  0.961011  0.236667  0.079833
Optimization terminated successfully    (Exit mode 0)
            Current function value: 0.07973333333333345
            Iterations: 7
            Function evaluations: 61
            Gradient evaluations: 7
       rank  accuracy     error
0  0.961556  0.233333  0.079733
Optimization terminated successfully    (Exit mode 0)
            Current function value: 0.07911111111111122
            Iterations: 8
            Function evaluations: 77
            Gradient evaluations: 8
     rank  accuracy     error
0  0.9617  0.256667  0.079111
Optimization terminated successfully    (Exit mode 0)
            Current function value: 0.08911111111111124
            Iterations: 5
            Function evaluations: 52
            Gradient evaluations: 5
       rank  accuracy     error
0  0.961078  0.223333  0.089111
Optimization terminated successfully    (Exit mode 0)
            Current function value: 0.0968444444444446
            Iterations: 2
            Function evaluations: 29
            Gradient evaluations: 2
     rank  accuracy     error
0  0.9602      0.22  0.096844
Optimization terminated successfully    (Exit mode 0)
            Current function value: 0.08333333333333345
            Iterations: 5
            Function evaluations: 62
            Gradient evaluations: 5
       rank  accuracy     error
0  0.960533  0.223333  0.083333
Optimization terminated successfully    (Exit mode 0)
            Current function value: 0.10260000000000015
            Iterations: 2
            Function evaluations: 33
            Gradient evaluations: 2
       rank  accuracy   error
0  0.959389      0.22  0.1026
Optimization terminated successfully    (Exit mode 0)
            Current function value: 0.08047777777777787
            Iterations: 5
            Function evaluations: 73
            Gradient evaluations: 5
       rank  accuracy     error
0  0.961467  0.233333  0.080478
corrs 1
sub corrs 10
corrs 2
sub corrs 20
corrs 3
sub corrs 30
corrs 4
sub corrs 40
corrs 5
sub corrs 50
corrs 6
sub corrs 60
corrs 7
sub corrs 70
corrs 8
sub corrs 80
corrs 9
sub corrs 90
corrs 10
sub corrs 100
Optimization terminated successfully    (Exit mode 0)
            Current function value: 0.08690000000000019
            Iterations: 1
            Function evaluations: 2
            Gradient evaluations: 1
       rank  accuracy   error
0  0.962811  0.216667  0.0869
Optimization terminated successfully    (Exit mode 0)
            Current function value: 0.0684666666666668
            Iterations: 3
            Function evaluations: 20
            Gradient evaluations: 3
     rank  accuracy     error
0  0.9644      0.23  0.068467
Optimization terminated successfully    (Exit mode 0)
            Current function value: 0.06752222222222234
            Iterations: 8
            Function evaluations: 48
            Gradient evaluations: 8
       rank  accuracy     error
0  0.963956  0.223333  0.067522
Optimization terminated successfully    (Exit mode 0)
            Current function value: 0.06444444444444454
            Iterations: 8
            Function evaluations: 51
            Gradient evaluations: 8
       rank  accuracy     error
0  0.964278  0.223333  0.064444
Optimization terminated successfully    (Exit mode 0)
            Current function value: 0.05912222222222235
            Iterations: 4
            Function evaluations: 37
            Gradient evaluations: 4
     rank  accuracy     error
0  0.9658  0.213333  0.059122
Optimization terminated successfully    (Exit mode 0)
            Current function value: 0.05440000000000009
            Iterations: 5
            Function evaluations: 47
            Gradient evaluations: 5
       rank  accuracy   error
0  0.965489      0.22  0.0544
Optimization terminated successfully    (Exit mode 0)
            Current function value: 0.05531111111111121
            Iterations: 5
            Function evaluations: 52
            Gradient evaluations: 5
       rank  accuracy     error
0  0.965522  0.223333  0.055311
Optimization terminated successfully    (Exit mode 0)
            Current function value: 0.05657777777777786
            Iterations: 6
            Function evaluations: 66
            Gradient evaluations: 6
       rank  accuracy     error
0  0.965267  0.226667  0.056578
Optimization terminated successfully    (Exit mode 0)
            Current function value: 0.058433333333333455
            Iterations: 6
            Function evaluations: 72
            Gradient evaluations: 6
     rank  accuracy     error
0  0.9657      0.22  0.058433
Optimization terminated successfully    (Exit mode 0)
            Current function value: 0.08690000000000019
            Iterations: 2
            Function evaluations: 33
            Gradient evaluations: 2
       rank  accuracy   error
0  0.962811  0.216667  0.0869
Optimization terminated successfully    (Exit mode 0)
            Current function value: 0.08690000000000019
            Iterations: 2
            Function evaluations: 35
            Gradient evaluations: 2
       rank  accuracy   error
0  0.962811  0.216667  0.0869
✨ Experiment complete. Results archived at: /mnt/beegfs/hellgate/home/tp183485/timecorr_trazzp/Cluster_Data/intact/intact_100_10_10_isfc_MDS_45_gaussian.csv
