corrs 1
sub corrs 10
corrs 2
sub corrs 20
corrs 3
sub corrs 30
corrs 4
sub corrs 40
corrs 5
sub corrs 50
corrs 6
sub corrs 60
corrs 7
sub corrs 70
corrs 8
sub corrs 80
corrs 9
sub corrs 90
corrs 10
sub corrs 100
Optimization terminated successfully    (Exit mode 0)
            Current function value: 0.08010000000000009
            Iterations: 1
            Function evaluations: 2
            Gradient evaluations: 1
Optimization terminated successfully    (Exit mode 0)
            Current function value: 0.19305555555555554
            Iterations: 1
            Function evaluations: 14
            Gradient evaluations: 1
Optimization terminated successfully    (Exit mode 0)
            Current function value: 0.05845555555555559
            Iterations: 3
            Function evaluations: 23
            Gradient evaluations: 3
Optimization terminated successfully    (Exit mode 0)
            Current function value: 0.05525555555555559
            Iterations: 6
            Function evaluations: 45
            Gradient evaluations: 6
Optimization terminated successfully    (Exit mode 0)
            Current function value: 0.04547777777777778
            Iterations: 5
            Function evaluations: 42
            Gradient evaluations: 5
Optimization terminated successfully    (Exit mode 0)
            Current function value: 0.020066666666666646
            Iterations: 8
            Function evaluations: 70
            Gradient evaluations: 8
Optimization terminated successfully    (Exit mode 0)
            Current function value: 0.027755555555555554
            Iterations: 17
            Function evaluations: 156
            Gradient evaluations: 17
Optimization terminated successfully    (Exit mode 0)
            Current function value: 0.03031111111111111
            Iterations: 14
            Function evaluations: 153
            Gradient evaluations: 14
Optimization terminated successfully    (Exit mode 0)
            Current function value: 0.1889666666666667
            Iterations: 3
            Function evaluations: 41
            Gradient evaluations: 3
Optimization terminated successfully    (Exit mode 0)
            Current function value: 0.024888888888888884
            Iterations: 6
            Function evaluations: 86
            Gradient evaluations: 6
Optimization terminated successfully    (Exit mode 0)
            Current function value: 0.012822222222222235
            Iterations: 6
            Function evaluations: 85
            Gradient evaluations: 6
corrs 1
sub corrs 10
corrs 2
sub corrs 20
corrs 3
sub corrs 30
corrs 4
sub corrs 40
corrs 5
sub corrs 50
corrs 6
sub corrs 60
corrs 7
sub corrs 70
corrs 8
sub corrs 80
corrs 9
sub corrs 90
corrs 10
sub corrs 100
Optimization terminated successfully    (Exit mode 0)
            Current function value: 0.09601111111111127
            Iterations: 1
            Function evaluations: 2
            Gradient evaluations: 1
Optimization terminated successfully    (Exit mode 0)
            Current function value: 0.06348888888888891
            Iterations: 6
            Function evaluations: 32
            Gradient evaluations: 6
Optimization terminated successfully    (Exit mode 0)
            Current function value: 0.06348888888888891
            Iterations: 3
            Function evaluations: 24
            Gradient evaluations: 3
Optimization terminated successfully    (Exit mode 0)
            Current function value: 0.06370000000000002
            Iterations: 7
            Function evaluations: 47
            Gradient evaluations: 7
Optimization terminated successfully    (Exit mode 0)
            Current function value: 0.11850000000000006
            Iterations: 5
            Function evaluations: 49
            Gradient evaluations: 5
Optimization terminated successfully    (Exit mode 0)
            Current function value: 0.1762111111111112
            Iterations: 4
            Function evaluations: 41
            Gradient evaluations: 4
Optimization terminated successfully    (Exit mode 0)
            Current function value: 0.04031111111111107
            Iterations: 12
            Function evaluations: 125
            Gradient evaluations: 12
Optimization terminated successfully    (Exit mode 0)
            Current function value: 0.020322222222222217
            Iterations: 15
            Function evaluations: 156
            Gradient evaluations: 15
Optimization terminated successfully    (Exit mode 0)
            Current function value: 0.04218888888888886
            Iterations: 6
            Function evaluations: 72
            Gradient evaluations: 6
Optimization terminated successfully    (Exit mode 0)
            Current function value: 0.016211111111111093
            Iterations: 15
            Function evaluations: 195
            Gradient evaluations: 15
Optimization terminated successfully    (Exit mode 0)
            Current function value: 0.015588888888888874
            Iterations: 7
            Function evaluations: 98
            Gradient evaluations: 7
 Experiment complete. Results at: /mnt/beegfs/hellgate/home/tp183485/timecorr_trazzp/Cluster_Data/intact/intact_100_10_10_isfc_IncrementalPCA_40_laplace.csv
