corrs 1
sub corrs 10
corrs 2
sub corrs 20
corrs 3
sub corrs 30
corrs 4
sub corrs 40
corrs 5
sub corrs 50
corrs 6
sub corrs 60
corrs 7
sub corrs 70
corrs 8
sub corrs 80
corrs 9
sub corrs 90
corrs 10
sub corrs 100
Optimization terminated successfully    (Exit mode 0)
            Current function value: 0.09746666666666685
            Iterations: 1
            Function evaluations: 2
            Gradient evaluations: 1
Optimization terminated successfully    (Exit mode 0)
            Current function value: 0.07655555555555571
            Iterations: 6
            Function evaluations: 34
            Gradient evaluations: 6
Optimization terminated successfully    (Exit mode 0)
            Current function value: 0.05385555555555563
            Iterations: 4
            Function evaluations: 28
            Gradient evaluations: 4
Optimization terminated successfully    (Exit mode 0)
            Current function value: 0.05625555555555567
            Iterations: 3
            Function evaluations: 28
            Gradient evaluations: 3
Optimization terminated successfully    (Exit mode 0)
            Current function value: 0.04166666666666667
            Iterations: 10
            Function evaluations: 73
            Gradient evaluations: 10
Optimization terminated successfully    (Exit mode 0)
            Current function value: 0.030344444444444476
            Iterations: 4
            Function evaluations: 41
            Gradient evaluations: 4
Optimization terminated successfully    (Exit mode 0)
            Current function value: 0.01947777777777776
            Iterations: 7
            Function evaluations: 69
            Gradient evaluations: 7
Optimization terminated successfully    (Exit mode 0)
            Current function value: 0.0051000000000000064
            Iterations: 5
            Function evaluations: 57
            Gradient evaluations: 5
Optimization terminated successfully    (Exit mode 0)
            Current function value: 0.004733333333333345
            Iterations: 4
            Function evaluations: 55
            Gradient evaluations: 4
Optimization terminated successfully    (Exit mode 0)
            Current function value: 0.004577777777777786
            Iterations: 12
            Function evaluations: 156
            Gradient evaluations: 12
Optimization terminated successfully    (Exit mode 0)
            Current function value: 0.004544444444444454
            Iterations: 9
            Function evaluations: 122
            Gradient evaluations: 9
corrs 1
sub corrs 10
corrs 2
sub corrs 20
corrs 3
sub corrs 30
corrs 4
sub corrs 40
corrs 5
sub corrs 50
corrs 6
sub corrs 60
corrs 7
sub corrs 70
corrs 8
sub corrs 80
corrs 9
sub corrs 90
corrs 10
sub corrs 100
Optimization terminated successfully    (Exit mode 0)
            Current function value: 0.06096666666666676
            Iterations: 1
            Function evaluations: 2
            Gradient evaluations: 1
Optimization terminated successfully    (Exit mode 0)
            Current function value: 0.0634111111111112
            Iterations: 3
            Function evaluations: 20
            Gradient evaluations: 3
Optimization terminated successfully    (Exit mode 0)
            Current function value: 0.042988888888888833
            Iterations: 4
            Function evaluations: 29
            Gradient evaluations: 4
Optimization terminated successfully    (Exit mode 0)
            Current function value: 0.04075555555555552
            Iterations: 4
            Function evaluations: 32
            Gradient evaluations: 4
Optimization terminated successfully    (Exit mode 0)
            Current function value: 0.03929999999999996
            Iterations: 5
            Function evaluations: 44
            Gradient evaluations: 5
Optimization terminated successfully    (Exit mode 0)
            Current function value: 0.034944444444444445
            Iterations: 8
            Function evaluations: 69
            Gradient evaluations: 8
Optimization terminated successfully    (Exit mode 0)
            Current function value: 0.02158888888888885
            Iterations: 2
            Function evaluations: 27
            Gradient evaluations: 2
Optimization terminated successfully    (Exit mode 0)
            Current function value: 0.005333333333333343
            Iterations: 7
            Function evaluations: 74
            Gradient evaluations: 7
Optimization terminated successfully    (Exit mode 0)
            Current function value: 0.005166666666666675
            Iterations: 2
            Function evaluations: 31
            Gradient evaluations: 2
Optimization terminated successfully    (Exit mode 0)
            Current function value: 0.0054444444444444575
            Iterations: 3
            Function evaluations: 44
            Gradient evaluations: 3
Optimization terminated successfully    (Exit mode 0)
            Current function value: 0.005466666666666676
            Iterations: 6
            Function evaluations: 91
            Gradient evaluations: 6
 Experiment complete. Results at: /mnt/beegfs/hellgate/home/tp183485/timecorr_trazzp/Cluster_Data/intact/intact_100_10_10_isfc_FactorAnalysis_30_mexican_hat.csv
