corrs 1
sub corrs 10
corrs 2
sub corrs 20
corrs 3
sub corrs 30
corrs 4
sub corrs 40
corrs 5
sub corrs 50
corrs 6
sub corrs 60
corrs 7
sub corrs 70
corrs 8
sub corrs 80
corrs 9
sub corrs 90
corrs 10
sub corrs 100
Optimization terminated successfully    (Exit mode 0)
            Current function value: 0.09571111111111127
            Iterations: 1
            Function evaluations: 2
            Gradient evaluations: 1
       rank  accuracy     error
0  0.968978      0.27  0.095711
Optimization terminated successfully    (Exit mode 0)
            Current function value: 0.09474444444444458
            Iterations: 4
            Function evaluations: 23
            Gradient evaluations: 4
       rank  accuracy     error
0  0.969356  0.273333  0.094744
Optimization terminated successfully    (Exit mode 0)
            Current function value: 0.08196666666666674
            Iterations: 5
            Function evaluations: 31
            Gradient evaluations: 5
     rank  accuracy     error
0  0.9713      0.29  0.081967
Optimization terminated successfully    (Exit mode 0)
            Current function value: 0.08291111111111119
            Iterations: 4
            Function evaluations: 31
            Gradient evaluations: 4
       rank  accuracy     error
0  0.971011  0.286667  0.082911
Optimization terminated successfully    (Exit mode 0)
            Current function value: 0.08195555555555564
            Iterations: 4
            Function evaluations: 36
            Gradient evaluations: 4
       rank  accuracy     error
0  0.971267      0.29  0.081956
Optimization terminated successfully    (Exit mode 0)
            Current function value: 0.08413333333333342
            Iterations: 4
            Function evaluations: 39
            Gradient evaluations: 4
       rank  accuracy     error
0  0.970556  0.276667  0.084133
Optimization terminated successfully    (Exit mode 0)
            Current function value: 0.08260000000000009
            Iterations: 4
            Function evaluations: 43
            Gradient evaluations: 4
     rank  accuracy   error
0  0.9714  0.283333  0.0826
Optimization terminated successfully    (Exit mode 0)
            Current function value: 0.08924444444444456
            Iterations: 4
            Function evaluations: 47
            Gradient evaluations: 4
       rank  accuracy     error
0  0.970511      0.27  0.089244
Optimization terminated successfully    (Exit mode 0)
            Current function value: 0.08271111111111118
            Iterations: 5
            Function evaluations: 64
            Gradient evaluations: 5
       rank  accuracy     error
0  0.970944  0.276667  0.082711
Optimization terminated successfully    (Exit mode 0)
            Current function value: 0.08802222222222227
            Iterations: 4
            Function evaluations: 58
            Gradient evaluations: 4
       rank  accuracy     error
0  0.970956  0.273333  0.088022
Optimization terminated successfully    (Exit mode 0)
            Current function value: 0.08223333333333341
            Iterations: 3
            Function evaluations: 48
            Gradient evaluations: 3
       rank  accuracy     error
0  0.971633       0.3  0.082233
corrs 1
sub corrs 10
corrs 2
sub corrs 20
corrs 3
sub corrs 30
corrs 4
sub corrs 40
corrs 5
sub corrs 50
corrs 6
sub corrs 60
corrs 7
sub corrs 70
corrs 8
sub corrs 80
corrs 9
sub corrs 90
corrs 10
sub corrs 100
Optimization terminated successfully    (Exit mode 0)
            Current function value: 0.08863333333333347
            Iterations: 1
            Function evaluations: 2
            Gradient evaluations: 1
       rank  accuracy     error
0  0.966022  0.303333  0.088633
Optimization terminated successfully    (Exit mode 0)
            Current function value: 0.08687777777777789
            Iterations: 5
            Function evaluations: 16
            Gradient evaluations: 5
       rank  accuracy     error
0  0.967856      0.29  0.086878
Optimization terminated successfully    (Exit mode 0)
            Current function value: 0.07838888888888901
            Iterations: 5
            Function evaluations: 35
            Gradient evaluations: 5
       rank  accuracy     error
0  0.968722      0.28  0.078389
Optimization terminated successfully    (Exit mode 0)
            Current function value: 0.0794444444444445
            Iterations: 3
            Function evaluations: 27
            Gradient evaluations: 3
       rank  accuracy     error
0  0.968922      0.29  0.079444
Optimization terminated successfully    (Exit mode 0)
            Current function value: 0.08101111111111124
            Iterations: 2
            Function evaluations: 23
            Gradient evaluations: 2
       rank  accuracy     error
0  0.970322  0.283333  0.081011
Optimization terminated successfully    (Exit mode 0)
            Current function value: 0.07816666666666676
            Iterations: 4
            Function evaluations: 39
            Gradient evaluations: 4
     rank  accuracy     error
0  0.9701  0.293333  0.078167
Optimization terminated successfully    (Exit mode 0)
            Current function value: 0.07911111111111122
            Iterations: 5
            Function evaluations: 53
            Gradient evaluations: 5
     rank  accuracy     error
0  0.9704  0.283333  0.079111
Optimization terminated successfully    (Exit mode 0)
            Current function value: 0.08257777777777787
            Iterations: 3
            Function evaluations: 39
            Gradient evaluations: 3
       rank  accuracy     error
0  0.968222  0.273333  0.082578
Optimization terminated successfully    (Exit mode 0)
            Current function value: 0.07983333333333345
            Iterations: 3
            Function evaluations: 41
            Gradient evaluations: 3
       rank  accuracy     error
0  0.969478  0.283333  0.079833
Optimization terminated successfully    (Exit mode 0)
            Current function value: 0.0798444444444446
            Iterations: 3
            Function evaluations: 44
            Gradient evaluations: 3
       rank  accuracy     error
0  0.970056      0.29  0.079844
Optimization terminated successfully    (Exit mode 0)
            Current function value: 0.06573333333333337
            Iterations: 6
            Function evaluations: 86
            Gradient evaluations: 6
       rank  accuracy     error
0  0.968544  0.283333  0.065733
 Experiment complete. Results at: /mnt/beegfs/hellgate/home/tp183485/timecorr_trazzp/Cluster_Data/intact/intact_100_10_10_isfc_TruncatedSVD_20_gaussian.csv
