corrs 1
sub corrs 10
corrs 2
sub corrs 20
corrs 3
sub corrs 30
corrs 4
sub corrs 40
corrs 5
sub corrs 50
corrs 6
sub corrs 60
corrs 7
sub corrs 70
corrs 8
sub corrs 80
corrs 9
sub corrs 90
corrs 10
sub corrs 100
Optimization terminated successfully    (Exit mode 0)
            Current function value: 0.07594444444444452
            Iterations: 1
            Function evaluations: 2
            Gradient evaluations: 1
       rank  accuracy     error
0  0.964256      0.28  0.075944
Optimization terminated successfully    (Exit mode 0)
            Current function value: 0.06196666666666674
            Iterations: 4
            Function evaluations: 25
            Gradient evaluations: 4
       rank  accuracy     error
0  0.964267  0.293333  0.061967
Optimization terminated successfully    (Exit mode 0)
            Current function value: 0.06381111111111118
            Iterations: 3
            Function evaluations: 23
            Gradient evaluations: 3
       rank  accuracy     error
0  0.964111      0.28  0.063811
Optimization terminated successfully    (Exit mode 0)
            Current function value: 0.05314444444444449
            Iterations: 4
            Function evaluations: 34
            Gradient evaluations: 4
     rank  accuracy     error
0  0.9683  0.316667  0.053144
Optimization terminated successfully    (Exit mode 0)
            Current function value: 0.058233333333333415
            Iterations: 4
            Function evaluations: 37
            Gradient evaluations: 4
       rank  accuracy     error
0  0.968411  0.306667  0.058233
Optimization terminated successfully    (Exit mode 0)
            Current function value: 0.035022222222222274
            Iterations: 2
            Function evaluations: 25
            Gradient evaluations: 2
       rank  accuracy     error
0  0.976511      0.29  0.035022
Optimization terminated successfully    (Exit mode 0)
            Current function value: 0.0387444444444445
            Iterations: 3
            Function evaluations: 35
            Gradient evaluations: 3
       rank  accuracy     error
0  0.976122  0.296667  0.038744
Optimization terminated successfully    (Exit mode 0)
            Current function value: 0.0358111111111111
            Iterations: 2
            Function evaluations: 29
            Gradient evaluations: 2
    rank  accuracy     error
0  0.977      0.31  0.035811
Optimization terminated successfully    (Exit mode 0)
            Current function value: 0.0302444444444444
            Iterations: 9
            Function evaluations: 103
            Gradient evaluations: 9
     rank  accuracy     error
0  0.9799      0.32  0.030244
Optimization terminated successfully    (Exit mode 0)
            Current function value: 0.03691111111111111
            Iterations: 3
            Function evaluations: 44
            Gradient evaluations: 3
       rank  accuracy     error
0  0.977089  0.306667  0.036911
Optimization terminated successfully    (Exit mode 0)
            Current function value: 0.04546666666666674
            Iterations: 6
            Function evaluations: 90
            Gradient evaluations: 6
       rank  accuracy     error
0  0.976644  0.306667  0.045467
corrs 1
sub corrs 10
corrs 2
sub corrs 20
corrs 3
sub corrs 30
corrs 4
sub corrs 40
corrs 5
sub corrs 50
corrs 6
sub corrs 60
corrs 7
sub corrs 70
corrs 8
sub corrs 80
corrs 9
sub corrs 90
corrs 10
sub corrs 100
Optimization terminated successfully    (Exit mode 0)
            Current function value: 0.08618888888888901
            Iterations: 1
            Function evaluations: 2
            Gradient evaluations: 1
       rank  accuracy     error
0  0.964022  0.276667  0.086189
Optimization terminated successfully    (Exit mode 0)
            Current function value: 0.07258888888888902
            Iterations: 8
            Function evaluations: 36
            Gradient evaluations: 8
       rank  accuracy     error
0  0.965278       0.3  0.072589
Optimization terminated successfully    (Exit mode 0)
            Current function value: 0.07077777777777787
            Iterations: 7
            Function evaluations: 42
            Gradient evaluations: 7
       rank  accuracy     error
0  0.965267      0.31  0.070778
Optimization terminated successfully    (Exit mode 0)
            Current function value: 0.06632222222222232
            Iterations: 5
            Function evaluations: 37
            Gradient evaluations: 5
       rank  accuracy     error
0  0.968122  0.303333  0.066322
Optimization terminated successfully    (Exit mode 0)
            Current function value: 0.06690000000000013
            Iterations: 6
            Function evaluations: 48
            Gradient evaluations: 6
     rank  accuracy   error
0  0.9686  0.303333  0.0669
Optimization terminated successfully    (Exit mode 0)
            Current function value: 0.04854444444444448
            Iterations: 11
            Function evaluations: 94
            Gradient evaluations: 11
       rank  accuracy     error
0  0.975889  0.306667  0.048544
Optimization terminated successfully    (Exit mode 0)
            Current function value: 0.05813333333333342
            Iterations: 3
            Function evaluations: 35
            Gradient evaluations: 3
     rank  accuracy     error
0  0.9722  0.306667  0.058133
Optimization terminated successfully    (Exit mode 0)
            Current function value: 0.03817777777777779
            Iterations: 6
            Function evaluations: 67
            Gradient evaluations: 6
       rank  accuracy     error
0  0.980111  0.293333  0.038178
Optimization terminated successfully    (Exit mode 0)
            Current function value: 0.035200000000000016
            Iterations: 11
            Function evaluations: 126
            Gradient evaluations: 11
       rank  accuracy   error
0  0.979333       0.3  0.0352
Optimization terminated successfully    (Exit mode 0)
            Current function value: 0.05733333333333344
            Iterations: 5
            Function evaluations: 68
            Gradient evaluations: 5
       rank  accuracy     error
0  0.974344  0.296667  0.057333
Optimization terminated successfully    (Exit mode 0)
            Current function value: 0.03653333333333334
            Iterations: 9
            Function evaluations: 124
            Gradient evaluations: 9
       rank  accuracy     error
0  0.978933       0.3  0.036533
 Experiment complete. Results at: /mnt/beegfs/hellgate/home/tp183485/timecorr_trazzp/Cluster_Data/intact/intact_100_10_10_isfc_PCA_10_mexican_hat.csv
