corrs 1
sub corrs 10
corrs 2
sub corrs 20
corrs 3
sub corrs 30
corrs 4
sub corrs 40
corrs 5
sub corrs 50
corrs 6
sub corrs 60
corrs 7
sub corrs 70
corrs 8
sub corrs 80
corrs 9
sub corrs 90
corrs 10
sub corrs 100
Optimization terminated successfully    (Exit mode 0)
            Current function value: 0.13053333333333336
            Iterations: 1
            Function evaluations: 2
            Gradient evaluations: 1
Optimization terminated successfully    (Exit mode 0)
            Current function value: 0.13053333333333336
            Iterations: 3
            Function evaluations: 9
            Gradient evaluations: 3
Optimization terminated successfully    (Exit mode 0)
            Current function value: 0.13053333333333336
            Iterations: 6
            Function evaluations: 24
            Gradient evaluations: 6
Optimization terminated successfully    (Exit mode 0)
            Current function value: 0.3436222222222224
            Iterations: 2
            Function evaluations: 21
            Gradient evaluations: 2
Optimization terminated successfully    (Exit mode 0)
            Current function value: 0.3426777777777779
            Iterations: 15
            Function evaluations: 104
            Gradient evaluations: 15
Optimization terminated successfully    (Exit mode 0)
            Current function value: 0.033722222222222216
            Iterations: 15
            Function evaluations: 119
            Gradient evaluations: 15
Optimization terminated successfully    (Exit mode 0)
            Current function value: 0.03359999999999999
            Iterations: 15
            Function evaluations: 134
            Gradient evaluations: 15
Optimization terminated successfully    (Exit mode 0)
            Current function value: 0.4918888888888889
            Iterations: 1
            Function evaluations: 20
            Gradient evaluations: 1
Optimization terminated successfully    (Exit mode 0)
            Current function value: 0.032344444444444446
            Iterations: 9
            Function evaluations: 103
            Gradient evaluations: 9
Optimization terminated successfully    (Exit mode 0)
            Current function value: 0.48859999999999987
            Iterations: 4
            Function evaluations: 58
            Gradient evaluations: 4
Optimization terminated successfully    (Exit mode 0)
            Current function value: 0.00662222222222223
            Iterations: 8
            Function evaluations: 109
            Gradient evaluations: 8
corrs 1
sub corrs 10
corrs 2
sub corrs 20
corrs 3
sub corrs 30
corrs 4
sub corrs 40
corrs 5
sub corrs 50
corrs 6
sub corrs 60
corrs 7
sub corrs 70
corrs 8
sub corrs 80
corrs 9
sub corrs 90
corrs 10
sub corrs 100
Optimization terminated successfully    (Exit mode 0)
            Current function value: 0.12532222222222222
            Iterations: 1
            Function evaluations: 2
            Gradient evaluations: 1
Optimization terminated successfully    (Exit mode 0)
            Current function value: 0.12532222222222222
            Iterations: 2
            Function evaluations: 6
            Gradient evaluations: 2
Optimization terminated successfully    (Exit mode 0)
            Current function value: 0.12532222222222222
            Iterations: 3
            Function evaluations: 12
            Gradient evaluations: 3
Optimization terminated successfully    (Exit mode 0)
            Current function value: 0.30956666666666666
            Iterations: 9
            Function evaluations: 50
            Gradient evaluations: 9
Optimization terminated successfully    (Exit mode 0)
            Current function value: 0.12532222222222222
            Iterations: 3
            Function evaluations: 18
            Gradient evaluations: 3
Optimization terminated successfully    (Exit mode 0)
            Current function value: 0.04403333333333332
            Iterations: 9
            Function evaluations: 79
            Gradient evaluations: 9
Optimization terminated successfully    (Exit mode 0)
            Current function value: 0.029544444444444422
            Iterations: 19
            Function evaluations: 171
            Gradient evaluations: 19
Optimization terminated successfully    (Exit mode 0)
            Current function value: 0.0709666666666667
            Iterations: 5
            Function evaluations: 56
            Gradient evaluations: 5
Optimization terminated successfully    (Exit mode 0)
            Current function value: 0.026111111111111064
            Iterations: 16
            Function evaluations: 174
            Gradient evaluations: 16
Optimization terminated successfully    (Exit mode 0)
            Current function value: 0.06783333333333343
            Iterations: 14
            Function evaluations: 184
            Gradient evaluations: 14
Optimization terminated successfully    (Exit mode 0)
            Current function value: 0.007644444444444458
            Iterations: 11
            Function evaluations: 149
            Gradient evaluations: 11
 Experiment complete. Results at: /mnt/beegfs/hellgate/home/tp183485/timecorr_trazzp/Cluster_Data/intact/intact_700_10_10_isfc_IncrementalPCA_40_laplace.csv
