corrs 1
sub corrs 10
corrs 2
sub corrs 20
corrs 3
sub corrs 30
corrs 4
sub corrs 40
corrs 5
sub corrs 50
corrs 6
sub corrs 60
corrs 7
sub corrs 70
corrs 8
sub corrs 80
corrs 9
sub corrs 90
corrs 10
sub corrs 100
Optimization terminated successfully    (Exit mode 0)
            Current function value: 0.11463333333333331
            Iterations: 1
            Function evaluations: 2
            Gradient evaluations: 1
Optimization terminated successfully    (Exit mode 0)
            Current function value: 0.23704444444444442
            Iterations: 1
            Function evaluations: 14
            Gradient evaluations: 1
Optimization terminated successfully    (Exit mode 0)
            Current function value: 0.11821111111111103
            Iterations: 4
            Function evaluations: 16
            Gradient evaluations: 4
Optimization terminated successfully    (Exit mode 0)
            Current function value: 0.11971111111111106
            Iterations: 4
            Function evaluations: 20
            Gradient evaluations: 4
Optimization terminated successfully    (Exit mode 0)
            Current function value: 0.11869999999999997
            Iterations: 5
            Function evaluations: 41
            Gradient evaluations: 5
Optimization terminated successfully    (Exit mode 0)
            Current function value: 0.1141555555555556
            Iterations: 9
            Function evaluations: 75
            Gradient evaluations: 9
Optimization terminated successfully    (Exit mode 0)
            Current function value: 0.11043333333333337
            Iterations: 6
            Function evaluations: 63
            Gradient evaluations: 6
Optimization terminated successfully    (Exit mode 0)
            Current function value: 0.10957777777777773
            Iterations: 4
            Function evaluations: 47
            Gradient evaluations: 4
Optimization terminated successfully    (Exit mode 0)
            Current function value: 0.11423333333333337
            Iterations: 6
            Function evaluations: 71
            Gradient evaluations: 6
Optimization terminated successfully    (Exit mode 0)
            Current function value: 0.1126666666666667
            Iterations: 7
            Function evaluations: 94
            Gradient evaluations: 7
Optimization terminated successfully    (Exit mode 0)
            Current function value: 0.1123444444444445
            Iterations: 6
            Function evaluations: 84
            Gradient evaluations: 6
corrs 1
sub corrs 10
corrs 2
sub corrs 20
corrs 3
sub corrs 30
corrs 4
sub corrs 40
corrs 5
sub corrs 50
corrs 6
sub corrs 60
corrs 7
sub corrs 70
corrs 8
sub corrs 80
corrs 9
sub corrs 90
corrs 10
sub corrs 100
Optimization terminated successfully    (Exit mode 0)
            Current function value: 0.08340000000000011
            Iterations: 1
            Function evaluations: 2
            Gradient evaluations: 1
Optimization terminated successfully    (Exit mode 0)
            Current function value: 0.08340000000000011
            Iterations: 4
            Function evaluations: 12
            Gradient evaluations: 4
Optimization terminated successfully    (Exit mode 0)
            Current function value: 0.11387777777777776
            Iterations: 5
            Function evaluations: 32
            Gradient evaluations: 5
Optimization terminated successfully    (Exit mode 0)
            Current function value: 0.11213333333333333
            Iterations: 8
            Function evaluations: 54
            Gradient evaluations: 8
Optimization terminated successfully    (Exit mode 0)
            Current function value: 0.0716000000000001
            Iterations: 5
            Function evaluations: 41
            Gradient evaluations: 5
Optimization terminated successfully    (Exit mode 0)
            Current function value: 0.1097777777777778
            Iterations: 8
            Function evaluations: 67
            Gradient evaluations: 8
Optimization terminated successfully    (Exit mode 0)
            Current function value: 0.10861111111111109
            Iterations: 8
            Function evaluations: 76
            Gradient evaluations: 8
Optimization terminated successfully    (Exit mode 0)
            Current function value: 0.10836666666666664
            Iterations: 6
            Function evaluations: 66
            Gradient evaluations: 6
Optimization terminated successfully    (Exit mode 0)
            Current function value: 0.1051888888888889
            Iterations: 6
            Function evaluations: 77
            Gradient evaluations: 6
Optimization terminated successfully    (Exit mode 0)
            Current function value: 0.11021111111111116
            Iterations: 8
            Function evaluations: 102
            Gradient evaluations: 8
Optimization terminated successfully    (Exit mode 0)
            Current function value: 0.1048111111111111
            Iterations: 11
            Function evaluations: 150
            Gradient evaluations: 11
 Experiment complete. Results at: /mnt/beegfs/hellgate/home/tp183485/timecorr_trazzp/Cluster_Data/intact/intact_700_10_10_isfc_TruncatedSVD_35_mexican_hat.csv
