corrs 1
sub corrs 10
corrs 2
sub corrs 20
corrs 3
sub corrs 30
corrs 4
sub corrs 40
corrs 5
sub corrs 50
corrs 6
sub corrs 60
corrs 7
sub corrs 70
corrs 8
sub corrs 80
corrs 9
sub corrs 90
corrs 10
sub corrs 100
Optimization terminated successfully    (Exit mode 0)
            Current function value: 0.09433333333333349
            Iterations: 1
            Function evaluations: 2
            Gradient evaluations: 1
       rank  accuracy     error
0  0.964756      0.25  0.094333
Optimization terminated successfully    (Exit mode 0)
            Current function value: 0.09304444444444458
            Iterations: 1
            Function evaluations: 14
            Gradient evaluations: 1
       rank  accuracy     error
0  0.961689  0.223333  0.093044
Optimization terminated successfully    (Exit mode 0)
            Current function value: 0.0833555555555557
            Iterations: 5
            Function evaluations: 33
            Gradient evaluations: 5
       rank  accuracy     error
0  0.966811  0.263333  0.083356
Optimization terminated successfully    (Exit mode 0)
            Current function value: 0.06677777777777785
            Iterations: 7
            Function evaluations: 49
            Gradient evaluations: 7
       rank  accuracy     error
0  0.965533  0.256667  0.066778
Optimization terminated successfully    (Exit mode 0)
            Current function value: 0.07477777777777789
            Iterations: 5
            Function evaluations: 41
            Gradient evaluations: 5
       rank  accuracy     error
0  0.965933      0.25  0.074778
Optimization terminated successfully    (Exit mode 0)
            Current function value: 0.07265555555555563
            Iterations: 4
            Function evaluations: 42
            Gradient evaluations: 4
       rank  accuracy     error
0  0.967456      0.24  0.072656
Optimization terminated successfully    (Exit mode 0)
            Current function value: 0.08120000000000009
            Iterations: 4
            Function evaluations: 45
            Gradient evaluations: 4
       rank  accuracy   error
0  0.965533  0.263333  0.0812
Optimization terminated successfully    (Exit mode 0)
            Current function value: 0.06631111111111117
            Iterations: 9
            Function evaluations: 96
            Gradient evaluations: 9
       rank  accuracy     error
0  0.965378  0.253333  0.066311
Optimization terminated successfully    (Exit mode 0)
            Current function value: 0.07083333333333339
            Iterations: 4
            Function evaluations: 53
            Gradient evaluations: 4
       rank  accuracy     error
0  0.965056      0.24  0.070833
Optimization terminated successfully    (Exit mode 0)
            Current function value: 0.06397777777777781
            Iterations: 6
            Function evaluations: 81
            Gradient evaluations: 6
     rank  accuracy     error
0  0.9666  0.253333  0.063978
Optimization terminated successfully    (Exit mode 0)
            Current function value: 0.0675444444444445
            Iterations: 5
            Function evaluations: 71
            Gradient evaluations: 5
       rank  accuracy     error
0  0.965867      0.25  0.067544
corrs 1
sub corrs 10
corrs 2
sub corrs 20
corrs 3
sub corrs 30
corrs 4
sub corrs 40
corrs 5
sub corrs 50
corrs 6
sub corrs 60
corrs 7
sub corrs 70
corrs 8
sub corrs 80
corrs 9
sub corrs 90
corrs 10
sub corrs 100
Optimization terminated successfully    (Exit mode 0)
            Current function value: 0.06391111111111125
            Iterations: 1
            Function evaluations: 2
            Gradient evaluations: 1
       rank  accuracy     error
0  0.966011      0.29  0.063911
Optimization terminated successfully    (Exit mode 0)
            Current function value: 0.05303333333333335
            Iterations: 4
            Function evaluations: 24
            Gradient evaluations: 4
       rank  accuracy     error
0  0.968244  0.286667  0.053033
Optimization terminated successfully    (Exit mode 0)
            Current function value: 0.05534444444444452
            Iterations: 6
            Function evaluations: 35
            Gradient evaluations: 6
       rank  accuracy     error
0  0.968278  0.283333  0.055344
Optimization terminated successfully    (Exit mode 0)
            Current function value: 0.05034444444444448
            Iterations: 4
            Function evaluations: 31
            Gradient evaluations: 4
     rank  accuracy     error
0  0.9694  0.296667  0.050344
Optimization terminated successfully    (Exit mode 0)
            Current function value: 0.0491777777777778
            Iterations: 3
            Function evaluations: 29
            Gradient evaluations: 3
       rank  accuracy     error
0  0.969322  0.293333  0.049178
Optimization terminated successfully    (Exit mode 0)
            Current function value: 0.054166666666666675
            Iterations: 3
            Function evaluations: 32
            Gradient evaluations: 3
       rank  accuracy     error
0  0.968622  0.286667  0.054167
Optimization terminated successfully    (Exit mode 0)
            Current function value: 0.050511111111111125
            Iterations: 3
            Function evaluations: 35
            Gradient evaluations: 3
       rank  accuracy     error
0  0.969133  0.293333  0.050511
Optimization terminated successfully    (Exit mode 0)
            Current function value: 0.04838888888888892
            Iterations: 2
            Function evaluations: 29
            Gradient evaluations: 2
       rank  accuracy     error
0  0.969689  0.296667  0.048389
Optimization terminated successfully    (Exit mode 0)
            Current function value: 0.04620000000000002
            Iterations: 7
            Function evaluations: 84
            Gradient evaluations: 7
       rank  accuracy   error
0  0.969522      0.29  0.0462
Optimization terminated successfully    (Exit mode 0)
            Current function value: 0.04784444444444449
            Iterations: 8
            Function evaluations: 101
            Gradient evaluations: 8
       rank  accuracy     error
0  0.969589       0.3  0.047844
Optimization terminated successfully    (Exit mode 0)
            Current function value: 0.05656666666666676
            Iterations: 2
            Function evaluations: 35
            Gradient evaluations: 2
       rank  accuracy     error
0  0.967289  0.286667  0.056567
 Experiment complete. Results at: /mnt/beegfs/hellgate/home/tp183485/timecorr_trazzp/Cluster_Data/intact/intact_100_10_10_isfc_TruncatedSVD_10_gaussian.csv
