corrs 1
sub corrs 10
corrs 2
sub corrs 20
corrs 3
sub corrs 30
corrs 4
sub corrs 40
corrs 5
sub corrs 50
corrs 6
sub corrs 60
corrs 7
sub corrs 70
corrs 8
sub corrs 80
corrs 9
sub corrs 90
corrs 10
sub corrs 100
Optimization terminated successfully    (Exit mode 0)
            Current function value: 0.11167777777777775
            Iterations: 1
            Function evaluations: 2
            Gradient evaluations: 1
Optimization terminated successfully    (Exit mode 0)
            Current function value: 0.11167777777777775
            Iterations: 4
            Function evaluations: 12
            Gradient evaluations: 4
Optimization terminated successfully    (Exit mode 0)
            Current function value: 0.08862222222222234
            Iterations: 9
            Function evaluations: 52
            Gradient evaluations: 9
Optimization terminated successfully    (Exit mode 0)
            Current function value: 0.08734444444444459
            Iterations: 6
            Function evaluations: 45
            Gradient evaluations: 6
Optimization terminated successfully    (Exit mode 0)
            Current function value: 0.09284444444444451
            Iterations: 12
            Function evaluations: 85
            Gradient evaluations: 12
Optimization terminated successfully    (Exit mode 0)
            Current function value: 0.14245555555555553
            Iterations: 10
            Function evaluations: 87
            Gradient evaluations: 10
Optimization terminated successfully    (Exit mode 0)
            Current function value: 0.08908888888888895
            Iterations: 5
            Function evaluations: 53
            Gradient evaluations: 5
Optimization terminated successfully    (Exit mode 0)
            Current function value: 0.1229444444444444
            Iterations: 7
            Function evaluations: 85
            Gradient evaluations: 7
Optimization terminated successfully    (Exit mode 0)
            Current function value: 0.06793333333333341
            Iterations: 12
            Function evaluations: 138
            Gradient evaluations: 12
Optimization terminated successfully    (Exit mode 0)
            Current function value: 0.07931111111111117
            Iterations: 13
            Function evaluations: 163
            Gradient evaluations: 13
Optimization terminated successfully    (Exit mode 0)
            Current function value: 0.07332222222222234
            Iterations: 17
            Function evaluations: 234
            Gradient evaluations: 17
corrs 1
sub corrs 10
corrs 2
sub corrs 20
corrs 3
sub corrs 30
corrs 4
sub corrs 40
corrs 5
sub corrs 50
corrs 6
sub corrs 60
corrs 7
sub corrs 70
corrs 8
sub corrs 80
corrs 9
sub corrs 90
corrs 10
sub corrs 100
Optimization terminated successfully    (Exit mode 0)
            Current function value: 0.09040000000000009
            Iterations: 1
            Function evaluations: 2
            Gradient evaluations: 1
Optimization terminated successfully    (Exit mode 0)
            Current function value: 0.08767777777777788
            Iterations: 3
            Function evaluations: 20
            Gradient evaluations: 3
Optimization terminated successfully    (Exit mode 0)
            Current function value: 0.085188888888889
            Iterations: 6
            Function evaluations: 35
            Gradient evaluations: 6
Optimization terminated successfully    (Exit mode 0)
            Current function value: 0.08846666666666674
            Iterations: 8
            Function evaluations: 52
            Gradient evaluations: 8
Optimization terminated successfully    (Exit mode 0)
            Current function value: 0.06764444444444453
            Iterations: 8
            Function evaluations: 62
            Gradient evaluations: 8
Optimization terminated successfully    (Exit mode 0)
            Current function value: 0.07092222222222233
            Iterations: 6
            Function evaluations: 54
            Gradient evaluations: 6
Optimization terminated successfully    (Exit mode 0)
            Current function value: 0.13212222222222222
            Iterations: 9
            Function evaluations: 88
            Gradient evaluations: 9
Optimization terminated successfully    (Exit mode 0)
            Current function value: 0.09135555555555554
            Iterations: 17
            Function evaluations: 179
            Gradient evaluations: 17
Optimization terminated successfully    (Exit mode 0)
            Current function value: 0.09806666666666672
            Iterations: 7
            Function evaluations: 88
            Gradient evaluations: 7
Optimization terminated successfully    (Exit mode 0)
            Current function value: 0.05991111111111118
            Iterations: 12
            Function evaluations: 150
            Gradient evaluations: 12
Optimization terminated successfully    (Exit mode 0)
            Current function value: 0.0570333333333334
            Iterations: 5
            Function evaluations: 72
            Gradient evaluations: 5
 Experiment complete. Results at: /mnt/beegfs/hellgate/home/tp183485/timecorr_trazzp/Cluster_Data/intact/intact_700_10_10_isfc_PCA_20_mexican_hat.csv
