corrs 1
sub corrs 10
corrs 2
sub corrs 20
corrs 3
sub corrs 30
corrs 4
sub corrs 40
corrs 5
sub corrs 50
corrs 6
sub corrs 60
corrs 7
sub corrs 70
corrs 8
sub corrs 80
corrs 9
sub corrs 90
corrs 10
sub corrs 100
Optimization terminated successfully    (Exit mode 0)
            Current function value: 0.12074444444444443
            Iterations: 1
            Function evaluations: 2
            Gradient evaluations: 1
       rank  accuracy     error
0  0.962589      0.25  0.120744
Optimization terminated successfully    (Exit mode 0)
            Current function value: 0.12074444444444443
            Iterations: 5
            Function evaluations: 15
            Gradient evaluations: 5
       rank  accuracy     error
0  0.962589      0.25  0.120744
Optimization terminated successfully    (Exit mode 0)
            Current function value: 0.11304444444444445
            Iterations: 5
            Function evaluations: 31
            Gradient evaluations: 5
       rank  accuracy     error
0  0.963189      0.25  0.113044
Optimization terminated successfully    (Exit mode 0)
            Current function value: 0.11147777777777783
            Iterations: 7
            Function evaluations: 48
            Gradient evaluations: 7
       rank  accuracy     error
0  0.962522  0.256667  0.111478
Optimization terminated successfully    (Exit mode 0)
            Current function value: 0.09846666666666672
            Iterations: 7
            Function evaluations: 55
            Gradient evaluations: 7
       rank  accuracy     error
0  0.963422  0.256667  0.098467
Optimization terminated successfully    (Exit mode 0)
            Current function value: 0.08801111111111115
            Iterations: 5
            Function evaluations: 46
            Gradient evaluations: 5
       rank  accuracy     error
0  0.964789  0.266667  0.088011
Optimization terminated successfully    (Exit mode 0)
            Current function value: 0.08540000000000005
            Iterations: 6
            Function evaluations: 59
            Gradient evaluations: 6
    rank  accuracy   error
0  0.964  0.253333  0.0854
Optimization terminated successfully    (Exit mode 0)
            Current function value: 0.08380000000000004
            Iterations: 8
            Function evaluations: 87
            Gradient evaluations: 8
       rank  accuracy   error
0  0.963911  0.253333  0.0838
Optimization terminated successfully    (Exit mode 0)
            Current function value: 0.08821111111111116
            Iterations: 6
            Function evaluations: 73
            Gradient evaluations: 6
       rank  accuracy     error
0  0.966078      0.26  0.088211
Optimization terminated successfully    (Exit mode 0)
            Current function value: 0.0818666666666667
            Iterations: 5
            Function evaluations: 66
            Gradient evaluations: 5
       rank  accuracy     error
0  0.963711  0.256667  0.081867
Optimization terminated successfully    (Exit mode 0)
            Current function value: 0.0942222222222223
            Iterations: 8
            Function evaluations: 109
            Gradient evaluations: 8
       rank  accuracy     error
0  0.964956  0.276667  0.094222
corrs 1
sub corrs 10
corrs 2
sub corrs 20
corrs 3
sub corrs 30
corrs 4
sub corrs 40
corrs 5
sub corrs 50
corrs 6
sub corrs 60
corrs 7
sub corrs 70
corrs 8
sub corrs 80
corrs 9
sub corrs 90
corrs 10
sub corrs 100
Optimization terminated successfully    (Exit mode 0)
            Current function value: 0.1005222222222224
            Iterations: 1
            Function evaluations: 2
            Gradient evaluations: 1
       rank  accuracy     error
0  0.966211  0.236667  0.100522
Optimization terminated successfully    (Exit mode 0)
            Current function value: 0.09970000000000019
            Iterations: 5
            Function evaluations: 28
            Gradient evaluations: 5
       rank  accuracy   error
0  0.965989  0.243333  0.0997
Optimization terminated successfully    (Exit mode 0)
            Current function value: 0.09311111111111126
            Iterations: 3
            Function evaluations: 23
            Gradient evaluations: 3
       rank  accuracy     error
0  0.966589  0.236667  0.093111
Optimization terminated successfully    (Exit mode 0)
            Current function value: 0.08467777777777792
            Iterations: 6
            Function evaluations: 44
            Gradient evaluations: 6
       rank  accuracy     error
0  0.966833  0.246667  0.084678
Optimization terminated successfully    (Exit mode 0)
            Current function value: 0.07582222222222236
            Iterations: 4
            Function evaluations: 36
            Gradient evaluations: 4
       rank  accuracy     error
0  0.966478      0.26  0.075822
Optimization terminated successfully    (Exit mode 0)
            Current function value: 0.08381111111111128
            Iterations: 7
            Function evaluations: 61
            Gradient evaluations: 7
       rank  accuracy     error
0  0.967578  0.256667  0.083811
Optimization terminated successfully    (Exit mode 0)
            Current function value: 0.08358888888888902
            Iterations: 4
            Function evaluations: 44
            Gradient evaluations: 4
       rank  accuracy     error
0  0.968244  0.256667  0.083589
Optimization terminated successfully    (Exit mode 0)
            Current function value: 0.08173333333333349
            Iterations: 3
            Function evaluations: 38
            Gradient evaluations: 3
       rank  accuracy     error
0  0.968411  0.283333  0.081733
Optimization terminated successfully    (Exit mode 0)
            Current function value: 0.08126666666666683
            Iterations: 5
            Function evaluations: 61
            Gradient evaluations: 5
       rank  accuracy     error
0  0.969889  0.263333  0.081267
Optimization terminated successfully    (Exit mode 0)
            Current function value: 0.07688888888888905
            Iterations: 8
            Function evaluations: 105
            Gradient evaluations: 8
       rank  accuracy     error
0  0.968867  0.266667  0.076889
Optimization terminated successfully    (Exit mode 0)
            Current function value: 0.07768888888888904
            Iterations: 7
            Function evaluations: 98
            Gradient evaluations: 7
       rank  accuracy     error
0  0.969611  0.263333  0.077689
 Experiment complete. Results at: /mnt/beegfs/hellgate/home/tp183485/timecorr_trazzp/Cluster_Data/intact/intact_100_10_10_isfc_TruncatedSVD_30_gaussian.csv
