corrs 1
sub corrs 10
corrs 2
sub corrs 20
corrs 3
sub corrs 30
corrs 4
sub corrs 40
corrs 5
sub corrs 50
corrs 6
sub corrs 60
corrs 7
sub corrs 70
corrs 8
sub corrs 80
corrs 9
sub corrs 90
corrs 10
sub corrs 100
Optimization terminated successfully    (Exit mode 0)
            Current function value: 0.09250000000000014
            Iterations: 1
            Function evaluations: 2
            Gradient evaluations: 1
Optimization terminated successfully    (Exit mode 0)
            Current function value: 0.06340000000000012
            Iterations: 3
            Function evaluations: 21
            Gradient evaluations: 3
Optimization terminated successfully    (Exit mode 0)
            Current function value: 0.14087777777777782
            Iterations: 7
            Function evaluations: 39
            Gradient evaluations: 7
Optimization terminated successfully    (Exit mode 0)
            Current function value: 0.1408777777777778
            Iterations: 5
            Function evaluations: 36
            Gradient evaluations: 5
Optimization terminated successfully    (Exit mode 0)
            Current function value: 0.015444444444444427
            Iterations: 14
            Function evaluations: 119
            Gradient evaluations: 14
Optimization terminated successfully    (Exit mode 0)
            Current function value: 0.02469999999999998
            Iterations: 7
            Function evaluations: 61
            Gradient evaluations: 7
Optimization terminated successfully    (Exit mode 0)
            Current function value: 0.45616666666666617
            Iterations: 5
            Function evaluations: 54
            Gradient evaluations: 5
Optimization terminated successfully    (Exit mode 0)
            Current function value: 0.010822222222222242
            Iterations: 15
            Function evaluations: 159
            Gradient evaluations: 15
Optimization terminated successfully    (Exit mode 0)
            Current function value: 0.011355555555555579
            Iterations: 18
            Function evaluations: 202
            Gradient evaluations: 18
Optimization terminated successfully    (Exit mode 0)
            Current function value: 0.01699999999999997
            Iterations: 17
            Function evaluations: 201
            Gradient evaluations: 17
Optimization terminated successfully    (Exit mode 0)
            Current function value: 0.013600000000000006
            Iterations: 12
            Function evaluations: 161
            Gradient evaluations: 12
corrs 1
sub corrs 10
corrs 2
sub corrs 20
corrs 3
sub corrs 30
corrs 4
sub corrs 40
corrs 5
sub corrs 50
corrs 6
sub corrs 60
corrs 7
sub corrs 70
corrs 8
sub corrs 80
corrs 9
sub corrs 90
corrs 10
sub corrs 100
Optimization terminated successfully    (Exit mode 0)
            Current function value: 0.0897666666666669
            Iterations: 1
            Function evaluations: 2
            Gradient evaluations: 1
Optimization terminated successfully    (Exit mode 0)
            Current function value: 0.06296666666666681
            Iterations: 3
            Function evaluations: 23
            Gradient evaluations: 3
Optimization terminated successfully    (Exit mode 0)
            Current function value: 0.06380000000000016
            Iterations: 6
            Function evaluations: 36
            Gradient evaluations: 6
Optimization terminated successfully    (Exit mode 0)
            Current function value: 0.06312222222222237
            Iterations: 6
            Function evaluations: 43
            Gradient evaluations: 6
Optimization terminated successfully    (Exit mode 0)
            Current function value: 0.012344444444444465
            Iterations: 9
            Function evaluations: 67
            Gradient evaluations: 9
Optimization terminated successfully    (Exit mode 0)
            Current function value: 0.012344444444444465
            Iterations: 5
            Function evaluations: 47
            Gradient evaluations: 5
Optimization terminated successfully    (Exit mode 0)
            Current function value: 0.011411111111111132
            Iterations: 8
            Function evaluations: 77
            Gradient evaluations: 8
Optimization terminated successfully    (Exit mode 0)
            Current function value: 0.015588888888888874
            Iterations: 12
            Function evaluations: 124
            Gradient evaluations: 12
Optimization terminated successfully    (Exit mode 0)
            Current function value: 0.011477777777777797
            Iterations: 16
            Function evaluations: 185
            Gradient evaluations: 16
Optimization terminated successfully    (Exit mode 0)
            Current function value: 0.050077777777777784
            Iterations: 4
            Function evaluations: 63
            Gradient evaluations: 4
Optimization terminated successfully    (Exit mode 0)
            Current function value: 0.016788888888888874
            Iterations: 5
            Function evaluations: 73
            Gradient evaluations: 5
 Experiment complete. Results at: /mnt/beegfs/hellgate/home/tp183485/timecorr_trazzp/Cluster_Data/intact/intact_700_10_10_isfc_IncrementalPCA_45_laplace.csv
