corrs 1
sub corrs 10
corrs 2
sub corrs 20
corrs 3
sub corrs 30
corrs 4
sub corrs 40
corrs 5
sub corrs 50
corrs 6
sub corrs 60
corrs 7
sub corrs 70
corrs 8
sub corrs 80
corrs 9
sub corrs 90
corrs 10
sub corrs 100
Optimization terminated successfully    (Exit mode 0)
            Current function value: 0.10665555555555564
            Iterations: 1
            Function evaluations: 2
            Gradient evaluations: 1
       rank  accuracy     error
0  0.965656  0.283333  0.106656
Optimization terminated successfully    (Exit mode 0)
            Current function value: 0.09695555555555561
            Iterations: 3
            Function evaluations: 21
            Gradient evaluations: 3
       rank  accuracy     error
0  0.963578      0.29  0.096956
Optimization terminated successfully    (Exit mode 0)
            Current function value: 0.09695555555555561
            Iterations: 4
            Function evaluations: 27
            Gradient evaluations: 4
       rank  accuracy     error
0  0.963578      0.29  0.096956
Optimization terminated successfully    (Exit mode 0)
            Current function value: 0.09101111111111115
            Iterations: 3
            Function evaluations: 27
            Gradient evaluations: 3
       rank  accuracy     error
0  0.961878  0.296667  0.091011
Optimization terminated successfully    (Exit mode 0)
            Current function value: 0.09112222222222227
            Iterations: 4
            Function evaluations: 35
            Gradient evaluations: 4
       rank  accuracy     error
0  0.961956  0.293333  0.091122
Optimization terminated successfully    (Exit mode 0)
            Current function value: 0.09470000000000008
            Iterations: 6
            Function evaluations: 54
            Gradient evaluations: 6
       rank  accuracy   error
0  0.964089  0.283333  0.0947
Optimization terminated successfully    (Exit mode 0)
            Current function value: 0.09534444444444451
            Iterations: 5
            Function evaluations: 54
            Gradient evaluations: 5
     rank  accuracy     error
0  0.9646      0.28  0.095344
Optimization terminated successfully    (Exit mode 0)
            Current function value: 0.09386666666666674
            Iterations: 7
            Function evaluations: 76
            Gradient evaluations: 7
       rank  accuracy     error
0  0.963644  0.283333  0.093867
Optimization terminated successfully    (Exit mode 0)
            Current function value: 0.10474444444444453
            Iterations: 2
            Function evaluations: 31
            Gradient evaluations: 2
       rank  accuracy     error
0  0.965833  0.283333  0.104744
Optimization terminated successfully    (Exit mode 0)
            Current function value: 0.08330000000000005
            Iterations: 7
            Function evaluations: 88
            Gradient evaluations: 7
       rank  accuracy   error
0  0.965122      0.29  0.0833
Optimization terminated successfully    (Exit mode 0)
            Current function value: 0.10474444444444453
            Iterations: 2
            Function evaluations: 35
            Gradient evaluations: 2
       rank  accuracy     error
0  0.965811  0.283333  0.104744
corrs 1
sub corrs 10
corrs 2
sub corrs 20
corrs 3
sub corrs 30
corrs 4
sub corrs 40
corrs 5
sub corrs 50
corrs 6
sub corrs 60
corrs 7
sub corrs 70
corrs 8
sub corrs 80
corrs 9
sub corrs 90
corrs 10
sub corrs 100
Optimization terminated successfully    (Exit mode 0)
            Current function value: 0.11081111111111121
            Iterations: 1
            Function evaluations: 2
            Gradient evaluations: 1
       rank  accuracy     error
0  0.964233      0.27  0.110811
Optimization terminated successfully    (Exit mode 0)
            Current function value: 0.11904444444444438
            Iterations: 1
            Function evaluations: 14
            Gradient evaluations: 1
       rank  accuracy     error
0  0.949933  0.236667  0.119044
Optimization terminated successfully    (Exit mode 0)
            Current function value: 0.10591111111111125
            Iterations: 3
            Function evaluations: 23
            Gradient evaluations: 3
       rank  accuracy     error
0  0.959633      0.25  0.105911
Optimization terminated successfully    (Exit mode 0)
            Current function value: 0.10756666666666673
            Iterations: 3
            Function evaluations: 26
            Gradient evaluations: 3
       rank  accuracy     error
0  0.960244      0.25  0.107567
Optimization terminated successfully    (Exit mode 0)
            Current function value: 0.10584444444444462
            Iterations: 9
            Function evaluations: 66
            Gradient evaluations: 9
     rank  accuracy     error
0  0.9639  0.273333  0.105844
Optimization terminated successfully    (Exit mode 0)
            Current function value: 0.10997777777777787
            Iterations: 4
            Function evaluations: 40
            Gradient evaluations: 4
       rank  accuracy     error
0  0.963033      0.26  0.109978
Optimization terminated successfully    (Exit mode 0)
            Current function value: 0.1119
            Iterations: 3
            Function evaluations: 35
            Gradient evaluations: 3
       rank  accuracy   error
0  0.962133  0.276667  0.1119
Optimization terminated successfully    (Exit mode 0)
            Current function value: 0.11530000000000004
            Iterations: 2
            Function evaluations: 29
            Gradient evaluations: 2
       rank  accuracy   error
0  0.963444      0.27  0.1153
Optimization terminated successfully    (Exit mode 0)
            Current function value: 0.10686666666666679
            Iterations: 5
            Function evaluations: 61
            Gradient evaluations: 5
       rank  accuracy     error
0  0.963456  0.273333  0.106867
Optimization terminated successfully    (Exit mode 0)
            Current function value: 0.11081111111111121
            Iterations: 2
            Function evaluations: 33
            Gradient evaluations: 2
       rank  accuracy     error
0  0.964233      0.27  0.110811
Optimization terminated successfully    (Exit mode 0)
            Current function value: 0.10678888888888902
            Iterations: 6
            Function evaluations: 84
            Gradient evaluations: 6
       rank  accuracy     error
0  0.963244  0.276667  0.106789
✨ Experiment complete. Results archived at: /mnt/beegfs/hellgate/home/tp183485/timecorr_trazzp/Cluster_Data/intact/intact_100_10_10_isfc_MDS_35_laplace.csv
