corrs 1
sub corrs 10
corrs 2
sub corrs 20
corrs 3
sub corrs 30
corrs 4
sub corrs 40
corrs 5
sub corrs 50
corrs 6
sub corrs 60
corrs 7
sub corrs 70
corrs 8
sub corrs 80
corrs 9
sub corrs 90
corrs 10
sub corrs 100
Optimization terminated successfully    (Exit mode 0)
            Current function value: 0.08845555555555563
            Iterations: 1
            Function evaluations: 2
            Gradient evaluations: 1
       rank  accuracy     error
0  0.952878  0.193333  0.088456
Optimization terminated successfully    (Exit mode 0)
            Current function value: 0.08388888888888896
            Iterations: 5
            Function evaluations: 26
            Gradient evaluations: 5
       rank  accuracy     error
0  0.952511       0.2  0.083889
Optimization terminated successfully    (Exit mode 0)
            Current function value: 0.07303333333333337
            Iterations: 5
            Function evaluations: 32
            Gradient evaluations: 5
       rank  accuracy     error
0  0.948867  0.196667  0.073033
Optimization terminated successfully    (Exit mode 0)
            Current function value: 0.08377777777777785
            Iterations: 2
            Function evaluations: 21
            Gradient evaluations: 2
       rank  accuracy     error
0  0.949889  0.186667  0.083778
Optimization terminated successfully    (Exit mode 0)
            Current function value: 0.07906666666666676
            Iterations: 3
            Function evaluations: 29
            Gradient evaluations: 3
       rank  accuracy     error
0  0.951811       0.2  0.079067
Optimization terminated successfully    (Exit mode 0)
            Current function value: 0.08646666666666672
            Iterations: 4
            Function evaluations: 40
            Gradient evaluations: 4
       rank  accuracy     error
0  0.948678  0.193333  0.086467
Optimization terminated successfully    (Exit mode 0)
            Current function value: 0.07997777777777783
            Iterations: 7
            Function evaluations: 70
            Gradient evaluations: 7
       rank  accuracy     error
0  0.951244       0.2  0.079978
Optimization terminated successfully    (Exit mode 0)
            Current function value: 0.07997777777777783
            Iterations: 4
            Function evaluations: 48
            Gradient evaluations: 4
       rank  accuracy     error
0  0.951933       0.2  0.079978
Optimization terminated successfully    (Exit mode 0)
            Current function value: 0.08200000000000006
            Iterations: 4
            Function evaluations: 52
            Gradient evaluations: 4
       rank  accuracy  error
0  0.951756       0.2  0.082
Optimization terminated successfully    (Exit mode 0)
            Current function value: 0.08336666666666671
            Iterations: 6
            Function evaluations: 81
            Gradient evaluations: 6
       rank  accuracy     error
0  0.954522  0.193333  0.083367
Optimization terminated successfully    (Exit mode 0)
            Current function value: 0.08372222222222225
            Iterations: 2
            Function evaluations: 35
            Gradient evaluations: 2
       rank  accuracy     error
0  0.952378      0.18  0.083722
corrs 1
sub corrs 10
corrs 2
sub corrs 20
corrs 3
sub corrs 30
corrs 4
sub corrs 40
corrs 5
sub corrs 50
corrs 6
sub corrs 60
corrs 7
sub corrs 70
corrs 8
sub corrs 80
corrs 9
sub corrs 90
corrs 10
sub corrs 100
Optimization terminated successfully    (Exit mode 0)
            Current function value: 0.10076666666666677
            Iterations: 1
            Function evaluations: 2
            Gradient evaluations: 1
       rank  accuracy     error
0  0.951522  0.186667  0.100767
Optimization terminated successfully    (Exit mode 0)
            Current function value: 0.09137777777777793
            Iterations: 4
            Function evaluations: 23
            Gradient evaluations: 4
       rank  accuracy     error
0  0.951533      0.21  0.091378
Optimization terminated successfully    (Exit mode 0)
            Current function value: 0.08631111111111128
            Iterations: 6
            Function evaluations: 35
            Gradient evaluations: 6
     rank  accuracy     error
0  0.9507       0.2  0.086311
Optimization terminated successfully    (Exit mode 0)
            Current function value: 0.08631111111111128
            Iterations: 4
            Function evaluations: 31
            Gradient evaluations: 4
       rank  accuracy     error
0  0.950689       0.2  0.086311
Optimization terminated successfully    (Exit mode 0)
            Current function value: 0.08664444444444457
            Iterations: 6
            Function evaluations: 50
            Gradient evaluations: 6
       rank  accuracy     error
0  0.948633  0.196667  0.086644
Optimization terminated successfully    (Exit mode 0)
            Current function value: 0.09512222222222239
            Iterations: 2
            Function evaluations: 25
            Gradient evaluations: 2
       rank  accuracy     error
0  0.948867  0.203333  0.095122
Optimization terminated successfully    (Exit mode 0)
            Current function value: 0.08573333333333345
            Iterations: 7
            Function evaluations: 73
            Gradient evaluations: 7
       rank  accuracy     error
0  0.947589  0.186667  0.085733
Optimization terminated successfully    (Exit mode 0)
            Current function value: 0.08945555555555568
            Iterations: 4
            Function evaluations: 49
            Gradient evaluations: 4
       rank  accuracy     error
0  0.952056      0.21  0.089456
Optimization terminated successfully    (Exit mode 0)
            Current function value: 0.09345555555555562
            Iterations: 3
            Function evaluations: 41
            Gradient evaluations: 3
       rank  accuracy     error
0  0.956522  0.226667  0.093456
Optimization terminated successfully    (Exit mode 0)
            Current function value: 0.09326666666666675
            Iterations: 4
            Function evaluations: 57
            Gradient evaluations: 4
       rank  accuracy     error
0  0.950933  0.193333  0.093267
Optimization terminated successfully    (Exit mode 0)
            Current function value: 0.09482222222222234
            Iterations: 5
            Function evaluations: 71
            Gradient evaluations: 5
       rank  accuracy     error
0  0.951878  0.203333  0.094822
 Experiment complete. Results at: /mnt/beegfs/hellgate/home/tp183485/timecorr_trazzp/Cluster_Data/intact/intact_100_10_10_isfc_FactorAnalysis_5_gaussian.csv
