corrs 1
sub corrs 10
corrs 2
sub corrs 20
corrs 3
sub corrs 30
corrs 4
sub corrs 40
corrs 5
sub corrs 50
corrs 6
sub corrs 60
corrs 7
sub corrs 70
corrs 8
sub corrs 80
corrs 9
sub corrs 90
corrs 10
sub corrs 100
Optimization terminated successfully    (Exit mode 0)
            Current function value: 0.08774444444444458
            Iterations: 1
            Function evaluations: 2
            Gradient evaluations: 1
       rank  accuracy     error
0  0.964744  0.323333  0.087744
Optimization terminated successfully    (Exit mode 0)
            Current function value: 0.08660000000000018
            Iterations: 4
            Function evaluations: 27
            Gradient evaluations: 4
       rank  accuracy   error
0  0.966622      0.33  0.0866
Optimization terminated successfully    (Exit mode 0)
            Current function value: 0.09063333333333347
            Iterations: 4
            Function evaluations: 27
            Gradient evaluations: 4
       rank  accuracy     error
0  0.963811  0.316667  0.090633
Optimization terminated successfully    (Exit mode 0)
            Current function value: 0.09124444444444459
            Iterations: 4
            Function evaluations: 31
            Gradient evaluations: 4
     rank  accuracy     error
0  0.9652  0.326667  0.091244
Optimization terminated successfully    (Exit mode 0)
            Current function value: 0.07863333333333347
            Iterations: 4
            Function evaluations: 35
            Gradient evaluations: 4
       rank  accuracy     error
0  0.965344      0.32  0.078633
Optimization terminated successfully    (Exit mode 0)
            Current function value: 0.10915555555555562
            Iterations: 4
            Function evaluations: 39
            Gradient evaluations: 4
     rank  accuracy     error
0  0.9577  0.306667  0.109156
Optimization terminated successfully    (Exit mode 0)
            Current function value: 0.0800777777777779
            Iterations: 5
            Function evaluations: 51
            Gradient evaluations: 5
     rank  accuracy     error
0  0.9645  0.323333  0.080078
Optimization terminated successfully    (Exit mode 0)
            Current function value: 0.08057777777777787
            Iterations: 5
            Function evaluations: 56
            Gradient evaluations: 5
       rank  accuracy     error
0  0.964878  0.333333  0.080578
Optimization terminated successfully    (Exit mode 0)
            Current function value: 0.0741000000000001
            Iterations: 6
            Function evaluations: 72
            Gradient evaluations: 6
       rank  accuracy   error
0  0.964056  0.326667  0.0741
Optimization terminated successfully    (Exit mode 0)
            Current function value: 0.08055555555555567
            Iterations: 3
            Function evaluations: 44
            Gradient evaluations: 3
       rank  accuracy     error
0  0.961678      0.33  0.080556
Optimization terminated successfully    (Exit mode 0)
            Current function value: 0.07501111111111122
            Iterations: 6
            Function evaluations: 85
            Gradient evaluations: 6
       rank  accuracy     error
0  0.964689  0.326667  0.075011
corrs 1
sub corrs 10
corrs 2
sub corrs 20
corrs 3
sub corrs 30
corrs 4
sub corrs 40
corrs 5
sub corrs 50
corrs 6
sub corrs 60
corrs 7
sub corrs 70
corrs 8
sub corrs 80
corrs 9
sub corrs 90
corrs 10
sub corrs 100
Optimization terminated successfully    (Exit mode 0)
            Current function value: 0.09264444444444463
            Iterations: 1
            Function evaluations: 2
            Gradient evaluations: 1
       rank  accuracy     error
0  0.963344  0.263333  0.092644
Optimization terminated successfully    (Exit mode 0)
            Current function value: 0.07846666666666682
            Iterations: 6
            Function evaluations: 31
            Gradient evaluations: 6
    rank  accuracy     error
0  0.965      0.28  0.078467
Optimization terminated successfully    (Exit mode 0)
            Current function value: 0.0757555555555557
            Iterations: 7
            Function evaluations: 42
            Gradient evaluations: 7
       rank  accuracy     error
0  0.964778  0.286667  0.075756
Optimization terminated successfully    (Exit mode 0)
            Current function value: 0.07606666666666684
            Iterations: 7
            Function evaluations: 51
            Gradient evaluations: 7
       rank  accuracy     error
0  0.964367      0.28  0.076067
Optimization terminated successfully    (Exit mode 0)
            Current function value: 0.07778888888888905
            Iterations: 7
            Function evaluations: 53
            Gradient evaluations: 7
       rank  accuracy     error
0  0.965056  0.286667  0.077789
Optimization terminated successfully    (Exit mode 0)
            Current function value: 0.0869000000000002
            Iterations: 5
            Function evaluations: 46
            Gradient evaluations: 5
       rank  accuracy   error
0  0.958122      0.25  0.0869
Optimization terminated successfully    (Exit mode 0)
            Current function value: 0.07571111111111123
            Iterations: 7
            Function evaluations: 67
            Gradient evaluations: 7
       rank  accuracy     error
0  0.964311  0.286667  0.075711
Optimization terminated successfully    (Exit mode 0)
            Current function value: 0.07536666666666679
            Iterations: 8
            Function evaluations: 83
            Gradient evaluations: 8
       rank  accuracy     error
0  0.964211  0.286667  0.075367
Optimization terminated successfully    (Exit mode 0)
            Current function value: 0.07857777777777791
            Iterations: 4
            Function evaluations: 51
            Gradient evaluations: 4
       rank  accuracy     error
0  0.962411  0.276667  0.078578
Optimization terminated successfully    (Exit mode 0)
            Current function value: 0.07741111111111125
            Iterations: 5
            Function evaluations: 66
            Gradient evaluations: 5
     rank  accuracy     error
0  0.9626  0.276667  0.077411
Optimization terminated successfully    (Exit mode 0)
            Current function value: 0.07720000000000014
            Iterations: 4
            Function evaluations: 59
            Gradient evaluations: 4
     rank  accuracy   error
0  0.9634      0.28  0.0772
✨ Experiment complete. Results archived at: /mnt/beegfs/hellgate/home/tp183485/timecorr_trazzp/Cluster_Data/intact/intact_100_10_10_isfc_MDS_30_laplace.csv
