corrs 1
sub corrs 10
corrs 2
sub corrs 20
corrs 3
sub corrs 30
corrs 4
sub corrs 40
corrs 5
sub corrs 50
corrs 6
sub corrs 60
corrs 7
sub corrs 70
corrs 8
sub corrs 80
corrs 9
sub corrs 90
corrs 10
sub corrs 100
Optimization terminated successfully    (Exit mode 0)
            Current function value: 0.08565555555555573
            Iterations: 1
            Function evaluations: 2
            Gradient evaluations: 1
       rank  accuracy     error
0  0.961211      0.25  0.085656
Optimization terminated successfully    (Exit mode 0)
            Current function value: 0.08565555555555573
            Iterations: 3
            Function evaluations: 9
            Gradient evaluations: 3
       rank  accuracy     error
0  0.961211      0.25  0.085656
Optimization terminated successfully    (Exit mode 0)
            Current function value: 0.08098888888888896
            Iterations: 4
            Function evaluations: 28
            Gradient evaluations: 4
       rank  accuracy     error
0  0.961078  0.253333  0.080989
Optimization terminated successfully    (Exit mode 0)
            Current function value: 0.07647777777777787
            Iterations: 4
            Function evaluations: 31
            Gradient evaluations: 4
       rank  accuracy     error
0  0.957556      0.23  0.076478
Optimization terminated successfully    (Exit mode 0)
            Current function value: 0.07444444444444451
            Iterations: 3
            Function evaluations: 29
            Gradient evaluations: 3
       rank  accuracy     error
0  0.955878  0.226667  0.074444
Optimization terminated successfully    (Exit mode 0)
            Current function value: 0.06826666666666674
            Iterations: 3
            Function evaluations: 32
            Gradient evaluations: 3
       rank  accuracy     error
0  0.959411  0.233333  0.068267
Optimization terminated successfully    (Exit mode 0)
            Current function value: 0.07437777777777789
            Iterations: 4
            Function evaluations: 45
            Gradient evaluations: 4
       rank  accuracy     error
0  0.960156  0.253333  0.074378
Optimization terminated successfully    (Exit mode 0)
            Current function value: 0.0566555555555556
            Iterations: 8
            Function evaluations: 89
            Gradient evaluations: 8
       rank  accuracy     error
0  0.967267  0.246667  0.056656
Optimization terminated successfully    (Exit mode 0)
            Current function value: 0.05293333333333335
            Iterations: 4
            Function evaluations: 52
            Gradient evaluations: 4
       rank  accuracy     error
0  0.967789  0.243333  0.052933
Optimization terminated successfully    (Exit mode 0)
            Current function value: 0.053588888888888915
            Iterations: 7
            Function evaluations: 89
            Gradient evaluations: 7
       rank  accuracy     error
0  0.967389  0.246667  0.053589
Optimization terminated successfully    (Exit mode 0)
            Current function value: 0.048544444444444466
            Iterations: 4
            Function evaluations: 60
            Gradient evaluations: 4
       rank  accuracy     error
0  0.966033  0.263333  0.048544
corrs 1
sub corrs 10
corrs 2
sub corrs 20
corrs 3
sub corrs 30
corrs 4
sub corrs 40
corrs 5
sub corrs 50
corrs 6
sub corrs 60
corrs 7
sub corrs 70
corrs 8
sub corrs 80
corrs 9
sub corrs 90
corrs 10
sub corrs 100
Optimization terminated successfully    (Exit mode 0)
            Current function value: 0.08500000000000017
            Iterations: 1
            Function evaluations: 2
            Gradient evaluations: 1
       rank  accuracy  error
0  0.962222  0.226667  0.085
Optimization terminated successfully    (Exit mode 0)
            Current function value: 0.08500000000000017
            Iterations: 3
            Function evaluations: 9
            Gradient evaluations: 3
       rank  accuracy  error
0  0.962222  0.226667  0.085
Optimization terminated successfully    (Exit mode 0)
            Current function value: 0.08500000000000017
            Iterations: 4
            Function evaluations: 16
            Gradient evaluations: 4
       rank  accuracy  error
0  0.962222  0.226667  0.085
Optimization terminated successfully    (Exit mode 0)
            Current function value: 0.07845555555555565
            Iterations: 5
            Function evaluations: 36
            Gradient evaluations: 5
       rank  accuracy     error
0  0.964089  0.246667  0.078456
Optimization terminated successfully    (Exit mode 0)
            Current function value: 0.0707111111111112
            Iterations: 6
            Function evaluations: 47
            Gradient evaluations: 6
       rank  accuracy     error
0  0.964444  0.243333  0.070711
Optimization terminated successfully    (Exit mode 0)
            Current function value: 0.07305555555555564
            Iterations: 6
            Function evaluations: 53
            Gradient evaluations: 6
       rank  accuracy     error
0  0.964744      0.24  0.073056
Optimization terminated successfully    (Exit mode 0)
            Current function value: 0.07285555555555562
            Iterations: 5
            Function evaluations: 51
            Gradient evaluations: 5
     rank  accuracy     error
0  0.9645  0.246667  0.072856
Optimization terminated successfully    (Exit mode 0)
            Current function value: 0.0492666666666667
            Iterations: 6
            Function evaluations: 67
            Gradient evaluations: 6
       rank  accuracy     error
0  0.964422  0.246667  0.049267
Optimization terminated successfully    (Exit mode 0)
            Current function value: 0.06434444444444452
            Iterations: 3
            Function evaluations: 41
            Gradient evaluations: 3
    rank  accuracy     error
0  0.957  0.206667  0.064344
Optimization terminated successfully    (Exit mode 0)
            Current function value: 0.05386666666666669
            Iterations: 5
            Function evaluations: 67
            Gradient evaluations: 5
       rank  accuracy     error
0  0.964278      0.23  0.053867
Optimization terminated successfully    (Exit mode 0)
            Current function value: 0.05994444444444446
            Iterations: 5
            Function evaluations: 76
            Gradient evaluations: 5
       rank  accuracy     error
0  0.958033  0.213333  0.059944
 Experiment complete. Results at: /mnt/beegfs/hellgate/home/tp183485/timecorr_trazzp/Cluster_Data/intact/intact_100_10_10_isfc_PCA_20_mexican_hat.csv
