corrs 1
sub corrs 10
corrs 2
sub corrs 20
corrs 3
sub corrs 30
corrs 4
sub corrs 40
corrs 5
sub corrs 50
corrs 6
sub corrs 60
corrs 7
sub corrs 70
corrs 8
sub corrs 80
corrs 9
sub corrs 90
corrs 10
sub corrs 100
Optimization terminated successfully    (Exit mode 0)
            Current function value: 0.07544444444444454
            Iterations: 1
            Function evaluations: 2
            Gradient evaluations: 1
       rank  accuracy     error
0  0.967367  0.313333  0.075444
Optimization terminated successfully    (Exit mode 0)
            Current function value: 0.07544444444444454
            Iterations: 3
            Function evaluations: 9
            Gradient evaluations: 3
       rank  accuracy     error
0  0.967367  0.313333  0.075444
Optimization terminated successfully    (Exit mode 0)
            Current function value: 0.09232222222222235
            Iterations: 1
            Function evaluations: 15
            Gradient evaluations: 1
       rank  accuracy     error
0  0.918356  0.236667  0.092322
Optimization terminated successfully    (Exit mode 0)
            Current function value: 0.060522222222222304
            Iterations: 4
            Function evaluations: 31
            Gradient evaluations: 4
       rank  accuracy     error
0  0.969689  0.326667  0.060522
Optimization terminated successfully    (Exit mode 0)
            Current function value: 0.06065555555555564
            Iterations: 6
            Function evaluations: 48
            Gradient evaluations: 6
       rank  accuracy     error
0  0.969844      0.33  0.060656
Optimization terminated successfully    (Exit mode 0)
            Current function value: 0.06100000000000008
            Iterations: 8
            Function evaluations: 75
            Gradient evaluations: 8
       rank  accuracy  error
0  0.970011  0.313333  0.061
Optimization terminated successfully    (Exit mode 0)
            Current function value: 0.06137777777777785
            Iterations: 5
            Function evaluations: 53
            Gradient evaluations: 5
       rank  accuracy     error
0  0.968689  0.323333  0.061378
Optimization terminated successfully    (Exit mode 0)
            Current function value: 0.054844444444444494
            Iterations: 5
            Function evaluations: 56
            Gradient evaluations: 5
       rank  accuracy     error
0  0.970433  0.323333  0.054844
Optimization terminated successfully    (Exit mode 0)
            Current function value: 0.047944444444444484
            Iterations: 6
            Function evaluations: 72
            Gradient evaluations: 6
     rank  accuracy     error
0  0.9705  0.326667  0.047944
Optimization terminated successfully    (Exit mode 0)
            Current function value: 0.04932222222222225
            Iterations: 6
            Function evaluations: 83
            Gradient evaluations: 6
       rank  accuracy     error
0  0.970911  0.326667  0.049322
Optimization terminated successfully    (Exit mode 0)
            Current function value: 0.04917777777777781
            Iterations: 5
            Function evaluations: 74
            Gradient evaluations: 5
       rank  accuracy     error
0  0.970778      0.33  0.049178
corrs 1
sub corrs 10
corrs 2
sub corrs 20
corrs 3
sub corrs 30
corrs 4
sub corrs 40
corrs 5
sub corrs 50
corrs 6
sub corrs 60
corrs 7
sub corrs 70
corrs 8
sub corrs 80
corrs 9
sub corrs 90
corrs 10
sub corrs 100
Optimization terminated successfully    (Exit mode 0)
            Current function value: 0.07275555555555567
            Iterations: 1
            Function evaluations: 2
            Gradient evaluations: 1
       rank  accuracy     error
0  0.965511  0.293333  0.072756
Optimization terminated successfully    (Exit mode 0)
            Current function value: 0.07275555555555567
            Iterations: 3
            Function evaluations: 9
            Gradient evaluations: 3
       rank  accuracy     error
0  0.965511  0.293333  0.072756
Optimization terminated successfully    (Exit mode 0)
            Current function value: 0.10180000000000013
            Iterations: 4
            Function evaluations: 27
            Gradient evaluations: 4
       rank  accuracy   error
0  0.956756  0.263333  0.1018
Optimization terminated successfully    (Exit mode 0)
            Current function value: 0.1029555555555557
            Iterations: 2
            Function evaluations: 21
            Gradient evaluations: 2
       rank  accuracy     error
0  0.951311  0.263333  0.102956
Optimization terminated successfully    (Exit mode 0)
            Current function value: 0.08896666666666676
            Iterations: 5
            Function evaluations: 44
            Gradient evaluations: 5
       rank  accuracy     error
0  0.960667  0.253333  0.088967
Optimization terminated successfully    (Exit mode 0)
            Current function value: 0.06825555555555567
            Iterations: 7
            Function evaluations: 63
            Gradient evaluations: 7
       rank  accuracy     error
0  0.967556  0.296667  0.068256
Optimization terminated successfully    (Exit mode 0)
            Current function value: 0.07206666666666675
            Iterations: 3
            Function evaluations: 35
            Gradient evaluations: 3
       rank  accuracy     error
0  0.967844  0.306667  0.072067
Optimization terminated successfully    (Exit mode 0)
            Current function value: 0.061422222222222315
            Iterations: 5
            Function evaluations: 60
            Gradient evaluations: 5
       rank  accuracy     error
0  0.967633  0.303333  0.061422
Optimization terminated successfully    (Exit mode 0)
            Current function value: 0.05938888888888897
            Iterations: 6
            Function evaluations: 71
            Gradient evaluations: 6
       rank  accuracy     error
0  0.967844  0.296667  0.059389
Optimization terminated successfully    (Exit mode 0)
            Current function value: 0.06362222222222233
            Iterations: 4
            Function evaluations: 55
            Gradient evaluations: 4
       rank  accuracy     error
0  0.967789  0.293333  0.063622
Optimization terminated successfully    (Exit mode 0)
            Current function value: 0.06373333333333345
            Iterations: 5
            Function evaluations: 71
            Gradient evaluations: 5
       rank  accuracy     error
0  0.965189  0.296667  0.063733
 Experiment complete. Results at: /mnt/beegfs/hellgate/home/tp183485/timecorr_trazzp/Cluster_Data/intact/intact_100_10_10_isfc_PCA_40_gaussian.csv
