corrs 1
sub corrs 10
corrs 2
sub corrs 20
corrs 3
sub corrs 30
corrs 4
sub corrs 40
corrs 5
sub corrs 50
corrs 6
sub corrs 60
corrs 7
sub corrs 70
corrs 8
sub corrs 80
corrs 9
sub corrs 90
corrs 10
sub corrs 100
Optimization terminated successfully    (Exit mode 0)
            Current function value: 0.08676666666666676
            Iterations: 1
            Function evaluations: 2
            Gradient evaluations: 1
       rank  accuracy     error
0  0.967433  0.263333  0.086767
Optimization terminated successfully    (Exit mode 0)
            Current function value: 0.08642222222222232
            Iterations: 5
            Function evaluations: 26
            Gradient evaluations: 5
       rank  accuracy     error
0  0.967289  0.263333  0.086422
Optimization terminated successfully    (Exit mode 0)
            Current function value: 0.08744444444444455
            Iterations: 5
            Function evaluations: 31
            Gradient evaluations: 5
    rank  accuracy     error
0  0.967      0.26  0.087444
Optimization terminated successfully    (Exit mode 0)
            Current function value: 0.0749333333333334
            Iterations: 6
            Function evaluations: 41
            Gradient evaluations: 6
       rank  accuracy     error
0  0.967744      0.27  0.074933
Optimization terminated successfully    (Exit mode 0)
            Current function value: 0.0737222222222223
            Iterations: 5
            Function evaluations: 41
            Gradient evaluations: 5
       rank  accuracy     error
0  0.967656      0.27  0.073722
Optimization terminated successfully    (Exit mode 0)
            Current function value: 0.07034444444444454
            Iterations: 6
            Function evaluations: 56
            Gradient evaluations: 6
       rank  accuracy     error
0  0.967822  0.266667  0.070344
Optimization terminated successfully    (Exit mode 0)
            Current function value: 0.08430000000000012
            Iterations: 5
            Function evaluations: 55
            Gradient evaluations: 5
       rank  accuracy   error
0  0.967567  0.256667  0.0843
Optimization terminated successfully    (Exit mode 0)
            Current function value: 0.07263333333333341
            Iterations: 6
            Function evaluations: 67
            Gradient evaluations: 6
       rank  accuracy     error
0  0.967722  0.266667  0.072633
Optimization terminated successfully    (Exit mode 0)
            Current function value: 0.07168888888888897
            Iterations: 6
            Function evaluations: 74
            Gradient evaluations: 6
       rank  accuracy     error
0  0.967578  0.266667  0.071689
Optimization terminated successfully    (Exit mode 0)
            Current function value: 0.07114444444444451
            Iterations: 7
            Function evaluations: 90
            Gradient evaluations: 7
       rank  accuracy     error
0  0.968033      0.27  0.071144
Optimization terminated successfully    (Exit mode 0)
            Current function value: 0.07450000000000005
            Iterations: 6
            Function evaluations: 83
            Gradient evaluations: 6
       rank  accuracy   error
0  0.968067  0.273333  0.0745
corrs 1
sub corrs 10
corrs 2
sub corrs 20
corrs 3
sub corrs 30
corrs 4
sub corrs 40
corrs 5
sub corrs 50
corrs 6
sub corrs 60
corrs 7
sub corrs 70
corrs 8
sub corrs 80
corrs 9
sub corrs 90
corrs 10
sub corrs 100
Optimization terminated successfully    (Exit mode 0)
            Current function value: 0.07871111111111131
            Iterations: 1
            Function evaluations: 2
            Gradient evaluations: 1
     rank  accuracy     error
0  0.9658  0.283333  0.078711
Optimization terminated successfully    (Exit mode 0)
            Current function value: 0.07871111111111131
            Iterations: 3
            Function evaluations: 9
            Gradient evaluations: 3
     rank  accuracy     error
0  0.9658  0.283333  0.078711
Optimization terminated successfully    (Exit mode 0)
            Current function value: 0.10246666666666684
            Iterations: 2
            Function evaluations: 19
            Gradient evaluations: 2
       rank  accuracy     error
0  0.964011  0.273333  0.102467
Optimization terminated successfully    (Exit mode 0)
            Current function value: 0.07756666666666683
            Iterations: 4
            Function evaluations: 31
            Gradient evaluations: 4
       rank  accuracy     error
0  0.965933  0.286667  0.077567
Optimization terminated successfully    (Exit mode 0)
            Current function value: 0.07870000000000016
            Iterations: 4
            Function evaluations: 35
            Gradient evaluations: 4
       rank  accuracy   error
0  0.965967  0.286667  0.0787
Optimization terminated successfully    (Exit mode 0)
            Current function value: 0.07544444444444456
            Iterations: 3
            Function evaluations: 33
            Gradient evaluations: 3
       rank  accuracy     error
0  0.965767  0.293333  0.075444
Optimization terminated successfully    (Exit mode 0)
            Current function value: 0.07977777777777796
            Iterations: 2
            Function evaluations: 27
            Gradient evaluations: 2
       rank  accuracy     error
0  0.965811  0.283333  0.079778
Optimization terminated successfully    (Exit mode 0)
            Current function value: 0.07871111111111131
            Iterations: 2
            Function evaluations: 29
            Gradient evaluations: 2
     rank  accuracy     error
0  0.9658  0.283333  0.078711
Optimization terminated successfully    (Exit mode 0)
            Current function value: 0.07735555555555573
            Iterations: 2
            Function evaluations: 31
            Gradient evaluations: 2
       rank  accuracy     error
0  0.965767  0.286667  0.077356
Optimization terminated successfully    (Exit mode 0)
            Current function value: 0.07794444444444462
            Iterations: 5
            Function evaluations: 67
            Gradient evaluations: 5
       rank  accuracy     error
0  0.966233      0.29  0.077944
Optimization terminated successfully    (Exit mode 0)
            Current function value: 0.07871111111111131
            Iterations: 2
            Function evaluations: 35
            Gradient evaluations: 2
     rank  accuracy     error
0  0.9658  0.283333  0.078711
✨ Experiment complete. Results archived at: /mnt/beegfs/hellgate/home/tp183485/timecorr_trazzp/Cluster_Data/intact/intact_100_10_10_isfc_MDS_40_gaussian.csv
