corrs 1
sub corrs 10
corrs 2
sub corrs 20
corrs 3
sub corrs 30
corrs 4
sub corrs 40
corrs 5
sub corrs 50
corrs 6
sub corrs 60
corrs 7
sub corrs 70
corrs 8
sub corrs 80
corrs 9
sub corrs 90
corrs 10
sub corrs 100
Optimization terminated successfully    (Exit mode 0)
            Current function value: 0.07607777777777784
            Iterations: 1
            Function evaluations: 2
            Gradient evaluations: 1
       rank  accuracy     error
0  0.963911  0.256667  0.076078
Optimization terminated successfully    (Exit mode 0)
            Current function value: 0.06792222222222231
            Iterations: 5
            Function evaluations: 30
            Gradient evaluations: 5
       rank  accuracy     error
0  0.965389      0.26  0.067922
Optimization terminated successfully    (Exit mode 0)
            Current function value: 0.0649222222222223
            Iterations: 3
            Function evaluations: 23
            Gradient evaluations: 3
       rank  accuracy     error
0  0.968967  0.276667  0.064922
Optimization terminated successfully    (Exit mode 0)
            Current function value: 0.0661222222222223
            Iterations: 3
            Function evaluations: 26
            Gradient evaluations: 3
       rank  accuracy     error
0  0.968678  0.273333  0.066122
Optimization terminated successfully    (Exit mode 0)
            Current function value: 0.06717777777777785
            Iterations: 3
            Function evaluations: 29
            Gradient evaluations: 3
       rank  accuracy     error
0  0.969933  0.276667  0.067178
Optimization terminated successfully    (Exit mode 0)
            Current function value: 0.0334333333333333
            Iterations: 7
            Function evaluations: 62
            Gradient evaluations: 7
       rank  accuracy     error
0  0.985589      0.31  0.033433
Optimization terminated successfully    (Exit mode 0)
            Current function value: 0.02694444444444444
            Iterations: 11
            Function evaluations: 105
            Gradient evaluations: 11
     rank  accuracy     error
0  0.9853  0.346667  0.026944
Optimization terminated successfully    (Exit mode 0)
            Current function value: 0.020688888888888826
            Iterations: 6
            Function evaluations: 66
            Gradient evaluations: 6
       rank  accuracy     error
0  0.971544  0.133333  0.020689
Optimization terminated successfully    (Exit mode 0)
            Current function value: 0.0172111111111111
            Iterations: 6
            Function evaluations: 71
            Gradient evaluations: 6
       rank  accuracy     error
0  0.973589  0.156667  0.017211
Optimization terminated successfully    (Exit mode 0)
            Current function value: 0.018111111111111116
            Iterations: 8
            Function evaluations: 104
            Gradient evaluations: 8
       rank  accuracy     error
0  0.984356  0.176667  0.018111
Optimization terminated successfully    (Exit mode 0)
            Current function value: 0.014633333333333342
            Iterations: 7
            Function evaluations: 95
            Gradient evaluations: 7
       rank  accuracy     error
0  0.977033  0.116667  0.014633
corrs 1
sub corrs 10
corrs 2
sub corrs 20
corrs 3
sub corrs 30
corrs 4
sub corrs 40
corrs 5
sub corrs 50
corrs 6
sub corrs 60
corrs 7
sub corrs 70
corrs 8
sub corrs 80
corrs 9
sub corrs 90
corrs 10
sub corrs 100
Optimization terminated successfully    (Exit mode 0)
            Current function value: 0.09731111111111133
            Iterations: 1
            Function evaluations: 2
            Gradient evaluations: 1
       rank  accuracy     error
0  0.963022  0.246667  0.097311
Optimization terminated successfully    (Exit mode 0)
            Current function value: 0.10044444444444459
            Iterations: 1
            Function evaluations: 14
            Gradient evaluations: 1
       rank  accuracy     error
0  0.957878  0.266667  0.100444
Optimization terminated successfully    (Exit mode 0)
            Current function value: 0.06614444444444455
            Iterations: 5
            Function evaluations: 32
            Gradient evaluations: 5
       rank  accuracy     error
0  0.971556      0.28  0.066144
Optimization terminated successfully    (Exit mode 0)
            Current function value: 0.06620000000000006
            Iterations: 4
            Function evaluations: 31
            Gradient evaluations: 4
       rank  accuracy   error
0  0.971122      0.28  0.0662
Optimization terminated successfully    (Exit mode 0)
            Current function value: 0.06914444444444465
            Iterations: 4
            Function evaluations: 36
            Gradient evaluations: 4
       rank  accuracy     error
0  0.972878  0.286667  0.069144
Optimization terminated successfully    (Exit mode 0)
            Current function value: 0.026266666666666612
            Iterations: 7
            Function evaluations: 67
            Gradient evaluations: 7
       rank  accuracy     error
0  0.985667  0.306667  0.026267
Optimization terminated successfully    (Exit mode 0)
            Current function value: 0.029155555555555594
            Iterations: 9
            Function evaluations: 86
            Gradient evaluations: 9
       rank  accuracy     error
0  0.985978  0.343333  0.029156
Optimization terminated successfully    (Exit mode 0)
            Current function value: 0.019755555555555485
            Iterations: 4
            Function evaluations: 47
            Gradient evaluations: 4
       rank  accuracy     error
0  0.975467      0.18  0.019756
Optimization terminated successfully    (Exit mode 0)
            Current function value: 0.013988888888888884
            Iterations: 10
            Function evaluations: 114
            Gradient evaluations: 10
       rank  accuracy     error
0  0.981011  0.186667  0.013989
Optimization terminated successfully    (Exit mode 0)
            Current function value: 0.016888888888888842
            Iterations: 8
            Function evaluations: 102
            Gradient evaluations: 8
     rank  accuracy     error
0  0.9802  0.153333  0.016889
Optimization terminated successfully    (Exit mode 0)
            Current function value: 0.014522222222222186
            Iterations: 7
            Function evaluations: 98
            Gradient evaluations: 7
       rank  accuracy     error
0  0.974544  0.163333  0.014522
 Experiment complete. Results at: /mnt/beegfs/hellgate/home/tp183485/timecorr_trazzp/Cluster_Data/intact/intact_100_10_10_isfc_FactorAnalysis_40_mexican_hat.csv
