corrs 1
sub corrs 10
corrs 2
sub corrs 20
corrs 3
sub corrs 30
corrs 4
sub corrs 40
corrs 5
sub corrs 50
corrs 6
sub corrs 60
corrs 7
sub corrs 70
corrs 8
sub corrs 80
corrs 9
sub corrs 90
corrs 10
sub corrs 100
Optimization terminated successfully    (Exit mode 0)
            Current function value: 0.0904444444444446
            Iterations: 1
            Function evaluations: 2
            Gradient evaluations: 1
     rank  accuracy     error
0  0.9586      0.22  0.090444
Optimization terminated successfully    (Exit mode 0)
            Current function value: 0.0904444444444446
            Iterations: 3
            Function evaluations: 9
            Gradient evaluations: 3
     rank  accuracy     error
0  0.9586      0.22  0.090444
Optimization terminated successfully    (Exit mode 0)
            Current function value: 0.0904444444444446
            Iterations: 5
            Function evaluations: 20
            Gradient evaluations: 5
     rank  accuracy     error
0  0.9586      0.22  0.090444
Optimization terminated successfully    (Exit mode 0)
            Current function value: 0.0904444444444446
            Iterations: 9
            Function evaluations: 46
            Gradient evaluations: 9
     rank  accuracy     error
0  0.9586      0.22  0.090444
Optimization terminated successfully    (Exit mode 0)
            Current function value: 0.0904444444444446
            Iterations: 3
            Function evaluations: 18
            Gradient evaluations: 3
     rank  accuracy     error
0  0.9586      0.22  0.090444
Optimization terminated successfully    (Exit mode 0)
            Current function value: 0.0904444444444446
            Iterations: 4
            Function evaluations: 28
            Gradient evaluations: 4
     rank  accuracy     error
0  0.9586      0.22  0.090444
Optimization terminated successfully    (Exit mode 0)
            Current function value: 0.08445555555555567
            Iterations: 6
            Function evaluations: 59
            Gradient evaluations: 6
       rank  accuracy     error
0  0.960344  0.226667  0.084456
Optimization terminated successfully    (Exit mode 0)
            Current function value: 0.07271111111111132
            Iterations: 5
            Function evaluations: 56
            Gradient evaluations: 5
       rank  accuracy     error
0  0.965789      0.23  0.072711
Optimization terminated successfully    (Exit mode 0)
            Current function value: 0.07373333333333355
            Iterations: 7
            Function evaluations: 81
            Gradient evaluations: 7
       rank  accuracy     error
0  0.965711  0.226667  0.073733
Optimization terminated successfully    (Exit mode 0)
            Current function value: 0.07717777777777798
            Iterations: 8
            Function evaluations: 101
            Gradient evaluations: 8
       rank  accuracy     error
0  0.964744      0.23  0.077178
Optimization terminated successfully    (Exit mode 0)
            Current function value: 0.074277777777778
            Iterations: 7
            Function evaluations: 96
            Gradient evaluations: 7
       rank  accuracy     error
0  0.964289      0.23  0.074278
corrs 1
sub corrs 10
corrs 2
sub corrs 20
corrs 3
sub corrs 30
corrs 4
sub corrs 40
corrs 5
sub corrs 50
corrs 6
sub corrs 60
corrs 7
sub corrs 70
corrs 8
sub corrs 80
corrs 9
sub corrs 90
corrs 10
sub corrs 100
Optimization terminated successfully    (Exit mode 0)
            Current function value: 0.08796666666666679
            Iterations: 1
            Function evaluations: 2
            Gradient evaluations: 1
       rank  accuracy     error
0  0.958622  0.233333  0.087967
Optimization terminated successfully    (Exit mode 0)
            Current function value: 0.08796666666666679
            Iterations: 4
            Function evaluations: 12
            Gradient evaluations: 4
       rank  accuracy     error
0  0.958622  0.233333  0.087967
Optimization terminated successfully    (Exit mode 0)
            Current function value: 0.08796666666666679
            Iterations: 3
            Function evaluations: 12
            Gradient evaluations: 3
       rank  accuracy     error
0  0.958622  0.233333  0.087967
Optimization terminated successfully    (Exit mode 0)
            Current function value: 0.08697777777777789
            Iterations: 5
            Function evaluations: 37
            Gradient evaluations: 5
       rank  accuracy     error
0  0.958878  0.233333  0.086978
Optimization terminated successfully    (Exit mode 0)
            Current function value: 0.08668888888888901
            Iterations: 6
            Function evaluations: 48
            Gradient evaluations: 6
       rank  accuracy     error
0  0.958167      0.23  0.086689
Optimization terminated successfully    (Exit mode 0)
            Current function value: 0.0877555555555557
            Iterations: 7
            Function evaluations: 62
            Gradient evaluations: 7
       rank  accuracy     error
0  0.959767      0.23  0.087756
Optimization terminated successfully    (Exit mode 0)
            Current function value: 0.08796666666666679
            Iterations: 6
            Function evaluations: 48
            Gradient evaluations: 6
       rank  accuracy     error
0  0.958622  0.233333  0.087967
Optimization terminated successfully    (Exit mode 0)
            Current function value: 0.08180000000000012
            Iterations: 6
            Function evaluations: 65
            Gradient evaluations: 6
       rank  accuracy   error
0  0.959433  0.246667  0.0818
Optimization terminated successfully    (Exit mode 0)
            Current function value: 0.09182222222222237
            Iterations: 7
            Function evaluations: 87
            Gradient evaluations: 7
       rank  accuracy     error
0  0.964522  0.223333  0.091822
Optimization terminated successfully    (Exit mode 0)
            Current function value: 0.08246666666666677
            Iterations: 7
            Function evaluations: 89
            Gradient evaluations: 7
       rank  accuracy     error
0  0.961733  0.236667  0.082467
Optimization terminated successfully    (Exit mode 0)
            Current function value: 0.08568888888888901
            Iterations: 6
            Function evaluations: 86
            Gradient evaluations: 6
       rank  accuracy     error
0  0.964767  0.236667  0.085689
 Experiment complete. Results at: /mnt/beegfs/hellgate/home/tp183485/timecorr_trazzp/Cluster_Data/intact/intact_100_10_10_isfc_IncrementalPCA_10_laplace.csv
