corrs 1
sub corrs 10
corrs 2
sub corrs 20
corrs 3
sub corrs 30
corrs 4
sub corrs 40
corrs 5
sub corrs 50
corrs 6
sub corrs 60
corrs 7
sub corrs 70
corrs 8
sub corrs 80
corrs 9
sub corrs 90
corrs 10
sub corrs 100
Optimization terminated successfully    (Exit mode 0)
            Current function value: 0.09132222222222236
            Iterations: 1
            Function evaluations: 2
            Gradient evaluations: 1
       rank  accuracy     error
0  0.972311  0.243333  0.091322
Optimization terminated successfully    (Exit mode 0)
            Current function value: 0.0868777777777779
            Iterations: 5
            Function evaluations: 27
            Gradient evaluations: 5
       rank  accuracy     error
0  0.972089      0.25  0.086878
Optimization terminated successfully    (Exit mode 0)
            Current function value: 0.08833333333333346
            Iterations: 9
            Function evaluations: 47
            Gradient evaluations: 9
       rank  accuracy     error
0  0.972133  0.246667  0.088333
Optimization terminated successfully    (Exit mode 0)
            Current function value: 0.09008888888888901
            Iterations: 4
            Function evaluations: 31
            Gradient evaluations: 4
       rank  accuracy     error
0  0.972033  0.246667  0.090089
Optimization terminated successfully    (Exit mode 0)
            Current function value: 0.08676666666666678
            Iterations: 7
            Function evaluations: 54
            Gradient evaluations: 7
       rank  accuracy     error
0  0.972811  0.253333  0.086767
Optimization terminated successfully    (Exit mode 0)
            Current function value: 0.06956666666666676
            Iterations: 7
            Function evaluations: 64
            Gradient evaluations: 7
    rank  accuracy     error
0  0.981  0.266667  0.069567
Optimization terminated successfully    (Exit mode 0)
            Current function value: 0.07205555555555566
            Iterations: 7
            Function evaluations: 70
            Gradient evaluations: 7
       rank  accuracy     error
0  0.979744  0.263333  0.072056
Optimization terminated successfully    (Exit mode 0)
            Current function value: 0.06920000000000011
            Iterations: 7
            Function evaluations: 75
            Gradient evaluations: 7
       rank  accuracy   error
0  0.980111  0.256667  0.0692
Optimization terminated successfully    (Exit mode 0)
            Current function value: 0.073588888888889
            Iterations: 14
            Function evaluations: 163
            Gradient evaluations: 14
       rank  accuracy     error
0  0.979133  0.273333  0.073589
Optimization terminated successfully    (Exit mode 0)
            Current function value: 0.06424444444444455
            Iterations: 11
            Function evaluations: 137
            Gradient evaluations: 11
       rank  accuracy     error
0  0.979778  0.266667  0.064244
Optimization terminated successfully    (Exit mode 0)
            Current function value: 0.06261111111111121
            Iterations: 8
            Function evaluations: 115
            Gradient evaluations: 8
       rank  accuracy     error
0  0.979589  0.263333  0.062611
corrs 1
sub corrs 10
corrs 2
sub corrs 20
corrs 3
sub corrs 30
corrs 4
sub corrs 40
corrs 5
sub corrs 50
corrs 6
sub corrs 60
corrs 7
sub corrs 70
corrs 8
sub corrs 80
corrs 9
sub corrs 90
corrs 10
sub corrs 100
Optimization terminated successfully    (Exit mode 0)
            Current function value: 0.10820000000000003
            Iterations: 1
            Function evaluations: 2
            Gradient evaluations: 1
       rank  accuracy   error
0  0.971833  0.216667  0.1082
Optimization terminated successfully    (Exit mode 0)
            Current function value: 0.09292222222222232
            Iterations: 6
            Function evaluations: 34
            Gradient evaluations: 6
       rank  accuracy     error
0  0.970333      0.22  0.092922
Optimization terminated successfully    (Exit mode 0)
            Current function value: 0.2352888888888889
            Iterations: 5
            Function evaluations: 32
            Gradient evaluations: 5
     rank  accuracy     error
0  0.5472  0.006667  0.235289
Optimization terminated successfully    (Exit mode 0)
            Current function value: 0.09677777777777789
            Iterations: 5
            Function evaluations: 36
            Gradient evaluations: 5
       rank  accuracy     error
0  0.971122  0.216667  0.096778
Optimization terminated successfully    (Exit mode 0)
            Current function value: 0.09390000000000014
            Iterations: 6
            Function evaluations: 51
            Gradient evaluations: 6
       rank  accuracy   error
0  0.968778  0.223333  0.0939
Optimization terminated successfully    (Exit mode 0)
            Current function value: 0.07305555555555558
            Iterations: 6
            Function evaluations: 53
            Gradient evaluations: 6
       rank  accuracy     error
0  0.981089      0.26  0.073056
Optimization terminated successfully    (Exit mode 0)
            Current function value: 0.07084444444444449
            Iterations: 7
            Function evaluations: 71
            Gradient evaluations: 7
     rank  accuracy     error
0  0.9801  0.263333  0.070844
Optimization terminated successfully    (Exit mode 0)
            Current function value: 0.0699555555555556
            Iterations: 6
            Function evaluations: 68
            Gradient evaluations: 6
       rank  accuracy     error
0  0.979933  0.263333  0.069956
Optimization terminated successfully    (Exit mode 0)
            Current function value: 0.07060000000000002
            Iterations: 16
            Function evaluations: 179
            Gradient evaluations: 16
       rank  accuracy   error
0  0.981678  0.263333  0.0706
Optimization terminated successfully    (Exit mode 0)
            Current function value: 0.16833333333333314
            Iterations: 4
            Function evaluations: 55
            Gradient evaluations: 4
       rank  accuracy     error
0  0.828089  0.123333  0.168333
Optimization terminated successfully    (Exit mode 0)
            Current function value: 0.23715555555555548
            Iterations: 5
            Function evaluations: 74
            Gradient evaluations: 5
       rank  accuracy     error
0  0.613033      0.05  0.237156
 Experiment complete. Results at: /mnt/beegfs/hellgate/home/tp183485/timecorr_trazzp/Cluster_Data/intact/intact_700_10_10_isfc_PCA_40_gaussian.csv
