corrs 1
sub corrs 10
corrs 2
sub corrs 20
corrs 3
sub corrs 30
corrs 4
sub corrs 40
corrs 5
sub corrs 50
corrs 6
sub corrs 60
corrs 7
sub corrs 70
corrs 8
sub corrs 80
corrs 9
sub corrs 90
corrs 10
sub corrs 100
Optimization terminated successfully    (Exit mode 0)
            Current function value: 0.08415555555555575
            Iterations: 1
            Function evaluations: 2
            Gradient evaluations: 1
Optimization terminated successfully    (Exit mode 0)
            Current function value: 0.07664444444444461
            Iterations: 5
            Function evaluations: 27
            Gradient evaluations: 5
Optimization terminated successfully    (Exit mode 0)
            Current function value: 0.06676666666666671
            Iterations: 3
            Function evaluations: 24
            Gradient evaluations: 3
Optimization terminated successfully    (Exit mode 0)
            Current function value: 0.0642222222222223
            Iterations: 8
            Function evaluations: 53
            Gradient evaluations: 8
Optimization terminated successfully    (Exit mode 0)
            Current function value: 0.06352222222222229
            Iterations: 5
            Function evaluations: 42
            Gradient evaluations: 5
Optimization terminated successfully    (Exit mode 0)
            Current function value: 0.06885555555555566
            Iterations: 2
            Function evaluations: 25
            Gradient evaluations: 2
Optimization terminated successfully    (Exit mode 0)
            Current function value: 0.06285555555555562
            Iterations: 5
            Function evaluations: 57
            Gradient evaluations: 5
Optimization terminated successfully    (Exit mode 0)
            Current function value: 0.06106666666666673
            Iterations: 4
            Function evaluations: 47
            Gradient evaluations: 4
Optimization terminated successfully    (Exit mode 0)
            Current function value: 0.051577777777777785
            Iterations: 9
            Function evaluations: 112
            Gradient evaluations: 9
Optimization terminated successfully    (Exit mode 0)
            Current function value: 0.05843333333333336
            Iterations: 4
            Function evaluations: 56
            Gradient evaluations: 4
Optimization terminated successfully    (Exit mode 0)
            Current function value: 0.06995555555555566
            Iterations: 4
            Function evaluations: 60
            Gradient evaluations: 4
corrs 1
sub corrs 10
corrs 2
sub corrs 20
corrs 3
sub corrs 30
corrs 4
sub corrs 40
corrs 5
sub corrs 50
corrs 6
sub corrs 60
corrs 7
sub corrs 70
corrs 8
sub corrs 80
corrs 9
sub corrs 90
corrs 10
sub corrs 100
Optimization terminated successfully    (Exit mode 0)
            Current function value: 0.11022222222222228
            Iterations: 1
            Function evaluations: 2
            Gradient evaluations: 1
Optimization terminated successfully    (Exit mode 0)
            Current function value: 0.08377777777777788
            Iterations: 3
            Function evaluations: 20
            Gradient evaluations: 3
Optimization terminated successfully    (Exit mode 0)
            Current function value: 0.08051111111111121
            Iterations: 6
            Function evaluations: 36
            Gradient evaluations: 6
Optimization terminated successfully    (Exit mode 0)
            Current function value: 0.07975555555555568
            Iterations: 6
            Function evaluations: 45
            Gradient evaluations: 6
Optimization terminated successfully    (Exit mode 0)
            Current function value: 0.0815111111111112
            Iterations: 6
            Function evaluations: 49
            Gradient evaluations: 6
Optimization terminated successfully    (Exit mode 0)
            Current function value: 0.07882222222222232
            Iterations: 6
            Function evaluations: 55
            Gradient evaluations: 6
Optimization terminated successfully    (Exit mode 0)
            Current function value: 0.0790777777777779
            Iterations: 6
            Function evaluations: 61
            Gradient evaluations: 6
Optimization terminated successfully    (Exit mode 0)
            Current function value: 0.08044444444444455
            Iterations: 6
            Function evaluations: 70
            Gradient evaluations: 6
Optimization terminated successfully    (Exit mode 0)
            Current function value: 0.07955555555555566
            Iterations: 5
            Function evaluations: 63
            Gradient evaluations: 5
Optimization terminated successfully    (Exit mode 0)
            Current function value: 0.08111111111111122
            Iterations: 4
            Function evaluations: 55
            Gradient evaluations: 4
Optimization terminated successfully    (Exit mode 0)
            Current function value: 0.08142222222222233
            Iterations: 9
            Function evaluations: 122
            Gradient evaluations: 9
 Experiment complete. Results at: /mnt/beegfs/hellgate/home/tp183485/timecorr_trazzp/Cluster_Data/intact/intact_700_10_10_isfc_strength_5_mexican_hat_1.csv
