corrs 1
sub corrs 10
corrs 2
sub corrs 20
corrs 3
sub corrs 30
corrs 4
sub corrs 40
corrs 5
sub corrs 50
corrs 6
sub corrs 60
corrs 7
sub corrs 70
corrs 8
sub corrs 80
corrs 9
sub corrs 90
corrs 10
sub corrs 100
Optimization terminated successfully    (Exit mode 0)
            Current function value: 0.07531111111111119
            Iterations: 1
            Function evaluations: 2
            Gradient evaluations: 1
Optimization terminated successfully    (Exit mode 0)
            Current function value: 0.05806666666666671
            Iterations: 6
            Function evaluations: 31
            Gradient evaluations: 6
Optimization terminated successfully    (Exit mode 0)
            Current function value: 0.05806666666666671
            Iterations: 4
            Function evaluations: 28
            Gradient evaluations: 4
Optimization terminated successfully    (Exit mode 0)
            Current function value: 0.06310000000000002
            Iterations: 7
            Function evaluations: 50
            Gradient evaluations: 7
Optimization terminated successfully    (Exit mode 0)
            Current function value: 0.06637777777777779
            Iterations: 3
            Function evaluations: 29
            Gradient evaluations: 3
Optimization terminated successfully    (Exit mode 0)
            Current function value: 0.06352222222222224
            Iterations: 4
            Function evaluations: 40
            Gradient evaluations: 4
Optimization terminated successfully    (Exit mode 0)
            Current function value: 0.061622222222222224
            Iterations: 4
            Function evaluations: 43
            Gradient evaluations: 4
Optimization terminated successfully    (Exit mode 0)
            Current function value: 0.05805555555555558
            Iterations: 4
            Function evaluations: 47
            Gradient evaluations: 4
Optimization terminated successfully    (Exit mode 0)
            Current function value: 0.057333333333333375
            Iterations: 6
            Function evaluations: 77
            Gradient evaluations: 6
Optimization terminated successfully    (Exit mode 0)
            Current function value: 0.056644444444444476
            Iterations: 2
            Function evaluations: 33
            Gradient evaluations: 2
Optimization terminated successfully    (Exit mode 0)
            Current function value: 0.05813333333333337
            Iterations: 5
            Function evaluations: 71
            Gradient evaluations: 5
corrs 1
sub corrs 10
corrs 2
sub corrs 20
corrs 3
sub corrs 30
corrs 4
sub corrs 40
corrs 5
sub corrs 50
corrs 6
sub corrs 60
corrs 7
sub corrs 70
corrs 8
sub corrs 80
corrs 9
sub corrs 90
corrs 10
sub corrs 100
Optimization terminated successfully    (Exit mode 0)
            Current function value: 0.09581111111111121
            Iterations: 1
            Function evaluations: 2
            Gradient evaluations: 1
Optimization terminated successfully    (Exit mode 0)
            Current function value: 0.08800000000000012
            Iterations: 4
            Function evaluations: 24
            Gradient evaluations: 4
Optimization terminated successfully    (Exit mode 0)
            Current function value: 0.09027777777777789
            Iterations: 4
            Function evaluations: 16
            Gradient evaluations: 4
Optimization terminated successfully    (Exit mode 0)
            Current function value: 0.07308888888888902
            Iterations: 3
            Function evaluations: 26
            Gradient evaluations: 3
Optimization terminated successfully    (Exit mode 0)
            Current function value: 0.09423333333333343
            Iterations: 5
            Function evaluations: 41
            Gradient evaluations: 5
Optimization terminated successfully    (Exit mode 0)
            Current function value: 0.08326666666666681
            Iterations: 4
            Function evaluations: 40
            Gradient evaluations: 4
Optimization terminated successfully    (Exit mode 0)
            Current function value: 0.10082222222222237
            Iterations: 2
            Function evaluations: 27
            Gradient evaluations: 2
Optimization terminated successfully    (Exit mode 0)
            Current function value: 0.08433333333333344
            Iterations: 4
            Function evaluations: 48
            Gradient evaluations: 4
Optimization terminated successfully    (Exit mode 0)
            Current function value: 0.08213333333333345
            Iterations: 4
            Function evaluations: 51
            Gradient evaluations: 4
Optimization terminated successfully    (Exit mode 0)
            Current function value: 0.0792777777777779
            Iterations: 4
            Function evaluations: 56
            Gradient evaluations: 4
Optimization terminated successfully    (Exit mode 0)
            Current function value: 0.06290000000000008
            Iterations: 6
            Function evaluations: 86
            Gradient evaluations: 6
 Experiment complete. Results at: /mnt/beegfs/hellgate/home/tp183485/timecorr_trazzp/Cluster_Data/intact/intact_100_10_10_isfc_MiniBatchSparsePCA_40_mexican_hat.csv
