corrs 1
sub corrs 10
corrs 2
sub corrs 20
corrs 3
sub corrs 30
corrs 4
sub corrs 40
corrs 5
sub corrs 50
corrs 6
sub corrs 60
corrs 7
sub corrs 70
corrs 8
sub corrs 80
corrs 9
sub corrs 90
corrs 10
sub corrs 100
Optimization terminated successfully    (Exit mode 0)
            Current function value: 0.08362222222222226
            Iterations: 1
            Function evaluations: 2
            Gradient evaluations: 1
       rank  accuracy     error
0  0.968689      0.25  0.083622
Optimization terminated successfully    (Exit mode 0)
            Current function value: 0.08362222222222226
            Iterations: 3
            Function evaluations: 9
            Gradient evaluations: 3
       rank  accuracy     error
0  0.968689      0.25  0.083622
Optimization terminated successfully    (Exit mode 0)
            Current function value: 0.07961111111111116
            Iterations: 6
            Function evaluations: 36
            Gradient evaluations: 6
       rank  accuracy     error
0  0.966856      0.25  0.079611
Optimization terminated successfully    (Exit mode 0)
            Current function value: 0.07261111111111117
            Iterations: 4
            Function evaluations: 33
            Gradient evaluations: 4
       rank  accuracy     error
0  0.969089  0.243333  0.072611
Optimization terminated successfully    (Exit mode 0)
            Current function value: 0.05318888888888889
            Iterations: 8
            Function evaluations: 66
            Gradient evaluations: 8
       rank  accuracy     error
0  0.975133  0.273333  0.053189
Optimization terminated successfully    (Exit mode 0)
            Current function value: 0.06400000000000004
            Iterations: 8
            Function evaluations: 69
            Gradient evaluations: 8
       rank  accuracy  error
0  0.968667  0.263333  0.064
Optimization terminated successfully    (Exit mode 0)
            Current function value: 0.06493333333333338
            Iterations: 7
            Function evaluations: 68
            Gradient evaluations: 7
       rank  accuracy     error
0  0.968611  0.253333  0.064933
Optimization terminated successfully    (Exit mode 0)
            Current function value: 0.0549444444444445
            Iterations: 8
            Function evaluations: 84
            Gradient evaluations: 8
       rank  accuracy     error
0  0.973411      0.27  0.054944
Optimization terminated successfully    (Exit mode 0)
            Current function value: 0.06883333333333339
            Iterations: 6
            Function evaluations: 71
            Gradient evaluations: 6
       rank  accuracy     error
0  0.971611      0.26  0.068833
Optimization terminated successfully    (Exit mode 0)
            Current function value: 0.055766666666666714
            Iterations: 6
            Function evaluations: 77
            Gradient evaluations: 6
       rank  accuracy     error
0  0.973667  0.273333  0.055767
Optimization terminated successfully    (Exit mode 0)
            Current function value: 0.057222222222222285
            Iterations: 12
            Function evaluations: 161
            Gradient evaluations: 12
       rank  accuracy     error
0  0.974656  0.286667  0.057222
corrs 1
sub corrs 10
corrs 2
sub corrs 20
corrs 3
sub corrs 30
corrs 4
sub corrs 40
corrs 5
sub corrs 50
corrs 6
sub corrs 60
corrs 7
sub corrs 70
corrs 8
sub corrs 80
corrs 9
sub corrs 90
corrs 10
sub corrs 100
Optimization terminated successfully    (Exit mode 0)
            Current function value: 0.08547777777777799
            Iterations: 1
            Function evaluations: 2
            Gradient evaluations: 1
       rank  accuracy     error
0  0.970344      0.32  0.085478
Optimization terminated successfully    (Exit mode 0)
            Current function value: 0.08547777777777799
            Iterations: 3
            Function evaluations: 9
            Gradient evaluations: 3
       rank  accuracy     error
0  0.970344      0.32  0.085478
Optimization terminated successfully    (Exit mode 0)
            Current function value: 0.06803333333333343
            Iterations: 5
            Function evaluations: 33
            Gradient evaluations: 5
       rank  accuracy     error
0  0.967189  0.303333  0.068033
Optimization terminated successfully    (Exit mode 0)
            Current function value: 0.06803333333333343
            Iterations: 5
            Function evaluations: 36
            Gradient evaluations: 5
       rank  accuracy     error
0  0.967089  0.303333  0.068033
Optimization terminated successfully    (Exit mode 0)
            Current function value: 0.06711111111111125
            Iterations: 5
            Function evaluations: 41
            Gradient evaluations: 5
       rank  accuracy     error
0  0.970667  0.303333  0.067111
Optimization terminated successfully    (Exit mode 0)
            Current function value: 0.06655555555555569
            Iterations: 6
            Function evaluations: 54
            Gradient evaluations: 6
       rank  accuracy     error
0  0.970567       0.3  0.066556
Optimization terminated successfully    (Exit mode 0)
            Current function value: 0.06752222222222232
            Iterations: 7
            Function evaluations: 68
            Gradient evaluations: 7
     rank  accuracy     error
0  0.9679  0.306667  0.067522
Optimization terminated successfully    (Exit mode 0)
            Current function value: 0.062211111111111196
            Iterations: 6
            Function evaluations: 66
            Gradient evaluations: 6
       rank  accuracy     error
0  0.972622       0.3  0.062211
Optimization terminated successfully    (Exit mode 0)
            Current function value: 0.06607777777777786
            Iterations: 12
            Function evaluations: 136
            Gradient evaluations: 12
       rank  accuracy     error
0  0.971156  0.303333  0.066078
Optimization terminated successfully    (Exit mode 0)
            Current function value: 0.062033333333333426
            Iterations: 9
            Function evaluations: 111
            Gradient evaluations: 9
       rank  accuracy     error
0  0.975333  0.296667  0.062033
Optimization terminated successfully    (Exit mode 0)
            Current function value: 0.07225555555555573
            Iterations: 7
            Function evaluations: 99
            Gradient evaluations: 7
       rank  accuracy     error
0  0.970289  0.293333  0.072256
 Experiment complete. Results at: /mnt/beegfs/hellgate/home/tp183485/timecorr_trazzp/Cluster_Data/intact/intact_100_10_10_isfc_IncrementalPCA_40_mexican_hat.csv
