corrs 1
sub corrs 10
corrs 2
sub corrs 20
corrs 3
sub corrs 30
corrs 4
sub corrs 40
corrs 5
sub corrs 50
corrs 6
sub corrs 60
corrs 7
sub corrs 70
corrs 8
sub corrs 80
corrs 9
sub corrs 90
corrs 10
sub corrs 100
Optimization terminated successfully    (Exit mode 0)
            Current function value: 0.09091111111111125
            Iterations: 1
            Function evaluations: 2
            Gradient evaluations: 1
       rank  accuracy     error
0  0.964633  0.286667  0.090911
Optimization terminated successfully    (Exit mode 0)
            Current function value: 0.09124444444444452
            Iterations: 1
            Function evaluations: 14
            Gradient evaluations: 1
       rank  accuracy     error
0  0.969211  0.346667  0.091244
Optimization terminated successfully    (Exit mode 0)
            Current function value: 0.01046666666666669
            Iterations: 3
            Function evaluations: 24
            Gradient evaluations: 3
       rank  accuracy     error
0  0.996333  0.536667  0.010467
Optimization terminated successfully    (Exit mode 0)
            Current function value: 0.014400000000000001
            Iterations: 6
            Function evaluations: 44
            Gradient evaluations: 6
       rank  accuracy   error
0  0.996589  0.553333  0.0144
Optimization terminated successfully    (Exit mode 0)
            Current function value: 0.009877777777777786
            Iterations: 3
            Function evaluations: 31
            Gradient evaluations: 3
       rank  accuracy     error
0  0.996589  0.573333  0.009878
Optimization terminated successfully    (Exit mode 0)
            Current function value: 0.010088888888888915
            Iterations: 9
            Function evaluations: 77
            Gradient evaluations: 9
       rank  accuracy     error
0  0.996411      0.54  0.010089
Optimization terminated successfully    (Exit mode 0)
            Current function value: 0.009844444444444461
            Iterations: 3
            Function evaluations: 35
            Gradient evaluations: 3
       rank  accuracy     error
0  0.997256  0.556667  0.009844
Optimization terminated successfully    (Exit mode 0)
            Current function value: 0.007866666666666671
            Iterations: 6
            Function evaluations: 69
            Gradient evaluations: 6
       rank  accuracy     error
0  0.997289      0.56  0.007867
Optimization terminated successfully    (Exit mode 0)
            Current function value: 0.005611111111111117
            Iterations: 3
            Function evaluations: 41
            Gradient evaluations: 3
       rank  accuracy     error
0  0.997733       0.6  0.005611
Optimization terminated successfully    (Exit mode 0)
            Current function value: 0.0033111111111111054
            Iterations: 2
            Function evaluations: 33
            Gradient evaluations: 2
       rank  accuracy     error
0  0.997389       0.5  0.003311
Optimization terminated successfully    (Exit mode 0)
            Current function value: 0.001877777777777778
            Iterations: 4
            Function evaluations: 59
            Gradient evaluations: 4
       rank  accuracy     error
0  0.997411  0.503333  0.001878
corrs 1
sub corrs 10
corrs 2
sub corrs 20
corrs 3
sub corrs 30
corrs 4
sub corrs 40
corrs 5
sub corrs 50
corrs 6
sub corrs 60
corrs 7
sub corrs 70
corrs 8
sub corrs 80
corrs 9
sub corrs 90
corrs 10
sub corrs 100
Optimization terminated successfully    (Exit mode 0)
            Current function value: 0.09476666666666671
            Iterations: 1
            Function evaluations: 2
            Gradient evaluations: 1
       rank  accuracy     error
0  0.963011       0.3  0.094767
Optimization terminated successfully    (Exit mode 0)
            Current function value: 0.0701777777777779
            Iterations: 3
            Function evaluations: 21
            Gradient evaluations: 3
       rank  accuracy     error
0  0.965722  0.356667  0.070178
Optimization terminated successfully    (Exit mode 0)
            Current function value: 0.020944444444444432
            Iterations: 5
            Function evaluations: 32
            Gradient evaluations: 5
       rank  accuracy     error
0  0.994678  0.526667  0.020944
Optimization terminated successfully    (Exit mode 0)
            Current function value: 0.015733333333333294
            Iterations: 8
            Function evaluations: 55
            Gradient evaluations: 8
       rank  accuracy     error
0  0.995433  0.483333  0.015733
Optimization terminated successfully    (Exit mode 0)
            Current function value: 0.012811111111111141
            Iterations: 5
            Function evaluations: 41
            Gradient evaluations: 5
       rank  accuracy     error
0  0.995833  0.476667  0.012811
Optimization terminated successfully    (Exit mode 0)
            Current function value: 0.014088888888888883
            Iterations: 4
            Function evaluations: 39
            Gradient evaluations: 4
       rank  accuracy     error
0  0.995722  0.506667  0.014089
Optimization terminated successfully    (Exit mode 0)
            Current function value: 0.008688888888888907
            Iterations: 4
            Function evaluations: 44
            Gradient evaluations: 4
       rank  accuracy     error
0  0.996744       0.5  0.008689
Optimization terminated successfully    (Exit mode 0)
            Current function value: 0.011611111111111143
            Iterations: 6
            Function evaluations: 73
            Gradient evaluations: 6
     rank  accuracy     error
0  0.9958  0.463333  0.011611
Optimization terminated successfully    (Exit mode 0)
            Current function value: 0.0054777777777777785
            Iterations: 7
            Function evaluations: 82
            Gradient evaluations: 7
       rank  accuracy     error
0  0.997156  0.573333  0.005478
Optimization terminated successfully    (Exit mode 0)
            Current function value: 0.0019444444444444435
            Iterations: 2
            Function evaluations: 33
            Gradient evaluations: 2
       rank  accuracy     error
0  0.997267      0.48  0.001944
Optimization terminated successfully    (Exit mode 0)
            Current function value: 0.0016222222222222245
            Iterations: 7
            Function evaluations: 98
            Gradient evaluations: 7
       rank  accuracy     error
0  0.997911  0.556667  0.001622
 Experiment complete. Results at: /mnt/beegfs/hellgate/home/tp183485/timecorr_trazzp/Cluster_Data/intact/intact_100_10_10_isfc_FactorAnalysis_30_mexican_hat.csv
