corrs 1
sub corrs 10
corrs 2
sub corrs 20
corrs 3
sub corrs 30
corrs 4
sub corrs 40
corrs 5
sub corrs 50
corrs 6
sub corrs 60
corrs 7
sub corrs 70
corrs 8
sub corrs 80
corrs 9
sub corrs 90
corrs 10
sub corrs 100
Optimization terminated successfully    (Exit mode 0)
            Current function value: 0.08826666666666681
            Iterations: 1
            Function evaluations: 2
            Gradient evaluations: 1
Optimization terminated successfully    (Exit mode 0)
            Current function value: 0.35388888888888886
            Iterations: 1
            Function evaluations: 14
            Gradient evaluations: 1
Optimization terminated successfully    (Exit mode 0)
            Current function value: 0.08450000000000012
            Iterations: 4
            Function evaluations: 28
            Gradient evaluations: 4
Optimization terminated successfully    (Exit mode 0)
            Current function value: 0.08826666666666681
            Iterations: 4
            Function evaluations: 20
            Gradient evaluations: 4
Optimization terminated successfully    (Exit mode 0)
            Current function value: 0.085188888888889
            Iterations: 3
            Function evaluations: 29
            Gradient evaluations: 3
Optimization terminated successfully    (Exit mode 0)
            Current function value: 0.08635555555555566
            Iterations: 5
            Function evaluations: 46
            Gradient evaluations: 5
Optimization terminated successfully    (Exit mode 0)
            Current function value: 0.08528888888888901
            Iterations: 4
            Function evaluations: 43
            Gradient evaluations: 4
Optimization terminated successfully    (Exit mode 0)
            Current function value: 0.0793111111111112
            Iterations: 8
            Function evaluations: 83
            Gradient evaluations: 8
Optimization terminated successfully    (Exit mode 0)
            Current function value: 0.08486666666666677
            Iterations: 5
            Function evaluations: 61
            Gradient evaluations: 5
Optimization terminated successfully    (Exit mode 0)
            Current function value: 0.08243333333333343
            Iterations: 5
            Function evaluations: 66
            Gradient evaluations: 5
Optimization terminated successfully    (Exit mode 0)
            Current function value: 0.07765555555555564
            Iterations: 11
            Function evaluations: 153
            Gradient evaluations: 11
corrs 1
sub corrs 10
corrs 2
sub corrs 20
corrs 3
sub corrs 30
corrs 4
sub corrs 40
corrs 5
sub corrs 50
corrs 6
sub corrs 60
corrs 7
sub corrs 70
corrs 8
sub corrs 80
corrs 9
sub corrs 90
corrs 10
sub corrs 100
Optimization terminated successfully    (Exit mode 0)
            Current function value: 0.09478888888888895
            Iterations: 1
            Function evaluations: 2
            Gradient evaluations: 1
Optimization terminated successfully    (Exit mode 0)
            Current function value: 0.09478888888888895
            Iterations: 3
            Function evaluations: 20
            Gradient evaluations: 3
Optimization terminated successfully    (Exit mode 0)
            Current function value: 0.09103333333333341
            Iterations: 4
            Function evaluations: 28
            Gradient evaluations: 4
Optimization terminated successfully    (Exit mode 0)
            Current function value: 0.09197777777777788
            Iterations: 8
            Function evaluations: 53
            Gradient evaluations: 8
Optimization terminated successfully    (Exit mode 0)
            Current function value: 0.08978888888888895
            Iterations: 6
            Function evaluations: 49
            Gradient evaluations: 6
Optimization terminated successfully    (Exit mode 0)
            Current function value: 0.08804444444444454
            Iterations: 9
            Function evaluations: 78
            Gradient evaluations: 9
Optimization terminated successfully    (Exit mode 0)
            Current function value: 0.09097777777777785
            Iterations: 4
            Function evaluations: 43
            Gradient evaluations: 4
Optimization terminated successfully    (Exit mode 0)
            Current function value: 0.08402222222222232
            Iterations: 2
            Function evaluations: 29
            Gradient evaluations: 2
Optimization terminated successfully    (Exit mode 0)
            Current function value: 0.08075555555555561
            Iterations: 5
            Function evaluations: 61
            Gradient evaluations: 5
Optimization terminated successfully    (Exit mode 0)
            Current function value: 0.07885555555555561
            Iterations: 6
            Function evaluations: 78
            Gradient evaluations: 6
Optimization terminated successfully    (Exit mode 0)
            Current function value: 0.0780555555555556
            Iterations: 6
            Function evaluations: 84
            Gradient evaluations: 6
 Experiment complete. Results at: /mnt/beegfs/hellgate/home/tp183485/timecorr_trazzp/Cluster_Data/intact/intact_100_10_10_isfc_FastICA_40_gaussian.csv
