corrs 1
sub corrs 10
corrs 2
sub corrs 20
corrs 3
sub corrs 30
corrs 4
sub corrs 40
corrs 5
sub corrs 50
corrs 6
sub corrs 60
corrs 7
sub corrs 70
corrs 8
sub corrs 80
corrs 9
sub corrs 90
corrs 10
sub corrs 100
Optimization terminated successfully    (Exit mode 0)
            Current function value: 0.07223333333333343
            Iterations: 1
            Function evaluations: 2
            Gradient evaluations: 1
Optimization terminated successfully    (Exit mode 0)
            Current function value: 0.06444444444444451
            Iterations: 1
            Function evaluations: 14
            Gradient evaluations: 1
Optimization terminated successfully    (Exit mode 0)
            Current function value: 0.06825555555555564
            Iterations: 3
            Function evaluations: 23
            Gradient evaluations: 3
Optimization terminated successfully    (Exit mode 0)
            Current function value: 0.06803333333333343
            Iterations: 2
            Function evaluations: 21
            Gradient evaluations: 2
Optimization terminated successfully    (Exit mode 0)
            Current function value: 0.06825555555555561
            Iterations: 3
            Function evaluations: 34
            Gradient evaluations: 3
Optimization terminated successfully    (Exit mode 0)
            Current function value: 0.07223333333333343
            Iterations: 2
            Function evaluations: 25
            Gradient evaluations: 2
Optimization terminated successfully    (Exit mode 0)
            Current function value: 0.057722222222222244
            Iterations: 3
            Function evaluations: 35
            Gradient evaluations: 3
Optimization terminated successfully    (Exit mode 0)
            Current function value: 0.04581111111111111
            Iterations: 4
            Function evaluations: 47
            Gradient evaluations: 4
Optimization terminated successfully    (Exit mode 0)
            Current function value: 0.06080000000000004
            Iterations: 3
            Function evaluations: 42
            Gradient evaluations: 3
Optimization terminated successfully    (Exit mode 0)
            Current function value: 0.051833333333333335
            Iterations: 4
            Function evaluations: 55
            Gradient evaluations: 4
Optimization terminated successfully    (Exit mode 0)
            Current function value: 0.04967777777777778
            Iterations: 1
            Function evaluations: 23
            Gradient evaluations: 1
corrs 1
sub corrs 10
corrs 2
sub corrs 20
corrs 3
sub corrs 30
corrs 4
sub corrs 40
corrs 5
sub corrs 50
corrs 6
sub corrs 60
corrs 7
sub corrs 70
corrs 8
sub corrs 80
corrs 9
sub corrs 90
corrs 10
sub corrs 100
Optimization terminated successfully    (Exit mode 0)
            Current function value: 0.085777777777778
            Iterations: 1
            Function evaluations: 2
            Gradient evaluations: 1
Optimization terminated successfully    (Exit mode 0)
            Current function value: 0.08565555555555576
            Iterations: 1
            Function evaluations: 14
            Gradient evaluations: 1
Optimization terminated successfully    (Exit mode 0)
            Current function value: 0.0758111111111112
            Iterations: 5
            Function evaluations: 31
            Gradient evaluations: 5
Optimization terminated successfully    (Exit mode 0)
            Current function value: 0.07695555555555567
            Iterations: 3
            Function evaluations: 26
            Gradient evaluations: 3
Optimization terminated successfully    (Exit mode 0)
            Current function value: 0.06976666666666675
            Iterations: 2
            Function evaluations: 24
            Gradient evaluations: 2
Optimization terminated successfully    (Exit mode 0)
            Current function value: 0.07691111111111122
            Iterations: 4
            Function evaluations: 42
            Gradient evaluations: 4
Optimization terminated successfully    (Exit mode 0)
            Current function value: 0.07337777777777788
            Iterations: 5
            Function evaluations: 52
            Gradient evaluations: 5
Optimization terminated successfully    (Exit mode 0)
            Current function value: 0.07656666666666678
            Iterations: 3
            Function evaluations: 38
            Gradient evaluations: 3
Optimization terminated successfully    (Exit mode 0)
            Current function value: 0.05608888888888888
            Iterations: 9
            Function evaluations: 102
            Gradient evaluations: 9
Optimization terminated successfully    (Exit mode 0)
            Current function value: 0.06625555555555562
            Iterations: 6
            Function evaluations: 80
            Gradient evaluations: 6
Optimization terminated successfully    (Exit mode 0)
            Current function value: 0.07765555555555567
            Iterations: 3
            Function evaluations: 47
            Gradient evaluations: 3
 Experiment complete. Results at: /mnt/beegfs/hellgate/home/tp183485/timecorr_trazzp/Cluster_Data/intact/intact_100_10_10_isfc_strength_50_laplace_1.csv
