corrs 1
sub corrs 10
corrs 2
sub corrs 20
corrs 3
sub corrs 30
corrs 4
sub corrs 40
corrs 5
sub corrs 50
corrs 6
sub corrs 60
corrs 7
sub corrs 70
corrs 8
sub corrs 80
corrs 9
sub corrs 90
corrs 10
sub corrs 100
Optimization terminated successfully    (Exit mode 0)
            Current function value: 0.09828888888888901
            Iterations: 1
            Function evaluations: 2
            Gradient evaluations: 1
Optimization terminated successfully    (Exit mode 0)
            Current function value: 0.3276333333333333
            Iterations: 2
            Function evaluations: 20
            Gradient evaluations: 2
Optimization terminated successfully    (Exit mode 0)
            Current function value: 0.09828888888888901
            Iterations: 3
            Function evaluations: 23
            Gradient evaluations: 3
Optimization terminated successfully    (Exit mode 0)
            Current function value: 0.0879777777777779
            Iterations: 7
            Function evaluations: 46
            Gradient evaluations: 7
Optimization terminated successfully    (Exit mode 0)
            Current function value: 0.08916666666666677
            Iterations: 4
            Function evaluations: 35
            Gradient evaluations: 4
Optimization terminated successfully    (Exit mode 0)
            Current function value: 0.09887777777777786
            Iterations: 7
            Function evaluations: 63
            Gradient evaluations: 7
Optimization terminated successfully    (Exit mode 0)
            Current function value: 0.08971111111111121
            Iterations: 4
            Function evaluations: 43
            Gradient evaluations: 4
Optimization terminated successfully    (Exit mode 0)
            Current function value: 0.08687777777777787
            Iterations: 2
            Function evaluations: 31
            Gradient evaluations: 2
Optimization terminated successfully    (Exit mode 0)
            Current function value: 0.09394444444444451
            Iterations: 2
            Function evaluations: 31
            Gradient evaluations: 2
Optimization terminated successfully    (Exit mode 0)
            Current function value: 0.07081111111111117
            Iterations: 3
            Function evaluations: 46
            Gradient evaluations: 3
Optimization terminated successfully    (Exit mode 0)
            Current function value: 0.08556666666666676
            Iterations: 6
            Function evaluations: 88
            Gradient evaluations: 6
corrs 1
sub corrs 10
corrs 2
sub corrs 20
corrs 3
sub corrs 30
corrs 4
sub corrs 40
corrs 5
sub corrs 50
corrs 6
sub corrs 60
corrs 7
sub corrs 70
corrs 8
sub corrs 80
corrs 9
sub corrs 90
corrs 10
sub corrs 100
Optimization terminated successfully    (Exit mode 0)
            Current function value: 0.08524444444444451
            Iterations: 1
            Function evaluations: 2
            Gradient evaluations: 1
Optimization terminated successfully    (Exit mode 0)
            Current function value: 0.08414444444444451
            Iterations: 3
            Function evaluations: 20
            Gradient evaluations: 3
Optimization terminated successfully    (Exit mode 0)
            Current function value: 0.2748777777777777
            Iterations: 2
            Function evaluations: 20
            Gradient evaluations: 2
Optimization terminated successfully    (Exit mode 0)
            Current function value: 0.10503333333333341
            Iterations: 3
            Function evaluations: 28
            Gradient evaluations: 3
Optimization terminated successfully    (Exit mode 0)
            Current function value: 0.08524444444444451
            Iterations: 5
            Function evaluations: 41
            Gradient evaluations: 5
Optimization terminated successfully    (Exit mode 0)
            Current function value: 0.08388888888888896
            Iterations: 7
            Function evaluations: 62
            Gradient evaluations: 7
Optimization terminated successfully    (Exit mode 0)
            Current function value: 0.08945555555555561
            Iterations: 6
            Function evaluations: 60
            Gradient evaluations: 6
Optimization terminated successfully    (Exit mode 0)
            Current function value: 0.08700000000000005
            Iterations: 4
            Function evaluations: 49
            Gradient evaluations: 4
Optimization terminated successfully    (Exit mode 0)
            Current function value: 0.08321111111111118
            Iterations: 4
            Function evaluations: 51
            Gradient evaluations: 4
Optimization terminated successfully    (Exit mode 0)
            Current function value: 0.20381111111111097
            Iterations: 5
            Function evaluations: 67
            Gradient evaluations: 5
Optimization terminated successfully    (Exit mode 0)
            Current function value: 0.08355555555555562
            Iterations: 7
            Function evaluations: 101
            Gradient evaluations: 7
 Experiment complete. Results at: /mnt/beegfs/hellgate/home/tp183485/timecorr_trazzp/Cluster_Data/intact/intact_100_10_10_isfc_IncrementalPCA_5_gaussian.csv
