corrs 1
sub corrs 10
corrs 2
sub corrs 20
corrs 3
sub corrs 30
corrs 4
sub corrs 40
corrs 5
sub corrs 50
corrs 6
sub corrs 60
corrs 7
sub corrs 70
corrs 8
sub corrs 80
corrs 9
sub corrs 90
corrs 10
sub corrs 100
Optimization terminated successfully    (Exit mode 0)
            Current function value: 0.09657777777777789
            Iterations: 1
            Function evaluations: 2
            Gradient evaluations: 1
Optimization terminated successfully    (Exit mode 0)
            Current function value: 0.06230000000000005
            Iterations: 5
            Function evaluations: 28
            Gradient evaluations: 5
Optimization terminated successfully    (Exit mode 0)
            Current function value: 0.16617777777777784
            Iterations: 4
            Function evaluations: 27
            Gradient evaluations: 4
Optimization terminated successfully    (Exit mode 0)
            Current function value: 0.07571111111111113
            Iterations: 5
            Function evaluations: 36
            Gradient evaluations: 5
Optimization terminated successfully    (Exit mode 0)
            Current function value: 0.0096888888888889
            Iterations: 13
            Function evaluations: 107
            Gradient evaluations: 13
Optimization terminated successfully    (Exit mode 0)
            Current function value: 0.007866666666666678
            Iterations: 6
            Function evaluations: 59
            Gradient evaluations: 6
Optimization terminated successfully    (Exit mode 0)
            Current function value: 0.01222222222222223
            Iterations: 9
            Function evaluations: 88
            Gradient evaluations: 9
Optimization terminated successfully    (Exit mode 0)
            Current function value: 0.007422222222222232
            Iterations: 9
            Function evaluations: 99
            Gradient evaluations: 9
Optimization terminated successfully    (Exit mode 0)
            Current function value: 0.011733333333333342
            Iterations: 7
            Function evaluations: 83
            Gradient evaluations: 7
Optimization terminated successfully    (Exit mode 0)
            Current function value: 0.007633333333333343
            Iterations: 16
            Function evaluations: 201
            Gradient evaluations: 16
Optimization terminated successfully    (Exit mode 0)
            Current function value: 0.039755555555555544
            Iterations: 4
            Function evaluations: 59
            Gradient evaluations: 4
corrs 1
sub corrs 10
corrs 2
sub corrs 20
corrs 3
sub corrs 30
corrs 4
sub corrs 40
corrs 5
sub corrs 50
corrs 6
sub corrs 60
corrs 7
sub corrs 70
corrs 8
sub corrs 80
corrs 9
sub corrs 90
corrs 10
sub corrs 100
Optimization terminated successfully    (Exit mode 0)
            Current function value: 0.10467777777777793
            Iterations: 1
            Function evaluations: 2
            Gradient evaluations: 1
Optimization terminated successfully    (Exit mode 0)
            Current function value: 0.053522222222222325
            Iterations: 4
            Function evaluations: 24
            Gradient evaluations: 4
Optimization terminated successfully    (Exit mode 0)
            Current function value: 0.053522222222222325
            Iterations: 8
            Function evaluations: 43
            Gradient evaluations: 8
Optimization terminated successfully    (Exit mode 0)
            Current function value: 0.057722222222222196
            Iterations: 6
            Function evaluations: 45
            Gradient evaluations: 6
Optimization terminated successfully    (Exit mode 0)
            Current function value: 0.0057111111111111165
            Iterations: 12
            Function evaluations: 89
            Gradient evaluations: 12
Optimization terminated successfully    (Exit mode 0)
            Current function value: 0.007544444444444447
            Iterations: 5
            Function evaluations: 53
            Gradient evaluations: 5
Optimization terminated successfully    (Exit mode 0)
            Current function value: 0.011700000000000009
            Iterations: 13
            Function evaluations: 124
            Gradient evaluations: 13
Optimization terminated successfully    (Exit mode 0)
            Current function value: 0.0103888888888889
            Iterations: 3
            Function evaluations: 39
            Gradient evaluations: 3
Optimization terminated successfully    (Exit mode 0)
            Current function value: 0.005700000000000005
            Iterations: 12
            Function evaluations: 142
            Gradient evaluations: 12
Optimization terminated successfully    (Exit mode 0)
            Current function value: 0.007011111111111116
            Iterations: 8
            Function evaluations: 101
            Gradient evaluations: 8
Optimization terminated successfully    (Exit mode 0)
            Current function value: 0.018199999999999997
            Iterations: 10
            Function evaluations: 136
            Gradient evaluations: 10
 Experiment complete. Results at: /mnt/beegfs/hellgate/home/tp183485/timecorr_trazzp/Cluster_Data/intact/intact_700_10_10_isfc_PCA_50_mexican_hat.csv
