corrs 1
sub corrs 10
corrs 2
sub corrs 20
corrs 3
sub corrs 30
corrs 4
sub corrs 40
corrs 5
sub corrs 50
corrs 6
sub corrs 60
corrs 7
sub corrs 70
corrs 8
sub corrs 80
corrs 9
sub corrs 90
corrs 10
sub corrs 100
Optimization terminated successfully    (Exit mode 0)
            Current function value: 0.0859555555555556
            Iterations: 1
            Function evaluations: 2
            Gradient evaluations: 1
     rank  accuracy     error
0  0.9636  0.263333  0.085956
Optimization terminated successfully    (Exit mode 0)
            Current function value: 0.06153333333333337
            Iterations: 2
            Function evaluations: 6
            Gradient evaluations: 2
       rank  accuracy     error
0  0.973711      0.26  0.061533
Optimization terminated successfully    (Exit mode 0)
            Current function value: 0.045811111111111094
            Iterations: 6
            Function evaluations: 36
            Gradient evaluations: 6
       rank  accuracy     error
0  0.976067  0.276667  0.045811
Optimization terminated successfully    (Exit mode 0)
            Current function value: 0.04683333333333332
            Iterations: 11
            Function evaluations: 74
            Gradient evaluations: 11
       rank  accuracy     error
0  0.975778  0.276667  0.046833
Optimization terminated successfully    (Exit mode 0)
            Current function value: 0.04484444444444442
            Iterations: 9
            Function evaluations: 69
            Gradient evaluations: 9
       rank  accuracy     error
0  0.975411      0.28  0.044844
Optimization terminated successfully    (Exit mode 0)
            Current function value: 0.005255555555555561
            Iterations: 3
            Function evaluations: 35
            Gradient evaluations: 3
     rank  accuracy     error
0  0.9909  0.336667  0.005256
Optimization terminated successfully    (Exit mode 0)
            Current function value: 0.005144444444444452
            Iterations: 4
            Function evaluations: 43
            Gradient evaluations: 4
       rank  accuracy     error
0  0.992233      0.34  0.005144
Optimization terminated successfully    (Exit mode 0)
            Current function value: 0.005166666666666674
            Iterations: 7
            Function evaluations: 74
            Gradient evaluations: 7
       rank  accuracy     error
0  0.992356      0.33  0.005167
Optimization terminated successfully    (Exit mode 0)
            Current function value: 0.00484444444444445
            Iterations: 8
            Function evaluations: 91
            Gradient evaluations: 8
       rank  accuracy     error
0  0.991711  0.336667  0.004844
Optimization terminated successfully    (Exit mode 0)
            Current function value: 0.0051888888888888965
            Iterations: 5
            Function evaluations: 66
            Gradient evaluations: 5
       rank  accuracy     error
0  0.992256  0.336667  0.005189
Optimization terminated successfully    (Exit mode 0)
            Current function value: 0.0045888888888888915
            Iterations: 7
            Function evaluations: 98
            Gradient evaluations: 7
       rank  accuracy     error
0  0.992378  0.336667  0.004589
corrs 1
sub corrs 10
corrs 2
sub corrs 20
corrs 3
sub corrs 30
corrs 4
sub corrs 40
corrs 5
sub corrs 50
corrs 6
sub corrs 60
corrs 7
sub corrs 70
corrs 8
sub corrs 80
corrs 9
sub corrs 90
corrs 10
sub corrs 100
Optimization terminated successfully    (Exit mode 0)
            Current function value: 0.10785555555555566
            Iterations: 1
            Function evaluations: 2
            Gradient evaluations: 1
       rank  accuracy     error
0  0.963344  0.246667  0.107856
Optimization terminated successfully    (Exit mode 0)
            Current function value: 0.05532222222222227
            Iterations: 8
            Function evaluations: 37
            Gradient evaluations: 8
    rank  accuracy     error
0  0.973      0.26  0.055322
Optimization terminated successfully    (Exit mode 0)
            Current function value: 0.055600000000000045
            Iterations: 5
            Function evaluations: 32
            Gradient evaluations: 5
       rank  accuracy   error
0  0.973278      0.26  0.0556
Optimization terminated successfully    (Exit mode 0)
            Current function value: 0.055933333333333383
            Iterations: 8
            Function evaluations: 52
            Gradient evaluations: 8
       rank  accuracy     error
0  0.972789      0.26  0.055933
Optimization terminated successfully    (Exit mode 0)
            Current function value: 0.035666666666666645
            Iterations: 6
            Function evaluations: 48
            Gradient evaluations: 6
       rank  accuracy     error
0  0.976378      0.27  0.035667
Optimization terminated successfully    (Exit mode 0)
            Current function value: 0.005155555555555567
            Iterations: 8
            Function evaluations: 69
            Gradient evaluations: 8
       rank  accuracy     error
0  0.993333  0.366667  0.005156
Optimization terminated successfully    (Exit mode 0)
            Current function value: 0.005255555555555566
            Iterations: 6
            Function evaluations: 59
            Gradient evaluations: 6
       rank  accuracy     error
0  0.993256  0.366667  0.005256
Optimization terminated successfully    (Exit mode 0)
            Current function value: 0.005144444444444457
            Iterations: 6
            Function evaluations: 66
            Gradient evaluations: 6
       rank  accuracy     error
0  0.993289  0.356667  0.005144
Optimization terminated successfully    (Exit mode 0)
            Current function value: 0.0052444444444444595
            Iterations: 8
            Function evaluations: 93
            Gradient evaluations: 8
       rank  accuracy     error
0  0.992978  0.363333  0.005244
Optimization terminated successfully    (Exit mode 0)
            Current function value: 0.005166666666666679
            Iterations: 10
            Function evaluations: 124
            Gradient evaluations: 10
       rank  accuracy     error
0  0.992789  0.366667  0.005167
Optimization terminated successfully    (Exit mode 0)
            Current function value: 0.004977777777777788
            Iterations: 9
            Function evaluations: 124
            Gradient evaluations: 9
       rank  accuracy     error
0  0.993411  0.356667  0.004978
 Experiment complete. Results at: /mnt/beegfs/hellgate/home/tp183485/timecorr_trazzp/Cluster_Data/intact/intact_100_10_10_isfc_IncrementalPCA_45_laplace.csv
