corrs 1
sub corrs 10
corrs 2
sub corrs 20
corrs 3
sub corrs 30
corrs 4
sub corrs 40
corrs 5
sub corrs 50
corrs 6
sub corrs 60
corrs 7
sub corrs 70
corrs 8
sub corrs 80
corrs 9
sub corrs 90
corrs 10
sub corrs 100
Optimization terminated successfully    (Exit mode 0)
            Current function value: 0.10092222222222243
            Iterations: 1
            Function evaluations: 2
            Gradient evaluations: 1
       rank  accuracy     error
0  0.975722       0.3  0.100922
Optimization terminated successfully    (Exit mode 0)
            Current function value: 0.09976666666666686
            Iterations: 4
            Function evaluations: 13
            Gradient evaluations: 4
       rank  accuracy     error
0  0.975744       0.3  0.099767
Optimization terminated successfully    (Exit mode 0)
            Current function value: 0.09445555555555574
            Iterations: 4
            Function evaluations: 28
            Gradient evaluations: 4
       rank  accuracy     error
0  0.974856  0.286667  0.094456
Optimization terminated successfully    (Exit mode 0)
            Current function value: 0.03673333333333333
            Iterations: 9
            Function evaluations: 69
            Gradient evaluations: 9
       rank  accuracy     error
0  0.982556  0.306667  0.036733
Optimization terminated successfully    (Exit mode 0)
            Current function value: 0.04028888888888889
            Iterations: 10
            Function evaluations: 79
            Gradient evaluations: 10
       rank  accuracy     error
0  0.982022  0.316667  0.040289
Optimization terminated successfully    (Exit mode 0)
            Current function value: 0.041666666666666644
            Iterations: 7
            Function evaluations: 62
            Gradient evaluations: 7
     rank  accuracy     error
0  0.9819  0.303333  0.041667
Optimization terminated successfully    (Exit mode 0)
            Current function value: 0.041922222222222215
            Iterations: 13
            Function evaluations: 119
            Gradient evaluations: 13
       rank  accuracy     error
0  0.982133      0.32  0.041922
Optimization terminated successfully    (Exit mode 0)
            Current function value: 0.03834444444444443
            Iterations: 11
            Function evaluations: 116
            Gradient evaluations: 11
       rank  accuracy     error
0  0.982167  0.306667  0.038344
Optimization terminated successfully    (Exit mode 0)
            Current function value: 0.04105555555555556
            Iterations: 13
            Function evaluations: 147
            Gradient evaluations: 13
       rank  accuracy     error
0  0.980722      0.31  0.041056
Optimization terminated successfully    (Exit mode 0)
            Current function value: 0.0278111111111111
            Iterations: 15
            Function evaluations: 180
            Gradient evaluations: 15
       rank  accuracy     error
0  0.984044  0.336667  0.027811
Optimization terminated successfully    (Exit mode 0)
            Current function value: 0.03402222222222224
            Iterations: 12
            Function evaluations: 167
            Gradient evaluations: 12
       rank  accuracy     error
0  0.965911      0.29  0.034022
corrs 1
sub corrs 10
corrs 2
sub corrs 20
corrs 3
sub corrs 30
corrs 4
sub corrs 40
corrs 5
sub corrs 50
corrs 6
sub corrs 60
corrs 7
sub corrs 70
corrs 8
sub corrs 80
corrs 9
sub corrs 90
corrs 10
sub corrs 100
Optimization terminated successfully    (Exit mode 0)
            Current function value: 0.09175555555555569
            Iterations: 1
            Function evaluations: 2
            Gradient evaluations: 1
       rank  accuracy     error
0  0.974311  0.246667  0.091756
Optimization terminated successfully    (Exit mode 0)
            Current function value: 0.09175555555555569
            Iterations: 4
            Function evaluations: 12
            Gradient evaluations: 4
       rank  accuracy     error
0  0.974311  0.246667  0.091756
Optimization terminated successfully    (Exit mode 0)
            Current function value: 0.09175555555555569
            Iterations: 4
            Function evaluations: 16
            Gradient evaluations: 4
       rank  accuracy     error
0  0.974311  0.246667  0.091756
Optimization terminated successfully    (Exit mode 0)
            Current function value: 0.03742222222222219
            Iterations: 7
            Function evaluations: 50
            Gradient evaluations: 7
       rank  accuracy     error
0  0.980122      0.25  0.037422
Optimization terminated successfully    (Exit mode 0)
            Current function value: 0.032455555555555515
            Iterations: 6
            Function evaluations: 48
            Gradient evaluations: 6
       rank  accuracy     error
0  0.982133      0.26  0.032456
Optimization terminated successfully    (Exit mode 0)
            Current function value: 0.03279999999999998
            Iterations: 7
            Function evaluations: 62
            Gradient evaluations: 7
       rank  accuracy   error
0  0.981622  0.256667  0.0328
Optimization terminated successfully    (Exit mode 0)
            Current function value: 0.03629999999999997
            Iterations: 13
            Function evaluations: 119
            Gradient evaluations: 13
       rank  accuracy   error
0  0.981333  0.256667  0.0363
Optimization terminated successfully    (Exit mode 0)
            Current function value: 0.034411111111111094
            Iterations: 13
            Function evaluations: 131
            Gradient evaluations: 13
       rank  accuracy     error
0  0.981767      0.26  0.034411
Optimization terminated successfully    (Exit mode 0)
            Current function value: 0.03461111111111107
            Iterations: 9
            Function evaluations: 106
            Gradient evaluations: 9
       rank  accuracy     error
0  0.979789      0.26  0.034611
Optimization terminated successfully    (Exit mode 0)
            Current function value: 0.08977777777777783
            Iterations: 10
            Function evaluations: 126
            Gradient evaluations: 10
       rank  accuracy     error
0  0.912922  0.123333  0.089778
Optimization terminated successfully    (Exit mode 0)
            Current function value: 0.031466666666666636
            Iterations: 10
            Function evaluations: 132
            Gradient evaluations: 10
       rank  accuracy     error
0  0.982367  0.266667  0.031467
 Experiment complete. Results at: /mnt/beegfs/hellgate/home/tp183485/timecorr_trazzp/Cluster_Data/intact/intact_100_10_10_isfc_PCA_50_laplace.csv
