corrs 1
sub corrs 10
corrs 2
sub corrs 20
corrs 3
sub corrs 30
corrs 4
sub corrs 40
corrs 5
sub corrs 50
corrs 6
sub corrs 60
corrs 7
sub corrs 70
corrs 8
sub corrs 80
corrs 9
sub corrs 90
corrs 10
sub corrs 100
Optimization terminated successfully    (Exit mode 0)
            Current function value: 0.11017777777777785
            Iterations: 1
            Function evaluations: 2
            Gradient evaluations: 1
Optimization terminated successfully    (Exit mode 0)
            Current function value: 0.33815555555555593
            Iterations: 2
            Function evaluations: 17
            Gradient evaluations: 2
Optimization terminated successfully    (Exit mode 0)
            Current function value: 0.11017777777777785
            Iterations: 11
            Function evaluations: 46
            Gradient evaluations: 11
Optimization terminated successfully    (Exit mode 0)
            Current function value: 0.45247777777777753
            Iterations: 3
            Function evaluations: 26
            Gradient evaluations: 3
Optimization terminated successfully    (Exit mode 0)
            Current function value: 0.3242444444444446
            Iterations: 7
            Function evaluations: 63
            Gradient evaluations: 7
Optimization terminated successfully    (Exit mode 0)
            Current function value: 0.04656666666666668
            Iterations: 6
            Function evaluations: 55
            Gradient evaluations: 6
Optimization terminated successfully    (Exit mode 0)
            Current function value: 0.0490777777777778
            Iterations: 12
            Function evaluations: 111
            Gradient evaluations: 12
Optimization terminated successfully    (Exit mode 0)
            Current function value: 0.1331888888888889
            Iterations: 6
            Function evaluations: 70
            Gradient evaluations: 6
Optimization terminated successfully    (Exit mode 0)
            Current function value: 0.08744444444444453
            Iterations: 13
            Function evaluations: 157
            Gradient evaluations: 13
Optimization terminated successfully    (Exit mode 0)
            Current function value: 0.07938888888888894
            Iterations: 4
            Function evaluations: 59
            Gradient evaluations: 4
Optimization terminated successfully    (Exit mode 0)
            Current function value: 0.08035555555555553
            Iterations: 10
            Function evaluations: 147
            Gradient evaluations: 10
corrs 1
sub corrs 10
corrs 2
sub corrs 20
corrs 3
sub corrs 30
corrs 4
sub corrs 40
corrs 5
sub corrs 50
corrs 6
sub corrs 60
corrs 7
sub corrs 70
corrs 8
sub corrs 80
corrs 9
sub corrs 90
corrs 10
sub corrs 100
Optimization terminated successfully    (Exit mode 0)
            Current function value: 0.10872222222222235
            Iterations: 1
            Function evaluations: 2
            Gradient evaluations: 1
Optimization terminated successfully    (Exit mode 0)
            Current function value: 0.10177777777777794
            Iterations: 2
            Function evaluations: 18
            Gradient evaluations: 2
Optimization terminated successfully    (Exit mode 0)
            Current function value: 0.2863111111111106
            Iterations: 7
            Function evaluations: 41
            Gradient evaluations: 7
Optimization terminated successfully    (Exit mode 0)
            Current function value: 0.28636666666666627
            Iterations: 5
            Function evaluations: 36
            Gradient evaluations: 5
Optimization terminated successfully    (Exit mode 0)
            Current function value: 0.10872222222222235
            Iterations: 9
            Function evaluations: 55
            Gradient evaluations: 9
Optimization terminated successfully    (Exit mode 0)
            Current function value: 0.04490000000000002
            Iterations: 9
            Function evaluations: 78
            Gradient evaluations: 9
Optimization terminated successfully    (Exit mode 0)
            Current function value: 0.10665555555555557
            Iterations: 5
            Function evaluations: 55
            Gradient evaluations: 5
Optimization terminated successfully    (Exit mode 0)
            Current function value: 0.10406666666666674
            Iterations: 9
            Function evaluations: 97
            Gradient evaluations: 9
Optimization terminated successfully    (Exit mode 0)
            Current function value: 0.10278888888888887
            Iterations: 4
            Function evaluations: 55
            Gradient evaluations: 4
Optimization terminated successfully    (Exit mode 0)
            Current function value: 0.08657777777777785
            Iterations: 13
            Function evaluations: 163
            Gradient evaluations: 13
Optimization terminated successfully    (Exit mode 0)
            Current function value: 0.08576666666666677
            Iterations: 6
            Function evaluations: 83
            Gradient evaluations: 6
 Experiment complete. Results at: /mnt/beegfs/hellgate/home/tp183485/timecorr_trazzp/Cluster_Data/intact/intact_700_10_10_isfc_TruncatedSVD_45_mexican_hat.csv
