corrs 1
sub corrs 10
corrs 2
sub corrs 20
corrs 3
sub corrs 30
corrs 4
sub corrs 40
corrs 5
sub corrs 50
corrs 6
sub corrs 60
corrs 7
sub corrs 70
corrs 8
sub corrs 80
corrs 9
sub corrs 90
corrs 10
sub corrs 100
Optimization terminated successfully    (Exit mode 0)
            Current function value: 0.11866666666666663
            Iterations: 1
            Function evaluations: 2
            Gradient evaluations: 1
Optimization terminated successfully    (Exit mode 0)
            Current function value: 0.2103777777777777
            Iterations: 2
            Function evaluations: 17
            Gradient evaluations: 2
Optimization terminated successfully    (Exit mode 0)
            Current function value: 0.03314444444444445
            Iterations: 8
            Function evaluations: 47
            Gradient evaluations: 8
Optimization terminated successfully    (Exit mode 0)
            Current function value: 0.005488888888888899
            Iterations: 8
            Function evaluations: 56
            Gradient evaluations: 8
Optimization terminated successfully    (Exit mode 0)
            Current function value: 0.0049888888888888995
            Iterations: 2
            Function evaluations: 23
            Gradient evaluations: 2
Optimization terminated successfully    (Exit mode 0)
            Current function value: 0.004544444444444454
            Iterations: 4
            Function evaluations: 45
            Gradient evaluations: 4
Optimization terminated successfully    (Exit mode 0)
            Current function value: 0.004444444444444456
            Iterations: 8
            Function evaluations: 76
            Gradient evaluations: 8
Optimization terminated successfully    (Exit mode 0)
            Current function value: 0.004266666666666678
            Iterations: 7
            Function evaluations: 74
            Gradient evaluations: 7
Optimization terminated successfully    (Exit mode 0)
            Current function value: 0.0045000000000000135
            Iterations: 8
            Function evaluations: 91
            Gradient evaluations: 8
Optimization terminated successfully    (Exit mode 0)
            Current function value: 0.003577777777777779
            Iterations: 9
            Function evaluations: 110
            Gradient evaluations: 9
Optimization terminated successfully    (Exit mode 0)
            Current function value: 0.0040444444444444495
            Iterations: 5
            Function evaluations: 74
            Gradient evaluations: 5
corrs 1
sub corrs 10
corrs 2
sub corrs 20
corrs 3
sub corrs 30
corrs 4
sub corrs 40
corrs 5
sub corrs 50
corrs 6
sub corrs 60
corrs 7
sub corrs 70
corrs 8
sub corrs 80
corrs 9
sub corrs 90
corrs 10
sub corrs 100
Optimization terminated successfully    (Exit mode 0)
            Current function value: 0.09402222222222231
            Iterations: 1
            Function evaluations: 2
            Gradient evaluations: 1
Optimization terminated successfully    (Exit mode 0)
            Current function value: 0.09402222222222231
            Iterations: 3
            Function evaluations: 9
            Gradient evaluations: 3
Optimization terminated successfully    (Exit mode 0)
            Current function value: 0.03743333333333337
            Iterations: 6
            Function evaluations: 37
            Gradient evaluations: 6
Optimization terminated successfully    (Exit mode 0)
            Current function value: 0.004188888888888895
            Iterations: 6
            Function evaluations: 42
            Gradient evaluations: 6
Optimization terminated successfully    (Exit mode 0)
            Current function value: 0.0035666666666666655
            Iterations: 6
            Function evaluations: 49
            Gradient evaluations: 6
Optimization terminated successfully    (Exit mode 0)
            Current function value: 0.003977777777777782
            Iterations: 13
            Function evaluations: 105
            Gradient evaluations: 13
Optimization terminated successfully    (Exit mode 0)
            Current function value: 0.003811111111111112
            Iterations: 15
            Function evaluations: 140
            Gradient evaluations: 15
Optimization terminated successfully    (Exit mode 0)
            Current function value: 0.0036666666666666683
            Iterations: 8
            Function evaluations: 83
            Gradient evaluations: 8
Optimization terminated successfully    (Exit mode 0)
            Current function value: 0.003444444444444443
            Iterations: 10
            Function evaluations: 112
            Gradient evaluations: 10
Optimization terminated successfully    (Exit mode 0)
            Current function value: 0.0028222222222222173
            Iterations: 10
            Function evaluations: 121
            Gradient evaluations: 10
Optimization terminated successfully    (Exit mode 0)
            Current function value: 0.0029222222222222176
            Iterations: 8
            Function evaluations: 107
            Gradient evaluations: 8
 Experiment complete. Results at: /mnt/beegfs/hellgate/home/tp183485/timecorr_trazzp/Cluster_Data/intact/intact_700_10_10_isfc_PCA_35_laplace.csv
