corrs 1
sub corrs 10
corrs 2
sub corrs 20
corrs 3
sub corrs 30
corrs 4
sub corrs 40
corrs 5
sub corrs 50
corrs 6
sub corrs 60
corrs 7
sub corrs 70
corrs 8
sub corrs 80
corrs 9
sub corrs 90
corrs 10
sub corrs 100
Optimization terminated successfully    (Exit mode 0)
            Current function value: 0.11105555555555549
            Iterations: 1
            Function evaluations: 2
            Gradient evaluations: 1
       rank  accuracy     error
0  0.958678  0.256667  0.111056
Optimization terminated successfully    (Exit mode 0)
            Current function value: 0.10165555555555568
            Iterations: 4
            Function evaluations: 24
            Gradient evaluations: 4
       rank  accuracy     error
0  0.958033      0.25  0.101656
Optimization terminated successfully    (Exit mode 0)
            Current function value: 0.09898888888888902
            Iterations: 6
            Function evaluations: 35
            Gradient evaluations: 6
       rank  accuracy     error
0  0.956611  0.246667  0.098989
Optimization terminated successfully    (Exit mode 0)
            Current function value: 0.09946666666666681
            Iterations: 6
            Function evaluations: 41
            Gradient evaluations: 6
       rank  accuracy     error
0  0.958422  0.246667  0.099467
Optimization terminated successfully    (Exit mode 0)
            Current function value: 0.10434444444444455
            Iterations: 5
            Function evaluations: 41
            Gradient evaluations: 5
       rank  accuracy     error
0  0.959244      0.27  0.104344
Optimization terminated successfully    (Exit mode 0)
            Current function value: 0.10673333333333339
            Iterations: 4
            Function evaluations: 39
            Gradient evaluations: 4
       rank  accuracy     error
0  0.958778  0.256667  0.106733
Optimization terminated successfully    (Exit mode 0)
            Current function value: 0.1021666666666668
            Iterations: 5
            Function evaluations: 51
            Gradient evaluations: 5
       rank  accuracy     error
0  0.959611  0.256667  0.102167
Optimization terminated successfully    (Exit mode 0)
            Current function value: 0.10218888888888901
            Iterations: 5
            Function evaluations: 56
            Gradient evaluations: 5
       rank  accuracy     error
0  0.960944  0.266667  0.102189
Optimization terminated successfully    (Exit mode 0)
            Current function value: 0.10228888888888904
            Iterations: 5
            Function evaluations: 65
            Gradient evaluations: 5
       rank  accuracy     error
0  0.960033      0.25  0.102289
Optimization terminated successfully    (Exit mode 0)
            Current function value: 0.09990000000000013
            Iterations: 5
            Function evaluations: 66
            Gradient evaluations: 5
       rank  accuracy   error
0  0.961489  0.263333  0.0999
Optimization terminated successfully    (Exit mode 0)
            Current function value: 0.09627777777777785
            Iterations: 5
            Function evaluations: 73
            Gradient evaluations: 5
       rank  accuracy     error
0  0.958544  0.256667  0.096278
corrs 1
sub corrs 10
corrs 2
sub corrs 20
corrs 3
sub corrs 30
corrs 4
sub corrs 40
corrs 5
sub corrs 50
corrs 6
sub corrs 60
corrs 7
sub corrs 70
corrs 8
sub corrs 80
corrs 9
sub corrs 90
corrs 10
sub corrs 100
Optimization terminated successfully    (Exit mode 0)
            Current function value: 0.09386666666666678
            Iterations: 1
            Function evaluations: 2
            Gradient evaluations: 1
       rank  accuracy     error
0  0.956889  0.253333  0.093867
Optimization terminated successfully    (Exit mode 0)
            Current function value: 0.09386666666666678
            Iterations: 3
            Function evaluations: 9
            Gradient evaluations: 3
       rank  accuracy     error
0  0.956889  0.253333  0.093867
Optimization terminated successfully    (Exit mode 0)
            Current function value: 0.09174444444444456
            Iterations: 5
            Function evaluations: 33
            Gradient evaluations: 5
       rank  accuracy     error
0  0.956156      0.24  0.091744
Optimization terminated successfully    (Exit mode 0)
            Current function value: 0.08340000000000014
            Iterations: 6
            Function evaluations: 44
            Gradient evaluations: 6
       rank  accuracy   error
0  0.954756      0.26  0.0834
Optimization terminated successfully    (Exit mode 0)
            Current function value: 0.08696666666666676
            Iterations: 6
            Function evaluations: 48
            Gradient evaluations: 6
       rank  accuracy     error
0  0.957067      0.25  0.086967
Optimization terminated successfully    (Exit mode 0)
            Current function value: 0.08162222222222232
            Iterations: 3
            Function evaluations: 32
            Gradient evaluations: 3
       rank  accuracy     error
0  0.956344      0.26  0.081622
Optimization terminated successfully    (Exit mode 0)
            Current function value: 0.07977777777777786
            Iterations: 7
            Function evaluations: 68
            Gradient evaluations: 7
       rank  accuracy     error
0  0.958289  0.256667  0.079778
Optimization terminated successfully    (Exit mode 0)
            Current function value: 0.07558888888888897
            Iterations: 4
            Function evaluations: 47
            Gradient evaluations: 4
       rank  accuracy     error
0  0.955422      0.26  0.075589
Optimization terminated successfully    (Exit mode 0)
            Current function value: 0.07470000000000009
            Iterations: 4
            Function evaluations: 53
            Gradient evaluations: 4
       rank  accuracy   error
0  0.955878      0.26  0.0747
Optimization terminated successfully    (Exit mode 0)
            Current function value: 0.07213333333333342
            Iterations: 6
            Function evaluations: 78
            Gradient evaluations: 6
       rank  accuracy     error
0  0.956367  0.253333  0.072133
Optimization terminated successfully    (Exit mode 0)
            Current function value: 0.07298888888888898
            Iterations: 5
            Function evaluations: 73
            Gradient evaluations: 5
       rank  accuracy     error
0  0.956378  0.263333  0.072989
 Experiment complete. Results at: /mnt/beegfs/hellgate/home/tp183485/timecorr_trazzp/Cluster_Data/intact/intact_100_10_10_isfc_IncrementalPCA_10_gaussian.csv
