corrs 1
sub corrs 10
corrs 2
sub corrs 20
corrs 3
sub corrs 30
corrs 4
sub corrs 40
corrs 5
sub corrs 50
corrs 6
sub corrs 60
corrs 7
sub corrs 70
corrs 8
sub corrs 80
corrs 9
sub corrs 90
corrs 10
sub corrs 100
Optimization terminated successfully    (Exit mode 0)
            Current function value: 0.09671111111111126
            Iterations: 1
            Function evaluations: 2
            Gradient evaluations: 1
       rank  accuracy     error
0  0.967867      0.23  0.096711
Optimization terminated successfully    (Exit mode 0)
            Current function value: 0.09671111111111126
            Iterations: 3
            Function evaluations: 9
            Gradient evaluations: 3
       rank  accuracy     error
0  0.967867      0.23  0.096711
Optimization terminated successfully    (Exit mode 0)
            Current function value: 0.09671111111111126
            Iterations: 6
            Function evaluations: 35
            Gradient evaluations: 6
       rank  accuracy     error
0  0.967811      0.23  0.096711
Optimization terminated successfully    (Exit mode 0)
            Current function value: 0.08926666666666679
            Iterations: 6
            Function evaluations: 42
            Gradient evaluations: 6
       rank  accuracy     error
0  0.967333  0.236667  0.089267
Optimization terminated successfully    (Exit mode 0)
            Current function value: 0.09025555555555567
            Iterations: 6
            Function evaluations: 47
            Gradient evaluations: 6
       rank  accuracy     error
0  0.966378  0.233333  0.090256
Optimization terminated successfully    (Exit mode 0)
            Current function value: 0.043355555555555585
            Iterations: 10
            Function evaluations: 84
            Gradient evaluations: 10
       rank  accuracy     error
0  0.973756  0.246667  0.043356
Optimization terminated successfully    (Exit mode 0)
            Current function value: 0.043566666666666705
            Iterations: 9
            Function evaluations: 88
            Gradient evaluations: 9
       rank  accuracy     error
0  0.973367  0.246667  0.043567
Optimization terminated successfully    (Exit mode 0)
            Current function value: 0.04270000000000003
            Iterations: 10
            Function evaluations: 105
            Gradient evaluations: 10
       rank  accuracy   error
0  0.973656  0.256667  0.0427
Optimization terminated successfully    (Exit mode 0)
            Current function value: 0.04431111111111115
            Iterations: 9
            Function evaluations: 106
            Gradient evaluations: 9
       rank  accuracy     error
0  0.973067  0.246667  0.044311
Optimization terminated successfully    (Exit mode 0)
            Current function value: 0.04040000000000003
            Iterations: 10
            Function evaluations: 128
            Gradient evaluations: 10
       rank  accuracy   error
0  0.975822      0.25  0.0404
Optimization terminated successfully    (Exit mode 0)
            Current function value: 0.037277777777777764
            Iterations: 10
            Function evaluations: 138
            Gradient evaluations: 10
       rank  accuracy     error
0  0.978356  0.253333  0.037278
corrs 1
sub corrs 10
corrs 2
sub corrs 20
corrs 3
sub corrs 30
corrs 4
sub corrs 40
corrs 5
sub corrs 50
corrs 6
sub corrs 60
corrs 7
sub corrs 70
corrs 8
sub corrs 80
corrs 9
sub corrs 90
corrs 10
sub corrs 100
Optimization terminated successfully    (Exit mode 0)
            Current function value: 0.08305555555555559
            Iterations: 1
            Function evaluations: 2
            Gradient evaluations: 1
       rank  accuracy     error
0  0.968511  0.283333  0.083056
Optimization terminated successfully    (Exit mode 0)
            Current function value: 0.164022222222222
            Iterations: 1
            Function evaluations: 14
            Gradient evaluations: 1
     rank  accuracy     error
0  0.9022      0.16  0.164022
Optimization terminated successfully    (Exit mode 0)
            Current function value: 0.08305555555555559
            Iterations: 4
            Function evaluations: 16
            Gradient evaluations: 4
       rank  accuracy     error
0  0.968511  0.283333  0.083056
Optimization terminated successfully    (Exit mode 0)
            Current function value: 0.07892222222222228
            Iterations: 4
            Function evaluations: 32
            Gradient evaluations: 4
       rank  accuracy     error
0  0.967944      0.29  0.078922
Optimization terminated successfully    (Exit mode 0)
            Current function value: 0.08305555555555559
            Iterations: 4
            Function evaluations: 35
            Gradient evaluations: 4
       rank  accuracy     error
0  0.968511  0.283333  0.083056
Optimization terminated successfully    (Exit mode 0)
            Current function value: 0.04301111111111114
            Iterations: 8
            Function evaluations: 68
            Gradient evaluations: 8
       rank  accuracy     error
0  0.974656      0.29  0.043011
Optimization terminated successfully    (Exit mode 0)
            Current function value: 0.04313333333333333
            Iterations: 7
            Function evaluations: 69
            Gradient evaluations: 7
       rank  accuracy     error
0  0.975156      0.29  0.043133
Optimization terminated successfully    (Exit mode 0)
            Current function value: 0.039444444444444456
            Iterations: 9
            Function evaluations: 96
            Gradient evaluations: 9
       rank  accuracy     error
0  0.974856  0.296667  0.039444
Optimization terminated successfully    (Exit mode 0)
            Current function value: 0.045788888888888914
            Iterations: 4
            Function evaluations: 51
            Gradient evaluations: 4
       rank  accuracy     error
0  0.972511      0.29  0.045789
Optimization terminated successfully    (Exit mode 0)
            Current function value: 0.0377222222222222
            Iterations: 8
            Function evaluations: 103
            Gradient evaluations: 8
       rank  accuracy     error
0  0.977111      0.29  0.037722
Optimization terminated successfully    (Exit mode 0)
            Current function value: 0.03679999999999998
            Iterations: 7
            Function evaluations: 98
            Gradient evaluations: 7
       rank  accuracy   error
0  0.978089  0.296667  0.0368
 Experiment complete. Results at: /mnt/beegfs/hellgate/home/tp183485/timecorr_trazzp/Cluster_Data/intact/intact_100_10_10_isfc_TruncatedSVD_25_laplace.csv
