corrs 1
sub corrs 10
corrs 2
sub corrs 20
corrs 3
sub corrs 30
corrs 4
sub corrs 40
corrs 5
sub corrs 50
corrs 6
sub corrs 60
corrs 7
sub corrs 70
corrs 8
sub corrs 80
corrs 9
sub corrs 90
corrs 10
sub corrs 100
Optimization terminated successfully    (Exit mode 0)
            Current function value: 0.08046666666666687
            Iterations: 1
            Function evaluations: 2
            Gradient evaluations: 1
Optimization terminated successfully    (Exit mode 0)
            Current function value: 0.0800000000000002
            Iterations: 6
            Function evaluations: 30
            Gradient evaluations: 6
Optimization terminated successfully    (Exit mode 0)
            Current function value: 0.004099999999999999
            Iterations: 6
            Function evaluations: 35
            Gradient evaluations: 6
Optimization terminated successfully    (Exit mode 0)
            Current function value: 0.004366666666666674
            Iterations: 1
            Function evaluations: 16
            Gradient evaluations: 1
Optimization terminated successfully    (Exit mode 0)
            Current function value: 0.004200000000000004
            Iterations: 7
            Function evaluations: 53
            Gradient evaluations: 7
Optimization terminated successfully    (Exit mode 0)
            Current function value: 0.004255555555555562
            Iterations: 6
            Function evaluations: 54
            Gradient evaluations: 6
Optimization terminated successfully    (Exit mode 0)
            Current function value: 0.004188888888888893
            Iterations: 7
            Function evaluations: 57
            Gradient evaluations: 7
Optimization terminated successfully    (Exit mode 0)
            Current function value: 0.004222222222222226
            Iterations: 8
            Function evaluations: 84
            Gradient evaluations: 8
Optimization terminated successfully    (Exit mode 0)
            Current function value: 0.004466666666666671
            Iterations: 6
            Function evaluations: 76
            Gradient evaluations: 6
Optimization terminated successfully    (Exit mode 0)
            Current function value: 0.0042000000000000015
            Iterations: 2
            Function evaluations: 35
            Gradient evaluations: 2
Optimization terminated successfully    (Exit mode 0)
            Current function value: 0.004211111111111115
            Iterations: 9
            Function evaluations: 109
            Gradient evaluations: 9
corrs 1
sub corrs 10
corrs 2
sub corrs 20
corrs 3
sub corrs 30
corrs 4
sub corrs 40
corrs 5
sub corrs 50
corrs 6
sub corrs 60
corrs 7
sub corrs 70
corrs 8
sub corrs 80
corrs 9
sub corrs 90
corrs 10
sub corrs 100
Optimization terminated successfully    (Exit mode 0)
            Current function value: 0.09604444444444456
            Iterations: 1
            Function evaluations: 2
            Gradient evaluations: 1
Optimization terminated successfully    (Exit mode 0)
            Current function value: 0.07742222222222232
            Iterations: 5
            Function evaluations: 29
            Gradient evaluations: 5
Optimization terminated successfully    (Exit mode 0)
            Current function value: 0.004322222222222225
            Iterations: 7
            Function evaluations: 40
            Gradient evaluations: 7
Optimization terminated successfully    (Exit mode 0)
            Current function value: 0.004144444444444446
            Iterations: 6
            Function evaluations: 30
            Gradient evaluations: 6
Optimization terminated successfully    (Exit mode 0)
            Current function value: 0.004233333333333334
            Iterations: 12
            Function evaluations: 86
            Gradient evaluations: 12
Optimization terminated successfully    (Exit mode 0)
            Current function value: 0.0042444444444444465
            Iterations: 5
            Function evaluations: 48
            Gradient evaluations: 5
Optimization terminated successfully    (Exit mode 0)
            Current function value: 0.004244444444444446
            Iterations: 8
            Function evaluations: 75
            Gradient evaluations: 8
Optimization terminated successfully    (Exit mode 0)
            Current function value: 0.004
            Iterations: 10
            Function evaluations: 103
            Gradient evaluations: 10
Optimization terminated successfully    (Exit mode 0)
            Current function value: 0.004277777777777779
            Iterations: 6
            Function evaluations: 71
            Gradient evaluations: 6
Optimization terminated successfully    (Exit mode 0)
            Current function value: 0.004333333333333335
            Iterations: 9
            Function evaluations: 111
            Gradient evaluations: 9
Optimization terminated successfully    (Exit mode 0)
            Current function value: 0.007544444444444454
            Iterations: 2
            Function evaluations: 35
            Gradient evaluations: 2
 Experiment complete. Results at: /mnt/beegfs/hellgate/home/tp183485/timecorr_trazzp/Cluster_Data/intact/intact_100_10_10_isfc_TruncatedSVD_50_laplace.csv
