corrs 1
sub corrs 10
corrs 2
sub corrs 20
corrs 3
sub corrs 30
corrs 4
sub corrs 40
corrs 5
sub corrs 50
corrs 6
sub corrs 60
corrs 7
sub corrs 70
corrs 8
sub corrs 80
corrs 9
sub corrs 90
corrs 10
sub corrs 100
Optimization terminated successfully    (Exit mode 0)
            Current function value: 0.06752222222222233
            Iterations: 1
            Function evaluations: 2
            Gradient evaluations: 1
       rank  accuracy     error
0  0.972867      0.28  0.067522
Optimization terminated successfully    (Exit mode 0)
            Current function value: 0.06752222222222233
            Iterations: 4
            Function evaluations: 12
            Gradient evaluations: 4
       rank  accuracy     error
0  0.972867      0.28  0.067522
Optimization terminated successfully    (Exit mode 0)
            Current function value: 0.023166666666666606
            Iterations: 5
            Function evaluations: 31
            Gradient evaluations: 5
       rank  accuracy     error
0  0.981356  0.293333  0.023167
Optimization terminated successfully    (Exit mode 0)
            Current function value: 0.02304444444444438
            Iterations: 5
            Function evaluations: 37
            Gradient evaluations: 5
       rank  accuracy     error
0  0.981333  0.293333  0.023044
Optimization terminated successfully    (Exit mode 0)
            Current function value: 0.02363333333333327
            Iterations: 6
            Function evaluations: 49
            Gradient evaluations: 6
       rank  accuracy     error
0  0.981389      0.29  0.023633
Optimization terminated successfully    (Exit mode 0)
            Current function value: 0.02371111111111105
            Iterations: 7
            Function evaluations: 60
            Gradient evaluations: 7
       rank  accuracy     error
0  0.981344  0.293333  0.023711
Optimization terminated successfully    (Exit mode 0)
            Current function value: 0.019588888888888826
            Iterations: 8
            Function evaluations: 85
            Gradient evaluations: 8
       rank  accuracy     error
0  0.981544  0.296667  0.019589
Optimization terminated successfully    (Exit mode 0)
            Current function value: 0.023655555555555496
            Iterations: 7
            Function evaluations: 74
            Gradient evaluations: 7
       rank  accuracy     error
0  0.980533  0.283333  0.023656
Optimization terminated successfully    (Exit mode 0)
            Current function value: 0.021933333333333273
            Iterations: 11
            Function evaluations: 125
            Gradient evaluations: 11
       rank  accuracy     error
0  0.981311  0.293333  0.021933
Optimization terminated successfully    (Exit mode 0)
            Current function value: 0.022355555555555493
            Iterations: 9
            Function evaluations: 110
            Gradient evaluations: 9
       rank  accuracy     error
0  0.981356  0.296667  0.022356
Optimization terminated successfully    (Exit mode 0)
            Current function value: 0.022355555555555493
            Iterations: 11
            Function evaluations: 143
            Gradient evaluations: 11
     rank  accuracy     error
0  0.9813  0.296667  0.022356
corrs 1
sub corrs 10
corrs 2
sub corrs 20
corrs 3
sub corrs 30
corrs 4
sub corrs 40
corrs 5
sub corrs 50
corrs 6
sub corrs 60
corrs 7
sub corrs 70
corrs 8
sub corrs 80
corrs 9
sub corrs 90
corrs 10
sub corrs 100
Optimization terminated successfully    (Exit mode 0)
            Current function value: 0.06800000000000002
            Iterations: 1
            Function evaluations: 2
            Gradient evaluations: 1
       rank  accuracy  error
0  0.972956  0.303333  0.068
Optimization terminated successfully    (Exit mode 0)
            Current function value: 0.06506666666666668
            Iterations: 4
            Function evaluations: 24
            Gradient evaluations: 4
       rank  accuracy     error
0  0.973278  0.303333  0.065067
Optimization terminated successfully    (Exit mode 0)
            Current function value: 0.02527777777777776
            Iterations: 7
            Function evaluations: 43
            Gradient evaluations: 7
       rank  accuracy     error
0  0.980344      0.32  0.025278
Optimization terminated successfully    (Exit mode 0)
            Current function value: 0.0253222222222222
            Iterations: 6
            Function evaluations: 42
            Gradient evaluations: 6
       rank  accuracy     error
0  0.980122  0.316667  0.025322
Optimization terminated successfully    (Exit mode 0)
            Current function value: 0.025288888888888868
            Iterations: 6
            Function evaluations: 49
            Gradient evaluations: 6
       rank  accuracy     error
0  0.980467      0.31  0.025289
Optimization terminated successfully    (Exit mode 0)
            Current function value: 0.025288888888888868
            Iterations: 6
            Function evaluations: 54
            Gradient evaluations: 6
       rank  accuracy     error
0  0.980444      0.31  0.025289
Optimization terminated successfully    (Exit mode 0)
            Current function value: 0.023522222222222194
            Iterations: 7
            Function evaluations: 68
            Gradient evaluations: 7
       rank  accuracy     error
0  0.980478  0.313333  0.023522
Optimization terminated successfully    (Exit mode 0)
            Current function value: 0.022755555555555536
            Iterations: 8
            Function evaluations: 84
            Gradient evaluations: 8
       rank  accuracy     error
0  0.980533  0.323333  0.022756
Optimization terminated successfully    (Exit mode 0)
            Current function value: 0.023499999999999965
            Iterations: 6
            Function evaluations: 73
            Gradient evaluations: 6
       rank  accuracy   error
0  0.980022      0.31  0.0235
Optimization terminated successfully    (Exit mode 0)
            Current function value: 0.024188888888888857
            Iterations: 12
            Function evaluations: 151
            Gradient evaluations: 12
       rank  accuracy     error
0  0.980178  0.313333  0.024189
Optimization terminated successfully    (Exit mode 0)
            Current function value: 0.022877777777777754
            Iterations: 6
            Function evaluations: 83
            Gradient evaluations: 6
       rank  accuracy     error
0  0.981456  0.306667  0.022878
 Experiment complete. Results at: /mnt/beegfs/hellgate/home/tp183485/timecorr_trazzp/Cluster_Data/intact/intact_100_10_10_isfc_TruncatedSVD_45_laplace.csv
