corrs 1
sub corrs 10
corrs 2
sub corrs 20
corrs 3
sub corrs 30
corrs 4
sub corrs 40
corrs 5
sub corrs 50
corrs 6
sub corrs 60
corrs 7
sub corrs 70
corrs 8
sub corrs 80
corrs 9
sub corrs 90
corrs 10
sub corrs 100
Optimization terminated successfully    (Exit mode 0)
            Current function value: 0.17651113754325243
            Iterations: 1
            Function evaluations: 2
            Gradient evaluations: 1
Optimization terminated successfully    (Exit mode 0)
            Current function value: 0.16468425605536316
            Iterations: 1
            Function evaluations: 14
            Gradient evaluations: 1
Optimization terminated successfully    (Exit mode 0)
            Current function value: 0.16591425173010363
            Iterations: 4
            Function evaluations: 30
            Gradient evaluations: 4
Optimization terminated successfully    (Exit mode 0)
            Current function value: 0.17156412197231816
            Iterations: 7
            Function evaluations: 53
            Gradient evaluations: 7
Optimization terminated successfully    (Exit mode 0)
            Current function value: 0.16461667387543236
            Iterations: 5
            Function evaluations: 42
            Gradient evaluations: 5
Optimization terminated successfully    (Exit mode 0)
            Current function value: 0.17441608996539773
            Iterations: 8
            Function evaluations: 68
            Gradient evaluations: 8
Optimization terminated successfully    (Exit mode 0)
            Current function value: 0.16533304498269888
            Iterations: 11
            Function evaluations: 105
            Gradient evaluations: 11
Optimization terminated successfully    (Exit mode 0)
            Current function value: 0.24822934688581308
            Iterations: 4
            Function evaluations: 50
            Gradient evaluations: 4
Optimization terminated successfully    (Exit mode 0)
            Current function value: 0.1726995025951555
            Iterations: 6
            Function evaluations: 73
            Gradient evaluations: 6
Optimization terminated successfully    (Exit mode 0)
            Current function value: 0.15804768598615904
            Iterations: 9
            Function evaluations: 116
            Gradient evaluations: 9
Optimization terminated successfully    (Exit mode 0)
            Current function value: 0.1580612024221452
            Iterations: 7
            Function evaluations: 96
            Gradient evaluations: 7
corrs 1
sub corrs 10
corrs 2
sub corrs 20
corrs 3
sub corrs 30
corrs 4
sub corrs 40
corrs 5
sub corrs 50
corrs 6
sub corrs 60
corrs 7
sub corrs 70
corrs 8
sub corrs 80
corrs 9
sub corrs 90
corrs 10
sub corrs 100
Optimization terminated successfully    (Exit mode 0)
            Current function value: 0.185310337370242
            Iterations: 1
            Function evaluations: 2
            Gradient evaluations: 1
Optimization terminated successfully    (Exit mode 0)
            Current function value: 0.18306660899653954
            Iterations: 5
            Function evaluations: 26
            Gradient evaluations: 5
Optimization terminated successfully    (Exit mode 0)
            Current function value: 0.185310337370242
            Iterations: 3
            Function evaluations: 23
            Gradient evaluations: 3
Optimization terminated successfully    (Exit mode 0)
            Current function value: 0.2018139057093423
            Iterations: 8
            Function evaluations: 56
            Gradient evaluations: 8
Optimization terminated successfully    (Exit mode 0)
            Current function value: 0.1772680579584772
            Iterations: 6
            Function evaluations: 47
            Gradient evaluations: 6
Optimization terminated successfully    (Exit mode 0)
            Current function value: 0.22987402681660885
            Iterations: 4
            Function evaluations: 41
            Gradient evaluations: 4
Optimization terminated successfully    (Exit mode 0)
            Current function value: 0.18359374999999975
            Iterations: 7
            Function evaluations: 69
            Gradient evaluations: 7
Optimization terminated successfully    (Exit mode 0)
            Current function value: 0.24245782871972305
            Iterations: 6
            Function evaluations: 65
            Gradient evaluations: 6
Optimization terminated successfully    (Exit mode 0)
            Current function value: 0.18481022923875406
            Iterations: 9
            Function evaluations: 104
            Gradient evaluations: 9
Optimization terminated successfully    (Exit mode 0)
            Current function value: 0.16913116349480944
            Iterations: 10
            Function evaluations: 122
            Gradient evaluations: 10
Optimization terminated successfully    (Exit mode 0)
            Current function value: 0.2775600129757784
            Iterations: 4
            Function evaluations: 59
            Gradient evaluations: 4
 Experiment complete. Results at: /mnt/beegfs/hellgate/home/tp183485/timecorr_trazzp/Cluster_Data/paragraph/paragraph_100_10_10_isfc_TruncatedSVD_10_gaussian.csv
