corrs 1
sub corrs 10
corrs 2
sub corrs 20
corrs 3
sub corrs 30
corrs 4
sub corrs 40
corrs 5
sub corrs 50
corrs 6
sub corrs 60
corrs 7
sub corrs 70
corrs 8
sub corrs 80
corrs 9
sub corrs 90
corrs 10
sub corrs 100
Optimization terminated successfully    (Exit mode 0)
            Current function value: 0.22030439013840797
            Iterations: 1
            Function evaluations: 2
            Gradient evaluations: 1
Optimization terminated successfully    (Exit mode 0)
            Current function value: 0.3054849697231834
            Iterations: 5
            Function evaluations: 26
            Gradient evaluations: 5
Optimization terminated successfully    (Exit mode 0)
            Current function value: 0.29257677335640114
            Iterations: 8
            Function evaluations: 49
            Gradient evaluations: 8
Optimization terminated successfully    (Exit mode 0)
            Current function value: 0.22030439013840797
            Iterations: 14
            Function evaluations: 74
            Gradient evaluations: 14
Optimization terminated successfully    (Exit mode 0)
            Current function value: 0.22030439013840797
            Iterations: 7
            Function evaluations: 53
            Gradient evaluations: 7
Optimization terminated successfully    (Exit mode 0)
            Current function value: 0.2878865700692039
            Iterations: 5
            Function evaluations: 48
            Gradient evaluations: 5
Optimization terminated successfully    (Exit mode 0)
            Current function value: 0.015408737024221505
            Iterations: 9
            Function evaluations: 86
            Gradient evaluations: 9
Optimization terminated successfully    (Exit mode 0)
            Current function value: 0.016598183391003524
            Iterations: 5
            Function evaluations: 56
            Gradient evaluations: 5
Optimization terminated successfully    (Exit mode 0)
            Current function value: 0.014638300173010427
            Iterations: 11
            Function evaluations: 122
            Gradient evaluations: 11
Optimization terminated successfully    (Exit mode 0)
            Current function value: 0.014678849480968911
            Iterations: 8
            Function evaluations: 99
            Gradient evaluations: 8
Optimization terminated successfully    (Exit mode 0)
            Current function value: 0.015327638408304556
            Iterations: 4
            Function evaluations: 69
            Gradient evaluations: 4
corrs 1
sub corrs 10
corrs 2
sub corrs 20
corrs 3
sub corrs 30
corrs 4
sub corrs 40
corrs 5
sub corrs 50
corrs 6
sub corrs 60
corrs 7
sub corrs 70
corrs 8
sub corrs 80
corrs 9
sub corrs 90
corrs 10
sub corrs 100
Optimization terminated successfully    (Exit mode 0)
            Current function value: 0.19289305795847728
            Iterations: 1
            Function evaluations: 2
            Gradient evaluations: 1
Optimization terminated successfully    (Exit mode 0)
            Current function value: 0.20011083477508623
            Iterations: 2
            Function evaluations: 17
            Gradient evaluations: 2
Optimization terminated successfully    (Exit mode 0)
            Current function value: 0.48792982266435947
            Iterations: 3
            Function evaluations: 23
            Gradient evaluations: 3
Optimization terminated successfully    (Exit mode 0)
            Current function value: 0.49640462802768137
            Iterations: 3
            Function evaluations: 26
            Gradient evaluations: 3
Optimization terminated successfully    (Exit mode 0)
            Current function value: 0.4787521626297578
            Iterations: 7
            Function evaluations: 57
            Gradient evaluations: 7
Optimization terminated successfully    (Exit mode 0)
            Current function value: 0.38108239619377166
            Iterations: 6
            Function evaluations: 55
            Gradient evaluations: 6
Optimization terminated successfully    (Exit mode 0)
            Current function value: 0.013719182525951607
            Iterations: 11
            Function evaluations: 103
            Gradient evaluations: 11
Optimization terminated successfully    (Exit mode 0)
            Current function value: 0.015597967128027735
            Iterations: 2
            Function evaluations: 29
            Gradient evaluations: 2
Optimization terminated successfully    (Exit mode 0)
            Current function value: 0.013408304498269949
            Iterations: 9
            Function evaluations: 102
            Gradient evaluations: 9
Optimization terminated successfully    (Exit mode 0)
            Current function value: 0.017814662629757838
            Iterations: 5
            Function evaluations: 66
            Gradient evaluations: 5
Optimization terminated successfully    (Exit mode 0)
            Current function value: 0.017611916089965457
            Iterations: 5
            Function evaluations: 73
            Gradient evaluations: 5
 Experiment complete. Results at: /mnt/beegfs/hellgate/home/tp183485/timecorr_trazzp/Cluster_Data/paragraph/paragraph_100_10_10_isfc_TruncatedSVD_40_laplace.csv
