corrs 1
sub corrs 10
corrs 2
sub corrs 20
corrs 3
sub corrs 30
corrs 4
sub corrs 40
corrs 5
sub corrs 50
corrs 6
sub corrs 60
corrs 7
sub corrs 70
corrs 8
sub corrs 80
corrs 9
sub corrs 90
corrs 10
sub corrs 100
Optimization terminated successfully    (Exit mode 0)
            Current function value: 0.18056606833910022
            Iterations: 1
            Function evaluations: 2
            Gradient evaluations: 1
Optimization terminated successfully    (Exit mode 0)
            Current function value: 0.18056606833910022
            Iterations: 2
            Function evaluations: 6
            Gradient evaluations: 2
Optimization terminated successfully    (Exit mode 0)
            Current function value: 0.30322772491349487
            Iterations: 1
            Function evaluations: 15
            Gradient evaluations: 1
Optimization terminated successfully    (Exit mode 0)
            Current function value: 0.15273572664359858
            Iterations: 4
            Function evaluations: 31
            Gradient evaluations: 4
Optimization terminated successfully    (Exit mode 0)
            Current function value: 0.22098021193771622
            Iterations: 4
            Function evaluations: 39
            Gradient evaluations: 4
Optimization terminated successfully    (Exit mode 0)
            Current function value: 0.20945069204152247
            Iterations: 6
            Function evaluations: 57
            Gradient evaluations: 6
Optimization terminated successfully    (Exit mode 0)
            Current function value: 0.13646193771626275
            Iterations: 9
            Function evaluations: 87
            Gradient evaluations: 9
Optimization terminated successfully    (Exit mode 0)
            Current function value: 0.18762164792387542
            Iterations: 8
            Function evaluations: 85
            Gradient evaluations: 8
Optimization terminated successfully    (Exit mode 0)
            Current function value: 0.2074232266435985
            Iterations: 7
            Function evaluations: 82
            Gradient evaluations: 7
Optimization terminated successfully    (Exit mode 0)
            Current function value: 0.16246756055363315
            Iterations: 5
            Function evaluations: 66
            Gradient evaluations: 5
Optimization terminated successfully    (Exit mode 0)
            Current function value: 0.1294874567474046
            Iterations: 5
            Function evaluations: 72
            Gradient evaluations: 5
corrs 1
sub corrs 10
corrs 2
sub corrs 20
corrs 3
sub corrs 30
corrs 4
sub corrs 40
corrs 5
sub corrs 50
corrs 6
sub corrs 60
corrs 7
sub corrs 70
corrs 8
sub corrs 80
corrs 9
sub corrs 90
corrs 10
sub corrs 100
Optimization terminated successfully    (Exit mode 0)
            Current function value: 0.1880001081314877
            Iterations: 1
            Function evaluations: 2
            Gradient evaluations: 1
Optimization terminated successfully    (Exit mode 0)
            Current function value: 0.1880001081314877
            Iterations: 3
            Function evaluations: 9
            Gradient evaluations: 3
Optimization terminated successfully    (Exit mode 0)
            Current function value: 0.15338451557093413
            Iterations: 7
            Function evaluations: 43
            Gradient evaluations: 7
Optimization terminated successfully    (Exit mode 0)
            Current function value: 0.29329314446366755
            Iterations: 3
            Function evaluations: 28
            Gradient evaluations: 3
Optimization terminated successfully    (Exit mode 0)
            Current function value: 0.19024383650519022
            Iterations: 8
            Function evaluations: 62
            Gradient evaluations: 8
Optimization terminated successfully    (Exit mode 0)
            Current function value: 0.14546388408304486
            Iterations: 3
            Function evaluations: 32
            Gradient evaluations: 3
Optimization terminated successfully    (Exit mode 0)
            Current function value: 0.12564878892733564
            Iterations: 9
            Function evaluations: 87
            Gradient evaluations: 9
Optimization terminated successfully    (Exit mode 0)
            Current function value: 0.11317311851211075
            Iterations: 9
            Function evaluations: 97
            Gradient evaluations: 9
Optimization terminated successfully    (Exit mode 0)
            Current function value: 0.0964262543252596
            Iterations: 10
            Function evaluations: 124
            Gradient evaluations: 10
Optimization terminated successfully    (Exit mode 0)
            Current function value: 0.11033466695501737
            Iterations: 9
            Function evaluations: 114
            Gradient evaluations: 9
Optimization terminated successfully    (Exit mode 0)
            Current function value: 0.10049470155709347
            Iterations: 6
            Function evaluations: 88
            Gradient evaluations: 6
 Experiment complete. Results at: /mnt/beegfs/hellgate/home/tp183485/timecorr_trazzp/Cluster_Data/paragraph/paragraph_700_10_10_isfc_TruncatedSVD_20_gaussian.csv
