corrs 1
sub corrs 10
corrs 2
sub corrs 20
corrs 3
sub corrs 30
corrs 4
sub corrs 40
corrs 5
sub corrs 50
corrs 6
sub corrs 60
corrs 7
sub corrs 70
corrs 8
sub corrs 80
corrs 9
sub corrs 90
corrs 10
sub corrs 100
Optimization terminated successfully    (Exit mode 0)
            Current function value: 0.1836478157439445
            Iterations: 1
            Function evaluations: 2
            Gradient evaluations: 1
Optimization terminated successfully    (Exit mode 0)
            Current function value: 0.28399383650518994
            Iterations: 1
            Function evaluations: 14
            Gradient evaluations: 1
Optimization terminated successfully    (Exit mode 0)
            Current function value: 0.008434256055363335
            Iterations: 7
            Function evaluations: 40
            Gradient evaluations: 7
Optimization terminated successfully    (Exit mode 0)
            Current function value: 0.008380190311418699
            Iterations: 8
            Function evaluations: 52
            Gradient evaluations: 8
Optimization terminated successfully    (Exit mode 0)
            Current function value: 0.008393706747404858
            Iterations: 5
            Function evaluations: 42
            Gradient evaluations: 5
Optimization terminated successfully    (Exit mode 0)
            Current function value: 0.008569420415224929
            Iterations: 9
            Function evaluations: 74
            Gradient evaluations: 9
Optimization terminated successfully    (Exit mode 0)
            Current function value: 0.009001946366782029
            Iterations: 4
            Function evaluations: 43
            Gradient evaluations: 4
Optimization terminated successfully    (Exit mode 0)
            Current function value: 0.008245025951557105
            Iterations: 14
            Function evaluations: 139
            Gradient evaluations: 14
Optimization terminated successfully    (Exit mode 0)
            Current function value: 0.008826232698961954
            Iterations: 9
            Function evaluations: 111
            Gradient evaluations: 9
Optimization terminated successfully    (Exit mode 0)
            Current function value: 0.008434256055363337
            Iterations: 13
            Function evaluations: 158
            Gradient evaluations: 13
Optimization terminated successfully    (Exit mode 0)
            Current function value: 0.008555903979238768
            Iterations: 9
            Function evaluations: 119
            Gradient evaluations: 9
corrs 1
sub corrs 10
corrs 2
sub corrs 20
corrs 3
sub corrs 30
corrs 4
sub corrs 40
corrs 5
sub corrs 50
corrs 6
sub corrs 60
corrs 7
sub corrs 70
corrs 8
sub corrs 80
corrs 9
sub corrs 90
corrs 10
sub corrs 100
Optimization terminated successfully    (Exit mode 0)
            Current function value: 0.19423118512110712
            Iterations: 1
            Function evaluations: 2
            Gradient evaluations: 1
Optimization terminated successfully    (Exit mode 0)
            Current function value: 0.19423118512110712
            Iterations: 4
            Function evaluations: 12
            Gradient evaluations: 4
Optimization terminated successfully    (Exit mode 0)
            Current function value: 0.00802876297577854
            Iterations: 15
            Function evaluations: 73
            Gradient evaluations: 15
Optimization terminated successfully    (Exit mode 0)
            Current function value: 0.007893598615916944
            Iterations: 9
            Function evaluations: 58
            Gradient evaluations: 9
Optimization terminated successfully    (Exit mode 0)
            Current function value: 0.007961180795847742
            Iterations: 14
            Function evaluations: 98
            Gradient evaluations: 14
Optimization terminated successfully    (Exit mode 0)
            Current function value: 0.008434256055363316
            Iterations: 6
            Function evaluations: 53
            Gradient evaluations: 6
Optimization terminated successfully    (Exit mode 0)
            Current function value: 0.00817744377162629
            Iterations: 10
            Function evaluations: 92
            Gradient evaluations: 10
Optimization terminated successfully    (Exit mode 0)
            Current function value: 0.009096561418685128
            Iterations: 9
            Function evaluations: 92
            Gradient evaluations: 9
Optimization terminated successfully    (Exit mode 0)
            Current function value: 0.007893598615916944
            Iterations: 11
            Function evaluations: 122
            Gradient evaluations: 11
Optimization terminated successfully    (Exit mode 0)
            Current function value: 0.007853049307958465
            Iterations: 8
            Function evaluations: 102
            Gradient evaluations: 8
Optimization terminated successfully    (Exit mode 0)
            Current function value: 0.007880082179930787
            Iterations: 13
            Function evaluations: 170
            Gradient evaluations: 13
 Experiment complete. Results at: /mnt/beegfs/hellgate/home/tp183485/timecorr_trazzp/Cluster_Data/paragraph/paragraph_700_10_10_isfc_TruncatedSVD_40_laplace.csv
