corrs 1
sub corrs 10
corrs 2
sub corrs 20
corrs 3
sub corrs 30
corrs 4
sub corrs 40
corrs 5
sub corrs 50
corrs 6
sub corrs 60
corrs 7
sub corrs 70
corrs 8
sub corrs 80
corrs 9
sub corrs 90
corrs 10
sub corrs 100
Optimization terminated successfully    (Exit mode 0)
            Current function value: 0.2253054714532869
            Iterations: 1
            Function evaluations: 2
            Gradient evaluations: 1
Optimization terminated successfully    (Exit mode 0)
            Current function value: 0.31512218858131485
            Iterations: 5
            Function evaluations: 15
            Gradient evaluations: 5
Optimization terminated successfully    (Exit mode 0)
            Current function value: 0.28869755622837323
            Iterations: 6
            Function evaluations: 43
            Gradient evaluations: 6
Optimization terminated successfully    (Exit mode 0)
            Current function value: 0.12454044117647053
            Iterations: 7
            Function evaluations: 51
            Gradient evaluations: 7
Optimization terminated successfully    (Exit mode 0)
            Current function value: 0.03225021626297581
            Iterations: 7
            Function evaluations: 55
            Gradient evaluations: 7
Optimization terminated successfully    (Exit mode 0)
            Current function value: 0.036913386678200745
            Iterations: 9
            Function evaluations: 79
            Gradient evaluations: 9
Optimization terminated successfully    (Exit mode 0)
            Current function value: 0.027181552768166112
            Iterations: 2
            Function evaluations: 28
            Gradient evaluations: 2
Optimization terminated successfully    (Exit mode 0)
            Current function value: 0.02127487024221455
            Iterations: 6
            Function evaluations: 65
            Gradient evaluations: 6
Optimization terminated successfully    (Exit mode 0)
            Current function value: 0.01882839532871973
            Iterations: 9
            Function evaluations: 117
            Gradient evaluations: 9
Optimization terminated successfully    (Exit mode 0)
            Current function value: 0.02969560986159175
            Iterations: 5
            Function evaluations: 67
            Gradient evaluations: 5
Optimization terminated successfully    (Exit mode 0)
            Current function value: 0.004392841695501722
            Iterations: 10
            Function evaluations: 133
            Gradient evaluations: 10
corrs 1
sub corrs 10
corrs 2
sub corrs 20
corrs 3
sub corrs 30
corrs 4
sub corrs 40
corrs 5
sub corrs 50
corrs 6
sub corrs 60
corrs 7
sub corrs 70
corrs 8
sub corrs 80
corrs 9
sub corrs 90
corrs 10
sub corrs 100
Optimization terminated successfully    (Exit mode 0)
            Current function value: 0.18736483564013837
            Iterations: 1
            Function evaluations: 2
            Gradient evaluations: 1
Optimization terminated successfully    (Exit mode 0)
            Current function value: 0.30868836505190317
            Iterations: 1
            Function evaluations: 14
            Gradient evaluations: 1
Optimization terminated successfully    (Exit mode 0)
            Current function value: 0.15311418685121114
            Iterations: 3
            Function evaluations: 24
            Gradient evaluations: 3
Optimization terminated successfully    (Exit mode 0)
            Current function value: 0.07638137975778557
            Iterations: 8
            Function evaluations: 63
            Gradient evaluations: 8
Optimization terminated successfully    (Exit mode 0)
            Current function value: 0.020423334775086514
            Iterations: 6
            Function evaluations: 54
            Gradient evaluations: 6
Optimization terminated successfully    (Exit mode 0)
            Current function value: 0.020004325259515583
            Iterations: 3
            Function evaluations: 34
            Gradient evaluations: 3
Optimization terminated successfully    (Exit mode 0)
            Current function value: 0.005420090830449814
            Iterations: 4
            Function evaluations: 43
            Gradient evaluations: 4
Optimization terminated successfully    (Exit mode 0)
            Current function value: 0.028992755190311435
            Iterations: 4
            Function evaluations: 47
            Gradient evaluations: 4
Optimization terminated successfully    (Exit mode 0)
            Current function value: 0.005325475778546701
            Iterations: 6
            Function evaluations: 73
            Gradient evaluations: 6
Optimization terminated successfully    (Exit mode 0)
            Current function value: 0.006271626297577841
            Iterations: 5
            Function evaluations: 67
            Gradient evaluations: 5
Optimization terminated successfully    (Exit mode 0)
            Current function value: 0.004325259515570924
            Iterations: 17
            Function evaluations: 219
            Gradient evaluations: 17
 Experiment complete. Results at: /mnt/beegfs/hellgate/home/tp183485/timecorr_trazzp/Cluster_Data/paragraph/paragraph_700_10_10_isfc_PCA_20_laplace.csv
