corrs 1
sub corrs 10
corrs 2
sub corrs 20
corrs 3
sub corrs 30
corrs 4
sub corrs 40
corrs 5
sub corrs 50
corrs 6
sub corrs 60
corrs 7
sub corrs 70
corrs 8
sub corrs 80
corrs 9
sub corrs 90
corrs 10
sub corrs 100
Optimization terminated successfully    (Exit mode 0)
            Current function value: 0.18828395328719705
            Iterations: 1
            Function evaluations: 2
            Gradient evaluations: 1
Optimization terminated successfully    (Exit mode 0)
            Current function value: 0.18828395328719705
            Iterations: 4
            Function evaluations: 12
            Gradient evaluations: 4
Optimization terminated successfully    (Exit mode 0)
            Current function value: 0.04906466262975787
            Iterations: 9
            Function evaluations: 59
            Gradient evaluations: 9
Optimization terminated successfully    (Exit mode 0)
            Current function value: 0.0496188365051904
            Iterations: 2
            Function evaluations: 21
            Gradient evaluations: 2
Optimization terminated successfully    (Exit mode 0)
            Current function value: 0.03356131055363331
            Iterations: 5
            Function evaluations: 44
            Gradient evaluations: 5
Optimization terminated successfully    (Exit mode 0)
            Current function value: 0.020991025086505247
            Iterations: 4
            Function evaluations: 42
            Gradient evaluations: 4
Optimization terminated successfully    (Exit mode 0)
            Current function value: 0.016260272491349544
            Iterations: 9
            Function evaluations: 86
            Gradient evaluations: 9
Optimization terminated successfully    (Exit mode 0)
            Current function value: 0.014962694636678245
            Iterations: 9
            Function evaluations: 93
            Gradient evaluations: 9
Optimization terminated successfully    (Exit mode 0)
            Current function value: 0.019301470588235344
            Iterations: 9
            Function evaluations: 110
            Gradient evaluations: 9
Optimization terminated successfully    (Exit mode 0)
            Current function value: 0.014624783737024265
            Iterations: 12
            Function evaluations: 147
            Gradient evaluations: 12
Optimization terminated successfully    (Exit mode 0)
            Current function value: 0.019260921280276882
            Iterations: 8
            Function evaluations: 110
            Gradient evaluations: 8
corrs 1
sub corrs 10
corrs 2
sub corrs 20
corrs 3
sub corrs 30
corrs 4
sub corrs 40
corrs 5
sub corrs 50
corrs 6
sub corrs 60
corrs 7
sub corrs 70
corrs 8
sub corrs 80
corrs 9
sub corrs 90
corrs 10
sub corrs 100
Optimization terminated successfully    (Exit mode 0)
            Current function value: 0.18435067041522465
            Iterations: 1
            Function evaluations: 2
            Gradient evaluations: 1
Optimization terminated successfully    (Exit mode 0)
            Current function value: 0.3305309256055362
            Iterations: 4
            Function evaluations: 14
            Gradient evaluations: 4
Optimization terminated successfully    (Exit mode 0)
            Current function value: 0.06600075692041533
            Iterations: 1
            Function evaluations: 15
            Gradient evaluations: 1
Optimization terminated successfully    (Exit mode 0)
            Current function value: 0.03484537197231842
            Iterations: 14
            Function evaluations: 88
            Gradient evaluations: 14
Optimization terminated successfully    (Exit mode 0)
            Current function value: 0.034804822664359934
            Iterations: 2
            Function evaluations: 23
            Gradient evaluations: 2
Optimization terminated successfully    (Exit mode 0)
            Current function value: 0.022775194636678257
            Iterations: 5
            Function evaluations: 51
            Gradient evaluations: 5
Optimization terminated successfully    (Exit mode 0)
            Current function value: 0.017990376297577906
            Iterations: 5
            Function evaluations: 52
            Gradient evaluations: 5
Optimization terminated successfully    (Exit mode 0)
            Current function value: 0.023180687716263023
            Iterations: 8
            Function evaluations: 87
            Gradient evaluations: 8
Optimization terminated successfully    (Exit mode 0)
            Current function value: 0.01865268166089972
            Iterations: 8
            Function evaluations: 92
            Gradient evaluations: 8
Optimization terminated successfully    (Exit mode 0)
            Current function value: 0.01889597750865058
            Iterations: 9
            Function evaluations: 112
            Gradient evaluations: 9
Optimization terminated successfully    (Exit mode 0)
            Current function value: 0.022964424740484497
            Iterations: 5
            Function evaluations: 71
            Gradient evaluations: 5
 Experiment complete. Results at: /mnt/beegfs/hellgate/home/tp183485/timecorr_trazzp/Cluster_Data/paragraph/paragraph_100_10_10_isfc_PCA_25_laplace.csv
