corrs 1
sub corrs 10
corrs 2
sub corrs 20
corrs 3
sub corrs 30
corrs 4
sub corrs 40
corrs 5
sub corrs 50
corrs 6
sub corrs 60
corrs 7
sub corrs 70
corrs 8
sub corrs 80
corrs 9
sub corrs 90
corrs 10
sub corrs 100
Optimization terminated successfully    (Exit mode 0)
            Current function value: 0.15735834775086494
            Iterations: 1
            Function evaluations: 2
            Gradient evaluations: 1
Optimization terminated successfully    (Exit mode 0)
            Current function value: 0.26947718425605544
            Iterations: 4
            Function evaluations: 27
            Gradient evaluations: 4
Optimization terminated successfully    (Exit mode 0)
            Current function value: 0.0886948529411766
            Iterations: 3
            Function evaluations: 24
            Gradient evaluations: 3
Optimization terminated successfully    (Exit mode 0)
            Current function value: 0.0984807525951558
            Iterations: 5
            Function evaluations: 38
            Gradient evaluations: 5
Optimization terminated successfully    (Exit mode 0)
            Current function value: 0.09452043685121118
            Iterations: 6
            Function evaluations: 51
            Gradient evaluations: 6
Optimization terminated successfully    (Exit mode 0)
            Current function value: 0.17456477076124557
            Iterations: 2
            Function evaluations: 28
            Gradient evaluations: 2
Optimization terminated successfully    (Exit mode 0)
            Current function value: 0.11940419550173012
            Iterations: 6
            Function evaluations: 64
            Gradient evaluations: 6
Optimization terminated successfully    (Exit mode 0)
            Current function value: 0.058080125432526
            Iterations: 11
            Function evaluations: 114
            Gradient evaluations: 11
Optimization terminated successfully    (Exit mode 0)
            Current function value: 0.05353860294117652
            Iterations: 12
            Function evaluations: 139
            Gradient evaluations: 12
Optimization terminated successfully    (Exit mode 0)
            Current function value: 0.05748540224913499
            Iterations: 8
            Function evaluations: 99
            Gradient evaluations: 8
Optimization terminated successfully    (Exit mode 0)
            Current function value: 0.09256055363321805
            Iterations: 10
            Function evaluations: 131
            Gradient evaluations: 10
corrs 1
sub corrs 10
corrs 2
sub corrs 20
corrs 3
sub corrs 30
corrs 4
sub corrs 40
corrs 5
sub corrs 50
corrs 6
sub corrs 60
corrs 7
sub corrs 70
corrs 8
sub corrs 80
corrs 9
sub corrs 90
corrs 10
sub corrs 100
Optimization terminated successfully    (Exit mode 0)
            Current function value: 0.17883596453287187
            Iterations: 1
            Function evaluations: 2
            Gradient evaluations: 1
Optimization terminated successfully    (Exit mode 0)
            Current function value: 0.26853103373702425
            Iterations: 5
            Function evaluations: 15
            Gradient evaluations: 5
Optimization terminated successfully    (Exit mode 0)
            Current function value: 0.09926470588235302
            Iterations: 17
            Function evaluations: 86
            Gradient evaluations: 17
Optimization terminated successfully    (Exit mode 0)
            Current function value: 0.16054822664359847
            Iterations: 10
            Function evaluations: 68
            Gradient evaluations: 10
Optimization terminated successfully    (Exit mode 0)
            Current function value: 0.09457450259515579
            Iterations: 6
            Function evaluations: 48
            Gradient evaluations: 6
Optimization terminated successfully    (Exit mode 0)
            Current function value: 0.159575043252595
            Iterations: 7
            Function evaluations: 69
            Gradient evaluations: 7
Optimization terminated successfully    (Exit mode 0)
            Current function value: 0.15353319636678198
            Iterations: 13
            Function evaluations: 122
            Gradient evaluations: 13
Optimization terminated successfully    (Exit mode 0)
            Current function value: 0.10650951557093433
            Iterations: 5
            Function evaluations: 56
            Gradient evaluations: 5
Optimization terminated successfully    (Exit mode 0)
            Current function value: 0.056255406574394554
            Iterations: 19
            Function evaluations: 217
            Gradient evaluations: 19
Optimization terminated successfully    (Exit mode 0)
            Current function value: 0.07023140138408315
            Iterations: 10
            Function evaluations: 122
            Gradient evaluations: 10
Optimization terminated successfully    (Exit mode 0)
            Current function value: 0.06214857266435998
            Iterations: 17
            Function evaluations: 219
            Gradient evaluations: 17
 Experiment complete. Results at: /mnt/beegfs/hellgate/home/tp183485/timecorr_trazzp/Cluster_Data/paragraph/paragraph_100_10_10_isfc_IncrementalPCA_30_laplace.csv
