corrs 1
sub corrs 10
corrs 2
sub corrs 20
corrs 3
sub corrs 30
corrs 4
sub corrs 40
corrs 5
sub corrs 50
corrs 6
sub corrs 60
corrs 7
sub corrs 70
corrs 8
sub corrs 80
corrs 9
sub corrs 90
corrs 10
sub corrs 100
Optimization terminated successfully    (Exit mode 0)
            Current function value: 0.20397653546712774
            Iterations: 1
            Function evaluations: 2
            Gradient evaluations: 1
Optimization terminated successfully    (Exit mode 0)
            Current function value: 0.12718966262975795
            Iterations: 3
            Function evaluations: 20
            Gradient evaluations: 3
Optimization terminated successfully    (Exit mode 0)
            Current function value: 0.07835477941176477
            Iterations: 3
            Function evaluations: 25
            Gradient evaluations: 3
Optimization terminated successfully    (Exit mode 0)
            Current function value: 0.03460207612456758
            Iterations: 4
            Function evaluations: 31
            Gradient evaluations: 4
Optimization terminated successfully    (Exit mode 0)
            Current function value: 0.03079044117647062
            Iterations: 7
            Function evaluations: 62
            Gradient evaluations: 7
Optimization terminated successfully    (Exit mode 0)
            Current function value: 0.029776708477508684
            Iterations: 6
            Function evaluations: 56
            Gradient evaluations: 6
Optimization terminated successfully    (Exit mode 0)
            Current function value: 0.030209234429065777
            Iterations: 9
            Function evaluations: 88
            Gradient evaluations: 9
Optimization terminated successfully    (Exit mode 0)
            Current function value: 0.060756379757785535
            Iterations: 5
            Function evaluations: 57
            Gradient evaluations: 5
Optimization terminated successfully    (Exit mode 0)
            Current function value: 0.034642625432526
            Iterations: 4
            Function evaluations: 53
            Gradient evaluations: 4
Optimization terminated successfully    (Exit mode 0)
            Current function value: 0.02801957179930798
            Iterations: 9
            Function evaluations: 113
            Gradient evaluations: 9
Optimization terminated successfully    (Exit mode 0)
            Current function value: 0.03161494377162636
            Iterations: 11
            Function evaluations: 144
            Gradient evaluations: 11
corrs 1
sub corrs 10
corrs 2
sub corrs 20
corrs 3
sub corrs 30
corrs 4
sub corrs 40
corrs 5
sub corrs 50
corrs 6
sub corrs 60
corrs 7
sub corrs 70
corrs 8
sub corrs 80
corrs 9
sub corrs 90
corrs 10
sub corrs 100
Optimization terminated successfully    (Exit mode 0)
            Current function value: 0.206531141868512
            Iterations: 1
            Function evaluations: 2
            Gradient evaluations: 1
Optimization terminated successfully    (Exit mode 0)
            Current function value: 0.1383812716262976
            Iterations: 5
            Function evaluations: 28
            Gradient evaluations: 5
Optimization terminated successfully    (Exit mode 0)
            Current function value: 0.06927173442906578
            Iterations: 5
            Function evaluations: 31
            Gradient evaluations: 5
Optimization terminated successfully    (Exit mode 0)
            Current function value: 0.03738646193771633
            Iterations: 4
            Function evaluations: 33
            Gradient evaluations: 4
Optimization terminated successfully    (Exit mode 0)
            Current function value: 0.0774491782006921
            Iterations: 4
            Function evaluations: 35
            Gradient evaluations: 4
Optimization terminated successfully    (Exit mode 0)
            Current function value: 0.029222534602076175
            Iterations: 3
            Function evaluations: 33
            Gradient evaluations: 3
Optimization terminated successfully    (Exit mode 0)
            Current function value: 0.04294171712802779
            Iterations: 4
            Function evaluations: 43
            Gradient evaluations: 4
Optimization terminated successfully    (Exit mode 0)
            Current function value: 0.026127270761245727
            Iterations: 10
            Function evaluations: 104
            Gradient evaluations: 10
Optimization terminated successfully    (Exit mode 0)
            Current function value: 0.029600994809688617
            Iterations: 10
            Function evaluations: 117
            Gradient evaluations: 10
Optimization terminated successfully    (Exit mode 0)
            Current function value: 0.020774762110726697
            Iterations: 6
            Function evaluations: 78
            Gradient evaluations: 6
Optimization terminated successfully    (Exit mode 0)
            Current function value: 0.024721561418685138
            Iterations: 8
            Function evaluations: 108
            Gradient evaluations: 8
 Experiment complete. Results at: /mnt/beegfs/hellgate/home/tp183485/timecorr_trazzp/Cluster_Data/paragraph/paragraph_100_10_10_isfc_FactorAnalysis_45_gaussian.csv
