corrs 1
sub corrs 10
corrs 2
sub corrs 20
corrs 3
sub corrs 30
corrs 4
sub corrs 40
corrs 5
sub corrs 50
corrs 6
sub corrs 60
corrs 7
sub corrs 70
corrs 8
sub corrs 80
corrs 9
sub corrs 90
corrs 10
sub corrs 100
Optimization terminated successfully    (Exit mode 0)
            Current function value: 0.2137894679930793
            Iterations: 1
            Function evaluations: 2
            Gradient evaluations: 1
Optimization terminated successfully    (Exit mode 0)
            Current function value: 0.19929984861591657
            Iterations: 3
            Function evaluations: 21
            Gradient evaluations: 3
Optimization terminated successfully    (Exit mode 0)
            Current function value: 0.17187499999999942
            Iterations: 2
            Function evaluations: 19
            Gradient evaluations: 2
Optimization terminated successfully    (Exit mode 0)
            Current function value: 0.3216641435986154
            Iterations: 6
            Function evaluations: 44
            Gradient evaluations: 6
Optimization terminated successfully    (Exit mode 0)
            Current function value: 0.1773761894463667
            Iterations: 6
            Function evaluations: 47
            Gradient evaluations: 6
Optimization terminated successfully    (Exit mode 0)
            Current function value: 0.1773761894463667
            Iterations: 4
            Function evaluations: 39
            Gradient evaluations: 4
Optimization terminated successfully    (Exit mode 0)
            Current function value: 0.16144031141868523
            Iterations: 9
            Function evaluations: 88
            Gradient evaluations: 9
Optimization terminated successfully    (Exit mode 0)
            Current function value: 0.1778357482698962
            Iterations: 11
            Function evaluations: 116
            Gradient evaluations: 11
Optimization terminated successfully    (Exit mode 0)
            Current function value: 0.028262867647058865
            Iterations: 9
            Function evaluations: 102
            Gradient evaluations: 9
Optimization terminated successfully    (Exit mode 0)
            Current function value: 0.028735942906574417
            Iterations: 6
            Function evaluations: 77
            Gradient evaluations: 6
Optimization terminated successfully    (Exit mode 0)
            Current function value: 0.02147761678200696
            Iterations: 17
            Function evaluations: 222
            Gradient evaluations: 17
corrs 1
sub corrs 10
corrs 2
sub corrs 20
corrs 3
sub corrs 30
corrs 4
sub corrs 40
corrs 5
sub corrs 50
corrs 6
sub corrs 60
corrs 7
sub corrs 70
corrs 8
sub corrs 80
corrs 9
sub corrs 90
corrs 10
sub corrs 100
Optimization terminated successfully    (Exit mode 0)
            Current function value: 0.21268112024221433
            Iterations: 1
            Function evaluations: 2
            Gradient evaluations: 1
Optimization terminated successfully    (Exit mode 0)
            Current function value: 0.18030925605536297
            Iterations: 3
            Function evaluations: 24
            Gradient evaluations: 3
Optimization terminated successfully    (Exit mode 0)
            Current function value: 0.24671550605536308
            Iterations: 1
            Function evaluations: 15
            Gradient evaluations: 1
Optimization terminated successfully    (Exit mode 0)
            Current function value: 0.33796496539792314
            Iterations: 6
            Function evaluations: 42
            Gradient evaluations: 6
Optimization terminated successfully    (Exit mode 0)
            Current function value: 0.20359807525951557
            Iterations: 7
            Function evaluations: 63
            Gradient evaluations: 7
Optimization terminated successfully    (Exit mode 0)
            Current function value: 0.20430092993079543
            Iterations: 2
            Function evaluations: 25
            Gradient evaluations: 2
Optimization terminated successfully    (Exit mode 0)
            Current function value: 0.1970155709342561
            Iterations: 10
            Function evaluations: 99
            Gradient evaluations: 10
Optimization terminated successfully    (Exit mode 0)
            Current function value: 0.19282547577854664
            Iterations: 12
            Function evaluations: 128
            Gradient evaluations: 12
Optimization terminated successfully    (Exit mode 0)
            Current function value: 0.025883974913494857
            Iterations: 16
            Function evaluations: 185
            Gradient evaluations: 16
Optimization terminated successfully    (Exit mode 0)
            Current function value: 0.025181120242214593
            Iterations: 14
            Function evaluations: 169
            Gradient evaluations: 14
Optimization terminated successfully    (Exit mode 0)
            Current function value: 0.03734591262975784
            Iterations: 11
            Function evaluations: 148
            Gradient evaluations: 11
 Experiment complete. Results at: /mnt/beegfs/hellgate/home/tp183485/timecorr_trazzp/Cluster_Data/paragraph/paragraph_700_10_10_isfc_IncrementalPCA_20_laplace.csv
