corrs 1
sub corrs 10
corrs 2
sub corrs 20
corrs 3
sub corrs 30
corrs 4
sub corrs 40
corrs 5
sub corrs 50
corrs 6
sub corrs 60
corrs 7
sub corrs 70
corrs 8
sub corrs 80
corrs 9
sub corrs 90
corrs 10
sub corrs 100
Optimization terminated successfully    (Exit mode 0)
            Current function value: 0.1858915441176469
            Iterations: 1
            Function evaluations: 2
            Gradient evaluations: 1
Optimization terminated successfully    (Exit mode 0)
            Current function value: 0.1858915441176469
            Iterations: 2
            Function evaluations: 6
            Gradient evaluations: 2
Optimization terminated successfully    (Exit mode 0)
            Current function value: 0.0766787413494811
            Iterations: 8
            Function evaluations: 46
            Gradient evaluations: 8
Optimization terminated successfully    (Exit mode 0)
            Current function value: 0.07504325259515571
            Iterations: 4
            Function evaluations: 35
            Gradient evaluations: 4
Optimization terminated successfully    (Exit mode 0)
            Current function value: 0.07531358131487892
            Iterations: 7
            Function evaluations: 55
            Gradient evaluations: 7
Optimization terminated successfully    (Exit mode 0)
            Current function value: 0.03533196366782015
            Iterations: 12
            Function evaluations: 103
            Gradient evaluations: 12
Optimization terminated successfully    (Exit mode 0)
            Current function value: 0.07790873702422148
            Iterations: 6
            Function evaluations: 79
            Gradient evaluations: 6
Optimization terminated successfully    (Exit mode 0)
            Current function value: 0.031155384948096953
            Iterations: 12
            Function evaluations: 128
            Gradient evaluations: 12
Optimization terminated successfully    (Exit mode 0)
            Current function value: 0.03383163927335645
            Iterations: 18
            Function evaluations: 201
            Gradient evaluations: 18
Optimization terminated successfully    (Exit mode 0)
            Current function value: 0.06570339532871973
            Iterations: 10
            Function evaluations: 134
            Gradient evaluations: 10
Optimization terminated successfully    (Exit mode 0)
            Current function value: 0.0772058823529412
            Iterations: 3
            Function evaluations: 54
            Gradient evaluations: 3
corrs 1
sub corrs 10
corrs 2
sub corrs 20
corrs 3
sub corrs 30
corrs 4
sub corrs 40
corrs 5
sub corrs 50
corrs 6
sub corrs 60
corrs 7
sub corrs 70
corrs 8
sub corrs 80
corrs 9
sub corrs 90
corrs 10
sub corrs 100
Optimization terminated successfully    (Exit mode 0)
            Current function value: 0.16845534169550147
            Iterations: 1
            Function evaluations: 2
            Gradient evaluations: 1
Optimization terminated successfully    (Exit mode 0)
            Current function value: 0.16845534169550147
            Iterations: 2
            Function evaluations: 6
            Gradient evaluations: 2
Optimization terminated successfully    (Exit mode 0)
            Current function value: 0.06510867214532881
            Iterations: 5
            Function evaluations: 32
            Gradient evaluations: 5
Optimization terminated successfully    (Exit mode 0)
            Current function value: 0.07544874567474052
            Iterations: 5
            Function evaluations: 36
            Gradient evaluations: 5
Optimization terminated successfully    (Exit mode 0)
            Current function value: 0.05241673875432534
            Iterations: 4
            Function evaluations: 36
            Gradient evaluations: 4
Optimization terminated successfully    (Exit mode 0)
            Current function value: 0.032777357266436095
            Iterations: 9
            Function evaluations: 76
            Gradient evaluations: 9
Optimization terminated successfully    (Exit mode 0)
            Current function value: 0.038643490484429166
            Iterations: 7
            Function evaluations: 70
            Gradient evaluations: 7
Optimization terminated successfully    (Exit mode 0)
            Current function value: 0.04596939878892742
            Iterations: 17
            Function evaluations: 171
            Gradient evaluations: 17
Optimization terminated successfully    (Exit mode 0)
            Current function value: 0.03183120674740493
            Iterations: 12
            Function evaluations: 136
            Gradient evaluations: 12
Optimization terminated successfully    (Exit mode 0)
            Current function value: 0.04645599048442918
            Iterations: 16
            Function evaluations: 206
            Gradient evaluations: 16
Optimization terminated successfully    (Exit mode 0)
            Current function value: 0.03639976211072676
            Iterations: 6
            Function evaluations: 84
            Gradient evaluations: 6
 Experiment complete. Results at: /mnt/beegfs/hellgate/home/tp183485/timecorr_trazzp/Cluster_Data/paragraph/paragraph_100_10_10_isfc_TruncatedSVD_40_mexican_hat.csv
