corrs 1
sub corrs 10
corrs 2
sub corrs 20
corrs 3
sub corrs 30
corrs 4
sub corrs 40
corrs 5
sub corrs 50
corrs 6
sub corrs 60
corrs 7
sub corrs 70
corrs 8
sub corrs 80
corrs 9
sub corrs 90
corrs 10
sub corrs 100
Optimization terminated successfully    (Exit mode 0)
            Current function value: 0.18425605536332168
            Iterations: 1
            Function evaluations: 2
            Gradient evaluations: 1
Optimization terminated successfully    (Exit mode 0)
            Current function value: 0.18425605536332168
            Iterations: 3
            Function evaluations: 9
            Gradient evaluations: 3
Optimization terminated successfully    (Exit mode 0)
            Current function value: 0.1615754757785466
            Iterations: 7
            Function evaluations: 40
            Gradient evaluations: 7
Optimization terminated successfully    (Exit mode 0)
            Current function value: 0.16832017733564
            Iterations: 5
            Function evaluations: 36
            Gradient evaluations: 5
Optimization terminated successfully    (Exit mode 0)
            Current function value: 0.17063148788927318
            Iterations: 7
            Function evaluations: 53
            Gradient evaluations: 7
Optimization terminated successfully    (Exit mode 0)
            Current function value: 0.15696637110726636
            Iterations: 3
            Function evaluations: 32
            Gradient evaluations: 3
Optimization terminated successfully    (Exit mode 0)
            Current function value: 0.1502487024221452
            Iterations: 6
            Function evaluations: 60
            Gradient evaluations: 6
Optimization terminated successfully    (Exit mode 0)
            Current function value: 0.15241133217993066
            Iterations: 3
            Function evaluations: 40
            Gradient evaluations: 3
Optimization terminated successfully    (Exit mode 0)
            Current function value: 0.14991079152249118
            Iterations: 7
            Function evaluations: 83
            Gradient evaluations: 7
Optimization terminated successfully    (Exit mode 0)
            Current function value: 0.15869647491349467
            Iterations: 6
            Function evaluations: 79
            Gradient evaluations: 6
Optimization terminated successfully    (Exit mode 0)
            Current function value: 0.14443663494809678
            Iterations: 8
            Function evaluations: 114
            Gradient evaluations: 8
corrs 1
sub corrs 10
corrs 2
sub corrs 20
corrs 3
sub corrs 30
corrs 4
sub corrs 40
corrs 5
sub corrs 50
corrs 6
sub corrs 60
corrs 7
sub corrs 70
corrs 8
sub corrs 80
corrs 9
sub corrs 90
corrs 10
sub corrs 100
Optimization terminated successfully    (Exit mode 0)
            Current function value: 0.1929336072664358
            Iterations: 1
            Function evaluations: 2
            Gradient evaluations: 1
Optimization terminated successfully    (Exit mode 0)
            Current function value: 0.1929336072664358
            Iterations: 4
            Function evaluations: 12
            Gradient evaluations: 4
Optimization terminated successfully    (Exit mode 0)
            Current function value: 0.1843641868512105
            Iterations: 3
            Function evaluations: 24
            Gradient evaluations: 3
Optimization terminated successfully    (Exit mode 0)
            Current function value: 0.20953179065743877
            Iterations: 7
            Function evaluations: 48
            Gradient evaluations: 7
Optimization terminated successfully    (Exit mode 0)
            Current function value: 0.19102778979238708
            Iterations: 4
            Function evaluations: 35
            Gradient evaluations: 4
Optimization terminated successfully    (Exit mode 0)
            Current function value: 0.16100778546712774
            Iterations: 4
            Function evaluations: 43
            Gradient evaluations: 4
Optimization terminated successfully    (Exit mode 0)
            Current function value: 0.1665630406574393
            Iterations: 8
            Function evaluations: 82
            Gradient evaluations: 8
Optimization terminated successfully    (Exit mode 0)
            Current function value: 0.27043685121107264
            Iterations: 4
            Function evaluations: 52
            Gradient evaluations: 4
Optimization terminated successfully    (Exit mode 0)
            Current function value: 0.16556282439446351
            Iterations: 6
            Function evaluations: 72
            Gradient evaluations: 6
Optimization terminated successfully    (Exit mode 0)
            Current function value: 0.1511948529411764
            Iterations: 14
            Function evaluations: 172
            Gradient evaluations: 14
Optimization terminated successfully    (Exit mode 0)
            Current function value: 0.16019679930795827
            Iterations: 4
            Function evaluations: 61
            Gradient evaluations: 4
 Experiment complete. Results at: /mnt/beegfs/hellgate/home/tp183485/timecorr_trazzp/Cluster_Data/paragraph/paragraph_100_10_10_isfc_IncrementalPCA_25_gaussian.csv
