corrs 1
sub corrs 10
corrs 2
sub corrs 20
corrs 3
sub corrs 30
corrs 4
sub corrs 40
corrs 5
sub corrs 50
corrs 6
sub corrs 60
corrs 7
sub corrs 70
corrs 8
sub corrs 80
corrs 9
sub corrs 90
corrs 10
sub corrs 100
Optimization terminated successfully    (Exit mode 0)
            Current function value: 0.15264111159169527
            Iterations: 1
            Function evaluations: 2
            Gradient evaluations: 1
Optimization terminated successfully    (Exit mode 0)
            Current function value: 0.09771031574394463
            Iterations: 12
            Function evaluations: 52
            Gradient evaluations: 12
Optimization terminated successfully    (Exit mode 0)
            Current function value: 0.07730049740484435
            Iterations: 5
            Function evaluations: 35
            Gradient evaluations: 5
Optimization terminated successfully    (Exit mode 0)
            Current function value: 0.03910304930795853
            Iterations: 7
            Function evaluations: 51
            Gradient evaluations: 7
Optimization terminated successfully    (Exit mode 0)
            Current function value: 0.04315798010380628
            Iterations: 8
            Function evaluations: 61
            Gradient evaluations: 8
Optimization terminated successfully    (Exit mode 0)
            Current function value: 0.04637489186851215
            Iterations: 13
            Function evaluations: 106
            Gradient evaluations: 13
Optimization terminated successfully    (Exit mode 0)
            Current function value: 0.042793036332179984
            Iterations: 7
            Function evaluations: 74
            Gradient evaluations: 7
Optimization terminated successfully    (Exit mode 0)
            Current function value: 0.0471588451557094
            Iterations: 4
            Function evaluations: 47
            Gradient evaluations: 4
Optimization terminated successfully    (Exit mode 0)
            Current function value: 0.039454476643598656
            Iterations: 12
            Function evaluations: 134
            Gradient evaluations: 12
Optimization terminated successfully    (Exit mode 0)
            Current function value: 0.05074070069204156
            Iterations: 7
            Function evaluations: 93
            Gradient evaluations: 7
Optimization terminated successfully    (Exit mode 0)
            Current function value: 0.01359753460207613
            Iterations: 6
            Function evaluations: 88
            Gradient evaluations: 6
corrs 1
sub corrs 10
corrs 2
sub corrs 20
corrs 3
sub corrs 30
corrs 4
sub corrs 40
corrs 5
sub corrs 50
corrs 6
sub corrs 60
corrs 7
sub corrs 70
corrs 8
sub corrs 80
corrs 9
sub corrs 90
corrs 10
sub corrs 100
Optimization terminated successfully    (Exit mode 0)
            Current function value: 0.15183012543252575
            Iterations: 1
            Function evaluations: 2
            Gradient evaluations: 1
Optimization terminated successfully    (Exit mode 0)
            Current function value: 0.10229238754325257
            Iterations: 1
            Function evaluations: 14
            Gradient evaluations: 1
Optimization terminated successfully    (Exit mode 0)
            Current function value: 0.05987781141868521
            Iterations: 1
            Function evaluations: 15
            Gradient evaluations: 1
Optimization terminated successfully    (Exit mode 0)
            Current function value: 0.04634785899653984
            Iterations: 9
            Function evaluations: 60
            Gradient evaluations: 9
Optimization terminated successfully    (Exit mode 0)
            Current function value: 0.047618403979238805
            Iterations: 9
            Function evaluations: 68
            Gradient evaluations: 9
Optimization terminated successfully    (Exit mode 0)
            Current function value: 0.04776708477508653
            Iterations: 8
            Function evaluations: 68
            Gradient evaluations: 8
Optimization terminated successfully    (Exit mode 0)
            Current function value: 0.0370350346020762
            Iterations: 12
            Function evaluations: 110
            Gradient evaluations: 12
Optimization terminated successfully    (Exit mode 0)
            Current function value: 0.04459072231833915
            Iterations: 9
            Function evaluations: 95
            Gradient evaluations: 9
Optimization terminated successfully    (Exit mode 0)
            Current function value: 0.03790008650519038
            Iterations: 12
            Function evaluations: 132
            Gradient evaluations: 12
Optimization terminated successfully    (Exit mode 0)
            Current function value: 0.04717236159169556
            Iterations: 8
            Function evaluations: 100
            Gradient evaluations: 8
Optimization terminated successfully    (Exit mode 0)
            Current function value: 0.009475021626297594
            Iterations: 9
            Function evaluations: 123
            Gradient evaluations: 9
 Experiment complete. Results at: /mnt/beegfs/hellgate/home/tp183485/timecorr_trazzp/Cluster_Data/paragraph/paragraph_100_10_10_isfc_PCA_40_laplace.csv
