corrs 1
sub corrs 10
corrs 2
sub corrs 20
corrs 3
sub corrs 30
corrs 4
sub corrs 40
corrs 5
sub corrs 50
corrs 6
sub corrs 60
corrs 7
sub corrs 70
corrs 8
sub corrs 80
corrs 9
sub corrs 90
corrs 10
sub corrs 100
Optimization terminated successfully    (Exit mode 0)
            Current function value: 0.1814987024221451
            Iterations: 1
            Function evaluations: 2
            Gradient evaluations: 1
Optimization terminated successfully    (Exit mode 0)
            Current function value: 0.1786197015570932
            Iterations: 3
            Function evaluations: 20
            Gradient evaluations: 3
Optimization terminated successfully    (Exit mode 0)
            Current function value: 0.18189067906574372
            Iterations: 8
            Function evaluations: 44
            Gradient evaluations: 8
Optimization terminated successfully    (Exit mode 0)
            Current function value: 0.17986321366781988
            Iterations: 6
            Function evaluations: 42
            Gradient evaluations: 6
Optimization terminated successfully    (Exit mode 0)
            Current function value: 0.1802416738754323
            Iterations: 6
            Function evaluations: 48
            Gradient evaluations: 6
Optimization terminated successfully    (Exit mode 0)
            Current function value: 0.25597426470588236
            Iterations: 10
            Function evaluations: 87
            Gradient evaluations: 10
Optimization terminated successfully    (Exit mode 0)
            Current function value: 0.2088019031141867
            Iterations: 6
            Function evaluations: 60
            Gradient evaluations: 6
Optimization terminated successfully    (Exit mode 0)
            Current function value: 0.157696258650519
            Iterations: 6
            Function evaluations: 67
            Gradient evaluations: 6
Optimization terminated successfully    (Exit mode 0)
            Current function value: 0.16111591695501715
            Iterations: 4
            Function evaluations: 52
            Gradient evaluations: 4
Optimization terminated successfully    (Exit mode 0)
            Current function value: 0.1567771410034601
            Iterations: 6
            Function evaluations: 82
            Gradient evaluations: 6
Optimization terminated successfully    (Exit mode 0)
            Current function value: 0.1697394031141867
            Iterations: 4
            Function evaluations: 61
            Gradient evaluations: 4
corrs 1
sub corrs 10
corrs 2
sub corrs 20
corrs 3
sub corrs 30
corrs 4
sub corrs 40
corrs 5
sub corrs 50
corrs 6
sub corrs 60
corrs 7
sub corrs 70
corrs 8
sub corrs 80
corrs 9
sub corrs 90
corrs 10
sub corrs 100
Optimization terminated successfully    (Exit mode 0)
            Current function value: 0.2181417603806226
            Iterations: 1
            Function evaluations: 2
            Gradient evaluations: 1
Optimization terminated successfully    (Exit mode 0)
            Current function value: 0.21170793685121084
            Iterations: 2
            Function evaluations: 6
            Gradient evaluations: 2
Optimization terminated successfully    (Exit mode 0)
            Current function value: 0.21735780709342536
            Iterations: 8
            Function evaluations: 44
            Gradient evaluations: 8
Optimization terminated successfully    (Exit mode 0)
            Current function value: 0.22967128027681655
            Iterations: 6
            Function evaluations: 46
            Gradient evaluations: 6
Optimization terminated successfully    (Exit mode 0)
            Current function value: 0.23659169550173012
            Iterations: 7
            Function evaluations: 61
            Gradient evaluations: 7
Optimization terminated successfully    (Exit mode 0)
            Current function value: 0.20757190743944634
            Iterations: 7
            Function evaluations: 64
            Gradient evaluations: 7
Optimization terminated successfully    (Exit mode 0)
            Current function value: 0.22979292820069205
            Iterations: 10
            Function evaluations: 95
            Gradient evaluations: 10
Optimization terminated successfully    (Exit mode 0)
            Current function value: 0.16579260380622832
            Iterations: 9
            Function evaluations: 97
            Gradient evaluations: 9
Optimization terminated successfully    (Exit mode 0)
            Current function value: 0.17386191608996537
            Iterations: 6
            Function evaluations: 73
            Gradient evaluations: 6
Optimization terminated successfully    (Exit mode 0)
            Current function value: 0.17157763840830448
            Iterations: 13
            Function evaluations: 168
            Gradient evaluations: 13
Optimization terminated successfully    (Exit mode 0)
            Current function value: 0.1667928200692042
            Iterations: 6
            Function evaluations: 84
            Gradient evaluations: 6
 Experiment complete. Results at: /mnt/beegfs/hellgate/home/tp183485/timecorr_trazzp/Cluster_Data/paragraph/paragraph_100_10_10_isfc_IncrementalPCA_45_gaussian.csv
