corrs 1
sub corrs 10
corrs 2
sub corrs 20
corrs 3
sub corrs 30
corrs 4
sub corrs 40
corrs 5
sub corrs 50
corrs 6
sub corrs 60
corrs 7
sub corrs 70
corrs 8
sub corrs 80
corrs 9
sub corrs 90
corrs 10
sub corrs 100
Optimization terminated successfully    (Exit mode 0)
            Current function value: 0.16025086505190303
            Iterations: 1
            Function evaluations: 2
            Gradient evaluations: 1
Optimization terminated successfully    (Exit mode 0)
            Current function value: 0.16025086505190303
            Iterations: 4
            Function evaluations: 12
            Gradient evaluations: 4
Optimization terminated successfully    (Exit mode 0)
            Current function value: 0.21185661764705868
            Iterations: 5
            Function evaluations: 33
            Gradient evaluations: 5
Optimization terminated successfully    (Exit mode 0)
            Current function value: 0.2179525302768163
            Iterations: 3
            Function evaluations: 26
            Gradient evaluations: 3
Optimization terminated successfully    (Exit mode 0)
            Current function value: 0.15615538494809678
            Iterations: 10
            Function evaluations: 75
            Gradient evaluations: 10
Optimization terminated successfully    (Exit mode 0)
            Current function value: 0.21673605103806226
            Iterations: 2
            Function evaluations: 25
            Gradient evaluations: 2
Optimization terminated successfully    (Exit mode 0)
            Current function value: 0.1165116782006921
            Iterations: 12
            Function evaluations: 108
            Gradient evaluations: 12
Optimization terminated successfully    (Exit mode 0)
            Current function value: 0.19774545847750857
            Iterations: 4
            Function evaluations: 49
            Gradient evaluations: 4
Optimization terminated successfully    (Exit mode 0)
            Current function value: 0.16235942906574374
            Iterations: 5
            Function evaluations: 65
            Gradient evaluations: 5
Optimization terminated successfully    (Exit mode 0)
            Current function value: 0.1598453719723181
            Iterations: 4
            Function evaluations: 57
            Gradient evaluations: 4
Optimization terminated successfully    (Exit mode 0)
            Current function value: 0.126284061418685
            Iterations: 7
            Function evaluations: 100
            Gradient evaluations: 7
corrs 1
sub corrs 10
corrs 2
sub corrs 20
corrs 3
sub corrs 30
corrs 4
sub corrs 40
corrs 5
sub corrs 50
corrs 6
sub corrs 60
corrs 7
sub corrs 70
corrs 8
sub corrs 80
corrs 9
sub corrs 90
corrs 10
sub corrs 100
Optimization terminated successfully    (Exit mode 0)
            Current function value: 0.1439230103806227
            Iterations: 1
            Function evaluations: 2
            Gradient evaluations: 1
Optimization terminated successfully    (Exit mode 0)
            Current function value: 0.35267084775086505
            Iterations: 1
            Function evaluations: 14
            Gradient evaluations: 1
Optimization terminated successfully    (Exit mode 0)
            Current function value: 0.1272031790657438
            Iterations: 5
            Function evaluations: 32
            Gradient evaluations: 5
Optimization terminated successfully    (Exit mode 0)
            Current function value: 0.1253514273356402
            Iterations: 12
            Function evaluations: 75
            Gradient evaluations: 12
Optimization terminated successfully    (Exit mode 0)
            Current function value: 0.12740592560553615
            Iterations: 6
            Function evaluations: 49
            Gradient evaluations: 6
Optimization terminated successfully    (Exit mode 0)
            Current function value: 0.12375648788927326
            Iterations: 7
            Function evaluations: 60
            Gradient evaluations: 7
Optimization terminated successfully    (Exit mode 0)
            Current function value: 0.21658737024221453
            Iterations: 5
            Function evaluations: 52
            Gradient evaluations: 5
Optimization terminated successfully    (Exit mode 0)
            Current function value: 0.11899870242214539
            Iterations: 6
            Function evaluations: 66
            Gradient evaluations: 6
Optimization terminated successfully    (Exit mode 0)
            Current function value: 0.10606347318339104
            Iterations: 11
            Function evaluations: 129
            Gradient evaluations: 11
Optimization terminated successfully    (Exit mode 0)
            Current function value: 0.174510705017301
            Iterations: 6
            Function evaluations: 78
            Gradient evaluations: 6
Optimization terminated successfully    (Exit mode 0)
            Current function value: 0.11406520328719726
            Iterations: 8
            Function evaluations: 111
            Gradient evaluations: 8
 Experiment complete. Results at: /mnt/beegfs/hellgate/home/tp183485/timecorr_trazzp/Cluster_Data/paragraph/paragraph_100_10_10_isfc_IncrementalPCA_50_gaussian.csv
