corrs 1
sub corrs 10
corrs 2
sub corrs 20
corrs 3
sub corrs 30
corrs 4
sub corrs 40
corrs 5
sub corrs 50
corrs 6
sub corrs 60
corrs 7
sub corrs 70
corrs 8
sub corrs 80
corrs 9
sub corrs 90
corrs 10
sub corrs 100
Optimization terminated successfully    (Exit mode 0)
            Current function value: 0.16157547577854658
            Iterations: 1
            Function evaluations: 2
            Gradient evaluations: 1
Optimization terminated successfully    (Exit mode 0)
            Current function value: 0.35765841262975756
            Iterations: 5
            Function evaluations: 29
            Gradient evaluations: 5
Optimization terminated successfully    (Exit mode 0)
            Current function value: 0.3596723615916953
            Iterations: 4
            Function evaluations: 27
            Gradient evaluations: 4
Optimization terminated successfully    (Exit mode 0)
            Current function value: 0.44012218858131497
            Iterations: 2
            Function evaluations: 22
            Gradient evaluations: 2
Optimization terminated successfully    (Exit mode 0)
            Current function value: 0.08515354671280288
            Iterations: 11
            Function evaluations: 79
            Gradient evaluations: 11
Optimization terminated successfully    (Exit mode 0)
            Current function value: 0.08159872404844307
            Iterations: 7
            Function evaluations: 60
            Gradient evaluations: 7
Optimization terminated successfully    (Exit mode 0)
            Current function value: 0.08084180363321816
            Iterations: 8
            Function evaluations: 84
            Gradient evaluations: 8
Optimization terminated successfully    (Exit mode 0)
            Current function value: 0.1434634515570932
            Iterations: 8
            Function evaluations: 86
            Gradient evaluations: 8
Optimization terminated successfully    (Exit mode 0)
            Current function value: 0.0685553633217994
            Iterations: 9
            Function evaluations: 109
            Gradient evaluations: 9
Optimization terminated successfully    (Exit mode 0)
            Current function value: 0.056066176470588334
            Iterations: 13
            Function evaluations: 163
            Gradient evaluations: 13
Optimization terminated successfully    (Exit mode 0)
            Current function value: 0.024262002595155794
            Iterations: 7
            Function evaluations: 101
            Gradient evaluations: 7
corrs 1
sub corrs 10
corrs 2
sub corrs 20
corrs 3
sub corrs 30
corrs 4
sub corrs 40
corrs 5
sub corrs 50
corrs 6
sub corrs 60
corrs 7
sub corrs 70
corrs 8
sub corrs 80
corrs 9
sub corrs 90
corrs 10
sub corrs 100
Optimization terminated successfully    (Exit mode 0)
            Current function value: 0.21247837370242192
            Iterations: 1
            Function evaluations: 2
            Gradient evaluations: 1
Optimization terminated successfully    (Exit mode 0)
            Current function value: 0.3107563797577855
            Iterations: 4
            Function evaluations: 12
            Gradient evaluations: 4
Optimization terminated successfully    (Exit mode 0)
            Current function value: 0.20319258217993064
            Iterations: 4
            Function evaluations: 28
            Gradient evaluations: 4
Optimization terminated successfully    (Exit mode 0)
            Current function value: 0.31151330017301043
            Iterations: 6
            Function evaluations: 41
            Gradient evaluations: 6
Optimization terminated successfully    (Exit mode 0)
            Current function value: 0.08823529411764723
            Iterations: 8
            Function evaluations: 63
            Gradient evaluations: 8
Optimization terminated successfully    (Exit mode 0)
            Current function value: 0.14730211937716275
            Iterations: 4
            Function evaluations: 39
            Gradient evaluations: 4
Optimization terminated successfully    (Exit mode 0)
            Current function value: 0.1271220804498271
            Iterations: 7
            Function evaluations: 67
            Gradient evaluations: 7
Optimization terminated successfully    (Exit mode 0)
            Current function value: 0.14235510380622832
            Iterations: 6
            Function evaluations: 69
            Gradient evaluations: 6
Optimization terminated successfully    (Exit mode 0)
            Current function value: 0.07596237024221464
            Iterations: 11
            Function evaluations: 122
            Gradient evaluations: 11
Optimization terminated successfully    (Exit mode 0)
            Current function value: 0.14431498702422174
            Iterations: 3
            Function evaluations: 48
            Gradient evaluations: 3
Optimization terminated successfully    (Exit mode 0)
            Current function value: 0.029763192041522564
            Iterations: 6
            Function evaluations: 88
            Gradient evaluations: 6
 Experiment complete. Results at: /mnt/beegfs/hellgate/home/tp183485/timecorr_trazzp/Cluster_Data/paragraph/paragraph_100_10_10_isfc_IncrementalPCA_50_mexican_hat.csv
