corrs 1
sub corrs 10
corrs 2
sub corrs 20
corrs 3
sub corrs 30
corrs 4
sub corrs 40
corrs 5
sub corrs 50
corrs 6
sub corrs 60
corrs 7
sub corrs 70
corrs 8
sub corrs 80
corrs 9
sub corrs 90
corrs 10
sub corrs 100
Optimization terminated successfully    (Exit mode 0)
            Current function value: 0.1654682093425602
            Iterations: 1
            Function evaluations: 2
            Gradient evaluations: 1
Optimization terminated successfully    (Exit mode 0)
            Current function value: 0.1619809688581312
            Iterations: 3
            Function evaluations: 20
            Gradient evaluations: 3
Optimization terminated successfully    (Exit mode 0)
            Current function value: 0.1524924307958475
            Iterations: 4
            Function evaluations: 27
            Gradient evaluations: 4
Optimization terminated successfully    (Exit mode 0)
            Current function value: 0.1524924307958475
            Iterations: 3
            Function evaluations: 26
            Gradient evaluations: 3
Optimization terminated successfully    (Exit mode 0)
            Current function value: 0.1227292387543251
            Iterations: 6
            Function evaluations: 50
            Gradient evaluations: 6
Optimization terminated successfully    (Exit mode 0)
            Current function value: 0.11857969290657436
            Iterations: 5
            Function evaluations: 47
            Gradient evaluations: 5
Optimization terminated successfully    (Exit mode 0)
            Current function value: 0.12139111159169544
            Iterations: 5
            Function evaluations: 52
            Gradient evaluations: 5
Optimization terminated successfully    (Exit mode 0)
            Current function value: 0.1284196583044981
            Iterations: 4
            Function evaluations: 47
            Gradient evaluations: 4
Optimization terminated successfully    (Exit mode 0)
            Current function value: 0.1426524653979239
            Iterations: 5
            Function evaluations: 61
            Gradient evaluations: 5
Optimization terminated successfully    (Exit mode 0)
            Current function value: 0.11201070501730111
            Iterations: 4
            Function evaluations: 57
            Gradient evaluations: 4
Optimization terminated successfully    (Exit mode 0)
            Current function value: 0.11219993512110737
            Iterations: 7
            Function evaluations: 98
            Gradient evaluations: 7
corrs 1
sub corrs 10
corrs 2
sub corrs 20
corrs 3
sub corrs 30
corrs 4
sub corrs 40
corrs 5
sub corrs 50
corrs 6
sub corrs 60
corrs 7
sub corrs 70
corrs 8
sub corrs 80
corrs 9
sub corrs 90
corrs 10
sub corrs 100
Optimization terminated successfully    (Exit mode 0)
            Current function value: 0.18591857698961914
            Iterations: 1
            Function evaluations: 2
            Gradient evaluations: 1
Optimization terminated successfully    (Exit mode 0)
            Current function value: 0.1899599913494808
            Iterations: 3
            Function evaluations: 22
            Gradient evaluations: 3
Optimization terminated successfully    (Exit mode 0)
            Current function value: 0.1726184039792385
            Iterations: 8
            Function evaluations: 45
            Gradient evaluations: 8
Optimization terminated successfully    (Exit mode 0)
            Current function value: 0.23575367647058817
            Iterations: 1
            Function evaluations: 16
            Gradient evaluations: 1
Optimization terminated successfully    (Exit mode 0)
            Current function value: 0.13631325692041496
            Iterations: 8
            Function evaluations: 63
            Gradient evaluations: 8
Optimization terminated successfully    (Exit mode 0)
            Current function value: 0.13548875432525917
            Iterations: 11
            Function evaluations: 97
            Gradient evaluations: 11
Optimization terminated successfully    (Exit mode 0)
            Current function value: 0.13523194204152225
            Iterations: 5
            Function evaluations: 55
            Gradient evaluations: 5
Optimization terminated successfully    (Exit mode 0)
            Current function value: 0.13255568771626278
            Iterations: 8
            Function evaluations: 85
            Gradient evaluations: 8
Optimization terminated successfully    (Exit mode 0)
            Current function value: 0.13025789359861573
            Iterations: 5
            Function evaluations: 61
            Gradient evaluations: 5
Optimization terminated successfully    (Exit mode 0)
            Current function value: 0.13273140138408293
            Iterations: 6
            Function evaluations: 93
            Gradient evaluations: 6
Optimization terminated successfully    (Exit mode 0)
            Current function value: 0.12390516868512101
            Iterations: 6
            Function evaluations: 87
            Gradient evaluations: 6
 Experiment complete. Results at: /mnt/beegfs/hellgate/home/tp183485/timecorr_trazzp/Cluster_Data/paragraph/paragraph_100_10_10_isfc_TruncatedSVD_30_gaussian.csv
