corrs 1
sub corrs 10
corrs 2
sub corrs 20
corrs 3
sub corrs 30
corrs 4
sub corrs 40
corrs 5
sub corrs 50
corrs 6
sub corrs 60
corrs 7
sub corrs 70
corrs 8
sub corrs 80
corrs 9
sub corrs 90
corrs 10
sub corrs 100
Optimization terminated successfully    (Exit mode 0)
            Current function value: 0.1704963235294117
            Iterations: 1
            Function evaluations: 2
            Gradient evaluations: 1
Optimization terminated successfully    (Exit mode 0)
            Current function value: 0.27165333044982687
            Iterations: 1
            Function evaluations: 14
            Gradient evaluations: 1
Optimization terminated successfully    (Exit mode 0)
            Current function value: 0.08393706747404854
            Iterations: 4
            Function evaluations: 29
            Gradient evaluations: 4
Optimization terminated successfully    (Exit mode 0)
            Current function value: 0.0922226427335641
            Iterations: 11
            Function evaluations: 75
            Gradient evaluations: 11
Optimization terminated successfully    (Exit mode 0)
            Current function value: 0.07429984861591707
            Iterations: 2
            Function evaluations: 23
            Gradient evaluations: 2
Optimization terminated successfully    (Exit mode 0)
            Current function value: 0.02649221453287202
            Iterations: 6
            Function evaluations: 60
            Gradient evaluations: 6
Optimization terminated successfully    (Exit mode 0)
            Current function value: 0.03149329584775094
            Iterations: 6
            Function evaluations: 61
            Gradient evaluations: 6
Optimization terminated successfully    (Exit mode 0)
            Current function value: 0.021450583910034644
            Iterations: 8
            Function evaluations: 91
            Gradient evaluations: 8
Optimization terminated successfully    (Exit mode 0)
            Current function value: 0.040251946366782074
            Iterations: 4
            Function evaluations: 60
            Gradient evaluations: 4
Optimization terminated successfully    (Exit mode 0)
            Current function value: 0.028330449826989686
            Iterations: 5
            Function evaluations: 67
            Gradient evaluations: 5
Optimization terminated successfully    (Exit mode 0)
            Current function value: 0.026384083044982777
            Iterations: 10
            Function evaluations: 143
            Gradient evaluations: 10
corrs 1
sub corrs 10
corrs 2
sub corrs 20
corrs 3
sub corrs 30
corrs 4
sub corrs 40
corrs 5
sub corrs 50
corrs 6
sub corrs 60
corrs 7
sub corrs 70
corrs 8
sub corrs 80
corrs 9
sub corrs 90
corrs 10
sub corrs 100
Optimization terminated successfully    (Exit mode 0)
            Current function value: 0.17515949394463642
            Iterations: 1
            Function evaluations: 2
            Gradient evaluations: 1
Optimization terminated successfully    (Exit mode 0)
            Current function value: 0.1735240051903112
            Iterations: 7
            Function evaluations: 33
            Gradient evaluations: 7
Optimization terminated successfully    (Exit mode 0)
            Current function value: 0.06339208477508664
            Iterations: 3
            Function evaluations: 12
            Gradient evaluations: 3
Optimization terminated successfully    (Exit mode 0)
            Current function value: 0.08005785034602086
            Iterations: 5
            Function evaluations: 37
            Gradient evaluations: 5
Optimization terminated successfully    (Exit mode 0)
            Current function value: 0.07148842993079589
            Iterations: 9
            Function evaluations: 76
            Gradient evaluations: 9
Optimization terminated successfully    (Exit mode 0)
            Current function value: 0.031763624567474114
            Iterations: 15
            Function evaluations: 122
            Gradient evaluations: 15
Optimization terminated successfully    (Exit mode 0)
            Current function value: 0.026235402249135002
            Iterations: 7
            Function evaluations: 68
            Gradient evaluations: 7
Optimization terminated successfully    (Exit mode 0)
            Current function value: 0.027546496539792423
            Iterations: 7
            Function evaluations: 75
            Gradient evaluations: 7
Optimization terminated successfully    (Exit mode 0)
            Current function value: 0.0531331098615918
            Iterations: 2
            Function evaluations: 33
            Gradient evaluations: 2
Optimization terminated successfully    (Exit mode 0)
            Current function value: 0.025370350346020806
            Iterations: 10
            Function evaluations: 130
            Gradient evaluations: 10
Optimization terminated successfully    (Exit mode 0)
            Current function value: 0.0260326557093426
            Iterations: 6
            Function evaluations: 85
            Gradient evaluations: 6
 Experiment complete. Results at: /mnt/beegfs/hellgate/home/tp183485/timecorr_trazzp/Cluster_Data/paragraph/paragraph_100_10_10_isfc_TruncatedSVD_50_mexican_hat.csv
