corrs 1
sub corrs 10
corrs 2
sub corrs 20
corrs 3
sub corrs 30
corrs 4
sub corrs 40
corrs 5
sub corrs 50
corrs 6
sub corrs 60
corrs 7
sub corrs 70
corrs 8
sub corrs 80
corrs 9
sub corrs 90
corrs 10
sub corrs 100
Optimization terminated successfully    (Exit mode 0)
            Current function value: 0.1826475994809686
            Iterations: 1
            Function evaluations: 2
            Gradient evaluations: 1
Optimization terminated successfully    (Exit mode 0)
            Current function value: 0.1826475994809686
            Iterations: 3
            Function evaluations: 9
            Gradient evaluations: 3
Optimization terminated successfully    (Exit mode 0)
            Current function value: 0.27505947231833905
            Iterations: 6
            Function evaluations: 38
            Gradient evaluations: 6
Optimization terminated successfully    (Exit mode 0)
            Current function value: 0.16029141435986133
            Iterations: 2
            Function evaluations: 23
            Gradient evaluations: 2
Optimization terminated successfully    (Exit mode 0)
            Current function value: 0.13765138408304484
            Iterations: 8
            Function evaluations: 63
            Gradient evaluations: 8
Optimization terminated successfully    (Exit mode 0)
            Current function value: 0.11417333477508651
            Iterations: 8
            Function evaluations: 68
            Gradient evaluations: 8
Optimization terminated successfully    (Exit mode 0)
            Current function value: 0.10303579152249143
            Iterations: 10
            Function evaluations: 103
            Gradient evaluations: 10
Optimization terminated successfully    (Exit mode 0)
            Current function value: 0.11766057525951563
            Iterations: 4
            Function evaluations: 49
            Gradient evaluations: 4
Optimization terminated successfully    (Exit mode 0)
            Current function value: 0.10596885813148794
            Iterations: 5
            Function evaluations: 62
            Gradient evaluations: 5
Optimization terminated successfully    (Exit mode 0)
            Current function value: 0.12076935553633217
            Iterations: 9
            Function evaluations: 117
            Gradient evaluations: 9
Optimization terminated successfully    (Exit mode 0)
            Current function value: 0.10629325259515573
            Iterations: 8
            Function evaluations: 112
            Gradient evaluations: 8
corrs 1
sub corrs 10
corrs 2
sub corrs 20
corrs 3
sub corrs 30
corrs 4
sub corrs 40
corrs 5
sub corrs 50
corrs 6
sub corrs 60
corrs 7
sub corrs 70
corrs 8
sub corrs 80
corrs 9
sub corrs 90
corrs 10
sub corrs 100
Optimization terminated successfully    (Exit mode 0)
            Current function value: 0.16007515138408274
            Iterations: 1
            Function evaluations: 2
            Gradient evaluations: 1
Optimization terminated successfully    (Exit mode 0)
            Current function value: 0.15268166089965374
            Iterations: 5
            Function evaluations: 27
            Gradient evaluations: 5
Optimization terminated successfully    (Exit mode 0)
            Current function value: 0.15096507352941152
            Iterations: 5
            Function evaluations: 35
            Gradient evaluations: 5
Optimization terminated successfully    (Exit mode 0)
            Current function value: 0.14973507785467102
            Iterations: 5
            Function evaluations: 39
            Gradient evaluations: 5
Optimization terminated successfully    (Exit mode 0)
            Current function value: 0.11820123269896182
            Iterations: 6
            Function evaluations: 51
            Gradient evaluations: 6
Optimization terminated successfully    (Exit mode 0)
            Current function value: 0.11505190311418691
            Iterations: 5
            Function evaluations: 46
            Gradient evaluations: 5
Optimization terminated successfully    (Exit mode 0)
            Current function value: 0.16569798875432487
            Iterations: 8
            Function evaluations: 82
            Gradient evaluations: 8
Optimization terminated successfully    (Exit mode 0)
            Current function value: 0.1138894896193772
            Iterations: 7
            Function evaluations: 76
            Gradient evaluations: 7
Optimization terminated successfully    (Exit mode 0)
            Current function value: 0.10890192474048449
            Iterations: 10
            Function evaluations: 121
            Gradient evaluations: 10
Optimization terminated successfully    (Exit mode 0)
            Current function value: 0.10171118079584775
            Iterations: 11
            Function evaluations: 141
            Gradient evaluations: 11
Optimization terminated successfully    (Exit mode 0)
            Current function value: 0.12487835207612437
            Iterations: 9
            Function evaluations: 124
            Gradient evaluations: 9
 Experiment complete. Results at: /mnt/beegfs/hellgate/home/tp183485/timecorr_trazzp/Cluster_Data/paragraph/paragraph_100_10_10_isfc_IncrementalPCA_10_laplace.csv
