corrs 1
sub corrs 10
corrs 2
sub corrs 20
corrs 3
sub corrs 30
corrs 4
sub corrs 40
corrs 5
sub corrs 50
corrs 6
sub corrs 60
corrs 7
sub corrs 70
corrs 8
sub corrs 80
corrs 9
sub corrs 90
corrs 10
sub corrs 100
Optimization terminated successfully    (Exit mode 0)
            Current function value: 0.20657169117647045
            Iterations: 1
            Function evaluations: 2
            Gradient evaluations: 1
Optimization terminated successfully    (Exit mode 0)
            Current function value: 0.21477616782006892
            Iterations: 2
            Function evaluations: 17
            Gradient evaluations: 2
Optimization terminated successfully    (Exit mode 0)
            Current function value: 0.20970750432525928
            Iterations: 6
            Function evaluations: 37
            Gradient evaluations: 6
Optimization terminated successfully    (Exit mode 0)
            Current function value: 0.03033088235294122
            Iterations: 1
            Function evaluations: 16
            Gradient evaluations: 1
Optimization terminated successfully    (Exit mode 0)
            Current function value: 0.02432958477508653
            Iterations: 12
            Function evaluations: 88
            Gradient evaluations: 12
Optimization terminated successfully    (Exit mode 0)
            Current function value: 0.021031574394463712
            Iterations: 5
            Function evaluations: 55
            Gradient evaluations: 5
Optimization terminated successfully    (Exit mode 0)
            Current function value: 0.022612997404844334
            Iterations: 3
            Function evaluations: 35
            Gradient evaluations: 3
Optimization terminated successfully    (Exit mode 0)
            Current function value: 0.010515787197231855
            Iterations: 12
            Function evaluations: 123
            Gradient evaluations: 12
Optimization terminated successfully    (Exit mode 0)
            Current function value: 0.011394355536332194
            Iterations: 5
            Function evaluations: 61
            Gradient evaluations: 5
Optimization terminated successfully    (Exit mode 0)
            Current function value: 0.010596885813148802
            Iterations: 12
            Function evaluations: 145
            Gradient evaluations: 12
Optimization terminated successfully    (Exit mode 0)
            Current function value: 0.010015679065743958
            Iterations: 13
            Function evaluations: 170
            Gradient evaluations: 13
corrs 1
sub corrs 10
corrs 2
sub corrs 20
corrs 3
sub corrs 30
corrs 4
sub corrs 40
corrs 5
sub corrs 50
corrs 6
sub corrs 60
corrs 7
sub corrs 70
corrs 8
sub corrs 80
corrs 9
sub corrs 90
corrs 10
sub corrs 100
Optimization terminated successfully    (Exit mode 0)
            Current function value: 0.19446096453287165
            Iterations: 1
            Function evaluations: 2
            Gradient evaluations: 1
Optimization terminated successfully    (Exit mode 0)
            Current function value: 0.2329692906574394
            Iterations: 1
            Function evaluations: 14
            Gradient evaluations: 1
Optimization terminated successfully    (Exit mode 0)
            Current function value: 0.23215830449826977
            Iterations: 5
            Function evaluations: 33
            Gradient evaluations: 5
Optimization terminated successfully    (Exit mode 0)
            Current function value: 0.031128352076124605
            Iterations: 6
            Function evaluations: 48
            Gradient evaluations: 6
Optimization terminated successfully    (Exit mode 0)
            Current function value: 0.024870242214532923
            Iterations: 11
            Function evaluations: 83
            Gradient evaluations: 11
Optimization terminated successfully    (Exit mode 0)
            Current function value: 0.02254541522491355
            Iterations: 12
            Function evaluations: 99
            Gradient evaluations: 12
Optimization terminated successfully    (Exit mode 0)
            Current function value: 0.014881596020761282
            Iterations: 14
            Function evaluations: 132
            Gradient evaluations: 14
Optimization terminated successfully    (Exit mode 0)
            Current function value: 0.009502054498269913
            Iterations: 10
            Function evaluations: 103
            Gradient evaluations: 10
Optimization terminated successfully    (Exit mode 0)
            Current function value: 0.013367755190311453
            Iterations: 12
            Function evaluations: 137
            Gradient evaluations: 12
Optimization terminated successfully    (Exit mode 0)
            Current function value: 0.014746431660899688
            Iterations: 7
            Function evaluations: 88
            Gradient evaluations: 7
Optimization terminated successfully    (Exit mode 0)
            Current function value: 0.015422253460207643
            Iterations: 11
            Function evaluations: 148
            Gradient evaluations: 11
 Experiment complete. Results at: /mnt/beegfs/hellgate/home/tp183485/timecorr_trazzp/Cluster_Data/paragraph/paragraph_700_10_10_isfc_TruncatedSVD_30_laplace.csv
