corrs 1
sub corrs 10
corrs 2
sub corrs 20
corrs 3
sub corrs 30
corrs 4
sub corrs 40
corrs 5
sub corrs 50
corrs 6
sub corrs 60
corrs 7
sub corrs 70
corrs 8
sub corrs 80
corrs 9
sub corrs 90
corrs 10
sub corrs 100
Optimization terminated successfully    (Exit mode 0)
            Current function value: 0.19159548010380614
            Iterations: 1
            Function evaluations: 2
            Gradient evaluations: 1
Optimization terminated successfully    (Exit mode 0)
            Current function value: 0.1256893382352941
            Iterations: 2
            Function evaluations: 17
            Gradient evaluations: 2
Optimization terminated successfully    (Exit mode 0)
            Current function value: 0.12447285899653975
            Iterations: 3
            Function evaluations: 23
            Gradient evaluations: 3
Optimization terminated successfully    (Exit mode 0)
            Current function value: 0.07534061418685131
            Iterations: 3
            Function evaluations: 26
            Gradient evaluations: 3
Optimization terminated successfully    (Exit mode 0)
            Current function value: 0.04984861591695505
            Iterations: 15
            Function evaluations: 114
            Gradient evaluations: 15
Optimization terminated successfully    (Exit mode 0)
            Current function value: 0.03265570934256061
            Iterations: 10
            Function evaluations: 85
            Gradient evaluations: 10
Optimization terminated successfully    (Exit mode 0)
            Current function value: 0.03987348615916959
            Iterations: 9
            Function evaluations: 83
            Gradient evaluations: 9
Optimization terminated successfully    (Exit mode 0)
            Current function value: 0.015003243944636695
            Iterations: 12
            Function evaluations: 120
            Gradient evaluations: 12
Optimization terminated successfully    (Exit mode 0)
            Current function value: 0.019531250000000003
            Iterations: 4
            Function evaluations: 51
            Gradient evaluations: 4
Optimization terminated successfully    (Exit mode 0)
            Current function value: 0.023342884948096887
            Iterations: 1
            Function evaluations: 22
            Gradient evaluations: 1
Optimization terminated successfully    (Exit mode 0)
            Current function value: 0.016246756055363337
            Iterations: 4
            Function evaluations: 59
            Gradient evaluations: 4
corrs 1
sub corrs 10
corrs 2
sub corrs 20
corrs 3
sub corrs 30
corrs 4
sub corrs 40
corrs 5
sub corrs 50
corrs 6
sub corrs 60
corrs 7
sub corrs 70
corrs 8
sub corrs 80
corrs 9
sub corrs 90
corrs 10
sub corrs 100
Optimization terminated successfully    (Exit mode 0)
            Current function value: 0.19708315311418675
            Iterations: 1
            Function evaluations: 2
            Gradient evaluations: 1
Optimization terminated successfully    (Exit mode 0)
            Current function value: 0.10968587802768182
            Iterations: 3
            Function evaluations: 20
            Gradient evaluations: 3
Optimization terminated successfully    (Exit mode 0)
            Current function value: 0.13004163062283708
            Iterations: 1
            Function evaluations: 15
            Gradient evaluations: 1
Optimization terminated successfully    (Exit mode 0)
            Current function value: 0.056025627162629814
            Iterations: 9
            Function evaluations: 57
            Gradient evaluations: 9
Optimization terminated successfully    (Exit mode 0)
            Current function value: 0.06199989186851213
            Iterations: 11
            Function evaluations: 86
            Gradient evaluations: 11
Optimization terminated successfully    (Exit mode 0)
            Current function value: 0.031060769896193847
            Iterations: 7
            Function evaluations: 61
            Gradient evaluations: 7
Optimization terminated successfully    (Exit mode 0)
            Current function value: 0.027749243079584828
            Iterations: 11
            Function evaluations: 103
            Gradient evaluations: 11
Optimization terminated successfully    (Exit mode 0)
            Current function value: 0.012894679930795868
            Iterations: 14
            Function evaluations: 141
            Gradient evaluations: 14
Optimization terminated successfully    (Exit mode 0)
            Current function value: 0.02316717128027678
            Iterations: 1
            Function evaluations: 21
            Gradient evaluations: 1
Optimization terminated successfully    (Exit mode 0)
            Current function value: 0.01813905709342562
            Iterations: 7
            Function evaluations: 94
            Gradient evaluations: 7
Optimization terminated successfully    (Exit mode 0)
            Current function value: 0.024491782006920402
            Iterations: 1
            Function evaluations: 23
            Gradient evaluations: 1
 Experiment complete. Results at: /mnt/beegfs/hellgate/home/tp183485/timecorr_trazzp/Cluster_Data/paragraph/paragraph_700_10_10_isfc_TruncatedSVD_25_laplace.csv
