corrs 1
sub corrs 10
corrs 2
sub corrs 20
corrs 3
sub corrs 30
corrs 4
sub corrs 40
corrs 5
sub corrs 50
corrs 6
sub corrs 60
corrs 7
sub corrs 70
corrs 8
sub corrs 80
corrs 9
sub corrs 90
corrs 10
sub corrs 100
Optimization terminated successfully    (Exit mode 0)
            Current function value: 0.18689176038062263
            Iterations: 1
            Function evaluations: 2
            Gradient evaluations: 1
Optimization terminated successfully    (Exit mode 0)
            Current function value: 0.18689176038062263
            Iterations: 3
            Function evaluations: 9
            Gradient evaluations: 3
Optimization terminated successfully    (Exit mode 0)
            Current function value: 0.2152627595155707
            Iterations: 3
            Function evaluations: 25
            Gradient evaluations: 3
Optimization terminated successfully    (Exit mode 0)
            Current function value: 0.18875702854671242
            Iterations: 10
            Function evaluations: 52
            Gradient evaluations: 10
Optimization terminated successfully    (Exit mode 0)
            Current function value: 0.046104563148788996
            Iterations: 11
            Function evaluations: 83
            Gradient evaluations: 11
Optimization terminated successfully    (Exit mode 0)
            Current function value: 0.05626892301038067
            Iterations: 20
            Function evaluations: 168
            Gradient evaluations: 20
Optimization terminated successfully    (Exit mode 0)
            Current function value: 0.08313959775086509
            Iterations: 7
            Function evaluations: 71
            Gradient evaluations: 7
Optimization terminated successfully    (Exit mode 0)
            Current function value: 0.04959180363321803
            Iterations: 16
            Function evaluations: 167
            Gradient evaluations: 16
Optimization terminated successfully    (Exit mode 0)
            Current function value: 0.06487889273356408
            Iterations: 15
            Function evaluations: 171
            Gradient evaluations: 15
Optimization terminated successfully    (Exit mode 0)
            Current function value: 0.045496323529411825
            Iterations: 16
            Function evaluations: 202
            Gradient evaluations: 16
Optimization terminated successfully    (Exit mode 0)
            Current function value: 0.0371431660899655
            Iterations: 11
            Function evaluations: 151
            Gradient evaluations: 11
corrs 1
sub corrs 10
corrs 2
sub corrs 20
corrs 3
sub corrs 30
corrs 4
sub corrs 40
corrs 5
sub corrs 50
corrs 6
sub corrs 60
corrs 7
sub corrs 70
corrs 8
sub corrs 80
corrs 9
sub corrs 90
corrs 10
sub corrs 100
Optimization terminated successfully    (Exit mode 0)
            Current function value: 0.18022815743944628
            Iterations: 1
            Function evaluations: 2
            Gradient evaluations: 1
Optimization terminated successfully    (Exit mode 0)
            Current function value: 0.18022815743944628
            Iterations: 2
            Function evaluations: 6
            Gradient evaluations: 2
Optimization terminated successfully    (Exit mode 0)
            Current function value: 0.11555201124567477
            Iterations: 4
            Function evaluations: 28
            Gradient evaluations: 4
Optimization terminated successfully    (Exit mode 0)
            Current function value: 0.11867430795847757
            Iterations: 9
            Function evaluations: 57
            Gradient evaluations: 9
Optimization terminated successfully    (Exit mode 0)
            Current function value: 0.0480374134948097
            Iterations: 12
            Function evaluations: 90
            Gradient evaluations: 12
Optimization terminated successfully    (Exit mode 0)
            Current function value: 0.04957828719723184
            Iterations: 7
            Function evaluations: 65
            Gradient evaluations: 7
Optimization terminated successfully    (Exit mode 0)
            Current function value: 0.049551254325259524
            Iterations: 5
            Function evaluations: 52
            Gradient evaluations: 5
Optimization terminated successfully    (Exit mode 0)
            Current function value: 0.09235780709342563
            Iterations: 10
            Function evaluations: 105
            Gradient evaluations: 10
Optimization terminated successfully    (Exit mode 0)
            Current function value: 0.05564716695501733
            Iterations: 7
            Function evaluations: 84
            Gradient evaluations: 7
Optimization terminated successfully    (Exit mode 0)
            Current function value: 0.10161656574394465
            Iterations: 2
            Function evaluations: 33
            Gradient evaluations: 2
Optimization terminated successfully    (Exit mode 0)
            Current function value: 0.03773788927335646
            Iterations: 11
            Function evaluations: 147
            Gradient evaluations: 11
 Experiment complete. Results at: /mnt/beegfs/hellgate/home/tp183485/timecorr_trazzp/Cluster_Data/paragraph/paragraph_700_10_10_isfc_IncrementalPCA_15_mexican_hat.csv
