corrs 1
sub corrs 10
corrs 2
sub corrs 20
corrs 3
sub corrs 30
corrs 4
sub corrs 40
corrs 5
sub corrs 50
corrs 6
sub corrs 60
corrs 7
sub corrs 70
corrs 8
sub corrs 80
corrs 9
sub corrs 90
corrs 10
sub corrs 100
Optimization terminated successfully    (Exit mode 0)
            Current function value: 0.17645707179930784
            Iterations: 1
            Function evaluations: 2
            Gradient evaluations: 1
Optimization terminated successfully    (Exit mode 0)
            Current function value: 0.17453773788927324
            Iterations: 3
            Function evaluations: 21
            Gradient evaluations: 3
Optimization terminated successfully    (Exit mode 0)
            Current function value: 0.12797361591695505
            Iterations: 6
            Function evaluations: 35
            Gradient evaluations: 6
Optimization terminated successfully    (Exit mode 0)
            Current function value: 0.11409223615916966
            Iterations: 6
            Function evaluations: 46
            Gradient evaluations: 6
Optimization terminated successfully    (Exit mode 0)
            Current function value: 0.11249729671280288
            Iterations: 4
            Function evaluations: 36
            Gradient evaluations: 4
Optimization terminated successfully    (Exit mode 0)
            Current function value: 0.1052119377162631
            Iterations: 9
            Function evaluations: 81
            Gradient evaluations: 9
Optimization terminated successfully    (Exit mode 0)
            Current function value: 0.11734969723183405
            Iterations: 4
            Function evaluations: 45
            Gradient evaluations: 4
Optimization terminated successfully    (Exit mode 0)
            Current function value: 0.10153546712802777
            Iterations: 10
            Function evaluations: 107
            Gradient evaluations: 10
Optimization terminated successfully    (Exit mode 0)
            Current function value: 0.09884569636678212
            Iterations: 7
            Function evaluations: 86
            Gradient evaluations: 7
Optimization terminated successfully    (Exit mode 0)
            Current function value: 0.10718533737024226
            Iterations: 4
            Function evaluations: 56
            Gradient evaluations: 4
Optimization terminated successfully    (Exit mode 0)
            Current function value: 0.09043847318339111
            Iterations: 4
            Function evaluations: 59
            Gradient evaluations: 4
corrs 1
sub corrs 10
corrs 2
sub corrs 20
corrs 3
sub corrs 30
corrs 4
sub corrs 40
corrs 5
sub corrs 50
corrs 6
sub corrs 60
corrs 7
sub corrs 70
corrs 8
sub corrs 80
corrs 9
sub corrs 90
corrs 10
sub corrs 100
Optimization terminated successfully    (Exit mode 0)
            Current function value: 0.19469074394463645
            Iterations: 1
            Function evaluations: 2
            Gradient evaluations: 1
Optimization terminated successfully    (Exit mode 0)
            Current function value: 0.21412737889273334
            Iterations: 1
            Function evaluations: 14
            Gradient evaluations: 1
Optimization terminated successfully    (Exit mode 0)
            Current function value: 0.19679930795847736
            Iterations: 4
            Function evaluations: 28
            Gradient evaluations: 4
Optimization terminated successfully    (Exit mode 0)
            Current function value: 0.14108455882352938
            Iterations: 6
            Function evaluations: 44
            Gradient evaluations: 6
Optimization terminated successfully    (Exit mode 0)
            Current function value: 0.13636732266435986
            Iterations: 7
            Function evaluations: 56
            Gradient evaluations: 7
Optimization terminated successfully    (Exit mode 0)
            Current function value: 0.13075800173010382
            Iterations: 5
            Function evaluations: 47
            Gradient evaluations: 5
Optimization terminated successfully    (Exit mode 0)
            Current function value: 0.1083612673010382
            Iterations: 9
            Function evaluations: 89
            Gradient evaluations: 9
Optimization terminated successfully    (Exit mode 0)
            Current function value: 0.11395707179930813
            Iterations: 5
            Function evaluations: 58
            Gradient evaluations: 5
Optimization terminated successfully    (Exit mode 0)
            Current function value: 0.10273842993079599
            Iterations: 6
            Function evaluations: 84
            Gradient evaluations: 6
Optimization terminated successfully    (Exit mode 0)
            Current function value: 0.0985888840830451
            Iterations: 3
            Function evaluations: 44
            Gradient evaluations: 3
Optimization terminated successfully    (Exit mode 0)
            Current function value: 0.09812932525951569
            Iterations: 3
            Function evaluations: 49
            Gradient evaluations: 3
 Experiment complete. Results at: /mnt/beegfs/hellgate/home/tp183485/timecorr_trazzp/Cluster_Data/paragraph/paragraph_700_10_10_isfc_FactorAnalysis_20_laplace.csv
