corrs 1
sub corrs 10
corrs 2
sub corrs 20
corrs 3
sub corrs 30
corrs 4
sub corrs 40
corrs 5
sub corrs 50
corrs 6
sub corrs 60
corrs 7
sub corrs 70
corrs 8
sub corrs 80
corrs 9
sub corrs 90
corrs 10
sub corrs 100
Optimization terminated successfully    (Exit mode 0)
            Current function value: 0.2107212370242213
            Iterations: 1
            Function evaluations: 2
            Gradient evaluations: 1
Optimization terminated successfully    (Exit mode 0)
            Current function value: 0.2107212370242213
            Iterations: 5
            Function evaluations: 15
            Gradient evaluations: 5
Optimization terminated successfully    (Exit mode 0)
            Current function value: 0.24844560986159145
            Iterations: 5
            Function evaluations: 20
            Gradient evaluations: 5
Optimization terminated successfully    (Exit mode 0)
            Current function value: 0.09799416089965408
            Iterations: 9
            Function evaluations: 58
            Gradient evaluations: 9
Optimization terminated successfully    (Exit mode 0)
            Current function value: 0.09933228806228384
            Iterations: 8
            Function evaluations: 64
            Gradient evaluations: 8
Optimization terminated successfully    (Exit mode 0)
            Current function value: 0.029803741349481064
            Iterations: 9
            Function evaluations: 82
            Gradient evaluations: 9
Optimization terminated successfully    (Exit mode 0)
            Current function value: 0.03619701557093435
            Iterations: 21
            Function evaluations: 189
            Gradient evaluations: 21
Optimization terminated successfully    (Exit mode 0)
            Current function value: 0.03500756920415234
            Iterations: 6
            Function evaluations: 70
            Gradient evaluations: 6
Optimization terminated successfully    (Exit mode 0)
            Current function value: 0.03361537629757796
            Iterations: 6
            Function evaluations: 73
            Gradient evaluations: 6
Optimization terminated successfully    (Exit mode 0)
            Current function value: 0.024775627162629852
            Iterations: 8
            Function evaluations: 103
            Gradient evaluations: 8
Optimization terminated successfully    (Exit mode 0)
            Current function value: 0.019598832179930862
            Iterations: 8
            Function evaluations: 112
            Gradient evaluations: 8
corrs 1
sub corrs 10
corrs 2
sub corrs 20
corrs 3
sub corrs 30
corrs 4
sub corrs 40
corrs 5
sub corrs 50
corrs 6
sub corrs 60
corrs 7
sub corrs 70
corrs 8
sub corrs 80
corrs 9
sub corrs 90
corrs 10
sub corrs 100
Optimization terminated successfully    (Exit mode 0)
            Current function value: 0.2085180579584771
            Iterations: 1
            Function evaluations: 2
            Gradient evaluations: 1
Optimization terminated successfully    (Exit mode 0)
            Current function value: 0.398018490484429
            Iterations: 5
            Function evaluations: 29
            Gradient evaluations: 5
Optimization terminated successfully    (Exit mode 0)
            Current function value: 0.13132569204152245
            Iterations: 9
            Function evaluations: 56
            Gradient evaluations: 9
Optimization terminated successfully    (Exit mode 0)
            Current function value: 0.09118187716262989
            Iterations: 9
            Function evaluations: 58
            Gradient evaluations: 9
Optimization terminated successfully    (Exit mode 0)
            Current function value: 0.09323637543252603
            Iterations: 9
            Function evaluations: 73
            Gradient evaluations: 9
Optimization terminated successfully    (Exit mode 0)
            Current function value: 0.026316500865051943
            Iterations: 10
            Function evaluations: 89
            Gradient evaluations: 10
Optimization terminated successfully    (Exit mode 0)
            Current function value: 0.06954206314878897
            Iterations: 8
            Function evaluations: 80
            Gradient evaluations: 8
Optimization terminated successfully    (Exit mode 0)
            Current function value: 0.021099156574394536
            Iterations: 6
            Function evaluations: 68
            Gradient evaluations: 6
Optimization terminated successfully    (Exit mode 0)
            Current function value: 0.019571799307958538
            Iterations: 6
            Function evaluations: 76
            Gradient evaluations: 6
Optimization terminated successfully    (Exit mode 0)
            Current function value: 0.06605482266435986
            Iterations: 6
            Function evaluations: 78
            Gradient evaluations: 6
Optimization terminated successfully    (Exit mode 0)
            Current function value: 0.029100886678200745
            Iterations: 8
            Function evaluations: 114
            Gradient evaluations: 8
 Experiment complete. Results at: /mnt/beegfs/hellgate/home/tp183485/timecorr_trazzp/Cluster_Data/paragraph/paragraph_100_10_10_isfc_PCA_45_mexican_hat.csv
