corrs 1
sub corrs 10
corrs 2
sub corrs 20
corrs 3
sub corrs 30
corrs 4
sub corrs 40
corrs 5
sub corrs 50
corrs 6
sub corrs 60
corrs 7
sub corrs 70
corrs 8
sub corrs 80
corrs 9
sub corrs 90
corrs 10
sub corrs 100
Optimization terminated successfully    (Exit mode 0)
            Current function value: 0.20666630622837356
            Iterations: 1
            Function evaluations: 2
            Gradient evaluations: 1
Optimization terminated successfully    (Exit mode 0)
            Current function value: 0.39824826989619355
            Iterations: 2
            Function evaluations: 18
            Gradient evaluations: 2
Optimization terminated successfully    (Exit mode 0)
            Current function value: 0.3905168685121107
            Iterations: 6
            Function evaluations: 36
            Gradient evaluations: 6
Optimization terminated successfully    (Exit mode 0)
            Current function value: 0.3034169550173012
            Iterations: 7
            Function evaluations: 51
            Gradient evaluations: 7
Optimization terminated successfully    (Exit mode 0)
            Current function value: 0.3034169550173012
            Iterations: 3
            Function evaluations: 29
            Gradient evaluations: 3
Optimization terminated successfully    (Exit mode 0)
            Current function value: 0.31127000432525964
            Iterations: 8
            Function evaluations: 74
            Gradient evaluations: 8
Optimization terminated successfully    (Exit mode 0)
            Current function value: 0.23455071366781996
            Iterations: 9
            Function evaluations: 86
            Gradient evaluations: 9
Optimization terminated successfully    (Exit mode 0)
            Current function value: 0.2731266219723182
            Iterations: 14
            Function evaluations: 141
            Gradient evaluations: 14
Optimization terminated successfully    (Exit mode 0)
            Current function value: 0.17455125432525953
            Iterations: 6
            Function evaluations: 72
            Gradient evaluations: 6
Optimization terminated successfully    (Exit mode 0)
            Current function value: 0.18233672145328714
            Iterations: 5
            Function evaluations: 69
            Gradient evaluations: 5
Optimization terminated successfully    (Exit mode 0)
            Current function value: 0.18704044117647067
            Iterations: 5
            Function evaluations: 71
            Gradient evaluations: 5
corrs 1
sub corrs 10
corrs 2
sub corrs 20
corrs 3
sub corrs 30
corrs 4
sub corrs 40
corrs 5
sub corrs 50
corrs 6
sub corrs 60
corrs 7
sub corrs 70
corrs 8
sub corrs 80
corrs 9
sub corrs 90
corrs 10
sub corrs 100
Optimization terminated successfully    (Exit mode 0)
            Current function value: 0.16759028979238735
            Iterations: 1
            Function evaluations: 2
            Gradient evaluations: 1
Optimization terminated successfully    (Exit mode 0)
            Current function value: 0.4408791089965397
            Iterations: 1
            Function evaluations: 14
            Gradient evaluations: 1
Optimization terminated successfully    (Exit mode 0)
            Current function value: 0.4141976643598615
            Iterations: 3
            Function evaluations: 23
            Gradient evaluations: 3
Optimization terminated successfully    (Exit mode 0)
            Current function value: 0.3454936202422146
            Iterations: 3
            Function evaluations: 29
            Gradient evaluations: 3
Optimization terminated successfully    (Exit mode 0)
            Current function value: 0.3618485077854668
            Iterations: 3
            Function evaluations: 30
            Gradient evaluations: 3
Optimization terminated successfully    (Exit mode 0)
            Current function value: 0.28510218425605544
            Iterations: 8
            Function evaluations: 71
            Gradient evaluations: 8
Optimization terminated successfully    (Exit mode 0)
            Current function value: 0.3697150735294119
            Iterations: 5
            Function evaluations: 53
            Gradient evaluations: 5
Optimization terminated successfully    (Exit mode 0)
            Current function value: 0.36813365051903096
            Iterations: 5
            Function evaluations: 61
            Gradient evaluations: 5
Optimization terminated successfully    (Exit mode 0)
            Current function value: 0.1726724697231834
            Iterations: 10
            Function evaluations: 114
            Gradient evaluations: 10
Optimization terminated successfully    (Exit mode 0)
            Current function value: 0.17538927335640145
            Iterations: 11
            Function evaluations: 135
            Gradient evaluations: 11
Optimization terminated successfully    (Exit mode 0)
            Current function value: 0.17244269031141873
            Iterations: 10
            Function evaluations: 136
            Gradient evaluations: 10
 Experiment complete. Results at: /mnt/beegfs/hellgate/home/tp183485/timecorr_trazzp/Cluster_Data/paragraph/paragraph_700_10_10_isfc_PCA_50_mexican_hat.csv
