corrs 1
sub corrs 10
corrs 2
sub corrs 20
corrs 3
sub corrs 30
corrs 4
sub corrs 40
corrs 5
sub corrs 50
corrs 6
sub corrs 60
corrs 7
sub corrs 70
corrs 8
sub corrs 80
corrs 9
sub corrs 90
corrs 10
sub corrs 100
Optimization terminated successfully    (Exit mode 0)
            Current function value: 0.19289305795847736
            Iterations: 1
            Function evaluations: 2
            Gradient evaluations: 1
Optimization terminated successfully    (Exit mode 0)
            Current function value: 0.19289305795847736
            Iterations: 3
            Function evaluations: 9
            Gradient evaluations: 3
Optimization terminated successfully    (Exit mode 0)
            Current function value: 0.19289305795847736
            Iterations: 5
            Function evaluations: 20
            Gradient evaluations: 5
Optimization terminated successfully    (Exit mode 0)
            Current function value: 0.1511002378892734
            Iterations: 9
            Function evaluations: 60
            Gradient evaluations: 9
Optimization terminated successfully    (Exit mode 0)
            Current function value: 0.12481076989619391
            Iterations: 7
            Function evaluations: 58
            Gradient evaluations: 7
Optimization terminated successfully    (Exit mode 0)
            Current function value: 0.12429714532871987
            Iterations: 8
            Function evaluations: 70
            Gradient evaluations: 8
Optimization terminated successfully    (Exit mode 0)
            Current function value: 0.1238511029411766
            Iterations: 9
            Function evaluations: 84
            Gradient evaluations: 9
Optimization terminated successfully    (Exit mode 0)
            Current function value: 0.10190041089965386
            Iterations: 6
            Function evaluations: 69
            Gradient evaluations: 6
Optimization terminated successfully    (Exit mode 0)
            Current function value: 0.10006217560553622
            Iterations: 13
            Function evaluations: 148
            Gradient evaluations: 13
Optimization terminated successfully    (Exit mode 0)
            Current function value: 0.048375324394463744
            Iterations: 9
            Function evaluations: 125
            Gradient evaluations: 9
Optimization terminated successfully    (Exit mode 0)
            Current function value: 0.10108942474048464
            Iterations: 4
            Function evaluations: 59
            Gradient evaluations: 4
corrs 1
sub corrs 10
corrs 2
sub corrs 20
corrs 3
sub corrs 30
corrs 4
sub corrs 40
corrs 5
sub corrs 50
corrs 6
sub corrs 60
corrs 7
sub corrs 70
corrs 8
sub corrs 80
corrs 9
sub corrs 90
corrs 10
sub corrs 100
Optimization terminated successfully    (Exit mode 0)
            Current function value: 0.17747080449826963
            Iterations: 1
            Function evaluations: 2
            Gradient evaluations: 1
Optimization terminated successfully    (Exit mode 0)
            Current function value: 0.17747080449826963
            Iterations: 3
            Function evaluations: 9
            Gradient evaluations: 3
Optimization terminated successfully    (Exit mode 0)
            Current function value: 0.33465343858131463
            Iterations: 4
            Function evaluations: 29
            Gradient evaluations: 4
Optimization terminated successfully    (Exit mode 0)
            Current function value: 0.2109645328719725
            Iterations: 4
            Function evaluations: 32
            Gradient evaluations: 4
Optimization terminated successfully    (Exit mode 0)
            Current function value: 0.11547091262975795
            Iterations: 4
            Function evaluations: 36
            Gradient evaluations: 4
Optimization terminated successfully    (Exit mode 0)
            Current function value: 0.12195880190311434
            Iterations: 13
            Function evaluations: 109
            Gradient evaluations: 13
Optimization terminated successfully    (Exit mode 0)
            Current function value: 0.2109510164359864
            Iterations: 3
            Function evaluations: 35
            Gradient evaluations: 3
Optimization terminated successfully    (Exit mode 0)
            Current function value: 0.2264678849480968
            Iterations: 6
            Function evaluations: 66
            Gradient evaluations: 6
Optimization terminated successfully    (Exit mode 0)
            Current function value: 0.1101184039792388
            Iterations: 16
            Function evaluations: 184
            Gradient evaluations: 16
Optimization terminated successfully    (Exit mode 0)
            Current function value: 0.07832774653979245
            Iterations: 11
            Function evaluations: 152
            Gradient evaluations: 11
Optimization terminated successfully    (Exit mode 0)
            Current function value: 0.10387381055363322
            Iterations: 12
            Function evaluations: 176
            Gradient evaluations: 12
 Experiment complete. Results at: /mnt/beegfs/hellgate/home/tp183485/timecorr_trazzp/Cluster_Data/paragraph/paragraph_100_10_10_isfc_TruncatedSVD_45_mexican_hat.csv
