corrs 1
sub corrs 10
corrs 2
sub corrs 20
corrs 3
sub corrs 30
corrs 4
sub corrs 40
corrs 5
sub corrs 50
corrs 6
sub corrs 60
corrs 7
sub corrs 70
corrs 8
sub corrs 80
corrs 9
sub corrs 90
corrs 10
sub corrs 100
Optimization terminated successfully    (Exit mode 0)
            Current function value: 0.22692744377162613
            Iterations: 1
            Function evaluations: 2
            Gradient evaluations: 1
Optimization terminated successfully    (Exit mode 0)
            Current function value: 0.22692744377162613
            Iterations: 2
            Function evaluations: 6
            Gradient evaluations: 2
Optimization terminated successfully    (Exit mode 0)
            Current function value: 0.44193339100345996
            Iterations: 4
            Function evaluations: 27
            Gradient evaluations: 4
Optimization terminated successfully    (Exit mode 0)
            Current function value: 0.176713884083045
            Iterations: 2
            Function evaluations: 21
            Gradient evaluations: 2
Optimization terminated successfully    (Exit mode 0)
            Current function value: 0.17436202422145325
            Iterations: 5
            Function evaluations: 41
            Gradient evaluations: 5
Optimization terminated successfully    (Exit mode 0)
            Current function value: 0.03935986159169556
            Iterations: 7
            Function evaluations: 65
            Gradient evaluations: 7
Optimization terminated successfully    (Exit mode 0)
            Current function value: 0.031425713667820133
            Iterations: 8
            Function evaluations: 78
            Gradient evaluations: 8
Optimization terminated successfully    (Exit mode 0)
            Current function value: 0.044401492214532885
            Iterations: 8
            Function evaluations: 87
            Gradient evaluations: 8
Optimization terminated successfully    (Exit mode 0)
            Current function value: 0.03191230536332186
            Iterations: 12
            Function evaluations: 133
            Gradient evaluations: 12
Optimization terminated successfully    (Exit mode 0)
            Current function value: 0.027249134948096946
            Iterations: 9
            Function evaluations: 111
            Gradient evaluations: 9
Optimization terminated successfully    (Exit mode 0)
            Current function value: 0.02501892301038067
            Iterations: 13
            Function evaluations: 170
            Gradient evaluations: 13
corrs 1
sub corrs 10
corrs 2
sub corrs 20
corrs 3
sub corrs 30
corrs 4
sub corrs 40
corrs 5
sub corrs 50
corrs 6
sub corrs 60
corrs 7
sub corrs 70
corrs 8
sub corrs 80
corrs 9
sub corrs 90
corrs 10
sub corrs 100
Optimization terminated successfully    (Exit mode 0)
            Current function value: 0.2188851643598614
            Iterations: 1
            Function evaluations: 2
            Gradient evaluations: 1
Optimization terminated successfully    (Exit mode 0)
            Current function value: 0.2188851643598614
            Iterations: 4
            Function evaluations: 13
            Gradient evaluations: 4
Optimization terminated successfully    (Exit mode 0)
            Current function value: 0.34752108564013856
            Iterations: 5
            Function evaluations: 21
            Gradient evaluations: 5
Optimization terminated successfully    (Exit mode 0)
            Current function value: 0.19054119809688574
            Iterations: 3
            Function evaluations: 26
            Gradient evaluations: 3
Optimization terminated successfully    (Exit mode 0)
            Current function value: 0.19056823096885814
            Iterations: 3
            Function evaluations: 29
            Gradient evaluations: 3
Optimization terminated successfully    (Exit mode 0)
            Current function value: 0.0473210423875433
            Iterations: 4
            Function evaluations: 39
            Gradient evaluations: 4
Optimization terminated successfully    (Exit mode 0)
            Current function value: 0.04456368944636683
            Iterations: 12
            Function evaluations: 114
            Gradient evaluations: 12
Optimization terminated successfully    (Exit mode 0)
            Current function value: 0.03468317474048449
            Iterations: 7
            Function evaluations: 76
            Gradient evaluations: 7
Optimization terminated successfully    (Exit mode 0)
            Current function value: 0.03818393166089972
            Iterations: 4
            Function evaluations: 53
            Gradient evaluations: 4
Optimization terminated successfully    (Exit mode 0)
            Current function value: 0.017652465397923908
            Iterations: 10
            Function evaluations: 131
            Gradient evaluations: 10
Optimization terminated successfully    (Exit mode 0)
            Current function value: 0.018368836505190344
            Iterations: 20
            Function evaluations: 268
            Gradient evaluations: 20
 Experiment complete. Results at: /mnt/beegfs/hellgate/home/tp183485/timecorr_trazzp/Cluster_Data/paragraph/paragraph_700_10_10_isfc_TruncatedSVD_30_mexican_hat.csv
