corrs 1
sub corrs 10
corrs 2
sub corrs 20
corrs 3
sub corrs 30
corrs 4
sub corrs 40
corrs 5
sub corrs 50
corrs 6
sub corrs 60
corrs 7
sub corrs 70
corrs 8
sub corrs 80
corrs 9
sub corrs 90
corrs 10
sub corrs 100
Optimization terminated successfully    (Exit mode 0)
            Current function value: 0.16745512543252572
            Iterations: 1
            Function evaluations: 2
            Gradient evaluations: 1
Optimization terminated successfully    (Exit mode 0)
            Current function value: 0.2455936418685118
            Iterations: 3
            Function evaluations: 22
            Gradient evaluations: 3
Optimization terminated successfully    (Exit mode 0)
            Current function value: 0.07546226211072679
            Iterations: 5
            Function evaluations: 31
            Gradient evaluations: 5
Optimization terminated successfully    (Exit mode 0)
            Current function value: 0.13739457179930756
            Iterations: 4
            Function evaluations: 36
            Gradient evaluations: 4
Optimization terminated successfully    (Exit mode 0)
            Current function value: 0.08001730103806241
            Iterations: 9
            Function evaluations: 70
            Gradient evaluations: 9
Optimization terminated successfully    (Exit mode 0)
            Current function value: 0.008015246539792386
            Iterations: 7
            Function evaluations: 64
            Gradient evaluations: 7
Optimization terminated successfully    (Exit mode 0)
            Current function value: 0.00806931228373702
            Iterations: 5
            Function evaluations: 53
            Gradient evaluations: 5
Optimization terminated successfully    (Exit mode 0)
            Current function value: 0.007704368512110719
            Iterations: 7
            Function evaluations: 74
            Gradient evaluations: 7
Optimization terminated successfully    (Exit mode 0)
            Current function value: 0.007731401384083037
            Iterations: 11
            Function evaluations: 134
            Gradient evaluations: 11
Optimization terminated successfully    (Exit mode 0)
            Current function value: 0.007352941176470576
            Iterations: 10
            Function evaluations: 122
            Gradient evaluations: 10
Optimization terminated successfully    (Exit mode 0)
            Current function value: 0.008866782006920433
            Iterations: 9
            Function evaluations: 120
            Gradient evaluations: 9
corrs 1
sub corrs 10
corrs 2
sub corrs 20
corrs 3
sub corrs 30
corrs 4
sub corrs 40
corrs 5
sub corrs 50
corrs 6
sub corrs 60
corrs 7
sub corrs 70
corrs 8
sub corrs 80
corrs 9
sub corrs 90
corrs 10
sub corrs 100
Optimization terminated successfully    (Exit mode 0)
            Current function value: 0.15600670415224893
            Iterations: 1
            Function evaluations: 2
            Gradient evaluations: 1
Optimization terminated successfully    (Exit mode 0)
            Current function value: 0.20630136245674746
            Iterations: 1
            Function evaluations: 14
            Gradient evaluations: 1
Optimization terminated successfully    (Exit mode 0)
            Current function value: 0.11953935986159164
            Iterations: 4
            Function evaluations: 30
            Gradient evaluations: 4
Optimization terminated successfully    (Exit mode 0)
            Current function value: 0.11109158737024227
            Iterations: 5
            Function evaluations: 48
            Gradient evaluations: 5
Optimization terminated successfully    (Exit mode 0)
            Current function value: 0.09826448961937723
            Iterations: 9
            Function evaluations: 71
            Gradient evaluations: 9
Optimization terminated successfully    (Exit mode 0)
            Current function value: 0.027235618512110822
            Iterations: 8
            Function evaluations: 80
            Gradient evaluations: 8
Optimization terminated successfully    (Exit mode 0)
            Current function value: 0.012678416955017346
            Iterations: 8
            Function evaluations: 90
            Gradient evaluations: 8
Optimization terminated successfully    (Exit mode 0)
            Current function value: 0.02366727941176477
            Iterations: 4
            Function evaluations: 49
            Gradient evaluations: 4
Optimization terminated successfully    (Exit mode 0)
            Current function value: 0.02213992214532881
            Iterations: 15
            Function evaluations: 194
            Gradient evaluations: 15
Optimization terminated successfully    (Exit mode 0)
            Current function value: 0.013300173010380669
            Iterations: 5
            Function evaluations: 68
            Gradient evaluations: 5
Optimization terminated successfully    (Exit mode 0)
            Current function value: 0.024140354671280333
            Iterations: 5
            Function evaluations: 77
            Gradient evaluations: 5
 Experiment complete. Results at: /mnt/beegfs/hellgate/home/tp183485/timecorr_trazzp/Cluster_Data/paragraph/paragraph_700_10_10_isfc_TruncatedSVD_15_laplace.csv
