corrs 1
sub corrs 10
corrs 2
sub corrs 20
corrs 3
sub corrs 30
corrs 4
sub corrs 40
corrs 5
sub corrs 50
corrs 6
sub corrs 60
corrs 7
sub corrs 70
corrs 8
sub corrs 80
corrs 9
sub corrs 90
corrs 10
sub corrs 100
Optimization terminated successfully    (Exit mode 0)
            Current function value: 0.16006163494809675
            Iterations: 1
            Function evaluations: 2
            Gradient evaluations: 1
Optimization terminated successfully    (Exit mode 0)
            Current function value: 0.14131433823529413
            Iterations: 7
            Function evaluations: 34
            Gradient evaluations: 7
Optimization terminated successfully    (Exit mode 0)
            Current function value: 0.1396653330449827
            Iterations: 8
            Function evaluations: 44
            Gradient evaluations: 8
Optimization terminated successfully    (Exit mode 0)
            Current function value: 0.14445015138408301
            Iterations: 8
            Function evaluations: 53
            Gradient evaluations: 8
Optimization terminated successfully    (Exit mode 0)
            Current function value: 0.1467073961937716
            Iterations: 3
            Function evaluations: 29
            Gradient evaluations: 3
Optimization terminated successfully    (Exit mode 0)
            Current function value: 0.17561905276816597
            Iterations: 6
            Function evaluations: 53
            Gradient evaluations: 6
Optimization terminated successfully    (Exit mode 0)
            Current function value: 0.21050497404844273
            Iterations: 6
            Function evaluations: 61
            Gradient evaluations: 6
Optimization terminated successfully    (Exit mode 0)
            Current function value: 0.2185607698961934
            Iterations: 7
            Function evaluations: 78
            Gradient evaluations: 7
Optimization terminated successfully    (Exit mode 0)
            Current function value: 0.15381704152249123
            Iterations: 7
            Function evaluations: 81
            Gradient evaluations: 7
Optimization terminated successfully    (Exit mode 0)
            Current function value: 0.19609645328719705
            Iterations: 10
            Function evaluations: 128
            Gradient evaluations: 10
Optimization terminated successfully    (Exit mode 0)
            Current function value: 0.22468371539792376
            Iterations: 6
            Function evaluations: 86
            Gradient evaluations: 6
corrs 1
sub corrs 10
corrs 2
sub corrs 20
corrs 3
sub corrs 30
corrs 4
sub corrs 40
corrs 5
sub corrs 50
corrs 6
sub corrs 60
corrs 7
sub corrs 70
corrs 8
sub corrs 80
corrs 9
sub corrs 90
corrs 10
sub corrs 100
Optimization terminated successfully    (Exit mode 0)
            Current function value: 0.17986321366781993
            Iterations: 1
            Function evaluations: 2
            Gradient evaluations: 1
Optimization terminated successfully    (Exit mode 0)
            Current function value: 0.17521355968858118
            Iterations: 7
            Function evaluations: 36
            Gradient evaluations: 7
Optimization terminated successfully    (Exit mode 0)
            Current function value: 0.17475400086505177
            Iterations: 6
            Function evaluations: 35
            Gradient evaluations: 6
Optimization terminated successfully    (Exit mode 0)
            Current function value: 0.16031844723183375
            Iterations: 10
            Function evaluations: 65
            Gradient evaluations: 10
Optimization terminated successfully    (Exit mode 0)
            Current function value: 0.1629000865051901
            Iterations: 6
            Function evaluations: 49
            Gradient evaluations: 6
Optimization terminated successfully    (Exit mode 0)
            Current function value: 0.18051200259515557
            Iterations: 12
            Function evaluations: 98
            Gradient evaluations: 12
Optimization terminated successfully    (Exit mode 0)
            Current function value: 0.1593452638408303
            Iterations: 10
            Function evaluations: 93
            Gradient evaluations: 10
Optimization terminated successfully    (Exit mode 0)
            Current function value: 0.17788981401384074
            Iterations: 5
            Function evaluations: 57
            Gradient evaluations: 5
Optimization terminated successfully    (Exit mode 0)
            Current function value: 0.17761948529411747
            Iterations: 4
            Function evaluations: 52
            Gradient evaluations: 4
Optimization terminated successfully    (Exit mode 0)
            Current function value: 0.14559904844290641
            Iterations: 8
            Function evaluations: 101
            Gradient evaluations: 8
Optimization terminated successfully    (Exit mode 0)
            Current function value: 0.17667333477508632
            Iterations: 5
            Function evaluations: 71
            Gradient evaluations: 5
 Experiment complete. Results at: /mnt/beegfs/hellgate/home/tp183485/timecorr_trazzp/Cluster_Data/paragraph/paragraph_100_10_10_isfc_PCA_45_gaussian.csv
