corrs 1
sub corrs 10
corrs 2
sub corrs 20
corrs 3
sub corrs 30
corrs 4
sub corrs 40
corrs 5
sub corrs 50
corrs 6
sub corrs 60
corrs 7
sub corrs 70
corrs 8
sub corrs 80
corrs 9
sub corrs 90
corrs 10
sub corrs 100
Optimization terminated successfully    (Exit mode 0)
            Current function value: 0.22965776384083048
            Iterations: 1
            Function evaluations: 2
            Gradient evaluations: 1
Optimization terminated successfully    (Exit mode 0)
            Current function value: 0.31631163494809666
            Iterations: 3
            Function evaluations: 20
            Gradient evaluations: 3
Optimization terminated successfully    (Exit mode 0)
            Current function value: 0.2969290657439448
            Iterations: 2
            Function evaluations: 19
            Gradient evaluations: 2
Optimization terminated successfully    (Exit mode 0)
            Current function value: 0.31490592560553615
            Iterations: 10
            Function evaluations: 65
            Gradient evaluations: 10
Optimization terminated successfully    (Exit mode 0)
            Current function value: 0.23484807525951548
            Iterations: 6
            Function evaluations: 54
            Gradient evaluations: 6
Optimization terminated successfully    (Exit mode 0)
            Current function value: 0.26401654411764713
            Iterations: 6
            Function evaluations: 56
            Gradient evaluations: 6
Optimization terminated successfully    (Exit mode 0)
            Current function value: 0.20977508650519022
            Iterations: 12
            Function evaluations: 118
            Gradient evaluations: 12
Optimization terminated successfully    (Exit mode 0)
            Current function value: 0.26278654844290644
            Iterations: 4
            Function evaluations: 48
            Gradient evaluations: 4
Optimization terminated successfully    (Exit mode 0)
            Current function value: 0.27799253892733555
            Iterations: 5
            Function evaluations: 62
            Gradient evaluations: 5
Optimization terminated successfully    (Exit mode 0)
            Current function value: 0.1910413062283737
            Iterations: 7
            Function evaluations: 89
            Gradient evaluations: 7
Optimization terminated successfully    (Exit mode 0)
            Current function value: 0.2275356833910034
            Iterations: 8
            Function evaluations: 115
            Gradient evaluations: 8
corrs 1
sub corrs 10
corrs 2
sub corrs 20
corrs 3
sub corrs 30
corrs 4
sub corrs 40
corrs 5
sub corrs 50
corrs 6
sub corrs 60
corrs 7
sub corrs 70
corrs 8
sub corrs 80
corrs 9
sub corrs 90
corrs 10
sub corrs 100
Optimization terminated successfully    (Exit mode 0)
            Current function value: 0.196610077854671
            Iterations: 1
            Function evaluations: 2
            Gradient evaluations: 1
Optimization terminated successfully    (Exit mode 0)
            Current function value: 0.3172442690311417
            Iterations: 2
            Function evaluations: 17
            Gradient evaluations: 2
Optimization terminated successfully    (Exit mode 0)
            Current function value: 0.2935905060553634
            Iterations: 3
            Function evaluations: 12
            Gradient evaluations: 3
Optimization terminated successfully    (Exit mode 0)
            Current function value: 0.2016381920415224
            Iterations: 14
            Function evaluations: 89
            Gradient evaluations: 14
Optimization terminated successfully    (Exit mode 0)
            Current function value: 0.18833801903114167
            Iterations: 8
            Function evaluations: 60
            Gradient evaluations: 8
Optimization terminated successfully    (Exit mode 0)
            Current function value: 0.19227130190311403
            Iterations: 7
            Function evaluations: 61
            Gradient evaluations: 7
Optimization terminated successfully    (Exit mode 0)
            Current function value: 0.187513516435986
            Iterations: 7
            Function evaluations: 74
            Gradient evaluations: 7
Optimization terminated successfully    (Exit mode 0)
            Current function value: 0.21241079152249134
            Iterations: 6
            Function evaluations: 65
            Gradient evaluations: 6
Optimization terminated successfully    (Exit mode 0)
            Current function value: 0.1854860510380621
            Iterations: 7
            Function evaluations: 82
            Gradient evaluations: 7
Optimization terminated successfully    (Exit mode 0)
            Current function value: 0.20834234429065746
            Iterations: 6
            Function evaluations: 80
            Gradient evaluations: 6
Optimization terminated successfully    (Exit mode 0)
            Current function value: 0.20761245674740483
            Iterations: 6
            Function evaluations: 85
            Gradient evaluations: 6
 Experiment complete. Results at: /mnt/beegfs/hellgate/home/tp183485/timecorr_trazzp/Cluster_Data/paragraph/paragraph_700_10_10_isfc_TruncatedSVD_5_gaussian.csv
