corrs 1
sub corrs 10
corrs 2
sub corrs 20
corrs 3
sub corrs 30
corrs 4
sub corrs 40
corrs 5
sub corrs 50
corrs 6
sub corrs 60
corrs 7
sub corrs 70
corrs 8
sub corrs 80
corrs 9
sub corrs 90
corrs 10
sub corrs 100
Optimization terminated successfully    (Exit mode 0)
            Current function value: 0.2145869377162628
            Iterations: 1
            Function evaluations: 2
            Gradient evaluations: 1
Optimization terminated successfully    (Exit mode 0)
            Current function value: 0.2145869377162628
            Iterations: 3
            Function evaluations: 9
            Gradient evaluations: 3
Optimization terminated successfully    (Exit mode 0)
            Current function value: 0.19096020761245652
            Iterations: 9
            Function evaluations: 52
            Gradient evaluations: 9
Optimization terminated successfully    (Exit mode 0)
            Current function value: 0.27032871972318306
            Iterations: 7
            Function evaluations: 47
            Gradient evaluations: 7
Optimization terminated successfully    (Exit mode 0)
            Current function value: 0.19524491782006906
            Iterations: 1
            Function evaluations: 17
            Gradient evaluations: 1
Optimization terminated successfully    (Exit mode 0)
            Current function value: 0.2758028762975778
            Iterations: 7
            Function evaluations: 65
            Gradient evaluations: 7
Optimization terminated successfully    (Exit mode 0)
            Current function value: 0.16638732698961928
            Iterations: 5
            Function evaluations: 52
            Gradient evaluations: 5
Optimization terminated successfully    (Exit mode 0)
            Current function value: 0.1758217993079582
            Iterations: 7
            Function evaluations: 82
            Gradient evaluations: 7
Optimization terminated successfully    (Exit mode 0)
            Current function value: 0.17023951124567438
            Iterations: 8
            Function evaluations: 93
            Gradient evaluations: 8
Optimization terminated successfully    (Exit mode 0)
            Current function value: 0.14477454584775074
            Iterations: 9
            Function evaluations: 113
            Gradient evaluations: 9
Optimization terminated successfully    (Exit mode 0)
            Current function value: 0.14970804498269874
            Iterations: 8
            Function evaluations: 116
            Gradient evaluations: 8
corrs 1
sub corrs 10
corrs 2
sub corrs 20
corrs 3
sub corrs 30
corrs 4
sub corrs 40
corrs 5
sub corrs 50
corrs 6
sub corrs 60
corrs 7
sub corrs 70
corrs 8
sub corrs 80
corrs 9
sub corrs 90
corrs 10
sub corrs 100
Optimization terminated successfully    (Exit mode 0)
            Current function value: 0.1750108131487887
            Iterations: 1
            Function evaluations: 2
            Gradient evaluations: 1
Optimization terminated successfully    (Exit mode 0)
            Current function value: 0.27793847318339093
            Iterations: 3
            Function evaluations: 20
            Gradient evaluations: 3
Optimization terminated successfully    (Exit mode 0)
            Current function value: 0.28616998269896204
            Iterations: 2
            Function evaluations: 19
            Gradient evaluations: 2
Optimization terminated successfully    (Exit mode 0)
            Current function value: 0.2879406358131488
            Iterations: 4
            Function evaluations: 39
            Gradient evaluations: 4
Optimization terminated successfully    (Exit mode 0)
            Current function value: 0.19401492214532862
            Iterations: 11
            Function evaluations: 84
            Gradient evaluations: 11
Optimization terminated successfully    (Exit mode 0)
            Current function value: 0.1887705449826988
            Iterations: 6
            Function evaluations: 54
            Gradient evaluations: 6
Optimization terminated successfully    (Exit mode 0)
            Current function value: 0.18301254325259486
            Iterations: 7
            Function evaluations: 76
            Gradient evaluations: 7
Optimization terminated successfully    (Exit mode 0)
            Current function value: 0.13935445501730095
            Iterations: 5
            Function evaluations: 57
            Gradient evaluations: 5
Optimization terminated successfully    (Exit mode 0)
            Current function value: 0.15122188581314866
            Iterations: 10
            Function evaluations: 116
            Gradient evaluations: 10
Optimization terminated successfully    (Exit mode 0)
            Current function value: 0.16854995674740444
            Iterations: 8
            Function evaluations: 105
            Gradient evaluations: 8
Optimization terminated successfully    (Exit mode 0)
            Current function value: 0.2175335207612457
            Iterations: 4
            Function evaluations: 61
            Gradient evaluations: 4
 Experiment complete. Results at: /mnt/beegfs/hellgate/home/tp183485/timecorr_trazzp/Cluster_Data/paragraph/paragraph_700_10_10_isfc_IncrementalPCA_5_laplace.csv
