corrs 1
sub corrs 10
corrs 2
sub corrs 20
corrs 3
sub corrs 30
corrs 4
sub corrs 40
corrs 5
sub corrs 50
corrs 6
sub corrs 60
corrs 7
sub corrs 70
corrs 8
sub corrs 80
corrs 9
sub corrs 90
corrs 10
sub corrs 100
Optimization terminated successfully    (Exit mode 0)
            Current function value: 0.20444961072664344
            Iterations: 1
            Function evaluations: 2
            Gradient evaluations: 1
Optimization terminated successfully    (Exit mode 0)
            Current function value: 0.2595696366782004
            Iterations: 3
            Function evaluations: 22
            Gradient evaluations: 3
Optimization terminated successfully    (Exit mode 0)
            Current function value: 0.150573096885813
            Iterations: 3
            Function evaluations: 23
            Gradient evaluations: 3
Optimization terminated successfully    (Exit mode 0)
            Current function value: 0.14023302335640117
            Iterations: 3
            Function evaluations: 28
            Gradient evaluations: 3
Optimization terminated successfully    (Exit mode 0)
            Current function value: 0.1694690743944635
            Iterations: 2
            Function evaluations: 23
            Gradient evaluations: 2
Optimization terminated successfully    (Exit mode 0)
            Current function value: 0.1277843858131486
            Iterations: 2
            Function evaluations: 26
            Gradient evaluations: 2
Optimization terminated successfully    (Exit mode 0)
            Current function value: 0.11929606401384092
            Iterations: 9
            Function evaluations: 90
            Gradient evaluations: 9
Optimization terminated successfully    (Exit mode 0)
            Current function value: 0.1461937716262974
            Iterations: 8
            Function evaluations: 83
            Gradient evaluations: 8
Optimization terminated successfully    (Exit mode 0)
            Current function value: 0.1194852941176471
            Iterations: 7
            Function evaluations: 85
            Gradient evaluations: 7
Optimization terminated successfully    (Exit mode 0)
            Current function value: 0.1143220155709344
            Iterations: 5
            Function evaluations: 66
            Gradient evaluations: 5
Optimization terminated successfully    (Exit mode 0)
            Current function value: 0.13227184256055352
            Iterations: 5
            Function evaluations: 72
            Gradient evaluations: 5
corrs 1
sub corrs 10
corrs 2
sub corrs 20
corrs 3
sub corrs 30
corrs 4
sub corrs 40
corrs 5
sub corrs 50
corrs 6
sub corrs 60
corrs 7
sub corrs 70
corrs 8
sub corrs 80
corrs 9
sub corrs 90
corrs 10
sub corrs 100
Optimization terminated successfully    (Exit mode 0)
            Current function value: 0.1782277249134946
            Iterations: 1
            Function evaluations: 2
            Gradient evaluations: 1
Optimization terminated successfully    (Exit mode 0)
            Current function value: 0.270315203287197
            Iterations: 3
            Function evaluations: 23
            Gradient evaluations: 3
Optimization terminated successfully    (Exit mode 0)
            Current function value: 0.16500865051903094
            Iterations: 3
            Function evaluations: 25
            Gradient evaluations: 3
Optimization terminated successfully    (Exit mode 0)
            Current function value: 0.14778871107266411
            Iterations: 4
            Function evaluations: 35
            Gradient evaluations: 4
Optimization terminated successfully    (Exit mode 0)
            Current function value: 0.1460180579584774
            Iterations: 10
            Function evaluations: 74
            Gradient evaluations: 10
Optimization terminated successfully    (Exit mode 0)
            Current function value: 0.12891976643598588
            Iterations: 8
            Function evaluations: 76
            Gradient evaluations: 8
Optimization terminated successfully    (Exit mode 0)
            Current function value: 0.12233726211072664
            Iterations: 8
            Function evaluations: 79
            Gradient evaluations: 8
Optimization terminated successfully    (Exit mode 0)
            Current function value: 0.15028925173010352
            Iterations: 3
            Function evaluations: 38
            Gradient evaluations: 3
Optimization terminated successfully    (Exit mode 0)
            Current function value: 0.12729779411764697
            Iterations: 7
            Function evaluations: 85
            Gradient evaluations: 7
Optimization terminated successfully    (Exit mode 0)
            Current function value: 0.12381055363321775
            Iterations: 8
            Function evaluations: 105
            Gradient evaluations: 8
Optimization terminated successfully    (Exit mode 0)
            Current function value: 0.09929173875432547
            Iterations: 15
            Function evaluations: 211
            Gradient evaluations: 15
 Experiment complete. Results at: /mnt/beegfs/hellgate/home/tp183485/timecorr_trazzp/Cluster_Data/paragraph/paragraph_700_10_10_isfc_FactorAnalysis_15_laplace.csv
