corrs 1
sub corrs 10
corrs 2
sub corrs 20
corrs 3
sub corrs 30
corrs 4
sub corrs 40
corrs 5
sub corrs 50
corrs 6
sub corrs 60
corrs 7
sub corrs 70
corrs 8
sub corrs 80
corrs 9
sub corrs 90
corrs 10
sub corrs 100
Optimization terminated successfully    (Exit mode 0)
            Current function value: 0.17584883217993072
            Iterations: 1
            Function evaluations: 2
            Gradient evaluations: 1
Optimization terminated successfully    (Exit mode 0)
            Current function value: 0.3322745458477509
            Iterations: 2
            Function evaluations: 18
            Gradient evaluations: 2
Optimization terminated successfully    (Exit mode 0)
            Current function value: 0.18012002595155702
            Iterations: 5
            Function evaluations: 31
            Gradient evaluations: 5
Optimization terminated successfully    (Exit mode 0)
            Current function value: 0.17860618512110718
            Iterations: 2
            Function evaluations: 25
            Gradient evaluations: 2
Optimization terminated successfully    (Exit mode 0)
            Current function value: 0.3292603806228373
            Iterations: 3
            Function evaluations: 30
            Gradient evaluations: 3
Optimization terminated successfully    (Exit mode 0)
            Current function value: 0.16756325692041507
            Iterations: 5
            Function evaluations: 46
            Gradient evaluations: 5
Optimization terminated successfully    (Exit mode 0)
            Current function value: 0.2024897275086503
            Iterations: 12
            Function evaluations: 109
            Gradient evaluations: 12
Optimization terminated successfully    (Exit mode 0)
            Current function value: 0.20846399221453268
            Iterations: 6
            Function evaluations: 65
            Gradient evaluations: 6
Optimization terminated successfully    (Exit mode 0)
            Current function value: 0.14499080882352935
            Iterations: 8
            Function evaluations: 91
            Gradient evaluations: 8
Optimization terminated successfully    (Exit mode 0)
            Current function value: 0.14695069204152242
            Iterations: 7
            Function evaluations: 91
            Gradient evaluations: 7
Optimization terminated successfully    (Exit mode 0)
            Current function value: 0.1442609212802768
            Iterations: 6
            Function evaluations: 85
            Gradient evaluations: 6
corrs 1
sub corrs 10
corrs 2
sub corrs 20
corrs 3
sub corrs 30
corrs 4
sub corrs 40
corrs 5
sub corrs 50
corrs 6
sub corrs 60
corrs 7
sub corrs 70
corrs 8
sub corrs 80
corrs 9
sub corrs 90
corrs 10
sub corrs 100
Optimization terminated successfully    (Exit mode 0)
            Current function value: 0.15820988321799295
            Iterations: 1
            Function evaluations: 2
            Gradient evaluations: 1
Optimization terminated successfully    (Exit mode 0)
            Current function value: 0.15820988321799295
            Iterations: 3
            Function evaluations: 9
            Gradient evaluations: 3
Optimization terminated successfully    (Exit mode 0)
            Current function value: 0.15820988321799295
            Iterations: 5
            Function evaluations: 20
            Gradient evaluations: 5
Optimization terminated successfully    (Exit mode 0)
            Current function value: 0.15708801903114175
            Iterations: 5
            Function evaluations: 36
            Gradient evaluations: 5
Optimization terminated successfully    (Exit mode 0)
            Current function value: 0.15820988321799295
            Iterations: 3
            Function evaluations: 18
            Gradient evaluations: 3
Optimization terminated successfully    (Exit mode 0)
            Current function value: 0.1528844074394462
            Iterations: 9
            Function evaluations: 76
            Gradient evaluations: 9
Optimization terminated successfully    (Exit mode 0)
            Current function value: 0.2702070717993082
            Iterations: 5
            Function evaluations: 58
            Gradient evaluations: 5
Optimization terminated successfully    (Exit mode 0)
            Current function value: 0.15437121539792373
            Iterations: 7
            Function evaluations: 74
            Gradient evaluations: 7
Optimization terminated successfully    (Exit mode 0)
            Current function value: 0.1435175173010379
            Iterations: 6
            Function evaluations: 71
            Gradient evaluations: 6
Optimization terminated successfully    (Exit mode 0)
            Current function value: 0.1482888192041521
            Iterations: 6
            Function evaluations: 80
            Gradient evaluations: 6
Optimization terminated successfully    (Exit mode 0)
            Current function value: 0.14493674307958465
            Iterations: 9
            Function evaluations: 121
            Gradient evaluations: 9
 Experiment complete. Results at: /mnt/beegfs/hellgate/home/tp183485/timecorr_trazzp/Cluster_Data/paragraph/paragraph_100_10_10_isfc_IncrementalPCA_5_laplace.csv
