corrs 1
sub corrs 10
corrs 2
sub corrs 20
corrs 3
sub corrs 30
corrs 4
sub corrs 40
corrs 5
sub corrs 50
corrs 6
sub corrs 60
corrs 7
sub corrs 70
corrs 8
sub corrs 80
corrs 9
sub corrs 90
corrs 10
sub corrs 100
Optimization terminated successfully    (Exit mode 0)
            Current function value: 0.32871874999999995
            Iterations: 1
            Function evaluations: 2
            Gradient evaluations: 1
Optimization terminated successfully    (Exit mode 0)
            Current function value: 0.23193124999999998
            Iterations: 4
            Function evaluations: 25
            Gradient evaluations: 4
Optimization terminated successfully    (Exit mode 0)
            Current function value: 0.26111875000000007
            Iterations: 3
            Function evaluations: 23
            Gradient evaluations: 3
Optimization terminated successfully    (Exit mode 0)
            Current function value: 0.22076250000000017
            Iterations: 6
            Function evaluations: 43
            Gradient evaluations: 6
Optimization terminated successfully    (Exit mode 0)
            Current function value: 0.18911249999999974
            Iterations: 4
            Function evaluations: 39
            Gradient evaluations: 4
Optimization terminated successfully    (Exit mode 0)
            Current function value: 0.1916062499999997
            Iterations: 3
            Function evaluations: 32
            Gradient evaluations: 3
Optimization terminated successfully    (Exit mode 0)
            Current function value: 0.1718937499999997
            Iterations: 9
            Function evaluations: 91
            Gradient evaluations: 9
Optimization terminated successfully    (Exit mode 0)
            Current function value: 0.2120874999999999
            Iterations: 4
            Function evaluations: 54
            Gradient evaluations: 4
Optimization terminated successfully    (Exit mode 0)
            Current function value: 0.18450000000000003
            Iterations: 7
            Function evaluations: 84
            Gradient evaluations: 7
Optimization terminated successfully    (Exit mode 0)
            Current function value: 0.19228750000000008
            Iterations: 12
            Function evaluations: 147
            Gradient evaluations: 12
Optimization terminated successfully    (Exit mode 0)
            Current function value: 0.17983124999999991
            Iterations: 8
            Function evaluations: 108
            Gradient evaluations: 8
corrs 1
sub corrs 10
corrs 2
sub corrs 20
corrs 3
sub corrs 30
corrs 4
sub corrs 40
corrs 5
sub corrs 50
corrs 6
sub corrs 60
corrs 7
sub corrs 70
corrs 8
sub corrs 80
corrs 9
sub corrs 90
corrs 10
sub corrs 100
Optimization terminated successfully    (Exit mode 0)
            Current function value: 0.3211874999999999
            Iterations: 1
            Function evaluations: 2
            Gradient evaluations: 1
Optimization terminated successfully    (Exit mode 0)
            Current function value: 0.21829375000000004
            Iterations: 5
            Function evaluations: 27
            Gradient evaluations: 5
Optimization terminated successfully    (Exit mode 0)
            Current function value: 0.21728125
            Iterations: 5
            Function evaluations: 33
            Gradient evaluations: 5
Optimization terminated successfully    (Exit mode 0)
            Current function value: 0.19625624999999988
            Iterations: 7
            Function evaluations: 48
            Gradient evaluations: 7
Optimization terminated successfully    (Exit mode 0)
            Current function value: 0.19496250000000004
            Iterations: 6
            Function evaluations: 50
            Gradient evaluations: 6
Optimization terminated successfully    (Exit mode 0)
            Current function value: 0.18718124999999985
            Iterations: 5
            Function evaluations: 49
            Gradient evaluations: 5
Optimization terminated successfully    (Exit mode 0)
            Current function value: 0.19211875000000023
            Iterations: 3
            Function evaluations: 37
            Gradient evaluations: 3
Optimization terminated successfully    (Exit mode 0)
            Current function value: 0.20031250000000025
            Iterations: 3
            Function evaluations: 39
            Gradient evaluations: 3
Optimization terminated successfully    (Exit mode 0)
            Current function value: 0.2143125000000001
            Iterations: 5
            Function evaluations: 64
            Gradient evaluations: 5
Optimization terminated successfully    (Exit mode 0)
            Current function value: 0.19870625000000003
            Iterations: 11
            Function evaluations: 139
            Gradient evaluations: 11
Optimization terminated successfully    (Exit mode 0)
            Current function value: 0.17036874999999999
            Iterations: 7
            Function evaluations: 98
            Gradient evaluations: 7
 Experiment complete. Results at: /mnt/beegfs/hellgate/home/tp183485/timecorr_trazzp/Cluster_Data/rest/rest_100_10_10_isfc_PCA_30_mexican_hat.csv
