corrs 1
sub corrs 10
corrs 2
sub corrs 20
corrs 3
sub corrs 30
corrs 4
sub corrs 40
corrs 5
sub corrs 50
corrs 6
sub corrs 60
corrs 7
sub corrs 70
corrs 8
sub corrs 80
corrs 9
sub corrs 90
corrs 10
sub corrs 100
Optimization terminated successfully    (Exit mode 0)
            Current function value: 0.3027937500000002
            Iterations: 1
            Function evaluations: 2
            Gradient evaluations: 1
Optimization terminated successfully    (Exit mode 0)
            Current function value: 0.3027937500000002
            Iterations: 5
            Function evaluations: 15
            Gradient evaluations: 5
Optimization terminated successfully    (Exit mode 0)
            Current function value: 0.2913812500000001
            Iterations: 5
            Function evaluations: 36
            Gradient evaluations: 5
Optimization terminated successfully    (Exit mode 0)
            Current function value: 0.2702187499999999
            Iterations: 10
            Function evaluations: 67
            Gradient evaluations: 10
Optimization terminated successfully    (Exit mode 0)
            Current function value: 0.2635999999999999
            Iterations: 3
            Function evaluations: 29
            Gradient evaluations: 3
Optimization terminated successfully    (Exit mode 0)
            Current function value: 0.2695624999999999
            Iterations: 9
            Function evaluations: 91
            Gradient evaluations: 9
Optimization terminated successfully    (Exit mode 0)
            Current function value: 0.25118750000000006
            Iterations: 12
            Function evaluations: 117
            Gradient evaluations: 12
Optimization terminated successfully    (Exit mode 0)
            Current function value: 0.26291875000000003
            Iterations: 7
            Function evaluations: 83
            Gradient evaluations: 7
Optimization terminated successfully    (Exit mode 0)
            Current function value: 0.2652875000000001
            Iterations: 4
            Function evaluations: 51
            Gradient evaluations: 4
Optimization terminated successfully    (Exit mode 0)
            Current function value: 0.2632812499999999
            Iterations: 6
            Function evaluations: 83
            Gradient evaluations: 6
Optimization terminated successfully    (Exit mode 0)
            Current function value: 0.24984999999999996
            Iterations: 4
            Function evaluations: 61
            Gradient evaluations: 4
corrs 1
sub corrs 10
corrs 2
sub corrs 20
corrs 3
sub corrs 30
corrs 4
sub corrs 40
corrs 5
sub corrs 50
corrs 6
sub corrs 60
corrs 7
sub corrs 70
corrs 8
sub corrs 80
corrs 9
sub corrs 90
corrs 10
sub corrs 100
Optimization terminated successfully    (Exit mode 0)
            Current function value: 0.30015000000000003
            Iterations: 1
            Function evaluations: 2
            Gradient evaluations: 1
Optimization terminated successfully    (Exit mode 0)
            Current function value: 0.31648124999999994
            Iterations: 1
            Function evaluations: 14
            Gradient evaluations: 1
Optimization terminated successfully    (Exit mode 0)
            Current function value: 0.29098125
            Iterations: 7
            Function evaluations: 40
            Gradient evaluations: 7
Optimization terminated successfully    (Exit mode 0)
            Current function value: 0.2608125000000002
            Iterations: 5
            Function evaluations: 36
            Gradient evaluations: 5
Optimization terminated successfully    (Exit mode 0)
            Current function value: 0.2839624999999999
            Iterations: 6
            Function evaluations: 47
            Gradient evaluations: 6
Optimization terminated successfully    (Exit mode 0)
            Current function value: 0.2560375000000002
            Iterations: 9
            Function evaluations: 79
            Gradient evaluations: 9
Optimization terminated successfully    (Exit mode 0)
            Current function value: 0.24523124999999968
            Iterations: 7
            Function evaluations: 69
            Gradient evaluations: 7
Optimization terminated successfully    (Exit mode 0)
            Current function value: 0.24267499999999986
            Iterations: 5
            Function evaluations: 58
            Gradient evaluations: 5
Optimization terminated successfully    (Exit mode 0)
            Current function value: 0.2522250000000002
            Iterations: 5
            Function evaluations: 71
            Gradient evaluations: 5
Optimization terminated successfully    (Exit mode 0)
            Current function value: 0.2507625
            Iterations: 9
            Function evaluations: 120
            Gradient evaluations: 9
Optimization terminated successfully    (Exit mode 0)
            Current function value: 0.25689375000000003
            Iterations: 3
            Function evaluations: 47
            Gradient evaluations: 3
 Experiment complete. Results at: /mnt/beegfs/hellgate/home/tp183485/timecorr_trazzp/Cluster_Data/rest/rest_100_10_10_isfc_IncrementalPCA_30_gaussian.csv
