corrs 1
sub corrs 10
corrs 2
sub corrs 20
corrs 3
sub corrs 30
corrs 4
sub corrs 40
corrs 5
sub corrs 50
corrs 6
sub corrs 60
corrs 7
sub corrs 70
corrs 8
sub corrs 80
corrs 9
sub corrs 90
corrs 10
sub corrs 100
Optimization terminated successfully    (Exit mode 0)
            Current function value: 0.32676874999999983
            Iterations: 1
            Function evaluations: 2
            Gradient evaluations: 1
Optimization terminated successfully    (Exit mode 0)
            Current function value: 0.36421249999999994
            Iterations: 4
            Function evaluations: 26
            Gradient evaluations: 4
Optimization terminated successfully    (Exit mode 0)
            Current function value: 0.28544374999999994
            Iterations: 4
            Function evaluations: 27
            Gradient evaluations: 4
Optimization terminated successfully    (Exit mode 0)
            Current function value: 0.2669812500000001
            Iterations: 10
            Function evaluations: 67
            Gradient evaluations: 10
Optimization terminated successfully    (Exit mode 0)
            Current function value: 0.24483124999999972
            Iterations: 7
            Function evaluations: 53
            Gradient evaluations: 7
Optimization terminated successfully    (Exit mode 0)
            Current function value: 0.24403125000000006
            Iterations: 6
            Function evaluations: 58
            Gradient evaluations: 6
Optimization terminated successfully    (Exit mode 0)
            Current function value: 0.22004374999999984
            Iterations: 13
            Function evaluations: 129
            Gradient evaluations: 13
Optimization terminated successfully    (Exit mode 0)
            Current function value: 0.17426250000000004
            Iterations: 9
            Function evaluations: 101
            Gradient evaluations: 9
Optimization terminated successfully    (Exit mode 0)
            Current function value: 0.2120499999999999
            Iterations: 5
            Function evaluations: 61
            Gradient evaluations: 5
Optimization terminated successfully    (Exit mode 0)
            Current function value: 0.2027
            Iterations: 5
            Function evaluations: 70
            Gradient evaluations: 5
Optimization terminated successfully    (Exit mode 0)
            Current function value: 0.21961874999999986
            Iterations: 6
            Function evaluations: 87
            Gradient evaluations: 6
corrs 1
sub corrs 10
corrs 2
sub corrs 20
corrs 3
sub corrs 30
corrs 4
sub corrs 40
corrs 5
sub corrs 50
corrs 6
sub corrs 60
corrs 7
sub corrs 70
corrs 8
sub corrs 80
corrs 9
sub corrs 90
corrs 10
sub corrs 100
Optimization terminated successfully    (Exit mode 0)
            Current function value: 0.35878750000000004
            Iterations: 1
            Function evaluations: 2
            Gradient evaluations: 1
Optimization terminated successfully    (Exit mode 0)
            Current function value: 0.3348562500000001
            Iterations: 1
            Function evaluations: 14
            Gradient evaluations: 1
Optimization terminated successfully    (Exit mode 0)
            Current function value: 0.34674374999999985
            Iterations: 6
            Function evaluations: 44
            Gradient evaluations: 6
Optimization terminated successfully    (Exit mode 0)
            Current function value: 0.3467874999999999
            Iterations: 2
            Function evaluations: 21
            Gradient evaluations: 2
Optimization terminated successfully    (Exit mode 0)
            Current function value: 0.2542312500000002
            Iterations: 6
            Function evaluations: 47
            Gradient evaluations: 6
Optimization terminated successfully    (Exit mode 0)
            Current function value: 0.2276375
            Iterations: 7
            Function evaluations: 69
            Gradient evaluations: 7
Optimization terminated successfully    (Exit mode 0)
            Current function value: 0.255425
            Iterations: 3
            Function evaluations: 36
            Gradient evaluations: 3
Optimization terminated successfully    (Exit mode 0)
            Current function value: 0.20461875000000007
            Iterations: 7
            Function evaluations: 78
            Gradient evaluations: 7
Optimization terminated successfully    (Exit mode 0)
            Current function value: 0.19342499999999999
            Iterations: 12
            Function evaluations: 142
            Gradient evaluations: 12
Optimization terminated successfully    (Exit mode 0)
            Current function value: 0.2041
            Iterations: 13
            Function evaluations: 158
            Gradient evaluations: 13
Optimization terminated successfully    (Exit mode 0)
            Current function value: 0.20114375000000004
            Iterations: 11
            Function evaluations: 155
            Gradient evaluations: 11
 Experiment complete. Results at: /mnt/beegfs/hellgate/home/tp183485/timecorr_trazzp/Cluster_Data/rest/rest_700_10_10_isfc_PCA_10_gaussian.csv
