corrs 1
sub corrs 10
corrs 2
sub corrs 20
corrs 3
sub corrs 30
corrs 4
sub corrs 40
corrs 5
sub corrs 50
corrs 6
sub corrs 60
corrs 7
sub corrs 70
corrs 8
sub corrs 80
corrs 9
sub corrs 90
corrs 10
sub corrs 100
Optimization terminated successfully    (Exit mode 0)
            Current function value: 0.3169312499999997
            Iterations: 1
            Function evaluations: 2
            Gradient evaluations: 1
Optimization terminated successfully    (Exit mode 0)
            Current function value: 0.2833812499999995
            Iterations: 3
            Function evaluations: 9
            Gradient evaluations: 3
Optimization terminated successfully    (Exit mode 0)
            Current function value: 0.17190624999999982
            Iterations: 11
            Function evaluations: 57
            Gradient evaluations: 11
Optimization terminated successfully    (Exit mode 0)
            Current function value: 0.17666249999999983
            Iterations: 11
            Function evaluations: 67
            Gradient evaluations: 11
Optimization terminated successfully    (Exit mode 0)
            Current function value: 0.15644375000000013
            Iterations: 7
            Function evaluations: 61
            Gradient evaluations: 7
Optimization terminated successfully    (Exit mode 0)
            Current function value: 0.16213124999999992
            Iterations: 6
            Function evaluations: 53
            Gradient evaluations: 6
Optimization terminated successfully    (Exit mode 0)
            Current function value: 0.16972499999999982
            Iterations: 13
            Function evaluations: 124
            Gradient evaluations: 13
Optimization terminated successfully    (Exit mode 0)
            Current function value: 0.16296875000000013
            Iterations: 5
            Function evaluations: 57
            Gradient evaluations: 5
Optimization terminated successfully    (Exit mode 0)
            Current function value: 0.1726
            Iterations: 5
            Function evaluations: 67
            Gradient evaluations: 5
Optimization terminated successfully    (Exit mode 0)
            Current function value: 0.14287500000000028
            Iterations: 7
            Function evaluations: 93
            Gradient evaluations: 7
Optimization terminated successfully    (Exit mode 0)
            Current function value: 0.15268125000000005
            Iterations: 5
            Function evaluations: 71
            Gradient evaluations: 5
corrs 1
sub corrs 10
corrs 2
sub corrs 20
corrs 3
sub corrs 30
corrs 4
sub corrs 40
corrs 5
sub corrs 50
corrs 6
sub corrs 60
corrs 7
sub corrs 70
corrs 8
sub corrs 80
corrs 9
sub corrs 90
corrs 10
sub corrs 100
Optimization terminated successfully    (Exit mode 0)
            Current function value: 0.2974187500000002
            Iterations: 1
            Function evaluations: 2
            Gradient evaluations: 1
Optimization terminated successfully    (Exit mode 0)
            Current function value: 0.2974187500000002
            Iterations: 3
            Function evaluations: 20
            Gradient evaluations: 3
Optimization terminated successfully    (Exit mode 0)
            Current function value: 0.16483124999999993
            Iterations: 3
            Function evaluations: 12
            Gradient evaluations: 3
Optimization terminated successfully    (Exit mode 0)
            Current function value: 0.23065625000000012
            Iterations: 2
            Function evaluations: 21
            Gradient evaluations: 2
Optimization terminated successfully    (Exit mode 0)
            Current function value: 0.1604125000000001
            Iterations: 7
            Function evaluations: 59
            Gradient evaluations: 7
Optimization terminated successfully    (Exit mode 0)
            Current function value: 0.22717499999999993
            Iterations: 1
            Function evaluations: 18
            Gradient evaluations: 1
Optimization terminated successfully    (Exit mode 0)
            Current function value: 0.13608750000000008
            Iterations: 6
            Function evaluations: 62
            Gradient evaluations: 6
Optimization terminated successfully    (Exit mode 0)
            Current function value: 0.13790000000000002
            Iterations: 17
            Function evaluations: 178
            Gradient evaluations: 17
Optimization terminated successfully    (Exit mode 0)
            Current function value: 0.16320000000000012
            Iterations: 11
            Function evaluations: 129
            Gradient evaluations: 11
Optimization terminated successfully    (Exit mode 0)
            Current function value: 0.15203125000000012
            Iterations: 9
            Function evaluations: 114
            Gradient evaluations: 9
Optimization terminated successfully    (Exit mode 0)
            Current function value: 0.15321874999999996
            Iterations: 5
            Function evaluations: 87
            Gradient evaluations: 5
 Experiment complete. Results at: /mnt/beegfs/hellgate/home/tp183485/timecorr_trazzp/Cluster_Data/rest/rest_700_10_10_isfc_FactorAnalysis_15_mexican_hat.csv
