corrs 1
sub corrs 10
corrs 2
sub corrs 20
corrs 3
sub corrs 30
corrs 4
sub corrs 40
corrs 5
sub corrs 50
corrs 6
sub corrs 60
corrs 7
sub corrs 70
corrs 8
sub corrs 80
corrs 9
sub corrs 90
corrs 10
sub corrs 100
Optimization terminated successfully    (Exit mode 0)
            Current function value: 0.30223749999999994
            Iterations: 1
            Function evaluations: 2
            Gradient evaluations: 1
Optimization terminated successfully    (Exit mode 0)
            Current function value: 0.26453124999999994
            Iterations: 5
            Function evaluations: 28
            Gradient evaluations: 5
Optimization terminated successfully    (Exit mode 0)
            Current function value: 0.31030624999999995
            Iterations: 4
            Function evaluations: 27
            Gradient evaluations: 4
Optimization terminated successfully    (Exit mode 0)
            Current function value: 0.44556874999999946
            Iterations: 6
            Function evaluations: 45
            Gradient evaluations: 6
Optimization terminated successfully    (Exit mode 0)
            Current function value: 0.29491249999999963
            Iterations: 8
            Function evaluations: 78
            Gradient evaluations: 8
Optimization terminated successfully    (Exit mode 0)
            Current function value: 0.3086624999999999
            Iterations: 12
            Function evaluations: 95
            Gradient evaluations: 11
Optimization terminated successfully    (Exit mode 0)
            Current function value: 0.37264375000000016
            Iterations: 2
            Function evaluations: 28
            Gradient evaluations: 2
Optimization terminated successfully    (Exit mode 0)
            Current function value: 0.33842499999999986
            Iterations: 7
            Function evaluations: 78
            Gradient evaluations: 7
Optimization terminated successfully    (Exit mode 0)
            Current function value: 0.3055187499999999
            Iterations: 4
            Function evaluations: 56
            Gradient evaluations: 4
Optimization terminated successfully    (Exit mode 0)
            Current function value: 0.35172500000000007
            Iterations: 4
            Function evaluations: 58
            Gradient evaluations: 4
Optimization terminated successfully    (Exit mode 0)
            Current function value: 0.06671875000000008
            Iterations: 7
            Function evaluations: 111
            Gradient evaluations: 7
corrs 1
sub corrs 10
corrs 2
sub corrs 20
corrs 3
sub corrs 30
corrs 4
sub corrs 40
corrs 5
sub corrs 50
corrs 6
sub corrs 60
corrs 7
sub corrs 70
corrs 8
sub corrs 80
corrs 9
sub corrs 90
corrs 10
sub corrs 100
Optimization terminated successfully    (Exit mode 0)
            Current function value: 0.3200437499999996
            Iterations: 1
            Function evaluations: 2
            Gradient evaluations: 1
Optimization terminated successfully    (Exit mode 0)
            Current function value: 0.30261874999999977
            Iterations: 2
            Function evaluations: 17
            Gradient evaluations: 2
Optimization terminated successfully    (Exit mode 0)
            Current function value: 0.3148875000000001
            Iterations: 3
            Function evaluations: 12
            Gradient evaluations: 3
Optimization terminated successfully    (Exit mode 0)
            Current function value: 0.2924
            Iterations: 5
            Function evaluations: 40
            Gradient evaluations: 5
Optimization terminated successfully    (Exit mode 0)
            Current function value: 0.2725312499999997
            Iterations: 6
            Function evaluations: 52
            Gradient evaluations: 6
Optimization terminated successfully    (Exit mode 0)
            Current function value: 0.2692937499999994
            Iterations: 5
            Function evaluations: 52
            Gradient evaluations: 5
Optimization terminated successfully    (Exit mode 0)
            Current function value: 0.27543124999999946
            Iterations: 8
            Function evaluations: 82
            Gradient evaluations: 8
Optimization terminated successfully    (Exit mode 0)
            Current function value: 0.27945624999999974
            Iterations: 6
            Function evaluations: 68
            Gradient evaluations: 6
Optimization terminated successfully    (Exit mode 0)
            Current function value: 0.36486874999999974
            Iterations: 3
            Function evaluations: 42
            Gradient evaluations: 3
Optimization terminated successfully    (Exit mode 0)
            Current function value: 0.09051875
            Iterations: 97
            Function evaluations: 1763
            Gradient evaluations: 93
Optimization terminated successfully    (Exit mode 0)
            Current function value: 0.06481249999999995
            Iterations: 8
            Function evaluations: 109
            Gradient evaluations: 8
 Experiment complete. Results at: /mnt/beegfs/hellgate/home/tp183485/timecorr_trazzp/Cluster_Data/rest/rest_700_10_10_isfc_TruncatedSVD_45_mexican_hat.csv
