corrs 1
sub corrs 10
corrs 2
sub corrs 20
corrs 3
sub corrs 30
corrs 4
sub corrs 40
corrs 5
sub corrs 50
corrs 6
sub corrs 60
corrs 7
sub corrs 70
corrs 8
sub corrs 80
corrs 9
sub corrs 90
corrs 10
sub corrs 100
Optimization terminated successfully    (Exit mode 0)
            Current function value: 0.31628124999999985
            Iterations: 1
            Function evaluations: 2
            Gradient evaluations: 1
Optimization terminated successfully    (Exit mode 0)
            Current function value: 0.3721812500000003
            Iterations: 2
            Function evaluations: 18
            Gradient evaluations: 2
Optimization terminated successfully    (Exit mode 0)
            Current function value: 0.3524749999999999
            Iterations: 3
            Function evaluations: 25
            Gradient evaluations: 3
Optimization terminated successfully    (Exit mode 0)
            Current function value: 0.3131374999999998
            Iterations: 7
            Function evaluations: 47
            Gradient evaluations: 7
Optimization terminated successfully    (Exit mode 0)
            Current function value: 0.29622499999999974
            Iterations: 9
            Function evaluations: 69
            Gradient evaluations: 9
Optimization terminated successfully    (Exit mode 0)
            Current function value: 0.3032562499999998
            Iterations: 4
            Function evaluations: 42
            Gradient evaluations: 4
Optimization terminated successfully    (Exit mode 0)
            Current function value: 0.3212874999999999
            Iterations: 8
            Function evaluations: 79
            Gradient evaluations: 8
Optimization terminated successfully    (Exit mode 0)
            Current function value: 0.22543125
            Iterations: 5
            Function evaluations: 62
            Gradient evaluations: 5
Optimization terminated successfully    (Exit mode 0)
            Current function value: 0.22436249999999971
            Iterations: 3
            Function evaluations: 41
            Gradient evaluations: 3
Optimization terminated successfully    (Exit mode 0)
            Current function value: 0.20840000000000006
            Iterations: 12
            Function evaluations: 161
            Gradient evaluations: 12
Optimization terminated successfully    (Exit mode 0)
            Current function value: 0.22268749999999993
            Iterations: 6
            Function evaluations: 85
            Gradient evaluations: 6
corrs 1
sub corrs 10
corrs 2
sub corrs 20
corrs 3
sub corrs 30
corrs 4
sub corrs 40
corrs 5
sub corrs 50
corrs 6
sub corrs 60
corrs 7
sub corrs 70
corrs 8
sub corrs 80
corrs 9
sub corrs 90
corrs 10
sub corrs 100
Optimization terminated successfully    (Exit mode 0)
            Current function value: 0.2896937500000001
            Iterations: 1
            Function evaluations: 2
            Gradient evaluations: 1
Optimization terminated successfully    (Exit mode 0)
            Current function value: 0.2896937500000001
            Iterations: 5
            Function evaluations: 15
            Gradient evaluations: 5
Optimization terminated successfully    (Exit mode 0)
            Current function value: 0.2831812500000002
            Iterations: 7
            Function evaluations: 39
            Gradient evaluations: 7
Optimization terminated successfully    (Exit mode 0)
            Current function value: 0.33817500000000017
            Iterations: 7
            Function evaluations: 53
            Gradient evaluations: 7
Optimization terminated successfully    (Exit mode 0)
            Current function value: 0.3250187499999999
            Iterations: 6
            Function evaluations: 52
            Gradient evaluations: 6
Optimization terminated successfully    (Exit mode 0)
            Current function value: 0.32695625
            Iterations: 3
            Function evaluations: 32
            Gradient evaluations: 3
Optimization terminated successfully    (Exit mode 0)
            Current function value: 0.3200937500000001
            Iterations: 9
            Function evaluations: 90
            Gradient evaluations: 9
Optimization terminated successfully    (Exit mode 0)
            Current function value: 0.2791937499999998
            Iterations: 22
            Function evaluations: 219
            Gradient evaluations: 22
Optimization terminated successfully    (Exit mode 0)
            Current function value: 0.28194375000000005
            Iterations: 6
            Function evaluations: 71
            Gradient evaluations: 6
Optimization terminated successfully    (Exit mode 0)
            Current function value: 0.2853937499999999
            Iterations: 8
            Function evaluations: 105
            Gradient evaluations: 8
Optimization terminated successfully    (Exit mode 0)
            Current function value: 0.25504999999999994
            Iterations: 8
            Function evaluations: 111
            Gradient evaluations: 8
 Experiment complete. Results at: /mnt/beegfs/hellgate/home/tp183485/timecorr_trazzp/Cluster_Data/rest/rest_100_10_10_isfc_IncrementalPCA_15_mexican_hat.csv
