corrs 1
sub corrs 10
corrs 2
sub corrs 20
corrs 3
sub corrs 30
corrs 4
sub corrs 40
corrs 5
sub corrs 50
corrs 6
sub corrs 60
corrs 7
sub corrs 70
corrs 8
sub corrs 80
corrs 9
sub corrs 90
corrs 10
sub corrs 100
Optimization terminated successfully    (Exit mode 0)
            Current function value: 0.2985999999999998
            Iterations: 1
            Function evaluations: 2
            Gradient evaluations: 1
Optimization terminated successfully    (Exit mode 0)
            Current function value: 0.3586875000000001
            Iterations: 2
            Function evaluations: 17
            Gradient evaluations: 2
Optimization terminated successfully    (Exit mode 0)
            Current function value: 0.28090625
            Iterations: 3
            Function evaluations: 23
            Gradient evaluations: 3
Optimization terminated successfully    (Exit mode 0)
            Current function value: 0.23261875000000018
            Iterations: 4
            Function evaluations: 31
            Gradient evaluations: 4
Optimization terminated successfully    (Exit mode 0)
            Current function value: 0.16866874999999992
            Iterations: 10
            Function evaluations: 74
            Gradient evaluations: 10
Optimization terminated successfully    (Exit mode 0)
            Current function value: 0.17307500000000003
            Iterations: 9
            Function evaluations: 78
            Gradient evaluations: 9
Optimization terminated successfully    (Exit mode 0)
            Current function value: 0.17536249999999998
            Iterations: 6
            Function evaluations: 61
            Gradient evaluations: 6
Optimization terminated successfully    (Exit mode 0)
            Current function value: 0.1723
            Iterations: 9
            Function evaluations: 96
            Gradient evaluations: 9
Optimization terminated successfully    (Exit mode 0)
            Current function value: 0.14738749999999995
            Iterations: 8
            Function evaluations: 94
            Gradient evaluations: 8
Optimization terminated successfully    (Exit mode 0)
            Current function value: 0.14664374999999993
            Iterations: 5
            Function evaluations: 67
            Gradient evaluations: 5
Optimization terminated successfully    (Exit mode 0)
            Current function value: 0.144175
            Iterations: 11
            Function evaluations: 155
            Gradient evaluations: 11
corrs 1
sub corrs 10
corrs 2
sub corrs 20
corrs 3
sub corrs 30
corrs 4
sub corrs 40
corrs 5
sub corrs 50
corrs 6
sub corrs 60
corrs 7
sub corrs 70
corrs 8
sub corrs 80
corrs 9
sub corrs 90
corrs 10
sub corrs 100
Optimization terminated successfully    (Exit mode 0)
            Current function value: 0.3262500000000001
            Iterations: 1
            Function evaluations: 2
            Gradient evaluations: 1
Optimization terminated successfully    (Exit mode 0)
            Current function value: 0.3238937500000001
            Iterations: 1
            Function evaluations: 14
            Gradient evaluations: 1
Optimization terminated successfully    (Exit mode 0)
            Current function value: 0.24666874999999988
            Iterations: 6
            Function evaluations: 37
            Gradient evaluations: 6
Optimization terminated successfully    (Exit mode 0)
            Current function value: 0.2213250000000002
            Iterations: 7
            Function evaluations: 48
            Gradient evaluations: 7
Optimization terminated successfully    (Exit mode 0)
            Current function value: 0.17430625000000002
            Iterations: 4
            Function evaluations: 39
            Gradient evaluations: 4
Optimization terminated successfully    (Exit mode 0)
            Current function value: 0.18611875000000005
            Iterations: 12
            Function evaluations: 110
            Gradient evaluations: 12
Optimization terminated successfully    (Exit mode 0)
            Current function value: 0.17901249999999996
            Iterations: 4
            Function evaluations: 48
            Gradient evaluations: 4
Optimization terminated successfully    (Exit mode 0)
            Current function value: 0.18747499999999997
            Iterations: 5
            Function evaluations: 60
            Gradient evaluations: 5
Optimization terminated successfully    (Exit mode 0)
            Current function value: 0.14902500000000013
            Iterations: 7
            Function evaluations: 85
            Gradient evaluations: 7
Optimization terminated successfully    (Exit mode 0)
            Current function value: 0.14475624999999986
            Iterations: 5
            Function evaluations: 69
            Gradient evaluations: 5
Optimization terminated successfully    (Exit mode 0)
            Current function value: 0.14150000000000007
            Iterations: 5
            Function evaluations: 74
            Gradient evaluations: 5
 Experiment complete. Results at: /mnt/beegfs/hellgate/home/tp183485/timecorr_trazzp/Cluster_Data/rest/rest_100_10_10_isfc_FactorAnalysis_45_laplace.csv
