corrs 1
sub corrs 10
corrs 2
sub corrs 20
corrs 3
sub corrs 30
corrs 4
sub corrs 40
corrs 5
sub corrs 50
corrs 6
sub corrs 60
corrs 7
sub corrs 70
corrs 8
sub corrs 80
corrs 9
sub corrs 90
corrs 10
sub corrs 100
Optimization terminated successfully    (Exit mode 0)
            Current function value: 0.3160812499999998
            Iterations: 1
            Function evaluations: 2
            Gradient evaluations: 1
Optimization terminated successfully    (Exit mode 0)
            Current function value: 0.29509999999999986
            Iterations: 7
            Function evaluations: 35
            Gradient evaluations: 7
Optimization terminated successfully    (Exit mode 0)
            Current function value: 0.32111874999999995
            Iterations: 5
            Function evaluations: 34
            Gradient evaluations: 5
Optimization terminated successfully    (Exit mode 0)
            Current function value: 0.31928125
            Iterations: 2
            Function evaluations: 21
            Gradient evaluations: 2
Optimization terminated successfully    (Exit mode 0)
            Current function value: 0.2525187500000002
            Iterations: 7
            Function evaluations: 55
            Gradient evaluations: 7
Optimization terminated successfully    (Exit mode 0)
            Current function value: 0.3295625000000001
            Iterations: 5
            Function evaluations: 50
            Gradient evaluations: 5
Optimization terminated successfully    (Exit mode 0)
            Current function value: 0.31684375000000026
            Iterations: 2
            Function evaluations: 27
            Gradient evaluations: 2
Optimization terminated successfully    (Exit mode 0)
            Current function value: 0.2631749999999998
            Iterations: 4
            Function evaluations: 50
            Gradient evaluations: 4
Optimization terminated successfully    (Exit mode 0)
            Current function value: 0.24796875000000007
            Iterations: 4
            Function evaluations: 51
            Gradient evaluations: 4
Optimization terminated successfully    (Exit mode 0)
            Current function value: 0.19752499999999984
            Iterations: 6
            Function evaluations: 79
            Gradient evaluations: 6
Optimization terminated successfully    (Exit mode 0)
            Current function value: 0.18057499999999993
            Iterations: 11
            Function evaluations: 151
            Gradient evaluations: 11
corrs 1
sub corrs 10
corrs 2
sub corrs 20
corrs 3
sub corrs 30
corrs 4
sub corrs 40
corrs 5
sub corrs 50
corrs 6
sub corrs 60
corrs 7
sub corrs 70
corrs 8
sub corrs 80
corrs 9
sub corrs 90
corrs 10
sub corrs 100
Optimization terminated successfully    (Exit mode 0)
            Current function value: 0.3129187499999999
            Iterations: 1
            Function evaluations: 2
            Gradient evaluations: 1
Optimization terminated successfully    (Exit mode 0)
            Current function value: 0.3307312499999998
            Iterations: 3
            Function evaluations: 20
            Gradient evaluations: 3
Optimization terminated successfully    (Exit mode 0)
            Current function value: 0.33267499999999983
            Iterations: 1
            Function evaluations: 15
            Gradient evaluations: 1
Optimization terminated successfully    (Exit mode 0)
            Current function value: 0.30667500000000003
            Iterations: 3
            Function evaluations: 29
            Gradient evaluations: 3
Optimization terminated successfully    (Exit mode 0)
            Current function value: 0.31704375
            Iterations: 3
            Function evaluations: 30
            Gradient evaluations: 3
Optimization terminated successfully    (Exit mode 0)
            Current function value: 0.20346875
            Iterations: 8
            Function evaluations: 67
            Gradient evaluations: 8
Optimization terminated successfully    (Exit mode 0)
            Current function value: 0.20568124999999995
            Iterations: 4
            Function evaluations: 43
            Gradient evaluations: 4
Optimization terminated successfully    (Exit mode 0)
            Current function value: 0.18595624999999988
            Iterations: 7
            Function evaluations: 77
            Gradient evaluations: 7
Optimization terminated successfully    (Exit mode 0)
            Current function value: 0.17577500000000001
            Iterations: 9
            Function evaluations: 106
            Gradient evaluations: 9
Optimization terminated successfully    (Exit mode 0)
            Current function value: 0.1824624999999999
            Iterations: 8
            Function evaluations: 107
            Gradient evaluations: 8
Optimization terminated successfully    (Exit mode 0)
            Current function value: 0.18214375000000035
            Iterations: 5
            Function evaluations: 74
            Gradient evaluations: 5
 Experiment complete. Results at: /mnt/beegfs/hellgate/home/tp183485/timecorr_trazzp/Cluster_Data/rest/rest_100_10_10_isfc_FactorAnalysis_30_laplace.csv
