corrs 1
sub corrs 10
corrs 2
sub corrs 20
corrs 3
sub corrs 30
corrs 4
sub corrs 40
corrs 5
sub corrs 50
corrs 6
sub corrs 60
corrs 7
sub corrs 70
corrs 8
sub corrs 80
corrs 9
sub corrs 90
corrs 10
sub corrs 100
Optimization terminated successfully    (Exit mode 0)
            Current function value: 0.29771250000000016
            Iterations: 1
            Function evaluations: 2
            Gradient evaluations: 1
Optimization terminated successfully    (Exit mode 0)
            Current function value: 0.3616999999999998
            Iterations: 3
            Function evaluations: 9
            Gradient evaluations: 3
Optimization terminated successfully    (Exit mode 0)
            Current function value: 0.2692125
            Iterations: 9
            Function evaluations: 50
            Gradient evaluations: 9
Optimization terminated successfully    (Exit mode 0)
            Current function value: 0.2954812499999997
            Iterations: 3
            Function evaluations: 26
            Gradient evaluations: 3
Optimization terminated successfully    (Exit mode 0)
            Current function value: 0.29974999999999996
            Iterations: 6
            Function evaluations: 53
            Gradient evaluations: 6
Optimization terminated successfully    (Exit mode 0)
            Current function value: 0.22011250000000007
            Iterations: 5
            Function evaluations: 46
            Gradient evaluations: 5
Optimization terminated successfully    (Exit mode 0)
            Current function value: 0.21885625000000006
            Iterations: 8
            Function evaluations: 75
            Gradient evaluations: 8
Optimization terminated successfully    (Exit mode 0)
            Current function value: 0.2816812500000001
            Iterations: 6
            Function evaluations: 67
            Gradient evaluations: 6
Optimization terminated successfully    (Exit mode 0)
            Current function value: 0.22798125000000005
            Iterations: 5
            Function evaluations: 63
            Gradient evaluations: 5
Optimization terminated successfully    (Exit mode 0)
            Current function value: 0.19046249999999998
            Iterations: 13
            Function evaluations: 159
            Gradient evaluations: 13
Optimization terminated successfully    (Exit mode 0)
            Current function value: 0.20757499999999982
            Iterations: 5
            Function evaluations: 75
            Gradient evaluations: 5
corrs 1
sub corrs 10
corrs 2
sub corrs 20
corrs 3
sub corrs 30
corrs 4
sub corrs 40
corrs 5
sub corrs 50
corrs 6
sub corrs 60
corrs 7
sub corrs 70
corrs 8
sub corrs 80
corrs 9
sub corrs 90
corrs 10
sub corrs 100
Optimization terminated successfully    (Exit mode 0)
            Current function value: 0.31109374999999995
            Iterations: 1
            Function evaluations: 2
            Gradient evaluations: 1
Optimization terminated successfully    (Exit mode 0)
            Current function value: 0.33015625000000015
            Iterations: 4
            Function evaluations: 25
            Gradient evaluations: 4
Optimization terminated successfully    (Exit mode 0)
            Current function value: 0.2617625
            Iterations: 12
            Function evaluations: 65
            Gradient evaluations: 12
Optimization terminated successfully    (Exit mode 0)
            Current function value: 0.3178749999999998
            Iterations: 7
            Function evaluations: 50
            Gradient evaluations: 7
Optimization terminated successfully    (Exit mode 0)
            Current function value: 0.2768250000000002
            Iterations: 4
            Function evaluations: 37
            Gradient evaluations: 4
Optimization terminated successfully    (Exit mode 0)
            Current function value: 0.27875000000000033
            Iterations: 2
            Function evaluations: 25
            Gradient evaluations: 2
Optimization terminated successfully    (Exit mode 0)
            Current function value: 0.2627750000000001
            Iterations: 10
            Function evaluations: 94
            Gradient evaluations: 10
Optimization terminated successfully    (Exit mode 0)
            Current function value: 0.1901437500000001
            Iterations: 14
            Function evaluations: 143
            Gradient evaluations: 14
Optimization terminated successfully    (Exit mode 0)
            Current function value: 0.31852499999999967
            Iterations: 1
            Function evaluations: 21
            Gradient evaluations: 1
Optimization terminated successfully    (Exit mode 0)
            Current function value: 0.17286875000000002
            Iterations: 4
            Function evaluations: 55
            Gradient evaluations: 4
Optimization terminated successfully    (Exit mode 0)
            Current function value: 0.18689999999999996
            Iterations: 10
            Function evaluations: 143
            Gradient evaluations: 10
 Experiment complete. Results at: /mnt/beegfs/hellgate/home/tp183485/timecorr_trazzp/Cluster_Data/rest/rest_100_10_10_isfc_IncrementalPCA_35_gaussian.csv
