corrs 1
sub corrs 10
corrs 2
sub corrs 20
corrs 3
sub corrs 30
corrs 4
sub corrs 40
corrs 5
sub corrs 50
corrs 6
sub corrs 60
corrs 7
sub corrs 70
corrs 8
sub corrs 80
corrs 9
sub corrs 90
corrs 10
sub corrs 100
Optimization terminated successfully    (Exit mode 0)
            Current function value: 0.34726875
            Iterations: 1
            Function evaluations: 2
            Gradient evaluations: 1
       rank  accuracy     error
0  0.574825      0.01  0.347269
Optimization terminated successfully    (Exit mode 0)
            Current function value: 0.3825500000000002
            Iterations: 3
            Function evaluations: 21
            Gradient evaluations: 3
       rank  accuracy    error
0  0.435937    0.0025  0.38255
Optimization terminated successfully    (Exit mode 0)
            Current function value: 0.3040312500000001
            Iterations: 2
            Function evaluations: 19
            Gradient evaluations: 2
     rank  accuracy     error
0  0.4091    0.0025  0.304031
Optimization terminated successfully    (Exit mode 0)
            Current function value: 0.26906249999999976
            Iterations: 9
            Function evaluations: 61
            Gradient evaluations: 9
       rank  accuracy     error
0  0.528963      0.01  0.269062
Optimization terminated successfully    (Exit mode 0)
            Current function value: 0.25068125000000013
            Iterations: 6
            Function evaluations: 57
            Gradient evaluations: 6
       rank  accuracy     error
0  0.423737     0.005  0.250681
Optimization terminated successfully    (Exit mode 0)
            Current function value: 0.21244374999999976
            Iterations: 6
            Function evaluations: 58
            Gradient evaluations: 6
       rank  accuracy     error
0  0.477331     0.015  0.212444
Optimization terminated successfully    (Exit mode 0)
            Current function value: 0.17651874999999997
            Iterations: 9
            Function evaluations: 95
            Gradient evaluations: 9
       rank  accuracy     error
0  0.593925      0.01  0.176519
Optimization terminated successfully    (Exit mode 0)
            Current function value: 0.18732499999999988
            Iterations: 9
            Function evaluations: 101
            Gradient evaluations: 9
       rank  accuracy     error
0  0.642625     0.015  0.187325
Optimization terminated successfully    (Exit mode 0)
            Current function value: 0.20769374999999987
            Iterations: 4
            Function evaluations: 51
            Gradient evaluations: 4
       rank  accuracy     error
0  0.634869      0.01  0.207694
Optimization terminated successfully    (Exit mode 0)
            Current function value: 0.16243749999999976
            Iterations: 9
            Function evaluations: 120
            Gradient evaluations: 9
       rank  accuracy     error
0  0.688256    0.0225  0.162437
Optimization terminated successfully    (Exit mode 0)
            Current function value: 0.18523125000000007
            Iterations: 4
            Function evaluations: 61
            Gradient evaluations: 4
       rank  accuracy     error
0  0.647856      0.02  0.185231
corrs 1
sub corrs 10
corrs 2
sub corrs 20
corrs 3
sub corrs 30
corrs 4
sub corrs 40
corrs 5
sub corrs 50
corrs 6
sub corrs 60
corrs 7
sub corrs 70
corrs 8
sub corrs 80
corrs 9
sub corrs 90
corrs 10
sub corrs 100
Optimization terminated successfully    (Exit mode 0)
            Current function value: 0.3256000000000001
            Iterations: 1
            Function evaluations: 2
            Gradient evaluations: 1
       rank  accuracy   error
0  0.578087     0.005  0.3256
Optimization terminated successfully    (Exit mode 0)
            Current function value: 0.33336875000000005
            Iterations: 6
            Function evaluations: 31
            Gradient evaluations: 6
       rank  accuracy     error
0  0.400469    0.0025  0.333369
Optimization terminated successfully    (Exit mode 0)
            Current function value: 0.31841249999999993
            Iterations: 3
            Function evaluations: 23
            Gradient evaluations: 3
       rank  accuracy     error
0  0.394956       0.0  0.318412
Optimization terminated successfully    (Exit mode 0)
            Current function value: 0.24344374999999988
            Iterations: 7
            Function evaluations: 37
            Gradient evaluations: 7
       rank  accuracy     error
0  0.650331     0.015  0.243444
Optimization terminated successfully    (Exit mode 0)
            Current function value: 0.24340625000000013
            Iterations: 10
            Function evaluations: 78
            Gradient evaluations: 10
       rank  accuracy     error
0  0.526425    0.0075  0.243406
Optimization terminated successfully    (Exit mode 0)
            Current function value: 0.20544999999999977
            Iterations: 7
            Function evaluations: 69
            Gradient evaluations: 7
       rank  accuracy    error
0  0.586313    0.0175  0.20545
Optimization terminated successfully    (Exit mode 0)
            Current function value: 0.16881249999999975
            Iterations: 7
            Function evaluations: 76
            Gradient evaluations: 7
       rank  accuracy     error
0  0.659756      0.02  0.168812
Optimization terminated successfully    (Exit mode 0)
            Current function value: 0.18689999999999962
            Iterations: 6
            Function evaluations: 73
            Gradient evaluations: 6
       rank  accuracy   error
0  0.626919    0.0175  0.1869
Optimization terminated successfully    (Exit mode 0)
            Current function value: 0.14817500000000014
            Iterations: 5
            Function evaluations: 63
            Gradient evaluations: 5
       rank  accuracy     error
0  0.658919     0.025  0.148175
Optimization terminated successfully    (Exit mode 0)
            Current function value: 0.18218749999999978
            Iterations: 5
            Function evaluations: 67
            Gradient evaluations: 5
       rank  accuracy     error
0  0.634619     0.015  0.182187
Optimization terminated successfully    (Exit mode 0)
            Current function value: 0.17008749999999992
            Iterations: 10
            Function evaluations: 139
            Gradient evaluations: 10
       rank  accuracy     error
0  0.648906     0.015  0.170087
✨ Experiment complete. Results archived at: /mnt/beegfs/hellgate/home/tp183485/timecorr_trazzp/Cluster_Data/rest/rest_100_10_10_isfc_IncrementalPCA_20_laplace.csv
