corrs 1
sub corrs 10
corrs 2
sub corrs 20
corrs 3
sub corrs 30
corrs 4
sub corrs 40
corrs 5
sub corrs 50
corrs 6
sub corrs 60
corrs 7
sub corrs 70
corrs 8
sub corrs 80
corrs 9
sub corrs 90
corrs 10
sub corrs 100
Optimization terminated successfully    (Exit mode 0)
            Current function value: 0.3022125000000002
            Iterations: 1
            Function evaluations: 2
            Gradient evaluations: 1
Optimization terminated successfully    (Exit mode 0)
            Current function value: 0.3847937499999993
            Iterations: 1
            Function evaluations: 14
            Gradient evaluations: 1
Optimization terminated successfully    (Exit mode 0)
            Current function value: 0.033006249999999994
            Iterations: 18
            Function evaluations: 77
            Gradient evaluations: 18
Optimization terminated successfully    (Exit mode 0)
            Current function value: 0.033156250000000005
            Iterations: 12
            Function evaluations: 64
            Gradient evaluations: 12
Optimization terminated successfully    (Exit mode 0)
            Current function value: 0.033006250000000015
            Iterations: 8
            Function evaluations: 61
            Gradient evaluations: 8
Optimization terminated successfully    (Exit mode 0)
            Current function value: 0.03314999999999999
            Iterations: 9
            Function evaluations: 79
            Gradient evaluations: 9
Optimization terminated successfully    (Exit mode 0)
            Current function value: 0.022387500000000005
            Iterations: 9
            Function evaluations: 85
            Gradient evaluations: 9
Optimization terminated successfully    (Exit mode 0)
            Current function value: 0.022643749999999994
            Iterations: 10
            Function evaluations: 108
            Gradient evaluations: 10
Optimization terminated successfully    (Exit mode 0)
            Current function value: 0.022643749999999994
            Iterations: 6
            Function evaluations: 72
            Gradient evaluations: 6
Optimization terminated successfully    (Exit mode 0)
            Current function value: 0.024162499999999996
            Iterations: 13
            Function evaluations: 156
            Gradient evaluations: 13
Optimization terminated successfully    (Exit mode 0)
            Current function value: 0.022575000000000015
            Iterations: 14
            Function evaluations: 189
            Gradient evaluations: 14
corrs 1
sub corrs 10
corrs 2
sub corrs 20
corrs 3
sub corrs 30
corrs 4
sub corrs 40
corrs 5
sub corrs 50
corrs 6
sub corrs 60
corrs 7
sub corrs 70
corrs 8
sub corrs 80
corrs 9
sub corrs 90
corrs 10
sub corrs 100
Optimization terminated successfully    (Exit mode 0)
            Current function value: 0.32627500000000026
            Iterations: 1
            Function evaluations: 2
            Gradient evaluations: 1
Optimization terminated successfully    (Exit mode 0)
            Current function value: 0.32627500000000026
            Iterations: 2
            Function evaluations: 6
            Gradient evaluations: 2
Optimization terminated successfully    (Exit mode 0)
            Current function value: 0.036262499999999975
            Iterations: 7
            Function evaluations: 43
            Gradient evaluations: 7
Optimization terminated successfully    (Exit mode 0)
            Current function value: 0.036643749999999996
            Iterations: 10
            Function evaluations: 70
            Gradient evaluations: 10
Optimization terminated successfully    (Exit mode 0)
            Current function value: 0.036281249999999994
            Iterations: 9
            Function evaluations: 77
            Gradient evaluations: 9
Optimization terminated successfully    (Exit mode 0)
            Current function value: 0.03644374999999998
            Iterations: 15
            Function evaluations: 124
            Gradient evaluations: 15
Optimization terminated successfully    (Exit mode 0)
            Current function value: 0.022250000000000013
            Iterations: 14
            Function evaluations: 134
            Gradient evaluations: 14
Optimization terminated successfully    (Exit mode 0)
            Current function value: 0.02363750000000001
            Iterations: 9
            Function evaluations: 95
            Gradient evaluations: 9
Optimization terminated successfully    (Exit mode 0)
            Current function value: 0.02191250000000002
            Iterations: 8
            Function evaluations: 94
            Gradient evaluations: 8
Optimization terminated successfully    (Exit mode 0)
            Current function value: 0.021425000000000007
            Iterations: 12
            Function evaluations: 159
            Gradient evaluations: 12
Optimization terminated successfully    (Exit mode 0)
            Current function value: 0.023118750000000007
            Iterations: 12
            Function evaluations: 162
            Gradient evaluations: 12
 Experiment complete. Results at: /mnt/beegfs/hellgate/home/tp183485/timecorr_trazzp/Cluster_Data/rest/rest_100_10_10_isfc_TruncatedSVD_40_laplace.csv
