corrs 1
sub corrs 10
corrs 2
sub corrs 20
corrs 3
sub corrs 30
corrs 4
sub corrs 40
corrs 5
sub corrs 50
corrs 6
sub corrs 60
corrs 7
sub corrs 70
corrs 8
sub corrs 80
corrs 9
sub corrs 90
corrs 10
sub corrs 100
Optimization terminated successfully    (Exit mode 0)
            Current function value: 0.3411624999999998
            Iterations: 1
            Function evaluations: 2
            Gradient evaluations: 1
Optimization terminated successfully    (Exit mode 0)
            Current function value: 0.32648125000000017
            Iterations: 2
            Function evaluations: 19
            Gradient evaluations: 2
Optimization terminated successfully    (Exit mode 0)
            Current function value: 0.25521249999999995
            Iterations: 5
            Function evaluations: 31
            Gradient evaluations: 5
Optimization terminated successfully    (Exit mode 0)
            Current function value: 0.25521874999999994
            Iterations: 7
            Function evaluations: 47
            Gradient evaluations: 7
Optimization terminated successfully    (Exit mode 0)
            Current function value: 0.29234999999999983
            Iterations: 5
            Function evaluations: 48
            Gradient evaluations: 5
Optimization terminated successfully    (Exit mode 0)
            Current function value: 0.30298125000000015
            Iterations: 3
            Function evaluations: 34
            Gradient evaluations: 3
Optimization terminated successfully    (Exit mode 0)
            Current function value: 0.18723124999999993
            Iterations: 6
            Function evaluations: 61
            Gradient evaluations: 6
Optimization terminated successfully    (Exit mode 0)
            Current function value: 0.18489999999999993
            Iterations: 7
            Function evaluations: 80
            Gradient evaluations: 7
Optimization terminated successfully    (Exit mode 0)
            Current function value: 0.19752499999999998
            Iterations: 7
            Function evaluations: 87
            Gradient evaluations: 7
Optimization terminated successfully    (Exit mode 0)
            Current function value: 0.20168749999999996
            Iterations: 4
            Function evaluations: 57
            Gradient evaluations: 4
Optimization terminated successfully    (Exit mode 0)
            Current function value: 0.18736874999999992
            Iterations: 3
            Function evaluations: 47
            Gradient evaluations: 3
corrs 1
sub corrs 10
corrs 2
sub corrs 20
corrs 3
sub corrs 30
corrs 4
sub corrs 40
corrs 5
sub corrs 50
corrs 6
sub corrs 60
corrs 7
sub corrs 70
corrs 8
sub corrs 80
corrs 9
sub corrs 90
corrs 10
sub corrs 100
Optimization terminated successfully    (Exit mode 0)
            Current function value: 0.32093125000000006
            Iterations: 1
            Function evaluations: 2
            Gradient evaluations: 1
Optimization terminated successfully    (Exit mode 0)
            Current function value: 0.32093125000000006
            Iterations: 4
            Function evaluations: 12
            Gradient evaluations: 4
Optimization terminated successfully    (Exit mode 0)
            Current function value: 0.21283749999999987
            Iterations: 10
            Function evaluations: 53
            Gradient evaluations: 10
Optimization terminated successfully    (Exit mode 0)
            Current function value: 0.21286249999999987
            Iterations: 10
            Function evaluations: 53
            Gradient evaluations: 10
Optimization terminated successfully    (Exit mode 0)
            Current function value: 0.22807499999999992
            Iterations: 7
            Function evaluations: 53
            Gradient evaluations: 7
Optimization terminated successfully    (Exit mode 0)
            Current function value: 0.21489999999999987
            Iterations: 4
            Function evaluations: 41
            Gradient evaluations: 4
Optimization terminated successfully    (Exit mode 0)
            Current function value: 0.17424375000000014
            Iterations: 5
            Function evaluations: 51
            Gradient evaluations: 5
Optimization terminated successfully    (Exit mode 0)
            Current function value: 0.21270624999999976
            Iterations: 7
            Function evaluations: 78
            Gradient evaluations: 7
Optimization terminated successfully    (Exit mode 0)
            Current function value: 0.16523750000000004
            Iterations: 2
            Function evaluations: 31
            Gradient evaluations: 2
Optimization terminated successfully    (Exit mode 0)
            Current function value: 0.20099999999999998
            Iterations: 5
            Function evaluations: 78
            Gradient evaluations: 5
Optimization terminated successfully    (Exit mode 0)
            Current function value: 0.16314374999999992
            Iterations: 10
            Function evaluations: 133
            Gradient evaluations: 10
 Experiment complete. Results at: /mnt/beegfs/hellgate/home/tp183485/timecorr_trazzp/Cluster_Data/rest/rest_700_10_10_isfc_TruncatedSVD_15_gaussian.csv
