corrs 1
sub corrs 10
corrs 2
sub corrs 20
corrs 3
sub corrs 30
corrs 4
sub corrs 40
corrs 5
sub corrs 50
corrs 6
sub corrs 60
corrs 7
sub corrs 70
corrs 8
sub corrs 80
corrs 9
sub corrs 90
corrs 10
sub corrs 100
Optimization terminated successfully    (Exit mode 0)
            Current function value: 0.3129750000000001
            Iterations: 1
            Function evaluations: 2
            Gradient evaluations: 1
Optimization terminated successfully    (Exit mode 0)
            Current function value: 0.31670000000000015
            Iterations: 3
            Function evaluations: 20
            Gradient evaluations: 3
Optimization terminated successfully    (Exit mode 0)
            Current function value: 0.23241874999999973
            Iterations: 9
            Function evaluations: 49
            Gradient evaluations: 9
Optimization terminated successfully    (Exit mode 0)
            Current function value: 0.23581874999999988
            Iterations: 7
            Function evaluations: 53
            Gradient evaluations: 7
Optimization terminated successfully    (Exit mode 0)
            Current function value: 0.24396874999999973
            Iterations: 10
            Function evaluations: 76
            Gradient evaluations: 10
Optimization terminated successfully    (Exit mode 0)
            Current function value: 0.24099374999999967
            Iterations: 6
            Function evaluations: 55
            Gradient evaluations: 6
Optimization terminated successfully    (Exit mode 0)
            Current function value: 0.20508124999999988
            Iterations: 6
            Function evaluations: 62
            Gradient evaluations: 6
Optimization terminated successfully    (Exit mode 0)
            Current function value: 0.16998125000000006
            Iterations: 7
            Function evaluations: 78
            Gradient evaluations: 7
Optimization terminated successfully    (Exit mode 0)
            Current function value: 0.16773749999999998
            Iterations: 6
            Function evaluations: 76
            Gradient evaluations: 6
Optimization terminated successfully    (Exit mode 0)
            Current function value: 0.1761687499999999
            Iterations: 5
            Function evaluations: 72
            Gradient evaluations: 5
Optimization terminated successfully    (Exit mode 0)
            Current function value: 0.17134999999999972
            Iterations: 12
            Function evaluations: 164
            Gradient evaluations: 12
corrs 1
sub corrs 10
corrs 2
sub corrs 20
corrs 3
sub corrs 30
corrs 4
sub corrs 40
corrs 5
sub corrs 50
corrs 6
sub corrs 60
corrs 7
sub corrs 70
corrs 8
sub corrs 80
corrs 9
sub corrs 90
corrs 10
sub corrs 100
Optimization terminated successfully    (Exit mode 0)
            Current function value: 0.31551875
            Iterations: 1
            Function evaluations: 2
            Gradient evaluations: 1
Optimization terminated successfully    (Exit mode 0)
            Current function value: 0.3717249999999999
            Iterations: 3
            Function evaluations: 24
            Gradient evaluations: 3
Optimization terminated successfully    (Exit mode 0)
            Current function value: 0.22886875000000004
            Iterations: 3
            Function evaluations: 25
            Gradient evaluations: 3
Optimization terminated successfully    (Exit mode 0)
            Current function value: 0.23195625
            Iterations: 5
            Function evaluations: 39
            Gradient evaluations: 5
Optimization terminated successfully    (Exit mode 0)
            Current function value: 0.29195000000000015
            Iterations: 7
            Function evaluations: 56
            Gradient evaluations: 7
Optimization terminated successfully    (Exit mode 0)
            Current function value: 0.25109375000000006
            Iterations: 9
            Function evaluations: 88
            Gradient evaluations: 9
Optimization terminated successfully    (Exit mode 0)
            Current function value: 0.26882499999999987
            Iterations: 9
            Function evaluations: 88
            Gradient evaluations: 9
Optimization terminated successfully    (Exit mode 0)
            Current function value: 0.19809999999999975
            Iterations: 7
            Function evaluations: 76
            Gradient evaluations: 7
Optimization terminated successfully    (Exit mode 0)
            Current function value: 0.17035624999999988
            Iterations: 6
            Function evaluations: 74
            Gradient evaluations: 6
Optimization terminated successfully    (Exit mode 0)
            Current function value: 0.1702374999999998
            Iterations: 8
            Function evaluations: 101
            Gradient evaluations: 8
Optimization terminated successfully    (Exit mode 0)
            Current function value: 0.17494999999999983
            Iterations: 3
            Function evaluations: 50
            Gradient evaluations: 3
 Experiment complete. Results at: /mnt/beegfs/hellgate/home/tp183485/timecorr_trazzp/Cluster_Data/rest/rest_100_10_10_isfc_TruncatedSVD_15_mexican_hat.csv
