corrs 1
sub corrs 10
corrs 2
sub corrs 20
corrs 3
sub corrs 30
corrs 4
sub corrs 40
corrs 5
sub corrs 50
corrs 6
sub corrs 60
corrs 7
sub corrs 70
corrs 8
sub corrs 80
corrs 9
sub corrs 90
corrs 10
sub corrs 100
Optimization terminated successfully    (Exit mode 0)
            Current function value: 0.30115625000000007
            Iterations: 1
            Function evaluations: 2
            Gradient evaluations: 1
Optimization terminated successfully    (Exit mode 0)
            Current function value: 0.16987499999999955
            Iterations: 5
            Function evaluations: 31
            Gradient evaluations: 5
Optimization terminated successfully    (Exit mode 0)
            Current function value: 0.14314999999999958
            Iterations: 3
            Function evaluations: 23
            Gradient evaluations: 3
Optimization terminated successfully    (Exit mode 0)
            Current function value: 0.1489499999999995
            Iterations: 8
            Function evaluations: 58
            Gradient evaluations: 8
Optimization terminated successfully    (Exit mode 0)
            Current function value: 0.13999999999999976
            Iterations: 11
            Function evaluations: 91
            Gradient evaluations: 11
Optimization terminated successfully    (Exit mode 0)
            Current function value: 0.1706312499999998
            Iterations: 8
            Function evaluations: 68
            Gradient evaluations: 8
Optimization terminated successfully    (Exit mode 0)
            Current function value: 0.2916875
            Iterations: 9
            Function evaluations: 84
            Gradient evaluations: 9
Optimization terminated successfully    (Exit mode 0)
            Current function value: 0.14175624999999958
            Iterations: 9
            Function evaluations: 97
            Gradient evaluations: 9
Optimization terminated successfully    (Exit mode 0)
            Current function value: 0.17031250000000014
            Iterations: 11
            Function evaluations: 125
            Gradient evaluations: 11
Optimization terminated successfully    (Exit mode 0)
            Current function value: 0.1464187499999997
            Iterations: 9
            Function evaluations: 114
            Gradient evaluations: 9
Optimization terminated successfully    (Exit mode 0)
            Current function value: 0.1456374999999997
            Iterations: 8
            Function evaluations: 113
            Gradient evaluations: 8
corrs 1
sub corrs 10
corrs 2
sub corrs 20
corrs 3
sub corrs 30
corrs 4
sub corrs 40
corrs 5
sub corrs 50
corrs 6
sub corrs 60
corrs 7
sub corrs 70
corrs 8
sub corrs 80
corrs 9
sub corrs 90
corrs 10
sub corrs 100
Optimization terminated successfully    (Exit mode 0)
            Current function value: 0.3039312499999999
            Iterations: 1
            Function evaluations: 2
            Gradient evaluations: 1
Optimization terminated successfully    (Exit mode 0)
            Current function value: 0.1597124999999994
            Iterations: 7
            Function evaluations: 34
            Gradient evaluations: 7
Optimization terminated successfully    (Exit mode 0)
            Current function value: 0.15809374999999937
            Iterations: 7
            Function evaluations: 43
            Gradient evaluations: 7
Optimization terminated successfully    (Exit mode 0)
            Current function value: 0.16152499999999947
            Iterations: 5
            Function evaluations: 36
            Gradient evaluations: 5
Optimization terminated successfully    (Exit mode 0)
            Current function value: 0.14807499999999946
            Iterations: 6
            Function evaluations: 48
            Gradient evaluations: 6
Optimization terminated successfully    (Exit mode 0)
            Current function value: 0.1601874999999994
            Iterations: 5
            Function evaluations: 46
            Gradient evaluations: 5
Optimization terminated successfully    (Exit mode 0)
            Current function value: 0.15020624999999946
            Iterations: 6
            Function evaluations: 61
            Gradient evaluations: 6
Optimization terminated successfully    (Exit mode 0)
            Current function value: 0.14252499999999954
            Iterations: 13
            Function evaluations: 132
            Gradient evaluations: 13
Optimization terminated successfully    (Exit mode 0)
            Current function value: 0.1404999999999996
            Iterations: 8
            Function evaluations: 94
            Gradient evaluations: 8
Optimization terminated successfully    (Exit mode 0)
            Current function value: 0.14329374999999955
            Iterations: 4
            Function evaluations: 58
            Gradient evaluations: 4
Optimization terminated successfully    (Exit mode 0)
            Current function value: 0.13593124999999984
            Iterations: 9
            Function evaluations: 120
            Gradient evaluations: 9
 Experiment complete. Results at: /mnt/beegfs/hellgate/home/tp183485/timecorr_trazzp/Cluster_Data/rest/rest_100_10_10_isfc_FactorAnalysis_50_gaussian.csv
