corrs 1
sub corrs 10
corrs 2
sub corrs 20
corrs 3
sub corrs 30
corrs 4
sub corrs 40
corrs 5
sub corrs 50
corrs 6
sub corrs 60
corrs 7
sub corrs 70
corrs 8
sub corrs 80
corrs 9
sub corrs 90
corrs 10
sub corrs 100
Optimization terminated successfully    (Exit mode 0)
            Current function value: 0.2939312500000002
            Iterations: 1
            Function evaluations: 2
            Gradient evaluations: 1
Optimization terminated successfully    (Exit mode 0)
            Current function value: 0.21193750000000017
            Iterations: 8
            Function evaluations: 37
            Gradient evaluations: 8
Optimization terminated successfully    (Exit mode 0)
            Current function value: 0.21513750000000015
            Iterations: 2
            Function evaluations: 19
            Gradient evaluations: 2
Optimization terminated successfully    (Exit mode 0)
            Current function value: 0.21950625000000012
            Iterations: 4
            Function evaluations: 31
            Gradient evaluations: 4
Optimization terminated successfully    (Exit mode 0)
            Current function value: 0.2311062500000002
            Iterations: 6
            Function evaluations: 47
            Gradient evaluations: 6
Optimization terminated successfully    (Exit mode 0)
            Current function value: 0.03849374999999997
            Iterations: 10
            Function evaluations: 85
            Gradient evaluations: 10
Optimization terminated successfully    (Exit mode 0)
            Current function value: 0.04070000000000005
            Iterations: 2
            Function evaluations: 27
            Gradient evaluations: 2
Optimization terminated successfully    (Exit mode 0)
            Current function value: 0.03896249999999999
            Iterations: 10
            Function evaluations: 108
            Gradient evaluations: 10
Optimization terminated successfully    (Exit mode 0)
            Current function value: 0.010987499999999975
            Iterations: 17
            Function evaluations: 195
            Gradient evaluations: 17
Optimization terminated successfully    (Exit mode 0)
            Current function value: 0.008349999999999962
            Iterations: 13
            Function evaluations: 158
            Gradient evaluations: 13
Optimization terminated successfully    (Exit mode 0)
            Current function value: 0.009512499999999978
            Iterations: 9
            Function evaluations: 150
            Gradient evaluations: 9
corrs 1
sub corrs 10
corrs 2
sub corrs 20
corrs 3
sub corrs 30
corrs 4
sub corrs 40
corrs 5
sub corrs 50
corrs 6
sub corrs 60
corrs 7
sub corrs 70
corrs 8
sub corrs 80
corrs 9
sub corrs 90
corrs 10
sub corrs 100
Optimization terminated successfully    (Exit mode 0)
            Current function value: 0.2976875
            Iterations: 1
            Function evaluations: 2
            Gradient evaluations: 1
Optimization terminated successfully    (Exit mode 0)
            Current function value: 0.17055
            Iterations: 1
            Function evaluations: 14
            Gradient evaluations: 1
Optimization terminated successfully    (Exit mode 0)
            Current function value: 0.20402499999999985
            Iterations: 3
            Function evaluations: 12
            Gradient evaluations: 3
Optimization terminated successfully    (Exit mode 0)
            Current function value: 0.19625625000000013
            Iterations: 5
            Function evaluations: 25
            Gradient evaluations: 5
Optimization terminated successfully    (Exit mode 0)
            Current function value: 0.28881875000000007
            Iterations: 9
            Function evaluations: 76
            Gradient evaluations: 9
Optimization terminated successfully    (Exit mode 0)
            Current function value: 0.0331375
            Iterations: 12
            Function evaluations: 100
            Gradient evaluations: 12
Optimization terminated successfully    (Exit mode 0)
            Current function value: 0.033493749999999975
            Iterations: 10
            Function evaluations: 95
            Gradient evaluations: 10
Optimization terminated successfully    (Exit mode 0)
            Current function value: 0.028462499999999995
            Iterations: 11
            Function evaluations: 121
            Gradient evaluations: 11
Optimization terminated successfully    (Exit mode 0)
            Current function value: 0.017518750000000007
            Iterations: 2
            Function evaluations: 34
            Gradient evaluations: 2
Optimization terminated successfully    (Exit mode 0)
            Current function value: 0.012000000000000002
            Iterations: 11
            Function evaluations: 143
            Gradient evaluations: 11
Optimization terminated successfully    (Exit mode 0)
            Current function value: 0.011693749999999978
            Iterations: 13
            Function evaluations: 178
            Gradient evaluations: 13
 Experiment complete. Results at: /mnt/beegfs/hellgate/home/tp183485/timecorr_trazzp/Cluster_Data/rest/rest_700_10_10_isfc_IncrementalPCA_25_laplace.csv
