corrs 1
sub corrs 10
corrs 2
sub corrs 20
corrs 3
sub corrs 30
corrs 4
sub corrs 40
corrs 5
sub corrs 50
corrs 6
sub corrs 60
corrs 7
sub corrs 70
corrs 8
sub corrs 80
corrs 9
sub corrs 90
corrs 10
sub corrs 100
Optimization terminated successfully    (Exit mode 0)
            Current function value: 0.3084687500000001
            Iterations: 1
            Function evaluations: 2
            Gradient evaluations: 1
Optimization terminated successfully    (Exit mode 0)
            Current function value: 0.33356874999999986
            Iterations: 2
            Function evaluations: 17
            Gradient evaluations: 2
Optimization terminated successfully    (Exit mode 0)
            Current function value: 0.33332499999999987
            Iterations: 2
            Function evaluations: 19
            Gradient evaluations: 2
Optimization terminated successfully    (Exit mode 0)
            Current function value: 0.026050000000000018
            Iterations: 2
            Function evaluations: 24
            Gradient evaluations: 2
Optimization terminated successfully    (Exit mode 0)
            Current function value: 0.024750000000000053
            Iterations: 13
            Function evaluations: 117
            Gradient evaluations: 13
Optimization terminated successfully    (Exit mode 0)
            Current function value: 0.026356250000000036
            Iterations: 8
            Function evaluations: 91
            Gradient evaluations: 8
Optimization terminated successfully    (Exit mode 0)
            Current function value: 0.02056250000000002
            Iterations: 5
            Function evaluations: 51
            Gradient evaluations: 5
Optimization terminated successfully    (Exit mode 0)
            Current function value: 0.02064375000000001
            Iterations: 8
            Function evaluations: 85
            Gradient evaluations: 8
Optimization terminated successfully    (Exit mode 0)
            Current function value: 0.020512499999999986
            Iterations: 9
            Function evaluations: 106
            Gradient evaluations: 9
Optimization terminated successfully    (Exit mode 0)
            Current function value: 0.02070000000000003
            Iterations: 12
            Function evaluations: 148
            Gradient evaluations: 12
Optimization terminated successfully    (Exit mode 0)
            Current function value: 0.02013125000000001
            Iterations: 14
            Function evaluations: 195
            Gradient evaluations: 14
corrs 1
sub corrs 10
corrs 2
sub corrs 20
corrs 3
sub corrs 30
corrs 4
sub corrs 40
corrs 5
sub corrs 50
corrs 6
sub corrs 60
corrs 7
sub corrs 70
corrs 8
sub corrs 80
corrs 9
sub corrs 90
corrs 10
sub corrs 100
Optimization terminated successfully    (Exit mode 0)
            Current function value: 0.30190000000000006
            Iterations: 1
            Function evaluations: 2
            Gradient evaluations: 1
Optimization terminated successfully    (Exit mode 0)
            Current function value: 0.23871250000000002
            Iterations: 5
            Function evaluations: 15
            Gradient evaluations: 5
Optimization terminated successfully    (Exit mode 0)
            Current function value: 0.24158124999999991
            Iterations: 3
            Function evaluations: 23
            Gradient evaluations: 3
Optimization terminated successfully    (Exit mode 0)
            Current function value: 0.02301250000000001
            Iterations: 5
            Function evaluations: 42
            Gradient evaluations: 5
Optimization terminated successfully    (Exit mode 0)
            Current function value: 0.021137500000000028
            Iterations: 16
            Function evaluations: 117
            Gradient evaluations: 16
Optimization terminated successfully    (Exit mode 0)
            Current function value: 0.027756249999999993
            Iterations: 1
            Function evaluations: 18
            Gradient evaluations: 1
Optimization terminated successfully    (Exit mode 0)
            Current function value: 0.04009375000000002
            Iterations: 6
            Function evaluations: 83
            Gradient evaluations: 6
Optimization terminated successfully    (Exit mode 0)
            Current function value: 0.019956249999999995
            Iterations: 8
            Function evaluations: 94
            Gradient evaluations: 8
Optimization terminated successfully    (Exit mode 0)
            Current function value: 0.01977500000000003
            Iterations: 9
            Function evaluations: 106
            Gradient evaluations: 9
Optimization terminated successfully    (Exit mode 0)
            Current function value: 0.019000000000000003
            Iterations: 13
            Function evaluations: 166
            Gradient evaluations: 13
Optimization terminated successfully    (Exit mode 0)
            Current function value: 0.01968125000000001
            Iterations: 11
            Function evaluations: 149
            Gradient evaluations: 11
 Experiment complete. Results at: /mnt/beegfs/hellgate/home/tp183485/timecorr_trazzp/Cluster_Data/rest/rest_700_10_10_isfc_TruncatedSVD_45_laplace.csv
