corrs 1
sub corrs 10
corrs 2
sub corrs 20
corrs 3
sub corrs 30
corrs 4
sub corrs 40
corrs 5
sub corrs 50
corrs 6
sub corrs 60
corrs 7
sub corrs 70
corrs 8
sub corrs 80
corrs 9
sub corrs 90
corrs 10
sub corrs 100
Optimization terminated successfully    (Exit mode 0)
            Current function value: 0.28350000000000014
            Iterations: 1
            Function evaluations: 2
            Gradient evaluations: 1
Optimization terminated successfully    (Exit mode 0)
            Current function value: 0.26584375
            Iterations: 6
            Function evaluations: 31
            Gradient evaluations: 6
Optimization terminated successfully    (Exit mode 0)
            Current function value: 0.27007499999999995
            Iterations: 4
            Function evaluations: 29
            Gradient evaluations: 4
Optimization terminated successfully    (Exit mode 0)
            Current function value: 0.10564375000000005
            Iterations: 5
            Function evaluations: 38
            Gradient evaluations: 5
Optimization terminated successfully    (Exit mode 0)
            Current function value: 0.09994375000000004
            Iterations: 5
            Function evaluations: 42
            Gradient evaluations: 5
Optimization terminated successfully    (Exit mode 0)
            Current function value: 0.098075
            Iterations: 16
            Function evaluations: 141
            Gradient evaluations: 16
Optimization terminated successfully    (Exit mode 0)
            Current function value: 0.05013750000000008
            Iterations: 7
            Function evaluations: 70
            Gradient evaluations: 7
Optimization terminated successfully    (Exit mode 0)
            Current function value: 0.04930000000000002
            Iterations: 7
            Function evaluations: 79
            Gradient evaluations: 7
Optimization terminated successfully    (Exit mode 0)
            Current function value: 0.04650625000000001
            Iterations: 10
            Function evaluations: 113
            Gradient evaluations: 10
Optimization terminated successfully    (Exit mode 0)
            Current function value: 0.05084375000000007
            Iterations: 1
            Function evaluations: 22
            Gradient evaluations: 1
Optimization terminated successfully    (Exit mode 0)
            Current function value: 0.041268750000000055
            Iterations: 4
            Function evaluations: 61
            Gradient evaluations: 4
corrs 1
sub corrs 10
corrs 2
sub corrs 20
corrs 3
sub corrs 30
corrs 4
sub corrs 40
corrs 5
sub corrs 50
corrs 6
sub corrs 60
corrs 7
sub corrs 70
corrs 8
sub corrs 80
corrs 9
sub corrs 90
corrs 10
sub corrs 100
Optimization terminated successfully    (Exit mode 0)
            Current function value: 0.2875625
            Iterations: 1
            Function evaluations: 2
            Gradient evaluations: 1
Optimization terminated successfully    (Exit mode 0)
            Current function value: 0.3353999999999997
            Iterations: 1
            Function evaluations: 14
            Gradient evaluations: 1
Optimization terminated successfully    (Exit mode 0)
            Current function value: 0.40759999999999974
            Iterations: 5
            Function evaluations: 42
            Gradient evaluations: 5
Optimization terminated successfully    (Exit mode 0)
            Current function value: 0.14435000000000003
            Iterations: 2
            Function evaluations: 21
            Gradient evaluations: 2
Optimization terminated successfully    (Exit mode 0)
            Current function value: 0.10940000000000005
            Iterations: 6
            Function evaluations: 49
            Gradient evaluations: 6
Optimization terminated successfully    (Exit mode 0)
            Current function value: 0.4215500000000002
            Iterations: 9
            Function evaluations: 83
            Gradient evaluations: 9
Optimization terminated successfully    (Exit mode 0)
            Current function value: 0.06374375
            Iterations: 7
            Function evaluations: 73
            Gradient evaluations: 7
Optimization terminated successfully    (Exit mode 0)
            Current function value: 0.04961249999999999
            Iterations: 10
            Function evaluations: 111
            Gradient evaluations: 10
Optimization terminated successfully    (Exit mode 0)
            Current function value: 0.043762499999999996
            Iterations: 7
            Function evaluations: 87
            Gradient evaluations: 7
Optimization terminated successfully    (Exit mode 0)
            Current function value: 0.04261875000000002
            Iterations: 6
            Function evaluations: 81
            Gradient evaluations: 6
Optimization terminated successfully    (Exit mode 0)
            Current function value: 0.040125
            Iterations: 7
            Function evaluations: 97
            Gradient evaluations: 7
 Experiment complete. Results at: /mnt/beegfs/hellgate/home/tp183485/timecorr_trazzp/Cluster_Data/rest/rest_100_10_10_isfc_TruncatedSVD_25_laplace.csv
