corrs 1
sub corrs 10
corrs 2
sub corrs 20
corrs 3
sub corrs 30
corrs 4
sub corrs 40
corrs 5
sub corrs 50
corrs 6
sub corrs 60
corrs 7
sub corrs 70
corrs 8
sub corrs 80
corrs 9
sub corrs 90
corrs 10
sub corrs 100
Optimization terminated successfully    (Exit mode 0)
            Current function value: 0.28439374999999983
            Iterations: 1
            Function evaluations: 2
            Gradient evaluations: 1
Optimization terminated successfully    (Exit mode 0)
            Current function value: 0.28439374999999983
            Iterations: 3
            Function evaluations: 9
            Gradient evaluations: 3
Optimization terminated successfully    (Exit mode 0)
            Current function value: 0.32744374999999976
            Iterations: 1
            Function evaluations: 15
            Gradient evaluations: 1
Optimization terminated successfully    (Exit mode 0)
            Current function value: 0.27969374999999985
            Iterations: 4
            Function evaluations: 31
            Gradient evaluations: 4
Optimization terminated successfully    (Exit mode 0)
            Current function value: 0.1626125
            Iterations: 7
            Function evaluations: 58
            Gradient evaluations: 7
Optimization terminated successfully    (Exit mode 0)
            Current function value: 0.2163437500000003
            Iterations: 5
            Function evaluations: 48
            Gradient evaluations: 5
Optimization terminated successfully    (Exit mode 0)
            Current function value: 0.16185625000000006
            Iterations: 7
            Function evaluations: 71
            Gradient evaluations: 7
Optimization terminated successfully    (Exit mode 0)
            Current function value: 0.29600624999999986
            Iterations: 5
            Function evaluations: 56
            Gradient evaluations: 5
Optimization terminated successfully    (Exit mode 0)
            Current function value: 0.11118125000000005
            Iterations: 8
            Function evaluations: 92
            Gradient evaluations: 8
Optimization terminated successfully    (Exit mode 0)
            Current function value: 0.10615000000000002
            Iterations: 8
            Function evaluations: 103
            Gradient evaluations: 8
Optimization terminated successfully    (Exit mode 0)
            Current function value: 0.10311250000000002
            Iterations: 6
            Function evaluations: 89
            Gradient evaluations: 6
corrs 1
sub corrs 10
corrs 2
sub corrs 20
corrs 3
sub corrs 30
corrs 4
sub corrs 40
corrs 5
sub corrs 50
corrs 6
sub corrs 60
corrs 7
sub corrs 70
corrs 8
sub corrs 80
corrs 9
sub corrs 90
corrs 10
sub corrs 100
Optimization terminated successfully    (Exit mode 0)
            Current function value: 0.29528124999999994
            Iterations: 1
            Function evaluations: 2
            Gradient evaluations: 1
Optimization terminated successfully    (Exit mode 0)
            Current function value: 0.31109374999999984
            Iterations: 3
            Function evaluations: 20
            Gradient evaluations: 3
Optimization terminated successfully    (Exit mode 0)
            Current function value: 0.3327625000000004
            Iterations: 1
            Function evaluations: 15
            Gradient evaluations: 1
Optimization terminated successfully    (Exit mode 0)
            Current function value: 0.2726312499999999
            Iterations: 3
            Function evaluations: 27
            Gradient evaluations: 3
Optimization terminated successfully    (Exit mode 0)
            Current function value: 0.2110250000000001
            Iterations: 7
            Function evaluations: 54
            Gradient evaluations: 7
Optimization terminated successfully    (Exit mode 0)
            Current function value: 0.1969374999999998
            Iterations: 9
            Function evaluations: 81
            Gradient evaluations: 9
Optimization terminated successfully    (Exit mode 0)
            Current function value: 0.18540624999999966
            Iterations: 6
            Function evaluations: 63
            Gradient evaluations: 6
Optimization terminated successfully    (Exit mode 0)
            Current function value: 0.15248750000000005
            Iterations: 6
            Function evaluations: 66
            Gradient evaluations: 6
Optimization terminated successfully    (Exit mode 0)
            Current function value: 0.11213125000000003
            Iterations: 6
            Function evaluations: 76
            Gradient evaluations: 6
Optimization terminated successfully    (Exit mode 0)
            Current function value: 0.11191875000000012
            Iterations: 8
            Function evaluations: 107
            Gradient evaluations: 8
Optimization terminated successfully    (Exit mode 0)
            Current function value: 0.10211875000000005
            Iterations: 7
            Function evaluations: 100
            Gradient evaluations: 7
 Experiment complete. Results at: /mnt/beegfs/hellgate/home/tp183485/timecorr_trazzp/Cluster_Data/rest/rest_100_10_10_isfc_FactorAnalysis_20_mexican_hat.csv
