corrs 1
sub corrs 10
corrs 2
sub corrs 20
corrs 3
sub corrs 30
corrs 4
sub corrs 40
corrs 5
sub corrs 50
corrs 6
sub corrs 60
corrs 7
sub corrs 70
corrs 8
sub corrs 80
corrs 9
sub corrs 90
corrs 10
sub corrs 100
Optimization terminated successfully    (Exit mode 0)
            Current function value: 0.2874749999999998
            Iterations: 1
            Function evaluations: 2
            Gradient evaluations: 1
       rank  accuracy     error
0  0.580969    0.0175  0.287475
Optimization terminated successfully    (Exit mode 0)
            Current function value: 0.30829999999999996
            Iterations: 3
            Function evaluations: 20
            Gradient evaluations: 3
       rank  accuracy   error
0  0.581175     0.005  0.3083
Optimization terminated successfully    (Exit mode 0)
            Current function value: 0.28315624999999994
            Iterations: 7
            Function evaluations: 41
            Gradient evaluations: 7
    rank  accuracy     error
0  0.587    0.0125  0.283156
Optimization terminated successfully    (Exit mode 0)
            Current function value: 0.2789250000000001
            Iterations: 8
            Function evaluations: 55
            Gradient evaluations: 8
       rank  accuracy     error
0  0.588325    0.0175  0.278925
Optimization terminated successfully    (Exit mode 0)
            Current function value: 0.3099812500000002
            Iterations: 5
            Function evaluations: 41
            Gradient evaluations: 5
       rank  accuracy     error
0  0.565306     0.005  0.309981
Optimization terminated successfully    (Exit mode 0)
            Current function value: 0.32994375000000015
            Iterations: 4
            Function evaluations: 44
            Gradient evaluations: 4
     rank  accuracy     error
0  0.5668    0.0075  0.329944
Optimization terminated successfully    (Exit mode 0)
            Current function value: 0.3578499999999998
            Iterations: 1
            Function evaluations: 19
            Gradient evaluations: 1
       rank  accuracy    error
0  0.555825    0.0025  0.35785
Optimization terminated successfully    (Exit mode 0)
            Current function value: 0.33323125000000003
            Iterations: 2
            Function evaluations: 29
            Gradient evaluations: 2
       rank  accuracy     error
0  0.561688     0.005  0.333231
Optimization terminated successfully    (Exit mode 0)
            Current function value: 0.32108125
            Iterations: 5
            Function evaluations: 61
            Gradient evaluations: 5
       rank  accuracy     error
0  0.563838     0.005  0.321081
Optimization terminated successfully    (Exit mode 0)
            Current function value: 0.29229375
            Iterations: 4
            Function evaluations: 55
            Gradient evaluations: 4
       rank  accuracy     error
0  0.569612    0.0025  0.292294
Optimization terminated successfully    (Exit mode 0)
            Current function value: 0.2941312500000001
            Iterations: 2
            Function evaluations: 35
            Gradient evaluations: 2
       rank  accuracy     error
0  0.559231    0.0025  0.294131
corrs 1
sub corrs 10
corrs 2
sub corrs 20
corrs 3
sub corrs 30
corrs 4
sub corrs 40
corrs 5
sub corrs 50
corrs 6
sub corrs 60
corrs 7
sub corrs 70
corrs 8
sub corrs 80
corrs 9
sub corrs 90
corrs 10
sub corrs 100
Optimization terminated successfully    (Exit mode 0)
            Current function value: 0.29730625000000016
            Iterations: 1
            Function evaluations: 2
            Gradient evaluations: 1
       rank  accuracy     error
0  0.583188    0.0125  0.297306
Optimization terminated successfully    (Exit mode 0)
            Current function value: 0.2902375
            Iterations: 2
            Function evaluations: 17
            Gradient evaluations: 2
       rank  accuracy     error
0  0.582913     0.005  0.290237
Optimization terminated successfully    (Exit mode 0)
            Current function value: 0.27955
            Iterations: 7
            Function evaluations: 46
            Gradient evaluations: 7
       rank  accuracy    error
0  0.588481    0.0125  0.27955
Optimization terminated successfully    (Exit mode 0)
            Current function value: 0.30436875
            Iterations: 4
            Function evaluations: 31
            Gradient evaluations: 4
       rank  accuracy     error
0  0.586131    0.0025  0.304369
Optimization terminated successfully    (Exit mode 0)
            Current function value: 0.30176249999999993
            Iterations: 5
            Function evaluations: 41
            Gradient evaluations: 5
       rank  accuracy     error
0  0.585731    0.0025  0.301762
Optimization terminated successfully    (Exit mode 0)
            Current function value: 0.29071250000000004
            Iterations: 6
            Function evaluations: 55
            Gradient evaluations: 6
       rank  accuracy     error
0  0.564163     0.005  0.290713
Optimization terminated successfully    (Exit mode 0)
            Current function value: 0.28258125
            Iterations: 10
            Function evaluations: 97
            Gradient evaluations: 10
       rank  accuracy     error
0  0.562106     0.005  0.282581
Optimization terminated successfully    (Exit mode 0)
            Current function value: 0.29734999999999995
            Iterations: 12
            Function evaluations: 128
            Gradient evaluations: 12
       rank  accuracy    error
0  0.591456     0.005  0.29735
Optimization terminated successfully    (Exit mode 0)
            Current function value: 0.29448750000000007
            Iterations: 6
            Function evaluations: 72
            Gradient evaluations: 6
       rank  accuracy     error
0  0.588781     0.005  0.294488
Optimization terminated successfully    (Exit mode 0)
            Current function value: 0.29093750000000007
            Iterations: 7
            Function evaluations: 91
            Gradient evaluations: 7
       rank  accuracy     error
0  0.586013      0.01  0.290938
Optimization terminated successfully    (Exit mode 0)
            Current function value: 0.2912312500000001
            Iterations: 7
            Function evaluations: 98
            Gradient evaluations: 7
       rank  accuracy     error
0  0.588206      0.01  0.291231
✨ Experiment complete. Results archived at: /mnt/beegfs/hellgate/home/tp183485/timecorr_trazzp/Cluster_Data/rest/rest_100_10_10_isfc_DictionaryLearning_15_mexican_hat.csv
