corrs 1
sub corrs 10
corrs 2
sub corrs 20
corrs 3
sub corrs 30
corrs 4
sub corrs 40
corrs 5
sub corrs 50
corrs 6
sub corrs 60
corrs 7
sub corrs 70
corrs 8
sub corrs 80
corrs 9
sub corrs 90
corrs 10
sub corrs 100
Optimization terminated successfully    (Exit mode 0)
            Current function value: 0.3093687499999999
            Iterations: 1
            Function evaluations: 2
            Gradient evaluations: 1
Optimization terminated successfully    (Exit mode 0)
            Current function value: 0.12061875000000001
            Iterations: 6
            Function evaluations: 38
            Gradient evaluations: 6
Optimization terminated successfully    (Exit mode 0)
            Current function value: 0.007693749999999975
            Iterations: 9
            Function evaluations: 51
            Gradient evaluations: 9
Optimization terminated successfully    (Exit mode 0)
            Current function value: 0.006562499999999974
            Iterations: 11
            Function evaluations: 71
            Gradient evaluations: 11
Optimization terminated successfully    (Exit mode 0)
            Current function value: 0.009862499999999969
            Iterations: 1
            Function evaluations: 17
            Gradient evaluations: 1
Optimization terminated successfully    (Exit mode 0)
            Current function value: 0.006362499999999977
            Iterations: 9
            Function evaluations: 83
            Gradient evaluations: 9
Optimization terminated successfully    (Exit mode 0)
            Current function value: 0.016212499999999984
            Iterations: 3
            Function evaluations: 55
            Gradient evaluations: 3
Optimization terminated successfully    (Exit mode 0)
            Current function value: 0.005737499999999974
            Iterations: 8
            Function evaluations: 84
            Gradient evaluations: 8
Optimization terminated successfully    (Exit mode 0)
            Current function value: 0.0056812499999999745
            Iterations: 7
            Function evaluations: 82
            Gradient evaluations: 7
Optimization terminated successfully    (Exit mode 0)
            Current function value: 0.00551874999999997
            Iterations: 9
            Function evaluations: 110
            Gradient evaluations: 9
Optimization terminated successfully    (Exit mode 0)
            Current function value: 0.008787499999999978
            Iterations: 2
            Function evaluations: 41
            Gradient evaluations: 2
corrs 1
sub corrs 10
corrs 2
sub corrs 20
corrs 3
sub corrs 30
corrs 4
sub corrs 40
corrs 5
sub corrs 50
corrs 6
sub corrs 60
corrs 7
sub corrs 70
corrs 8
sub corrs 80
corrs 9
sub corrs 90
corrs 10
sub corrs 100
Optimization terminated successfully    (Exit mode 0)
            Current function value: 0.3169499999999999
            Iterations: 1
            Function evaluations: 2
            Gradient evaluations: 1
Optimization terminated successfully    (Exit mode 0)
            Current function value: 0.03766874999999998
            Iterations: 7
            Function evaluations: 34
            Gradient evaluations: 7
Optimization terminated successfully    (Exit mode 0)
            Current function value: 0.008943749999999973
            Iterations: 4
            Function evaluations: 28
            Gradient evaluations: 4
Optimization terminated successfully    (Exit mode 0)
            Current function value: 0.007706249999999975
            Iterations: 6
            Function evaluations: 30
            Gradient evaluations: 6
Optimization terminated successfully    (Exit mode 0)
            Current function value: 0.008306249999999982
            Iterations: 2
            Function evaluations: 23
            Gradient evaluations: 2
Optimization terminated successfully    (Exit mode 0)
            Current function value: 0.007331249999999976
            Iterations: 5
            Function evaluations: 48
            Gradient evaluations: 5
Optimization terminated successfully    (Exit mode 0)
            Current function value: 0.011662499999999996
            Iterations: 1
            Function evaluations: 19
            Gradient evaluations: 1
Optimization terminated successfully    (Exit mode 0)
            Current function value: 0.00799374999999996
            Iterations: 2
            Function evaluations: 29
            Gradient evaluations: 2
Optimization terminated successfully    (Exit mode 0)
            Current function value: 0.005224999999999977
            Iterations: 8
            Function evaluations: 91
            Gradient evaluations: 8
Optimization terminated successfully    (Exit mode 0)
            Current function value: 0.00556874999999998
            Iterations: 9
            Function evaluations: 110
            Gradient evaluations: 9
Optimization terminated successfully    (Exit mode 0)
            Current function value: 0.005087499999999978
            Iterations: 12
            Function evaluations: 155
            Gradient evaluations: 12
 Experiment complete. Results at: /mnt/beegfs/hellgate/home/tp183485/timecorr_trazzp/Cluster_Data/rest/rest_700_10_10_isfc_PCA_45_laplace.csv
