corrs 1
sub corrs 10
corrs 2
sub corrs 20
corrs 3
sub corrs 30
corrs 4
sub corrs 40
corrs 5
sub corrs 50
corrs 6
sub corrs 60
corrs 7
sub corrs 70
corrs 8
sub corrs 80
corrs 9
sub corrs 90
corrs 10
sub corrs 100
Optimization terminated successfully    (Exit mode 0)
            Current function value: 0.30069374999999987
            Iterations: 1
            Function evaluations: 2
            Gradient evaluations: 1
Optimization terminated successfully    (Exit mode 0)
            Current function value: 0.3080437499999998
            Iterations: 1
            Function evaluations: 14
            Gradient evaluations: 1
Optimization terminated successfully    (Exit mode 0)
            Current function value: 0.30397499999999983
            Iterations: 6
            Function evaluations: 36
            Gradient evaluations: 6
Optimization terminated successfully    (Exit mode 0)
            Current function value: 0.2250374999999999
            Iterations: 4
            Function evaluations: 34
            Gradient evaluations: 4
Optimization terminated successfully    (Exit mode 0)
            Current function value: 0.22500625
            Iterations: 4
            Function evaluations: 36
            Gradient evaluations: 4
Optimization terminated successfully    (Exit mode 0)
            Current function value: 0.2186124999999999
            Iterations: 11
            Function evaluations: 93
            Gradient evaluations: 11
Optimization terminated successfully    (Exit mode 0)
            Current function value: 0.20829999999999985
            Iterations: 9
            Function evaluations: 91
            Gradient evaluations: 9
Optimization terminated successfully    (Exit mode 0)
            Current function value: 0.2430437499999999
            Iterations: 7
            Function evaluations: 89
            Gradient evaluations: 7
Optimization terminated successfully    (Exit mode 0)
            Current function value: 0.21405624999999995
            Iterations: 7
            Function evaluations: 82
            Gradient evaluations: 7
Optimization terminated successfully    (Exit mode 0)
            Current function value: 0.20390624999999993
            Iterations: 8
            Function evaluations: 101
            Gradient evaluations: 8
Optimization terminated successfully    (Exit mode 0)
            Current function value: 0.20130625
            Iterations: 7
            Function evaluations: 101
            Gradient evaluations: 7
corrs 1
sub corrs 10
corrs 2
sub corrs 20
corrs 3
sub corrs 30
corrs 4
sub corrs 40
corrs 5
sub corrs 50
corrs 6
sub corrs 60
corrs 7
sub corrs 70
corrs 8
sub corrs 80
corrs 9
sub corrs 90
corrs 10
sub corrs 100
Optimization terminated successfully    (Exit mode 0)
            Current function value: 0.3092312499999999
            Iterations: 1
            Function evaluations: 2
            Gradient evaluations: 1
Optimization terminated successfully    (Exit mode 0)
            Current function value: 0.27345
            Iterations: 6
            Function evaluations: 32
            Gradient evaluations: 6
Optimization terminated successfully    (Exit mode 0)
            Current function value: 0.27227500000000016
            Iterations: 5
            Function evaluations: 33
            Gradient evaluations: 5
Optimization terminated successfully    (Exit mode 0)
            Current function value: 0.27227500000000016
            Iterations: 5
            Function evaluations: 40
            Gradient evaluations: 5
Optimization terminated successfully    (Exit mode 0)
            Current function value: 0.27905
            Iterations: 5
            Function evaluations: 41
            Gradient evaluations: 5
Optimization terminated successfully    (Exit mode 0)
            Current function value: 0.22714374999999998
            Iterations: 7
            Function evaluations: 65
            Gradient evaluations: 7
Optimization terminated successfully    (Exit mode 0)
            Current function value: 0.22420624999999994
            Iterations: 5
            Function evaluations: 60
            Gradient evaluations: 5
Optimization terminated successfully    (Exit mode 0)
            Current function value: 0.24356250000000007
            Iterations: 5
            Function evaluations: 57
            Gradient evaluations: 5
Optimization terminated successfully    (Exit mode 0)
            Current function value: 0.21238124999999983
            Iterations: 10
            Function evaluations: 123
            Gradient evaluations: 10
Optimization terminated successfully    (Exit mode 0)
            Current function value: 0.20891874999999976
            Iterations: 5
            Function evaluations: 66
            Gradient evaluations: 5
Optimization terminated successfully    (Exit mode 0)
            Current function value: 0.22535625000000017
            Iterations: 5
            Function evaluations: 72
            Gradient evaluations: 5
 Experiment complete. Results at: /mnt/beegfs/hellgate/home/tp183485/timecorr_trazzp/Cluster_Data/rest/rest_100_10_10_isfc_IncrementalPCA_20_gaussian.csv
