corrs 1
sub corrs 10
corrs 2
sub corrs 20
corrs 3
sub corrs 30
corrs 4
sub corrs 40
corrs 5
sub corrs 50
corrs 6
sub corrs 60
corrs 7
sub corrs 70
corrs 8
sub corrs 80
corrs 9
sub corrs 90
corrs 10
sub corrs 100
Optimization terminated successfully    (Exit mode 0)
            Current function value: 0.30601875000000023
            Iterations: 1
            Function evaluations: 2
            Gradient evaluations: 1
Optimization terminated successfully    (Exit mode 0)
            Current function value: 0.35524374999999997
            Iterations: 4
            Function evaluations: 24
            Gradient evaluations: 4
Optimization terminated successfully    (Exit mode 0)
            Current function value: 0.08938750000000006
            Iterations: 4
            Function evaluations: 29
            Gradient evaluations: 4
Optimization terminated successfully    (Exit mode 0)
            Current function value: 0.08449375000000015
            Iterations: 2
            Function evaluations: 21
            Gradient evaluations: 2
Optimization terminated successfully    (Exit mode 0)
            Current function value: 0.018018750000000045
            Iterations: 11
            Function evaluations: 90
            Gradient evaluations: 11
Optimization terminated successfully    (Exit mode 0)
            Current function value: 0.03240624999999999
            Iterations: 8
            Function evaluations: 69
            Gradient evaluations: 8
Optimization terminated successfully    (Exit mode 0)
            Current function value: 0.01965000000000002
            Iterations: 3
            Function evaluations: 36
            Gradient evaluations: 3
Optimization terminated successfully    (Exit mode 0)
            Current function value: 0.011587500000000004
            Iterations: 11
            Function evaluations: 132
            Gradient evaluations: 11
Optimization terminated successfully    (Exit mode 0)
            Current function value: 0.012256250000000014
            Iterations: 15
            Function evaluations: 176
            Gradient evaluations: 15
Optimization terminated successfully    (Exit mode 0)
            Current function value: 0.01163749999999999
            Iterations: 14
            Function evaluations: 170
            Gradient evaluations: 14
Optimization terminated successfully    (Exit mode 0)
            Current function value: 0.01490625000000002
            Iterations: 5
            Function evaluations: 83
            Gradient evaluations: 5
corrs 1
sub corrs 10
corrs 2
sub corrs 20
corrs 3
sub corrs 30
corrs 4
sub corrs 40
corrs 5
sub corrs 50
corrs 6
sub corrs 60
corrs 7
sub corrs 70
corrs 8
sub corrs 80
corrs 9
sub corrs 90
corrs 10
sub corrs 100
Optimization terminated successfully    (Exit mode 0)
            Current function value: 0.30125625
            Iterations: 1
            Function evaluations: 2
            Gradient evaluations: 1
Optimization terminated successfully    (Exit mode 0)
            Current function value: 0.3651625
            Iterations: 4
            Function evaluations: 27
            Gradient evaluations: 4
Optimization terminated successfully    (Exit mode 0)
            Current function value: 0.0864625000000001
            Iterations: 4
            Function evaluations: 27
            Gradient evaluations: 4
Optimization terminated successfully    (Exit mode 0)
            Current function value: 0.08691875000000007
            Iterations: 1
            Function evaluations: 16
            Gradient evaluations: 1
Optimization terminated successfully    (Exit mode 0)
            Current function value: 0.031231250000000016
            Iterations: 11
            Function evaluations: 90
            Gradient evaluations: 11
Optimization terminated successfully    (Exit mode 0)
            Current function value: 0.020518750000000016
            Iterations: 10
            Function evaluations: 85
            Gradient evaluations: 10
Optimization terminated successfully    (Exit mode 0)
            Current function value: 0.02635625000000001
            Iterations: 2
            Function evaluations: 27
            Gradient evaluations: 2
Optimization terminated successfully    (Exit mode 0)
            Current function value: 0.015287500000000011
            Iterations: 10
            Function evaluations: 104
            Gradient evaluations: 10
Optimization terminated successfully    (Exit mode 0)
            Current function value: 0.015081250000000044
            Iterations: 13
            Function evaluations: 163
            Gradient evaluations: 13
Optimization terminated successfully    (Exit mode 0)
            Current function value: 0.016337500000000012
            Iterations: 4
            Function evaluations: 55
            Gradient evaluations: 4
Optimization terminated successfully    (Exit mode 0)
            Current function value: 0.013762500000000032
            Iterations: 10
            Function evaluations: 135
            Gradient evaluations: 10
 Experiment complete. Results at: /mnt/beegfs/hellgate/home/tp183485/timecorr_trazzp/Cluster_Data/rest/rest_700_10_10_isfc_TruncatedSVD_25_laplace.csv
