corrs 1
sub corrs 10
corrs 2
sub corrs 20
corrs 3
sub corrs 30
corrs 4
sub corrs 40
corrs 5
sub corrs 50
corrs 6
sub corrs 60
corrs 7
sub corrs 70
corrs 8
sub corrs 80
corrs 9
sub corrs 90
corrs 10
sub corrs 100
Optimization terminated successfully    (Exit mode 0)
            Current function value: 0.30186875000000024
            Iterations: 1
            Function evaluations: 2
            Gradient evaluations: 1
Optimization terminated successfully    (Exit mode 0)
            Current function value: 0.33992499999999964
            Iterations: 3
            Function evaluations: 20
            Gradient evaluations: 3
Optimization terminated successfully    (Exit mode 0)
            Current function value: 0.25875
            Iterations: 7
            Function evaluations: 42
            Gradient evaluations: 7
Optimization terminated successfully    (Exit mode 0)
            Current function value: 0.3824500000000001
            Iterations: 5
            Function evaluations: 42
            Gradient evaluations: 5
Optimization terminated successfully    (Exit mode 0)
            Current function value: 0.2602375
            Iterations: 3
            Function evaluations: 29
            Gradient evaluations: 3
Optimization terminated successfully    (Exit mode 0)
            Current function value: 0.31938749999999994
            Iterations: 7
            Function evaluations: 61
            Gradient evaluations: 7
Optimization terminated successfully    (Exit mode 0)
            Current function value: 0.2906437500000001
            Iterations: 8
            Function evaluations: 81
            Gradient evaluations: 8
Optimization terminated successfully    (Exit mode 0)
            Current function value: 0.30243750000000014
            Iterations: 6
            Function evaluations: 71
            Gradient evaluations: 6
Optimization terminated successfully    (Exit mode 0)
            Current function value: 0.22633750000000002
            Iterations: 6
            Function evaluations: 72
            Gradient evaluations: 6
Optimization terminated successfully    (Exit mode 0)
            Current function value: 0.14706249999999998
            Iterations: 11
            Function evaluations: 141
            Gradient evaluations: 11
Optimization terminated successfully    (Exit mode 0)
            Current function value: 0.1836437499999998
            Iterations: 4
            Function evaluations: 60
            Gradient evaluations: 4
corrs 1
sub corrs 10
corrs 2
sub corrs 20
corrs 3
sub corrs 30
corrs 4
sub corrs 40
corrs 5
sub corrs 50
corrs 6
sub corrs 60
corrs 7
sub corrs 70
corrs 8
sub corrs 80
corrs 9
sub corrs 90
corrs 10
sub corrs 100
Optimization terminated successfully    (Exit mode 0)
            Current function value: 0.31466875
            Iterations: 1
            Function evaluations: 2
            Gradient evaluations: 1
Optimization terminated successfully    (Exit mode 0)
            Current function value: 0.2950750000000002
            Iterations: 2
            Function evaluations: 6
            Gradient evaluations: 2
Optimization terminated successfully    (Exit mode 0)
            Current function value: 0.28949999999999976
            Iterations: 3
            Function evaluations: 24
            Gradient evaluations: 3
Optimization terminated successfully    (Exit mode 0)
            Current function value: 0.26165625
            Iterations: 3
            Function evaluations: 27
            Gradient evaluations: 3
Optimization terminated successfully    (Exit mode 0)
            Current function value: 0.2220875000000002
            Iterations: 5
            Function evaluations: 54
            Gradient evaluations: 5
Optimization terminated successfully    (Exit mode 0)
            Current function value: 0.27375
            Iterations: 4
            Function evaluations: 42
            Gradient evaluations: 4
Optimization terminated successfully    (Exit mode 0)
            Current function value: 0.22130625
            Iterations: 4
            Function evaluations: 43
            Gradient evaluations: 4
Optimization terminated successfully    (Exit mode 0)
            Current function value: 0.19639999999999982
            Iterations: 7
            Function evaluations: 77
            Gradient evaluations: 7
Optimization terminated successfully    (Exit mode 0)
            Current function value: 0.21624999999999994
            Iterations: 5
            Function evaluations: 63
            Gradient evaluations: 5
Optimization terminated successfully    (Exit mode 0)
            Current function value: 0.1816937499999999
            Iterations: 9
            Function evaluations: 111
            Gradient evaluations: 9
Optimization terminated successfully    (Exit mode 0)
            Current function value: 0.18281874999999992
            Iterations: 8
            Function evaluations: 115
            Gradient evaluations: 8
 Experiment complete. Results at: /mnt/beegfs/hellgate/home/tp183485/timecorr_trazzp/Cluster_Data/rest/rest_700_10_10_isfc_PCA_40_gaussian.csv
