corrs 1
sub corrs 10
corrs 2
sub corrs 20
corrs 3
sub corrs 30
corrs 4
sub corrs 40
corrs 5
sub corrs 50
corrs 6
sub corrs 60
corrs 7
sub corrs 70
corrs 8
sub corrs 80
corrs 9
sub corrs 90
corrs 10
sub corrs 100
Optimization terminated successfully    (Exit mode 0)
            Current function value: 0.2880249999999998
            Iterations: 1
            Function evaluations: 2
            Gradient evaluations: 1
Optimization terminated successfully    (Exit mode 0)
            Current function value: 0.3006624999999998
            Iterations: 1
            Function evaluations: 14
            Gradient evaluations: 1
Optimization terminated successfully    (Exit mode 0)
            Current function value: 0.2888499999999999
            Iterations: 2
            Function evaluations: 19
            Gradient evaluations: 2
Optimization terminated successfully    (Exit mode 0)
            Current function value: 0.27717499999999995
            Iterations: 7
            Function evaluations: 51
            Gradient evaluations: 7
Optimization terminated successfully    (Exit mode 0)
            Current function value: 0.29618750000000005
            Iterations: 5
            Function evaluations: 45
            Gradient evaluations: 5
Optimization terminated successfully    (Exit mode 0)
            Current function value: 0.2755437500000001
            Iterations: 7
            Function evaluations: 62
            Gradient evaluations: 7
Optimization terminated successfully    (Exit mode 0)
            Current function value: 0.20501249999999974
            Iterations: 5
            Function evaluations: 51
            Gradient evaluations: 5
Optimization terminated successfully    (Exit mode 0)
            Current function value: 0.21829374999999998
            Iterations: 7
            Function evaluations: 76
            Gradient evaluations: 7
Optimization terminated successfully    (Exit mode 0)
            Current function value: 0.22133125000000003
            Iterations: 9
            Function evaluations: 106
            Gradient evaluations: 9
Optimization terminated successfully    (Exit mode 0)
            Current function value: 0.20118124999999995
            Iterations: 9
            Function evaluations: 110
            Gradient evaluations: 9
Optimization terminated successfully    (Exit mode 0)
            Current function value: 0.25428124999999996
            Iterations: 3
            Function evaluations: 50
            Gradient evaluations: 3
corrs 1
sub corrs 10
corrs 2
sub corrs 20
corrs 3
sub corrs 30
corrs 4
sub corrs 40
corrs 5
sub corrs 50
corrs 6
sub corrs 60
corrs 7
sub corrs 70
corrs 8
sub corrs 80
corrs 9
sub corrs 90
corrs 10
sub corrs 100
Optimization terminated successfully    (Exit mode 0)
            Current function value: 0.29622500000000007
            Iterations: 1
            Function evaluations: 2
            Gradient evaluations: 1
Optimization terminated successfully    (Exit mode 0)
            Current function value: 0.29726874999999997
            Iterations: 1
            Function evaluations: 14
            Gradient evaluations: 1
Optimization terminated successfully    (Exit mode 0)
            Current function value: 0.2516875
            Iterations: 4
            Function evaluations: 29
            Gradient evaluations: 4
Optimization terminated successfully    (Exit mode 0)
            Current function value: 0.2490062499999999
            Iterations: 6
            Function evaluations: 41
            Gradient evaluations: 6
Optimization terminated successfully    (Exit mode 0)
            Current function value: 0.2515687499999998
            Iterations: 4
            Function evaluations: 37
            Gradient evaluations: 4
Optimization terminated successfully    (Exit mode 0)
            Current function value: 0.24999999999999997
            Iterations: 9
            Function evaluations: 76
            Gradient evaluations: 9
Optimization terminated successfully    (Exit mode 0)
            Current function value: 0.2528
            Iterations: 4
            Function evaluations: 43
            Gradient evaluations: 4
Optimization terminated successfully    (Exit mode 0)
            Current function value: 0.2928374999999999
            Iterations: 3
            Function evaluations: 38
            Gradient evaluations: 3
Optimization terminated successfully    (Exit mode 0)
            Current function value: 0.3072937499999999
            Iterations: 3
            Function evaluations: 41
            Gradient evaluations: 3
Optimization terminated successfully    (Exit mode 0)
            Current function value: 0.2546124999999997
            Iterations: 4
            Function evaluations: 55
            Gradient evaluations: 4
Optimization terminated successfully    (Exit mode 0)
            Current function value: 0.24566875000000002
            Iterations: 7
            Function evaluations: 99
            Gradient evaluations: 7
 Experiment complete. Results at: /mnt/beegfs/hellgate/home/tp183485/timecorr_trazzp/Cluster_Data/rest/rest_100_10_10_isfc_TruncatedSVD_5_laplace.csv
