corrs 1
sub corrs 10
corrs 2
sub corrs 20
corrs 3
sub corrs 30
corrs 4
sub corrs 40
corrs 5
sub corrs 50
corrs 6
sub corrs 60
corrs 7
sub corrs 70
corrs 8
sub corrs 80
corrs 9
sub corrs 90
corrs 10
sub corrs 100
Optimization terminated successfully    (Exit mode 0)
            Current function value: 0.28898125000000013
            Iterations: 1
            Function evaluations: 2
            Gradient evaluations: 1
Optimization terminated successfully    (Exit mode 0)
            Current function value: 0.28891875
            Iterations: 2
            Function evaluations: 18
            Gradient evaluations: 2
Optimization terminated successfully    (Exit mode 0)
            Current function value: 0.2921562499999997
            Iterations: 4
            Function evaluations: 28
            Gradient evaluations: 4
Optimization terminated successfully    (Exit mode 0)
            Current function value: 0.2113750000000001
            Iterations: 6
            Function evaluations: 41
            Gradient evaluations: 6
Optimization terminated successfully    (Exit mode 0)
            Current function value: 0.19954999999999995
            Iterations: 13
            Function evaluations: 93
            Gradient evaluations: 13
Optimization terminated successfully    (Exit mode 0)
            Current function value: 0.20384374999999985
            Iterations: 7
            Function evaluations: 63
            Gradient evaluations: 7
Optimization terminated successfully    (Exit mode 0)
            Current function value: 0.2183437500000001
            Iterations: 7
            Function evaluations: 73
            Gradient evaluations: 7
Optimization terminated successfully    (Exit mode 0)
            Current function value: 0.21603125
            Iterations: 9
            Function evaluations: 105
            Gradient evaluations: 9
Optimization terminated successfully    (Exit mode 0)
            Current function value: 0.2498312500000001
            Iterations: 4
            Function evaluations: 55
            Gradient evaluations: 4
Optimization terminated successfully    (Exit mode 0)
            Current function value: 0.22906874999999988
            Iterations: 4
            Function evaluations: 55
            Gradient evaluations: 4
Optimization terminated successfully    (Exit mode 0)
            Current function value: 0.31891875000000014
            Iterations: 10
            Function evaluations: 142
            Gradient evaluations: 10
corrs 1
sub corrs 10
corrs 2
sub corrs 20
corrs 3
sub corrs 30
corrs 4
sub corrs 40
corrs 5
sub corrs 50
corrs 6
sub corrs 60
corrs 7
sub corrs 70
corrs 8
sub corrs 80
corrs 9
sub corrs 90
corrs 10
sub corrs 100
Optimization terminated successfully    (Exit mode 0)
            Current function value: 0.3202624999999999
            Iterations: 1
            Function evaluations: 2
            Gradient evaluations: 1
Optimization terminated successfully    (Exit mode 0)
            Current function value: 0.3228937500000001
            Iterations: 2
            Function evaluations: 6
            Gradient evaluations: 2
Optimization terminated successfully    (Exit mode 0)
            Current function value: 0.3099374999999999
            Iterations: 7
            Function evaluations: 47
            Gradient evaluations: 7
Optimization terminated successfully    (Exit mode 0)
            Current function value: 0.24462500000000031
            Iterations: 7
            Function evaluations: 52
            Gradient evaluations: 7
Optimization terminated successfully    (Exit mode 0)
            Current function value: 0.2077812500000001
            Iterations: 8
            Function evaluations: 72
            Gradient evaluations: 8
Optimization terminated successfully    (Exit mode 0)
            Current function value: 0.23946875000000017
            Iterations: 7
            Function evaluations: 65
            Gradient evaluations: 7
Optimization terminated successfully    (Exit mode 0)
            Current function value: 0.2393250000000001
            Iterations: 4
            Function evaluations: 43
            Gradient evaluations: 4
Optimization terminated successfully    (Exit mode 0)
            Current function value: 0.22404374999999996
            Iterations: 4
            Function evaluations: 47
            Gradient evaluations: 4
Optimization terminated successfully    (Exit mode 0)
            Current function value: 0.21619999999999986
            Iterations: 11
            Function evaluations: 127
            Gradient evaluations: 11
Optimization terminated successfully    (Exit mode 0)
            Current function value: 0.23321874999999995
            Iterations: 6
            Function evaluations: 88
            Gradient evaluations: 6
Optimization terminated successfully    (Exit mode 0)
            Current function value: 0.22830000000000006
            Iterations: 5
            Function evaluations: 72
            Gradient evaluations: 5
 Experiment complete. Results at: /mnt/beegfs/hellgate/home/tp183485/timecorr_trazzp/Cluster_Data/rest/rest_700_10_10_isfc_TruncatedSVD_50_gaussian.csv
