corrs 1
sub corrs 10
corrs 2
sub corrs 20
corrs 3
sub corrs 30
corrs 4
sub corrs 40
corrs 5
sub corrs 50
corrs 6
sub corrs 60
corrs 7
sub corrs 70
corrs 8
sub corrs 80
corrs 9
sub corrs 90
corrs 10
sub corrs 100
Optimization terminated successfully    (Exit mode 0)
            Current function value: 0.2726187499999998
            Iterations: 1
            Function evaluations: 2
            Gradient evaluations: 1
Optimization terminated successfully    (Exit mode 0)
            Current function value: 0.36678124999999967
            Iterations: 2
            Function evaluations: 17
            Gradient evaluations: 2
Optimization terminated successfully    (Exit mode 0)
            Current function value: 0.3692187499999999
            Iterations: 3
            Function evaluations: 26
            Gradient evaluations: 3
Optimization terminated successfully    (Exit mode 0)
            Current function value: 0.14086249999999997
            Iterations: 4
            Function evaluations: 31
            Gradient evaluations: 4
Optimization terminated successfully    (Exit mode 0)
            Current function value: 0.10750625000000005
            Iterations: 4
            Function evaluations: 44
            Gradient evaluations: 4
Optimization terminated successfully    (Exit mode 0)
            Current function value: 0.18465000000000004
            Iterations: 5
            Function evaluations: 49
            Gradient evaluations: 5
Optimization terminated successfully    (Exit mode 0)
            Current function value: 0.10128124999999993
            Iterations: 12
            Function evaluations: 109
            Gradient evaluations: 12
Optimization terminated successfully    (Exit mode 0)
            Current function value: 0.10426249999999998
            Iterations: 9
            Function evaluations: 94
            Gradient evaluations: 9
Optimization terminated successfully    (Exit mode 0)
            Current function value: 0.10248750000000002
            Iterations: 10
            Function evaluations: 111
            Gradient evaluations: 10
Optimization terminated successfully    (Exit mode 0)
            Current function value: 0.08394375000000003
            Iterations: 9
            Function evaluations: 119
            Gradient evaluations: 9
Optimization terminated successfully    (Exit mode 0)
            Current function value: 0.0685625000000001
            Iterations: 9
            Function evaluations: 126
            Gradient evaluations: 9
corrs 1
sub corrs 10
corrs 2
sub corrs 20
corrs 3
sub corrs 30
corrs 4
sub corrs 40
corrs 5
sub corrs 50
corrs 6
sub corrs 60
corrs 7
sub corrs 70
corrs 8
sub corrs 80
corrs 9
sub corrs 90
corrs 10
sub corrs 100
Optimization terminated successfully    (Exit mode 0)
            Current function value: 0.31153125000000004
            Iterations: 1
            Function evaluations: 2
            Gradient evaluations: 1
Optimization terminated successfully    (Exit mode 0)
            Current function value: 0.31153125000000004
            Iterations: 4
            Function evaluations: 12
            Gradient evaluations: 4
Optimization terminated successfully    (Exit mode 0)
            Current function value: 0.16701874999999994
            Iterations: 7
            Function evaluations: 41
            Gradient evaluations: 7
Optimization terminated successfully    (Exit mode 0)
            Current function value: 0.13248124999999988
            Iterations: 4
            Function evaluations: 31
            Gradient evaluations: 4
Optimization terminated successfully    (Exit mode 0)
            Current function value: 0.11121874999999991
            Iterations: 6
            Function evaluations: 55
            Gradient evaluations: 6
Optimization terminated successfully    (Exit mode 0)
            Current function value: 0.10678750000000001
            Iterations: 4
            Function evaluations: 47
            Gradient evaluations: 4
Optimization terminated successfully    (Exit mode 0)
            Current function value: 0.10162499999999997
            Iterations: 11
            Function evaluations: 111
            Gradient evaluations: 11
Optimization terminated successfully    (Exit mode 0)
            Current function value: 0.10190000000000003
            Iterations: 7
            Function evaluations: 84
            Gradient evaluations: 7
Optimization terminated successfully    (Exit mode 0)
            Current function value: 0.1325124999999999
            Iterations: 3
            Function evaluations: 41
            Gradient evaluations: 3
Optimization terminated successfully    (Exit mode 0)
            Current function value: 0.08346250000000004
            Iterations: 9
            Function evaluations: 118
            Gradient evaluations: 9
Optimization terminated successfully    (Exit mode 0)
            Current function value: 0.06707499999999998
            Iterations: 5
            Function evaluations: 74
            Gradient evaluations: 5
 Experiment complete. Results at: /mnt/beegfs/hellgate/home/tp183485/timecorr_trazzp/Cluster_Data/rest/rest_700_10_10_isfc_TruncatedSVD_30_mexican_hat.csv
