corrs 1
sub corrs 10
corrs 2
sub corrs 20
corrs 3
sub corrs 30
corrs 4
sub corrs 40
corrs 5
sub corrs 50
corrs 6
sub corrs 60
corrs 7
sub corrs 70
corrs 8
sub corrs 80
corrs 9
sub corrs 90
corrs 10
sub corrs 100
Optimization terminated successfully    (Exit mode 0)
            Current function value: 0.30493750000000014
            Iterations: 1
            Function evaluations: 2
            Gradient evaluations: 1
Optimization terminated successfully    (Exit mode 0)
            Current function value: 0.27410000000000023
            Iterations: 2
            Function evaluations: 17
            Gradient evaluations: 2
Optimization terminated successfully    (Exit mode 0)
            Current function value: 0.25485624999999995
            Iterations: 13
            Function evaluations: 74
            Gradient evaluations: 13
Optimization terminated successfully    (Exit mode 0)
            Current function value: 0.24660000000000004
            Iterations: 4
            Function evaluations: 33
            Gradient evaluations: 4
Optimization terminated successfully    (Exit mode 0)
            Current function value: 0.12251250000000011
            Iterations: 4
            Function evaluations: 35
            Gradient evaluations: 4
Optimization terminated successfully    (Exit mode 0)
            Current function value: 0.15895625000000008
            Iterations: 9
            Function evaluations: 88
            Gradient evaluations: 9
Optimization terminated successfully    (Exit mode 0)
            Current function value: 0.08372500000000013
            Iterations: 12
            Function evaluations: 111
            Gradient evaluations: 12
Optimization terminated successfully    (Exit mode 0)
            Current function value: 0.09024374999999994
            Iterations: 6
            Function evaluations: 68
            Gradient evaluations: 6
Optimization terminated successfully    (Exit mode 0)
            Current function value: 0.08042499999999998
            Iterations: 6
            Function evaluations: 72
            Gradient evaluations: 6
Optimization terminated successfully    (Exit mode 0)
            Current function value: 0.08439999999999998
            Iterations: 11
            Function evaluations: 137
            Gradient evaluations: 11
Optimization terminated successfully    (Exit mode 0)
            Current function value: 0.062499999999999965
            Iterations: 12
            Function evaluations: 173
            Gradient evaluations: 12
corrs 1
sub corrs 10
corrs 2
sub corrs 20
corrs 3
sub corrs 30
corrs 4
sub corrs 40
corrs 5
sub corrs 50
corrs 6
sub corrs 60
corrs 7
sub corrs 70
corrs 8
sub corrs 80
corrs 9
sub corrs 90
corrs 10
sub corrs 100
Optimization terminated successfully    (Exit mode 0)
            Current function value: 0.32843124999999995
            Iterations: 1
            Function evaluations: 2
            Gradient evaluations: 1
Optimization terminated successfully    (Exit mode 0)
            Current function value: 0.25989999999999996
            Iterations: 7
            Function evaluations: 33
            Gradient evaluations: 7
Optimization terminated successfully    (Exit mode 0)
            Current function value: 0.26471249999999985
            Iterations: 4
            Function evaluations: 33
            Gradient evaluations: 4
Optimization terminated successfully    (Exit mode 0)
            Current function value: 0.27926249999999986
            Iterations: 4
            Function evaluations: 20
            Gradient evaluations: 4
Optimization terminated successfully    (Exit mode 0)
            Current function value: 0.1737499999999999
            Iterations: 5
            Function evaluations: 42
            Gradient evaluations: 5
Optimization terminated successfully    (Exit mode 0)
            Current function value: 0.1673937500000001
            Iterations: 14
            Function evaluations: 120
            Gradient evaluations: 14
Optimization terminated successfully    (Exit mode 0)
            Current function value: 0.0932375000000001
            Iterations: 9
            Function evaluations: 85
            Gradient evaluations: 9
Optimization terminated successfully    (Exit mode 0)
            Current function value: 0.09130000000000013
            Iterations: 9
            Function evaluations: 104
            Gradient evaluations: 9
Optimization terminated successfully    (Exit mode 0)
            Current function value: 0.09526249999999999
            Iterations: 5
            Function evaluations: 62
            Gradient evaluations: 5
Optimization terminated successfully    (Exit mode 0)
            Current function value: 0.06780624999999994
            Iterations: 9
            Function evaluations: 124
            Gradient evaluations: 9
Optimization terminated successfully    (Exit mode 0)
            Current function value: 0.0622187499999999
            Iterations: 11
            Function evaluations: 150
            Gradient evaluations: 11
 Experiment complete. Results at: /mnt/beegfs/hellgate/home/tp183485/timecorr_trazzp/Cluster_Data/rest/rest_700_10_10_isfc_IncrementalPCA_10_laplace.csv
