corrs 1
sub corrs 10
corrs 2
sub corrs 20
corrs 3
sub corrs 30
corrs 4
sub corrs 40
corrs 5
sub corrs 50
corrs 6
sub corrs 60
corrs 7
sub corrs 70
corrs 8
sub corrs 80
corrs 9
sub corrs 90
corrs 10
sub corrs 100
Optimization terminated successfully    (Exit mode 0)
            Current function value: 0.3135937500000001
            Iterations: 1
            Function evaluations: 2
            Gradient evaluations: 1
Optimization terminated successfully    (Exit mode 0)
            Current function value: 0.3402625
            Iterations: 4
            Function evaluations: 27
            Gradient evaluations: 4
Optimization terminated successfully    (Exit mode 0)
            Current function value: 0.1747750000000001
            Iterations: 2
            Function evaluations: 19
            Gradient evaluations: 2
Optimization terminated successfully    (Exit mode 0)
            Current function value: 0.17290625000000007
            Iterations: 5
            Function evaluations: 38
            Gradient evaluations: 5
Optimization terminated successfully    (Exit mode 0)
            Current function value: 0.17343125000000015
            Iterations: 4
            Function evaluations: 35
            Gradient evaluations: 4
Optimization terminated successfully    (Exit mode 0)
            Current function value: 0.16887500000000022
            Iterations: 12
            Function evaluations: 106
            Gradient evaluations: 12
Optimization terminated successfully    (Exit mode 0)
            Current function value: 0.17908750000000004
            Iterations: 11
            Function evaluations: 105
            Gradient evaluations: 11
Optimization terminated successfully    (Exit mode 0)
            Current function value: 0.1576062500000001
            Iterations: 10
            Function evaluations: 105
            Gradient evaluations: 10
Optimization terminated successfully    (Exit mode 0)
            Current function value: 0.15796875000000005
            Iterations: 14
            Function evaluations: 166
            Gradient evaluations: 14
Optimization terminated successfully    (Exit mode 0)
            Current function value: 0.1612625000000001
            Iterations: 4
            Function evaluations: 55
            Gradient evaluations: 4
Optimization terminated successfully    (Exit mode 0)
            Current function value: 0.17470625
            Iterations: 8
            Function evaluations: 115
            Gradient evaluations: 8
corrs 1
sub corrs 10
corrs 2
sub corrs 20
corrs 3
sub corrs 30
corrs 4
sub corrs 40
corrs 5
sub corrs 50
corrs 6
sub corrs 60
corrs 7
sub corrs 70
corrs 8
sub corrs 80
corrs 9
sub corrs 90
corrs 10
sub corrs 100
Optimization terminated successfully    (Exit mode 0)
            Current function value: 0.28646875000000016
            Iterations: 1
            Function evaluations: 2
            Gradient evaluations: 1
Optimization terminated successfully    (Exit mode 0)
            Current function value: 0.30446874999999984
            Iterations: 4
            Function evaluations: 24
            Gradient evaluations: 4
Optimization terminated successfully    (Exit mode 0)
            Current function value: 0.19055000000000002
            Iterations: 5
            Function evaluations: 34
            Gradient evaluations: 5
Optimization terminated successfully    (Exit mode 0)
            Current function value: 0.20069375
            Iterations: 4
            Function evaluations: 31
            Gradient evaluations: 4
Optimization terminated successfully    (Exit mode 0)
            Current function value: 0.15730000000000005
            Iterations: 12
            Function evaluations: 93
            Gradient evaluations: 12
Optimization terminated successfully    (Exit mode 0)
            Current function value: 0.14078750000000004
            Iterations: 6
            Function evaluations: 57
            Gradient evaluations: 6
Optimization terminated successfully    (Exit mode 0)
            Current function value: 0.14903750000000016
            Iterations: 4
            Function evaluations: 45
            Gradient evaluations: 4
Optimization terminated successfully    (Exit mode 0)
            Current function value: 0.151425
            Iterations: 11
            Function evaluations: 125
            Gradient evaluations: 11
Optimization terminated successfully    (Exit mode 0)
            Current function value: 0.15395624999999996
            Iterations: 7
            Function evaluations: 85
            Gradient evaluations: 7
Optimization terminated successfully    (Exit mode 0)
            Current function value: 0.17256249999999998
            Iterations: 10
            Function evaluations: 142
            Gradient evaluations: 10
Optimization terminated successfully    (Exit mode 0)
            Current function value: 0.14678124999999997
            Iterations: 11
            Function evaluations: 155
            Gradient evaluations: 11
 Experiment complete. Results at: /mnt/beegfs/hellgate/home/tp183485/timecorr_trazzp/Cluster_Data/rest/rest_100_10_10_isfc_IncrementalPCA_20_laplace.csv
