corrs 1
sub corrs 10
corrs 2
sub corrs 20
corrs 3
sub corrs 30
corrs 4
sub corrs 40
corrs 5
sub corrs 50
corrs 6
sub corrs 60
corrs 7
sub corrs 70
corrs 8
sub corrs 80
corrs 9
sub corrs 90
corrs 10
sub corrs 100
Optimization terminated successfully    (Exit mode 0)
            Current function value: 0.10568888888888908
            Iterations: 1
            Function evaluations: 2
            Gradient evaluations: 1
       rank  accuracy     error
0  0.967767  0.263333  0.105689
Optimization terminated successfully    (Exit mode 0)
            Current function value: 0.10488888888888906
            Iterations: 2
            Function evaluations: 17
            Gradient evaluations: 2
       rank  accuracy     error
0  0.969733  0.273333  0.104889
Optimization terminated successfully    (Exit mode 0)
            Current function value: 0.09897777777777793
            Iterations: 4
            Function evaluations: 28
            Gradient evaluations: 4
       rank  accuracy     error
0  0.970722  0.276667  0.098978
Optimization terminated successfully    (Exit mode 0)
            Current function value: 0.09552222222222238
            Iterations: 5
            Function evaluations: 40
            Gradient evaluations: 5
       rank  accuracy     error
0  0.969544  0.286667  0.095522
Optimization terminated successfully    (Exit mode 0)
            Current function value: 0.08378888888888908
            Iterations: 7
            Function evaluations: 54
            Gradient evaluations: 7
       rank  accuracy     error
0  0.962856  0.266667  0.083789
Optimization terminated successfully    (Exit mode 0)
            Current function value: 0.08155555555555574
            Iterations: 8
            Function evaluations: 75
            Gradient evaluations: 8
       rank  accuracy     error
0  0.962222  0.263333  0.081556
Optimization terminated successfully    (Exit mode 0)
            Current function value: 0.0
            Iterations: 1
            Function evaluations: 8
            Gradient evaluations: 1
   rank  accuracy  error
0   1.0       1.0    0.0
Optimization terminated successfully    (Exit mode 0)
            Current function value: 0.0
            Iterations: 1
            Function evaluations: 9
            Gradient evaluations: 1
   rank  accuracy  error
0   1.0       1.0    0.0
Optimization terminated successfully    (Exit mode 0)
            Current function value: 0.0
            Iterations: 1
            Function evaluations: 10
            Gradient evaluations: 1
   rank  accuracy  error
0   1.0       1.0    0.0
Optimization terminated successfully    (Exit mode 0)
            Current function value: 0.0
            Iterations: 1
            Function evaluations: 11
            Gradient evaluations: 1
   rank  accuracy  error
0   1.0       1.0    0.0
Optimization terminated successfully    (Exit mode 0)
            Current function value: 0.0
            Iterations: 1
            Function evaluations: 12
            Gradient evaluations: 1
   rank  accuracy  error
0   1.0       1.0    0.0
corrs 1
sub corrs 10
corrs 2
sub corrs 20
corrs 3
sub corrs 30
corrs 4
sub corrs 40
corrs 5
sub corrs 50
corrs 6
sub corrs 60
corrs 7
sub corrs 70
corrs 8
sub corrs 80
corrs 9
sub corrs 90
corrs 10
sub corrs 100
Optimization terminated successfully    (Exit mode 0)
            Current function value: 0.06835555555555564
            Iterations: 1
            Function evaluations: 2
            Gradient evaluations: 1
       rank  accuracy     error
0  0.969744      0.28  0.068356
Optimization terminated successfully    (Exit mode 0)
            Current function value: 0.06837777777777787
            Iterations: 3
            Function evaluations: 20
            Gradient evaluations: 3
       rank  accuracy     error
0  0.969889      0.28  0.068378
Optimization terminated successfully    (Exit mode 0)
            Current function value: 0.0654222222222223
            Iterations: 4
            Function evaluations: 27
            Gradient evaluations: 4
       rank  accuracy     error
0  0.971567  0.286667  0.065422
Optimization terminated successfully    (Exit mode 0)
            Current function value: 0.06674444444444456
            Iterations: 4
            Function evaluations: 32
            Gradient evaluations: 4
       rank  accuracy     error
0  0.971667  0.286667  0.066744
Optimization terminated successfully    (Exit mode 0)
            Current function value: 0.0724555555555557
            Iterations: 4
            Function evaluations: 36
            Gradient evaluations: 4
     rank  accuracy     error
0  0.9689      0.28  0.072456
Optimization terminated successfully    (Exit mode 0)
            Current function value: 0.06656666666666679
            Iterations: 4
            Function evaluations: 42
            Gradient evaluations: 4
       rank  accuracy     error
0  0.969633      0.27  0.066567
Optimization terminated successfully    (Exit mode 0)
            Current function value: 0.0
            Iterations: 1
            Function evaluations: 8
            Gradient evaluations: 1
   rank  accuracy  error
0   1.0       1.0    0.0
Optimization terminated successfully    (Exit mode 0)
            Current function value: 0.0
            Iterations: 1
            Function evaluations: 9
            Gradient evaluations: 1
   rank  accuracy  error
0   1.0       1.0    0.0
Optimization terminated successfully    (Exit mode 0)
            Current function value: 0.0
            Iterations: 1
            Function evaluations: 10
            Gradient evaluations: 1
   rank  accuracy  error
0   1.0       1.0    0.0
Optimization terminated successfully    (Exit mode 0)
            Current function value: 0.0
            Iterations: 1
            Function evaluations: 11
            Gradient evaluations: 1
   rank  accuracy  error
0   1.0       1.0    0.0
Optimization terminated successfully    (Exit mode 0)
            Current function value: 0.0
            Iterations: 1
            Function evaluations: 12
            Gradient evaluations: 1
   rank  accuracy  error
0   1.0       1.0    0.0
✨ Experiment complete. Results archived at: /mnt/beegfs/hellgate/home/tp183485/timecorr_trazzp/Cluster_Data/intact_100_10_10_isfc_LocallyLinearEmbedding_15_laplace.csv
