corrs 1
sub corrs 10
corrs 2
sub corrs 20
corrs 3
sub corrs 30
corrs 4
sub corrs 40
corrs 5
sub corrs 50
corrs 6
sub corrs 60
corrs 7
sub corrs 70
corrs 8
sub corrs 80
corrs 9
sub corrs 90
corrs 10
sub corrs 100
Optimization terminated successfully    (Exit mode 0)
            Current function value: 0.08650000000000006
            Iterations: 1
            Function evaluations: 2
            Gradient evaluations: 1
       rank  accuracy   error
0  0.958878  0.233333  0.0865
Optimization terminated successfully    (Exit mode 0)
            Current function value: 0.08650000000000006
            Iterations: 4
            Function evaluations: 12
            Gradient evaluations: 4
       rank  accuracy   error
0  0.958878  0.233333  0.0865
Optimization terminated successfully    (Exit mode 0)
            Current function value: 0.08650000000000006
            Iterations: 4
            Function evaluations: 16
            Gradient evaluations: 4
       rank  accuracy   error
0  0.958878  0.233333  0.0865
Optimization terminated successfully    (Exit mode 0)
            Current function value: 0.08650000000000006
            Iterations: 5
            Function evaluations: 25
            Gradient evaluations: 5
       rank  accuracy   error
0  0.958878  0.233333  0.0865
Optimization terminated successfully    (Exit mode 0)
            Current function value: 0.09106666666666675
            Iterations: 3
            Function evaluations: 29
            Gradient evaluations: 3
       rank  accuracy     error
0  0.958722  0.233333  0.091067
Optimization terminated successfully    (Exit mode 0)
            Current function value: 0.09148888888888897
            Iterations: 5
            Function evaluations: 46
            Gradient evaluations: 5
       rank  accuracy     error
0  0.959044      0.23  0.091489
Optimization terminated successfully    (Exit mode 0)
            Current function value: 0.07792222222222228
            Iterations: 6
            Function evaluations: 61
            Gradient evaluations: 6
       rank  accuracy     error
0  0.959056  0.233333  0.077922
Optimization terminated successfully    (Exit mode 0)
            Current function value: 0.08355555555555562
            Iterations: 2
            Function evaluations: 29
            Gradient evaluations: 2
       rank  accuracy     error
0  0.959411  0.236667  0.083556
Optimization terminated successfully    (Exit mode 0)
            Current function value: 0.07737777777777784
            Iterations: 5
            Function evaluations: 61
            Gradient evaluations: 5
       rank  accuracy     error
0  0.959078  0.236667  0.077378
Optimization terminated successfully    (Exit mode 0)
            Current function value: 0.0814444444444445
            Iterations: 4
            Function evaluations: 55
            Gradient evaluations: 4
       rank  accuracy     error
0  0.959156  0.236667  0.081444
Optimization terminated successfully    (Exit mode 0)
            Current function value: 0.07848888888888896
            Iterations: 5
            Function evaluations: 71
            Gradient evaluations: 5
       rank  accuracy     error
0  0.959256  0.233333  0.078489
corrs 1
sub corrs 10
corrs 2
sub corrs 20
corrs 3
sub corrs 30
corrs 4
sub corrs 40
corrs 5
sub corrs 50
corrs 6
sub corrs 60
corrs 7
sub corrs 70
corrs 8
sub corrs 80
corrs 9
sub corrs 90
corrs 10
sub corrs 100
Optimization terminated successfully    (Exit mode 0)
            Current function value: 0.08838888888888898
            Iterations: 1
            Function evaluations: 2
            Gradient evaluations: 1
       rank  accuracy     error
0  0.959022      0.26  0.088389
Optimization terminated successfully    (Exit mode 0)
            Current function value: 0.08838888888888898
            Iterations: 3
            Function evaluations: 9
            Gradient evaluations: 3
       rank  accuracy     error
0  0.959022      0.26  0.088389
Optimization terminated successfully    (Exit mode 0)
            Current function value: 0.08838888888888898
            Iterations: 5
            Function evaluations: 31
            Gradient evaluations: 5
       rank  accuracy     error
0  0.958989      0.26  0.088389
Optimization terminated successfully    (Exit mode 0)
            Current function value: 0.09333333333333342
            Iterations: 4
            Function evaluations: 20
            Gradient evaluations: 4
       rank  accuracy     error
0  0.958233      0.25  0.093333
Optimization terminated successfully    (Exit mode 0)
            Current function value: 0.08636666666666674
            Iterations: 4
            Function evaluations: 36
            Gradient evaluations: 4
       rank  accuracy     error
0  0.957956  0.263333  0.086367
Optimization terminated successfully    (Exit mode 0)
            Current function value: 0.08664444444444452
            Iterations: 2
            Function evaluations: 25
            Gradient evaluations: 2
       rank  accuracy     error
0  0.958322  0.263333  0.086644
Optimization terminated successfully    (Exit mode 0)
            Current function value: 0.08664444444444452
            Iterations: 4
            Function evaluations: 43
            Gradient evaluations: 4
     rank  accuracy     error
0  0.9583  0.263333  0.086644
Optimization terminated successfully    (Exit mode 0)
            Current function value: 0.09220000000000009
            Iterations: 3
            Function evaluations: 38
            Gradient evaluations: 3
       rank  accuracy   error
0  0.960144  0.263333  0.0922
Optimization terminated successfully    (Exit mode 0)
            Current function value: 0.0911000000000001
            Iterations: 4
            Function evaluations: 56
            Gradient evaluations: 4
       rank  accuracy   error
0  0.959511      0.26  0.0911
Optimization terminated successfully    (Exit mode 0)
            Current function value: 0.09825555555555571
            Iterations: 3
            Function evaluations: 44
            Gradient evaluations: 3
     rank  accuracy     error
0  0.9598      0.26  0.098256
Optimization terminated successfully    (Exit mode 0)
            Current function value: 0.08835555555555565
            Iterations: 3
            Function evaluations: 47
            Gradient evaluations: 3
       rank  accuracy     error
0  0.959033  0.263333  0.088356
✨ Experiment complete. Results archived at: /mnt/beegfs/hellgate/home/tp183485/timecorr_trazzp/Cluster_Data/intact_100_10_10_isfc_MDS_30_mexican_hat.csv
