corrs 1
sub corrs 10
corrs 2
sub corrs 20
corrs 3
sub corrs 30
corrs 4
sub corrs 40
corrs 5
sub corrs 50
corrs 6
sub corrs 60
corrs 7
sub corrs 70
corrs 8
sub corrs 80
corrs 9
sub corrs 90
corrs 10
sub corrs 100
Optimization terminated successfully    (Exit mode 0)
            Current function value: 0.19815095155709336
            Iterations: 1
            Function evaluations: 2
            Gradient evaluations: 1
       rank  accuracy     error
0  0.909007  0.132353  0.198151
Optimization terminated successfully    (Exit mode 0)
            Current function value: 0.2392544333910034
            Iterations: 2
            Function evaluations: 17
            Gradient evaluations: 2
       rank  accuracy     error
0  0.887462  0.128676  0.239254
Optimization terminated successfully    (Exit mode 0)
            Current function value: 0.19815095155709336
            Iterations: 5
            Function evaluations: 31
            Gradient evaluations: 5
       rank  accuracy     error
0  0.909007  0.132353  0.198151
Optimization terminated successfully    (Exit mode 0)
            Current function value: 0.19788062283737015
            Iterations: 4
            Function evaluations: 31
            Gradient evaluations: 4
       rank  accuracy     error
0  0.908926  0.136029  0.197881
Optimization terminated successfully    (Exit mode 0)
            Current function value: 0.19815095155709336
            Iterations: 9
            Function evaluations: 65
            Gradient evaluations: 9
      rank  accuracy     error
0  0.90898  0.132353  0.198151
Optimization terminated successfully    (Exit mode 0)
            Current function value: 0.20774762110726638
            Iterations: 3
            Function evaluations: 32
            Gradient evaluations: 3
       rank  accuracy     error
0  0.900411  0.121324  0.207748
Optimization terminated successfully    (Exit mode 0)
            Current function value: 0.1935148140138408
            Iterations: 5
            Function evaluations: 55
            Gradient evaluations: 5
       rank  accuracy     error
0  0.890841  0.139706  0.193515
Optimization terminated successfully    (Exit mode 0)
            Current function value: 0.19636678200692032
            Iterations: 7
            Function evaluations: 75
            Gradient evaluations: 7
       rank  accuracy     error
0  0.898573  0.143382  0.196367
Optimization terminated successfully    (Exit mode 0)
            Current function value: 0.19173064446366775
            Iterations: 7
            Function evaluations: 82
            Gradient evaluations: 7
       rank  accuracy     error
0  0.896721  0.117647  0.191731
Optimization terminated successfully    (Exit mode 0)
            Current function value: 0.19177119377162624
            Iterations: 5
            Function evaluations: 66
            Gradient evaluations: 5
       rank  accuracy     error
0  0.902046  0.132353  0.191771
Optimization terminated successfully    (Exit mode 0)
            Current function value: 0.19351481401384077
            Iterations: 6
            Function evaluations: 86
            Gradient evaluations: 6
       rank  accuracy     error
0  0.906601  0.132353  0.193515
corrs 1
sub corrs 10
corrs 2
sub corrs 20
corrs 3
sub corrs 30
corrs 4
sub corrs 40
corrs 5
sub corrs 50
corrs 6
sub corrs 60
corrs 7
sub corrs 70
corrs 8
sub corrs 80
corrs 9
sub corrs 90
corrs 10
sub corrs 100
Optimization terminated successfully    (Exit mode 0)
            Current function value: 0.16873918685121098
            Iterations: 1
            Function evaluations: 2
            Gradient evaluations: 1
       rank  accuracy     error
0  0.911373  0.154412  0.168739
Optimization terminated successfully    (Exit mode 0)
            Current function value: 0.16873918685121098
            Iterations: 4
            Function evaluations: 12
            Gradient evaluations: 4
       rank  accuracy     error
0  0.911373  0.154412  0.168739
Optimization terminated successfully    (Exit mode 0)
            Current function value: 0.1665224913494809
            Iterations: 6
            Function evaluations: 37
            Gradient evaluations: 6
       rank  accuracy     error
0  0.909643  0.150735  0.166522
Optimization terminated successfully    (Exit mode 0)
            Current function value: 0.1623594290657439
            Iterations: 6
            Function evaluations: 46
            Gradient evaluations: 6
       rank  accuracy     error
0  0.909372  0.147059  0.162359
Optimization terminated successfully    (Exit mode 0)
            Current function value: 0.16277843858131485
            Iterations: 5
            Function evaluations: 41
            Gradient evaluations: 5
       rank  accuracy     error
0  0.910481  0.150735  0.162778
Optimization terminated successfully    (Exit mode 0)
            Current function value: 0.1622242647058823
            Iterations: 5
            Function evaluations: 47
            Gradient evaluations: 5
       rank  accuracy     error
0  0.910089  0.154412  0.162224
Optimization terminated successfully    (Exit mode 0)
            Current function value: 0.16879325259515568
            Iterations: 4
            Function evaluations: 43
            Gradient evaluations: 4
       rank  accuracy     error
0  0.906142  0.147059  0.168793
Optimization terminated successfully    (Exit mode 0)
            Current function value: 0.15746647923875426
            Iterations: 5
            Function evaluations: 56
            Gradient evaluations: 5
       rank  accuracy     error
0  0.910805  0.154412  0.157466
Optimization terminated successfully    (Exit mode 0)
            Current function value: 0.15931823096885805
            Iterations: 5
            Function evaluations: 61
            Gradient evaluations: 5
       rank  accuracy     error
0  0.910994  0.158088  0.159318
Optimization terminated successfully    (Exit mode 0)
            Current function value: 0.1572096669550172
            Iterations: 5
            Function evaluations: 66
            Gradient evaluations: 5
       rank  accuracy    error
0  0.909764  0.154412  0.15721
Optimization terminated successfully    (Exit mode 0)
            Current function value: 0.1593722967128027
            Iterations: 4
            Function evaluations: 59
            Gradient evaluations: 4
       rank  accuracy     error
0  0.910494  0.158088  0.159372
✨ Experiment complete. Results archived at: /mnt/beegfs/hellgate/home/tp183485/timecorr_trazzp/Cluster_Data/paragraph_100_10_10_isfc_MiniBatchSparsePCA_15_mexican_hat.csv
