corrs 1
sub corrs 10
corrs 2
sub corrs 20
corrs 3
sub corrs 30
corrs 4
sub corrs 40
corrs 5
sub corrs 50
corrs 6
sub corrs 60
corrs 7
sub corrs 70
corrs 8
sub corrs 80
corrs 9
sub corrs 90
corrs 10
sub corrs 100
Optimization terminated successfully    (Exit mode 0)
            Current function value: 0.16410304930795838
            Iterations: 1
            Function evaluations: 2
            Gradient evaluations: 1
       rank  accuracy     error
0  0.924132  0.176471  0.164103
Optimization terminated successfully    (Exit mode 0)
            Current function value: 0.15697988754325254
            Iterations: 4
            Function evaluations: 26
            Gradient evaluations: 4
       rank  accuracy    error
0  0.921537  0.180147  0.15698
Optimization terminated successfully    (Exit mode 0)
            Current function value: 0.15808823529411753
            Iterations: 3
            Function evaluations: 23
            Gradient evaluations: 3
       rank  accuracy     error
0  0.924578  0.180147  0.158088
Optimization terminated successfully    (Exit mode 0)
            Current function value: 0.14649113321799304
            Iterations: 6
            Function evaluations: 50
            Gradient evaluations: 6
       rank  accuracy     error
0  0.923929  0.183824  0.146491
Optimization terminated successfully    (Exit mode 0)
            Current function value: 0.1495052984429065
            Iterations: 5
            Function evaluations: 42
            Gradient evaluations: 5
       rank  accuracy     error
0  0.922956  0.180147  0.149505
Optimization terminated successfully    (Exit mode 0)
            Current function value: 0.14941068339100338
            Iterations: 5
            Function evaluations: 49
            Gradient evaluations: 5
       rank  accuracy     error
0  0.923727  0.176471  0.149411
Optimization terminated successfully    (Exit mode 0)
            Current function value: 0.1443825692041522
            Iterations: 4
            Function evaluations: 45
            Gradient evaluations: 4
       rank  accuracy     error
0  0.921699  0.172794  0.144383
Optimization terminated successfully    (Exit mode 0)
            Current function value: 0.14754541522491343
            Iterations: 3
            Function evaluations: 38
            Gradient evaluations: 3
      rank  accuracy     error
0  0.92447  0.183824  0.147545
Optimization terminated successfully    (Exit mode 0)
            Current function value: 0.14215235726643594
            Iterations: 4
            Function evaluations: 54
            Gradient evaluations: 4
       rank  accuracy     error
0  0.924132    0.1875  0.142152
Optimization terminated successfully    (Exit mode 0)
            Current function value: 0.14613970588235284
            Iterations: 4
            Function evaluations: 56
            Gradient evaluations: 4
       rank  accuracy    error
0  0.923348  0.191176  0.14614
Optimization terminated successfully    (Exit mode 0)
            Current function value: 0.14173334775086496
            Iterations: 2
            Function evaluations: 35
            Gradient evaluations: 2
       rank  accuracy     error
0  0.922848  0.183824  0.141733
corrs 1
sub corrs 10
corrs 2
sub corrs 20
corrs 3
sub corrs 30
corrs 4
sub corrs 40
corrs 5
sub corrs 50
corrs 6
sub corrs 60
corrs 7
sub corrs 70
corrs 8
sub corrs 80
corrs 9
sub corrs 90
corrs 10
sub corrs 100
Optimization terminated successfully    (Exit mode 0)
            Current function value: 0.1651843641868511
            Iterations: 1
            Function evaluations: 2
            Gradient evaluations: 1
       rank  accuracy     error
0  0.923673  0.194853  0.165184
Optimization terminated successfully    (Exit mode 0)
            Current function value: 0.1664008434256054
            Iterations: 6
            Function evaluations: 18
            Gradient evaluations: 6
       rank  accuracy     error
0  0.923727  0.194853  0.166401
Optimization terminated successfully    (Exit mode 0)
            Current function value: 0.16618458044982687
            Iterations: 4
            Function evaluations: 28
            Gradient evaluations: 4
       rank  accuracy     error
0  0.923619  0.202206  0.166185
Optimization terminated successfully    (Exit mode 0)
            Current function value: 0.16327854671280262
            Iterations: 2
            Function evaluations: 21
            Gradient evaluations: 2
       rank  accuracy     error
0  0.919401  0.194853  0.163279
Optimization terminated successfully    (Exit mode 0)
            Current function value: 0.16062932525951543
            Iterations: 5
            Function evaluations: 41
            Gradient evaluations: 5
      rank  accuracy     error
0  0.92147  0.198529  0.160629
Optimization terminated successfully    (Exit mode 0)
            Current function value: 0.1605617430795847
            Iterations: 4
            Function evaluations: 40
            Gradient evaluations: 4
       rank  accuracy     error
0  0.923159  0.194853  0.160562
Optimization terminated successfully    (Exit mode 0)
            Current function value: 0.1587099913494808
            Iterations: 4
            Function evaluations: 44
            Gradient evaluations: 4
       rank  accuracy    error
0  0.920645    0.1875  0.15871
Optimization terminated successfully    (Exit mode 0)
            Current function value: 0.1632920631487888
            Iterations: 3
            Function evaluations: 39
            Gradient evaluations: 3
       rank  accuracy     error
0  0.922754  0.202206  0.163292
Optimization terminated successfully    (Exit mode 0)
            Current function value: 0.15857482698961922
            Iterations: 4
            Function evaluations: 52
            Gradient evaluations: 4
       rank  accuracy     error
0  0.922172  0.194853  0.158575
Optimization terminated successfully    (Exit mode 0)
            Current function value: 0.1582504325259514
            Iterations: 5
            Function evaluations: 66
            Gradient evaluations: 5
       rank  accuracy    error
0  0.921916  0.194853  0.15825
Optimization terminated successfully    (Exit mode 0)
            Current function value: 0.1521950692041521
            Iterations: 7
            Function evaluations: 100
            Gradient evaluations: 7
       rank  accuracy     error
0  0.921672  0.202206  0.152195
✨ Experiment complete. Results archived at: /mnt/beegfs/hellgate/home/tp183485/timecorr_trazzp/Cluster_Data/paragraph_100_10_10_isfc_MDS_5_mexican_hat.csv
