corrs 1
sub corrs 10
corrs 2
sub corrs 20
corrs 3
sub corrs 30
corrs 4
sub corrs 40
corrs 5
sub corrs 50
corrs 6
sub corrs 60
corrs 7
sub corrs 70
corrs 8
sub corrs 80
corrs 9
sub corrs 90
corrs 10
sub corrs 100
Optimization terminated successfully    (Exit mode 0)
            Current function value: 0.07503333333333341
            Iterations: 1
            Function evaluations: 2
            Gradient evaluations: 1
    rank  accuracy     error
0  0.964      0.25  0.075033
Optimization terminated successfully    (Exit mode 0)
            Current function value: 0.07584444444444453
            Iterations: 4
            Function evaluations: 23
            Gradient evaluations: 4
       rank  accuracy     error
0  0.957756      0.21  0.075844
Optimization terminated successfully    (Exit mode 0)
            Current function value: 0.06074444444444447
            Iterations: 5
            Function evaluations: 32
            Gradient evaluations: 5
       rank  accuracy     error
0  0.964989  0.243333  0.060744
Optimization terminated successfully    (Exit mode 0)
            Current function value: 0.05273333333333334
            Iterations: 9
            Function evaluations: 63
            Gradient evaluations: 9
       rank  accuracy     error
0  0.965856      0.24  0.052733
Optimization terminated successfully    (Exit mode 0)
            Current function value: 0.05206666666666667
            Iterations: 6
            Function evaluations: 49
            Gradient evaluations: 6
       rank  accuracy     error
0  0.966344  0.253333  0.052067
Optimization terminated successfully    (Exit mode 0)
            Current function value: 0.0623555555555556
            Iterations: 3
            Function evaluations: 32
            Gradient evaluations: 3
       rank  accuracy     error
0  0.966278  0.253333  0.062356
Optimization terminated successfully    (Exit mode 0)
            Current function value: 0.0472888888888889
            Iterations: 6
            Function evaluations: 62
            Gradient evaluations: 6
       rank  accuracy     error
0  0.967444  0.246667  0.047289
Optimization terminated successfully    (Exit mode 0)
            Current function value: 0.06477777777777782
            Iterations: 4
            Function evaluations: 47
            Gradient evaluations: 4
       rank  accuracy     error
0  0.965578  0.253333  0.064778
Optimization terminated successfully    (Exit mode 0)
            Current function value: 0.06312222222222225
            Iterations: 2
            Function evaluations: 31
            Gradient evaluations: 2
     rank  accuracy     error
0  0.9655      0.25  0.063122
Optimization terminated successfully    (Exit mode 0)
            Current function value: 0.06370000000000002
            Iterations: 2
            Function evaluations: 33
            Gradient evaluations: 2
     rank  accuracy   error
0  0.9657  0.266667  0.0637
Optimization terminated successfully    (Exit mode 0)
            Current function value: 0.04025555555555558
            Iterations: 7
            Function evaluations: 98
            Gradient evaluations: 7
       rank  accuracy     error
0  0.974756  0.283333  0.040256
corrs 1
sub corrs 10
corrs 2
sub corrs 20
corrs 3
sub corrs 30
corrs 4
sub corrs 40
corrs 5
sub corrs 50
corrs 6
sub corrs 60
corrs 7
sub corrs 70
corrs 8
sub corrs 80
corrs 9
sub corrs 90
corrs 10
sub corrs 100
Optimization terminated successfully    (Exit mode 0)
            Current function value: 0.09081111111111126
            Iterations: 1
            Function evaluations: 2
            Gradient evaluations: 1
       rank  accuracy     error
0  0.962778  0.246667  0.090811
Optimization terminated successfully    (Exit mode 0)
            Current function value: 0.07517777777777788
            Iterations: 6
            Function evaluations: 34
            Gradient evaluations: 6
       rank  accuracy     error
0  0.957822      0.23  0.075178
Optimization terminated successfully    (Exit mode 0)
            Current function value: 0.07973333333333349
            Iterations: 3
            Function evaluations: 25
            Gradient evaluations: 3
     rank  accuracy     error
0  0.9621      0.23  0.079733
Optimization terminated successfully    (Exit mode 0)
            Current function value: 0.05612222222222229
            Iterations: 6
            Function evaluations: 46
            Gradient evaluations: 6
       rank  accuracy     error
0  0.960533       0.2  0.056122
Optimization terminated successfully    (Exit mode 0)
            Current function value: 0.06281111111111119
            Iterations: 4
            Function evaluations: 35
            Gradient evaluations: 4
       rank  accuracy     error
0  0.959633  0.213333  0.062811
Optimization terminated successfully    (Exit mode 0)
            Current function value: 0.060866666666666756
            Iterations: 7
            Function evaluations: 64
            Gradient evaluations: 7
       rank  accuracy     error
0  0.960667      0.22  0.060867
Optimization terminated successfully    (Exit mode 0)
            Current function value: 0.05758888888888899
            Iterations: 7
            Function evaluations: 67
            Gradient evaluations: 7
       rank  accuracy     error
0  0.961767      0.22  0.057589
Optimization terminated successfully    (Exit mode 0)
            Current function value: 0.07115555555555562
            Iterations: 3
            Function evaluations: 38
            Gradient evaluations: 3
       rank  accuracy     error
0  0.964444  0.246667  0.071156
Optimization terminated successfully    (Exit mode 0)
            Current function value: 0.06396666666666671
            Iterations: 7
            Function evaluations: 85
            Gradient evaluations: 7
       rank  accuracy     error
0  0.964889  0.236667  0.063967
Optimization terminated successfully    (Exit mode 0)
            Current function value: 0.06605555555555562
            Iterations: 7
            Function evaluations: 91
            Gradient evaluations: 7
       rank  accuracy     error
0  0.965178  0.246667  0.066056
Optimization terminated successfully    (Exit mode 0)
            Current function value: 0.060222222222222295
            Iterations: 3
            Function evaluations: 47
            Gradient evaluations: 3
       rank  accuracy     error
0  0.967078      0.26  0.060222
✨ Experiment complete. Results archived at: /mnt/beegfs/hellgate/home/tp183485/timecorr_trazzp/Cluster_Data/intact_100_10_10_isfc_FactorAnalysis_40_laplace.csv
