corrs 1
sub corrs 10
corrs 2
sub corrs 20
corrs 3
sub corrs 30
corrs 4
sub corrs 40
corrs 5
sub corrs 50
corrs 6
sub corrs 60
corrs 7
sub corrs 70
corrs 8
sub corrs 80
corrs 9
sub corrs 90
corrs 10
sub corrs 100
Optimization terminated successfully    (Exit mode 0)
            Current function value: 0.18240430363321783
            Iterations: 1
            Function evaluations: 2
            Gradient evaluations: 1
       rank  accuracy     error
0  0.926349  0.147059  0.182404
Optimization terminated successfully    (Exit mode 0)
            Current function value: 0.1427065311418685
            Iterations: 3
            Function evaluations: 22
            Gradient evaluations: 3
       rank  accuracy     error
0  0.917401  0.150735  0.142707
Optimization terminated successfully    (Exit mode 0)
            Current function value: 0.14322015570934252
            Iterations: 6
            Function evaluations: 37
            Gradient evaluations: 6
       rank  accuracy    error
0  0.919131  0.154412  0.14322
Optimization terminated successfully    (Exit mode 0)
            Current function value: 0.12759515570934243
            Iterations: 3
            Function evaluations: 26
            Gradient evaluations: 3
       rank  accuracy     error
0  0.863376  0.099265  0.127595
Optimization terminated successfully    (Exit mode 0)
            Current function value: 0.1021707396193773
            Iterations: 5
            Function evaluations: 44
            Gradient evaluations: 5
       rank  accuracy     error
0  0.898208  0.121324  0.102171
Optimization terminated successfully    (Exit mode 0)
            Current function value: 0.10930741782006931
            Iterations: 2
            Function evaluations: 25
            Gradient evaluations: 2
       rank  accuracy     error
0  0.902465  0.132353  0.109307
Optimization terminated successfully    (Exit mode 0)
            Current function value: 0.09821042387543265
            Iterations: 7
            Function evaluations: 75
            Gradient evaluations: 7
       rank  accuracy    error
0  0.864471  0.084559  0.09821
Optimization terminated successfully    (Exit mode 0)
            Current function value: 0.09652086937716275
            Iterations: 5
            Function evaluations: 60
            Gradient evaluations: 5
       rank  accuracy     error
0  0.874189  0.106618  0.096521
Optimization terminated successfully    (Exit mode 0)
            Current function value: 0.08527519463667833
            Iterations: 7
            Function evaluations: 88
            Gradient evaluations: 7
       rank  accuracy     error
0  0.868296  0.117647  0.085275
Optimization terminated successfully    (Exit mode 0)
            Current function value: 0.08570772058823548
            Iterations: 5
            Function evaluations: 70
            Gradient evaluations: 5
       rank  accuracy     error
0  0.878758  0.132353  0.085708
Optimization terminated successfully    (Exit mode 0)
            Current function value: 0.07327259948096895
            Iterations: 6
            Function evaluations: 90
            Gradient evaluations: 6
       rank  accuracy     error
0  0.904696  0.139706  0.073273
corrs 1
sub corrs 10
corrs 2
sub corrs 20
corrs 3
sub corrs 30
corrs 4
sub corrs 40
corrs 5
sub corrs 50
corrs 6
sub corrs 60
corrs 7
sub corrs 70
corrs 8
sub corrs 80
corrs 9
sub corrs 90
corrs 10
sub corrs 100
Optimization terminated successfully    (Exit mode 0)
            Current function value: 0.18318825692041507
            Iterations: 1
            Function evaluations: 2
            Gradient evaluations: 1
       rank  accuracy     error
0  0.929323  0.154412  0.183188
Optimization terminated successfully    (Exit mode 0)
            Current function value: 0.154479346885813
            Iterations: 1
            Function evaluations: 14
            Gradient evaluations: 1
       rank  accuracy     error
0  0.928904  0.132353  0.154479
Optimization terminated successfully    (Exit mode 0)
            Current function value: 0.1590479022491348
            Iterations: 4
            Function evaluations: 27
            Gradient evaluations: 4
       rank  accuracy     error
0  0.911265  0.121324  0.159048
Optimization terminated successfully    (Exit mode 0)
            Current function value: 0.12229671280276812
            Iterations: 2
            Function evaluations: 21
            Gradient evaluations: 2
       rank  accuracy     error
0  0.882731  0.095588  0.122297
Optimization terminated successfully    (Exit mode 0)
            Current function value: 0.10740160034602093
            Iterations: 3
            Function evaluations: 31
            Gradient evaluations: 3
       rank  accuracy     error
0  0.878325  0.106618  0.107402
Optimization terminated successfully    (Exit mode 0)
            Current function value: 0.0938310986159171
            Iterations: 6
            Function evaluations: 58
            Gradient evaluations: 6
       rank  accuracy     error
0  0.891098  0.121324  0.093831
Optimization terminated successfully    (Exit mode 0)
            Current function value: 0.09133055795847767
            Iterations: 5
            Function evaluations: 55
            Gradient evaluations: 5
       rank  accuracy     error
0  0.921253  0.165441  0.091331
Optimization terminated successfully    (Exit mode 0)
            Current function value: 0.08282871972318356
            Iterations: 9
            Function evaluations: 102
            Gradient evaluations: 9
       rank  accuracy     error
0  0.889882  0.113971  0.082829
Optimization terminated successfully    (Exit mode 0)
            Current function value: 0.0915603373702424
            Iterations: 4
            Function evaluations: 52
            Gradient evaluations: 4
       rank  accuracy    error
0  0.895599  0.113971  0.09156
Optimization terminated successfully    (Exit mode 0)
            Current function value: 0.08949232266435998
            Iterations: 5
            Function evaluations: 72
            Gradient evaluations: 5
       rank  accuracy     error
0  0.927079  0.150735  0.089492
Optimization terminated successfully    (Exit mode 0)
            Current function value: 0.07339424740484445
            Iterations: 5
            Function evaluations: 76
            Gradient evaluations: 5
       rank  accuracy     error
0  0.882907  0.121324  0.073394
✨ Experiment complete. Results archived at: /mnt/beegfs/hellgate/home/tp183485/timecorr_trazzp/Cluster_Data/paragraph_100_10_10_isfc_SpectralEmbedding_40_mexican_hat.csv
