corrs 1
sub corrs 10
corrs 2
sub corrs 20
corrs 3
sub corrs 30
corrs 4
sub corrs 40
corrs 5
sub corrs 50
corrs 6
sub corrs 60
corrs 7
sub corrs 70
corrs 8
sub corrs 80
corrs 9
sub corrs 90
corrs 10
sub corrs 100
Optimization terminated successfully    (Exit mode 0)
            Current function value: 0.10526666666666679
            Iterations: 1
            Function evaluations: 2
            Gradient evaluations: 1
       rank  accuracy     error
0  0.960956  0.266667  0.105267
Optimization terminated successfully    (Exit mode 0)
            Current function value: 0.09031111111111124
            Iterations: 5
            Function evaluations: 30
            Gradient evaluations: 5
       rank  accuracy     error
0  0.960367  0.273333  0.090311
Optimization terminated successfully    (Exit mode 0)
            Current function value: 0.07303333333333341
            Iterations: 5
            Function evaluations: 32
            Gradient evaluations: 5
       rank  accuracy     error
0  0.958856  0.273333  0.073033
Optimization terminated successfully    (Exit mode 0)
            Current function value: 0.07006666666666674
            Iterations: 4
            Function evaluations: 31
            Gradient evaluations: 4
       rank  accuracy     error
0  0.960622  0.276667  0.070067
Optimization terminated successfully    (Exit mode 0)
            Current function value: 0.06525555555555561
            Iterations: 10
            Function evaluations: 79
            Gradient evaluations: 10
       rank  accuracy     error
0  0.959089  0.276667  0.065256
Optimization terminated successfully    (Exit mode 0)
            Current function value: 0.07008888888888895
            Iterations: 5
            Function evaluations: 48
            Gradient evaluations: 5
       rank  accuracy     error
0  0.959822  0.273333  0.070089
Optimization terminated successfully    (Exit mode 0)
            Current function value: 0.07058888888888892
            Iterations: 3
            Function evaluations: 36
            Gradient evaluations: 3
       rank  accuracy     error
0  0.957756      0.28  0.070589
Optimization terminated successfully    (Exit mode 0)
            Current function value: 0.07241111111111119
            Iterations: 4
            Function evaluations: 47
            Gradient evaluations: 4
       rank  accuracy     error
0  0.960033  0.276667  0.072411
Optimization terminated successfully    (Exit mode 0)
            Current function value: 0.06691111111111116
            Iterations: 6
            Function evaluations: 71
            Gradient evaluations: 6
       rank  accuracy     error
0  0.958944      0.28  0.066911
Optimization terminated successfully    (Exit mode 0)
            Current function value: 0.07408888888888895
            Iterations: 3
            Function evaluations: 44
            Gradient evaluations: 3
       rank  accuracy     error
0  0.962956      0.29  0.074089
Optimization terminated successfully    (Exit mode 0)
            Current function value: 0.0721111111111112
            Iterations: 4
            Function evaluations: 62
            Gradient evaluations: 4
       rank  accuracy     error
0  0.960078      0.28  0.072111
corrs 1
sub corrs 10
corrs 2
sub corrs 20
corrs 3
sub corrs 30
corrs 4
sub corrs 40
corrs 5
sub corrs 50
corrs 6
sub corrs 60
corrs 7
sub corrs 70
corrs 8
sub corrs 80
corrs 9
sub corrs 90
corrs 10
sub corrs 100
Optimization terminated successfully    (Exit mode 0)
            Current function value: 0.09080000000000009
            Iterations: 1
            Function evaluations: 2
            Gradient evaluations: 1
       rank  accuracy   error
0  0.962611       0.3  0.0908
Optimization terminated successfully    (Exit mode 0)
            Current function value: 0.09080000000000009
            Iterations: 3
            Function evaluations: 9
            Gradient evaluations: 3
       rank  accuracy   error
0  0.962611       0.3  0.0908
Optimization terminated successfully    (Exit mode 0)
            Current function value: 0.06558888888888895
            Iterations: 4
            Function evaluations: 30
            Gradient evaluations: 4
       rank  accuracy     error
0  0.962811  0.293333  0.065589
Optimization terminated successfully    (Exit mode 0)
            Current function value: 0.06423333333333339
            Iterations: 4
            Function evaluations: 31
            Gradient evaluations: 4
       rank  accuracy     error
0  0.962922  0.293333  0.064233
Optimization terminated successfully    (Exit mode 0)
            Current function value: 0.07036666666666672
            Iterations: 9
            Function evaluations: 73
            Gradient evaluations: 9
       rank  accuracy     error
0  0.962156  0.283333  0.070367
Optimization terminated successfully    (Exit mode 0)
            Current function value: 0.06905555555555565
            Iterations: 5
            Function evaluations: 47
            Gradient evaluations: 5
     rank  accuracy     error
0  0.9637      0.29  0.069056
Optimization terminated successfully    (Exit mode 0)
            Current function value: 0.07037777777777787
            Iterations: 4
            Function evaluations: 43
            Gradient evaluations: 4
       rank  accuracy     error
0  0.963611  0.293333  0.070378
Optimization terminated successfully    (Exit mode 0)
            Current function value: 0.06971111111111118
            Iterations: 5
            Function evaluations: 57
            Gradient evaluations: 5
       rank  accuracy     error
0  0.963444  0.296667  0.069711
Optimization terminated successfully    (Exit mode 0)
            Current function value: 0.07027777777777787
            Iterations: 6
            Function evaluations: 72
            Gradient evaluations: 6
       rank  accuracy     error
0  0.963422  0.293333  0.070278
Optimization terminated successfully    (Exit mode 0)
            Current function value: 0.06997777777777786
            Iterations: 8
            Function evaluations: 100
            Gradient evaluations: 8
     rank  accuracy     error
0  0.9634  0.293333  0.069978
Optimization terminated successfully    (Exit mode 0)
            Current function value: 0.06356666666666672
            Iterations: 9
            Function evaluations: 120
            Gradient evaluations: 9
       rank  accuracy     error
0  0.963033  0.293333  0.063567
✨ Experiment complete. Results archived at: /mnt/beegfs/hellgate/home/tp183485/timecorr_trazzp/Cluster_Data/intact_100_10_10_isfc_KernelPCA_40_gaussian.csv
