corrs 1
sub corrs 10
corrs 2
sub corrs 20
corrs 3
sub corrs 30
corrs 4
sub corrs 40
corrs 5
sub corrs 50
corrs 6
sub corrs 60
corrs 7
sub corrs 70
corrs 8
sub corrs 80
corrs 9
sub corrs 90
corrs 10
sub corrs 100
Optimization terminated successfully    (Exit mode 0)
            Current function value: 0.20032709775086488
            Iterations: 1
            Function evaluations: 2
            Gradient evaluations: 1
       rank  accuracy     error
0  0.905547  0.147059  0.200327
Optimization terminated successfully    (Exit mode 0)
            Current function value: 0.5617160467128022
            Iterations: 1
            Function evaluations: 14
            Gradient evaluations: 1
       rank  accuracy     error
0  0.373865       0.0  0.561716
Optimization terminated successfully    (Exit mode 0)
            Current function value: 0.5034602076124564
            Iterations: 6
            Function evaluations: 35
            Gradient evaluations: 6
       rank  accuracy    error
0  0.265666       0.0  0.50346
Optimization terminated successfully    (Exit mode 0)
            Current function value: 0.5043793252595155
            Iterations: 13
            Function evaluations: 77
            Gradient evaluations: 13
       rank  accuracy     error
0  0.252149       0.0  0.504379
Optimization terminated successfully    (Exit mode 0)
            Current function value: 0.5032169117647056
            Iterations: 10
            Function evaluations: 71
            Gradient evaluations: 10
       rank  accuracy     error
0  0.252676       0.0  0.503217
Optimization terminated successfully    (Exit mode 0)
            Current function value: 0.039549091695501776
            Iterations: 4
            Function evaluations: 44
            Gradient evaluations: 4
       rank  accuracy     error
0  0.884178  0.080882  0.039549
Optimization terminated successfully    (Exit mode 0)
            Current function value: 0.03412900086505195
            Iterations: 17
            Function evaluations: 159
            Gradient evaluations: 17
       rank  accuracy     error
0  0.928795  0.180147  0.034129
Optimization terminated successfully    (Exit mode 0)
            Current function value: 0.044185229238754356
            Iterations: 6
            Function evaluations: 67
            Gradient evaluations: 6
      rank  accuracy     error
0  0.86858  0.047794  0.044185
Optimization terminated successfully    (Exit mode 0)
            Current function value: 0.035372512975778626
            Iterations: 6
            Function evaluations: 71
            Gradient evaluations: 6
       rank  accuracy     error
0  0.896599  0.110294  0.035373
Optimization terminated successfully    (Exit mode 0)
            Current function value: 0.037224264705882415
            Iterations: 10
            Function evaluations: 129
            Gradient evaluations: 10
       rank  accuracy     error
0  0.893801  0.128676  0.037224
Optimization terminated successfully    (Exit mode 0)
            Current function value: 0.036683607266436054
            Iterations: 7
            Function evaluations: 97
            Gradient evaluations: 7
       rank  accuracy     error
0  0.865119    0.0625  0.036684
corrs 1
sub corrs 10
corrs 2
sub corrs 20
corrs 3
sub corrs 30
corrs 4
sub corrs 40
corrs 5
sub corrs 50
corrs 6
sub corrs 60
corrs 7
sub corrs 70
corrs 8
sub corrs 80
corrs 9
sub corrs 90
corrs 10
sub corrs 100
Optimization terminated successfully    (Exit mode 0)
            Current function value: 0.17767355103806212
            Iterations: 1
            Function evaluations: 2
            Gradient evaluations: 1
       rank  accuracy     error
0  0.907385  0.110294  0.177674
Optimization terminated successfully    (Exit mode 0)
            Current function value: 0.5498215830449825
            Iterations: 5
            Function evaluations: 15
            Gradient evaluations: 5
       rank  accuracy     error
0  0.309999       0.0  0.549822
Optimization terminated successfully    (Exit mode 0)
            Current function value: 0.5095290873702423
            Iterations: 7
            Function evaluations: 39
            Gradient evaluations: 7
       rank  accuracy     error
0  0.252825       0.0  0.509529
Optimization terminated successfully    (Exit mode 0)
            Current function value: 0.5141517084775086
            Iterations: 3
            Function evaluations: 26
            Gradient evaluations: 3
       rank  accuracy     error
0  0.261813       0.0  0.514152
Optimization terminated successfully    (Exit mode 0)
            Current function value: 0.5138408304498271
            Iterations: 3
            Function evaluations: 29
            Gradient evaluations: 3
       rank  accuracy     error
0  0.261056       0.0  0.513841
Optimization terminated successfully    (Exit mode 0)
            Current function value: 0.03719723183391009
            Iterations: 8
            Function evaluations: 70
            Gradient evaluations: 8
       rank  accuracy     error
0  0.878028  0.069853  0.037197
Optimization terminated successfully    (Exit mode 0)
            Current function value: 0.03089857266435992
            Iterations: 12
            Function evaluations: 110
            Gradient evaluations: 12
       rank  accuracy     error
0  0.906223  0.139706  0.030899
Optimization terminated successfully    (Exit mode 0)
            Current function value: 0.032128568339100404
            Iterations: 9
            Function evaluations: 94
            Gradient evaluations: 9
       rank  accuracy     error
0  0.906669  0.139706  0.032129
Optimization terminated successfully    (Exit mode 0)
            Current function value: 0.032196150519031186
            Iterations: 8
            Function evaluations: 97
            Gradient evaluations: 8
       rank  accuracy     error
0  0.900127  0.132353  0.032196
Optimization terminated successfully    (Exit mode 0)
            Current function value: 0.030628243944636747
            Iterations: 9
            Function evaluations: 113
            Gradient evaluations: 9
       rank  accuracy     error
0  0.910913  0.139706  0.030628
Optimization terminated successfully    (Exit mode 0)
            Current function value: 0.03410196799307963
            Iterations: 11
            Function evaluations: 146
            Gradient evaluations: 11
       rank  accuracy     error
0  0.898546  0.117647  0.034102
✨ Experiment complete. Results archived at: /mnt/beegfs/hellgate/home/tp183485/timecorr_trazzp/Cluster_Data/paragraph_100_10_10_isfc_Isomap_20_mexican_hat.csv
