corrs 1
sub corrs 10
corrs 2
sub corrs 20
corrs 3
sub corrs 30
corrs 4
sub corrs 40
corrs 5
sub corrs 50
corrs 6
sub corrs 60
corrs 7
sub corrs 70
corrs 8
sub corrs 80
corrs 9
sub corrs 90
corrs 10
sub corrs 100
Optimization terminated successfully    (Exit mode 0)
            Current function value: 0.07214444444444455
            Iterations: 1
            Function evaluations: 2
            Gradient evaluations: 1
       rank  accuracy     error
0  0.970511  0.296667  0.072144
Optimization terminated successfully    (Exit mode 0)
            Current function value: 0.07224444444444456
            Iterations: 3
            Function evaluations: 20
            Gradient evaluations: 3
       rank  accuracy     error
0  0.970322  0.296667  0.072244
Optimization terminated successfully    (Exit mode 0)
            Current function value: 0.07214444444444455
            Iterations: 4
            Function evaluations: 27
            Gradient evaluations: 4
       rank  accuracy     error
0  0.970489  0.296667  0.072144
Optimization terminated successfully    (Exit mode 0)
            Current function value: 0.07214444444444455
            Iterations: 10
            Function evaluations: 61
            Gradient evaluations: 10
       rank  accuracy     error
0  0.970467  0.296667  0.072144
Optimization terminated successfully    (Exit mode 0)
            Current function value: 0.07224444444444456
            Iterations: 5
            Function evaluations: 42
            Gradient evaluations: 5
       rank  accuracy     error
0  0.970322  0.296667  0.072244
Optimization terminated successfully    (Exit mode 0)
            Current function value: 0.38764444444444435
            Iterations: 5
            Function evaluations: 46
            Gradient evaluations: 5
       rank  accuracy     error
0  0.994444      0.08  0.387644
Optimization terminated successfully    (Exit mode 0)
            Current function value: 0.4983333333333334
            Iterations: 1
            Function evaluations: 8
            Gradient evaluations: 1
   rank  accuracy     error
0   1.0  0.003333  0.498333
Optimization terminated successfully    (Exit mode 0)
            Current function value: 0.4983333333333334
            Iterations: 1
            Function evaluations: 9
            Gradient evaluations: 1
   rank  accuracy     error
0   1.0  0.003333  0.498333
Optimization terminated successfully    (Exit mode 0)
            Current function value: 0.4983333333333334
            Iterations: 1
            Function evaluations: 10
            Gradient evaluations: 1
   rank  accuracy     error
0   1.0  0.003333  0.498333
Optimization terminated successfully    (Exit mode 0)
            Current function value: 0.4983333333333334
            Iterations: 1
            Function evaluations: 11
            Gradient evaluations: 1
   rank  accuracy     error
0   1.0  0.003333  0.498333
Optimization terminated successfully    (Exit mode 0)
            Current function value: 0.4983333333333334
            Iterations: 1
            Function evaluations: 12
            Gradient evaluations: 1
   rank  accuracy     error
0   1.0  0.003333  0.498333
corrs 1
sub corrs 10
corrs 2
sub corrs 20
corrs 3
sub corrs 30
corrs 4
sub corrs 40
corrs 5
sub corrs 50
corrs 6
sub corrs 60
corrs 7
sub corrs 70
corrs 8
sub corrs 80
corrs 9
sub corrs 90
corrs 10
sub corrs 100
Optimization terminated successfully    (Exit mode 0)
            Current function value: 0.07615555555555578
            Iterations: 1
            Function evaluations: 2
            Gradient evaluations: 1
   rank  accuracy     error
0  0.97      0.27  0.076156
Optimization terminated successfully    (Exit mode 0)
            Current function value: 0.07615555555555578
            Iterations: 4
            Function evaluations: 12
            Gradient evaluations: 4
   rank  accuracy     error
0  0.97      0.27  0.076156
Optimization terminated successfully    (Exit mode 0)
            Current function value: 0.07614444444444467
            Iterations: 4
            Function evaluations: 27
            Gradient evaluations: 4
       rank  accuracy     error
0  0.969933      0.27  0.076144
Optimization terminated successfully    (Exit mode 0)
            Current function value: 0.07615555555555578
            Iterations: 7
            Function evaluations: 35
            Gradient evaluations: 7
   rank  accuracy     error
0  0.97      0.27  0.076156
Optimization terminated successfully    (Exit mode 0)
            Current function value: 0.07615555555555578
            Iterations: 6
            Function evaluations: 38
            Gradient evaluations: 6
   rank  accuracy     error
0  0.97      0.27  0.076156
Optimization terminated successfully    (Exit mode 0)
            Current function value: 0.4295
            Iterations: 3
            Function evaluations: 32
            Gradient evaluations: 3
     rank  accuracy   error
0  0.9981  0.043333  0.4295
Optimization terminated successfully    (Exit mode 0)
            Current function value: 0.4983333333333334
            Iterations: 1
            Function evaluations: 8
            Gradient evaluations: 1
   rank  accuracy     error
0   1.0  0.003333  0.498333
Optimization terminated successfully    (Exit mode 0)
            Current function value: 0.4983333333333334
            Iterations: 1
            Function evaluations: 9
            Gradient evaluations: 1
   rank  accuracy     error
0   1.0  0.003333  0.498333
Optimization terminated successfully    (Exit mode 0)
            Current function value: 0.4983333333333334
            Iterations: 1
            Function evaluations: 10
            Gradient evaluations: 1
   rank  accuracy     error
0   1.0  0.003333  0.498333
Optimization terminated successfully    (Exit mode 0)
            Current function value: 0.4983333333333334
            Iterations: 1
            Function evaluations: 11
            Gradient evaluations: 1
   rank  accuracy     error
0   1.0  0.003333  0.498333
Optimization terminated successfully    (Exit mode 0)
            Current function value: 0.4983333333333334
            Iterations: 1
            Function evaluations: 12
            Gradient evaluations: 1
   rank  accuracy     error
0   1.0  0.003333  0.498333
✨ Experiment complete. Results archived at: /mnt/beegfs/hellgate/home/tp183485/timecorr_trazzp/Cluster_Data/intact_100_10_10_isfc_DictionaryLearning_50_laplace.csv
