corrs 1
sub corrs 10
corrs 2
sub corrs 20
corrs 3
sub corrs 30
corrs 4
sub corrs 40
corrs 5
sub corrs 50
corrs 6
sub corrs 60
corrs 7
sub corrs 70
corrs 8
sub corrs 80
corrs 9
sub corrs 90
corrs 10
sub corrs 100
Optimization terminated successfully    (Exit mode 0)
            Current function value: 0.17607861159169524
            Iterations: 1
            Function evaluations: 2
            Gradient evaluations: 1
       rank  accuracy     error
0  0.915198  0.183824  0.176079
Optimization terminated successfully    (Exit mode 0)
            Current function value: 0.17607861159169524
            Iterations: 4
            Function evaluations: 12
            Gradient evaluations: 4
       rank  accuracy     error
0  0.915198  0.183824  0.176079
Optimization terminated successfully    (Exit mode 0)
            Current function value: 0.17607861159169524
            Iterations: 5
            Function evaluations: 31
            Gradient evaluations: 5
       rank  accuracy     error
0  0.915198  0.183824  0.176079
Optimization terminated successfully    (Exit mode 0)
            Current function value: 0.17607861159169524
            Iterations: 6
            Function evaluations: 30
            Gradient evaluations: 6
       rank  accuracy     error
0  0.915198  0.183824  0.176079
Optimization terminated successfully    (Exit mode 0)
            Current function value: 0.1656844723183389
            Iterations: 9
            Function evaluations: 69
            Gradient evaluations: 9
       rank  accuracy     error
0  0.868999  0.106618  0.165684
Optimization terminated successfully    (Exit mode 0)
            Current function value: 0.16973940311418656
            Iterations: 6
            Function evaluations: 56
            Gradient evaluations: 6
       rank  accuracy     error
0  0.903371  0.136029  0.169739
Optimization terminated successfully    (Exit mode 0)
            Current function value: 0.12714911332179915
            Iterations: 9
            Function evaluations: 87
            Gradient evaluations: 9
       rank  accuracy     error
0  0.884015  0.132353  0.127149
Optimization terminated successfully    (Exit mode 0)
            Current function value: 0.14499080882352924
            Iterations: 5
            Function evaluations: 56
            Gradient evaluations: 5
       rank  accuracy     error
0  0.895761  0.113971  0.144991
Optimization terminated successfully    (Exit mode 0)
            Current function value: 0.1399626946366781
            Iterations: 4
            Function evaluations: 52
            Gradient evaluations: 4
       rank  accuracy     error
0  0.828679  0.069853  0.139963
Optimization terminated successfully    (Exit mode 0)
            Current function value: 0.14631541955017288
            Iterations: 3
            Function evaluations: 44
            Gradient evaluations: 3
       rank  accuracy     error
0  0.736105  0.011029  0.146315
Optimization terminated successfully    (Exit mode 0)
            Current function value: 0.11952584342560565
            Iterations: 6
            Function evaluations: 83
            Gradient evaluations: 6
       rank  accuracy     error
0  0.899221     0.125  0.119526
corrs 1
sub corrs 10
corrs 2
sub corrs 20
corrs 3
sub corrs 30
corrs 4
sub corrs 40
corrs 5
sub corrs 50
corrs 6
sub corrs 60
corrs 7
sub corrs 70
corrs 8
sub corrs 80
corrs 9
sub corrs 90
corrs 10
sub corrs 100
Optimization terminated successfully    (Exit mode 0)
            Current function value: 0.1583450475778545
            Iterations: 1
            Function evaluations: 2
            Gradient evaluations: 1
       rank  accuracy     error
0  0.918509  0.158088  0.158345
Optimization terminated successfully    (Exit mode 0)
            Current function value: 0.1583450475778545
            Iterations: 3
            Function evaluations: 9
            Gradient evaluations: 3
       rank  accuracy     error
0  0.918509  0.158088  0.158345
Optimization terminated successfully    (Exit mode 0)
            Current function value: 0.1583450475778545
            Iterations: 3
            Function evaluations: 12
            Gradient evaluations: 3
       rank  accuracy     error
0  0.918509  0.158088  0.158345
Optimization terminated successfully    (Exit mode 0)
            Current function value: 0.1583855968858129
            Iterations: 10
            Function evaluations: 51
            Gradient evaluations: 10
       rank  accuracy     error
0  0.918793  0.154412  0.158386
Optimization terminated successfully    (Exit mode 0)
            Current function value: 0.140719615051903
            Iterations: 10
            Function evaluations: 76
            Gradient evaluations: 10
       rank  accuracy    error
0  0.919496  0.169118  0.14072
Optimization terminated successfully    (Exit mode 0)
            Current function value: 0.1477481617647058
            Iterations: 6
            Function evaluations: 55
            Gradient evaluations: 6
       rank  accuracy     error
0  0.918766  0.169118  0.147748
Optimization terminated successfully    (Exit mode 0)
            Current function value: 0.11186202422145332
            Iterations: 9
            Function evaluations: 84
            Gradient evaluations: 9
       rank  accuracy     error
0  0.891531  0.143382  0.111862
Optimization terminated successfully    (Exit mode 0)
            Current function value: 0.11340289792387545
            Iterations: 8
            Function evaluations: 84
            Gradient evaluations: 8
       rank  accuracy     error
0  0.893044  0.139706  0.113403
Optimization terminated successfully    (Exit mode 0)
            Current function value: 0.11382190743944637
            Iterations: 11
            Function evaluations: 123
            Gradient evaluations: 11
       rank  accuracy     error
0  0.904141  0.150735  0.113822
Optimization terminated successfully    (Exit mode 0)
            Current function value: 0.13102833044982692
            Iterations: 7
            Function evaluations: 94
            Gradient evaluations: 7
      rank  accuracy     error
0  0.89349  0.161765  0.131028
Optimization terminated successfully    (Exit mode 0)
            Current function value: 0.1131055363321799
            Iterations: 6
            Function evaluations: 83
            Gradient evaluations: 6
       rank  accuracy     error
0  0.734537  0.029412  0.113106
✨ Experiment complete. Results archived at: /mnt/beegfs/hellgate/home/tp183485/timecorr_trazzp/Cluster_Data/paragraph_100_10_10_isfc_KernelPCA_35_gaussian.csv
