corrs 1
sub corrs 10
corrs 2
sub corrs 20
corrs 3
sub corrs 30
corrs 4
sub corrs 40
corrs 5
sub corrs 50
corrs 6
sub corrs 60
corrs 7
sub corrs 70
corrs 8
sub corrs 80
corrs 9
sub corrs 90
corrs 10
sub corrs 100
Optimization terminated successfully    (Exit mode 0)
            Current function value: 0.09504444444444453
            Iterations: 1
            Function evaluations: 2
            Gradient evaluations: 1
       rank  accuracy     error
0  0.952422  0.263333  0.095044
Optimization terminated successfully    (Exit mode 0)
            Current function value: 0.09504444444444453
            Iterations: 3
            Function evaluations: 9
            Gradient evaluations: 3
       rank  accuracy     error
0  0.952422  0.263333  0.095044
Optimization terminated successfully    (Exit mode 0)
            Current function value: 0.09327777777777786
            Iterations: 4
            Function evaluations: 27
            Gradient evaluations: 4
       rank  accuracy     error
0  0.952644  0.263333  0.093278
Optimization terminated successfully    (Exit mode 0)
            Current function value: 0.09327777777777786
            Iterations: 4
            Function evaluations: 31
            Gradient evaluations: 4
       rank  accuracy     error
0  0.952667  0.263333  0.093278
Optimization terminated successfully    (Exit mode 0)
            Current function value: 0.09262222222222231
            Iterations: 3
            Function evaluations: 29
            Gradient evaluations: 3
       rank  accuracy     error
0  0.952922  0.266667  0.092622
Optimization terminated successfully    (Exit mode 0)
            Current function value: 0.09315555555555563
            Iterations: 6
            Function evaluations: 53
            Gradient evaluations: 6
       rank  accuracy     error
0  0.952656  0.266667  0.093156
Optimization terminated successfully    (Exit mode 0)
            Current function value: 0.09497777777777786
            Iterations: 3
            Function evaluations: 35
            Gradient evaluations: 3
       rank  accuracy     error
0  0.952622  0.266667  0.094978
Optimization terminated successfully    (Exit mode 0)
            Current function value: 0.09082222222222232
            Iterations: 6
            Function evaluations: 66
            Gradient evaluations: 6
     rank  accuracy     error
0  0.9526  0.273333  0.090822
Optimization terminated successfully    (Exit mode 0)
            Current function value: 0.09120000000000009
            Iterations: 9
            Function evaluations: 103
            Gradient evaluations: 9
       rank  accuracy   error
0  0.952711  0.276667  0.0912
Optimization terminated successfully    (Exit mode 0)
            Current function value: 0.09473333333333343
            Iterations: 4
            Function evaluations: 55
            Gradient evaluations: 4
       rank  accuracy     error
0  0.953044  0.263333  0.094733
Optimization terminated successfully    (Exit mode 0)
            Current function value: 0.09378888888888898
            Iterations: 5
            Function evaluations: 73
            Gradient evaluations: 5
     rank  accuracy     error
0  0.9526  0.276667  0.093789
corrs 1
sub corrs 10
corrs 2
sub corrs 20
corrs 3
sub corrs 30
corrs 4
sub corrs 40
corrs 5
sub corrs 50
corrs 6
sub corrs 60
corrs 7
sub corrs 70
corrs 8
sub corrs 80
corrs 9
sub corrs 90
corrs 10
sub corrs 100
Optimization terminated successfully    (Exit mode 0)
            Current function value: 0.08677777777777786
            Iterations: 1
            Function evaluations: 2
            Gradient evaluations: 1
       rank  accuracy     error
0  0.954778  0.256667  0.086778
Optimization terminated successfully    (Exit mode 0)
            Current function value: 0.08146666666666673
            Iterations: 6
            Function evaluations: 29
            Gradient evaluations: 6
       rank  accuracy     error
0  0.954478  0.256667  0.081467
Optimization terminated successfully    (Exit mode 0)
            Current function value: 0.08167777777777784
            Iterations: 4
            Function evaluations: 27
            Gradient evaluations: 4
     rank  accuracy     error
0  0.9545  0.256667  0.081678
Optimization terminated successfully    (Exit mode 0)
            Current function value: 0.08167777777777784
            Iterations: 4
            Function evaluations: 31
            Gradient evaluations: 4
       rank  accuracy     error
0  0.954567  0.256667  0.081678
Optimization terminated successfully    (Exit mode 0)
            Current function value: 0.08187777777777784
            Iterations: 4
            Function evaluations: 35
            Gradient evaluations: 4
       rank  accuracy     error
0  0.955122      0.26  0.081878
Optimization terminated successfully    (Exit mode 0)
            Current function value: 0.08413333333333338
            Iterations: 3
            Function evaluations: 32
            Gradient evaluations: 3
       rank  accuracy     error
0  0.956367  0.256667  0.084133
Optimization terminated successfully    (Exit mode 0)
            Current function value: 0.08413333333333337
            Iterations: 4
            Function evaluations: 43
            Gradient evaluations: 4
       rank  accuracy     error
0  0.956678      0.26  0.084133
Optimization terminated successfully    (Exit mode 0)
            Current function value: 0.08167777777777784
            Iterations: 4
            Function evaluations: 47
            Gradient evaluations: 4
       rank  accuracy     error
0  0.955078  0.256667  0.081678
Optimization terminated successfully    (Exit mode 0)
            Current function value: 0.08211111111111118
            Iterations: 4
            Function evaluations: 51
            Gradient evaluations: 4
       rank  accuracy     error
0  0.955878  0.263333  0.082111
Optimization terminated successfully    (Exit mode 0)
            Current function value: 0.08211111111111118
            Iterations: 5
            Function evaluations: 66
            Gradient evaluations: 5
       rank  accuracy     error
0  0.955789  0.263333  0.082111
Optimization terminated successfully    (Exit mode 0)
            Current function value: 0.08142222222222228
            Iterations: 5
            Function evaluations: 73
            Gradient evaluations: 5
       rank  accuracy     error
0  0.954933  0.263333  0.081422
✨ Experiment complete. Results archived at: /mnt/beegfs/hellgate/home/tp183485/timecorr_trazzp/Cluster_Data/intact_100_10_10_isfc_FastICA_15_mexican_hat.csv
