corrs 1
sub corrs 10
corrs 2
sub corrs 20
corrs 3
sub corrs 30
corrs 4
sub corrs 40
corrs 5
sub corrs 50
corrs 6
sub corrs 60
corrs 7
sub corrs 70
corrs 8
sub corrs 80
corrs 9
sub corrs 90
corrs 10
sub corrs 100
Optimization terminated successfully    (Exit mode 0)
            Current function value: 0.10308888888888908
            Iterations: 1
            Function evaluations: 2
            Gradient evaluations: 1
       rank  accuracy     error
0  0.956467  0.233333  0.103089
Optimization terminated successfully    (Exit mode 0)
            Current function value: 0.019099999999999968
            Iterations: 2
            Function evaluations: 17
            Gradient evaluations: 2
       rank  accuracy   error
0  0.947478      0.26  0.0191
Optimization terminated successfully    (Exit mode 0)
            Current function value: 0.018811111111111077
            Iterations: 5
            Function evaluations: 31
            Gradient evaluations: 5
       rank  accuracy     error
0  0.950878  0.256667  0.018811
Optimization terminated successfully    (Exit mode 0)
            Current function value: 0.01885555555555552
            Iterations: 6
            Function evaluations: 42
            Gradient evaluations: 6
       rank  accuracy     error
0  0.957844      0.27  0.018856
Optimization terminated successfully    (Exit mode 0)
            Current function value: 0.016199999999999982
            Iterations: 5
            Function evaluations: 42
            Gradient evaluations: 5
       rank  accuracy   error
0  0.978444  0.256667  0.0162
Optimization terminated successfully    (Exit mode 0)
            Current function value: 0.014399999999999994
            Iterations: 5
            Function evaluations: 48
            Gradient evaluations: 5
       rank  accuracy   error
0  0.975411  0.276667  0.0144
Optimization terminated successfully    (Exit mode 0)
            Current function value: 0.015744444444444432
            Iterations: 6
            Function evaluations: 59
            Gradient evaluations: 6
     rank  accuracy     error
0  0.9634  0.283333  0.015744
Optimization terminated successfully    (Exit mode 0)
            Current function value: 0.019055555555555513
            Iterations: 9
            Function evaluations: 93
            Gradient evaluations: 9
       rank  accuracy     error
0  0.939744  0.206667  0.019056
Optimization terminated successfully    (Exit mode 0)
            Current function value: 0.0133888888888889
            Iterations: 15
            Function evaluations: 169
            Gradient evaluations: 15
     rank  accuracy     error
0  0.9687      0.29  0.013389
Optimization terminated successfully    (Exit mode 0)
            Current function value: 0.014933333333333323
            Iterations: 9
            Function evaluations: 111
            Gradient evaluations: 9
       rank  accuracy     error
0  0.969511      0.26  0.014933
Optimization terminated successfully    (Exit mode 0)
            Current function value: 0.015822222222222213
            Iterations: 4
            Function evaluations: 61
            Gradient evaluations: 4
       rank  accuracy     error
0  0.960133  0.216667  0.015822
corrs 1
sub corrs 10
corrs 2
sub corrs 20
corrs 3
sub corrs 30
corrs 4
sub corrs 40
corrs 5
sub corrs 50
corrs 6
sub corrs 60
corrs 7
sub corrs 70
corrs 8
sub corrs 80
corrs 9
sub corrs 90
corrs 10
sub corrs 100
Optimization terminated successfully    (Exit mode 0)
            Current function value: 0.07997777777777794
            Iterations: 1
            Function evaluations: 2
            Gradient evaluations: 1
       rank  accuracy     error
0  0.956333  0.223333  0.079978
Optimization terminated successfully    (Exit mode 0)
            Current function value: 0.019233333333333286
            Iterations: 4
            Function evaluations: 25
            Gradient evaluations: 4
       rank  accuracy     error
0  0.969578  0.276667  0.019233
Optimization terminated successfully    (Exit mode 0)
            Current function value: 0.021122222222222167
            Iterations: 4
            Function evaluations: 33
            Gradient evaluations: 4
       rank  accuracy     error
0  0.969467      0.24  0.021122
Optimization terminated successfully    (Exit mode 0)
            Current function value: 0.019022222222222177
            Iterations: 5
            Function evaluations: 37
            Gradient evaluations: 5
       rank  accuracy     error
0  0.970256      0.28  0.019022
Optimization terminated successfully    (Exit mode 0)
            Current function value: 0.017944444444444402
            Iterations: 10
            Function evaluations: 75
            Gradient evaluations: 10
       rank  accuracy     error
0  0.967933  0.256667  0.017944
Optimization terminated successfully    (Exit mode 0)
            Current function value: 0.018622222222222175
            Iterations: 5
            Function evaluations: 50
            Gradient evaluations: 5
       rank  accuracy     error
0  0.961156      0.23  0.018622
Optimization terminated successfully    (Exit mode 0)
            Current function value: 0.018233333333333306
            Iterations: 10
            Function evaluations: 96
            Gradient evaluations: 10
       rank  accuracy     error
0  0.934622  0.186667  0.018233
Optimization terminated successfully    (Exit mode 0)
            Current function value: 0.01314444444444446
            Iterations: 6
            Function evaluations: 73
            Gradient evaluations: 6
       rank  accuracy     error
0  0.963289  0.213333  0.013144
Optimization terminated successfully    (Exit mode 0)
            Current function value: 0.017722222222222205
            Iterations: 9
            Function evaluations: 103
            Gradient evaluations: 9
       rank  accuracy     error
0  0.947278  0.183333  0.017722
Optimization terminated successfully    (Exit mode 0)
            Current function value: 0.03236666666666667
            Iterations: 4
            Function evaluations: 69
            Gradient evaluations: 4
       rank  accuracy     error
0  0.916911      0.13  0.032367
Optimization terminated successfully    (Exit mode 0)
            Current function value: 0.015722222222222214
            Iterations: 7
            Function evaluations: 114
            Gradient evaluations: 7
       rank  accuracy     error
0  0.952989  0.246667  0.015722
✨ Experiment complete. Results archived at: /mnt/beegfs/hellgate/home/tp183485/timecorr_trazzp/Cluster_Data/intact_100_10_10_isfc_Isomap_25_mexican_hat.csv
