corrs 1
sub corrs 10
corrs 2
sub corrs 20
corrs 3
sub corrs 30
corrs 4
sub corrs 40
corrs 5
sub corrs 50
corrs 6
sub corrs 60
corrs 7
sub corrs 70
corrs 8
sub corrs 80
corrs 9
sub corrs 90
corrs 10
sub corrs 100
Optimization terminated successfully    (Exit mode 0)
            Current function value: 0.07995555555555567
            Iterations: 1
            Function evaluations: 2
            Gradient evaluations: 1
       rank  accuracy     error
0  0.962833      0.25  0.079956
Optimization terminated successfully    (Exit mode 0)
            Current function value: 0.07980000000000011
            Iterations: 4
            Function evaluations: 24
            Gradient evaluations: 4
       rank  accuracy   error
0  0.962544      0.24  0.0798
Optimization terminated successfully    (Exit mode 0)
            Current function value: 0.07806666666666676
            Iterations: 4
            Function evaluations: 27
            Gradient evaluations: 4
     rank  accuracy     error
0  0.9627  0.243333  0.078067
Optimization terminated successfully    (Exit mode 0)
            Current function value: 0.0747000000000001
            Iterations: 3
            Function evaluations: 27
            Gradient evaluations: 3
       rank  accuracy   error
0  0.962989  0.236667  0.0747
Optimization terminated successfully    (Exit mode 0)
            Current function value: 0.07584444444444455
            Iterations: 3
            Function evaluations: 29
            Gradient evaluations: 3
    rank  accuracy     error
0  0.963      0.24  0.075844
Optimization terminated successfully    (Exit mode 0)
            Current function value: 0.07304444444444452
            Iterations: 3
            Function evaluations: 33
            Gradient evaluations: 3
       rank  accuracy     error
0  0.963044  0.236667  0.073044
Optimization terminated successfully    (Exit mode 0)
            Current function value: 0.07406666666666674
            Iterations: 2
            Function evaluations: 27
            Gradient evaluations: 2
     rank  accuracy     error
0  0.9628  0.233333  0.074067
Optimization terminated successfully    (Exit mode 0)
            Current function value: 0.0771222222222223
            Iterations: 4
            Function evaluations: 51
            Gradient evaluations: 4
       rank  accuracy     error
0  0.962511      0.24  0.077122
Optimization terminated successfully    (Exit mode 0)
            Current function value: 0.07525555555555564
            Iterations: 3
            Function evaluations: 44
            Gradient evaluations: 3
       rank  accuracy     error
0  0.961733  0.223333  0.075256
Optimization terminated successfully    (Exit mode 0)
            Current function value: 0.07330000000000006
            Iterations: 5
            Function evaluations: 67
            Gradient evaluations: 5
       rank  accuracy   error
0  0.962589      0.24  0.0733
Optimization terminated successfully    (Exit mode 0)
            Current function value: 0.0727333333333334
            Iterations: 3
            Function evaluations: 47
            Gradient evaluations: 3
       rank  accuracy     error
0  0.962578      0.24  0.072733
corrs 1
sub corrs 10
corrs 2
sub corrs 20
corrs 3
sub corrs 30
corrs 4
sub corrs 40
corrs 5
sub corrs 50
corrs 6
sub corrs 60
corrs 7
sub corrs 70
corrs 8
sub corrs 80
corrs 9
sub corrs 90
corrs 10
sub corrs 100
Optimization terminated successfully    (Exit mode 0)
            Current function value: 0.08241111111111117
            Iterations: 1
            Function evaluations: 2
            Gradient evaluations: 1
       rank  accuracy     error
0  0.964222      0.28  0.082411
Optimization terminated successfully    (Exit mode 0)
            Current function value: 0.08690000000000009
            Iterations: 3
            Function evaluations: 20
            Gradient evaluations: 3
       rank  accuracy   error
0  0.963033      0.28  0.0869
Optimization terminated successfully    (Exit mode 0)
            Current function value: 0.08765555555555564
            Iterations: 4
            Function evaluations: 27
            Gradient evaluations: 4
       rank  accuracy     error
0  0.963411      0.28  0.087656
Optimization terminated successfully    (Exit mode 0)
            Current function value: 0.08187777777777784
            Iterations: 4
            Function evaluations: 31
            Gradient evaluations: 4
       rank  accuracy     error
0  0.964878      0.28  0.081878
Optimization terminated successfully    (Exit mode 0)
            Current function value: 0.07948888888888896
            Iterations: 3
            Function evaluations: 30
            Gradient evaluations: 3
     rank  accuracy     error
0  0.9644  0.293333  0.079489
Optimization terminated successfully    (Exit mode 0)
            Current function value: 0.08665555555555562
            Iterations: 3
            Function evaluations: 32
            Gradient evaluations: 3
     rank  accuracy     error
0  0.9639      0.29  0.086656
Optimization terminated successfully    (Exit mode 0)
            Current function value: 0.07686666666666672
            Iterations: 4
            Function evaluations: 45
            Gradient evaluations: 4
       rank  accuracy     error
0  0.964167  0.293333  0.076867
Optimization terminated successfully    (Exit mode 0)
            Current function value: 0.0753666666666667
            Iterations: 5
            Function evaluations: 57
            Gradient evaluations: 5
       rank  accuracy     error
0  0.963811      0.28  0.075367
Optimization terminated successfully    (Exit mode 0)
            Current function value: 0.07671111111111116
            Iterations: 5
            Function evaluations: 65
            Gradient evaluations: 5
       rank  accuracy     error
0  0.964067  0.293333  0.076711
Optimization terminated successfully    (Exit mode 0)
            Current function value: 0.0794333333333334
            Iterations: 4
            Function evaluations: 55
            Gradient evaluations: 4
       rank  accuracy     error
0  0.964289       0.3  0.079433
Optimization terminated successfully    (Exit mode 0)
            Current function value: 0.07741111111111117
            Iterations: 4
            Function evaluations: 59
            Gradient evaluations: 4
       rank  accuracy     error
0  0.963811  0.286667  0.077411
✨ Experiment complete. Results archived at: /mnt/beegfs/hellgate/home/tp183485/timecorr_trazzp/Cluster_Data/intact_100_10_10_isfc_MiniBatchDictionaryLearning_50_gaussian.csv
