corrs 1
sub corrs 10
corrs 2
sub corrs 20
corrs 3
sub corrs 30
corrs 4
sub corrs 40
corrs 5
sub corrs 50
corrs 6
sub corrs 60
corrs 7
sub corrs 70
corrs 8
sub corrs 80
corrs 9
sub corrs 90
corrs 10
sub corrs 100
Optimization terminated successfully    (Exit mode 0)
            Current function value: 0.06717777777777796
            Iterations: 1
            Function evaluations: 2
            Gradient evaluations: 1
       rank  accuracy     error
0  0.967322  0.286667  0.067178
Optimization terminated successfully    (Exit mode 0)
            Current function value: 0.4924666666666666
            Iterations: 6
            Function evaluations: 18
            Gradient evaluations: 6
       rank  accuracy     error
0  0.260778       0.0  0.492467
Optimization terminated successfully    (Exit mode 0)
            Current function value: 0.025999999999999954
            Iterations: 11
            Function evaluations: 57
            Gradient evaluations: 11
       rank  accuracy  error
0  0.978367  0.286667  0.026
Optimization terminated successfully    (Exit mode 0)
            Current function value: 0.027633333333333295
            Iterations: 7
            Function evaluations: 63
            Gradient evaluations: 7
       rank  accuracy     error
0  0.971122  0.256667  0.027633
Optimization terminated successfully    (Exit mode 0)
            Current function value: 0.027833333333333304
            Iterations: 7
            Function evaluations: 54
            Gradient evaluations: 7
       rank  accuracy     error
0  0.981322  0.286667  0.027833
Optimization terminated successfully    (Exit mode 0)
            Current function value: 0.02846666666666664
            Iterations: 7
            Function evaluations: 69
            Gradient evaluations: 7
       rank  accuracy     error
0  0.975156  0.266667  0.028467
Optimization terminated successfully    (Exit mode 0)
            Current function value: 0.025577777777777744
            Iterations: 10
            Function evaluations: 100
            Gradient evaluations: 10
       rank  accuracy     error
0  0.976267  0.263333  0.025578
Optimization terminated successfully    (Exit mode 0)
            Current function value: 0.01947777777777778
            Iterations: 5
            Function evaluations: 57
            Gradient evaluations: 5
       rank  accuracy     error
0  0.968633  0.246667  0.019478
Optimization terminated successfully    (Exit mode 0)
            Current function value: 0.019888888888888866
            Iterations: 5
            Function evaluations: 63
            Gradient evaluations: 5
       rank  accuracy     error
0  0.966111  0.263333  0.019889
Optimization terminated successfully    (Exit mode 0)
            Current function value: 0.018911111111111076
            Iterations: 8
            Function evaluations: 107
            Gradient evaluations: 8
       rank  accuracy     error
0  0.974289  0.253333  0.018911
Optimization terminated successfully    (Exit mode 0)
            Current function value: 0.016211111111111096
            Iterations: 4
            Function evaluations: 59
            Gradient evaluations: 4
       rank  accuracy     error
0  0.937322  0.213333  0.016211
corrs 1
sub corrs 10
corrs 2
sub corrs 20
corrs 3
sub corrs 30
corrs 4
sub corrs 40
corrs 5
sub corrs 50
corrs 6
sub corrs 60
corrs 7
sub corrs 70
corrs 8
sub corrs 80
corrs 9
sub corrs 90
corrs 10
sub corrs 100
Optimization terminated successfully    (Exit mode 0)
            Current function value: 0.07396666666666676
            Iterations: 1
            Function evaluations: 2
            Gradient evaluations: 1
       rank  accuracy     error
0  0.964822  0.303333  0.073967
Optimization terminated successfully    (Exit mode 0)
            Current function value: 0.5176222222222219
            Iterations: 5
            Function evaluations: 27
            Gradient evaluations: 5
       rank  accuracy     error
0  0.332778       0.0  0.517622
Optimization terminated successfully    (Exit mode 0)
            Current function value: 0.020922222222222182
            Iterations: 7
            Function evaluations: 40
            Gradient evaluations: 7
       rank  accuracy     error
0  0.981833  0.333333  0.020922
Optimization terminated successfully    (Exit mode 0)
            Current function value: 0.028411111111111095
            Iterations: 4
            Function evaluations: 31
            Gradient evaluations: 4
       rank  accuracy     error
0  0.972056      0.28  0.028411
Optimization terminated successfully    (Exit mode 0)
            Current function value: 0.017411111111111096
            Iterations: 11
            Function evaluations: 91
            Gradient evaluations: 11
       rank  accuracy     error
0  0.980267       0.3  0.017411
Optimization terminated successfully    (Exit mode 0)
            Current function value: 0.020911111111111078
            Iterations: 5
            Function evaluations: 46
            Gradient evaluations: 5
       rank  accuracy     error
0  0.971322  0.233333  0.020911
Optimization terminated successfully    (Exit mode 0)
            Current function value: 0.013511111111111113
            Iterations: 9
            Function evaluations: 85
            Gradient evaluations: 9
       rank  accuracy     error
0  0.978322  0.283333  0.013511
Optimization terminated successfully    (Exit mode 0)
            Current function value: 0.021388888888888843
            Iterations: 5
            Function evaluations: 58
            Gradient evaluations: 5
       rank  accuracy     error
0  0.968344  0.223333  0.021389
Optimization terminated successfully    (Exit mode 0)
            Current function value: 0.02479999999999993
            Iterations: 5
            Function evaluations: 64
            Gradient evaluations: 5
     rank  accuracy   error
0  0.9776      0.28  0.0248
Optimization terminated successfully    (Exit mode 0)
            Current function value: 0.017066666666666664
            Iterations: 6
            Function evaluations: 84
            Gradient evaluations: 6
       rank  accuracy     error
0  0.972778  0.256667  0.017067
Optimization terminated successfully    (Exit mode 0)
            Current function value: 0.017922222222222225
            Iterations: 4
            Function evaluations: 62
            Gradient evaluations: 4
       rank  accuracy     error
0  0.937511      0.19  0.017922
✨ Experiment complete. Results archived at: /mnt/beegfs/hellgate/home/tp183485/timecorr_trazzp/Cluster_Data/intact_100_10_10_isfc_Isomap_45_laplace.csv
