corrs 1
sub corrs 10
corrs 2
sub corrs 20
corrs 3
sub corrs 30
corrs 4
sub corrs 40
corrs 5
sub corrs 50
corrs 6
sub corrs 60
corrs 7
sub corrs 70
corrs 8
sub corrs 80
corrs 9
sub corrs 90
corrs 10
sub corrs 100
Optimization terminated successfully    (Exit mode 0)
            Current function value: 0.1782006920415223
            Iterations: 1
            Function evaluations: 2
            Gradient evaluations: 1
       rank  accuracy     error
0  0.913089  0.143382  0.178201
Optimization terminated successfully    (Exit mode 0)
            Current function value: 0.17211829584775074
            Iterations: 5
            Function evaluations: 27
            Gradient evaluations: 5
       rank  accuracy     error
0  0.912724  0.139706  0.172118
Optimization terminated successfully    (Exit mode 0)
            Current function value: 0.13721885813148785
            Iterations: 5
            Function evaluations: 32
            Gradient evaluations: 5
       rank  accuracy     error
0  0.919361  0.169118  0.137219
Optimization terminated successfully    (Exit mode 0)
            Current function value: 0.13528600778546715
            Iterations: 5
            Function evaluations: 37
            Gradient evaluations: 5
       rank  accuracy     error
0  0.919212  0.172794  0.135286
Optimization terminated successfully    (Exit mode 0)
            Current function value: 0.13804336072664358
            Iterations: 4
            Function evaluations: 35
            Gradient evaluations: 4
       rank  accuracy     error
0  0.916658  0.169118  0.138043
Optimization terminated successfully    (Exit mode 0)
            Current function value: 0.13797577854671275
            Iterations: 5
            Function evaluations: 48
            Gradient evaluations: 5
       rank  accuracy     error
0  0.916914  0.169118  0.137976
Optimization terminated successfully    (Exit mode 0)
            Current function value: 0.15141111591695489
            Iterations: 10
            Function evaluations: 106
            Gradient evaluations: 10
       rank  accuracy     error
0  0.905412     0.125  0.151411
Optimization terminated successfully    (Exit mode 0)
            Current function value: 0.16344074394463656
            Iterations: 2
            Function evaluations: 29
            Gradient evaluations: 2
       rank  accuracy     error
0  0.913427  0.147059  0.163441
Optimization terminated successfully    (Exit mode 0)
            Current function value: 0.13044712370242223
            Iterations: 7
            Function evaluations: 82
            Gradient evaluations: 7
       rank  accuracy     error
0  0.915698  0.154412  0.130447
Optimization terminated successfully    (Exit mode 0)
            Current function value: 0.12505406574394476
            Iterations: 6
            Function evaluations: 77
            Gradient evaluations: 6
       rank  accuracy     error
0  0.917807  0.161765  0.125054
Optimization terminated successfully    (Exit mode 0)
            Current function value: 0.13131217560553643
            Iterations: 6
            Function evaluations: 88
            Gradient evaluations: 6
       rank  accuracy     error
0  0.919861  0.150735  0.131312
corrs 1
sub corrs 10
corrs 2
sub corrs 20
corrs 3
sub corrs 30
corrs 4
sub corrs 40
corrs 5
sub corrs 50
corrs 6
sub corrs 60
corrs 7
sub corrs 70
corrs 8
sub corrs 80
corrs 9
sub corrs 90
corrs 10
sub corrs 100
Optimization terminated successfully    (Exit mode 0)
            Current function value: 0.21061310553633203
            Iterations: 1
            Function evaluations: 2
            Gradient evaluations: 1
       rank  accuracy     error
0  0.912211  0.161765  0.210613
Optimization terminated successfully    (Exit mode 0)
            Current function value: 0.21665495242214539
            Iterations: 2
            Function evaluations: 18
            Gradient evaluations: 2
       rank  accuracy     error
0  0.884272  0.121324  0.216655
Optimization terminated successfully    (Exit mode 0)
            Current function value: 0.1666982050173009
            Iterations: 3
            Function evaluations: 23
            Gradient evaluations: 3
       rank  accuracy     error
0  0.912224  0.154412  0.166698
Optimization terminated successfully    (Exit mode 0)
            Current function value: 0.15561472750865038
            Iterations: 6
            Function evaluations: 44
            Gradient evaluations: 6
       rank  accuracy     error
0  0.911035  0.136029  0.155615
Optimization terminated successfully    (Exit mode 0)
            Current function value: 0.15584450692041513
            Iterations: 4
            Function evaluations: 42
            Gradient evaluations: 4
       rank  accuracy     error
0  0.911657  0.143382  0.155845
Optimization terminated successfully    (Exit mode 0)
            Current function value: 0.1583315311418685
            Iterations: 7
            Function evaluations: 62
            Gradient evaluations: 7
      rank  accuracy     error
0  0.91759  0.165441  0.158332
Optimization terminated successfully    (Exit mode 0)
            Current function value: 0.1535737456747404
            Iterations: 6
            Function evaluations: 61
            Gradient evaluations: 6
       rank  accuracy     error
0  0.914711  0.136029  0.153574
Optimization terminated successfully    (Exit mode 0)
            Current function value: 0.1455314662629758
            Iterations: 8
            Function evaluations: 85
            Gradient evaluations: 8
       rank  accuracy     error
0  0.903385     0.125  0.145531
Optimization terminated successfully    (Exit mode 0)
            Current function value: 0.1553714316608996
            Iterations: 4
            Function evaluations: 51
            Gradient evaluations: 4
       rank  accuracy     error
0  0.918104  0.165441  0.155371
Optimization terminated successfully    (Exit mode 0)
            Current function value: 0.16573853806228359
            Iterations: 3
            Function evaluations: 44
            Gradient evaluations: 3
       rank  accuracy     error
0  0.917225  0.176471  0.165739
Optimization terminated successfully    (Exit mode 0)
            Current function value: 0.16187283737024202
            Iterations: 5
            Function evaluations: 73
            Gradient evaluations: 5
      rank  accuracy     error
0  0.91882  0.176471  0.161873
✨ Experiment complete. Results archived at: /mnt/beegfs/hellgate/home/tp183485/timecorr_trazzp/Cluster_Data/paragraph_100_10_10_isfc_SpectralEmbedding_50_gaussian.csv
