corrs 1
sub corrs 10
corrs 2
sub corrs 20
corrs 3
sub corrs 30
corrs 4
sub corrs 40
corrs 5
sub corrs 50
corrs 6
sub corrs 60
corrs 7
sub corrs 70
corrs 8
sub corrs 80
corrs 9
sub corrs 90
corrs 10
sub corrs 100
Optimization terminated successfully    (Exit mode 0)
            Current function value: 0.116788888888889
            Iterations: 1
            Function evaluations: 2
            Gradient evaluations: 1
       rank  accuracy     error
0  0.960167      0.22  0.116789
Optimization terminated successfully    (Exit mode 0)
            Current function value: 0.1010444444444447
            Iterations: 5
            Function evaluations: 28
            Gradient evaluations: 5
       rank  accuracy     error
0  0.972778      0.25  0.101044
Optimization terminated successfully    (Exit mode 0)
            Current function value: 0.0893888888888891
            Iterations: 7
            Function evaluations: 42
            Gradient evaluations: 7
       rank  accuracy     error
0  0.974067      0.29  0.089389
Optimization terminated successfully    (Exit mode 0)
            Current function value: 0.09480000000000026
            Iterations: 3
            Function evaluations: 26
            Gradient evaluations: 3
       rank  accuracy   error
0  0.971289      0.26  0.0948
Optimization terminated successfully    (Exit mode 0)
            Current function value: 0.088877777777778
            Iterations: 4
            Function evaluations: 35
            Gradient evaluations: 4
       rank  accuracy     error
0  0.973544  0.286667  0.088878
Optimization terminated successfully    (Exit mode 0)
            Current function value: 0.09696666666666688
            Iterations: 5
            Function evaluations: 48
            Gradient evaluations: 5
       rank  accuracy     error
0  0.966867      0.25  0.096967
Optimization terminated successfully    (Exit mode 0)
            Current function value: 0.09188888888888905
            Iterations: 6
            Function evaluations: 60
            Gradient evaluations: 6
       rank  accuracy     error
0  0.977622  0.293333  0.091889
Optimization terminated successfully    (Exit mode 0)
            Current function value: 0.0
            Iterations: 1
            Function evaluations: 9
            Gradient evaluations: 1
   rank  accuracy  error
0   1.0       1.0    0.0
Optimization terminated successfully    (Exit mode 0)
            Current function value: 0.0
            Iterations: 1
            Function evaluations: 10
            Gradient evaluations: 1
   rank  accuracy  error
0   1.0       1.0    0.0
Optimization terminated successfully    (Exit mode 0)
            Current function value: 0.0
            Iterations: 1
            Function evaluations: 11
            Gradient evaluations: 1
   rank  accuracy  error
0   1.0       1.0    0.0
Optimization terminated successfully    (Exit mode 0)
            Current function value: 0.0
            Iterations: 1
            Function evaluations: 12
            Gradient evaluations: 1
   rank  accuracy  error
0   1.0       1.0    0.0
corrs 1
sub corrs 10
corrs 2
sub corrs 20
corrs 3
sub corrs 30
corrs 4
sub corrs 40
corrs 5
sub corrs 50
corrs 6
sub corrs 60
corrs 7
sub corrs 70
corrs 8
sub corrs 80
corrs 9
sub corrs 90
corrs 10
sub corrs 100
Optimization terminated successfully    (Exit mode 0)
            Current function value: 0.05896666666666668
            Iterations: 1
            Function evaluations: 2
            Gradient evaluations: 1
       rank  accuracy     error
0  0.962556  0.253333  0.058967
Optimization terminated successfully    (Exit mode 0)
            Current function value: 0.05896666666666668
            Iterations: 4
            Function evaluations: 23
            Gradient evaluations: 4
       rank  accuracy     error
0  0.962556  0.253333  0.058967
Optimization terminated successfully    (Exit mode 0)
            Current function value: 0.059100000000000034
            Iterations: 4
            Function evaluations: 27
            Gradient evaluations: 4
     rank  accuracy   error
0  0.9669      0.28  0.0591
Optimization terminated successfully    (Exit mode 0)
            Current function value: 0.06465555555555563
            Iterations: 2
            Function evaluations: 21
            Gradient evaluations: 2
     rank  accuracy     error
0  0.9723      0.31  0.064656
Optimization terminated successfully    (Exit mode 0)
            Current function value: 0.05660000000000004
            Iterations: 5
            Function evaluations: 43
            Gradient evaluations: 5
       rank  accuracy   error
0  0.964356  0.263333  0.0566
Optimization terminated successfully    (Exit mode 0)
            Current function value: 0.05398888888888892
            Iterations: 4
            Function evaluations: 43
            Gradient evaluations: 4
     rank  accuracy     error
0  0.9663  0.263333  0.053989
Optimization terminated successfully    (Exit mode 0)
            Current function value: 0.052622222222222244
            Iterations: 4
            Function evaluations: 43
            Gradient evaluations: 4
       rank  accuracy     error
0  0.968556      0.29  0.052622
Optimization terminated successfully    (Exit mode 0)
            Current function value: 0.0
            Iterations: 1
            Function evaluations: 9
            Gradient evaluations: 1
   rank  accuracy  error
0   1.0       1.0    0.0
Optimization terminated successfully    (Exit mode 0)
            Current function value: 0.0
            Iterations: 1
            Function evaluations: 10
            Gradient evaluations: 1
   rank  accuracy  error
0   1.0       1.0    0.0
Optimization terminated successfully    (Exit mode 0)
            Current function value: 0.0
            Iterations: 1
            Function evaluations: 11
            Gradient evaluations: 1
   rank  accuracy  error
0   1.0       1.0    0.0
Optimization terminated successfully    (Exit mode 0)
            Current function value: 0.0
            Iterations: 1
            Function evaluations: 12
            Gradient evaluations: 1
   rank  accuracy  error
0   1.0       1.0    0.0
✨ Experiment complete. Results archived at: /mnt/beegfs/hellgate/home/tp183485/timecorr_trazzp/Cluster_Data/intact_100_10_10_isfc_LocallyLinearEmbedding_5_gaussian.csv
