corrs 1
sub corrs 10
corrs 2
sub corrs 20
corrs 3
sub corrs 30
corrs 4
sub corrs 40
corrs 5
sub corrs 50
corrs 6
sub corrs 60
corrs 7
sub corrs 70
corrs 8
sub corrs 80
corrs 9
sub corrs 90
corrs 10
sub corrs 100
Optimization terminated successfully    (Exit mode 0)
            Current function value: 0.17321312716262954
            Iterations: 1
            Function evaluations: 2
            Gradient evaluations: 1
       rank  accuracy     error
0  0.927173  0.172794  0.173213
Optimization terminated successfully    (Exit mode 0)
            Current function value: 0.07347534602076129
            Iterations: 4
            Function evaluations: 25
            Gradient evaluations: 4
       rank  accuracy     error
0  0.955369  0.202206  0.073475
Optimization terminated successfully    (Exit mode 0)
            Current function value: 0.07347534602076129
            Iterations: 7
            Function evaluations: 40
            Gradient evaluations: 7
       rank  accuracy     error
0  0.955436  0.202206  0.073475
Optimization terminated successfully    (Exit mode 0)
            Current function value: 0.017355103806228428
            Iterations: 2
            Function evaluations: 21
            Gradient evaluations: 2
     rank  accuracy     error
0  0.9852  0.253676  0.017355
Optimization terminated successfully    (Exit mode 0)
            Current function value: 0.014935661764705928
            Iterations: 4
            Function evaluations: 35
            Gradient evaluations: 4
      rank  accuracy     error
0  0.98697  0.290441  0.014936
Optimization terminated successfully    (Exit mode 0)
            Current function value: 0.006663602941176459
            Iterations: 5
            Function evaluations: 47
            Gradient evaluations: 5
      rank  accuracy     error
0  0.99089    0.3125  0.006664
Optimization terminated successfully    (Exit mode 0)
            Current function value: 0.006758217993079573
            Iterations: 4
            Function evaluations: 43
            Gradient evaluations: 4
       rank  accuracy     error
0  0.990687  0.316176  0.006758
Optimization terminated successfully    (Exit mode 0)
            Current function value: 0.007434039792387531
            Iterations: 9
            Function evaluations: 96
            Gradient evaluations: 9
       rank  accuracy     error
0  0.990552  0.301471  0.007434
Optimization terminated successfully    (Exit mode 0)
            Current function value: 0.006447339965397911
            Iterations: 8
            Function evaluations: 93
            Gradient evaluations: 8
       rank  accuracy     error
0  0.990944  0.319853  0.006447
Optimization terminated successfully    (Exit mode 0)
            Current function value: 0.006920415224913484
            Iterations: 10
            Function evaluations: 122
            Gradient evaluations: 10
       rank  accuracy    error
0  0.990849  0.308824  0.00692
Optimization terminated successfully    (Exit mode 0)
            Current function value: 0.007190743944636666
            Iterations: 7
            Function evaluations: 96
            Gradient evaluations: 7
       rank  accuracy     error
0  0.990606  0.308824  0.007191
corrs 1
sub corrs 10
corrs 2
sub corrs 20
corrs 3
sub corrs 30
corrs 4
sub corrs 40
corrs 5
sub corrs 50
corrs 6
sub corrs 60
corrs 7
sub corrs 70
corrs 8
sub corrs 80
corrs 9
sub corrs 90
corrs 10
sub corrs 100
Optimization terminated successfully    (Exit mode 0)
            Current function value: 0.164400410899654
            Iterations: 1
            Function evaluations: 2
            Gradient evaluations: 1
       rank  accuracy   error
0  0.925619  0.183824  0.1644
Optimization terminated successfully    (Exit mode 0)
            Current function value: 0.06905547145328726
            Iterations: 6
            Function evaluations: 31
            Gradient evaluations: 6
       rank  accuracy     error
0  0.950503  0.224265  0.069055
Optimization terminated successfully    (Exit mode 0)
            Current function value: 0.06905547145328726
            Iterations: 7
            Function evaluations: 39
            Gradient evaluations: 7
       rank  accuracy     error
0  0.950597  0.224265  0.069055
Optimization terminated successfully    (Exit mode 0)
            Current function value: 0.025275735294117696
            Iterations: 7
            Function evaluations: 49
            Gradient evaluations: 7
      rank  accuracy     error
0  0.98205  0.283088  0.025276
Optimization terminated successfully    (Exit mode 0)
            Current function value: 0.02774924307958482
            Iterations: 2
            Function evaluations: 23
            Gradient evaluations: 2
       rank  accuracy     error
0  0.982429  0.290441  0.027749
Optimization terminated successfully    (Exit mode 0)
            Current function value: 0.009407439446366803
            Iterations: 2
            Function evaluations: 25
            Gradient evaluations: 2
       rank  accuracy     error
0  0.988214  0.319853  0.009407
Optimization terminated successfully    (Exit mode 0)
            Current function value: 0.010258974913494838
            Iterations: 6
            Function evaluations: 61
            Gradient evaluations: 6
       rank  accuracy     error
0  0.987443  0.323529  0.010259
Optimization terminated successfully    (Exit mode 0)
            Current function value: 0.009623702422145351
            Iterations: 4
            Function evaluations: 48
            Gradient evaluations: 4
       rank  accuracy     error
0  0.988092  0.316176  0.009624
Optimization terminated successfully    (Exit mode 0)
            Current function value: 0.010664467993079617
            Iterations: 5
            Function evaluations: 62
            Gradient evaluations: 5
       rank  accuracy     error
0  0.987687  0.319853  0.010664
Optimization terminated successfully    (Exit mode 0)
            Current function value: 0.010123810553633247
            Iterations: 6
            Function evaluations: 78
            Gradient evaluations: 6
       rank  accuracy     error
0  0.987808  0.316176  0.010124
Optimization terminated successfully    (Exit mode 0)
            Current function value: 0.01040765570934259
            Iterations: 9
            Function evaluations: 125
            Gradient evaluations: 9
       rank  accuracy     error
0  0.987376  0.316176  0.010408
✨ Experiment complete. Results archived at: /mnt/beegfs/hellgate/home/tp183485/timecorr_trazzp/Cluster_Data/paragraph_100_10_10_isfc_UMAP_30_laplace.csv
