corrs 1
sub corrs 10
corrs 2
sub corrs 20
corrs 3
sub corrs 30
corrs 4
sub corrs 40
corrs 5
sub corrs 50
corrs 6
sub corrs 60
corrs 7
sub corrs 70
corrs 8
sub corrs 80
corrs 9
sub corrs 90
corrs 10
sub corrs 100
Optimization terminated successfully    (Exit mode 0)
            Current function value: 0.08126666666666676
            Iterations: 1
            Function evaluations: 2
            Gradient evaluations: 1
       rank  accuracy     error
0  0.959089      0.29  0.081267
Optimization terminated successfully    (Exit mode 0)
            Current function value: 0.047644444444444434
            Iterations: 4
            Function evaluations: 25
            Gradient evaluations: 4
       rank  accuracy     error
0  0.972078      0.31  0.047644
Optimization terminated successfully    (Exit mode 0)
            Current function value: 0.0639444444444445
            Iterations: 4
            Function evaluations: 34
            Gradient evaluations: 4
       rank  accuracy     error
0  0.950489      0.21  0.063944
Optimization terminated successfully    (Exit mode 0)
            Current function value: 0.036055555555555535
            Iterations: 8
            Function evaluations: 52
            Gradient evaluations: 8
       rank  accuracy     error
0  0.972222  0.306667  0.036056
Optimization terminated successfully    (Exit mode 0)
            Current function value: 0.02485555555555556
            Iterations: 11
            Function evaluations: 81
            Gradient evaluations: 11
       rank  accuracy     error
0  0.976156  0.323333  0.024856
Optimization terminated successfully    (Exit mode 0)
            Current function value: 0.013555555555555564
            Iterations: 6
            Function evaluations: 54
            Gradient evaluations: 6
       rank  accuracy     error
0  0.981867  0.313333  0.013556
Optimization terminated successfully    (Exit mode 0)
            Current function value: 0.014600000000000002
            Iterations: 7
            Function evaluations: 71
            Gradient evaluations: 7
     rank  accuracy   error
0  0.9821       0.3  0.0146
Optimization terminated successfully    (Exit mode 0)
            Current function value: 0.012288888888888898
            Iterations: 5
            Function evaluations: 63
            Gradient evaluations: 5
       rank  accuracy     error
0  0.980778       0.3  0.012289
Optimization terminated successfully    (Exit mode 0)
            Current function value: 0.009466666666666677
            Iterations: 6
            Function evaluations: 79
            Gradient evaluations: 6
       rank  accuracy     error
0  0.985744  0.293333  0.009467
Optimization terminated successfully    (Exit mode 0)
            Current function value: 0.008833333333333346
            Iterations: 6
            Function evaluations: 81
            Gradient evaluations: 6
       rank  accuracy     error
0  0.986922  0.306667  0.008833
Optimization terminated successfully    (Exit mode 0)
            Current function value: 0.00964444444444445
            Iterations: 5
            Function evaluations: 77
            Gradient evaluations: 5
       rank  accuracy     error
0  0.986956  0.306667  0.009644
corrs 1
sub corrs 10
corrs 2
sub corrs 20
corrs 3
sub corrs 30
corrs 4
sub corrs 40
corrs 5
sub corrs 50
corrs 6
sub corrs 60
corrs 7
sub corrs 70
corrs 8
sub corrs 80
corrs 9
sub corrs 90
corrs 10
sub corrs 100
Optimization terminated successfully    (Exit mode 0)
            Current function value: 0.10113333333333342
            Iterations: 1
            Function evaluations: 2
            Gradient evaluations: 1
       rank  accuracy     error
0  0.960722      0.29  0.101133
Optimization terminated successfully    (Exit mode 0)
            Current function value: 0.04012222222222221
            Iterations: 5
            Function evaluations: 29
            Gradient evaluations: 5
       rank  accuracy     error
0  0.974333      0.33  0.040122
Optimization terminated successfully    (Exit mode 0)
            Current function value: 0.03517777777777774
            Iterations: 6
            Function evaluations: 37
            Gradient evaluations: 6
       rank  accuracy     error
0  0.975178  0.313333  0.035178
Optimization terminated successfully    (Exit mode 0)
            Current function value: 0.03201111111111109
            Iterations: 5
            Function evaluations: 43
            Gradient evaluations: 5
       rank  accuracy     error
0  0.974144  0.303333  0.032011
Optimization terminated successfully    (Exit mode 0)
            Current function value: 0.023522222222222212
            Iterations: 7
            Function evaluations: 56
            Gradient evaluations: 7
       rank  accuracy     error
0  0.977544  0.336667  0.023522
Optimization terminated successfully    (Exit mode 0)
            Current function value: 0.015999999999999997
            Iterations: 4
            Function evaluations: 41
            Gradient evaluations: 4
    rank  accuracy  error
0  0.984  0.336667  0.016
Optimization terminated successfully    (Exit mode 0)
            Current function value: 0.013911111111111103
            Iterations: 9
            Function evaluations: 87
            Gradient evaluations: 9
       rank  accuracy     error
0  0.980956  0.343333  0.013911
Optimization terminated successfully    (Exit mode 0)
            Current function value: 0.01136666666666667
            Iterations: 2
            Function evaluations: 29
            Gradient evaluations: 2
       rank  accuracy     error
0  0.981189  0.313333  0.011367
Optimization terminated successfully    (Exit mode 0)
            Current function value: 0.011344444444444456
            Iterations: 4
            Function evaluations: 51
            Gradient evaluations: 4
       rank  accuracy     error
0  0.984278  0.326667  0.011344
Optimization terminated successfully    (Exit mode 0)
            Current function value: 0.010088888888888897
            Iterations: 4
            Function evaluations: 56
            Gradient evaluations: 4
       rank  accuracy     error
0  0.981911  0.323333  0.010089
Optimization terminated successfully    (Exit mode 0)
            Current function value: 0.01101111111111112
            Iterations: 5
            Function evaluations: 73
            Gradient evaluations: 5
       rank  accuracy     error
0  0.986156  0.333333  0.011011
✨ Experiment complete. Results archived at: /mnt/beegfs/hellgate/home/tp183485/timecorr_trazzp/Cluster_Data/intact_100_10_10_isfc_KernelPCA_30_mexican_hat.csv
