corrs 1
sub corrs 10
corrs 2
sub corrs 20
corrs 3
sub corrs 30
corrs 4
sub corrs 40
corrs 5
sub corrs 50
corrs 6
sub corrs 60
corrs 7
sub corrs 70
corrs 8
sub corrs 80
corrs 9
sub corrs 90
corrs 10
sub corrs 100
Optimization terminated successfully    (Exit mode 0)
            Current function value: 0.07331111111111119
            Iterations: 1
            Function evaluations: 2
            Gradient evaluations: 1
       rank  accuracy     error
0  0.960767  0.256667  0.073311
Optimization terminated successfully    (Exit mode 0)
            Current function value: 0.013144444444444464
            Iterations: 1
            Function evaluations: 14
            Gradient evaluations: 1
       rank  accuracy     error
0  0.985833      0.29  0.013144
Optimization terminated successfully    (Exit mode 0)
            Current function value: 0.013022222222222244
            Iterations: 2
            Function evaluations: 19
            Gradient evaluations: 2
       rank  accuracy     error
0  0.985911  0.283333  0.013022
Optimization terminated successfully    (Exit mode 0)
            Current function value: 0.012411111111111131
            Iterations: 3
            Function evaluations: 26
            Gradient evaluations: 3
       rank  accuracy     error
0  0.985178      0.29  0.012411
Optimization terminated successfully    (Exit mode 0)
            Current function value: 0.012444444444444465
            Iterations: 4
            Function evaluations: 36
            Gradient evaluations: 4
       rank  accuracy     error
0  0.985333      0.29  0.012444
Optimization terminated successfully    (Exit mode 0)
            Current function value: 0.011711111111111129
            Iterations: 7
            Function evaluations: 60
            Gradient evaluations: 7
       rank  accuracy     error
0  0.986256  0.293333  0.011711
Optimization terminated successfully    (Exit mode 0)
            Current function value: 0.011711111111111129
            Iterations: 8
            Function evaluations: 76
            Gradient evaluations: 8
       rank  accuracy     error
0  0.986333  0.293333  0.011711
Optimization terminated successfully    (Exit mode 0)
            Current function value: 0.010944444444444463
            Iterations: 8
            Function evaluations: 86
            Gradient evaluations: 8
     rank  accuracy     error
0  0.9867  0.296667  0.010944
Optimization terminated successfully    (Exit mode 0)
            Current function value: 0.011422222222222243
            Iterations: 6
            Function evaluations: 71
            Gradient evaluations: 6
       rank  accuracy     error
0  0.986022  0.293333  0.011422
Optimization terminated successfully    (Exit mode 0)
            Current function value: 0.011422222222222243
            Iterations: 6
            Function evaluations: 77
            Gradient evaluations: 6
       rank  accuracy     error
0  0.986622  0.293333  0.011422
Optimization terminated successfully    (Exit mode 0)
            Current function value: 0.0126777777777778
            Iterations: 5
            Function evaluations: 71
            Gradient evaluations: 5
       rank  accuracy     error
0  0.985911  0.286667  0.012678
corrs 1
sub corrs 10
corrs 2
sub corrs 20
corrs 3
sub corrs 30
corrs 4
sub corrs 40
corrs 5
sub corrs 50
corrs 6
sub corrs 60
corrs 7
sub corrs 70
corrs 8
sub corrs 80
corrs 9
sub corrs 90
corrs 10
sub corrs 100
Optimization terminated successfully    (Exit mode 0)
            Current function value: 0.09101111111111122
            Iterations: 1
            Function evaluations: 2
            Gradient evaluations: 1
       rank  accuracy     error
0  0.957944  0.263333  0.091011
Optimization terminated successfully    (Exit mode 0)
            Current function value: 0.011044444444444466
            Iterations: 1
            Function evaluations: 14
            Gradient evaluations: 1
       rank  accuracy     error
0  0.986256  0.286667  0.011044
Optimization terminated successfully    (Exit mode 0)
            Current function value: 0.010966666666666689
            Iterations: 8
            Function evaluations: 44
            Gradient evaluations: 8
       rank  accuracy     error
0  0.985767  0.286667  0.010967
Optimization terminated successfully    (Exit mode 0)
            Current function value: 0.013200000000000019
            Iterations: 2
            Function evaluations: 21
            Gradient evaluations: 2
       rank  accuracy   error
0  0.986344  0.283333  0.0132
Optimization terminated successfully    (Exit mode 0)
            Current function value: 0.01150000000000002
            Iterations: 5
            Function evaluations: 41
            Gradient evaluations: 5
       rank  accuracy   error
0  0.986533      0.28  0.0115
Optimization terminated successfully    (Exit mode 0)
            Current function value: 0.011500000000000019
            Iterations: 5
            Function evaluations: 46
            Gradient evaluations: 5
       rank  accuracy   error
0  0.986378      0.28  0.0115
Optimization terminated successfully    (Exit mode 0)
            Current function value: 0.015855555555555543
            Iterations: 5
            Function evaluations: 51
            Gradient evaluations: 5
       rank  accuracy     error
0  0.978433  0.296667  0.015856
Optimization terminated successfully    (Exit mode 0)
            Current function value: 0.012933333333333352
            Iterations: 11
            Function evaluations: 116
            Gradient evaluations: 11
       rank  accuracy     error
0  0.980344      0.29  0.012933
Optimization terminated successfully    (Exit mode 0)
            Current function value: 0.09224444444444445
            Iterations: 5
            Function evaluations: 64
            Gradient evaluations: 5
       rank  accuracy     error
0  0.820411  0.006667  0.092244
Optimization terminated successfully    (Exit mode 0)
            Current function value: 0.01252222222222224
            Iterations: 12
            Function evaluations: 150
            Gradient evaluations: 12
       rank  accuracy     error
0  0.982233  0.283333  0.012522
Optimization terminated successfully    (Exit mode 0)
            Current function value: 0.010944444444444468
            Iterations: 6
            Function evaluations: 86
            Gradient evaluations: 6
       rank  accuracy     error
0  0.985444  0.286667  0.010944
✨ Experiment complete. Results archived at: /mnt/beegfs/hellgate/home/tp183485/timecorr_trazzp/Cluster_Data/intact_100_10_10_isfc_UMAP_45_laplace.csv
