corrs 1
sub corrs 10
corrs 2
sub corrs 20
corrs 3
sub corrs 30
corrs 4
sub corrs 40
corrs 5
sub corrs 50
corrs 6
sub corrs 60
corrs 7
sub corrs 70
corrs 8
sub corrs 80
corrs 9
sub corrs 90
corrs 10
sub corrs 100
Optimization terminated successfully    (Exit mode 0)
            Current function value: 0.07461111111111125
            Iterations: 1
            Function evaluations: 2
            Gradient evaluations: 1
     rank  accuracy     error
0  0.9719  0.273333  0.074611
Optimization terminated successfully    (Exit mode 0)
            Current function value: 0.07461111111111125
            Iterations: 5
            Function evaluations: 15
            Gradient evaluations: 5
     rank  accuracy     error
0  0.9719  0.273333  0.074611
Optimization terminated successfully    (Exit mode 0)
            Current function value: 0.07461111111111125
            Iterations: 5
            Function evaluations: 20
            Gradient evaluations: 5
     rank  accuracy     error
0  0.9719  0.273333  0.074611
Optimization terminated successfully    (Exit mode 0)
            Current function value: 0.07568888888888903
            Iterations: 5
            Function evaluations: 37
            Gradient evaluations: 5
       rank  accuracy     error
0  0.971011      0.27  0.075689
Optimization terminated successfully    (Exit mode 0)
            Current function value: 0.07566666666666681
            Iterations: 4
            Function evaluations: 35
            Gradient evaluations: 4
       rank  accuracy     error
0  0.971044      0.27  0.075667
Optimization terminated successfully    (Exit mode 0)
            Current function value: 0.07563333333333347
            Iterations: 4
            Function evaluations: 39
            Gradient evaluations: 4
       rank  accuracy     error
0  0.971211  0.273333  0.075633
Optimization terminated successfully    (Exit mode 0)
            Current function value: 0.07118888888888902
            Iterations: 6
            Function evaluations: 59
            Gradient evaluations: 6
       rank  accuracy     error
0  0.970589      0.27  0.071189
Optimization terminated successfully    (Exit mode 0)
            Current function value: 0.0799555555555557
            Iterations: 3
            Function evaluations: 38
            Gradient evaluations: 3
       rank  accuracy     error
0  0.969544      0.27  0.079956
Optimization terminated successfully    (Exit mode 0)
            Current function value: 0.07274444444444458
            Iterations: 4
            Function evaluations: 51
            Gradient evaluations: 4
       rank  accuracy     error
0  0.971322  0.266667  0.072744
Optimization terminated successfully    (Exit mode 0)
            Current function value: 0.07475555555555569
            Iterations: 6
            Function evaluations: 77
            Gradient evaluations: 6
       rank  accuracy     error
0  0.971322  0.253333  0.074756
Optimization terminated successfully    (Exit mode 0)
            Current function value: 0.07336666666666679
            Iterations: 3
            Function evaluations: 47
            Gradient evaluations: 3
       rank  accuracy     error
0  0.970889  0.256667  0.073367
corrs 1
sub corrs 10
corrs 2
sub corrs 20
corrs 3
sub corrs 30
corrs 4
sub corrs 40
corrs 5
sub corrs 50
corrs 6
sub corrs 60
corrs 7
sub corrs 70
corrs 8
sub corrs 80
corrs 9
sub corrs 90
corrs 10
sub corrs 100
Optimization terminated successfully    (Exit mode 0)
            Current function value: 0.06452222222222236
            Iterations: 1
            Function evaluations: 2
            Gradient evaluations: 1
       rank  accuracy     error
0  0.972133  0.316667  0.064522
Optimization terminated successfully    (Exit mode 0)
            Current function value: 0.06293333333333347
            Iterations: 4
            Function evaluations: 23
            Gradient evaluations: 4
       rank  accuracy     error
0  0.971733      0.32  0.062933
Optimization terminated successfully    (Exit mode 0)
            Current function value: 0.06564444444444457
            Iterations: 4
            Function evaluations: 28
            Gradient evaluations: 4
       rank  accuracy     error
0  0.971867  0.316667  0.065644
Optimization terminated successfully    (Exit mode 0)
            Current function value: 0.06657777777777793
            Iterations: 5
            Function evaluations: 40
            Gradient evaluations: 5
       rank  accuracy     error
0  0.970911      0.31  0.066578
Optimization terminated successfully    (Exit mode 0)
            Current function value: 0.06451111111111124
            Iterations: 2
            Function evaluations: 23
            Gradient evaluations: 2
       rank  accuracy     error
0  0.972122  0.316667  0.064511
Optimization terminated successfully    (Exit mode 0)
            Current function value: 0.06452222222222236
            Iterations: 2
            Function evaluations: 25
            Gradient evaluations: 2
       rank  accuracy     error
0  0.972133  0.316667  0.064522
Optimization terminated successfully    (Exit mode 0)
            Current function value: 0.05533333333333341
            Iterations: 6
            Function evaluations: 59
            Gradient evaluations: 6
     rank  accuracy     error
0  0.9716  0.326667  0.055333
Optimization terminated successfully    (Exit mode 0)
            Current function value: 0.06106666666666681
            Iterations: 2
            Function evaluations: 29
            Gradient evaluations: 2
       rank  accuracy     error
0  0.969533  0.296667  0.061067
Optimization terminated successfully    (Exit mode 0)
            Current function value: 0.056644444444444525
            Iterations: 4
            Function evaluations: 52
            Gradient evaluations: 4
    rank  accuracy     error
0  0.972  0.313333  0.056644
Optimization terminated successfully    (Exit mode 0)
            Current function value: 0.0558111111111112
            Iterations: 5
            Function evaluations: 66
            Gradient evaluations: 5
     rank  accuracy     error
0  0.9711  0.316667  0.055811
Optimization terminated successfully    (Exit mode 0)
            Current function value: 0.05817777777777787
            Iterations: 2
            Function evaluations: 35
            Gradient evaluations: 2
       rank  accuracy     error
0  0.971589  0.316667  0.058178
✨ Experiment complete. Results archived at: /mnt/beegfs/hellgate/home/tp183485/timecorr_trazzp/Cluster_Data/intact_100_10_10_isfc_MiniBatchSparsePCA_35_mexican_hat.csv
