corrs 1
sub corrs 10
corrs 2
sub corrs 20
corrs 3
sub corrs 30
corrs 4
sub corrs 40
corrs 5
sub corrs 50
corrs 6
sub corrs 60
corrs 7
sub corrs 70
corrs 8
sub corrs 80
corrs 9
sub corrs 90
corrs 10
sub corrs 100
Optimization terminated successfully    (Exit mode 0)
            Current function value: 0.08767777777777788
            Iterations: 1
            Function evaluations: 2
            Gradient evaluations: 1
       rank  accuracy     error
0  0.960922      0.24  0.087678
Optimization terminated successfully    (Exit mode 0)
            Current function value: 0.08767777777777788
            Iterations: 3
            Function evaluations: 9
            Gradient evaluations: 3
       rank  accuracy     error
0  0.960922      0.24  0.087678
Optimization terminated successfully    (Exit mode 0)
            Current function value: 0.08766666666666677
            Iterations: 4
            Function evaluations: 28
            Gradient evaluations: 4
       rank  accuracy     error
0  0.960856      0.24  0.087667
Optimization terminated successfully    (Exit mode 0)
            Current function value: 0.08767777777777788
            Iterations: 6
            Function evaluations: 30
            Gradient evaluations: 6
       rank  accuracy     error
0  0.960922      0.24  0.087678
Optimization terminated successfully    (Exit mode 0)
            Current function value: 0.08767777777777788
            Iterations: 7
            Function evaluations: 42
            Gradient evaluations: 7
       rank  accuracy     error
0  0.960922      0.24  0.087678
Optimization terminated successfully    (Exit mode 0)
            Current function value: 0.48186666666666667
            Iterations: 1
            Function evaluations: 7
            Gradient evaluations: 1
     rank  accuracy     error
0  0.9999  0.013333  0.481867
Optimization terminated successfully    (Exit mode 0)
            Current function value: 0.4950333333333334
            Iterations: 1
            Function evaluations: 8
            Gradient evaluations: 1
       rank  accuracy     error
0  0.999989  0.003333  0.495033
Optimization terminated successfully    (Exit mode 0)
            Current function value: 0.4983333333333334
            Iterations: 1
            Function evaluations: 9
            Gradient evaluations: 1
   rank  accuracy     error
0   1.0  0.003333  0.498333
Optimization terminated successfully    (Exit mode 0)
            Current function value: 0.4983333333333334
            Iterations: 1
            Function evaluations: 10
            Gradient evaluations: 1
   rank  accuracy     error
0   1.0  0.003333  0.498333
Optimization terminated successfully    (Exit mode 0)
            Current function value: 0.4983333333333334
            Iterations: 1
            Function evaluations: 11
            Gradient evaluations: 1
   rank  accuracy     error
0   1.0  0.003333  0.498333
Optimization terminated successfully    (Exit mode 0)
            Current function value: 0.4983333333333334
            Iterations: 1
            Function evaluations: 12
            Gradient evaluations: 1
   rank  accuracy     error
0   1.0  0.003333  0.498333
corrs 1
sub corrs 10
corrs 2
sub corrs 20
corrs 3
sub corrs 30
corrs 4
sub corrs 40
corrs 5
sub corrs 50
corrs 6
sub corrs 60
corrs 7
sub corrs 70
corrs 8
sub corrs 80
corrs 9
sub corrs 90
corrs 10
sub corrs 100
Optimization terminated successfully    (Exit mode 0)
            Current function value: 0.08601111111111116
            Iterations: 1
            Function evaluations: 2
            Gradient evaluations: 1
       rank  accuracy     error
0  0.962756  0.266667  0.086011
Optimization terminated successfully    (Exit mode 0)
            Current function value: 0.08601111111111116
            Iterations: 3
            Function evaluations: 9
            Gradient evaluations: 3
       rank  accuracy     error
0  0.962756  0.266667  0.086011
Optimization terminated successfully    (Exit mode 0)
            Current function value: 0.08601111111111116
            Iterations: 4
            Function evaluations: 16
            Gradient evaluations: 4
       rank  accuracy     error
0  0.962756  0.266667  0.086011
Optimization terminated successfully    (Exit mode 0)
            Current function value: 0.08601111111111116
            Iterations: 8
            Function evaluations: 40
            Gradient evaluations: 8
       rank  accuracy     error
0  0.962756  0.266667  0.086011
Optimization terminated successfully    (Exit mode 0)
            Current function value: 0.3190666666666665
            Iterations: 4
            Function evaluations: 38
            Gradient evaluations: 4
       rank  accuracy     error
0  0.924767  0.013333  0.319067
Optimization terminated successfully    (Exit mode 0)
            Current function value: 0.48186666666666667
            Iterations: 1
            Function evaluations: 7
            Gradient evaluations: 1
       rank  accuracy     error
0  0.999978  0.013333  0.481867
Optimization terminated successfully    (Exit mode 0)
            Current function value: 0.48843333333333333
            Iterations: 1
            Function evaluations: 8
            Gradient evaluations: 1
       rank  accuracy     error
0  0.999978  0.006667  0.488433
Optimization terminated successfully    (Exit mode 0)
            Current function value: 0.4983333333333334
            Iterations: 1
            Function evaluations: 9
            Gradient evaluations: 1
   rank  accuracy     error
0   1.0  0.003333  0.498333
Optimization terminated successfully    (Exit mode 0)
            Current function value: 0.4983333333333334
            Iterations: 1
            Function evaluations: 10
            Gradient evaluations: 1
   rank  accuracy     error
0   1.0  0.003333  0.498333
Optimization terminated successfully    (Exit mode 0)
            Current function value: 0.4983333333333334
            Iterations: 1
            Function evaluations: 11
            Gradient evaluations: 1
   rank  accuracy     error
0   1.0  0.003333  0.498333
Optimization terminated successfully    (Exit mode 0)
            Current function value: 0.4983333333333334
            Iterations: 1
            Function evaluations: 12
            Gradient evaluations: 1
   rank  accuracy     error
0   1.0  0.003333  0.498333
✨ Experiment complete. Results archived at: /mnt/beegfs/hellgate/home/tp183485/timecorr_trazzp/Cluster_Data/intact_100_10_10_isfc_DictionaryLearning_50_gaussian.csv
