corrs 1
sub corrs 10
corrs 2
sub corrs 20
corrs 3
sub corrs 30
corrs 4
sub corrs 40
corrs 5
sub corrs 50
corrs 6
sub corrs 60
corrs 7
sub corrs 70
corrs 8
sub corrs 80
corrs 9
sub corrs 90
corrs 10
sub corrs 100
Optimization terminated successfully    (Exit mode 0)
            Current function value: 0.1755109212802767
            Iterations: 1
            Function evaluations: 2
            Gradient evaluations: 1
       rank  accuracy     error
0  0.921442  0.165441  0.175511
Optimization terminated successfully    (Exit mode 0)
            Current function value: 0.1755109212802767
            Iterations: 3
            Function evaluations: 9
            Gradient evaluations: 3
       rank  accuracy     error
0  0.921442  0.165441  0.175511
Optimization terminated successfully    (Exit mode 0)
            Current function value: 0.18391814446366758
            Iterations: 5
            Function evaluations: 31
            Gradient evaluations: 5
       rank  accuracy     error
0  0.926173  0.172794  0.183918
Optimization terminated successfully    (Exit mode 0)
            Current function value: 0.0542144247404845
            Iterations: 4
            Function evaluations: 32
            Gradient evaluations: 4
       rank  accuracy     error
0  0.940825  0.231618  0.054214
Optimization terminated successfully    (Exit mode 0)
            Current function value: 0.051497621107266536
            Iterations: 5
            Function evaluations: 42
            Gradient evaluations: 5
       rank  accuracy     error
0  0.958897  0.242647  0.051498
Optimization terminated successfully    (Exit mode 0)
            Current function value: 0.05456585207612462
            Iterations: 8
            Function evaluations: 70
            Gradient evaluations: 8
       rank  accuracy     error
0  0.919848  0.231618  0.054566
Optimization terminated successfully    (Exit mode 0)
            Current function value: 0.054619917820069266
            Iterations: 5
            Function evaluations: 58
            Gradient evaluations: 5
      rank  accuracy    error
0  0.91486  0.216912  0.05462
Optimization terminated successfully    (Exit mode 0)
            Current function value: 0.06035088667820074
            Iterations: 7
            Function evaluations: 77
            Gradient evaluations: 7
       rank  accuracy     error
0  0.921037  0.198529  0.060351
Optimization terminated successfully    (Exit mode 0)
            Current function value: 0.05099751297577861
            Iterations: 11
            Function evaluations: 131
            Gradient evaluations: 11
       rank  accuracy     error
0  0.937095  0.224265  0.050998
Optimization terminated successfully    (Exit mode 0)
            Current function value: 0.03612943339100353
            Iterations: 9
            Function evaluations: 115
            Gradient evaluations: 9
       rank  accuracy     error
0  0.957883      0.25  0.036129
Optimization terminated successfully    (Exit mode 0)
            Current function value: 0.03479130622837376
            Iterations: 13
            Function evaluations: 176
            Gradient evaluations: 13
       rank  accuracy     error
0  0.961357  0.242647  0.034791
corrs 1
sub corrs 10
corrs 2
sub corrs 20
corrs 3
sub corrs 30
corrs 4
sub corrs 40
corrs 5
sub corrs 50
corrs 6
sub corrs 60
corrs 7
sub corrs 70
corrs 8
sub corrs 80
corrs 9
sub corrs 90
corrs 10
sub corrs 100
Optimization terminated successfully    (Exit mode 0)
            Current function value: 0.18028222318339068
            Iterations: 1
            Function evaluations: 2
            Gradient evaluations: 1
       rank  accuracy     error
0  0.922321  0.180147  0.180282
Optimization terminated successfully    (Exit mode 0)
            Current function value: 0.18028222318339068
            Iterations: 3
            Function evaluations: 9
            Gradient evaluations: 3
       rank  accuracy     error
0  0.922321  0.180147  0.180282
Optimization terminated successfully    (Exit mode 0)
            Current function value: 0.18028222318339068
            Iterations: 4
            Function evaluations: 16
            Gradient evaluations: 4
       rank  accuracy     error
0  0.922321  0.180147  0.180282
Optimization terminated successfully    (Exit mode 0)
            Current function value: 0.05770166522491353
            Iterations: 5
            Function evaluations: 38
            Gradient evaluations: 5
       rank  accuracy     error
0  0.965155      0.25  0.057702
Optimization terminated successfully    (Exit mode 0)
            Current function value: 0.054268490484429124
            Iterations: 8
            Function evaluations: 62
            Gradient evaluations: 8
       rank  accuracy     error
0  0.965006  0.253676  0.054268
Optimization terminated successfully    (Exit mode 0)
            Current function value: 0.05725562283737027
            Iterations: 6
            Function evaluations: 57
            Gradient evaluations: 6
      rank  accuracy     error
0  0.96187  0.242647  0.057256
Optimization terminated successfully    (Exit mode 0)
            Current function value: 0.07994971885813158
            Iterations: 7
            Function evaluations: 69
            Gradient evaluations: 7
       rank  accuracy    error
0  0.970548  0.209559  0.07995
Optimization terminated successfully    (Exit mode 0)
            Current function value: 0.05188959775086511
            Iterations: 8
            Function evaluations: 88
            Gradient evaluations: 8
       rank  accuracy    error
0  0.963546  0.257353  0.05189
Optimization terminated successfully    (Exit mode 0)
            Current function value: 0.07831423010380627
            Iterations: 9
            Function evaluations: 113
            Gradient evaluations: 9
       rank  accuracy     error
0  0.898802  0.176471  0.078314
Optimization terminated successfully    (Exit mode 0)
            Current function value: 0.03990051903114191
            Iterations: 10
            Function evaluations: 129
            Gradient evaluations: 10
       rank  accuracy     error
0  0.965533  0.231618  0.039901
Optimization terminated successfully    (Exit mode 0)
            Current function value: 0.033453179065744014
            Iterations: 6
            Function evaluations: 86
            Gradient evaluations: 6
       rank  accuracy     error
0  0.967966  0.242647  0.033453
✨ Experiment complete. Results archived at: /mnt/beegfs/hellgate/home/tp183485/timecorr_trazzp/Cluster_Data/paragraph_100_10_10_isfc_PCA_25_laplace.csv
