corrs 1
sub corrs 10
corrs 2
sub corrs 20
corrs 3
sub corrs 30
corrs 4
sub corrs 40
corrs 5
sub corrs 50
corrs 6
sub corrs 60
corrs 7
sub corrs 70
corrs 8
sub corrs 80
corrs 9
sub corrs 90
corrs 10
sub corrs 100
Optimization terminated successfully    (Exit mode 0)
            Current function value: 0.15235726643598596
            Iterations: 1
            Function evaluations: 2
            Gradient evaluations: 1
       rank  accuracy     error
0  0.916604  0.172794  0.152357
Optimization terminated successfully    (Exit mode 0)
            Current function value: 0.2717209126297575
            Iterations: 1
            Function evaluations: 14
            Gradient evaluations: 1
       rank  accuracy     error
0  0.901803  0.018382  0.271721
Optimization terminated successfully    (Exit mode 0)
            Current function value: 0.1437608131487888
            Iterations: 8
            Function evaluations: 44
            Gradient evaluations: 8
       rank  accuracy     error
0  0.916874  0.172794  0.143761
Optimization terminated successfully    (Exit mode 0)
            Current function value: 0.14358509948096873
            Iterations: 7
            Function evaluations: 48
            Gradient evaluations: 7
       rank  accuracy     error
0  0.916887  0.172794  0.143585
Optimization terminated successfully    (Exit mode 0)
            Current function value: 0.14768057958477487
            Iterations: 7
            Function evaluations: 54
            Gradient evaluations: 7
       rank  accuracy     error
0  0.915414  0.169118  0.147681
Optimization terminated successfully    (Exit mode 0)
            Current function value: 0.139449070069204
            Iterations: 9
            Function evaluations: 83
            Gradient evaluations: 9
       rank  accuracy     error
0  0.916144  0.183824  0.139449
Optimization terminated successfully    (Exit mode 0)
            Current function value: 0.28062824394463665
            Iterations: 3
            Function evaluations: 40
            Gradient evaluations: 3
       rank  accuracy     error
0  0.857767       0.0  0.280628
Optimization terminated successfully    (Exit mode 0)
            Current function value: 0.13454260380622832
            Iterations: 9
            Function evaluations: 101
            Gradient evaluations: 9
       rank  accuracy     error
0  0.916509  0.176471  0.134543
Optimization terminated successfully    (Exit mode 0)
            Current function value: 0.15193825692041504
            Iterations: 6
            Function evaluations: 71
            Gradient evaluations: 6
       rank  accuracy     error
0  0.916414  0.169118  0.151938
Optimization terminated successfully    (Exit mode 0)
            Current function value: 0.1518436418685119
            Iterations: 7
            Function evaluations: 88
            Gradient evaluations: 7
       rank  accuracy     error
0  0.916766  0.172794  0.151844
Optimization terminated successfully    (Exit mode 0)
            Current function value: 0.2697475129757785
            Iterations: 6
            Function evaluations: 88
            Gradient evaluations: 6
       rank  accuracy     error
0  0.893937  0.018382  0.269748
corrs 1
sub corrs 10
corrs 2
sub corrs 20
corrs 3
sub corrs 30
corrs 4
sub corrs 40
corrs 5
sub corrs 50
corrs 6
sub corrs 60
corrs 7
sub corrs 70
corrs 8
sub corrs 80
corrs 9
sub corrs 90
corrs 10
sub corrs 100
Optimization terminated successfully    (Exit mode 0)
            Current function value: 0.17041522491349448
            Iterations: 1
            Function evaluations: 2
            Gradient evaluations: 1
       rank  accuracy     error
0  0.914509  0.143382  0.170415
Optimization terminated successfully    (Exit mode 0)
            Current function value: 0.23602400519031144
            Iterations: 1
            Function evaluations: 14
            Gradient evaluations: 1
       rank  accuracy     error
0  0.900343  0.055147  0.236024
Optimization terminated successfully    (Exit mode 0)
            Current function value: 0.1661980968858128
            Iterations: 4
            Function evaluations: 27
            Gradient evaluations: 4
       rank  accuracy     error
0  0.914779  0.147059  0.166198
Optimization terminated successfully    (Exit mode 0)
            Current function value: 0.16239997837370213
            Iterations: 8
            Function evaluations: 55
            Gradient evaluations: 8
       rank  accuracy   error
0  0.913265  0.147059  0.1624
Optimization terminated successfully    (Exit mode 0)
            Current function value: 0.2564743728373702
            Iterations: 3
            Function evaluations: 29
            Gradient evaluations: 3
       rank  accuracy     error
0  0.881191  0.018382  0.256474
Optimization terminated successfully    (Exit mode 0)
            Current function value: 0.1658061202422142
            Iterations: 9
            Function evaluations: 76
            Gradient evaluations: 9
       rank  accuracy     error
0  0.914184  0.139706  0.165806
Optimization terminated successfully    (Exit mode 0)
            Current function value: 0.2717209126297576
            Iterations: 3
            Function evaluations: 35
            Gradient evaluations: 3
       rank  accuracy     error
0  0.863079  0.014706  0.271721
Optimization terminated successfully    (Exit mode 0)
            Current function value: 0.1676038062283735
            Iterations: 12
            Function evaluations: 121
            Gradient evaluations: 12
      rank  accuracy     error
0  0.91409  0.143382  0.167604
Optimization terminated successfully    (Exit mode 0)
            Current function value: 0.16460315743944612
            Iterations: 6
            Function evaluations: 71
            Gradient evaluations: 6
       rank  accuracy     error
0  0.914211  0.150735  0.164603
Optimization terminated successfully    (Exit mode 0)
            Current function value: 0.16158899221453266
            Iterations: 9
            Function evaluations: 117
            Gradient evaluations: 9
      rank  accuracy     error
0  0.91409  0.150735  0.161589
Optimization terminated successfully    (Exit mode 0)
            Current function value: 0.268531033737024
            Iterations: 4
            Function evaluations: 60
            Gradient evaluations: 4
       rank  accuracy     error
0  0.886205  0.018382  0.268531
✨ Experiment complete. Results archived at: /mnt/beegfs/hellgate/home/tp183485/timecorr_trazzp/Cluster_Data/paragraph_100_10_10_isfc_DictionaryLearning_30_mexican_hat.csv
