corrs 1
sub corrs 10
corrs 2
sub corrs 20
corrs 3
sub corrs 30
corrs 4
sub corrs 40
corrs 5
sub corrs 50
corrs 6
sub corrs 60
corrs 7
sub corrs 70
corrs 8
sub corrs 80
corrs 9
sub corrs 90
corrs 10
sub corrs 100
Optimization terminated successfully    (Exit mode 0)
            Current function value: 0.17670036764705876
            Iterations: 1
            Function evaluations: 2
            Gradient evaluations: 1
       rank  accuracy   error
0  0.929363  0.172794  0.1767
Optimization terminated successfully    (Exit mode 0)
            Current function value: 0.17670036764705876
            Iterations: 5
            Function evaluations: 15
            Gradient evaluations: 5
       rank  accuracy   error
0  0.929363  0.172794  0.1767
Optimization terminated successfully    (Exit mode 0)
            Current function value: 0.15519571799307952
            Iterations: 6
            Function evaluations: 37
            Gradient evaluations: 6
       rank  accuracy     error
0  0.930052  0.158088  0.155196
Optimization terminated successfully    (Exit mode 0)
            Current function value: 0.0781520328719724
            Iterations: 6
            Function evaluations: 43
            Gradient evaluations: 6
       rank  accuracy     error
0  0.759056  0.147059  0.078152
Optimization terminated successfully    (Exit mode 0)
            Current function value: 0.03704855103806241
            Iterations: 5
            Function evaluations: 42
            Gradient evaluations: 5
       rank  accuracy     error
0  0.623635  0.209559  0.037049
Optimization terminated successfully    (Exit mode 0)
            Current function value: 0.03877865484429078
            Iterations: 4
            Function evaluations: 40
            Gradient evaluations: 4
       rank  accuracy     error
0  0.642504  0.231618  0.038779
Optimization terminated successfully    (Exit mode 0)
            Current function value: 0.036088884083045066
            Iterations: 9
            Function evaluations: 90
            Gradient evaluations: 9
       rank  accuracy     error
0  0.635908  0.209559  0.036089
Optimization terminated successfully    (Exit mode 0)
            Current function value: 0.034466911764705975
            Iterations: 8
            Function evaluations: 95
            Gradient evaluations: 8
       rank  accuracy     error
0  0.637192  0.227941  0.034467
Optimization terminated successfully    (Exit mode 0)
            Current function value: 0.03388570501730109
            Iterations: 4
            Function evaluations: 52
            Gradient evaluations: 4
       rank  accuracy     error
0  0.629879  0.231618  0.033886
Optimization terminated successfully    (Exit mode 0)
            Current function value: 0.03293955449826995
            Iterations: 7
            Function evaluations: 98
            Gradient evaluations: 7
      rank  accuracy    error
0  0.64195  0.253676  0.03294
Optimization terminated successfully    (Exit mode 0)
            Current function value: 0.025491998269896246
            Iterations: 5
            Function evaluations: 73
            Gradient evaluations: 5
       rank  accuracy     error
0  0.640138  0.235294  0.025492
corrs 1
sub corrs 10
corrs 2
sub corrs 20
corrs 3
sub corrs 30
corrs 4
sub corrs 40
corrs 5
sub corrs 50
corrs 6
sub corrs 60
corrs 7
sub corrs 70
corrs 8
sub corrs 80
corrs 9
sub corrs 90
corrs 10
sub corrs 100
Optimization terminated successfully    (Exit mode 0)
            Current function value: 0.17538927335640117
            Iterations: 1
            Function evaluations: 2
            Gradient evaluations: 1
       rank  accuracy     error
0  0.928241  0.209559  0.175389
Optimization terminated successfully    (Exit mode 0)
            Current function value: 0.19096020761245663
            Iterations: 3
            Function evaluations: 20
            Gradient evaluations: 3
       rank  accuracy    error
0  0.913738  0.169118  0.19096
Optimization terminated successfully    (Exit mode 0)
            Current function value: 0.16414359861591687
            Iterations: 6
            Function evaluations: 36
            Gradient evaluations: 6
       rank  accuracy     error
0  0.934756  0.216912  0.164144
Optimization terminated successfully    (Exit mode 0)
            Current function value: 0.11378135813148811
            Iterations: 4
            Function evaluations: 32
            Gradient evaluations: 4
       rank  accuracy     error
0  0.830058  0.191176  0.113781
Optimization terminated successfully    (Exit mode 0)
            Current function value: 0.04860510380622848
            Iterations: 5
            Function evaluations: 42
            Gradient evaluations: 5
     rank  accuracy     error
0  0.6634  0.216912  0.048605
Optimization terminated successfully    (Exit mode 0)
            Current function value: 0.0427119377162631
            Iterations: 6
            Function evaluations: 56
            Gradient evaluations: 6
       rank  accuracy     error
0  0.669726  0.224265  0.042712
Optimization terminated successfully    (Exit mode 0)
            Current function value: 0.037427011245674824
            Iterations: 10
            Function evaluations: 98
            Gradient evaluations: 10
       rank  accuracy     error
0  0.643396  0.220588  0.037427
Optimization terminated successfully    (Exit mode 0)
            Current function value: 0.03200692041522495
            Iterations: 6
            Function evaluations: 67
            Gradient evaluations: 6
       rank  accuracy     error
0  0.666468  0.220588  0.032007
Optimization terminated successfully    (Exit mode 0)
            Current function value: 0.0326827422145329
            Iterations: 5
            Function evaluations: 62
            Gradient evaluations: 5
       rank  accuracy     error
0  0.629893  0.231618  0.032683
Optimization terminated successfully    (Exit mode 0)
            Current function value: 0.03170955882352944
            Iterations: 5
            Function evaluations: 70
            Gradient evaluations: 5
       rank  accuracy    error
0  0.641652  0.242647  0.03171
Optimization terminated successfully    (Exit mode 0)
            Current function value: 0.03150681228373704
            Iterations: 3
            Function evaluations: 47
            Gradient evaluations: 3
       rank  accuracy     error
0  0.644153  0.238971  0.031507
✨ Experiment complete. Results archived at: /mnt/beegfs/hellgate/home/tp183485/timecorr_trazzp/Cluster_Data/paragraph_100_10_10_isfc_FactorAnalysis_25_gaussian.csv
