corrs 1
sub corrs 10
corrs 2
sub corrs 20
corrs 3
sub corrs 30
corrs 4
sub corrs 40
corrs 5
sub corrs 50
corrs 6
sub corrs 60
corrs 7
sub corrs 70
corrs 8
sub corrs 80
corrs 9
sub corrs 90
corrs 10
sub corrs 100
Optimization terminated successfully    (Exit mode 0)
            Current function value: 0.08318888888888894
            Iterations: 1
            Function evaluations: 2
            Gradient evaluations: 1
       rank  accuracy     error
0  0.961244  0.216667  0.083189
Optimization terminated successfully    (Exit mode 0)
            Current function value: 0.07628888888888899
            Iterations: 3
            Function evaluations: 20
            Gradient evaluations: 3
       rank  accuracy     error
0  0.959289  0.203333  0.076289
Optimization terminated successfully    (Exit mode 0)
            Current function value: 0.091588888888889
            Iterations: 3
            Function evaluations: 23
            Gradient evaluations: 3
       rank  accuracy     error
0  0.955256       0.2  0.091589
Optimization terminated successfully    (Exit mode 0)
            Current function value: 0.07404444444444447
            Iterations: 4
            Function evaluations: 31
            Gradient evaluations: 4
       rank  accuracy     error
0  0.961256  0.206667  0.074044
Optimization terminated successfully    (Exit mode 0)
            Current function value: 0.07523333333333339
            Iterations: 10
            Function evaluations: 74
            Gradient evaluations: 10
       rank  accuracy     error
0  0.960256      0.19  0.075233
Optimization terminated successfully    (Exit mode 0)
            Current function value: 0.07881111111111118
            Iterations: 7
            Function evaluations: 62
            Gradient evaluations: 7
       rank  accuracy     error
0  0.960144       0.2  0.078811
Optimization terminated successfully    (Exit mode 0)
            Current function value: 0.07685555555555558
            Iterations: 5
            Function evaluations: 51
            Gradient evaluations: 5
    rank  accuracy     error
0  0.961  0.213333  0.076856
Optimization terminated successfully    (Exit mode 0)
            Current function value: 0.06530000000000002
            Iterations: 8
            Function evaluations: 86
            Gradient evaluations: 8
       rank  accuracy   error
0  0.963267  0.223333  0.0653
Optimization terminated successfully    (Exit mode 0)
            Current function value: 0.06910000000000002
            Iterations: 5
            Function evaluations: 61
            Gradient evaluations: 5
       rank  accuracy   error
0  0.962889      0.24  0.0691
Optimization terminated successfully    (Exit mode 0)
            Current function value: 0.06973333333333337
            Iterations: 4
            Function evaluations: 55
            Gradient evaluations: 4
       rank  accuracy     error
0  0.963244  0.233333  0.069733
Optimization terminated successfully    (Exit mode 0)
            Current function value: 0.06803333333333336
            Iterations: 6
            Function evaluations: 83
            Gradient evaluations: 6
       rank  accuracy     error
0  0.963333  0.233333  0.068033
corrs 1
sub corrs 10
corrs 2
sub corrs 20
corrs 3
sub corrs 30
corrs 4
sub corrs 40
corrs 5
sub corrs 50
corrs 6
sub corrs 60
corrs 7
sub corrs 70
corrs 8
sub corrs 80
corrs 9
sub corrs 90
corrs 10
sub corrs 100
Optimization terminated successfully    (Exit mode 0)
            Current function value: 0.08972222222222234
            Iterations: 1
            Function evaluations: 2
            Gradient evaluations: 1
       rank  accuracy     error
0  0.958744      0.27  0.089722
Optimization terminated successfully    (Exit mode 0)
            Current function value: 0.08972222222222234
            Iterations: 6
            Function evaluations: 18
            Gradient evaluations: 6
       rank  accuracy     error
0  0.958744      0.27  0.089722
Optimization terminated successfully    (Exit mode 0)
            Current function value: 0.09584444444444458
            Iterations: 3
            Function evaluations: 23
            Gradient evaluations: 3
       rank  accuracy     error
0  0.956078      0.26  0.095844
Optimization terminated successfully    (Exit mode 0)
            Current function value: 0.09281111111111123
            Iterations: 6
            Function evaluations: 42
            Gradient evaluations: 6
       rank  accuracy     error
0  0.956633      0.24  0.092811
Optimization terminated successfully    (Exit mode 0)
            Current function value: 0.09021111111111126
            Iterations: 5
            Function evaluations: 44
            Gradient evaluations: 5
       rank  accuracy     error
0  0.958333      0.25  0.090211
Optimization terminated successfully    (Exit mode 0)
            Current function value: 0.08832222222222236
            Iterations: 5
            Function evaluations: 48
            Gradient evaluations: 5
       rank  accuracy     error
0  0.959489  0.266667  0.088322
Optimization terminated successfully    (Exit mode 0)
            Current function value: 0.088188888888889
            Iterations: 5
            Function evaluations: 51
            Gradient evaluations: 5
       rank  accuracy     error
0  0.957189      0.23  0.088189
Optimization terminated successfully    (Exit mode 0)
            Current function value: 0.08203333333333344
            Iterations: 5
            Function evaluations: 58
            Gradient evaluations: 5
       rank  accuracy     error
0  0.962344  0.273333  0.082033
Optimization terminated successfully    (Exit mode 0)
            Current function value: 0.08642222222222234
            Iterations: 4
            Function evaluations: 54
            Gradient evaluations: 4
       rank  accuracy     error
0  0.958833      0.26  0.086422
Optimization terminated successfully    (Exit mode 0)
            Current function value: 0.08336666666666673
            Iterations: 4
            Function evaluations: 55
            Gradient evaluations: 4
       rank  accuracy     error
0  0.961533      0.28  0.083367
Optimization terminated successfully    (Exit mode 0)
            Current function value: 0.0831222222222223
            Iterations: 3
            Function evaluations: 47
            Gradient evaluations: 3
       rank  accuracy     error
0  0.960022  0.276667  0.083122
✨ Experiment complete. Results archived at: /mnt/beegfs/hellgate/home/tp183485/timecorr_trazzp/Cluster_Data/intact_100_10_10_isfc_SpectralEmbedding_35_gaussian.csv
