corrs 1
sub corrs 10
corrs 2
sub corrs 20
corrs 3
sub corrs 30
corrs 4
sub corrs 40
corrs 5
sub corrs 50
corrs 6
sub corrs 60
corrs 7
sub corrs 70
corrs 8
sub corrs 80
corrs 9
sub corrs 90
corrs 10
sub corrs 100
Optimization terminated successfully    (Exit mode 0)
            Current function value: 0.13875973183390986
            Iterations: 1
            Function evaluations: 2
            Gradient evaluations: 1
       rank  accuracy    error
0  0.937635  0.165441  0.13876
Optimization terminated successfully    (Exit mode 0)
            Current function value: 0.03531844723183393
            Iterations: 4
            Function evaluations: 26
            Gradient evaluations: 4
       rank  accuracy     error
0  0.977698  0.224265  0.035318
Optimization terminated successfully    (Exit mode 0)
            Current function value: 0.009569636678200712
            Iterations: 1
            Function evaluations: 15
            Gradient evaluations: 1
       rank  accuracy    error
0  0.988389  0.279412  0.00957
Optimization terminated successfully    (Exit mode 0)
            Current function value: 0.008839749134948106
            Iterations: 6
            Function evaluations: 44
            Gradient evaluations: 6
       rank  accuracy    error
0  0.989133  0.261029  0.00884
Optimization terminated successfully    (Exit mode 0)
            Current function value: 0.009677768166089992
            Iterations: 4
            Function evaluations: 35
            Gradient evaluations: 4
       rank  accuracy     error
0  0.988944  0.275735  0.009678
Optimization terminated successfully    (Exit mode 0)
            Current function value: 0.006731185121107257
            Iterations: 5
            Function evaluations: 46
            Gradient evaluations: 5
       rank  accuracy     error
0  0.990903  0.290441  0.006731
Optimization terminated successfully    (Exit mode 0)
            Current function value: 0.007244809688581308
            Iterations: 3
            Function evaluations: 35
            Gradient evaluations: 3
       rank  accuracy     error
0  0.990336  0.294118  0.007245
Optimization terminated successfully    (Exit mode 0)
            Current function value: 0.007177227508650511
            Iterations: 2
            Function evaluations: 29
            Gradient evaluations: 2
       rank  accuracy     error
0  0.990417  0.286765  0.007177
Optimization terminated successfully    (Exit mode 0)
            Current function value: 0.008217993079584785
            Iterations: 6
            Function evaluations: 71
            Gradient evaluations: 6
       rank  accuracy     error
0  0.989863  0.286765  0.008218
Optimization terminated successfully    (Exit mode 0)
            Current function value: 0.007704368512110725
            Iterations: 7
            Function evaluations: 89
            Gradient evaluations: 7
       rank  accuracy     error
0  0.990349  0.290441  0.007704
Optimization terminated successfully    (Exit mode 0)
            Current function value: 0.007920631487889285
            Iterations: 6
            Function evaluations: 83
            Gradient evaluations: 6
       rank  accuracy     error
0  0.990228  0.297794  0.007921
corrs 1
sub corrs 10
corrs 2
sub corrs 20
corrs 3
sub corrs 30
corrs 4
sub corrs 40
corrs 5
sub corrs 50
corrs 6
sub corrs 60
corrs 7
sub corrs 70
corrs 8
sub corrs 80
corrs 9
sub corrs 90
corrs 10
sub corrs 100
Optimization terminated successfully    (Exit mode 0)
            Current function value: 0.18007947664359833
            Iterations: 1
            Function evaluations: 2
            Gradient evaluations: 1
      rank  accuracy     error
0  0.94146  0.176471  0.180079
Optimization terminated successfully    (Exit mode 0)
            Current function value: 0.03454801038062289
            Iterations: 4
            Function evaluations: 25
            Gradient evaluations: 4
       rank  accuracy     error
0  0.976725  0.213235  0.034548
Optimization terminated successfully    (Exit mode 0)
            Current function value: 0.01352995242214536
            Iterations: 3
            Function evaluations: 23
            Gradient evaluations: 3
       rank  accuracy    error
0  0.987727  0.268382  0.01353
Optimization terminated successfully    (Exit mode 0)
            Current function value: 0.012381055363321831
            Iterations: 5
            Function evaluations: 36
            Gradient evaluations: 5
      rank  accuracy     error
0  0.98816  0.268382  0.012381
Optimization terminated successfully    (Exit mode 0)
            Current function value: 0.013083910034602108
            Iterations: 4
            Function evaluations: 35
            Gradient evaluations: 4
       rank  accuracy     error
0  0.988038  0.268382  0.013084
Optimization terminated successfully    (Exit mode 0)
            Current function value: 0.009718317474048454
            Iterations: 10
            Function evaluations: 86
            Gradient evaluations: 10
       rank  accuracy     error
0  0.990065  0.275735  0.009718
Optimization terminated successfully    (Exit mode 0)
            Current function value: 0.010867214532871997
            Iterations: 5
            Function evaluations: 53
            Gradient evaluations: 5
       rank  accuracy     error
0  0.989268  0.286765  0.010867
Optimization terminated successfully    (Exit mode 0)
            Current function value: 0.01179984861591698
            Iterations: 9
            Function evaluations: 100
            Gradient evaluations: 9
       rank  accuracy   error
0  0.988862  0.268382  0.0118
Optimization terminated successfully    (Exit mode 0)
            Current function value: 0.010448205017301058
            Iterations: 14
            Function evaluations: 154
            Gradient evaluations: 14
       rank  accuracy     error
0  0.989471  0.283088  0.010448
Optimization terminated successfully    (Exit mode 0)
            Current function value: 0.010772599480968882
            Iterations: 9
            Function evaluations: 112
            Gradient evaluations: 9
       rank  accuracy     error
0  0.989484  0.279412  0.010773
Optimization terminated successfully    (Exit mode 0)
            Current function value: 0.009042495674740482
            Iterations: 8
            Function evaluations: 107
            Gradient evaluations: 8
       rank  accuracy     error
0  0.990376  0.294118  0.009042
✨ Experiment complete. Results archived at: /mnt/beegfs/hellgate/home/tp183485/timecorr_trazzp/Cluster_Data/paragraph_100_10_10_isfc_UMAP_25_laplace.csv
