corrs 1
sub corrs 10
corrs 2
sub corrs 20
corrs 3
sub corrs 30
corrs 4
sub corrs 40
corrs 5
sub corrs 50
corrs 6
sub corrs 60
corrs 7
sub corrs 70
corrs 8
sub corrs 80
corrs 9
sub corrs 90
corrs 10
sub corrs 100
Optimization terminated successfully    (Exit mode 0)
            Current function value: 0.07861111111111124
            Iterations: 1
            Function evaluations: 2
            Gradient evaluations: 1
       rank  accuracy     error
0  0.962478      0.26  0.078611
Optimization terminated successfully    (Exit mode 0)
            Current function value: 0.07861111111111124
            Iterations: 3
            Function evaluations: 9
            Gradient evaluations: 3
       rank  accuracy     error
0  0.962478      0.26  0.078611
Optimization terminated successfully    (Exit mode 0)
            Current function value: 0.07038888888888901
            Iterations: 4
            Function evaluations: 27
            Gradient evaluations: 4
     rank  accuracy     error
0  0.9624  0.263333  0.070389
Optimization terminated successfully    (Exit mode 0)
            Current function value: 0.04621111111111113
            Iterations: 2
            Function evaluations: 21
            Gradient evaluations: 2
       rank  accuracy     error
0  0.977556      0.25  0.046211
Optimization terminated successfully    (Exit mode 0)
            Current function value: 0.04014444444444442
            Iterations: 4
            Function evaluations: 38
            Gradient evaluations: 4
       rank  accuracy     error
0  0.979578  0.273333  0.040144
Optimization terminated successfully    (Exit mode 0)
            Current function value: 0.036899999999999995
            Iterations: 8
            Function evaluations: 71
            Gradient evaluations: 8
       rank  accuracy   error
0  0.979622      0.28  0.0369
Optimization terminated successfully    (Exit mode 0)
            Current function value: 0.034544444444444426
            Iterations: 6
            Function evaluations: 63
            Gradient evaluations: 6
       rank  accuracy     error
0  0.981844      0.29  0.034544
Optimization terminated successfully    (Exit mode 0)
            Current function value: 0.03597777777777777
            Iterations: 5
            Function evaluations: 58
            Gradient evaluations: 5
       rank  accuracy     error
0  0.981144      0.28  0.035978
Optimization terminated successfully    (Exit mode 0)
            Current function value: 0.04765555555555559
            Iterations: 4
            Function evaluations: 53
            Gradient evaluations: 4
       rank  accuracy     error
0  0.969867      0.23  0.047656
Optimization terminated successfully    (Exit mode 0)
            Current function value: 0.037477777777777756
            Iterations: 4
            Function evaluations: 55
            Gradient evaluations: 4
       rank  accuracy     error
0  0.978811  0.276667  0.037478
Optimization terminated successfully    (Exit mode 0)
            Current function value: 0.015411111111111117
            Iterations: 5
            Function evaluations: 73
            Gradient evaluations: 5
       rank  accuracy     error
0  0.987678  0.273333  0.015411
corrs 1
sub corrs 10
corrs 2
sub corrs 20
corrs 3
sub corrs 30
corrs 4
sub corrs 40
corrs 5
sub corrs 50
corrs 6
sub corrs 60
corrs 7
sub corrs 70
corrs 8
sub corrs 80
corrs 9
sub corrs 90
corrs 10
sub corrs 100
Optimization terminated successfully    (Exit mode 0)
            Current function value: 0.09447777777777785
            Iterations: 1
            Function evaluations: 2
            Gradient evaluations: 1
       rank  accuracy     error
0  0.963989      0.27  0.094478
Optimization terminated successfully    (Exit mode 0)
            Current function value: 0.09447777777777785
            Iterations: 3
            Function evaluations: 9
            Gradient evaluations: 3
       rank  accuracy     error
0  0.963989      0.27  0.094478
Optimization terminated successfully    (Exit mode 0)
            Current function value: 0.09447777777777785
            Iterations: 3
            Function evaluations: 23
            Gradient evaluations: 3
       rank  accuracy     error
0  0.963989      0.27  0.094478
Optimization terminated successfully    (Exit mode 0)
            Current function value: 0.041877777777777736
            Iterations: 3
            Function evaluations: 26
            Gradient evaluations: 3
       rank  accuracy     error
0  0.978311       0.3  0.041878
Optimization terminated successfully    (Exit mode 0)
            Current function value: 0.041366666666666635
            Iterations: 5
            Function evaluations: 43
            Gradient evaluations: 5
       rank  accuracy     error
0  0.978544  0.303333  0.041367
Optimization terminated successfully    (Exit mode 0)
            Current function value: 0.04322222222222223
            Iterations: 5
            Function evaluations: 46
            Gradient evaluations: 5
       rank  accuracy     error
0  0.976144  0.303333  0.043222
Optimization terminated successfully    (Exit mode 0)
            Current function value: 0.037533333333333294
            Iterations: 5
            Function evaluations: 52
            Gradient evaluations: 5
       rank  accuracy     error
0  0.978267      0.31  0.037533
Optimization terminated successfully    (Exit mode 0)
            Current function value: 0.03596666666666663
            Iterations: 4
            Function evaluations: 47
            Gradient evaluations: 4
       rank  accuracy     error
0  0.978278  0.303333  0.035967
Optimization terminated successfully    (Exit mode 0)
            Current function value: 0.026011111111111075
            Iterations: 8
            Function evaluations: 97
            Gradient evaluations: 8
       rank  accuracy     error
0  0.980878      0.32  0.026011
Optimization terminated successfully    (Exit mode 0)
            Current function value: 0.028933333333333287
            Iterations: 4
            Function evaluations: 56
            Gradient evaluations: 4
       rank  accuracy     error
0  0.979389  0.313333  0.028933
Optimization terminated successfully    (Exit mode 0)
            Current function value: 0.02108888888888889
            Iterations: 4
            Function evaluations: 59
            Gradient evaluations: 4
       rank  accuracy     error
0  0.985889  0.326667  0.021089
✨ Experiment complete. Results archived at: /mnt/beegfs/hellgate/home/tp183485/timecorr_trazzp/Cluster_Data/intact_100_10_10_isfc_UMAP_5_laplace.csv
