corrs 1
sub corrs 10
corrs 2
sub corrs 20
corrs 3
sub corrs 30
corrs 4
sub corrs 40
corrs 5
sub corrs 50
corrs 6
sub corrs 60
corrs 7
sub corrs 70
corrs 8
sub corrs 80
corrs 9
sub corrs 90
corrs 10
sub corrs 100
Optimization terminated successfully    (Exit mode 0)
            Current function value: 0.10036666666666681
            Iterations: 1
            Function evaluations: 2
            Gradient evaluations: 1
       rank  accuracy     error
0  0.959422  0.283333  0.100367
Optimization terminated successfully    (Exit mode 0)
            Current function value: 0.08670000000000018
            Iterations: 3
            Function evaluations: 21
            Gradient evaluations: 3
       rank  accuracy   error
0  0.960867       0.3  0.0867
Optimization terminated successfully    (Exit mode 0)
            Current function value: 0.06325555555555559
            Iterations: 3
            Function evaluations: 23
            Gradient evaluations: 3
       rank  accuracy     error
0  0.967711  0.276667  0.063256
Optimization terminated successfully    (Exit mode 0)
            Current function value: 0.0541333333333334
            Iterations: 4
            Function evaluations: 31
            Gradient evaluations: 4
       rank  accuracy     error
0  0.970789  0.293333  0.054133
Optimization terminated successfully    (Exit mode 0)
            Current function value: 0.04292222222222219
            Iterations: 3
            Function evaluations: 31
            Gradient evaluations: 3
       rank  accuracy     error
0  0.968133  0.283333  0.042922
Optimization terminated successfully    (Exit mode 0)
            Current function value: 0.046088888888888874
            Iterations: 4
            Function evaluations: 43
            Gradient evaluations: 4
       rank  accuracy     error
0  0.971911  0.286667  0.046089
Optimization terminated successfully    (Exit mode 0)
            Current function value: 0.02726666666666662
            Iterations: 4
            Function evaluations: 46
            Gradient evaluations: 4
       rank  accuracy     error
0  0.980322  0.306667  0.027267
Optimization terminated successfully    (Exit mode 0)
            Current function value: 0.025333333333333267
            Iterations: 5
            Function evaluations: 58
            Gradient evaluations: 5
       rank  accuracy     error
0  0.980533  0.306667  0.025333
Optimization terminated successfully    (Exit mode 0)
            Current function value: 0.029511111111111054
            Iterations: 5
            Function evaluations: 61
            Gradient evaluations: 5
       rank  accuracy     error
0  0.979167  0.306667  0.029511
Optimization terminated successfully    (Exit mode 0)
            Current function value: 0.024344444444444377
            Iterations: 11
            Function evaluations: 141
            Gradient evaluations: 11
       rank  accuracy     error
0  0.981033  0.306667  0.024344
Optimization terminated successfully    (Exit mode 0)
            Current function value: 0.0175222222222222
            Iterations: 7
            Function evaluations: 95
            Gradient evaluations: 7
       rank  accuracy     error
0  0.979067      0.31  0.017522
corrs 1
sub corrs 10
corrs 2
sub corrs 20
corrs 3
sub corrs 30
corrs 4
sub corrs 40
corrs 5
sub corrs 50
corrs 6
sub corrs 60
corrs 7
sub corrs 70
corrs 8
sub corrs 80
corrs 9
sub corrs 90
corrs 10
sub corrs 100
Optimization terminated successfully    (Exit mode 0)
            Current function value: 0.1047777777777779
            Iterations: 1
            Function evaluations: 2
            Gradient evaluations: 1
       rank  accuracy     error
0  0.959744      0.27  0.104778
Optimization terminated successfully    (Exit mode 0)
            Current function value: 0.0880777777777779
            Iterations: 5
            Function evaluations: 28
            Gradient evaluations: 5
       rank  accuracy     error
0  0.962767  0.276667  0.088078
Optimization terminated successfully    (Exit mode 0)
            Current function value: 0.04860000000000005
            Iterations: 2
            Function evaluations: 19
            Gradient evaluations: 2
     rank  accuracy   error
0  0.9739      0.28  0.0486
Optimization terminated successfully    (Exit mode 0)
            Current function value: 0.051322222222222276
            Iterations: 5
            Function evaluations: 38
            Gradient evaluations: 5
       rank  accuracy     error
0  0.974189  0.276667  0.051322
Optimization terminated successfully    (Exit mode 0)
            Current function value: 0.05406666666666675
            Iterations: 5
            Function evaluations: 41
            Gradient evaluations: 5
       rank  accuracy     error
0  0.973556      0.27  0.054067
Optimization terminated successfully    (Exit mode 0)
            Current function value: 0.04392222222222226
            Iterations: 4
            Function evaluations: 41
            Gradient evaluations: 4
       rank  accuracy     error
0  0.975678  0.286667  0.043922
Optimization terminated successfully    (Exit mode 0)
            Current function value: 0.015833333333333345
            Iterations: 3
            Function evaluations: 35
            Gradient evaluations: 3
       rank  accuracy     error
0  0.981922  0.323333  0.015833
Optimization terminated successfully    (Exit mode 0)
            Current function value: 0.016177777777777763
            Iterations: 5
            Function evaluations: 57
            Gradient evaluations: 5
       rank  accuracy     error
0  0.982567      0.31  0.016178
Optimization terminated successfully    (Exit mode 0)
            Current function value: 0.016499999999999987
            Iterations: 7
            Function evaluations: 83
            Gradient evaluations: 7
       rank  accuracy   error
0  0.982344      0.31  0.0165
Optimization terminated successfully    (Exit mode 0)
            Current function value: 0.016866666666666672
            Iterations: 5
            Function evaluations: 67
            Gradient evaluations: 5
       rank  accuracy     error
0  0.983433  0.306667  0.016867
Optimization terminated successfully    (Exit mode 0)
            Current function value: 0.012733333333333353
            Iterations: 4
            Function evaluations: 60
            Gradient evaluations: 4
       rank  accuracy     error
0  0.984511      0.33  0.012733
✨ Experiment complete. Results archived at: /mnt/beegfs/hellgate/home/tp183485/timecorr_trazzp/Cluster_Data/intact_100_10_10_isfc_UMAP_20_gaussian.csv
