corrs 1
sub corrs 10
corrs 2
sub corrs 20
corrs 3
sub corrs 30
corrs 4
sub corrs 40
corrs 5
sub corrs 50
corrs 6
sub corrs 60
corrs 7
sub corrs 70
corrs 8
sub corrs 80
corrs 9
sub corrs 90
corrs 10
sub corrs 100
Optimization terminated successfully    (Exit mode 0)
            Current function value: 0.07730000000000008
            Iterations: 1
            Function evaluations: 2
            Gradient evaluations: 1
     rank  accuracy   error
0  0.9552  0.276667  0.0773
Optimization terminated successfully    (Exit mode 0)
            Current function value: 0.07730000000000008
            Iterations: 3
            Function evaluations: 20
            Gradient evaluations: 3
       rank  accuracy   error
0  0.955211  0.276667  0.0773
Optimization terminated successfully    (Exit mode 0)
            Current function value: 0.07730000000000008
            Iterations: 3
            Function evaluations: 23
            Gradient evaluations: 3
       rank  accuracy   error
0  0.955211  0.276667  0.0773
Optimization terminated successfully    (Exit mode 0)
            Current function value: 0.07635555555555562
            Iterations: 6
            Function evaluations: 42
            Gradient evaluations: 6
       rank  accuracy     error
0  0.954889      0.27  0.076356
Optimization terminated successfully    (Exit mode 0)
            Current function value: 0.07577777777777785
            Iterations: 6
            Function evaluations: 47
            Gradient evaluations: 6
       rank  accuracy     error
0  0.955233  0.276667  0.075778
Optimization terminated successfully    (Exit mode 0)
            Current function value: 0.07730000000000008
            Iterations: 4
            Function evaluations: 40
            Gradient evaluations: 4
     rank  accuracy   error
0  0.9552  0.276667  0.0773
Optimization terminated successfully    (Exit mode 0)
            Current function value: 0.07638888888888898
            Iterations: 4
            Function evaluations: 43
            Gradient evaluations: 4
       rank  accuracy     error
0  0.955322  0.276667  0.076389
Optimization terminated successfully    (Exit mode 0)
            Current function value: 0.07637777777777786
            Iterations: 4
            Function evaluations: 47
            Gradient evaluations: 4
       rank  accuracy     error
0  0.955322  0.276667  0.076378
Optimization terminated successfully    (Exit mode 0)
            Current function value: 0.07658888888888897
            Iterations: 4
            Function evaluations: 51
            Gradient evaluations: 4
       rank  accuracy     error
0  0.955289  0.276667  0.076589
Optimization terminated successfully    (Exit mode 0)
            Current function value: 0.07730000000000008
            Iterations: 4
            Function evaluations: 55
            Gradient evaluations: 4
     rank  accuracy   error
0  0.9552  0.276667  0.0773
Optimization terminated successfully    (Exit mode 0)
            Current function value: 0.07285555555555565
            Iterations: 7
            Function evaluations: 98
            Gradient evaluations: 7
       rank  accuracy     error
0  0.956344  0.266667  0.072856
corrs 1
sub corrs 10
corrs 2
sub corrs 20
corrs 3
sub corrs 30
corrs 4
sub corrs 40
corrs 5
sub corrs 50
corrs 6
sub corrs 60
corrs 7
sub corrs 70
corrs 8
sub corrs 80
corrs 9
sub corrs 90
corrs 10
sub corrs 100
Optimization terminated successfully    (Exit mode 0)
            Current function value: 0.10272222222222233
            Iterations: 1
            Function evaluations: 2
            Gradient evaluations: 1
       rank  accuracy     error
0  0.962811      0.33  0.102722
Optimization terminated successfully    (Exit mode 0)
            Current function value: 0.0998000000000001
            Iterations: 5
            Function evaluations: 26
            Gradient evaluations: 5
       rank  accuracy   error
0  0.962789  0.326667  0.0998
Optimization terminated successfully    (Exit mode 0)
            Current function value: 0.0981111111111112
            Iterations: 5
            Function evaluations: 31
            Gradient evaluations: 5
       rank  accuracy     error
0  0.962811      0.33  0.098111
Optimization terminated successfully    (Exit mode 0)
            Current function value: 0.09420000000000006
            Iterations: 4
            Function evaluations: 32
            Gradient evaluations: 4
       rank  accuracy   error
0  0.962911      0.34  0.0942
Optimization terminated successfully    (Exit mode 0)
            Current function value: 0.09627777777777785
            Iterations: 4
            Function evaluations: 35
            Gradient evaluations: 4
       rank  accuracy     error
0  0.962744      0.33  0.096278
Optimization terminated successfully    (Exit mode 0)
            Current function value: 0.09676666666666675
            Iterations: 5
            Function evaluations: 46
            Gradient evaluations: 5
       rank  accuracy     error
0  0.962867  0.333333  0.096767
Optimization terminated successfully    (Exit mode 0)
            Current function value: 0.09494444444444451
            Iterations: 7
            Function evaluations: 68
            Gradient evaluations: 7
       rank  accuracy     error
0  0.962778  0.336667  0.094944
Optimization terminated successfully    (Exit mode 0)
            Current function value: 0.09424444444444453
            Iterations: 7
            Function evaluations: 74
            Gradient evaluations: 7
       rank  accuracy     error
0  0.962689  0.346667  0.094244
Optimization terminated successfully    (Exit mode 0)
            Current function value: 0.09421111111111118
            Iterations: 6
            Function evaluations: 71
            Gradient evaluations: 6
       rank  accuracy     error
0  0.962756  0.336667  0.094211
Optimization terminated successfully    (Exit mode 0)
            Current function value: 0.09577777777777786
            Iterations: 7
            Function evaluations: 89
            Gradient evaluations: 7
       rank  accuracy     error
0  0.962211  0.326667  0.095778
Optimization terminated successfully    (Exit mode 0)
            Current function value: 0.0952333333333334
            Iterations: 8
            Function evaluations: 108
            Gradient evaluations: 8
       rank  accuracy     error
0  0.962689  0.333333  0.095233
✨ Experiment complete. Results archived at: /mnt/beegfs/hellgate/home/tp183485/timecorr_trazzp/Cluster_Data/intact_100_10_10_isfc_FastICA_50_mexican_hat.csv
