corrs 1
sub corrs 10
corrs 2
sub corrs 20
corrs 3
sub corrs 30
corrs 4
sub corrs 40
corrs 5
sub corrs 50
corrs 6
sub corrs 60
corrs 7
sub corrs 70
corrs 8
sub corrs 80
corrs 9
sub corrs 90
corrs 10
sub corrs 100
Optimization terminated successfully    (Exit mode 0)
            Current function value: 0.08242222222222229
            Iterations: 1
            Function evaluations: 2
            Gradient evaluations: 1
     rank  accuracy     error
0  0.9687      0.26  0.082422
Optimization terminated successfully    (Exit mode 0)
            Current function value: 0.08242222222222229
            Iterations: 3
            Function evaluations: 9
            Gradient evaluations: 3
     rank  accuracy     error
0  0.9687      0.26  0.082422
Optimization terminated successfully    (Exit mode 0)
            Current function value: 0.07856666666666673
            Iterations: 3
            Function evaluations: 23
            Gradient evaluations: 3
     rank  accuracy     error
0  0.9689  0.263333  0.078567
Optimization terminated successfully    (Exit mode 0)
            Current function value: 0.06974444444444451
            Iterations: 6
            Function evaluations: 43
            Gradient evaluations: 6
       rank  accuracy     error
0  0.969056  0.263333  0.069744
Optimization terminated successfully    (Exit mode 0)
            Current function value: 0.07081111111111117
            Iterations: 6
            Function evaluations: 48
            Gradient evaluations: 6
     rank  accuracy     error
0  0.9688  0.263333  0.070811
Optimization terminated successfully    (Exit mode 0)
            Current function value: 0.07306666666666674
            Iterations: 4
            Function evaluations: 39
            Gradient evaluations: 4
       rank  accuracy     error
0  0.969033  0.263333  0.073067
Optimization terminated successfully    (Exit mode 0)
            Current function value: 0.07040000000000007
            Iterations: 6
            Function evaluations: 60
            Gradient evaluations: 6
       rank  accuracy   error
0  0.968767  0.263333  0.0704
Optimization terminated successfully    (Exit mode 0)
            Current function value: 0.07308888888888895
            Iterations: 5
            Function evaluations: 56
            Gradient evaluations: 5
       rank  accuracy     error
0  0.968867  0.263333  0.073089
Optimization terminated successfully    (Exit mode 0)
            Current function value: 0.07101111111111118
            Iterations: 8
            Function evaluations: 91
            Gradient evaluations: 8
       rank  accuracy     error
0  0.969144  0.266667  0.071011
Optimization terminated successfully    (Exit mode 0)
            Current function value: 0.07116666666666674
            Iterations: 6
            Function evaluations: 77
            Gradient evaluations: 6
       rank  accuracy     error
0  0.968611  0.256667  0.071167
Optimization terminated successfully    (Exit mode 0)
            Current function value: 0.07257777777777787
            Iterations: 9
            Function evaluations: 121
            Gradient evaluations: 9
       rank  accuracy     error
0  0.970156      0.26  0.072578
corrs 1
sub corrs 10
corrs 2
sub corrs 20
corrs 3
sub corrs 30
corrs 4
sub corrs 40
corrs 5
sub corrs 50
corrs 6
sub corrs 60
corrs 7
sub corrs 70
corrs 8
sub corrs 80
corrs 9
sub corrs 90
corrs 10
sub corrs 100
Optimization terminated successfully    (Exit mode 0)
            Current function value: 0.08702222222222236
            Iterations: 1
            Function evaluations: 2
            Gradient evaluations: 1
       rank  accuracy     error
0  0.971522  0.273333  0.087022
Optimization terminated successfully    (Exit mode 0)
            Current function value: 0.08702222222222236
            Iterations: 3
            Function evaluations: 9
            Gradient evaluations: 3
       rank  accuracy     error
0  0.971522  0.273333  0.087022
Optimization terminated successfully    (Exit mode 0)
            Current function value: 0.08517777777777794
            Iterations: 5
            Function evaluations: 32
            Gradient evaluations: 5
       rank  accuracy     error
0  0.971222  0.273333  0.085178
Optimization terminated successfully    (Exit mode 0)
            Current function value: 0.08311111111111126
            Iterations: 3
            Function evaluations: 26
            Gradient evaluations: 3
       rank  accuracy     error
0  0.971956  0.283333  0.083111
Optimization terminated successfully    (Exit mode 0)
            Current function value: 0.08033333333333349
            Iterations: 10
            Function evaluations: 74
            Gradient evaluations: 10
    rank  accuracy     error
0  0.971  0.273333  0.080333
Optimization terminated successfully    (Exit mode 0)
            Current function value: 0.08775555555555574
            Iterations: 13
            Function evaluations: 109
            Gradient evaluations: 13
       rank  accuracy     error
0  0.970856  0.283333  0.087756
Optimization terminated successfully    (Exit mode 0)
            Current function value: 0.07183333333333349
            Iterations: 8
            Function evaluations: 76
            Gradient evaluations: 8
       rank  accuracy     error
0  0.971544      0.28  0.071833
Optimization terminated successfully    (Exit mode 0)
            Current function value: 0.08050000000000015
            Iterations: 6
            Function evaluations: 65
            Gradient evaluations: 6
       rank  accuracy   error
0  0.971356  0.273333  0.0805
Optimization terminated successfully    (Exit mode 0)
            Current function value: 0.07624444444444459
            Iterations: 9
            Function evaluations: 105
            Gradient evaluations: 9
     rank  accuracy     error
0  0.9715      0.28  0.076244
Optimization terminated successfully    (Exit mode 0)
            Current function value: 0.07661111111111125
            Iterations: 9
            Function evaluations: 113
            Gradient evaluations: 9
       rank  accuracy     error
0  0.969189  0.266667  0.076611
Optimization terminated successfully    (Exit mode 0)
            Current function value: 0.07590000000000013
            Iterations: 7
            Function evaluations: 96
            Gradient evaluations: 7
       rank  accuracy   error
0  0.971522      0.28  0.0759
✨ Experiment complete. Results archived at: /mnt/beegfs/hellgate/home/tp183485/timecorr_trazzp/Cluster_Data/intact_100_10_10_isfc_IncrementalPCA_10_laplace.csv
