corrs 1
sub corrs 10
corrs 2
sub corrs 20
corrs 3
sub corrs 30
corrs 4
sub corrs 40
corrs 5
sub corrs 50
corrs 6
sub corrs 60
corrs 7
sub corrs 70
corrs 8
sub corrs 80
corrs 9
sub corrs 90
corrs 10
sub corrs 100
Optimization terminated successfully    (Exit mode 0)
            Current function value: 0.1701854455017299
            Iterations: 1
            Function evaluations: 2
            Gradient evaluations: 1
       rank  accuracy     error
0  0.911481  0.161765  0.170185
Optimization terminated successfully    (Exit mode 0)
            Current function value: 0.16988808391003435
            Iterations: 5
            Function evaluations: 27
            Gradient evaluations: 5
       rank  accuracy     error
0  0.902574  0.110294  0.169888
Optimization terminated successfully    (Exit mode 0)
            Current function value: 0.16629271193771591
            Iterations: 5
            Function evaluations: 36
            Gradient evaluations: 5
       rank  accuracy     error
0  0.907223  0.117647  0.166293
Optimization terminated successfully    (Exit mode 0)
            Current function value: 0.16863105536332157
            Iterations: 3
            Function evaluations: 26
            Gradient evaluations: 3
       rank  accuracy     error
0  0.909507  0.117647  0.168631
Optimization terminated successfully    (Exit mode 0)
            Current function value: 0.1576421929065742
            Iterations: 5
            Function evaluations: 43
            Gradient evaluations: 5
       rank  accuracy     error
0  0.910602  0.150735  0.157642
Optimization terminated successfully    (Exit mode 0)
            Current function value: 0.15657439446366772
            Iterations: 4
            Function evaluations: 39
            Gradient evaluations: 4
       rank  accuracy     error
0  0.906912  0.132353  0.156574
Optimization terminated successfully    (Exit mode 0)
            Current function value: 0.15637164792387526
            Iterations: 6
            Function evaluations: 62
            Gradient evaluations: 6
       rank  accuracy     error
0  0.911211  0.154412  0.156372
Optimization terminated successfully    (Exit mode 0)
            Current function value: 0.15024870242214527
            Iterations: 6
            Function evaluations: 67
            Gradient evaluations: 6
       rank  accuracy     error
0  0.900843  0.165441  0.150249
Optimization terminated successfully    (Exit mode 0)
            Current function value: 0.15093804065743938
            Iterations: 6
            Function evaluations: 73
            Gradient evaluations: 6
       rank  accuracy     error
0  0.899032  0.147059  0.150938
Optimization terminated successfully    (Exit mode 0)
            Current function value: 0.1592911980968856
            Iterations: 6
            Function evaluations: 80
            Gradient evaluations: 6
       rank  accuracy     error
0  0.907075  0.147059  0.159291
Optimization terminated successfully    (Exit mode 0)
            Current function value: 0.1646031574394462
            Iterations: 5
            Function evaluations: 74
            Gradient evaluations: 5
       rank  accuracy     error
0  0.910724  0.158088  0.164603
corrs 1
sub corrs 10
corrs 2
sub corrs 20
corrs 3
sub corrs 30
corrs 4
sub corrs 40
corrs 5
sub corrs 50
corrs 6
sub corrs 60
corrs 7
sub corrs 70
corrs 8
sub corrs 80
corrs 9
sub corrs 90
corrs 10
sub corrs 100
Optimization terminated successfully    (Exit mode 0)
            Current function value: 0.1706855536332178
            Iterations: 1
            Function evaluations: 2
            Gradient evaluations: 1
       rank  accuracy     error
0  0.912197  0.136029  0.170686
Optimization terminated successfully    (Exit mode 0)
            Current function value: 0.1706855536332178
            Iterations: 4
            Function evaluations: 12
            Gradient evaluations: 4
       rank  accuracy     error
0  0.912197  0.136029  0.170686
Optimization terminated successfully    (Exit mode 0)
            Current function value: 0.1706855536332178
            Iterations: 4
            Function evaluations: 16
            Gradient evaluations: 4
       rank  accuracy     error
0  0.912197  0.136029  0.170686
Optimization terminated successfully    (Exit mode 0)
            Current function value: 0.1701854455017299
            Iterations: 4
            Function evaluations: 31
            Gradient evaluations: 4
       rank  accuracy     error
0  0.912211  0.136029  0.170185
Optimization terminated successfully    (Exit mode 0)
            Current function value: 0.1759569636678198
            Iterations: 5
            Function evaluations: 41
            Gradient evaluations: 5
       rank  accuracy     error
0  0.913414  0.132353  0.175957
Optimization terminated successfully    (Exit mode 0)
            Current function value: 0.1818636461937715
            Iterations: 5
            Function evaluations: 52
            Gradient evaluations: 5
       rank  accuracy     error
0  0.909886  0.113971  0.181864
Optimization terminated successfully    (Exit mode 0)
            Current function value: 0.17640300605536327
            Iterations: 8
            Function evaluations: 81
            Gradient evaluations: 8
       rank  accuracy     error
0  0.908264  0.110294  0.176403
Optimization terminated successfully    (Exit mode 0)
            Current function value: 0.18330990484429036
            Iterations: 6
            Function evaluations: 65
            Gradient evaluations: 6
       rank  accuracy    error
0  0.904723  0.110294  0.18331
Optimization terminated successfully    (Exit mode 0)
            Current function value: 0.16554930795847728
            Iterations: 5
            Function evaluations: 61
            Gradient evaluations: 5
       rank  accuracy     error
0  0.912413  0.113971  0.165549
Optimization terminated successfully    (Exit mode 0)
            Current function value: 0.15943987889273345
            Iterations: 5
            Function evaluations: 66
            Gradient evaluations: 5
       rank  accuracy    error
0  0.900546  0.106618  0.15944
Optimization terminated successfully    (Exit mode 0)
            Current function value: 0.16162954152249126
            Iterations: 4
            Function evaluations: 61
            Gradient evaluations: 4
       rank  accuracy    error
0  0.901181  0.117647  0.16163
✨ Experiment complete. Results archived at: /mnt/beegfs/hellgate/home/tp183485/timecorr_trazzp/Cluster_Data/paragraph_100_10_10_isfc_SpectralEmbedding_30_gaussian.csv
