corrs 1
sub corrs 10
corrs 2
sub corrs 20
corrs 3
sub corrs 30
corrs 4
sub corrs 40
corrs 5
sub corrs 50
corrs 6
sub corrs 60
corrs 7
sub corrs 70
corrs 8
sub corrs 80
corrs 9
sub corrs 90
corrs 10
sub corrs 100
Optimization terminated successfully    (Exit mode 0)
            Current function value: 0.10937777777777787
            Iterations: 1
            Function evaluations: 2
            Gradient evaluations: 1
       rank  accuracy     error
0  0.959733  0.233333  0.109378
Optimization terminated successfully    (Exit mode 0)
            Current function value: 0.09376666666666676
            Iterations: 4
            Function evaluations: 13
            Gradient evaluations: 4
       rank  accuracy     error
0  0.953433  0.203333  0.093767
Optimization terminated successfully    (Exit mode 0)
            Current function value: 0.05470000000000003
            Iterations: 3
            Function evaluations: 25
            Gradient evaluations: 3
       rank  accuracy   error
0  0.959478  0.186667  0.0547
Optimization terminated successfully    (Exit mode 0)
            Current function value: 0.05770000000000004
            Iterations: 3
            Function evaluations: 26
            Gradient evaluations: 3
       rank  accuracy   error
0  0.963578  0.196667  0.0577
Optimization terminated successfully    (Exit mode 0)
            Current function value: 0.05626666666666671
            Iterations: 5
            Function evaluations: 41
            Gradient evaluations: 5
     rank  accuracy     error
0  0.9586      0.18  0.056267
Optimization terminated successfully    (Exit mode 0)
            Current function value: 0.0566444444444445
            Iterations: 5
            Function evaluations: 48
            Gradient evaluations: 5
       rank  accuracy     error
0  0.963811      0.21  0.056644
Optimization terminated successfully    (Exit mode 0)
            Current function value: 0.060611111111111136
            Iterations: 4
            Function evaluations: 43
            Gradient evaluations: 4
       rank  accuracy     error
0  0.963644  0.196667  0.060611
Optimization terminated successfully    (Exit mode 0)
            Current function value: 0.05350000000000003
            Iterations: 6
            Function evaluations: 68
            Gradient evaluations: 6
       rank  accuracy   error
0  0.958856  0.186667  0.0535
Optimization terminated successfully    (Exit mode 0)
            Current function value: 0.06052222222222227
            Iterations: 5
            Function evaluations: 63
            Gradient evaluations: 5
       rank  accuracy     error
0  0.966089  0.193333  0.060522
Optimization terminated successfully    (Exit mode 0)
            Current function value: 0.06298888888888891
            Iterations: 7
            Function evaluations: 92
            Gradient evaluations: 7
       rank  accuracy     error
0  0.968489  0.206667  0.062989
Optimization terminated successfully    (Exit mode 0)
            Current function value: 0.05512222222222227
            Iterations: 4
            Function evaluations: 60
            Gradient evaluations: 4
       rank  accuracy     error
0  0.963511  0.203333  0.055122
corrs 1
sub corrs 10
corrs 2
sub corrs 20
corrs 3
sub corrs 30
corrs 4
sub corrs 40
corrs 5
sub corrs 50
corrs 6
sub corrs 60
corrs 7
sub corrs 70
corrs 8
sub corrs 80
corrs 9
sub corrs 90
corrs 10
sub corrs 100
Optimization terminated successfully    (Exit mode 0)
            Current function value: 0.08021111111111122
            Iterations: 1
            Function evaluations: 2
            Gradient evaluations: 1
     rank  accuracy     error
0  0.9636      0.25  0.080211
Optimization terminated successfully    (Exit mode 0)
            Current function value: 0.08364444444444454
            Iterations: 2
            Function evaluations: 19
            Gradient evaluations: 2
       rank  accuracy     error
0  0.955178  0.203333  0.083644
Optimization terminated successfully    (Exit mode 0)
            Current function value: 0.054511111111111156
            Iterations: 1
            Function evaluations: 15
            Gradient evaluations: 1
     rank  accuracy     error
0  0.9639      0.18  0.054511
Optimization terminated successfully    (Exit mode 0)
            Current function value: 0.05593333333333337
            Iterations: 3
            Function evaluations: 28
            Gradient evaluations: 3
       rank  accuracy     error
0  0.968422  0.206667  0.055933
Optimization terminated successfully    (Exit mode 0)
            Current function value: 0.059900000000000043
            Iterations: 2
            Function evaluations: 23
            Gradient evaluations: 2
       rank  accuracy   error
0  0.966967      0.19  0.0599
Optimization terminated successfully    (Exit mode 0)
            Current function value: 0.05207777777777777
            Iterations: 3
            Function evaluations: 32
            Gradient evaluations: 3
       rank  accuracy     error
0  0.968756  0.196667  0.052078
Optimization terminated successfully    (Exit mode 0)
            Current function value: 0.053366666666666646
            Iterations: 6
            Function evaluations: 61
            Gradient evaluations: 6
       rank  accuracy     error
0  0.964478  0.166667  0.053367
Optimization terminated successfully    (Exit mode 0)
            Current function value: 0.06040000000000007
            Iterations: 6
            Function evaluations: 67
            Gradient evaluations: 6
       rank  accuracy   error
0  0.969411      0.19  0.0604
Optimization terminated successfully    (Exit mode 0)
            Current function value: 0.05343333333333336
            Iterations: 13
            Function evaluations: 148
            Gradient evaluations: 13
       rank  accuracy     error
0  0.965211  0.176667  0.053433
Optimization terminated successfully    (Exit mode 0)
            Current function value: 0.051477777777777775
            Iterations: 7
            Function evaluations: 89
            Gradient evaluations: 7
       rank  accuracy     error
0  0.969433       0.2  0.051478
Optimization terminated successfully    (Exit mode 0)
            Current function value: 0.06645555555555564
            Iterations: 4
            Function evaluations: 60
            Gradient evaluations: 4
       rank  accuracy     error
0  0.968044      0.25  0.066456
✨ Experiment complete. Results archived at: /mnt/beegfs/hellgate/home/tp183485/timecorr_trazzp/Cluster_Data/intact_100_10_10_isfc_SpectralEmbedding_10_laplace.csv
