corrs 1
sub corrs 10
corrs 2
sub corrs 20
corrs 3
sub corrs 30
corrs 4
sub corrs 40
corrs 5
sub corrs 50
corrs 6
sub corrs 60
corrs 7
sub corrs 70
corrs 8
sub corrs 80
corrs 9
sub corrs 90
corrs 10
sub corrs 100
Optimization terminated successfully    (Exit mode 0)
            Current function value: 0.1527086937716262
            Iterations: 1
            Function evaluations: 2
            Gradient evaluations: 1
       rank  accuracy     error
0  0.918631  0.161765  0.152709
Optimization terminated successfully    (Exit mode 0)
            Current function value: 0.14411224048442897
            Iterations: 4
            Function evaluations: 26
            Gradient evaluations: 4
       rank  accuracy     error
0  0.913522  0.154412  0.144112
Optimization terminated successfully    (Exit mode 0)
            Current function value: 0.14412575692041513
            Iterations: 6
            Function evaluations: 35
            Gradient evaluations: 6
     rank  accuracy     error
0  0.9134  0.154412  0.144126
Optimization terminated successfully    (Exit mode 0)
            Current function value: 0.1527086937716262
            Iterations: 4
            Function evaluations: 31
            Gradient evaluations: 4
       rank  accuracy     error
0  0.918631  0.161765  0.152709
Optimization terminated successfully    (Exit mode 0)
            Current function value: 0.1477346453287197
            Iterations: 5
            Function evaluations: 41
            Gradient evaluations: 5
       rank  accuracy     error
0  0.918591  0.165441  0.147735
Optimization terminated successfully    (Exit mode 0)
            Current function value: 0.15058661332179923
            Iterations: 7
            Function evaluations: 60
            Gradient evaluations: 7
       rank  accuracy     error
0  0.916793  0.154412  0.150587
Optimization terminated successfully    (Exit mode 0)
            Current function value: 0.14251730103806218
            Iterations: 4
            Function evaluations: 43
            Gradient evaluations: 4
       rank  accuracy     error
0  0.934526  0.180147  0.142517
Optimization terminated successfully    (Exit mode 0)
            Current function value: 0.13109591262975773
            Iterations: 3
            Function evaluations: 38
            Gradient evaluations: 3
       rank  accuracy     error
0  0.939095  0.205882  0.131096
Optimization terminated successfully    (Exit mode 0)
            Current function value: 0.1348129325259515
            Iterations: 6
            Function evaluations: 73
            Gradient evaluations: 6
       rank  accuracy     error
0  0.935608  0.198529  0.134813
Optimization terminated successfully    (Exit mode 0)
            Current function value: 0.1355428200692041
            Iterations: 4
            Function evaluations: 55
            Gradient evaluations: 4
       rank  accuracy     error
0  0.934175  0.198529  0.135543
Optimization terminated successfully    (Exit mode 0)
            Current function value: 0.1452070717993078
            Iterations: 6
            Function evaluations: 83
            Gradient evaluations: 6
      rank  accuracy     error
0  0.92474  0.172794  0.145207
corrs 1
sub corrs 10
corrs 2
sub corrs 20
corrs 3
sub corrs 30
corrs 4
sub corrs 40
corrs 5
sub corrs 50
corrs 6
sub corrs 60
corrs 7
sub corrs 70
corrs 8
sub corrs 80
corrs 9
sub corrs 90
corrs 10
sub corrs 100
Optimization terminated successfully    (Exit mode 0)
            Current function value: 0.17790333044982684
            Iterations: 1
            Function evaluations: 2
            Gradient evaluations: 1
       rank  accuracy     error
0  0.919374  0.136029  0.177903
Optimization terminated successfully    (Exit mode 0)
            Current function value: 0.1730509299307957
            Iterations: 5
            Function evaluations: 26
            Gradient evaluations: 5
       rank  accuracy     error
0  0.910008  0.121324  0.173051
Optimization terminated successfully    (Exit mode 0)
            Current function value: 0.17790333044982684
            Iterations: 4
            Function evaluations: 27
            Gradient evaluations: 4
       rank  accuracy     error
0  0.919374  0.136029  0.177903
Optimization terminated successfully    (Exit mode 0)
            Current function value: 0.16656304065743927
            Iterations: 5
            Function evaluations: 38
            Gradient evaluations: 5
       rank  accuracy     error
0  0.918509  0.139706  0.166563
Optimization terminated successfully    (Exit mode 0)
            Current function value: 0.16838775951557072
            Iterations: 7
            Function evaluations: 54
            Gradient evaluations: 7
      rank  accuracy     error
0  0.91878  0.139706  0.168388
Optimization terminated successfully    (Exit mode 0)
            Current function value: 0.17225346020761229
            Iterations: 5
            Function evaluations: 47
            Gradient evaluations: 5
      rank  accuracy     error
0  0.91905  0.143382  0.172253
Optimization terminated successfully    (Exit mode 0)
            Current function value: 0.15464154411764697
            Iterations: 4
            Function evaluations: 43
            Gradient evaluations: 4
       rank  accuracy     error
0  0.944137  0.216912  0.154642
Optimization terminated successfully    (Exit mode 0)
            Current function value: 0.14561256487889263
            Iterations: 4
            Function evaluations: 47
            Gradient evaluations: 4
       rank  accuracy     error
0  0.942204  0.191176  0.145613
Optimization terminated successfully    (Exit mode 0)
            Current function value: 0.15073529411764702
            Iterations: 4
            Function evaluations: 51
            Gradient evaluations: 4
       rank  accuracy     error
0  0.933513  0.169118  0.150735
Optimization terminated successfully    (Exit mode 0)
            Current function value: 0.15026221885813143
            Iterations: 4
            Function evaluations: 56
            Gradient evaluations: 4
      rank  accuracy     error
0  0.93058  0.169118  0.150262
Optimization terminated successfully    (Exit mode 0)
            Current function value: 0.14935661764705876
            Iterations: 6
            Function evaluations: 85
            Gradient evaluations: 6
       rank  accuracy     error
0  0.930863  0.169118  0.149357
✨ Experiment complete. Results archived at: /mnt/beegfs/hellgate/home/tp183485/timecorr_trazzp/Cluster_Data/paragraph_100_10_10_isfc_LocallyLinearEmbedding_45_gaussian.csv
