corrs 1
sub corrs 10
corrs 2
sub corrs 20
corrs 3
sub corrs 30
corrs 4
sub corrs 40
corrs 5
sub corrs 50
corrs 6
sub corrs 60
corrs 7
sub corrs 70
corrs 8
sub corrs 80
corrs 9
sub corrs 90
corrs 10
sub corrs 100
Optimization terminated successfully    (Exit mode 0)
            Current function value: 0.0833666666666668
            Iterations: 1
            Function evaluations: 2
            Gradient evaluations: 1
       rank  accuracy     error
0  0.973122  0.286667  0.083367
Optimization terminated successfully    (Exit mode 0)
            Current function value: 0.0833666666666668
            Iterations: 4
            Function evaluations: 12
            Gradient evaluations: 4
       rank  accuracy     error
0  0.973122  0.286667  0.083367
Optimization terminated successfully    (Exit mode 0)
            Current function value: 0.0833666666666668
            Iterations: 7
            Function evaluations: 31
            Gradient evaluations: 7
       rank  accuracy     error
0  0.973122  0.286667  0.083367
Optimization terminated successfully    (Exit mode 0)
            Current function value: 0.018955555555555524
            Iterations: 7
            Function evaluations: 51
            Gradient evaluations: 7
     rank  accuracy     error
0  0.9867  0.333333  0.018956
Optimization terminated successfully    (Exit mode 0)
            Current function value: 0.018222222222222216
            Iterations: 5
            Function evaluations: 47
            Gradient evaluations: 5
       rank  accuracy     error
0  0.987378  0.323333  0.018222
Optimization terminated successfully    (Exit mode 0)
            Current function value: 0.06406666666666672
            Iterations: 2
            Function evaluations: 25
            Gradient evaluations: 2
     rank  accuracy     error
0  0.9647      0.22  0.064067
Optimization terminated successfully    (Exit mode 0)
            Current function value: 0.06841111111111116
            Iterations: 3
            Function evaluations: 35
            Gradient evaluations: 3
       rank  accuracy     error
0  0.950367  0.206667  0.068411
Optimization terminated successfully    (Exit mode 0)
            Current function value: 0.01974444444444438
            Iterations: 7
            Function evaluations: 80
            Gradient evaluations: 7
       rank  accuracy     error
0  0.985789  0.323333  0.019744
Inequality constraints incompatible    (Exit mode 4)
            Current function value: 0.020344444444444387
            Iterations: 40
            Function evaluations: 698
            Gradient evaluations: 40
       rank  accuracy     error
0  0.981544  0.296667  0.020344
Optimization terminated successfully    (Exit mode 0)
            Current function value: 0.020255555555555495
            Iterations: 11
            Function evaluations: 141
            Gradient evaluations: 11
       rank  accuracy     error
0  0.985356      0.32  0.020256
Optimization terminated successfully    (Exit mode 0)
            Current function value: 0.03145555555555556
            Iterations: 9
            Function evaluations: 126
            Gradient evaluations: 9
       rank  accuracy     error
0  0.974478  0.286667  0.031456
corrs 1
sub corrs 10
corrs 2
sub corrs 20
corrs 3
sub corrs 30
corrs 4
sub corrs 40
corrs 5
sub corrs 50
corrs 6
sub corrs 60
corrs 7
sub corrs 70
corrs 8
sub corrs 80
corrs 9
sub corrs 90
corrs 10
sub corrs 100
Optimization terminated successfully    (Exit mode 0)
            Current function value: 0.07133333333333343
            Iterations: 1
            Function evaluations: 2
            Gradient evaluations: 1
     rank  accuracy     error
0  0.9725  0.296667  0.071333
Optimization terminated successfully    (Exit mode 0)
            Current function value: 0.07133333333333343
            Iterations: 3
            Function evaluations: 9
            Gradient evaluations: 3
     rank  accuracy     error
0  0.9725  0.296667  0.071333
Optimization terminated successfully    (Exit mode 0)
            Current function value: 0.07263333333333347
            Iterations: 6
            Function evaluations: 44
            Gradient evaluations: 6
       rank  accuracy     error
0  0.970089       0.3  0.072633
Optimization terminated successfully    (Exit mode 0)
            Current function value: 0.02768888888888887
            Iterations: 8
            Function evaluations: 57
            Gradient evaluations: 8
       rank  accuracy     error
0  0.987756  0.336667  0.027689
Optimization terminated successfully    (Exit mode 0)
            Current function value: 0.020044444444444448
            Iterations: 5
            Function evaluations: 42
            Gradient evaluations: 5
       rank  accuracy     error
0  0.989544  0.316667  0.020044
Optimization terminated successfully    (Exit mode 0)
            Current function value: 0.024688888888888868
            Iterations: 5
            Function evaluations: 49
            Gradient evaluations: 5
     rank  accuracy     error
0  0.9889  0.306667  0.024689
Optimization terminated successfully    (Exit mode 0)
            Current function value: 0.029111111111111098
            Iterations: 5
            Function evaluations: 54
            Gradient evaluations: 5
       rank  accuracy     error
0  0.987044  0.306667  0.029111
Optimization terminated successfully    (Exit mode 0)
            Current function value: 0.021366666666666673
            Iterations: 5
            Function evaluations: 58
            Gradient evaluations: 5
       rank  accuracy     error
0  0.984778  0.303333  0.021367
Optimization terminated successfully    (Exit mode 0)
            Current function value: 0.023822222222222227
            Iterations: 5
            Function evaluations: 64
            Gradient evaluations: 5
       rank  accuracy     error
0  0.987644  0.296667  0.023822
Optimization terminated successfully    (Exit mode 0)
            Current function value: 0.05641111111111113
            Iterations: 2
            Function evaluations: 33
            Gradient evaluations: 2
       rank  accuracy     error
0  0.952189  0.213333  0.056411
Optimization terminated successfully    (Exit mode 0)
            Current function value: 0.05632222222222224
            Iterations: 3
            Function evaluations: 53
            Gradient evaluations: 3
       rank  accuracy     error
0  0.952756  0.233333  0.056322
✨ Experiment complete. Results archived at: /mnt/beegfs/hellgate/home/tp183485/timecorr_trazzp/Cluster_Data/intact_100_10_10_isfc_KernelPCA_45_laplace.csv
