corrs 1
sub corrs 10
corrs 2
sub corrs 20
corrs 3
sub corrs 30
corrs 4
sub corrs 40
corrs 5
sub corrs 50
corrs 6
sub corrs 60
corrs 7
sub corrs 70
corrs 8
sub corrs 80
corrs 9
sub corrs 90
corrs 10
sub corrs 100
Optimization terminated successfully    (Exit mode 0)
            Current function value: 0.10487777777777793
            Iterations: 1
            Function evaluations: 2
            Gradient evaluations: 1
       rank  accuracy     error
0  0.967156  0.293333  0.104878
Optimization terminated successfully    (Exit mode 0)
            Current function value: 0.015433333333333327
            Iterations: 1
            Function evaluations: 14
            Gradient evaluations: 1
       rank  accuracy     error
0  0.957722      0.27  0.015433
Optimization terminated successfully    (Exit mode 0)
            Current function value: 0.025422222222222166
            Iterations: 1
            Function evaluations: 15
            Gradient evaluations: 1
       rank  accuracy     error
0  0.941889  0.243333  0.025422
Optimization terminated successfully    (Exit mode 0)
            Current function value: 0.014655555555555564
            Iterations: 9
            Function evaluations: 58
            Gradient evaluations: 9
       rank  accuracy     error
0  0.952422      0.27  0.014656
Optimization terminated successfully    (Exit mode 0)
            Current function value: 0.016599999999999972
            Iterations: 6
            Function evaluations: 47
            Gradient evaluations: 6
       rank  accuracy   error
0  0.966133  0.266667  0.0166
Optimization terminated successfully    (Exit mode 0)
            Current function value: 0.020255555555555502
            Iterations: 6
            Function evaluations: 53
            Gradient evaluations: 6
       rank  accuracy     error
0  0.954956  0.263333  0.020256
Optimization terminated successfully    (Exit mode 0)
            Current function value: 0.01575555555555553
            Iterations: 6
            Function evaluations: 67
            Gradient evaluations: 6
     rank  accuracy     error
0  0.9595  0.223333  0.015756
Optimization terminated successfully    (Exit mode 0)
            Current function value: 0.01984444444444441
            Iterations: 4
            Function evaluations: 48
            Gradient evaluations: 4
       rank  accuracy     error
0  0.969467  0.263333  0.019844
Optimization terminated successfully    (Exit mode 0)
            Current function value: 0.0185333333333333
            Iterations: 5
            Function evaluations: 72
            Gradient evaluations: 5
       rank  accuracy     error
0  0.963278  0.236667  0.018533
Optimization terminated successfully    (Exit mode 0)
            Current function value: 0.016677777777777743
            Iterations: 6
            Function evaluations: 87
            Gradient evaluations: 6
       rank  accuracy     error
0  0.970589  0.266667  0.016678
Optimization terminated successfully    (Exit mode 0)
            Current function value: 0.015077777777777761
            Iterations: 5
            Function evaluations: 75
            Gradient evaluations: 5
       rank  accuracy     error
0  0.971711  0.266667  0.015078
corrs 1
sub corrs 10
corrs 2
sub corrs 20
corrs 3
sub corrs 30
corrs 4
sub corrs 40
corrs 5
sub corrs 50
corrs 6
sub corrs 60
corrs 7
sub corrs 70
corrs 8
sub corrs 80
corrs 9
sub corrs 90
corrs 10
sub corrs 100
Optimization terminated successfully    (Exit mode 0)
            Current function value: 0.08527777777777791
            Iterations: 1
            Function evaluations: 2
            Gradient evaluations: 1
       rank  accuracy     error
0  0.965344  0.283333  0.085278
Optimization terminated successfully    (Exit mode 0)
            Current function value: 0.017288888888888868
            Iterations: 2
            Function evaluations: 17
            Gradient evaluations: 2
       rank  accuracy     error
0  0.953333  0.276667  0.017289
Optimization terminated successfully    (Exit mode 0)
            Current function value: 0.023344444444444397
            Iterations: 3
            Function evaluations: 25
            Gradient evaluations: 3
       rank  accuracy     error
0  0.921144  0.233333  0.023344
Optimization terminated successfully    (Exit mode 0)
            Current function value: 0.023622222222222187
            Iterations: 4
            Function evaluations: 31
            Gradient evaluations: 4
       rank  accuracy     error
0  0.936167  0.243333  0.023622
Optimization terminated successfully    (Exit mode 0)
            Current function value: 0.02029999999999998
            Iterations: 10
            Function evaluations: 73
            Gradient evaluations: 10
       rank  accuracy   error
0  0.933022  0.243333  0.0203
Optimization terminated successfully    (Exit mode 0)
            Current function value: 0.023166666666666648
            Iterations: 4
            Function evaluations: 39
            Gradient evaluations: 4
       rank  accuracy     error
0  0.926111  0.213333  0.023167
Optimization terminated successfully    (Exit mode 0)
            Current function value: 0.01949999999999998
            Iterations: 6
            Function evaluations: 59
            Gradient evaluations: 6
       rank  accuracy   error
0  0.950989  0.223333  0.0195
Optimization terminated successfully    (Exit mode 0)
            Current function value: 0.01947777777777776
            Iterations: 7
            Function evaluations: 76
            Gradient evaluations: 7
       rank  accuracy     error
0  0.936067  0.206667  0.019478
Optimization terminated successfully    (Exit mode 0)
            Current function value: 0.017977777777777752
            Iterations: 3
            Function evaluations: 41
            Gradient evaluations: 3
       rank  accuracy     error
0  0.962222      0.23  0.017978
Optimization terminated successfully    (Exit mode 0)
            Current function value: 0.020622222222222195
            Iterations: 4
            Function evaluations: 59
            Gradient evaluations: 4
       rank  accuracy     error
0  0.940411  0.203333  0.020622
Optimization terminated successfully    (Exit mode 0)
            Current function value: 0.019455555555555528
            Iterations: 6
            Function evaluations: 87
            Gradient evaluations: 6
       rank  accuracy     error
0  0.951533  0.216667  0.019456
✨ Experiment complete. Results archived at: /mnt/beegfs/hellgate/home/tp183485/timecorr_trazzp/Cluster_Data/intact_100_10_10_isfc_Isomap_35_mexican_hat.csv
