corrs 1
sub corrs 10
corrs 2
sub corrs 20
corrs 3
sub corrs 30
corrs 4
sub corrs 40
corrs 5
sub corrs 50
corrs 6
sub corrs 60
corrs 7
sub corrs 70
corrs 8
sub corrs 80
corrs 9
sub corrs 90
corrs 10
sub corrs 100
Optimization terminated successfully    (Exit mode 0)
            Current function value: 0.07657777777777787
            Iterations: 1
            Function evaluations: 2
            Gradient evaluations: 1
       rank  accuracy     error
0  0.964567      0.29  0.076578
Optimization terminated successfully    (Exit mode 0)
            Current function value: 0.009311111111111124
            Iterations: 1
            Function evaluations: 14
            Gradient evaluations: 1
       rank  accuracy     error
0  0.988589      0.33  0.009311
Optimization terminated successfully    (Exit mode 0)
            Current function value: 0.007844444444444461
            Iterations: 2
            Function evaluations: 8
            Gradient evaluations: 2
       rank  accuracy     error
0  0.989278  0.353333  0.007844
Optimization terminated successfully    (Exit mode 0)
            Current function value: 0.007722222222222234
            Iterations: 9
            Function evaluations: 57
            Gradient evaluations: 9
     rank  accuracy     error
0  0.9896      0.34  0.007722
Optimization terminated successfully    (Exit mode 0)
            Current function value: 0.00727777777777779
            Iterations: 8
            Function evaluations: 61
            Gradient evaluations: 8
     rank  accuracy     error
0  0.9897      0.35  0.007278
Optimization terminated successfully    (Exit mode 0)
            Current function value: 0.006644444444444455
            Iterations: 5
            Function evaluations: 46
            Gradient evaluations: 5
       rank  accuracy     error
0  0.990589  0.346667  0.006644
Optimization terminated successfully    (Exit mode 0)
            Current function value: 0.0067000000000000115
            Iterations: 4
            Function evaluations: 44
            Gradient evaluations: 4
       rank  accuracy   error
0  0.990467  0.353333  0.0067
Optimization terminated successfully    (Exit mode 0)
            Current function value: 0.007033333333333351
            Iterations: 8
            Function evaluations: 84
            Gradient evaluations: 8
       rank  accuracy     error
0  0.989667  0.346667  0.007033
Optimization terminated successfully    (Exit mode 0)
            Current function value: 0.007011111111111127
            Iterations: 6
            Function evaluations: 72
            Gradient evaluations: 6
       rank  accuracy     error
0  0.989844      0.35  0.007011
Optimization terminated successfully    (Exit mode 0)
            Current function value: 0.007077777777777795
            Iterations: 6
            Function evaluations: 78
            Gradient evaluations: 6
       rank  accuracy     error
0  0.989778      0.35  0.007078
Optimization terminated successfully    (Exit mode 0)
            Current function value: 0.006988888888888906
            Iterations: 6
            Function evaluations: 83
            Gradient evaluations: 6
     rank  accuracy     error
0  0.9898  0.346667  0.006989
corrs 1
sub corrs 10
corrs 2
sub corrs 20
corrs 3
sub corrs 30
corrs 4
sub corrs 40
corrs 5
sub corrs 50
corrs 6
sub corrs 60
corrs 7
sub corrs 70
corrs 8
sub corrs 80
corrs 9
sub corrs 90
corrs 10
sub corrs 100
Optimization terminated successfully    (Exit mode 0)
            Current function value: 0.0755666666666668
            Iterations: 1
            Function evaluations: 2
            Gradient evaluations: 1
       rank  accuracy     error
0  0.965644  0.276667  0.075567
Optimization terminated successfully    (Exit mode 0)
            Current function value: 0.01042222222222224
            Iterations: 1
            Function evaluations: 14
            Gradient evaluations: 1
       rank  accuracy     error
0  0.988922      0.29  0.010422
Optimization terminated successfully    (Exit mode 0)
            Current function value: 0.00923333333333335
            Iterations: 2
            Function evaluations: 19
            Gradient evaluations: 2
       rank  accuracy     error
0  0.989156  0.283333  0.009233
Optimization terminated successfully    (Exit mode 0)
            Current function value: 0.006655555555555568
            Iterations: 5
            Function evaluations: 37
            Gradient evaluations: 5
       rank  accuracy     error
0  0.991744  0.316667  0.006656
Optimization terminated successfully    (Exit mode 0)
            Current function value: 0.006577777777777789
            Iterations: 8
            Function evaluations: 59
            Gradient evaluations: 8
       rank  accuracy     error
0  0.991756  0.323333  0.006578
Optimization terminated successfully    (Exit mode 0)
            Current function value: 0.005522222222222232
            Iterations: 5
            Function evaluations: 46
            Gradient evaluations: 5
       rank  accuracy     error
0  0.991922  0.336667  0.005522
Optimization terminated successfully    (Exit mode 0)
            Current function value: 0.005788888888888899
            Iterations: 2
            Function evaluations: 28
            Gradient evaluations: 2
       rank  accuracy     error
0  0.991256  0.313333  0.005789
Optimization terminated successfully    (Exit mode 0)
            Current function value: 0.00671111111111112
            Iterations: 2
            Function evaluations: 29
            Gradient evaluations: 2
       rank  accuracy     error
0  0.991156  0.316667  0.006711
Optimization terminated successfully    (Exit mode 0)
            Current function value: 0.005388888888888897
            Iterations: 5
            Function evaluations: 63
            Gradient evaluations: 5
       rank  accuracy     error
0  0.991944  0.336667  0.005389
Optimization terminated successfully    (Exit mode 0)
            Current function value: 0.0045888888888888915
            Iterations: 9
            Function evaluations: 112
            Gradient evaluations: 9
       rank  accuracy     error
0  0.992711  0.363333  0.004589
Optimization terminated successfully    (Exit mode 0)
            Current function value: 0.006300000000000009
            Iterations: 2
            Function evaluations: 35
            Gradient evaluations: 2
       rank  accuracy   error
0  0.991211  0.313333  0.0063
✨ Experiment complete. Results archived at: /mnt/beegfs/hellgate/home/tp183485/timecorr_trazzp/Cluster_Data/intact_100_10_10_isfc_UMAP_35_laplace.csv
