corrs 1
sub corrs 10
corrs 2
sub corrs 20
corrs 3
sub corrs 30
corrs 4
sub corrs 40
corrs 5
sub corrs 50
corrs 6
sub corrs 60
corrs 7
sub corrs 70
corrs 8
sub corrs 80
corrs 9
sub corrs 90
corrs 10
sub corrs 100
Optimization terminated successfully    (Exit mode 0)
            Current function value: 0.08087777777777799
            Iterations: 1
            Function evaluations: 2
            Gradient evaluations: 1
       rank  accuracy     error
0  0.969222  0.273333  0.080878
Optimization terminated successfully    (Exit mode 0)
            Current function value: 0.0788111111111113
            Iterations: 5
            Function evaluations: 26
            Gradient evaluations: 5
       rank  accuracy     error
0  0.968478  0.266667  0.078811
Optimization terminated successfully    (Exit mode 0)
            Current function value: 0.007555555555555575
            Iterations: 4
            Function evaluations: 27
            Gradient evaluations: 4
       rank  accuracy     error
0  0.990511  0.323333  0.007556
Optimization terminated successfully    (Exit mode 0)
            Current function value: 0.007466666666666684
            Iterations: 6
            Function evaluations: 41
            Gradient evaluations: 6
       rank  accuracy     error
0  0.990478  0.326667  0.007467
Optimization terminated successfully    (Exit mode 0)
            Current function value: 0.00851111111111113
            Iterations: 5
            Function evaluations: 41
            Gradient evaluations: 5
       rank  accuracy     error
0  0.990167  0.326667  0.008511
Optimization terminated successfully    (Exit mode 0)
            Current function value: 0.00802222222222224
            Iterations: 7
            Function evaluations: 60
            Gradient evaluations: 7
       rank  accuracy     error
0  0.990067  0.313333  0.008022
Optimization terminated successfully    (Exit mode 0)
            Current function value: 0.007988888888888912
            Iterations: 6
            Function evaluations: 60
            Gradient evaluations: 6
       rank  accuracy     error
0  0.989889  0.306667  0.007989
Optimization terminated successfully    (Exit mode 0)
            Current function value: 0.008355555555555574
            Iterations: 7
            Function evaluations: 74
            Gradient evaluations: 7
       rank  accuracy     error
0  0.990211      0.31  0.008356
Optimization terminated successfully    (Exit mode 0)
            Current function value: 0.00802222222222224
            Iterations: 6
            Function evaluations: 71
            Gradient evaluations: 6
       rank  accuracy     error
0  0.990033      0.31  0.008022
Optimization terminated successfully    (Exit mode 0)
            Current function value: 0.007600000000000018
            Iterations: 7
            Function evaluations: 89
            Gradient evaluations: 7
       rank  accuracy   error
0  0.990111  0.313333  0.0076
Optimization terminated successfully    (Exit mode 0)
            Current function value: 0.008200000000000016
            Iterations: 4
            Function evaluations: 59
            Gradient evaluations: 4
       rank  accuracy   error
0  0.990589      0.33  0.0082
corrs 1
sub corrs 10
corrs 2
sub corrs 20
corrs 3
sub corrs 30
corrs 4
sub corrs 40
corrs 5
sub corrs 50
corrs 6
sub corrs 60
corrs 7
sub corrs 70
corrs 8
sub corrs 80
corrs 9
sub corrs 90
corrs 10
sub corrs 100
Optimization terminated successfully    (Exit mode 0)
            Current function value: 0.09695555555555578
            Iterations: 1
            Function evaluations: 2
            Gradient evaluations: 1
       rank  accuracy     error
0  0.969622  0.266667  0.096956
Optimization terminated successfully    (Exit mode 0)
            Current function value: 0.09695555555555578
            Iterations: 3
            Function evaluations: 9
            Gradient evaluations: 3
       rank  accuracy     error
0  0.969622  0.266667  0.096956
Optimization terminated successfully    (Exit mode 0)
            Current function value: 0.005788888888888898
            Iterations: 4
            Function evaluations: 27
            Gradient evaluations: 4
       rank  accuracy     error
0  0.991911  0.336667  0.005789
Optimization terminated successfully    (Exit mode 0)
            Current function value: 0.005822222222222231
            Iterations: 4
            Function evaluations: 20
            Gradient evaluations: 4
     rank  accuracy     error
0  0.9918  0.336667  0.005822
Optimization terminated successfully    (Exit mode 0)
            Current function value: 0.0055888888888888984
            Iterations: 5
            Function evaluations: 41
            Gradient evaluations: 5
       rank  accuracy     error
0  0.991678  0.353333  0.005589
Optimization terminated successfully    (Exit mode 0)
            Current function value: 0.0056444444444444545
            Iterations: 5
            Function evaluations: 46
            Gradient evaluations: 5
       rank  accuracy     error
0  0.991833      0.34  0.005644
Optimization terminated successfully    (Exit mode 0)
            Current function value: 0.006055555555555568
            Iterations: 3
            Function evaluations: 35
            Gradient evaluations: 3
       rank  accuracy     error
0  0.991833  0.333333  0.006056
Optimization terminated successfully    (Exit mode 0)
            Current function value: 0.005422222222222232
            Iterations: 4
            Function evaluations: 47
            Gradient evaluations: 4
     rank  accuracy     error
0  0.9921      0.35  0.005422
Optimization terminated successfully    (Exit mode 0)
            Current function value: 0.005811111111111121
            Iterations: 2
            Function evaluations: 31
            Gradient evaluations: 2
       rank  accuracy     error
0  0.992111  0.323333  0.005811
Optimization terminated successfully    (Exit mode 0)
            Current function value: 0.0056444444444444545
            Iterations: 5
            Function evaluations: 69
            Gradient evaluations: 5
       rank  accuracy     error
0  0.992089      0.34  0.005644
Optimization terminated successfully    (Exit mode 0)
            Current function value: 0.005688888888888899
            Iterations: 6
            Function evaluations: 83
            Gradient evaluations: 6
       rank  accuracy     error
0  0.992067  0.343333  0.005689
✨ Experiment complete. Results archived at: /mnt/beegfs/hellgate/home/tp183485/timecorr_trazzp/Cluster_Data/intact_100_10_10_isfc_TruncatedSVD_50_laplace.csv
