corrs 1
sub corrs 10
corrs 2
sub corrs 20
corrs 3
sub corrs 30
corrs 4
sub corrs 40
corrs 5
sub corrs 50
corrs 6
sub corrs 60
corrs 7
sub corrs 70
corrs 8
sub corrs 80
corrs 9
sub corrs 90
corrs 10
sub corrs 100
Optimization terminated successfully    (Exit mode 0)
            Current function value: 0.19797523788927332
            Iterations: 1
            Function evaluations: 2
            Gradient evaluations: 1
       rank  accuracy     error
0  0.907777  0.161765  0.197975
Optimization terminated successfully    (Exit mode 0)
            Current function value: 0.10907763840830455
            Iterations: 3
            Function evaluations: 21
            Gradient evaluations: 3
       rank  accuracy     error
0  0.923619  0.150735  0.109078
Optimization terminated successfully    (Exit mode 0)
            Current function value: 0.09773734861591706
            Iterations: 3
            Function evaluations: 23
            Gradient evaluations: 3
       rank  accuracy     error
0  0.898113  0.117647  0.097737
Optimization terminated successfully    (Exit mode 0)
            Current function value: 0.06445988321799317
            Iterations: 7
            Function evaluations: 53
            Gradient evaluations: 7
       rank  accuracy    error
0  0.945083    0.1875  0.06446
Optimization terminated successfully    (Exit mode 0)
            Current function value: 0.08431552768166094
            Iterations: 3
            Function evaluations: 32
            Gradient evaluations: 3
       rank  accuracy     error
0  0.921956  0.121324  0.084316
Optimization terminated successfully    (Exit mode 0)
            Current function value: 0.06454098183391015
            Iterations: 6
            Function evaluations: 54
            Gradient evaluations: 6
      rank  accuracy     error
0  0.94657  0.172794  0.064541
Optimization terminated successfully    (Exit mode 0)
            Current function value: 0.06759569636678209
            Iterations: 8
            Function evaluations: 79
            Gradient evaluations: 8
       rank  accuracy     error
0  0.946624  0.183824  0.067596
Optimization terminated successfully    (Exit mode 0)
            Current function value: 0.07179930795847758
            Iterations: 8
            Function evaluations: 87
            Gradient evaluations: 8
       rank  accuracy     error
0  0.931593  0.161765  0.071799
Optimization terminated successfully    (Exit mode 0)
            Current function value: 0.06733888408304506
            Iterations: 10
            Function evaluations: 115
            Gradient evaluations: 10
       rank  accuracy     error
0  0.946069  0.180147  0.067339
Optimization terminated successfully    (Exit mode 0)
            Current function value: 0.06643328287197241
            Iterations: 10
            Function evaluations: 132
            Gradient evaluations: 10
       rank  accuracy     error
0  0.943353  0.172794  0.066433
Optimization terminated successfully    (Exit mode 0)
            Current function value: 0.06513570501730115
            Iterations: 13
            Function evaluations: 178
            Gradient evaluations: 13
       rank  accuracy     error
0  0.945218  0.180147  0.065136
corrs 1
sub corrs 10
corrs 2
sub corrs 20
corrs 3
sub corrs 30
corrs 4
sub corrs 40
corrs 5
sub corrs 50
corrs 6
sub corrs 60
corrs 7
sub corrs 70
corrs 8
sub corrs 80
corrs 9
sub corrs 90
corrs 10
sub corrs 100
Optimization terminated successfully    (Exit mode 0)
            Current function value: 0.2229671280276814
            Iterations: 1
            Function evaluations: 2
            Gradient evaluations: 1
       rank  accuracy     error
0  0.904128  0.154412  0.222967
Optimization terminated successfully    (Exit mode 0)
            Current function value: 0.16882028546712813
            Iterations: 1
            Function evaluations: 14
            Gradient evaluations: 1
       rank  accuracy    error
0  0.871391  0.121324  0.16882
Optimization terminated successfully    (Exit mode 0)
            Current function value: 0.17319961072664344
            Iterations: 3
            Function evaluations: 25
            Gradient evaluations: 3
       rank  accuracy   error
0  0.887814  0.136029  0.1732
Optimization terminated successfully    (Exit mode 0)
            Current function value: 0.09112781141868515
            Iterations: 5
            Function evaluations: 37
            Gradient evaluations: 5
       rank  accuracy     error
0  0.941636  0.227941  0.091128
Optimization terminated successfully    (Exit mode 0)
            Current function value: 0.08995188148788931
            Iterations: 6
            Function evaluations: 47
            Gradient evaluations: 6
       rank  accuracy     error
0  0.941312  0.227941  0.089952
Optimization terminated successfully    (Exit mode 0)
            Current function value: 0.08805958044982705
            Iterations: 8
            Function evaluations: 72
            Gradient evaluations: 8
       rank  accuracy    error
0  0.943582  0.216912  0.08806
Optimization terminated successfully    (Exit mode 0)
            Current function value: 0.09223615916955019
            Iterations: 6
            Function evaluations: 60
            Gradient evaluations: 6
       rank  accuracy     error
0  0.940055  0.224265  0.092236
Optimization terminated successfully    (Exit mode 0)
            Current function value: 0.11498432093425605
            Iterations: 6
            Function evaluations: 65
            Gradient evaluations: 6
       rank  accuracy     error
0  0.907507  0.139706  0.114984
Optimization terminated successfully    (Exit mode 0)
            Current function value: 0.1166603589965398
            Iterations: 8
            Function evaluations: 97
            Gradient evaluations: 8
       rank  accuracy    error
0  0.890003  0.147059  0.11666
Optimization terminated successfully    (Exit mode 0)
            Current function value: 0.12232374567474041
            Iterations: 19
            Function evaluations: 229
            Gradient evaluations: 19
       rank  accuracy     error
0  0.896559  0.136029  0.122324
Optimization terminated successfully    (Exit mode 0)
            Current function value: 0.09456098615916957
            Iterations: 11
            Function evaluations: 144
            Gradient evaluations: 11
       rank  accuracy     error
0  0.939487  0.224265  0.094561
✨ Experiment complete. Results archived at: /mnt/beegfs/hellgate/home/tp183485/timecorr_trazzp/Cluster_Data/paragraph_100_10_10_isfc_UMAP_40_gaussian.csv
