corrs 1
sub corrs 10
corrs 2
sub corrs 20
corrs 3
sub corrs 30
corrs 4
sub corrs 40
corrs 5
sub corrs 50
corrs 6
sub corrs 60
corrs 7
sub corrs 70
corrs 8
sub corrs 80
corrs 9
sub corrs 90
corrs 10
sub corrs 100
Optimization terminated successfully    (Exit mode 0)
            Current function value: 0.19147383217993058
            Iterations: 1
            Function evaluations: 2
            Gradient evaluations: 1
      rank  accuracy     error
0  0.91563  0.161765  0.191474
Optimization terminated successfully    (Exit mode 0)
            Current function value: 0.19081152681660882
            Iterations: 2
            Function evaluations: 17
            Gradient evaluations: 2
       rank  accuracy     error
0  0.909575  0.150735  0.190812
Optimization terminated successfully    (Exit mode 0)
            Current function value: 0.18453990051903088
            Iterations: 7
            Function evaluations: 43
            Gradient evaluations: 7
       rank  accuracy    error
0  0.908115  0.154412  0.18454
Optimization terminated successfully    (Exit mode 0)
            Current function value: 0.18044442041522463
            Iterations: 6
            Function evaluations: 43
            Gradient evaluations: 6
       rank  accuracy     error
0  0.909899  0.158088  0.180444
Optimization terminated successfully    (Exit mode 0)
            Current function value: 0.17671388408304478
            Iterations: 9
            Function evaluations: 68
            Gradient evaluations: 9
       rank  accuracy     error
0  0.903466  0.150735  0.176714
Optimization terminated successfully    (Exit mode 0)
            Current function value: 0.18756758217993064
            Iterations: 2
            Function evaluations: 25
            Gradient evaluations: 2
       rank  accuracy     error
0  0.905196  0.154412  0.187568
Optimization terminated successfully    (Exit mode 0)
            Current function value: 0.17782223183390997
            Iterations: 6
            Function evaluations: 65
            Gradient evaluations: 6
       rank  accuracy     error
0  0.895721  0.143382  0.177822
Optimization terminated successfully    (Exit mode 0)
            Current function value: 0.1777951989619376
            Iterations: 7
            Function evaluations: 79
            Gradient evaluations: 7
       rank  accuracy     error
0  0.900154  0.147059  0.177795
Optimization terminated successfully    (Exit mode 0)
            Current function value: 0.18102562716262954
            Iterations: 9
            Function evaluations: 114
            Gradient evaluations: 9
       rank  accuracy     error
0  0.906777  0.150735  0.181026
Optimization terminated successfully    (Exit mode 0)
            Current function value: 0.17967398356401362
            Iterations: 7
            Function evaluations: 90
            Gradient evaluations: 7
       rank  accuracy     error
0  0.914549  0.169118  0.179674
Optimization terminated successfully    (Exit mode 0)
            Current function value: 0.18318825692041513
            Iterations: 4
            Function evaluations: 60
            Gradient evaluations: 4
       rank  accuracy     error
0  0.901438  0.139706  0.183188
corrs 1
sub corrs 10
corrs 2
sub corrs 20
corrs 3
sub corrs 30
corrs 4
sub corrs 40
corrs 5
sub corrs 50
corrs 6
sub corrs 60
corrs 7
sub corrs 70
corrs 8
sub corrs 80
corrs 9
sub corrs 90
corrs 10
sub corrs 100
Optimization terminated successfully    (Exit mode 0)
            Current function value: 0.19225778546712782
            Iterations: 1
            Function evaluations: 2
            Gradient evaluations: 1
      rank  accuracy     error
0  0.91659  0.150735  0.192258
Optimization terminated successfully    (Exit mode 0)
            Current function value: 0.2112618944636677
            Iterations: 3
            Function evaluations: 10
            Gradient evaluations: 3
       rank  accuracy     error
0  0.909791  0.154412  0.211262
Optimization terminated successfully    (Exit mode 0)
            Current function value: 0.19225778546712782
            Iterations: 5
            Function evaluations: 20
            Gradient evaluations: 5
      rank  accuracy     error
0  0.91659  0.150735  0.192258
Optimization terminated successfully    (Exit mode 0)
            Current function value: 0.18654033304498246
            Iterations: 7
            Function evaluations: 47
            Gradient evaluations: 7
       rank  accuracy    error
0  0.915387  0.143382  0.18654
Optimization terminated successfully    (Exit mode 0)
            Current function value: 0.19898897058823495
            Iterations: 3
            Function evaluations: 29
            Gradient evaluations: 3
       rank  accuracy     error
0  0.886921  0.128676  0.198989
Optimization terminated successfully    (Exit mode 0)
            Current function value: 0.1796604671280275
            Iterations: 10
            Function evaluations: 84
            Gradient evaluations: 10
       rank  accuracy    error
0  0.916306  0.147059  0.17966
Optimization terminated successfully    (Exit mode 0)
            Current function value: 0.19463667820069186
            Iterations: 7
            Function evaluations: 71
            Gradient evaluations: 7
      rank  accuracy     error
0  0.90848  0.154412  0.194637
Optimization terminated successfully    (Exit mode 0)
            Current function value: 0.19501513840830426
            Iterations: 5
            Function evaluations: 59
            Gradient evaluations: 5
       rank  accuracy     error
0  0.903844  0.139706  0.195015
Optimization terminated successfully    (Exit mode 0)
            Current function value: 0.1809985942906572
            Iterations: 8
            Function evaluations: 91
            Gradient evaluations: 8
       rank  accuracy     error
0  0.914292  0.154412  0.180999
Optimization terminated successfully    (Exit mode 0)
            Current function value: 0.1790522275086503
            Iterations: 7
            Function evaluations: 88
            Gradient evaluations: 7
       rank  accuracy     error
0  0.913116  0.154412  0.179052
Optimization terminated successfully    (Exit mode 0)
            Current function value: 0.17560553633217976
            Iterations: 5
            Function evaluations: 72
            Gradient evaluations: 5
       rank  accuracy     error
0  0.915076  0.154412  0.175606
✨ Experiment complete. Results archived at: /mnt/beegfs/hellgate/home/tp183485/timecorr_trazzp/Cluster_Data/paragraph_100_10_10_isfc_MiniBatchSparsePCA_10_mexican_hat.csv
