corrs 1
sub corrs 10
corrs 2
sub corrs 20
corrs 3
sub corrs 30
corrs 4
sub corrs 40
corrs 5
sub corrs 50
corrs 6
sub corrs 60
corrs 7
sub corrs 70
corrs 8
sub corrs 80
corrs 9
sub corrs 90
corrs 10
sub corrs 100
Optimization terminated successfully    (Exit mode 0)
            Current function value: 0.20081368944636646
            Iterations: 1
            Function evaluations: 2
            Gradient evaluations: 1
       rank  accuracy     error
0  0.913887  0.161765  0.200814
Optimization terminated successfully    (Exit mode 0)
            Current function value: 0.20081368944636646
            Iterations: 3
            Function evaluations: 9
            Gradient evaluations: 3
       rank  accuracy     error
0  0.913887  0.161765  0.200814
Optimization terminated successfully    (Exit mode 0)
            Current function value: 0.20081368944636646
            Iterations: 5
            Function evaluations: 20
            Gradient evaluations: 5
       rank  accuracy     error
0  0.913887  0.161765  0.200814
Optimization terminated successfully    (Exit mode 0)
            Current function value: 0.20081368944636646
            Iterations: 6
            Function evaluations: 30
            Gradient evaluations: 6
       rank  accuracy     error
0  0.913887  0.161765  0.200814
Optimization terminated successfully    (Exit mode 0)
            Current function value: 0.2138840830449826
            Iterations: 6
            Function evaluations: 52
            Gradient evaluations: 6
       rank  accuracy     error
0  0.802957  0.099265  0.213884
Optimization terminated successfully    (Exit mode 0)
            Current function value: 0.07523248269896204
            Iterations: 6
            Function evaluations: 55
            Gradient evaluations: 6
      rank  accuracy     error
0  0.89964  0.154412  0.075232
Optimization terminated successfully    (Exit mode 0)
            Current function value: 0.0902357266435987
            Iterations: 4
            Function evaluations: 45
            Gradient evaluations: 4
      rank  accuracy     error
0  0.88142  0.147059  0.090236
Optimization terminated successfully    (Exit mode 0)
            Current function value: 0.08734320934256068
            Iterations: 6
            Function evaluations: 73
            Gradient evaluations: 6
       rank  accuracy     error
0  0.870404  0.158088  0.087343
Optimization terminated successfully    (Exit mode 0)
            Current function value: 0.0873161764705883
            Iterations: 4
            Function evaluations: 51
            Gradient evaluations: 4
       rank  accuracy     error
0  0.884921  0.161765  0.087316
Optimization terminated successfully    (Exit mode 0)
            Current function value: 0.07444852941176483
            Iterations: 10
            Function evaluations: 126
            Gradient evaluations: 10
       rank  accuracy     error
0  0.907494  0.161765  0.074449
Optimization terminated successfully    (Exit mode 0)
            Current function value: 0.07588127162629767
            Iterations: 10
            Function evaluations: 134
            Gradient evaluations: 10
       rank  accuracy     error
0  0.910413  0.165441  0.075881
corrs 1
sub corrs 10
corrs 2
sub corrs 20
corrs 3
sub corrs 30
corrs 4
sub corrs 40
corrs 5
sub corrs 50
corrs 6
sub corrs 60
corrs 7
sub corrs 70
corrs 8
sub corrs 80
corrs 9
sub corrs 90
corrs 10
sub corrs 100
Optimization terminated successfully    (Exit mode 0)
            Current function value: 0.18652681660899612
            Iterations: 1
            Function evaluations: 2
            Gradient evaluations: 1
       rank  accuracy     error
0  0.912738  0.139706  0.186527
Optimization terminated successfully    (Exit mode 0)
            Current function value: 0.18652681660899612
            Iterations: 3
            Function evaluations: 9
            Gradient evaluations: 3
       rank  accuracy     error
0  0.912738  0.139706  0.186527
Optimization terminated successfully    (Exit mode 0)
            Current function value: 0.18489132785467086
            Iterations: 6
            Function evaluations: 36
            Gradient evaluations: 6
      rank  accuracy     error
0  0.91655  0.139706  0.184891
Optimization terminated successfully    (Exit mode 0)
            Current function value: 0.18652681660899612
            Iterations: 4
            Function evaluations: 20
            Gradient evaluations: 4
       rank  accuracy     error
0  0.912738  0.139706  0.186527
Optimization terminated successfully    (Exit mode 0)
            Current function value: 0.1830936418685117
            Iterations: 7
            Function evaluations: 54
            Gradient evaluations: 7
       rank  accuracy     error
0  0.919185  0.143382  0.183094
Optimization terminated successfully    (Exit mode 0)
            Current function value: 0.07109645328719731
            Iterations: 10
            Function evaluations: 89
            Gradient evaluations: 10
      rank  accuracy     error
0  0.93235    0.1875  0.071096
Optimization terminated successfully    (Exit mode 0)
            Current function value: 0.08824881055363333
            Iterations: 6
            Function evaluations: 62
            Gradient evaluations: 6
       rank  accuracy     error
0  0.889976     0.125  0.088249
Optimization terminated successfully    (Exit mode 0)
            Current function value: 0.0829909169550174
            Iterations: 7
            Function evaluations: 76
            Gradient evaluations: 7
       rank  accuracy     error
0  0.901357  0.132353  0.082991
Optimization terminated successfully    (Exit mode 0)
            Current function value: 0.09257407006920418
            Iterations: 8
            Function evaluations: 96
            Gradient evaluations: 8
       rank  accuracy     error
0  0.880285  0.099265  0.092574
Optimization terminated successfully    (Exit mode 0)
            Current function value: 0.11694420415224915
            Iterations: 8
            Function evaluations: 101
            Gradient evaluations: 8
       rank  accuracy     error
0  0.869269  0.080882  0.116944
Optimization terminated successfully    (Exit mode 0)
            Current function value: 0.07408358564013848
            Iterations: 13
            Function evaluations: 183
            Gradient evaluations: 13
       rank  accuracy     error
0  0.931039  0.176471  0.074084
✨ Experiment complete. Results archived at: /mnt/beegfs/hellgate/home/tp183485/timecorr_trazzp/Cluster_Data/paragraph_100_10_10_isfc_Isomap_5_mexican_hat.csv
