corrs 1
sub corrs 10
corrs 2
sub corrs 20
corrs 3
sub corrs 30
corrs 4
sub corrs 40
corrs 5
sub corrs 50
corrs 6
sub corrs 60
corrs 7
sub corrs 70
corrs 8
sub corrs 80
corrs 9
sub corrs 90
corrs 10
sub corrs 100
Optimization terminated successfully    (Exit mode 0)
            Current function value: 0.20184093858131463
            Iterations: 1
            Function evaluations: 2
            Gradient evaluations: 1
       rank  accuracy     error
0  0.918185  0.132353  0.201841
Optimization terminated successfully    (Exit mode 0)
            Current function value: 0.23838938148788924
            Iterations: 2
            Function evaluations: 18
            Gradient evaluations: 2
       rank  accuracy     error
0  0.870404  0.080882  0.238389
Optimization terminated successfully    (Exit mode 0)
            Current function value: 0.20896410034602056
            Iterations: 6
            Function evaluations: 36
            Gradient evaluations: 6
       rank  accuracy     error
0  0.911305  0.136029  0.208964
Optimization terminated successfully    (Exit mode 0)
            Current function value: 0.20404411764705865
            Iterations: 7
            Function evaluations: 49
            Gradient evaluations: 7
       rank  accuracy     error
0  0.910819  0.136029  0.204044
Optimization terminated successfully    (Exit mode 0)
            Current function value: 0.19525843425605513
            Iterations: 5
            Function evaluations: 42
            Gradient evaluations: 5
       rank  accuracy     error
0  0.906966  0.128676  0.195258
Optimization terminated successfully    (Exit mode 0)
            Current function value: 0.1937040441176468
            Iterations: 6
            Function evaluations: 57
            Gradient evaluations: 6
       rank  accuracy     error
0  0.908196  0.147059  0.193704
Optimization terminated successfully    (Exit mode 0)
            Current function value: 0.19166306228373675
            Iterations: 7
            Function evaluations: 69
            Gradient evaluations: 7
       rank  accuracy     error
0  0.914333  0.136029  0.191663
Optimization terminated successfully    (Exit mode 0)
            Current function value: 0.18825692041522463
            Iterations: 7
            Function evaluations: 78
            Gradient evaluations: 7
       rank  accuracy     error
0  0.906831  0.136029  0.188257
Optimization terminated successfully    (Exit mode 0)
            Current function value: 0.19842128027681638
            Iterations: 5
            Function evaluations: 66
            Gradient evaluations: 5
       rank  accuracy     error
0  0.902938  0.136029  0.198421
Optimization terminated successfully    (Exit mode 0)
            Current function value: 0.18594560986159142
            Iterations: 7
            Function evaluations: 89
            Gradient evaluations: 7
       rank  accuracy     error
0  0.911873  0.147059  0.185946
Optimization terminated successfully    (Exit mode 0)
            Current function value: 0.21627649221453263
            Iterations: 7
            Function evaluations: 100
            Gradient evaluations: 7
       rank  accuracy     error
0  0.824205  0.088235  0.216276
corrs 1
sub corrs 10
corrs 2
sub corrs 20
corrs 3
sub corrs 30
corrs 4
sub corrs 40
corrs 5
sub corrs 50
corrs 6
sub corrs 60
corrs 7
sub corrs 70
corrs 8
sub corrs 80
corrs 9
sub corrs 90
corrs 10
sub corrs 100
Optimization terminated successfully    (Exit mode 0)
            Current function value: 0.17620025951557072
            Iterations: 1
            Function evaluations: 2
            Gradient evaluations: 1
       rank  accuracy   error
0  0.917915  0.147059  0.1762
Optimization terminated successfully    (Exit mode 0)
            Current function value: 0.2108969506920413
            Iterations: 2
            Function evaluations: 17
            Gradient evaluations: 2
       rank  accuracy     error
0  0.890301  0.113971  0.210897
Optimization terminated successfully    (Exit mode 0)
            Current function value: 0.17672740051903094
            Iterations: 5
            Function evaluations: 20
            Gradient evaluations: 5
       rank  accuracy     error
0  0.916712  0.147059  0.176727
Optimization terminated successfully    (Exit mode 0)
            Current function value: 0.19558282871972296
            Iterations: 4
            Function evaluations: 31
            Gradient evaluations: 4
       rank  accuracy     error
0  0.916239  0.139706  0.195583
Optimization terminated successfully    (Exit mode 0)
            Current function value: 0.16929336072664333
            Iterations: 5
            Function evaluations: 41
            Gradient evaluations: 5
       rank  accuracy     error
0  0.911805  0.147059  0.169293
Optimization terminated successfully    (Exit mode 0)
            Current function value: 0.17637597318339082
            Iterations: 4
            Function evaluations: 40
            Gradient evaluations: 4
       rank  accuracy     error
0  0.910616  0.128676  0.176376
Optimization terminated successfully    (Exit mode 0)
            Current function value: 0.1760110294117645
            Iterations: 4
            Function evaluations: 43
            Gradient evaluations: 4
       rank  accuracy     error
0  0.914144  0.161765  0.176011
Optimization terminated successfully    (Exit mode 0)
            Current function value: 0.17434850778546696
            Iterations: 7
            Function evaluations: 77
            Gradient evaluations: 7
       rank  accuracy     error
0  0.912751  0.139706  0.174349
Optimization terminated successfully    (Exit mode 0)
            Current function value: 0.1839316608996538
            Iterations: 5
            Function evaluations: 61
            Gradient evaluations: 5
       rank  accuracy     error
0  0.902871  0.139706  0.183932
Optimization terminated successfully    (Exit mode 0)
            Current function value: 0.17533520761245655
            Iterations: 5
            Function evaluations: 68
            Gradient evaluations: 5
      rank  accuracy     error
0  0.91436  0.165441  0.175335
Optimization terminated successfully    (Exit mode 0)
            Current function value: 0.1722129108996538
            Iterations: 7
            Function evaluations: 99
            Gradient evaluations: 7
      rank  accuracy     error
0  0.91263  0.172794  0.172213
✨ Experiment complete. Results archived at: /mnt/beegfs/hellgate/home/tp183485/timecorr_trazzp/Cluster_Data/paragraph_100_10_10_isfc_SpectralEmbedding_15_gaussian.csv
