corrs 1
sub corrs 10
corrs 2
sub corrs 20
corrs 3
sub corrs 30
corrs 4
sub corrs 40
corrs 5
sub corrs 50
corrs 6
sub corrs 60
corrs 7
sub corrs 70
corrs 8
sub corrs 80
corrs 9
sub corrs 90
corrs 10
sub corrs 100
Optimization terminated successfully    (Exit mode 0)
            Current function value: 0.07698888888888895
            Iterations: 1
            Function evaluations: 2
            Gradient evaluations: 1
       rank  accuracy     error
0  0.965633  0.266667  0.076989
Optimization terminated successfully    (Exit mode 0)
            Current function value: 0.08136666666666671
            Iterations: 3
            Function evaluations: 20
            Gradient evaluations: 3
       rank  accuracy     error
0  0.963356      0.28  0.081367
Optimization terminated successfully    (Exit mode 0)
            Current function value: 0.0767555555555556
            Iterations: 4
            Function evaluations: 27
            Gradient evaluations: 4
       rank  accuracy     error
0  0.966311  0.276667  0.076756
Optimization terminated successfully    (Exit mode 0)
            Current function value: 0.07462222222222228
            Iterations: 3
            Function evaluations: 26
            Gradient evaluations: 3
     rank  accuracy     error
0  0.9662  0.283333  0.074622
Optimization terminated successfully    (Exit mode 0)
            Current function value: 0.07770000000000005
            Iterations: 2
            Function evaluations: 23
            Gradient evaluations: 2
       rank  accuracy   error
0  0.964144  0.286667  0.0777
Optimization terminated successfully    (Exit mode 0)
            Current function value: 0.07493333333333337
            Iterations: 4
            Function evaluations: 39
            Gradient evaluations: 4
       rank  accuracy     error
0  0.966478  0.286667  0.074933
Optimization terminated successfully    (Exit mode 0)
            Current function value: 0.07066666666666675
            Iterations: 3
            Function evaluations: 35
            Gradient evaluations: 3
       rank  accuracy     error
0  0.966067      0.28  0.070667
Optimization terminated successfully    (Exit mode 0)
            Current function value: 0.07425555555555559
            Iterations: 2
            Function evaluations: 29
            Gradient evaluations: 2
       rank  accuracy     error
0  0.965933      0.27  0.074256
Optimization terminated successfully    (Exit mode 0)
            Current function value: 0.07088888888888893
            Iterations: 7
            Function evaluations: 81
            Gradient evaluations: 7
       rank  accuracy     error
0  0.966178  0.283333  0.070889
Optimization terminated successfully    (Exit mode 0)
            Current function value: 0.0722111111111112
            Iterations: 6
            Function evaluations: 77
            Gradient evaluations: 6
     rank  accuracy     error
0  0.9662      0.28  0.072211
Optimization terminated successfully    (Exit mode 0)
            Current function value: 0.07205555555555564
            Iterations: 6
            Function evaluations: 83
            Gradient evaluations: 6
       rank  accuracy     error
0  0.966233  0.273333  0.072056
corrs 1
sub corrs 10
corrs 2
sub corrs 20
corrs 3
sub corrs 30
corrs 4
sub corrs 40
corrs 5
sub corrs 50
corrs 6
sub corrs 60
corrs 7
sub corrs 70
corrs 8
sub corrs 80
corrs 9
sub corrs 90
corrs 10
sub corrs 100
Optimization terminated successfully    (Exit mode 0)
            Current function value: 0.10476666666666681
            Iterations: 1
            Function evaluations: 2
            Gradient evaluations: 1
       rank  accuracy     error
0  0.965711  0.273333  0.104767
Optimization terminated successfully    (Exit mode 0)
            Current function value: 0.10074444444444457
            Iterations: 4
            Function evaluations: 23
            Gradient evaluations: 4
       rank  accuracy     error
0  0.965811  0.283333  0.100744
Optimization terminated successfully    (Exit mode 0)
            Current function value: 0.10155555555555568
            Iterations: 5
            Function evaluations: 33
            Gradient evaluations: 5
       rank  accuracy     error
0  0.965722  0.273333  0.101556
Optimization terminated successfully    (Exit mode 0)
            Current function value: 0.09948888888888902
            Iterations: 4
            Function evaluations: 32
            Gradient evaluations: 4
       rank  accuracy     error
0  0.965589  0.263333  0.099489
Optimization terminated successfully    (Exit mode 0)
            Current function value: 0.0973000000000001
            Iterations: 6
            Function evaluations: 49
            Gradient evaluations: 6
       rank  accuracy   error
0  0.964944  0.273333  0.0973
Optimization terminated successfully    (Exit mode 0)
            Current function value: 0.09540000000000012
            Iterations: 5
            Function evaluations: 48
            Gradient evaluations: 5
       rank  accuracy   error
0  0.964789  0.266667  0.0954
Optimization terminated successfully    (Exit mode 0)
            Current function value: 0.09730000000000011
            Iterations: 4
            Function evaluations: 43
            Gradient evaluations: 4
       rank  accuracy   error
0  0.964478  0.266667  0.0973
Optimization terminated successfully    (Exit mode 0)
            Current function value: 0.09630000000000012
            Iterations: 4
            Function evaluations: 48
            Gradient evaluations: 4
       rank  accuracy   error
0  0.964789  0.273333  0.0963
Optimization terminated successfully    (Exit mode 0)
            Current function value: 0.0991000000000001
            Iterations: 3
            Function evaluations: 41
            Gradient evaluations: 3
       rank  accuracy   error
0  0.965044  0.273333  0.0991
Optimization terminated successfully    (Exit mode 0)
            Current function value: 0.09916666666666679
            Iterations: 4
            Function evaluations: 55
            Gradient evaluations: 4
       rank  accuracy     error
0  0.964933  0.273333  0.099167
Optimization terminated successfully    (Exit mode 0)
            Current function value: 0.09958888888888898
            Iterations: 4
            Function evaluations: 59
            Gradient evaluations: 4
       rank  accuracy     error
0  0.965044  0.273333  0.099589
✨ Experiment complete. Results archived at: /mnt/beegfs/hellgate/home/tp183485/timecorr_trazzp/Cluster_Data/intact_100_10_10_isfc_MiniBatchDictionaryLearning_40_gaussian.csv
