corrs 1
sub corrs 10
corrs 2
sub corrs 20
corrs 3
sub corrs 30
corrs 4
sub corrs 40
corrs 5
sub corrs 50
corrs 6
sub corrs 60
corrs 7
sub corrs 70
corrs 8
sub corrs 80
corrs 9
sub corrs 90
corrs 10
sub corrs 100
Optimization terminated successfully    (Exit mode 0)
            Current function value: 0.12322222222222223
            Iterations: 1
            Function evaluations: 2
            Gradient evaluations: 1
       rank  accuracy     error
0  0.963722  0.306667  0.123222
Optimization terminated successfully    (Exit mode 0)
            Current function value: 0.09907777777777786
            Iterations: 1
            Function evaluations: 14
            Gradient evaluations: 1
     rank  accuracy     error
0  0.9562  0.266667  0.099078
Optimization terminated successfully    (Exit mode 0)
            Current function value: 0.11216666666666676
            Iterations: 2
            Function evaluations: 19
            Gradient evaluations: 2
       rank  accuracy     error
0  0.959178  0.296667  0.112167
Optimization terminated successfully    (Exit mode 0)
            Current function value: 0.09062222222222234
            Iterations: 5
            Function evaluations: 37
            Gradient evaluations: 5
       rank  accuracy     error
0  0.958522  0.306667  0.090622
Optimization terminated successfully    (Exit mode 0)
            Current function value: 0.09093333333333346
            Iterations: 7
            Function evaluations: 56
            Gradient evaluations: 7
       rank  accuracy     error
0  0.960744  0.303333  0.090933
Optimization terminated successfully    (Exit mode 0)
            Current function value: 0.09343333333333345
            Iterations: 4
            Function evaluations: 41
            Gradient evaluations: 4
       rank  accuracy     error
0  0.963333  0.303333  0.093433
Optimization terminated successfully    (Exit mode 0)
            Current function value: 0.08376666666666678
            Iterations: 3
            Function evaluations: 35
            Gradient evaluations: 3
       rank  accuracy     error
0  0.962611  0.313333  0.083767
Optimization terminated successfully    (Exit mode 0)
            Current function value: 0.07755555555555563
            Iterations: 7
            Function evaluations: 79
            Gradient evaluations: 7
       rank  accuracy     error
0  0.960967  0.306667  0.077556
Optimization terminated successfully    (Exit mode 0)
            Current function value: 0.077988888888889
            Iterations: 13
            Function evaluations: 149
            Gradient evaluations: 13
       rank  accuracy     error
0  0.961933      0.32  0.077989
Optimization terminated successfully    (Exit mode 0)
            Current function value: 0.08287777777777786
            Iterations: 6
            Function evaluations: 80
            Gradient evaluations: 6
     rank  accuracy     error
0  0.9624      0.31  0.082878
Optimization terminated successfully    (Exit mode 0)
            Current function value: 0.0789000000000001
            Iterations: 8
            Function evaluations: 113
            Gradient evaluations: 8
       rank  accuracy   error
0  0.961456       0.3  0.0789
corrs 1
sub corrs 10
corrs 2
sub corrs 20
corrs 3
sub corrs 30
corrs 4
sub corrs 40
corrs 5
sub corrs 50
corrs 6
sub corrs 60
corrs 7
sub corrs 70
corrs 8
sub corrs 80
corrs 9
sub corrs 90
corrs 10
sub corrs 100
Optimization terminated successfully    (Exit mode 0)
            Current function value: 0.09025555555555566
            Iterations: 1
            Function evaluations: 2
            Gradient evaluations: 1
       rank  accuracy     error
0  0.963978      0.26  0.090256
Optimization terminated successfully    (Exit mode 0)
            Current function value: 0.09477777777777789
            Iterations: 3
            Function evaluations: 20
            Gradient evaluations: 3
       rank  accuracy     error
0  0.963478      0.27  0.094778
Optimization terminated successfully    (Exit mode 0)
            Current function value: 0.09083333333333345
            Iterations: 4
            Function evaluations: 29
            Gradient evaluations: 4
     rank  accuracy     error
0  0.9626      0.27  0.090833
Optimization terminated successfully    (Exit mode 0)
            Current function value: 0.09192222222222234
            Iterations: 6
            Function evaluations: 41
            Gradient evaluations: 6
       rank  accuracy     error
0  0.961533  0.276667  0.091922
Optimization terminated successfully    (Exit mode 0)
            Current function value: 0.09201111111111122
            Iterations: 4
            Function evaluations: 35
            Gradient evaluations: 4
       rank  accuracy     error
0  0.963322  0.273333  0.092011
Optimization terminated successfully    (Exit mode 0)
            Current function value: 0.08806666666666677
            Iterations: 2
            Function evaluations: 25
            Gradient evaluations: 2
       rank  accuracy     error
0  0.964089  0.236667  0.088067
Optimization terminated successfully    (Exit mode 0)
            Current function value: 0.08614444444444458
            Iterations: 3
            Function evaluations: 35
            Gradient evaluations: 3
     rank  accuracy     error
0  0.9664      0.27  0.086144
Optimization terminated successfully    (Exit mode 0)
            Current function value: 0.09151111111111122
            Iterations: 2
            Function evaluations: 29
            Gradient evaluations: 2
       rank  accuracy     error
0  0.964944  0.273333  0.091511
Optimization terminated successfully    (Exit mode 0)
            Current function value: 0.080688888888889
            Iterations: 5
            Function evaluations: 62
            Gradient evaluations: 5
       rank  accuracy     error
0  0.965411  0.273333  0.080689
Optimization terminated successfully    (Exit mode 0)
            Current function value: 0.08636666666666676
            Iterations: 4
            Function evaluations: 55
            Gradient evaluations: 4
       rank  accuracy     error
0  0.964778      0.27  0.086367
Optimization terminated successfully    (Exit mode 0)
            Current function value: 0.08926666666666677
            Iterations: 2
            Function evaluations: 35
            Gradient evaluations: 2
       rank  accuracy     error
0  0.963756      0.27  0.089267
✨ Experiment complete. Results archived at: /mnt/beegfs/hellgate/home/tp183485/timecorr_trazzp/Cluster_Data/intact_100_10_10_isfc_MDS_25_gaussian.csv
