corrs 1
sub corrs 10
corrs 2
sub corrs 20
corrs 3
sub corrs 30
corrs 4
sub corrs 40
corrs 5
sub corrs 50
corrs 6
sub corrs 60
corrs 7
sub corrs 70
corrs 8
sub corrs 80
corrs 9
sub corrs 90
corrs 10
sub corrs 100
Optimization terminated successfully    (Exit mode 0)
            Current function value: 0.1752946583044981
            Iterations: 1
            Function evaluations: 2
            Gradient evaluations: 1
       rank  accuracy     error
0  0.937392  0.172794  0.175295
Optimization terminated successfully    (Exit mode 0)
            Current function value: 0.1752946583044981
            Iterations: 3
            Function evaluations: 9
            Gradient evaluations: 3
       rank  accuracy     error
0  0.937392  0.172794  0.175295
Optimization terminated successfully    (Exit mode 0)
            Current function value: 0.16171064013840813
            Iterations: 5
            Function evaluations: 31
            Gradient evaluations: 5
       rank  accuracy     error
0  0.932242  0.172794  0.161711
Optimization terminated successfully    (Exit mode 0)
            Current function value: 0.15277627595155704
            Iterations: 5
            Function evaluations: 41
            Gradient evaluations: 5
       rank  accuracy     error
0  0.935067  0.172794  0.152776
Optimization terminated successfully    (Exit mode 0)
            Current function value: 0.15600670415224907
            Iterations: 5
            Function evaluations: 44
            Gradient evaluations: 5
       rank  accuracy     error
0  0.935135  0.176471  0.156007
Optimization terminated successfully    (Exit mode 0)
            Current function value: 0.1583315311418684
            Iterations: 5
            Function evaluations: 46
            Gradient evaluations: 5
       rank  accuracy     error
0  0.936121  0.176471  0.158332
Optimization terminated successfully    (Exit mode 0)
            Current function value: 0.1583315311418684
            Iterations: 4
            Function evaluations: 43
            Gradient evaluations: 4
       rank  accuracy     error
0  0.936054  0.176471  0.158332
Optimization terminated successfully    (Exit mode 0)
            Current function value: 0.1583315311418684
            Iterations: 4
            Function evaluations: 47
            Gradient evaluations: 4
       rank  accuracy     error
0  0.935851  0.176471  0.158332
Optimization terminated successfully    (Exit mode 0)
            Current function value: 0.12567582179930795
            Iterations: 7
            Function evaluations: 85
            Gradient evaluations: 7
       rank  accuracy     error
0  0.940825  0.191176  0.125676
Optimization terminated successfully    (Exit mode 0)
            Current function value: 0.1275410899653979
            Iterations: 5
            Function evaluations: 68
            Gradient evaluations: 5
       rank  accuracy     error
0  0.941095  0.183824  0.127541
Optimization terminated successfully    (Exit mode 0)
            Current function value: 0.13021734429065737
            Iterations: 5
            Function evaluations: 71
            Gradient evaluations: 5
       rank  accuracy     error
0  0.942569  0.191176  0.130217
corrs 1
sub corrs 10
corrs 2
sub corrs 20
corrs 3
sub corrs 30
corrs 4
sub corrs 40
corrs 5
sub corrs 50
corrs 6
sub corrs 60
corrs 7
sub corrs 70
corrs 8
sub corrs 80
corrs 9
sub corrs 90
corrs 10
sub corrs 100
Optimization terminated successfully    (Exit mode 0)
            Current function value: 0.15035683391003452
            Iterations: 1
            Function evaluations: 2
            Gradient evaluations: 1
       rank  accuracy     error
0  0.939622  0.180147  0.150357
Optimization terminated successfully    (Exit mode 0)
            Current function value: 0.15035683391003452
            Iterations: 4
            Function evaluations: 12
            Gradient evaluations: 4
       rank  accuracy     error
0  0.939622  0.180147  0.150357
Optimization terminated successfully    (Exit mode 0)
            Current function value: 0.16279195501730093
            Iterations: 3
            Function evaluations: 23
            Gradient evaluations: 3
    rank  accuracy     error
0  0.939  0.172794  0.162792
Optimization terminated successfully    (Exit mode 0)
            Current function value: 0.14847804930795835
            Iterations: 6
            Function evaluations: 42
            Gradient evaluations: 6
       rank  accuracy     error
0  0.939852  0.183824  0.148478
Optimization terminated successfully    (Exit mode 0)
            Current function value: 0.15035683391003452
            Iterations: 5
            Function evaluations: 30
            Gradient evaluations: 5
       rank  accuracy     error
0  0.939622  0.180147  0.150357
Optimization terminated successfully    (Exit mode 0)
            Current function value: 0.15035683391003452
            Iterations: 4
            Function evaluations: 28
            Gradient evaluations: 4
       rank  accuracy     error
0  0.939622  0.180147  0.150357
Optimization terminated successfully    (Exit mode 0)
            Current function value: 0.1546145112456746
            Iterations: 5
            Function evaluations: 51
            Gradient evaluations: 5
       rank  accuracy     error
0  0.938581  0.180147  0.154615
Optimization terminated successfully    (Exit mode 0)
            Current function value: 0.15035683391003452
            Iterations: 7
            Function evaluations: 63
            Gradient evaluations: 7
       rank  accuracy     error
0  0.939622  0.180147  0.150357
Optimization terminated successfully    (Exit mode 0)
            Current function value: 0.12813581314878886
            Iterations: 5
            Function evaluations: 61
            Gradient evaluations: 5
       rank  accuracy     error
0  0.943109  0.191176  0.128136
Optimization terminated successfully    (Exit mode 0)
            Current function value: 0.122026384083045
            Iterations: 8
            Function evaluations: 102
            Gradient evaluations: 8
       rank  accuracy     error
0  0.944218  0.191176  0.122026
Optimization terminated successfully    (Exit mode 0)
            Current function value: 0.133501838235294
            Iterations: 5
            Function evaluations: 71
            Gradient evaluations: 5
       rank  accuracy     error
0  0.942704  0.198529  0.133502
✨ Experiment complete. Results archived at: /mnt/beegfs/hellgate/home/tp183485/timecorr_trazzp/Cluster_Data/paragraph_100_10_10_isfc_SparsePCA_35_mexican_hat.csv
