corrs 1
sub corrs 10
corrs 2
sub corrs 20
corrs 3
sub corrs 30
corrs 4
sub corrs 40
corrs 5
sub corrs 50
corrs 6
sub corrs 60
corrs 7
sub corrs 70
corrs 8
sub corrs 80
corrs 9
sub corrs 90
corrs 10
sub corrs 100
Optimization terminated successfully    (Exit mode 0)
            Current function value: 0.07912222222222233
            Iterations: 1
            Function evaluations: 2
            Gradient evaluations: 1
       rank  accuracy     error
0  0.968589      0.32  0.079122
Optimization terminated successfully    (Exit mode 0)
            Current function value: 0.07912222222222233
            Iterations: 3
            Function evaluations: 9
            Gradient evaluations: 3
       rank  accuracy     error
0  0.968589      0.32  0.079122
Optimization terminated successfully    (Exit mode 0)
            Current function value: 0.07912222222222233
            Iterations: 7
            Function evaluations: 28
            Gradient evaluations: 7
       rank  accuracy     error
0  0.968589      0.32  0.079122
Optimization terminated successfully    (Exit mode 0)
            Current function value: 0.03613333333333329
            Iterations: 8
            Function evaluations: 55
            Gradient evaluations: 8
       rank  accuracy     error
0  0.974444  0.333333  0.036133
Optimization terminated successfully    (Exit mode 0)
            Current function value: 0.04055555555555552
            Iterations: 6
            Function evaluations: 47
            Gradient evaluations: 6
       rank  accuracy     error
0  0.973689      0.33  0.040556
Optimization terminated successfully    (Exit mode 0)
            Current function value: 0.038422222222222184
            Iterations: 6
            Function evaluations: 54
            Gradient evaluations: 6
       rank  accuracy     error
0  0.974278  0.333333  0.038422
Optimization terminated successfully    (Exit mode 0)
            Current function value: 0.018155555555555515
            Iterations: 8
            Function evaluations: 77
            Gradient evaluations: 8
       rank  accuracy     error
0  0.982044  0.353333  0.018156
Optimization terminated successfully    (Exit mode 0)
            Current function value: 0.01827777777777774
            Iterations: 6
            Function evaluations: 66
            Gradient evaluations: 6
       rank  accuracy     error
0  0.982311  0.356667  0.018278
Optimization terminated successfully    (Exit mode 0)
            Current function value: 0.01798888888888885
            Iterations: 6
            Function evaluations: 71
            Gradient evaluations: 6
       rank  accuracy     error
0  0.982656      0.35  0.017989
Optimization terminated successfully    (Exit mode 0)
            Current function value: 0.050377777777777785
            Iterations: 6
            Function evaluations: 77
            Gradient evaluations: 6
       rank  accuracy     error
0  0.910933  0.166667  0.050378
Optimization terminated successfully    (Exit mode 0)
            Current function value: 0.05136666666666668
            Iterations: 4
            Function evaluations: 59
            Gradient evaluations: 4
       rank  accuracy     error
0  0.904578      0.16  0.051367
corrs 1
sub corrs 10
corrs 2
sub corrs 20
corrs 3
sub corrs 30
corrs 4
sub corrs 40
corrs 5
sub corrs 50
corrs 6
sub corrs 60
corrs 7
sub corrs 70
corrs 8
sub corrs 80
corrs 9
sub corrs 90
corrs 10
sub corrs 100
Optimization terminated successfully    (Exit mode 0)
            Current function value: 0.07236666666666677
            Iterations: 1
            Function evaluations: 2
            Gradient evaluations: 1
       rank  accuracy     error
0  0.970289  0.316667  0.072367
Optimization terminated successfully    (Exit mode 0)
            Current function value: 0.07236666666666677
            Iterations: 3
            Function evaluations: 9
            Gradient evaluations: 3
       rank  accuracy     error
0  0.970289  0.316667  0.072367
Optimization terminated successfully    (Exit mode 0)
            Current function value: 0.07236666666666677
            Iterations: 5
            Function evaluations: 20
            Gradient evaluations: 5
       rank  accuracy     error
0  0.970289  0.316667  0.072367
Optimization terminated successfully    (Exit mode 0)
            Current function value: 0.04769999999999999
            Iterations: 9
            Function evaluations: 58
            Gradient evaluations: 9
     rank  accuracy   error
0  0.9753      0.31  0.0477
Optimization terminated successfully    (Exit mode 0)
            Current function value: 0.04499999999999999
            Iterations: 6
            Function evaluations: 51
            Gradient evaluations: 6
       rank  accuracy  error
0  0.975611  0.313333  0.045
Optimization terminated successfully    (Exit mode 0)
            Current function value: 0.048544444444444446
            Iterations: 6
            Function evaluations: 53
            Gradient evaluations: 6
     rank  accuracy     error
0  0.9747  0.306667  0.048544
Optimization terminated successfully    (Exit mode 0)
            Current function value: 0.017988888888888842
            Iterations: 8
            Function evaluations: 78
            Gradient evaluations: 8
       rank  accuracy     error
0  0.983589  0.343333  0.017989
Optimization terminated successfully    (Exit mode 0)
            Current function value: 0.017233333333333288
            Iterations: 10
            Function evaluations: 107
            Gradient evaluations: 10
     rank  accuracy     error
0  0.9833  0.346667  0.017233
Optimization terminated successfully    (Exit mode 0)
            Current function value: 0.05720000000000002
            Iterations: 8
            Function evaluations: 100
            Gradient evaluations: 8
       rank  accuracy   error
0  0.891733  0.103333  0.0572
Optimization terminated successfully    (Exit mode 0)
            Current function value: 0.01823333333333328
            Iterations: 8
            Function evaluations: 101
            Gradient evaluations: 8
       rank  accuracy     error
0  0.982578  0.346667  0.018233
Optimization terminated successfully    (Exit mode 0)
            Current function value: 0.01887777777777772
            Iterations: 12
            Function evaluations: 160
            Gradient evaluations: 12
       rank  accuracy     error
0  0.981756  0.343333  0.018878
✨ Experiment complete. Results archived at: /mnt/beegfs/hellgate/home/tp183485/timecorr_trazzp/Cluster_Data/intact_100_10_10_isfc_PCA_45_mexican_hat.csv
