corrs 1
sub corrs 10
corrs 2
sub corrs 20
corrs 3
sub corrs 30
corrs 4
sub corrs 40
corrs 5
sub corrs 50
corrs 6
sub corrs 60
corrs 7
sub corrs 70
corrs 8
sub corrs 80
corrs 9
sub corrs 90
corrs 10
sub corrs 100
Optimization terminated successfully    (Exit mode 0)
            Current function value: 0.15606076989619344
            Iterations: 1
            Function evaluations: 2
            Gradient evaluations: 1
       rank  accuracy     error
0  0.926106  0.165441  0.156061
Optimization terminated successfully    (Exit mode 0)
            Current function value: 0.1496404628027679
            Iterations: 4
            Function evaluations: 23
            Gradient evaluations: 4
       rank  accuracy    error
0  0.925727  0.165441  0.14964
Optimization terminated successfully    (Exit mode 0)
            Current function value: 0.16707666522491327
            Iterations: 3
            Function evaluations: 24
            Gradient evaluations: 3
      rank  accuracy     error
0  0.92051  0.150735  0.167077
Optimization terminated successfully    (Exit mode 0)
            Current function value: 0.17280763408304467
            Iterations: 4
            Function evaluations: 31
            Gradient evaluations: 4
       rank  accuracy     error
0  0.917347  0.147059  0.172808
Optimization terminated successfully    (Exit mode 0)
            Current function value: 0.15811526816608965
            Iterations: 6
            Function evaluations: 52
            Gradient evaluations: 6
       rank  accuracy     error
0  0.923848  0.165441  0.158115
Optimization terminated successfully    (Exit mode 0)
            Current function value: 0.16388678633217965
            Iterations: 3
            Function evaluations: 32
            Gradient evaluations: 3
       rank  accuracy     error
0  0.923713  0.154412  0.163887
Optimization terminated successfully    (Exit mode 0)
            Current function value: 0.15898032006920387
            Iterations: 4
            Function evaluations: 46
            Gradient evaluations: 4
       rank  accuracy    error
0  0.925808  0.158088  0.15898
Optimization terminated successfully    (Exit mode 0)
            Current function value: 0.15793955449826957
            Iterations: 5
            Function evaluations: 58
            Gradient evaluations: 5
       rank  accuracy    error
0  0.925132  0.169118  0.15794
Optimization terminated successfully    (Exit mode 0)
            Current function value: 0.15289792387543225
            Iterations: 7
            Function evaluations: 82
            Gradient evaluations: 7
       rank  accuracy     error
0  0.921551  0.165441  0.152898
Optimization terminated successfully    (Exit mode 0)
            Current function value: 0.150667711937716
            Iterations: 6
            Function evaluations: 80
            Gradient evaluations: 6
       rank  accuracy     error
0  0.926322  0.154412  0.150668
Optimization terminated successfully    (Exit mode 0)
            Current function value: 0.1490998053633215
            Iterations: 3
            Function evaluations: 47
            Gradient evaluations: 3
       rank  accuracy   error
0  0.926106  0.165441  0.1491
corrs 1
sub corrs 10
corrs 2
sub corrs 20
corrs 3
sub corrs 30
corrs 4
sub corrs 40
corrs 5
sub corrs 50
corrs 6
sub corrs 60
corrs 7
sub corrs 70
corrs 8
sub corrs 80
corrs 9
sub corrs 90
corrs 10
sub corrs 100
Optimization terminated successfully    (Exit mode 0)
            Current function value: 0.17605157871972296
            Iterations: 1
            Function evaluations: 2
            Gradient evaluations: 1
      rank  accuracy     error
0  0.92843  0.154412  0.176052
Optimization terminated successfully    (Exit mode 0)
            Current function value: 0.1631704152249132
            Iterations: 4
            Function evaluations: 24
            Gradient evaluations: 4
      rank  accuracy    error
0  0.92174  0.154412  0.16317
Optimization terminated successfully    (Exit mode 0)
            Current function value: 0.15603373702422124
            Iterations: 4
            Function evaluations: 28
            Gradient evaluations: 4
       rank  accuracy     error
0  0.927498  0.169118  0.156034
Optimization terminated successfully    (Exit mode 0)
            Current function value: 0.15669604238754303
            Iterations: 4
            Function evaluations: 32
            Gradient evaluations: 4
       rank  accuracy     error
0  0.926322  0.172794  0.156696
Optimization terminated successfully    (Exit mode 0)
            Current function value: 0.1607915224913492
            Iterations: 3
            Function evaluations: 30
            Gradient evaluations: 3
       rank  accuracy     error
0  0.927701  0.172794  0.160792
Optimization terminated successfully    (Exit mode 0)
            Current function value: 0.1725102724913492
            Iterations: 3
            Function evaluations: 32
            Gradient evaluations: 3
       rank  accuracy    error
0  0.927146  0.143382  0.17251
Optimization terminated successfully    (Exit mode 0)
            Current function value: 0.15427660034602053
            Iterations: 4
            Function evaluations: 44
            Gradient evaluations: 4
      rank  accuracy     error
0  0.92666  0.172794  0.154277
Optimization terminated successfully    (Exit mode 0)
            Current function value: 0.16338667820069183
            Iterations: 3
            Function evaluations: 38
            Gradient evaluations: 3
       rank  accuracy     error
0  0.931485  0.172794  0.163387
Optimization terminated successfully    (Exit mode 0)
            Current function value: 0.1518706747404842
            Iterations: 5
            Function evaluations: 62
            Gradient evaluations: 5
       rank  accuracy     error
0  0.926957  0.176471  0.151871
Optimization terminated successfully    (Exit mode 0)
            Current function value: 0.15328990051903094
            Iterations: 10
            Function evaluations: 129
            Gradient evaluations: 10
       rank  accuracy    error
0  0.926538  0.172794  0.15329
Optimization terminated successfully    (Exit mode 0)
            Current function value: 0.16368403979238733
            Iterations: 4
            Function evaluations: 59
            Gradient evaluations: 4
       rank  accuracy     error
0  0.927241  0.165441  0.163684
✨ Experiment complete. Results archived at: /mnt/beegfs/hellgate/home/tp183485/timecorr_trazzp/Cluster_Data/paragraph_100_10_10_isfc_MDS_20_gaussian.csv
