corrs 1
sub corrs 10
corrs 2
sub corrs 20
corrs 3
sub corrs 30
corrs 4
sub corrs 40
corrs 5
sub corrs 50
corrs 6
sub corrs 60
corrs 7
sub corrs 70
corrs 8
sub corrs 80
corrs 9
sub corrs 90
corrs 10
sub corrs 100
Optimization terminated successfully    (Exit mode 0)
            Current function value: 0.17665981833910016
            Iterations: 1
            Function evaluations: 2
            Gradient evaluations: 1
       rank  accuracy    error
0  0.926646  0.139706  0.17666
Optimization terminated successfully    (Exit mode 0)
            Current function value: 0.17986321366781985
            Iterations: 2
            Function evaluations: 17
            Gradient evaluations: 2
       rank  accuracy     error
0  0.904763  0.147059  0.179863
Optimization terminated successfully    (Exit mode 0)
            Current function value: 0.14523410467128026
            Iterations: 5
            Function evaluations: 34
            Gradient evaluations: 5
       rank  accuracy     error
0  0.914792  0.147059  0.145234
Optimization terminated successfully    (Exit mode 0)
            Current function value: 0.14226048875432512
            Iterations: 6
            Function evaluations: 43
            Gradient evaluations: 6
       rank  accuracy    error
0  0.913116  0.143382  0.14226
Optimization terminated successfully    (Exit mode 0)
            Current function value: 0.16722534602076114
            Iterations: 5
            Function evaluations: 41
            Gradient evaluations: 5
       rank  accuracy     error
0  0.925889  0.150735  0.167225
Optimization terminated successfully    (Exit mode 0)
            Current function value: 0.14581531141868498
            Iterations: 5
            Function evaluations: 52
            Gradient evaluations: 5
       rank  accuracy     error
0  0.919658  0.150735  0.145815
Optimization terminated successfully    (Exit mode 0)
            Current function value: 0.14413927335640128
            Iterations: 5
            Function evaluations: 52
            Gradient evaluations: 5
       rank  accuracy     error
0  0.913508  0.139706  0.144139
Optimization terminated successfully    (Exit mode 0)
            Current function value: 0.14386894463667815
            Iterations: 4
            Function evaluations: 49
            Gradient evaluations: 4
       rank  accuracy     error
0  0.919591  0.154412  0.143869
Optimization terminated successfully    (Exit mode 0)
            Current function value: 0.14654519896193766
            Iterations: 5
            Function evaluations: 63
            Gradient evaluations: 5
      rank  accuracy     error
0  0.91901  0.143382  0.146545
Optimization terminated successfully    (Exit mode 0)
            Current function value: 0.14903222318339093
            Iterations: 6
            Function evaluations: 79
            Gradient evaluations: 6
      rank  accuracy     error
0  0.91586  0.136029  0.149032
Optimization terminated successfully    (Exit mode 0)
            Current function value: 0.16886083477508643
            Iterations: 7
            Function evaluations: 95
            Gradient evaluations: 7
       rank  accuracy     error
0  0.926065  0.154412  0.168861
corrs 1
sub corrs 10
corrs 2
sub corrs 20
corrs 3
sub corrs 30
corrs 4
sub corrs 40
corrs 5
sub corrs 50
corrs 6
sub corrs 60
corrs 7
sub corrs 70
corrs 8
sub corrs 80
corrs 9
sub corrs 90
corrs 10
sub corrs 100
Optimization terminated successfully    (Exit mode 0)
            Current function value: 0.18330990484429038
            Iterations: 1
            Function evaluations: 2
            Gradient evaluations: 1
     rank  accuracy    error
0  0.9247  0.165441  0.18331
Optimization terminated successfully    (Exit mode 0)
            Current function value: 0.18760813148788894
            Iterations: 3
            Function evaluations: 20
            Gradient evaluations: 3
       rank  accuracy     error
0  0.923848  0.161765  0.187608
Optimization terminated successfully    (Exit mode 0)
            Current function value: 0.16953665657439407
            Iterations: 2
            Function evaluations: 19
            Gradient evaluations: 2
       rank  accuracy     error
0  0.896126  0.132353  0.169537
Optimization terminated successfully    (Exit mode 0)
            Current function value: 0.16371107266435947
            Iterations: 7
            Function evaluations: 48
            Gradient evaluations: 7
       rank  accuracy     error
0  0.904898  0.147059  0.163711
Optimization terminated successfully    (Exit mode 0)
            Current function value: 0.1689689662629754
            Iterations: 3
            Function evaluations: 29
            Gradient evaluations: 3
       rank  accuracy     error
0  0.903506  0.139706  0.168969
Optimization terminated successfully    (Exit mode 0)
            Current function value: 0.1715506055363318
            Iterations: 4
            Function evaluations: 40
            Gradient evaluations: 4
       rank  accuracy     error
0  0.911684  0.150735  0.171551
Optimization terminated successfully    (Exit mode 0)
            Current function value: 0.16575205449826957
            Iterations: 6
            Function evaluations: 62
            Gradient evaluations: 6
       rank  accuracy     error
0  0.919699  0.139706  0.165752
Optimization terminated successfully    (Exit mode 0)
            Current function value: 0.16314338235294087
            Iterations: 8
            Function evaluations: 93
            Gradient evaluations: 8
       rank  accuracy     error
0  0.922754  0.150735  0.163143
Optimization terminated successfully    (Exit mode 0)
            Current function value: 0.16262975778546682
            Iterations: 3
            Function evaluations: 43
            Gradient evaluations: 3
       rank  accuracy    error
0  0.913454  0.147059  0.16263
Optimization terminated successfully    (Exit mode 0)
            Current function value: 0.1679552335640135
            Iterations: 5
            Function evaluations: 68
            Gradient evaluations: 5
      rank  accuracy     error
0  0.91117  0.154412  0.167955
Optimization terminated successfully    (Exit mode 0)
            Current function value: 0.16249459342560515
            Iterations: 6
            Function evaluations: 85
            Gradient evaluations: 6
      rank  accuracy     error
0  0.90579  0.143382  0.162495
✨ Experiment complete. Results archived at: /mnt/beegfs/hellgate/home/tp183485/timecorr_trazzp/Cluster_Data/paragraph_100_10_10_isfc_SparsePCA_15_gaussian.csv
