corrs 1
sub corrs 10
corrs 2
sub corrs 20
corrs 3
sub corrs 30
corrs 4
sub corrs 40
corrs 5
sub corrs 50
corrs 6
sub corrs 60
corrs 7
sub corrs 70
corrs 8
sub corrs 80
corrs 9
sub corrs 90
corrs 10
sub corrs 100
Optimization terminated successfully    (Exit mode 0)
            Current function value: 0.11133333333333335
            Iterations: 1
            Function evaluations: 2
            Gradient evaluations: 1
       rank  accuracy     error
0  0.956456      0.26  0.111333
Optimization terminated successfully    (Exit mode 0)
            Current function value: 0.09927777777777788
            Iterations: 2
            Function evaluations: 17
            Gradient evaluations: 2
       rank  accuracy     error
0  0.954433  0.273333  0.099278
Optimization terminated successfully    (Exit mode 0)
            Current function value: 0.10163333333333345
            Iterations: 5
            Function evaluations: 31
            Gradient evaluations: 5
       rank  accuracy     error
0  0.953578  0.263333  0.101633
Optimization terminated successfully    (Exit mode 0)
            Current function value: 0.09584444444444457
            Iterations: 7
            Function evaluations: 50
            Gradient evaluations: 7
       rank  accuracy     error
0  0.954344  0.273333  0.095844
Optimization terminated successfully    (Exit mode 0)
            Current function value: 0.0960777777777779
            Iterations: 8
            Function evaluations: 65
            Gradient evaluations: 8
       rank  accuracy     error
0  0.954344  0.273333  0.096078
Optimization terminated successfully    (Exit mode 0)
            Current function value: 0.09705555555555567
            Iterations: 3
            Function evaluations: 32
            Gradient evaluations: 3
       rank  accuracy     error
0  0.954689  0.273333  0.097056
Optimization terminated successfully    (Exit mode 0)
            Current function value: 0.10353333333333346
            Iterations: 3
            Function evaluations: 35
            Gradient evaluations: 3
       rank  accuracy     error
0  0.953556  0.243333  0.103533
Optimization terminated successfully    (Exit mode 0)
            Current function value: 0.09782222222222238
            Iterations: 3
            Function evaluations: 39
            Gradient evaluations: 3
       rank  accuracy     error
0  0.956222  0.256667  0.097822
Optimization terminated successfully    (Exit mode 0)
            Current function value: 0.10474444444444461
            Iterations: 2
            Function evaluations: 31
            Gradient evaluations: 2
     rank  accuracy     error
0  0.9557  0.246667  0.104744
Optimization terminated successfully    (Exit mode 0)
            Current function value: 0.09925555555555567
            Iterations: 7
            Function evaluations: 91
            Gradient evaluations: 7
       rank  accuracy     error
0  0.955633      0.25  0.099256
Optimization terminated successfully    (Exit mode 0)
            Current function value: 0.09530000000000008
            Iterations: 2
            Function evaluations: 35
            Gradient evaluations: 2
       rank  accuracy   error
0  0.954811  0.253333  0.0953
corrs 1
sub corrs 10
corrs 2
sub corrs 20
corrs 3
sub corrs 30
corrs 4
sub corrs 40
corrs 5
sub corrs 50
corrs 6
sub corrs 60
corrs 7
sub corrs 70
corrs 8
sub corrs 80
corrs 9
sub corrs 90
corrs 10
sub corrs 100
Optimization terminated successfully    (Exit mode 0)
            Current function value: 0.07340000000000006
            Iterations: 1
            Function evaluations: 2
            Gradient evaluations: 1
       rank  accuracy   error
0  0.959156      0.22  0.0734
Optimization terminated successfully    (Exit mode 0)
            Current function value: 0.07563333333333343
            Iterations: 2
            Function evaluations: 17
            Gradient evaluations: 2
       rank  accuracy     error
0  0.955578      0.24  0.075633
Optimization terminated successfully    (Exit mode 0)
            Current function value: 0.06683333333333341
            Iterations: 5
            Function evaluations: 32
            Gradient evaluations: 5
       rank  accuracy     error
0  0.958967  0.233333  0.066833
Optimization terminated successfully    (Exit mode 0)
            Current function value: 0.06617777777777782
            Iterations: 4
            Function evaluations: 31
            Gradient evaluations: 4
       rank  accuracy     error
0  0.958222  0.243333  0.066178
Optimization terminated successfully    (Exit mode 0)
            Current function value: 0.06895555555555564
            Iterations: 2
            Function evaluations: 23
            Gradient evaluations: 2
     rank  accuracy     error
0  0.9592  0.246667  0.068956
Optimization terminated successfully    (Exit mode 0)
            Current function value: 0.06624444444444451
            Iterations: 5
            Function evaluations: 51
            Gradient evaluations: 5
       rank  accuracy     error
0  0.958378  0.233333  0.066244
Optimization terminated successfully    (Exit mode 0)
            Current function value: 0.07443333333333339
            Iterations: 2
            Function evaluations: 27
            Gradient evaluations: 2
       rank  accuracy     error
0  0.959089  0.233333  0.074433
Optimization terminated successfully    (Exit mode 0)
            Current function value: 0.07200000000000005
            Iterations: 2
            Function evaluations: 29
            Gradient evaluations: 2
       rank  accuracy  error
0  0.959089  0.226667  0.072
Optimization terminated successfully    (Exit mode 0)
            Current function value: 0.07198888888888898
            Iterations: 3
            Function evaluations: 43
            Gradient evaluations: 3
       rank  accuracy     error
0  0.959544  0.223333  0.071989
Optimization terminated successfully    (Exit mode 0)
            Current function value: 0.07340000000000006
            Iterations: 2
            Function evaluations: 33
            Gradient evaluations: 2
       rank  accuracy   error
0  0.959156      0.22  0.0734
Optimization terminated successfully    (Exit mode 0)
            Current function value: 0.06618888888888895
            Iterations: 4
            Function evaluations: 59
            Gradient evaluations: 4
       rank  accuracy     error
0  0.958822      0.23  0.066189
✨ Experiment complete. Results archived at: /mnt/beegfs/hellgate/home/tp183485/timecorr_trazzp/Cluster_Data/intact_100_10_10_isfc_MDS_5_mexican_hat.csv
