corrs 1
sub corrs 10
corrs 2
sub corrs 20
corrs 3
sub corrs 30
corrs 4
sub corrs 40
corrs 5
sub corrs 50
corrs 6
sub corrs 60
corrs 7
sub corrs 70
corrs 8
sub corrs 80
corrs 9
sub corrs 90
corrs 10
sub corrs 100
Optimization terminated successfully    (Exit mode 0)
            Current function value: 0.1446799307958477
            Iterations: 1
            Function evaluations: 2
            Gradient evaluations: 1
       rank  accuracy    error
0  0.922686  0.176471  0.14468
Optimization terminated successfully    (Exit mode 0)
            Current function value: 0.1446799307958477
            Iterations: 4
            Function evaluations: 12
            Gradient evaluations: 4
       rank  accuracy    error
0  0.922686  0.176471  0.14468
Optimization terminated successfully    (Exit mode 0)
            Current function value: 0.1145923442906575
            Iterations: 5
            Function evaluations: 31
            Gradient evaluations: 5
       rank  accuracy     error
0  0.935729  0.213235  0.114592
Optimization terminated successfully    (Exit mode 0)
            Current function value: 0.1145923442906575
            Iterations: 7
            Function evaluations: 46
            Gradient evaluations: 7
       rank  accuracy     error
0  0.935554  0.213235  0.114592
Optimization terminated successfully    (Exit mode 0)
            Current function value: 0.11345696366782014
            Iterations: 5
            Function evaluations: 43
            Gradient evaluations: 5
       rank  accuracy     error
0  0.935743  0.209559  0.113457
Optimization terminated successfully    (Exit mode 0)
            Current function value: 0.12209396626297574
            Iterations: 5
            Function evaluations: 49
            Gradient evaluations: 5
       rank  accuracy     error
0  0.930958  0.194853  0.122094
Optimization terminated successfully    (Exit mode 0)
            Current function value: 0.1141733347750866
            Iterations: 11
            Function evaluations: 106
            Gradient evaluations: 11
       rank  accuracy     error
0  0.933986  0.198529  0.114173
Optimization terminated successfully    (Exit mode 0)
            Current function value: 0.11033466695501737
            Iterations: 5
            Function evaluations: 57
            Gradient evaluations: 5
       rank  accuracy     error
0  0.937446  0.209559  0.110335
Optimization terminated successfully    (Exit mode 0)
            Current function value: 0.10465776384083053
            Iterations: 5
            Function evaluations: 67
            Gradient evaluations: 5
       rank  accuracy     error
0  0.938176  0.198529  0.104658
Optimization terminated successfully    (Exit mode 0)
            Current function value: 0.09264165224913502
            Iterations: 4
            Function evaluations: 56
            Gradient evaluations: 4
       rank  accuracy     error
0  0.945799  0.216912  0.092642
Optimization terminated successfully    (Exit mode 0)
            Current function value: 0.07490808823529423
            Iterations: 13
            Function evaluations: 177
            Gradient evaluations: 13
      rank  accuracy     error
0  0.92962  0.172794  0.074908
corrs 1
sub corrs 10
corrs 2
sub corrs 20
corrs 3
sub corrs 30
corrs 4
sub corrs 40
corrs 5
sub corrs 50
corrs 6
sub corrs 60
corrs 7
sub corrs 70
corrs 8
sub corrs 80
corrs 9
sub corrs 90
corrs 10
sub corrs 100
Optimization terminated successfully    (Exit mode 0)
            Current function value: 0.15489835640138397
            Iterations: 1
            Function evaluations: 2
            Gradient evaluations: 1
       rank  accuracy     error
0  0.923902  0.172794  0.154898
Optimization terminated successfully    (Exit mode 0)
            Current function value: 0.15489835640138397
            Iterations: 3
            Function evaluations: 9
            Gradient evaluations: 3
       rank  accuracy     error
0  0.923902  0.172794  0.154898
Optimization terminated successfully    (Exit mode 0)
            Current function value: 0.13525897491349492
            Iterations: 6
            Function evaluations: 35
            Gradient evaluations: 6
       rank  accuracy     error
0  0.949259  0.194853  0.135259
Optimization terminated successfully    (Exit mode 0)
            Current function value: 0.13866511678200696
            Iterations: 2
            Function evaluations: 21
            Gradient evaluations: 2
       rank  accuracy     error
0  0.943677  0.183824  0.138665
Optimization terminated successfully    (Exit mode 0)
            Current function value: 0.11982320501730115
            Iterations: 6
            Function evaluations: 47
            Gradient evaluations: 6
       rank  accuracy     error
0  0.945677  0.191176  0.119823
Optimization terminated successfully    (Exit mode 0)
            Current function value: 0.11674145761245684
            Iterations: 6
            Function evaluations: 58
            Gradient evaluations: 6
       rank  accuracy     error
0  0.937176  0.194853  0.116741
Optimization terminated successfully    (Exit mode 0)
            Current function value: 0.12105320069204159
            Iterations: 4
            Function evaluations: 44
            Gradient evaluations: 4
       rank  accuracy     error
0  0.933905    0.1875  0.121053
Optimization terminated successfully    (Exit mode 0)
            Current function value: 0.11122675173010392
            Iterations: 5
            Function evaluations: 57
            Gradient evaluations: 5
       rank  accuracy     error
0  0.947962  0.202206  0.111227
Optimization terminated successfully    (Exit mode 0)
            Current function value: 0.11010488754325275
            Iterations: 7
            Function evaluations: 90
            Gradient evaluations: 7
       rank  accuracy     error
0  0.949286  0.198529  0.110105
Optimization terminated successfully    (Exit mode 0)
            Current function value: 0.06452746539792398
            Iterations: 9
            Function evaluations: 119
            Gradient evaluations: 9
       rank  accuracy     error
0  0.966466  0.216912  0.064527
Optimization terminated successfully    (Exit mode 0)
            Current function value: 0.0679471237024222
            Iterations: 6
            Function evaluations: 85
            Gradient evaluations: 6
       rank  accuracy     error
0  0.957991  0.205882  0.067947
✨ Experiment complete. Results archived at: /mnt/beegfs/hellgate/home/tp183485/timecorr_trazzp/Cluster_Data/paragraph_100_10_10_isfc_UMAP_20_mexican_hat.csv
