corrs 1
sub corrs 10
corrs 2
sub corrs 20
corrs 3
sub corrs 30
corrs 4
sub corrs 40
corrs 5
sub corrs 50
corrs 6
sub corrs 60
corrs 7
sub corrs 70
corrs 8
sub corrs 80
corrs 9
sub corrs 90
corrs 10
sub corrs 100
Optimization terminated successfully    (Exit mode 0)
            Current function value: 0.09127777777777786
            Iterations: 1
            Function evaluations: 2
            Gradient evaluations: 1
       rank  accuracy     error
0  0.967767  0.326667  0.091278
Optimization terminated successfully    (Exit mode 0)
            Current function value: 0.08432222222222231
            Iterations: 5
            Function evaluations: 27
            Gradient evaluations: 5
     rank  accuracy     error
0  0.9676      0.34  0.084322
Optimization terminated successfully    (Exit mode 0)
            Current function value: 0.08435555555555563
            Iterations: 4
            Function evaluations: 27
            Gradient evaluations: 4
       rank  accuracy     error
0  0.967589      0.34  0.084356
Optimization terminated successfully    (Exit mode 0)
            Current function value: 0.08463333333333342
            Iterations: 8
            Function evaluations: 41
            Gradient evaluations: 8
       rank  accuracy     error
0  0.967733  0.333333  0.084633
Optimization terminated successfully    (Exit mode 0)
            Current function value: 0.0824444444444445
            Iterations: 4
            Function evaluations: 36
            Gradient evaluations: 4
       rank  accuracy     error
0  0.967511  0.343333  0.082444
Optimization terminated successfully    (Exit mode 0)
            Current function value: 0.08432222222222231
            Iterations: 4
            Function evaluations: 39
            Gradient evaluations: 4
     rank  accuracy     error
0  0.9676      0.34  0.084322
Optimization terminated successfully    (Exit mode 0)
            Current function value: 0.08435555555555563
            Iterations: 7
            Function evaluations: 68
            Gradient evaluations: 7
       rank  accuracy     error
0  0.967567      0.34  0.084356
Optimization terminated successfully    (Exit mode 0)
            Current function value: 0.08435555555555563
            Iterations: 5
            Function evaluations: 56
            Gradient evaluations: 5
       rank  accuracy     error
0  0.967544      0.34  0.084356
Optimization terminated successfully    (Exit mode 0)
            Current function value: 0.08686666666666673
            Iterations: 5
            Function evaluations: 64
            Gradient evaluations: 5
       rank  accuracy     error
0  0.966911  0.343333  0.086867
Optimization terminated successfully    (Exit mode 0)
            Current function value: 0.08658888888888897
            Iterations: 4
            Function evaluations: 55
            Gradient evaluations: 4
       rank  accuracy     error
0  0.967489  0.346667  0.086589
Optimization terminated successfully    (Exit mode 0)
            Current function value: 0.08681111111111119
            Iterations: 4
            Function evaluations: 59
            Gradient evaluations: 4
       rank  accuracy     error
0  0.966789      0.34  0.086811
corrs 1
sub corrs 10
corrs 2
sub corrs 20
corrs 3
sub corrs 30
corrs 4
sub corrs 40
corrs 5
sub corrs 50
corrs 6
sub corrs 60
corrs 7
sub corrs 70
corrs 8
sub corrs 80
corrs 9
sub corrs 90
corrs 10
sub corrs 100
Optimization terminated successfully    (Exit mode 0)
            Current function value: 0.08393333333333353
            Iterations: 1
            Function evaluations: 2
            Gradient evaluations: 1
       rank  accuracy     error
0  0.966367  0.293333  0.083933
Optimization terminated successfully    (Exit mode 0)
            Current function value: 0.08147777777777797
            Iterations: 5
            Function evaluations: 26
            Gradient evaluations: 5
       rank  accuracy     error
0  0.966311  0.306667  0.081478
Optimization terminated successfully    (Exit mode 0)
            Current function value: 0.08647777777777793
            Iterations: 3
            Function evaluations: 23
            Gradient evaluations: 3
       rank  accuracy     error
0  0.966056  0.316667  0.086478
Optimization terminated successfully    (Exit mode 0)
            Current function value: 0.09065555555555571
            Iterations: 3
            Function evaluations: 27
            Gradient evaluations: 3
     rank  accuracy     error
0  0.9647  0.296667  0.090656
Optimization terminated successfully    (Exit mode 0)
            Current function value: 0.08017777777777792
            Iterations: 4
            Function evaluations: 35
            Gradient evaluations: 4
       rank  accuracy     error
0  0.966267      0.31  0.080178
Optimization terminated successfully    (Exit mode 0)
            Current function value: 0.08618888888888904
            Iterations: 3
            Function evaluations: 34
            Gradient evaluations: 3
       rank  accuracy     error
0  0.965289      0.31  0.086189
Optimization terminated successfully    (Exit mode 0)
            Current function value: 0.08143333333333347
            Iterations: 4
            Function evaluations: 46
            Gradient evaluations: 4
       rank  accuracy     error
0  0.965367  0.306667  0.081433
Optimization terminated successfully    (Exit mode 0)
            Current function value: 0.08651111111111125
            Iterations: 5
            Function evaluations: 57
            Gradient evaluations: 5
       rank  accuracy     error
0  0.965078       0.3  0.086511
Optimization terminated successfully    (Exit mode 0)
            Current function value: 0.08300000000000017
            Iterations: 3
            Function evaluations: 41
            Gradient evaluations: 3
       rank  accuracy  error
0  0.966167  0.313333  0.083
Optimization terminated successfully    (Exit mode 0)
            Current function value: 0.07744444444444458
            Iterations: 5
            Function evaluations: 67
            Gradient evaluations: 5
     rank  accuracy     error
0  0.9663  0.306667  0.077444
Optimization terminated successfully    (Exit mode 0)
            Current function value: 0.07512222222222235
            Iterations: 5
            Function evaluations: 72
            Gradient evaluations: 5
       rank  accuracy     error
0  0.966256  0.306667  0.075122
✨ Experiment complete. Results archived at: /mnt/beegfs/hellgate/home/tp183485/timecorr_trazzp/Cluster_Data/intact_100_10_10_isfc_MiniBatchDictionaryLearning_45_gaussian.csv
