corrs 1
sub corrs 10
corrs 2
sub corrs 20
corrs 3
sub corrs 30
corrs 4
sub corrs 40
corrs 5
sub corrs 50
corrs 6
sub corrs 60
corrs 7
sub corrs 70
corrs 8
sub corrs 80
corrs 9
sub corrs 90
corrs 10
sub corrs 100
Optimization terminated successfully    (Exit mode 0)
            Current function value: 0.07148888888888896
            Iterations: 1
            Function evaluations: 2
            Gradient evaluations: 1
       rank  accuracy     error
0  0.966422  0.323333  0.071489
Optimization terminated successfully    (Exit mode 0)
            Current function value: 0.05034444444444448
            Iterations: 4
            Function evaluations: 25
            Gradient evaluations: 4
       rank  accuracy     error
0  0.967622      0.34  0.050344
Optimization terminated successfully    (Exit mode 0)
            Current function value: 0.05114444444444445
            Iterations: 4
            Function evaluations: 27
            Gradient evaluations: 4
       rank  accuracy     error
0  0.972044  0.343333  0.051144
Optimization terminated successfully    (Exit mode 0)
            Current function value: 0.04028888888888888
            Iterations: 5
            Function evaluations: 39
            Gradient evaluations: 5
       rank  accuracy     error
0  0.977856      0.38  0.040289
Optimization terminated successfully    (Exit mode 0)
            Current function value: 0.03326666666666666
            Iterations: 3
            Function evaluations: 29
            Gradient evaluations: 3
       rank  accuracy     error
0  0.983111  0.376667  0.033267
Optimization terminated successfully    (Exit mode 0)
            Current function value: 0.030333333333333334
            Iterations: 4
            Function evaluations: 41
            Gradient evaluations: 4
       rank  accuracy     error
0  0.984733      0.36  0.030333
Optimization terminated successfully    (Exit mode 0)
            Current function value: 0.03283333333333331
            Iterations: 5
            Function evaluations: 51
            Gradient evaluations: 5
       rank  accuracy     error
0  0.980211  0.363333  0.032833
Optimization terminated successfully    (Exit mode 0)
            Current function value: 0.040699999999999986
            Iterations: 2
            Function evaluations: 29
            Gradient evaluations: 2
       rank  accuracy   error
0  0.979156      0.36  0.0407
Optimization terminated successfully    (Exit mode 0)
            Current function value: 0.027788888888888922
            Iterations: 8
            Function evaluations: 94
            Gradient evaluations: 8
       rank  accuracy     error
0  0.985122       0.4  0.027789
Optimization terminated successfully    (Exit mode 0)
            Current function value: 0.015566666666666661
            Iterations: 13
            Function evaluations: 166
            Gradient evaluations: 13
       rank  accuracy     error
0  0.986656  0.386667  0.015567
Optimization terminated successfully    (Exit mode 0)
            Current function value: 0.017522222222222182
            Iterations: 8
            Function evaluations: 112
            Gradient evaluations: 8
       rank  accuracy     error
0  0.984711      0.38  0.017522
corrs 1
sub corrs 10
corrs 2
sub corrs 20
corrs 3
sub corrs 30
corrs 4
sub corrs 40
corrs 5
sub corrs 50
corrs 6
sub corrs 60
corrs 7
sub corrs 70
corrs 8
sub corrs 80
corrs 9
sub corrs 90
corrs 10
sub corrs 100
Optimization terminated successfully    (Exit mode 0)
            Current function value: 0.07891111111111115
            Iterations: 1
            Function evaluations: 2
            Gradient evaluations: 1
       rank  accuracy     error
0  0.965422  0.296667  0.078911
Optimization terminated successfully    (Exit mode 0)
            Current function value: 0.06338888888888894
            Iterations: 5
            Function evaluations: 27
            Gradient evaluations: 5
       rank  accuracy     error
0  0.967044  0.306667  0.063389
Optimization terminated successfully    (Exit mode 0)
            Current function value: 0.05650000000000006
            Iterations: 2
            Function evaluations: 19
            Gradient evaluations: 2
       rank  accuracy   error
0  0.971267  0.306667  0.0565
Optimization terminated successfully    (Exit mode 0)
            Current function value: 0.04577777777777779
            Iterations: 7
            Function evaluations: 52
            Gradient evaluations: 7
       rank  accuracy     error
0  0.978456  0.323333  0.045778
Optimization terminated successfully    (Exit mode 0)
            Current function value: 0.032322222222222245
            Iterations: 4
            Function evaluations: 39
            Gradient evaluations: 4
       rank  accuracy     error
0  0.984422      0.34  0.032322
Optimization terminated successfully    (Exit mode 0)
            Current function value: 0.024933333333333287
            Iterations: 3
            Function evaluations: 32
            Gradient evaluations: 3
       rank  accuracy     error
0  0.983411      0.31  0.024933
Optimization terminated successfully    (Exit mode 0)
            Current function value: 0.03318888888888885
            Iterations: 3
            Function evaluations: 36
            Gradient evaluations: 3
       rank  accuracy     error
0  0.982822  0.353333  0.033189
Optimization terminated successfully    (Exit mode 0)
            Current function value: 0.023355555555555504
            Iterations: 7
            Function evaluations: 78
            Gradient evaluations: 7
       rank  accuracy     error
0  0.980611  0.316667  0.023356
Optimization terminated successfully    (Exit mode 0)
            Current function value: 0.03885555555555558
            Iterations: 4
            Function evaluations: 51
            Gradient evaluations: 4
       rank  accuracy     error
0  0.979222      0.36  0.038856
Optimization terminated successfully    (Exit mode 0)
            Current function value: 0.01849999999999995
            Iterations: 4
            Function evaluations: 57
            Gradient evaluations: 4
       rank  accuracy   error
0  0.988133  0.386667  0.0185
Optimization terminated successfully    (Exit mode 0)
            Current function value: 0.016855555555555495
            Iterations: 4
            Function evaluations: 59
            Gradient evaluations: 4
       rank  accuracy     error
0  0.987256      0.37  0.016856
✨ Experiment complete. Results archived at: /mnt/beegfs/hellgate/home/tp183485/timecorr_trazzp/Cluster_Data/intact_100_10_10_isfc_FactorAnalysis_45_laplace.csv
