corrs 1
sub corrs 10
corrs 2
sub corrs 20
corrs 3
sub corrs 30
corrs 4
sub corrs 40
corrs 5
sub corrs 50
corrs 6
sub corrs 60
corrs 7
sub corrs 70
corrs 8
sub corrs 80
corrs 9
sub corrs 90
corrs 10
sub corrs 100
Optimization terminated successfully    (Exit mode 0)
            Current function value: 0.10191111111111126
            Iterations: 1
            Function evaluations: 2
            Gradient evaluations: 1
       rank  accuracy     error
0  0.961711  0.276667  0.101911
Optimization terminated successfully    (Exit mode 0)
            Current function value: 0.09712222222222235
            Iterations: 4
            Function evaluations: 23
            Gradient evaluations: 4
       rank  accuracy     error
0  0.961133  0.273333  0.097122
Optimization terminated successfully    (Exit mode 0)
            Current function value: 0.08417777777777789
            Iterations: 3
            Function evaluations: 23
            Gradient evaluations: 3
    rank  accuracy     error
0  0.962  0.283333  0.084178
Optimization terminated successfully    (Exit mode 0)
            Current function value: 0.07862222222222232
            Iterations: 3
            Function evaluations: 26
            Gradient evaluations: 3
       rank  accuracy     error
0  0.967567      0.29  0.078622
Optimization terminated successfully    (Exit mode 0)
            Current function value: 0.06381111111111115
            Iterations: 4
            Function evaluations: 36
            Gradient evaluations: 4
       rank  accuracy     error
0  0.966633      0.29  0.063811
Optimization terminated successfully    (Exit mode 0)
            Current function value: 0.06895555555555559
            Iterations: 3
            Function evaluations: 36
            Gradient evaluations: 3
       rank  accuracy     error
0  0.962033  0.273333  0.068956
Optimization terminated successfully    (Exit mode 0)
            Current function value: 0.06850000000000005
            Iterations: 4
            Function evaluations: 45
            Gradient evaluations: 4
       rank  accuracy   error
0  0.956378  0.253333  0.0685
Optimization terminated successfully    (Exit mode 0)
            Current function value: 0.06582222222222227
            Iterations: 4
            Function evaluations: 50
            Gradient evaluations: 4
       rank  accuracy     error
0  0.967789  0.293333  0.065822
Optimization terminated successfully    (Exit mode 0)
            Current function value: 0.060900000000000044
            Iterations: 7
            Function evaluations: 89
            Gradient evaluations: 7
       rank  accuracy   error
0  0.966656  0.286667  0.0609
Optimization terminated successfully    (Exit mode 0)
            Current function value: 0.061066666666666714
            Iterations: 6
            Function evaluations: 78
            Gradient evaluations: 6
       rank  accuracy     error
0  0.967911       0.3  0.061067
Optimization terminated successfully    (Exit mode 0)
            Current function value: 0.06071111111111116
            Iterations: 6
            Function evaluations: 84
            Gradient evaluations: 6
       rank  accuracy     error
0  0.969322  0.296667  0.060711
corrs 1
sub corrs 10
corrs 2
sub corrs 20
corrs 3
sub corrs 30
corrs 4
sub corrs 40
corrs 5
sub corrs 50
corrs 6
sub corrs 60
corrs 7
sub corrs 70
corrs 8
sub corrs 80
corrs 9
sub corrs 90
corrs 10
sub corrs 100
Optimization terminated successfully    (Exit mode 0)
            Current function value: 0.11367777777777785
            Iterations: 1
            Function evaluations: 2
            Gradient evaluations: 1
       rank  accuracy     error
0  0.958311      0.27  0.113678
Optimization terminated successfully    (Exit mode 0)
            Current function value: 0.11367777777777785
            Iterations: 3
            Function evaluations: 9
            Gradient evaluations: 3
       rank  accuracy     error
0  0.958311      0.27  0.113678
Optimization terminated successfully    (Exit mode 0)
            Current function value: 0.09192222222222236
            Iterations: 5
            Function evaluations: 34
            Gradient evaluations: 5
     rank  accuracy     error
0  0.9591  0.283333  0.091922
Optimization terminated successfully    (Exit mode 0)
            Current function value: 0.09096666666666678
            Iterations: 2
            Function evaluations: 21
            Gradient evaluations: 2
       rank  accuracy     error
0  0.959578  0.256667  0.090967
Optimization terminated successfully    (Exit mode 0)
            Current function value: 0.07246666666666676
            Iterations: 6
            Function evaluations: 52
            Gradient evaluations: 6
       rank  accuracy     error
0  0.962622  0.283333  0.072467
Optimization terminated successfully    (Exit mode 0)
            Current function value: 0.0704333333333334
            Iterations: 4
            Function evaluations: 42
            Gradient evaluations: 4
       rank  accuracy     error
0  0.962444      0.28  0.070433
Optimization terminated successfully    (Exit mode 0)
            Current function value: 0.07010000000000009
            Iterations: 9
            Function evaluations: 90
            Gradient evaluations: 9
       rank  accuracy   error
0  0.963267  0.273333  0.0701
Optimization terminated successfully    (Exit mode 0)
            Current function value: 0.07111111111111121
            Iterations: 3
            Function evaluations: 39
            Gradient evaluations: 3
       rank  accuracy     error
0  0.963711      0.28  0.071111
Optimization terminated successfully    (Exit mode 0)
            Current function value: 0.060411111111111214
            Iterations: 3
            Function evaluations: 41
            Gradient evaluations: 3
       rank  accuracy     error
0  0.968667      0.32  0.060411
Optimization terminated successfully    (Exit mode 0)
            Current function value: 0.0617111111111112
            Iterations: 6
            Function evaluations: 82
            Gradient evaluations: 6
       rank  accuracy     error
0  0.968367      0.29  0.061711
Optimization terminated successfully    (Exit mode 0)
            Current function value: 0.06520000000000006
            Iterations: 5
            Function evaluations: 71
            Gradient evaluations: 5
       rank  accuracy   error
0  0.966744  0.296667  0.0652
✨ Experiment complete. Results archived at: /mnt/beegfs/hellgate/home/tp183485/timecorr_trazzp/Cluster_Data/intact_100_10_10_isfc_KernelPCA_10_mexican_hat.csv
