corrs 1
sub corrs 10
corrs 2
sub corrs 20
corrs 3
sub corrs 30
corrs 4
sub corrs 40
corrs 5
sub corrs 50
corrs 6
sub corrs 60
corrs 7
sub corrs 70
corrs 8
sub corrs 80
corrs 9
sub corrs 90
corrs 10
sub corrs 100
Optimization terminated successfully    (Exit mode 0)
            Current function value: 0.10066666666666677
            Iterations: 1
            Function evaluations: 2
            Gradient evaluations: 1
       rank  accuracy     error
0  0.966578      0.31  0.100667
Optimization terminated successfully    (Exit mode 0)
            Current function value: 0.09536666666666677
            Iterations: 4
            Function evaluations: 23
            Gradient evaluations: 4
       rank  accuracy     error
0  0.966644  0.313333  0.095367
Optimization terminated successfully    (Exit mode 0)
            Current function value: 0.07324444444444449
            Iterations: 7
            Function evaluations: 42
            Gradient evaluations: 7
     rank  accuracy     error
0  0.9671      0.33  0.073244
Optimization terminated successfully    (Exit mode 0)
            Current function value: 0.06844444444444449
            Iterations: 6
            Function evaluations: 46
            Gradient evaluations: 6
       rank  accuracy     error
0  0.968044  0.326667  0.068444
Optimization terminated successfully    (Exit mode 0)
            Current function value: 0.07208888888888892
            Iterations: 2
            Function evaluations: 23
            Gradient evaluations: 2
       rank  accuracy     error
0  0.967867  0.323333  0.072089
Optimization terminated successfully    (Exit mode 0)
            Current function value: 0.07028888888888893
            Iterations: 4
            Function evaluations: 40
            Gradient evaluations: 4
       rank  accuracy     error
0  0.967322  0.326667  0.070289
Optimization terminated successfully    (Exit mode 0)
            Current function value: 0.06751111111111115
            Iterations: 6
            Function evaluations: 63
            Gradient evaluations: 6
       rank  accuracy     error
0  0.966167  0.323333  0.067511
Optimization terminated successfully    (Exit mode 0)
            Current function value: 0.06998888888888893
            Iterations: 6
            Function evaluations: 67
            Gradient evaluations: 6
       rank  accuracy     error
0  0.967422      0.33  0.069989
Optimization terminated successfully    (Exit mode 0)
            Current function value: 0.08010000000000007
            Iterations: 4
            Function evaluations: 51
            Gradient evaluations: 4
       rank  accuracy   error
0  0.968067      0.33  0.0801
Optimization terminated successfully    (Exit mode 0)
            Current function value: 0.06662222222222228
            Iterations: 6
            Function evaluations: 80
            Gradient evaluations: 6
     rank  accuracy     error
0  0.9671      0.33  0.066622
Optimization terminated successfully    (Exit mode 0)
            Current function value: 0.06645555555555559
            Iterations: 7
            Function evaluations: 100
            Gradient evaluations: 7
       rank  accuracy     error
0  0.967111  0.323333  0.066456
corrs 1
sub corrs 10
corrs 2
sub corrs 20
corrs 3
sub corrs 30
corrs 4
sub corrs 40
corrs 5
sub corrs 50
corrs 6
sub corrs 60
corrs 7
sub corrs 70
corrs 8
sub corrs 80
corrs 9
sub corrs 90
corrs 10
sub corrs 100
Optimization terminated successfully    (Exit mode 0)
            Current function value: 0.07752222222222228
            Iterations: 1
            Function evaluations: 2
            Gradient evaluations: 1
       rank  accuracy     error
0  0.965222  0.313333  0.077522
Optimization terminated successfully    (Exit mode 0)
            Current function value: 0.12447777777777785
            Iterations: 2
            Function evaluations: 17
            Gradient evaluations: 2
       rank  accuracy     error
0  0.958344  0.253333  0.124478
Optimization terminated successfully    (Exit mode 0)
            Current function value: 0.09117777777777787
            Iterations: 5
            Function evaluations: 32
            Gradient evaluations: 5
       rank  accuracy     error
0  0.964622  0.303333  0.091178
Optimization terminated successfully    (Exit mode 0)
            Current function value: 0.09545555555555575
            Iterations: 2
            Function evaluations: 21
            Gradient evaluations: 2
       rank  accuracy     error
0  0.966533      0.28  0.095456
Optimization terminated successfully    (Exit mode 0)
            Current function value: 0.07450000000000007
            Iterations: 5
            Function evaluations: 41
            Gradient evaluations: 5
       rank  accuracy   error
0  0.966044       0.3  0.0745
Optimization terminated successfully    (Exit mode 0)
            Current function value: 0.07925555555555563
            Iterations: 5
            Function evaluations: 47
            Gradient evaluations: 5
       rank  accuracy     error
0  0.966311      0.31  0.079256
Optimization terminated successfully    (Exit mode 0)
            Current function value: 0.07661111111111119
            Iterations: 4
            Function evaluations: 43
            Gradient evaluations: 4
       rank  accuracy     error
0  0.965989       0.3  0.076611
Optimization terminated successfully    (Exit mode 0)
            Current function value: 0.06094444444444451
            Iterations: 9
            Function evaluations: 96
            Gradient evaluations: 9
       rank  accuracy     error
0  0.964722       0.3  0.060944
Optimization terminated successfully    (Exit mode 0)
            Current function value: 0.06746666666666673
            Iterations: 3
            Function evaluations: 41
            Gradient evaluations: 3
       rank  accuracy     error
0  0.966033  0.306667  0.067467
Optimization terminated successfully    (Exit mode 0)
            Current function value: 0.05840000000000005
            Iterations: 7
            Function evaluations: 89
            Gradient evaluations: 7
       rank  accuracy   error
0  0.964833      0.31  0.0584
Optimization terminated successfully    (Exit mode 0)
            Current function value: 0.0732333333333334
            Iterations: 3
            Function evaluations: 47
            Gradient evaluations: 3
       rank  accuracy     error
0  0.965256      0.31  0.073233
✨ Experiment complete. Results archived at: /mnt/beegfs/hellgate/home/tp183485/timecorr_trazzp/Cluster_Data/intact_100_10_10_isfc_MiniBatchSparsePCA_30_mexican_hat.csv
