corrs 1
sub corrs 10
corrs 2
sub corrs 20
corrs 3
sub corrs 30
corrs 4
sub corrs 40
corrs 5
sub corrs 50
corrs 6
sub corrs 60
corrs 7
sub corrs 70
corrs 8
sub corrs 80
corrs 9
sub corrs 90
corrs 10
sub corrs 100
Optimization terminated successfully    (Exit mode 0)
            Current function value: 0.17836288927335614
            Iterations: 1
            Function evaluations: 2
            Gradient evaluations: 1
       rank  accuracy     error
0  0.919347  0.143382  0.178363
Optimization terminated successfully    (Exit mode 0)
            Current function value: 0.17836288927335614
            Iterations: 3
            Function evaluations: 9
            Gradient evaluations: 3
       rank  accuracy     error
0  0.919347  0.143382  0.178363
Optimization terminated successfully    (Exit mode 0)
            Current function value: 0.17836288927335614
            Iterations: 3
            Function evaluations: 12
            Gradient evaluations: 3
       rank  accuracy     error
0  0.919347  0.143382  0.178363
Optimization terminated successfully    (Exit mode 0)
            Current function value: 0.17836288927335614
            Iterations: 4
            Function evaluations: 31
            Gradient evaluations: 4
       rank  accuracy     error
0  0.919347  0.143382  0.178363
Optimization terminated successfully    (Exit mode 0)
            Current function value: 0.17898464532871952
            Iterations: 5
            Function evaluations: 41
            Gradient evaluations: 5
      rank  accuracy     error
0  0.91805  0.147059  0.178985
Optimization terminated successfully    (Exit mode 0)
            Current function value: 0.17836288927335614
            Iterations: 4
            Function evaluations: 39
            Gradient evaluations: 4
       rank  accuracy     error
0  0.919347  0.143382  0.178363
Optimization terminated successfully    (Exit mode 0)
            Current function value: 0.16868512110726638
            Iterations: 5
            Function evaluations: 51
            Gradient evaluations: 5
      rank  accuracy     error
0  0.91928  0.147059  0.168685
Optimization terminated successfully    (Exit mode 0)
            Current function value: 0.15996701989619372
            Iterations: 7
            Function evaluations: 81
            Gradient evaluations: 7
       rank  accuracy     error
0  0.919591  0.154412  0.159967
Optimization terminated successfully    (Exit mode 0)
            Current function value: 0.1645355752595155
            Iterations: 7
            Function evaluations: 85
            Gradient evaluations: 7
       rank  accuracy     error
0  0.919239  0.147059  0.164536
Optimization terminated successfully    (Exit mode 0)
            Current function value: 0.16911764705882334
            Iterations: 5
            Function evaluations: 67
            Gradient evaluations: 5
       rank  accuracy     error
0  0.918523  0.147059  0.169118
Optimization terminated successfully    (Exit mode 0)
            Current function value: 0.1605617430795847
            Iterations: 5
            Function evaluations: 74
            Gradient evaluations: 5
       rank  accuracy     error
0  0.919185  0.150735  0.160562
corrs 1
sub corrs 10
corrs 2
sub corrs 20
corrs 3
sub corrs 30
corrs 4
sub corrs 40
corrs 5
sub corrs 50
corrs 6
sub corrs 60
corrs 7
sub corrs 70
corrs 8
sub corrs 80
corrs 9
sub corrs 90
corrs 10
sub corrs 100
Optimization terminated successfully    (Exit mode 0)
            Current function value: 0.18990592560553604
            Iterations: 1
            Function evaluations: 2
            Gradient evaluations: 1
       rank  accuracy     error
0  0.920645  0.147059  0.189906
Optimization terminated successfully    (Exit mode 0)
            Current function value: 0.18990592560553604
            Iterations: 3
            Function evaluations: 9
            Gradient evaluations: 3
       rank  accuracy     error
0  0.920645  0.147059  0.189906
Optimization terminated successfully    (Exit mode 0)
            Current function value: 0.18990592560553604
            Iterations: 4
            Function evaluations: 16
            Gradient evaluations: 4
       rank  accuracy     error
0  0.920645  0.147059  0.189906
Optimization terminated successfully    (Exit mode 0)
            Current function value: 0.24904033304498246
            Iterations: 3
            Function evaluations: 26
            Gradient evaluations: 3
       rank  accuracy    error
0  0.890003  0.099265  0.24904
Optimization terminated successfully    (Exit mode 0)
            Current function value: 0.24863483996539776
            Iterations: 4
            Function evaluations: 35
            Gradient evaluations: 4
       rank  accuracy     error
0  0.886584  0.099265  0.248635
Optimization terminated successfully    (Exit mode 0)
            Current function value: 0.20235456314878883
            Iterations: 5
            Function evaluations: 49
            Gradient evaluations: 5
       rank  accuracy     error
0  0.889841  0.121324  0.202355
Optimization terminated successfully    (Exit mode 0)
            Current function value: 0.21554660467127987
            Iterations: 3
            Function evaluations: 35
            Gradient evaluations: 3
       rank  accuracy     error
0  0.881704  0.110294  0.215547
Optimization terminated successfully    (Exit mode 0)
            Current function value: 0.17407817906574366
            Iterations: 9
            Function evaluations: 92
            Gradient evaluations: 9
       rank  accuracy     error
0  0.920577  0.165441  0.174078
Optimization terminated successfully    (Exit mode 0)
            Current function value: 0.2078016868512108
            Iterations: 3
            Function evaluations: 41
            Gradient evaluations: 3
       rank  accuracy     error
0  0.899924  0.132353  0.207802
Optimization terminated successfully    (Exit mode 0)
            Current function value: 0.2061661980968855
            Iterations: 7
            Function evaluations: 90
            Gradient evaluations: 7
       rank  accuracy     error
0  0.910359  0.128676  0.206166
Optimization terminated successfully    (Exit mode 0)
            Current function value: 0.17198313148788902
            Iterations: 6
            Function evaluations: 87
            Gradient evaluations: 6
       rank  accuracy     error
0  0.920726  0.161765  0.171983
✨ Experiment complete. Results archived at: /mnt/beegfs/hellgate/home/tp183485/timecorr_trazzp/Cluster_Data/paragraph_100_10_10_isfc_KernelPCA_15_gaussian.csv
