corrs 1
sub corrs 10
corrs 2
sub corrs 20
corrs 3
sub corrs 30
corrs 4
sub corrs 40
corrs 5
sub corrs 50
corrs 6
sub corrs 60
corrs 7
sub corrs 70
corrs 8
sub corrs 80
corrs 9
sub corrs 90
corrs 10
sub corrs 100
Optimization terminated successfully    (Exit mode 0)
            Current function value: 0.15438473183391002
            Iterations: 1
            Function evaluations: 2
            Gradient evaluations: 1
       rank  accuracy     error
0  0.912792  0.194853  0.154385
Optimization terminated successfully    (Exit mode 0)
            Current function value: 0.15160034602076122
            Iterations: 5
            Function evaluations: 27
            Gradient evaluations: 5
       rank  accuracy   error
0  0.910656  0.176471  0.1516
Optimization terminated successfully    (Exit mode 0)
            Current function value: 0.1495999134948096
            Iterations: 5
            Function evaluations: 33
            Gradient evaluations: 5
       rank  accuracy   error
0  0.903425  0.169118  0.1496
Optimization terminated successfully    (Exit mode 0)
            Current function value: 0.15133001730103798
            Iterations: 3
            Function evaluations: 27
            Gradient evaluations: 3
       rank  accuracy    error
0  0.899357  0.165441  0.15133
Optimization terminated successfully    (Exit mode 0)
            Current function value: 0.1663873269896193
            Iterations: 2
            Function evaluations: 23
            Gradient evaluations: 2
       rank  accuracy     error
0  0.891044  0.121324  0.166387
Optimization terminated successfully    (Exit mode 0)
            Current function value: 0.14677497837370237
            Iterations: 4
            Function evaluations: 39
            Gradient evaluations: 4
       rank  accuracy     error
0  0.914441  0.183824  0.146775
Optimization terminated successfully    (Exit mode 0)
            Current function value: 0.1541955017301037
            Iterations: 7
            Function evaluations: 71
            Gradient evaluations: 7
       rank  accuracy     error
0  0.911913  0.191176  0.154196
Optimization terminated successfully    (Exit mode 0)
            Current function value: 0.1479509083044982
            Iterations: 11
            Function evaluations: 126
            Gradient evaluations: 11
       rank  accuracy     error
0  0.914914  0.191176  0.147951
Optimization terminated successfully    (Exit mode 0)
            Current function value: 0.15408737024221447
            Iterations: 2
            Function evaluations: 31
            Gradient evaluations: 2
       rank  accuracy     error
0  0.914657    0.1875  0.154087
Optimization terminated successfully    (Exit mode 0)
            Current function value: 0.14947826557093422
            Iterations: 4
            Function evaluations: 60
            Gradient evaluations: 4
       rank  accuracy     error
0  0.913738    0.1875  0.149478
Optimization terminated successfully    (Exit mode 0)
            Current function value: 0.14922145328719713
            Iterations: 7
            Function evaluations: 97
            Gradient evaluations: 7
       rank  accuracy     error
0  0.907737  0.180147  0.149221
corrs 1
sub corrs 10
corrs 2
sub corrs 20
corrs 3
sub corrs 30
corrs 4
sub corrs 40
corrs 5
sub corrs 50
corrs 6
sub corrs 60
corrs 7
sub corrs 70
corrs 8
sub corrs 80
corrs 9
sub corrs 90
corrs 10
sub corrs 100
Optimization terminated successfully    (Exit mode 0)
            Current function value: 0.1764300389273355
            Iterations: 1
            Function evaluations: 2
            Gradient evaluations: 1
       rank  accuracy    error
0  0.914495  0.158088  0.17643
Optimization terminated successfully    (Exit mode 0)
            Current function value: 0.17041522491349456
            Iterations: 2
            Function evaluations: 17
            Gradient evaluations: 2
       rank  accuracy     error
0  0.894599  0.121324  0.170415
Optimization terminated successfully    (Exit mode 0)
            Current function value: 0.18044442041522468
            Iterations: 2
            Function evaluations: 20
            Gradient evaluations: 2
       rank  accuracy     error
0  0.892112     0.125  0.180444
Optimization terminated successfully    (Exit mode 0)
            Current function value: 0.18124189013840789
            Iterations: 5
            Function evaluations: 44
            Gradient evaluations: 5
       rank  accuracy     error
0  0.875216  0.069853  0.181242
Optimization terminated successfully    (Exit mode 0)
            Current function value: 0.18779736159169522
            Iterations: 2
            Function evaluations: 25
            Gradient evaluations: 2
       rank  accuracy     error
0  0.886921  0.088235  0.187797
Optimization terminated successfully    (Exit mode 0)
            Current function value: 0.18460748269896166
            Iterations: 3
            Function evaluations: 34
            Gradient evaluations: 3
       rank  accuracy     error
0  0.907548  0.136029  0.184607
Optimization terminated successfully    (Exit mode 0)
            Current function value: 0.17269950259515549
            Iterations: 2
            Function evaluations: 27
            Gradient evaluations: 2
       rank  accuracy   error
0  0.898018     0.125  0.1727
Optimization terminated successfully    (Exit mode 0)
            Current function value: 0.16500865051903096
            Iterations: 8
            Function evaluations: 89
            Gradient evaluations: 8
       rank  accuracy     error
0  0.902898  0.110294  0.165009
Optimization terminated successfully    (Exit mode 0)
            Current function value: 0.1616025086505189
            Iterations: 6
            Function evaluations: 74
            Gradient evaluations: 6
       rank  accuracy     error
0  0.914076  0.169118  0.161603
Optimization terminated successfully    (Exit mode 0)
            Current function value: 0.15984537197231818
            Iterations: 6
            Function evaluations: 79
            Gradient evaluations: 6
       rank  accuracy     error
0  0.910237  0.154412  0.159845
Optimization terminated successfully    (Exit mode 0)
            Current function value: 0.161953935986159
            Iterations: 5
            Function evaluations: 73
            Gradient evaluations: 5
       rank  accuracy     error
0  0.904114  0.136029  0.161954
✨ Experiment complete. Results archived at: /mnt/beegfs/hellgate/home/tp183485/timecorr_trazzp/Cluster_Data/paragraph_100_10_10_isfc_SpectralEmbedding_5_gaussian.csv
