corrs 1
sub corrs 10
corrs 2
sub corrs 20
corrs 3
sub corrs 30
corrs 4
sub corrs 40
corrs 5
sub corrs 50
corrs 6
sub corrs 60
corrs 7
sub corrs 70
corrs 8
sub corrs 80
corrs 9
sub corrs 90
corrs 10
sub corrs 100
Optimization terminated successfully    (Exit mode 0)
            Current function value: 0.18299902681660887
            Iterations: 1
            Function evaluations: 2
            Gradient evaluations: 1
       rank  accuracy     error
0  0.914157  0.143382  0.182999
Optimization terminated successfully    (Exit mode 0)
            Current function value: 0.12252649221453288
            Iterations: 4
            Function evaluations: 24
            Gradient evaluations: 4
       rank  accuracy     error
0  0.795348  0.025735  0.122526
Optimization terminated successfully    (Exit mode 0)
            Current function value: 0.1659818339100346
            Iterations: 2
            Function evaluations: 23
            Gradient evaluations: 2
       rank  accuracy     error
0  0.892963  0.088235  0.165982
Optimization terminated successfully    (Exit mode 0)
            Current function value: 0.1596155925605537
            Iterations: 3
            Function evaluations: 28
            Gradient evaluations: 3
       rank  accuracy     error
0  0.891652  0.099265  0.159616
Optimization terminated successfully    (Exit mode 0)
            Current function value: 0.14207125865051898
            Iterations: 7
            Function evaluations: 61
            Gradient evaluations: 7
       rank  accuracy     error
0  0.857685  0.051471  0.142071
Optimization terminated successfully    (Exit mode 0)
            Current function value: 0.16832017733564017
            Iterations: 3
            Function evaluations: 34
            Gradient evaluations: 3
      rank  accuracy    error
0  0.91044  0.113971  0.16832
Optimization terminated successfully    (Exit mode 0)
            Current function value: 0.16107536764705876
            Iterations: 3
            Function evaluations: 37
            Gradient evaluations: 3
       rank  accuracy     error
0  0.933553  0.169118  0.161075
Optimization terminated successfully    (Exit mode 0)
            Current function value: 0.16618458044982698
            Iterations: 4
            Function evaluations: 50
            Gradient evaluations: 4
       rank  accuracy     error
0  0.930526  0.180147  0.166185
Optimization terminated successfully    (Exit mode 0)
            Current function value: 0.11476805795847767
            Iterations: 7
            Function evaluations: 85
            Gradient evaluations: 7
       rank  accuracy     error
0  0.756191  0.018382  0.114768
Optimization terminated successfully    (Exit mode 0)
            Current function value: 0.12159385813148799
            Iterations: 4
            Function evaluations: 56
            Gradient evaluations: 4
       rank  accuracy     error
0  0.828774  0.036765  0.121594
Optimization terminated successfully    (Exit mode 0)
            Current function value: 0.12095858564013853
            Iterations: 6
            Function evaluations: 89
            Gradient evaluations: 6
       rank  accuracy     error
0  0.889733  0.058824  0.120959
corrs 1
sub corrs 10
corrs 2
sub corrs 20
corrs 3
sub corrs 30
corrs 4
sub corrs 40
corrs 5
sub corrs 50
corrs 6
sub corrs 60
corrs 7
sub corrs 70
corrs 8
sub corrs 80
corrs 9
sub corrs 90
corrs 10
sub corrs 100
Optimization terminated successfully    (Exit mode 0)
            Current function value: 0.17155060553633206
            Iterations: 1
            Function evaluations: 2
            Gradient evaluations: 1
       rank  accuracy     error
0  0.915914  0.136029  0.171551
Optimization terminated successfully    (Exit mode 0)
            Current function value: 0.14615322231833897
            Iterations: 2
            Function evaluations: 17
            Gradient evaluations: 2
       rank  accuracy     error
0  0.873216  0.058824  0.146153
Optimization terminated successfully    (Exit mode 0)
            Current function value: 0.14857266435986144
            Iterations: 4
            Function evaluations: 28
            Gradient evaluations: 4
       rank  accuracy     error
0  0.890165  0.066176  0.148573
Optimization terminated successfully    (Exit mode 0)
            Current function value: 0.1504244160899652
            Iterations: 5
            Function evaluations: 36
            Gradient evaluations: 5
       rank  accuracy     error
0  0.877528  0.055147  0.150424
Optimization terminated successfully    (Exit mode 0)
            Current function value: 0.17940365484429072
            Iterations: 2
            Function evaluations: 25
            Gradient evaluations: 2
       rank  accuracy     error
0  0.834613  0.077206  0.179404
Optimization terminated successfully    (Exit mode 0)
            Current function value: 0.13944907006920404
            Iterations: 6
            Function evaluations: 55
            Gradient evaluations: 6
       rank  accuracy     error
0  0.934148  0.183824  0.139449
Optimization terminated successfully    (Exit mode 0)
            Current function value: 0.13761083477508643
            Iterations: 3
            Function evaluations: 35
            Gradient evaluations: 3
       rank  accuracy     error
0  0.928498  0.176471  0.137611
Optimization terminated successfully    (Exit mode 0)
            Current function value: 0.13840830449826985
            Iterations: 3
            Function evaluations: 38
            Gradient evaluations: 3
       rank  accuracy     error
0  0.930742  0.172794  0.138408
Optimization terminated successfully    (Exit mode 0)
            Current function value: 0.13100129757785461
            Iterations: 2
            Function evaluations: 31
            Gradient evaluations: 2
       rank  accuracy     error
0  0.919415  0.139706  0.131001
Optimization terminated successfully    (Exit mode 0)
            Current function value: 0.11990430363321801
            Iterations: 6
            Function evaluations: 78
            Gradient evaluations: 6
       rank  accuracy     error
0  0.947948  0.136029  0.119904
Optimization terminated successfully    (Exit mode 0)
            Current function value: 0.11672794117647062
            Iterations: 9
            Function evaluations: 128
            Gradient evaluations: 9
       rank  accuracy     error
0  0.912103  0.091912  0.116728
✨ Experiment complete. Results archived at: /mnt/beegfs/hellgate/home/tp183485/timecorr_trazzp/Cluster_Data/paragraph_100_10_10_isfc_LocallyLinearEmbedding_50_mexican_hat.csv
