corrs 1
sub corrs 10
corrs 2
sub corrs 20
corrs 3
sub corrs 30
corrs 4
sub corrs 40
corrs 5
sub corrs 50
corrs 6
sub corrs 60
corrs 7
sub corrs 70
corrs 8
sub corrs 80
corrs 9
sub corrs 90
corrs 10
sub corrs 100
Optimization terminated successfully    (Exit mode 0)
            Current function value: 0.16736051038062277
            Iterations: 1
            Function evaluations: 2
            Gradient evaluations: 1
       rank  accuracy     error
0  0.924997  0.143382  0.167361
Optimization terminated successfully    (Exit mode 0)
            Current function value: 0.1605752595155709
            Iterations: 5
            Function evaluations: 15
            Gradient evaluations: 5
       rank  accuracy     error
0  0.926119  0.150735  0.160575
Optimization terminated successfully    (Exit mode 0)
            Current function value: 0.1454638840830449
            Iterations: 7
            Function evaluations: 44
            Gradient evaluations: 7
       rank  accuracy     error
0  0.921429  0.147059  0.145464
Optimization terminated successfully    (Exit mode 0)
            Current function value: 0.1538440743944637
            Iterations: 3
            Function evaluations: 28
            Gradient evaluations: 3
       rank  accuracy     error
0  0.901357  0.128676  0.153844
Optimization terminated successfully    (Exit mode 0)
            Current function value: 0.13383974913494803
            Iterations: 7
            Function evaluations: 56
            Gradient evaluations: 7
       rank  accuracy    error
0  0.921551  0.150735  0.13384
Optimization terminated successfully    (Exit mode 0)
            Current function value: 0.1343398572664359
            Iterations: 5
            Function evaluations: 46
            Gradient evaluations: 5
       rank  accuracy    error
0  0.926268  0.143382  0.13434
Optimization terminated successfully    (Exit mode 0)
            Current function value: 0.13546172145328716
            Iterations: 6
            Function evaluations: 60
            Gradient evaluations: 6
       rank  accuracy     error
0  0.925308  0.143382  0.135462
Optimization terminated successfully    (Exit mode 0)
            Current function value: 0.137313473183391
            Iterations: 5
            Function evaluations: 56
            Gradient evaluations: 5
       rank  accuracy     error
0  0.925457  0.147059  0.137313
Optimization terminated successfully    (Exit mode 0)
            Current function value: 0.1266490051903113
            Iterations: 5
            Function evaluations: 64
            Gradient evaluations: 5
       rank  accuracy     error
0  0.925322  0.154412  0.126649
Optimization terminated successfully    (Exit mode 0)
            Current function value: 0.12441879325259506
            Iterations: 4
            Function evaluations: 55
            Gradient evaluations: 4
       rank  accuracy     error
0  0.924578  0.147059  0.124419
Optimization terminated successfully    (Exit mode 0)
            Current function value: 0.14265246539792387
            Iterations: 2
            Function evaluations: 35
            Gradient evaluations: 2
       rank  accuracy     error
0  0.919793  0.150735  0.142652
corrs 1
sub corrs 10
corrs 2
sub corrs 20
corrs 3
sub corrs 30
corrs 4
sub corrs 40
corrs 5
sub corrs 50
corrs 6
sub corrs 60
corrs 7
sub corrs 70
corrs 8
sub corrs 80
corrs 9
sub corrs 90
corrs 10
sub corrs 100
Optimization terminated successfully    (Exit mode 0)
            Current function value: 0.15438473183390988
            Iterations: 1
            Function evaluations: 2
            Gradient evaluations: 1
       rank  accuracy     error
0  0.925146  0.165441  0.154385
Optimization terminated successfully    (Exit mode 0)
            Current function value: 0.15438473183390988
            Iterations: 4
            Function evaluations: 12
            Gradient evaluations: 4
       rank  accuracy     error
0  0.925146  0.165441  0.154385
Optimization terminated successfully    (Exit mode 0)
            Current function value: 0.15438473183390988
            Iterations: 4
            Function evaluations: 16
            Gradient evaluations: 4
       rank  accuracy     error
0  0.925146  0.165441  0.154385
Optimization terminated successfully    (Exit mode 0)
            Current function value: 0.16371107266435983
            Iterations: 3
            Function evaluations: 27
            Gradient evaluations: 3
       rank  accuracy     error
0  0.918753  0.132353  0.163711
Optimization terminated successfully    (Exit mode 0)
            Current function value: 0.1653871107266435
            Iterations: 3
            Function evaluations: 29
            Gradient evaluations: 3
       rank  accuracy     error
0  0.920956  0.128676  0.165387
Optimization terminated successfully    (Exit mode 0)
            Current function value: 0.15181660899653973
            Iterations: 7
            Function evaluations: 64
            Gradient evaluations: 7
       rank  accuracy     error
0  0.924132  0.147059  0.151817
Optimization terminated successfully    (Exit mode 0)
            Current function value: 0.15743944636678192
            Iterations: 5
            Function evaluations: 52
            Gradient evaluations: 5
       rank  accuracy     error
0  0.924376  0.147059  0.157439
Optimization terminated successfully    (Exit mode 0)
            Current function value: 0.15227616782006906
            Iterations: 4
            Function evaluations: 47
            Gradient evaluations: 4
       rank  accuracy     error
0  0.927133  0.161765  0.152276
Optimization terminated successfully    (Exit mode 0)
            Current function value: 0.1513300173010379
            Iterations: 7
            Function evaluations: 86
            Gradient evaluations: 7
       rank  accuracy    error
0  0.926795  0.154412  0.15133
Optimization terminated successfully    (Exit mode 0)
            Current function value: 0.16062932525951545
            Iterations: 5
            Function evaluations: 67
            Gradient evaluations: 5
      rank  accuracy     error
0  0.92443  0.165441  0.160629
Optimization terminated successfully    (Exit mode 0)
            Current function value: 0.14301740916955005
            Iterations: 4
            Function evaluations: 60
            Gradient evaluations: 4
       rank  accuracy     error
0  0.926714  0.136029  0.143017
✨ Experiment complete. Results archived at: /mnt/beegfs/hellgate/home/tp183485/timecorr_trazzp/Cluster_Data/paragraph_100_10_10_isfc_SpectralEmbedding_40_gaussian.csv
