corrs 1
sub corrs 10
corrs 2
sub corrs 20
corrs 3
sub corrs 30
corrs 4
sub corrs 40
corrs 5
sub corrs 50
corrs 6
sub corrs 60
corrs 7
sub corrs 70
corrs 8
sub corrs 80
corrs 9
sub corrs 90
corrs 10
sub corrs 100
Optimization terminated successfully    (Exit mode 0)
            Current function value: 0.2191149437716261
            Iterations: 1
            Function evaluations: 2
            Gradient evaluations: 1
       rank  accuracy     error
0  0.917509  0.132353  0.219115
Optimization terminated successfully    (Exit mode 0)
            Current function value: 0.20613916522491332
            Iterations: 4
            Function evaluations: 25
            Gradient evaluations: 4
       rank  accuracy     error
0  0.918361  0.139706  0.206139
Optimization terminated successfully    (Exit mode 0)
            Current function value: 0.20708531574394445
            Iterations: 4
            Function evaluations: 27
            Gradient evaluations: 4
       rank  accuracy     error
0  0.918536  0.139706  0.207085
Optimization terminated successfully    (Exit mode 0)
            Current function value: 0.22027735726643585
            Iterations: 5
            Function evaluations: 38
            Gradient evaluations: 5
       rank  accuracy     error
0  0.913616  0.128676  0.220277
Optimization terminated successfully    (Exit mode 0)
            Current function value: 0.20592290224913476
            Iterations: 8
            Function evaluations: 65
            Gradient evaluations: 8
      rank  accuracy     error
0  0.91755  0.136029  0.205923
Optimization terminated successfully    (Exit mode 0)
            Current function value: 0.2069366349480967
            Iterations: 10
            Function evaluations: 85
            Gradient evaluations: 10
       rank  accuracy     error
0  0.918509  0.139706  0.206937
Optimization terminated successfully    (Exit mode 0)
            Current function value: 0.2069366349480967
            Iterations: 10
            Function evaluations: 93
            Gradient evaluations: 10
       rank  accuracy     error
0  0.918726  0.139706  0.206937
Optimization terminated successfully    (Exit mode 0)
            Current function value: 0.20932904411764697
            Iterations: 7
            Function evaluations: 75
            Gradient evaluations: 7
       rank  accuracy     error
0  0.910332  0.117647  0.209329
Optimization terminated successfully    (Exit mode 0)
            Current function value: 0.19934039792387528
            Iterations: 3
            Function evaluations: 41
            Gradient evaluations: 3
       rank  accuracy    error
0  0.911143  0.139706  0.19934
Optimization terminated successfully    (Exit mode 0)
            Current function value: 0.20695015138408285
            Iterations: 6
            Function evaluations: 79
            Gradient evaluations: 6
      rank  accuracy    error
0  0.91705  0.139706  0.20695
Optimization terminated successfully    (Exit mode 0)
            Current function value: 0.1966100778546711
            Iterations: 7
            Function evaluations: 95
            Gradient evaluations: 7
       rank  accuracy    error
0  0.909291  0.139706  0.19661
corrs 1
sub corrs 10
corrs 2
sub corrs 20
corrs 3
sub corrs 30
corrs 4
sub corrs 40
corrs 5
sub corrs 50
corrs 6
sub corrs 60
corrs 7
sub corrs 70
corrs 8
sub corrs 80
corrs 9
sub corrs 90
corrs 10
sub corrs 100
Optimization terminated successfully    (Exit mode 0)
            Current function value: 0.18459396626297556
            Iterations: 1
            Function evaluations: 2
            Gradient evaluations: 1
       rank  accuracy     error
0  0.917225  0.132353  0.184594
Optimization terminated successfully    (Exit mode 0)
            Current function value: 0.16834721020761223
            Iterations: 4
            Function evaluations: 24
            Gradient evaluations: 4
       rank  accuracy     error
0  0.918117  0.143382  0.168347
Optimization terminated successfully    (Exit mode 0)
            Current function value: 0.1718749999999998
            Iterations: 5
            Function evaluations: 31
            Gradient evaluations: 5
       rank  accuracy     error
0  0.917496  0.143382  0.171875
Optimization terminated successfully    (Exit mode 0)
            Current function value: 0.16304876730103784
            Iterations: 4
            Function evaluations: 31
            Gradient evaluations: 4
       rank  accuracy     error
0  0.916969  0.143382  0.163049
Optimization terminated successfully    (Exit mode 0)
            Current function value: 0.1628595371972316
            Iterations: 5
            Function evaluations: 44
            Gradient evaluations: 5
      rank  accuracy    error
0  0.91609  0.143382  0.16286
Optimization terminated successfully    (Exit mode 0)
            Current function value: 0.16175118944636652
            Iterations: 5
            Function evaluations: 47
            Gradient evaluations: 5
       rank  accuracy     error
0  0.916131  0.143382  0.161751
Optimization terminated successfully    (Exit mode 0)
            Current function value: 0.14754541522491338
            Iterations: 5
            Function evaluations: 52
            Gradient evaluations: 5
       rank  accuracy     error
0  0.915549  0.143382  0.147545
Optimization terminated successfully    (Exit mode 0)
            Current function value: 0.15087045847750852
            Iterations: 4
            Function evaluations: 49
            Gradient evaluations: 4
       rank  accuracy    error
0  0.918955  0.136029  0.15087
Optimization terminated successfully    (Exit mode 0)
            Current function value: 0.14301740916955005
            Iterations: 6
            Function evaluations: 73
            Gradient evaluations: 6
       rank  accuracy     error
0  0.917671  0.136029  0.143017
Optimization terminated successfully    (Exit mode 0)
            Current function value: 0.15461451124567463
            Iterations: 6
            Function evaluations: 79
            Gradient evaluations: 6
       rank  accuracy     error
0  0.919401  0.132353  0.154615
Optimization terminated successfully    (Exit mode 0)
            Current function value: 0.153370999134948
            Iterations: 8
            Function evaluations: 114
            Gradient evaluations: 8
      rank  accuracy     error
0  0.92347  0.143382  0.153371
✨ Experiment complete. Results archived at: /mnt/beegfs/hellgate/home/tp183485/timecorr_trazzp/Cluster_Data/paragraph_100_10_10_isfc_MDS_10_laplace.csv
