corrs 1
sub corrs 10
corrs 2
sub corrs 20
corrs 3
sub corrs 30
corrs 4
sub corrs 40
corrs 5
sub corrs 50
corrs 6
sub corrs 60
corrs 7
sub corrs 70
corrs 8
sub corrs 80
corrs 9
sub corrs 90
corrs 10
sub corrs 100
Optimization terminated successfully    (Exit mode 0)
            Current function value: 0.1896896626297575
            Iterations: 1
            Function evaluations: 2
            Gradient evaluations: 1
       rank  accuracy    error
0  0.916414  0.169118  0.18969
Optimization terminated successfully    (Exit mode 0)
            Current function value: 0.1896896626297575
            Iterations: 4
            Function evaluations: 23
            Gradient evaluations: 4
       rank  accuracy    error
0  0.916414  0.169118  0.18969
Optimization terminated successfully    (Exit mode 0)
            Current function value: 0.20527411332179904
            Iterations: 3
            Function evaluations: 23
            Gradient evaluations: 3
       rank  accuracy     error
0  0.912481  0.161765  0.205274
Optimization terminated successfully    (Exit mode 0)
            Current function value: 0.19579909169550144
            Iterations: 6
            Function evaluations: 41
            Gradient evaluations: 6
       rank  accuracy     error
0  0.905736  0.128676  0.195799
Optimization terminated successfully    (Exit mode 0)
            Current function value: 0.16677930363321772
            Iterations: 5
            Function evaluations: 42
            Gradient evaluations: 5
       rank  accuracy     error
0  0.908399  0.165441  0.166779
Optimization terminated successfully    (Exit mode 0)
            Current function value: 0.17071258650519
            Iterations: 3
            Function evaluations: 32
            Gradient evaluations: 3
       rank  accuracy     error
0  0.903804  0.150735  0.170713
Optimization terminated successfully    (Exit mode 0)
            Current function value: 0.16917171280276788
            Iterations: 6
            Function evaluations: 60
            Gradient evaluations: 6
       rank  accuracy     error
0  0.909697  0.165441  0.169172
Optimization terminated successfully    (Exit mode 0)
            Current function value: 0.1798361807958475
            Iterations: 4
            Function evaluations: 47
            Gradient evaluations: 4
       rank  accuracy     error
0  0.909399  0.161765  0.179836
Optimization terminated successfully    (Exit mode 0)
            Current function value: 0.17130730968858096
            Iterations: 4
            Function evaluations: 51
            Gradient evaluations: 4
       rank  accuracy     error
0  0.904925  0.158088  0.171307
Optimization terminated successfully    (Exit mode 0)
            Current function value: 0.1682390787197229
            Iterations: 6
            Function evaluations: 78
            Gradient evaluations: 6
      rank  accuracy     error
0  0.90825  0.158088  0.168239
Optimization terminated successfully    (Exit mode 0)
            Current function value: 0.1705368728373699
            Iterations: 6
            Function evaluations: 83
            Gradient evaluations: 6
       rank  accuracy     error
0  0.889449  0.132353  0.170537
corrs 1
sub corrs 10
corrs 2
sub corrs 20
corrs 3
sub corrs 30
corrs 4
sub corrs 40
corrs 5
sub corrs 50
corrs 6
sub corrs 60
corrs 7
sub corrs 70
corrs 8
sub corrs 80
corrs 9
sub corrs 90
corrs 10
sub corrs 100
Optimization terminated successfully    (Exit mode 0)
            Current function value: 0.18452638408304473
            Iterations: 1
            Function evaluations: 2
            Gradient evaluations: 1
       rank  accuracy     error
0  0.915401  0.172794  0.184526
Optimization terminated successfully    (Exit mode 0)
            Current function value: 0.18301254325259486
            Iterations: 4
            Function evaluations: 24
            Gradient evaluations: 4
       rank  accuracy     error
0  0.912089  0.172794  0.183013
Optimization terminated successfully    (Exit mode 0)
            Current function value: 0.18195826124567446
            Iterations: 4
            Function evaluations: 29
            Gradient evaluations: 4
       rank  accuracy     error
0  0.906683  0.154412  0.181958
Optimization terminated successfully    (Exit mode 0)
            Current function value: 0.18303957612456717
            Iterations: 4
            Function evaluations: 31
            Gradient evaluations: 4
       rank  accuracy    error
0  0.912454  0.172794  0.18304
Optimization terminated successfully    (Exit mode 0)
            Current function value: 0.18452638408304473
            Iterations: 3
            Function evaluations: 33
            Gradient evaluations: 3
       rank  accuracy     error
0  0.890152  0.121324  0.184526
Optimization terminated successfully    (Exit mode 0)
            Current function value: 0.17436202422145305
            Iterations: 4
            Function evaluations: 40
            Gradient evaluations: 4
       rank  accuracy     error
0  0.896005  0.139706  0.174362
Optimization terminated successfully    (Exit mode 0)
            Current function value: 0.1833369377162628
            Iterations: 4
            Function evaluations: 43
            Gradient evaluations: 4
       rank  accuracy     error
0  0.900005  0.132353  0.183337
Optimization terminated successfully    (Exit mode 0)
            Current function value: 0.17269950259515549
            Iterations: 4
            Function evaluations: 47
            Gradient evaluations: 4
       rank  accuracy   error
0  0.899086  0.143382  0.1727
Optimization terminated successfully    (Exit mode 0)
            Current function value: 0.17321312716262954
            Iterations: 6
            Function evaluations: 73
            Gradient evaluations: 6
       rank  accuracy     error
0  0.895518  0.136029  0.173213
Optimization terminated successfully    (Exit mode 0)
            Current function value: 0.18213397491349462
            Iterations: 4
            Function evaluations: 56
            Gradient evaluations: 4
       rank  accuracy     error
0  0.893653  0.136029  0.182134
Optimization terminated successfully    (Exit mode 0)
            Current function value: 0.17626784169550153
            Iterations: 7
            Function evaluations: 97
            Gradient evaluations: 7
       rank  accuracy     error
0  0.886881  0.132353  0.176268
✨ Experiment complete. Results archived at: /mnt/beegfs/hellgate/home/tp183485/timecorr_trazzp/Cluster_Data/paragraph_100_10_10_isfc_LocallyLinearEmbedding_30_gaussian.csv
