corrs 1
sub corrs 10
corrs 2
sub corrs 20
corrs 3
sub corrs 30
corrs 4
sub corrs 40
corrs 5
sub corrs 50
corrs 6
sub corrs 60
corrs 7
sub corrs 70
corrs 8
sub corrs 80
corrs 9
sub corrs 90
corrs 10
sub corrs 100
Optimization terminated successfully    (Exit mode 0)
            Current function value: 0.1970426038062283
            Iterations: 1
            Function evaluations: 2
            Gradient evaluations: 1
       rank  accuracy     error
0  0.929363  0.191176  0.197043
Optimization terminated successfully    (Exit mode 0)
            Current function value: 0.205612024221453
            Iterations: 3
            Function evaluations: 22
            Gradient evaluations: 3
       rank  accuracy     error
0  0.725792  0.025735  0.205612
Optimization terminated successfully    (Exit mode 0)
            Current function value: 0.2036926903114184
            Iterations: 5
            Function evaluations: 32
            Gradient evaluations: 5
       rank  accuracy     error
0  0.762381  0.040441  0.203693
Optimization terminated successfully    (Exit mode 0)
            Current function value: 0.19675875865051887
            Iterations: 4
            Function evaluations: 31
            Gradient evaluations: 4
       rank  accuracy     error
0  0.904033  0.150735  0.196759
Optimization terminated successfully    (Exit mode 0)
            Current function value: 0.16952314013840822
            Iterations: 6
            Function evaluations: 49
            Gradient evaluations: 6
      rank  accuracy     error
0  0.89145  0.180147  0.169523
Optimization terminated successfully    (Exit mode 0)
            Current function value: 0.16777951989619366
            Iterations: 7
            Function evaluations: 61
            Gradient evaluations: 7
       rank  accuracy    error
0  0.889206  0.176471  0.16778
Optimization terminated successfully    (Exit mode 0)
            Current function value: 0.1702800605536331
            Iterations: 8
            Function evaluations: 76
            Gradient evaluations: 8
       rank  accuracy    error
0  0.851887  0.150735  0.17028
Optimization terminated successfully    (Exit mode 0)
            Current function value: 0.16561689013840813
            Iterations: 9
            Function evaluations: 97
            Gradient evaluations: 9
       rank  accuracy     error
0  0.876649  0.154412  0.165617
Optimization terminated successfully    (Exit mode 0)
            Current function value: 0.16030493079584773
            Iterations: 7
            Function evaluations: 84
            Gradient evaluations: 7
       rank  accuracy     error
0  0.856428  0.165441  0.160305
Optimization terminated successfully    (Exit mode 0)
            Current function value: 0.1542495674740484
            Iterations: 8
            Function evaluations: 105
            Gradient evaluations: 8
       rank  accuracy    error
0  0.702814  0.095588  0.15425
Optimization terminated successfully    (Exit mode 0)
            Current function value: 0.16264327422145317
            Iterations: 7
            Function evaluations: 95
            Gradient evaluations: 7
       rank  accuracy     error
0  0.739619  0.106618  0.162643
corrs 1
sub corrs 10
corrs 2
sub corrs 20
corrs 3
sub corrs 30
corrs 4
sub corrs 40
corrs 5
sub corrs 50
corrs 6
sub corrs 60
corrs 7
sub corrs 70
corrs 8
sub corrs 80
corrs 9
sub corrs 90
corrs 10
sub corrs 100
Optimization terminated successfully    (Exit mode 0)
            Current function value: 0.1795253027681659
            Iterations: 1
            Function evaluations: 2
            Gradient evaluations: 1
       rank  accuracy     error
0  0.930526    0.1875  0.179525
Optimization terminated successfully    (Exit mode 0)
            Current function value: 0.16463019031141846
            Iterations: 5
            Function evaluations: 28
            Gradient evaluations: 5
       rank  accuracy    error
0  0.925105  0.180147  0.16463
Optimization terminated successfully    (Exit mode 0)
            Current function value: 0.1627649221453285
            Iterations: 9
            Function evaluations: 54
            Gradient evaluations: 9
       rank  accuracy     error
0  0.924781  0.183824  0.162765
Optimization terminated successfully    (Exit mode 0)
            Current function value: 0.15725021626297553
            Iterations: 10
            Function evaluations: 63
            Gradient evaluations: 10
      rank  accuracy    error
0  0.92147  0.169118  0.15725
Optimization terminated successfully    (Exit mode 0)
            Current function value: 0.1559391219723182
            Iterations: 4
            Function evaluations: 36
            Gradient evaluations: 4
       rank  accuracy     error
0  0.884475  0.161765  0.155939
Optimization terminated successfully    (Exit mode 0)
            Current function value: 0.15518220155709328
            Iterations: 7
            Function evaluations: 64
            Gradient evaluations: 7
       rank  accuracy     error
0  0.790536  0.136029  0.155182
Optimization terminated successfully    (Exit mode 0)
            Current function value: 0.15301957179930786
            Iterations: 8
            Function evaluations: 85
            Gradient evaluations: 8
       rank  accuracy    error
0  0.802728  0.132353  0.15302
Optimization terminated successfully    (Exit mode 0)
            Current function value: 0.15061364619377143
            Iterations: 6
            Function evaluations: 65
            Gradient evaluations: 6
       rank  accuracy     error
0  0.738971  0.113971  0.150614
Optimization terminated successfully    (Exit mode 0)
            Current function value: 0.1647248053633216
            Iterations: 3
            Function evaluations: 41
            Gradient evaluations: 3
       rank  accuracy     error
0  0.762881  0.106618  0.164725
Optimization terminated successfully    (Exit mode 0)
            Current function value: 0.15365484429065737
            Iterations: 6
            Function evaluations: 82
            Gradient evaluations: 6
       rank  accuracy     error
0  0.819556  0.132353  0.153655
Optimization terminated successfully    (Exit mode 0)
            Current function value: 0.15018112024221425
            Iterations: 5
            Function evaluations: 72
            Gradient evaluations: 5
       rank  accuracy     error
0  0.712167  0.091912  0.150181
✨ Experiment complete. Results archived at: /mnt/beegfs/hellgate/home/tp183485/timecorr_trazzp/Cluster_Data/paragraph_100_10_10_isfc_KernelPCA_50_gaussian.csv
