corrs 1
sub corrs 10
corrs 2
sub corrs 20
corrs 3
sub corrs 30
corrs 4
sub corrs 40
corrs 5
sub corrs 50
corrs 6
sub corrs 60
corrs 7
sub corrs 70
corrs 8
sub corrs 80
corrs 9
sub corrs 90
corrs 10
sub corrs 100
Optimization terminated successfully    (Exit mode 0)
            Current function value: 0.2272518382352939
            Iterations: 1
            Function evaluations: 2
            Gradient evaluations: 1
       rank  accuracy     error
0  0.916333  0.172794  0.227252
Optimization terminated successfully    (Exit mode 0)
            Current function value: 0.2272518382352939
            Iterations: 3
            Function evaluations: 20
            Gradient evaluations: 3
       rank  accuracy     error
0  0.916333  0.172794  0.227252
Optimization terminated successfully    (Exit mode 0)
            Current function value: 0.1979482050173012
            Iterations: 4
            Function evaluations: 32
            Gradient evaluations: 4
       rank  accuracy     error
0  0.827787  0.084559  0.197948
Optimization terminated successfully    (Exit mode 0)
            Current function value: 0.1919333910034603
            Iterations: 4
            Function evaluations: 33
            Gradient evaluations: 4
       rank  accuracy     error
0  0.869323  0.080882  0.191933
Optimization terminated successfully    (Exit mode 0)
            Current function value: 0.19025735294117646
            Iterations: 7
            Function evaluations: 58
            Gradient evaluations: 7
       rank  accuracy     error
0  0.885394  0.102941  0.190257
Optimization terminated successfully    (Exit mode 0)
            Current function value: 0.18729725346020756
            Iterations: 3
            Function evaluations: 33
            Gradient evaluations: 3
       rank  accuracy     error
0  0.884394  0.113971  0.187297
Optimization terminated successfully    (Exit mode 0)
            Current function value: 0.19323096885813162
            Iterations: 2
            Function evaluations: 27
            Gradient evaluations: 2
       rank  accuracy     error
0  0.868904  0.073529  0.193231
Optimization terminated successfully    (Exit mode 0)
            Current function value: 0.17918739186851215
            Iterations: 7
            Function evaluations: 78
            Gradient evaluations: 7
       rank  accuracy     error
0  0.833234  0.088235  0.179187
Optimization terminated successfully    (Exit mode 0)
            Current function value: 0.17940365484429063
            Iterations: 3
            Function evaluations: 41
            Gradient evaluations: 3
       rank  accuracy     error
0  0.855131  0.099265  0.179404
Optimization terminated successfully    (Exit mode 0)
            Current function value: 0.172888732698962
            Iterations: 6
            Function evaluations: 78
            Gradient evaluations: 6
       rank  accuracy     error
0  0.857456  0.102941  0.172889
Optimization terminated successfully    (Exit mode 0)
            Current function value: 0.18506704152249134
            Iterations: 5
            Function evaluations: 72
            Gradient evaluations: 5
       rank  accuracy     error
0  0.853239  0.099265  0.185067
corrs 1
sub corrs 10
corrs 2
sub corrs 20
corrs 3
sub corrs 30
corrs 4
sub corrs 40
corrs 5
sub corrs 50
corrs 6
sub corrs 60
corrs 7
sub corrs 70
corrs 8
sub corrs 80
corrs 9
sub corrs 90
corrs 10
sub corrs 100
Optimization terminated successfully    (Exit mode 0)
            Current function value: 0.1772680579584774
            Iterations: 1
            Function evaluations: 2
            Gradient evaluations: 1
       rank  accuracy     error
0  0.919807  0.143382  0.177268
Optimization terminated successfully    (Exit mode 0)
            Current function value: 0.1772680579584774
            Iterations: 3
            Function evaluations: 9
            Gradient evaluations: 3
       rank  accuracy     error
0  0.919807  0.143382  0.177268
Optimization terminated successfully    (Exit mode 0)
            Current function value: 0.17430795847750857
            Iterations: 8
            Function evaluations: 34
            Gradient evaluations: 8
       rank  accuracy     error
0  0.920307  0.147059  0.174308
Optimization terminated successfully    (Exit mode 0)
            Current function value: 0.18812175605536333
            Iterations: 8
            Function evaluations: 58
            Gradient evaluations: 8
      rank  accuracy     error
0  0.86616  0.080882  0.188122
Optimization terminated successfully    (Exit mode 0)
            Current function value: 0.2005568771626297
            Iterations: 5
            Function evaluations: 45
            Gradient evaluations: 5
       rank  accuracy     error
0  0.888895  0.110294  0.200557
Optimization terminated successfully    (Exit mode 0)
            Current function value: 0.17534872404844296
            Iterations: 4
            Function evaluations: 40
            Gradient evaluations: 4
       rank  accuracy     error
0  0.854982  0.069853  0.175349
Optimization terminated successfully    (Exit mode 0)
            Current function value: 0.1732807093425607
            Iterations: 7
            Function evaluations: 69
            Gradient evaluations: 7
       rank  accuracy     error
0  0.832477  0.055147  0.173281
Optimization terminated successfully    (Exit mode 0)
            Current function value: 0.17632190743944648
            Iterations: 5
            Function evaluations: 60
            Gradient evaluations: 5
       rank  accuracy     error
0  0.843547  0.055147  0.176322
Optimization terminated successfully    (Exit mode 0)
            Current function value: 0.17943068771626303
            Iterations: 4
            Function evaluations: 53
            Gradient evaluations: 4
       rank  accuracy     error
0  0.894748  0.106618  0.179431
Optimization terminated successfully    (Exit mode 0)
            Current function value: 0.18020112456747417
            Iterations: 4
            Function evaluations: 55
            Gradient evaluations: 4
       rank  accuracy     error
0  0.807769  0.047794  0.180201
Optimization terminated successfully    (Exit mode 0)
            Current function value: 0.18070123269896202
            Iterations: 6
            Function evaluations: 89
            Gradient evaluations: 6
       rank  accuracy     error
0  0.882758  0.095588  0.180701
✨ Experiment complete. Results archived at: /mnt/beegfs/hellgate/home/tp183485/timecorr_trazzp/Cluster_Data/paragraph_100_10_10_isfc_PCA_30_gaussian.csv
