corrs 1
sub corrs 10
corrs 2
sub corrs 20
corrs 3
sub corrs 30
corrs 4
sub corrs 40
corrs 5
sub corrs 50
corrs 6
sub corrs 60
corrs 7
sub corrs 70
corrs 8
sub corrs 80
corrs 9
sub corrs 90
corrs 10
sub corrs 100
Optimization terminated successfully    (Exit mode 0)
            Current function value: 0.15515516868512108
            Iterations: 1
            Function evaluations: 2
            Gradient evaluations: 1
       rank  accuracy     error
0  0.917847  0.183824  0.155155
Optimization terminated successfully    (Exit mode 0)
            Current function value: 0.11325421712802776
            Iterations: 5
            Function evaluations: 28
            Gradient evaluations: 5
      rank  accuracy     error
0  0.91955  0.183824  0.113254
Optimization terminated successfully    (Exit mode 0)
            Current function value: 0.11320015138408313
            Iterations: 9
            Function evaluations: 51
            Gradient evaluations: 9
       rank  accuracy   error
0  0.919618  0.183824  0.1132
Optimization terminated successfully    (Exit mode 0)
            Current function value: 0.10118403979238759
            Iterations: 6
            Function evaluations: 45
            Gradient evaluations: 6
       rank  accuracy     error
0  0.914265  0.161765  0.101184
Optimization terminated successfully    (Exit mode 0)
            Current function value: 0.10563094723183393
            Iterations: 2
            Function evaluations: 24
            Gradient evaluations: 2
       rank  accuracy     error
0  0.769612  0.088235  0.105631
Optimization terminated successfully    (Exit mode 0)
            Current function value: 0.07386732266435994
            Iterations: 7
            Function evaluations: 63
            Gradient evaluations: 7
       rank  accuracy     error
0  0.915712  0.154412  0.073867
Optimization terminated successfully    (Exit mode 0)
            Current function value: 0.05760705017301048
            Iterations: 4
            Function evaluations: 45
            Gradient evaluations: 4
       rank  accuracy     error
0  0.920523  0.154412  0.057607
Optimization terminated successfully    (Exit mode 0)
            Current function value: 0.056579801038062365
            Iterations: 9
            Function evaluations: 95
            Gradient evaluations: 9
       rank  accuracy    error
0  0.933972  0.161765  0.05658
Optimization terminated successfully    (Exit mode 0)
            Current function value: 0.057363754325259586
            Iterations: 11
            Function evaluations: 124
            Gradient evaluations: 11
       rank  accuracy     error
0  0.916969  0.150735  0.057364
Optimization terminated successfully    (Exit mode 0)
            Current function value: 0.04640192474048449
            Iterations: 7
            Function evaluations: 89
            Gradient evaluations: 7
       rank  accuracy     error
0  0.938798  0.176471  0.046402
Optimization terminated successfully    (Exit mode 0)
            Current function value: 0.05013246107266444
            Iterations: 6
            Function evaluations: 85
            Gradient evaluations: 6
       rank  accuracy     error
0  0.941082  0.191176  0.050132
corrs 1
sub corrs 10
corrs 2
sub corrs 20
corrs 3
sub corrs 30
corrs 4
sub corrs 40
corrs 5
sub corrs 50
corrs 6
sub corrs 60
corrs 7
sub corrs 70
corrs 8
sub corrs 80
corrs 9
sub corrs 90
corrs 10
sub corrs 100
Optimization terminated successfully    (Exit mode 0)
            Current function value: 0.15793955449826988
            Iterations: 1
            Function evaluations: 2
            Gradient evaluations: 1
       rank  accuracy    error
0  0.917131  0.158088  0.15794
Optimization terminated successfully    (Exit mode 0)
            Current function value: 0.1434769679930797
            Iterations: 4
            Function evaluations: 23
            Gradient evaluations: 4
    rank  accuracy     error
0  0.877  0.128676  0.143477
Optimization terminated successfully    (Exit mode 0)
            Current function value: 0.16172415657439435
            Iterations: 3
            Function evaluations: 23
            Gradient evaluations: 3
       rank  accuracy     error
0  0.750216  0.040441  0.161724
Optimization terminated successfully    (Exit mode 0)
            Current function value: 0.0966154844290658
            Iterations: 6
            Function evaluations: 42
            Gradient evaluations: 6
       rank  accuracy     error
0  0.921064    0.1875  0.096615
Optimization terminated successfully    (Exit mode 0)
            Current function value: 0.09276330017301045
            Iterations: 8
            Function evaluations: 64
            Gradient evaluations: 8
       rank  accuracy     error
0  0.926133  0.180147  0.092763
Optimization terminated successfully    (Exit mode 0)
            Current function value: 0.08515354671280279
            Iterations: 9
            Function evaluations: 80
            Gradient evaluations: 9
       rank  accuracy     error
0  0.884637  0.158088  0.085154
Optimization terminated successfully    (Exit mode 0)
            Current function value: 0.06076989619377167
            Iterations: 7
            Function evaluations: 76
            Gradient evaluations: 7
       rank  accuracy    error
0  0.932431  0.191176  0.06077
Optimization terminated successfully    (Exit mode 0)
            Current function value: 0.06359483131487895
            Iterations: 9
            Function evaluations: 95
            Gradient evaluations: 9
       rank  accuracy     error
0  0.936932  0.198529  0.063595
Optimization terminated successfully    (Exit mode 0)
            Current function value: 0.05656628460207619
            Iterations: 9
            Function evaluations: 103
            Gradient evaluations: 9
       rank  accuracy     error
0  0.925633  0.180147  0.056566
Optimization terminated successfully    (Exit mode 0)
            Current function value: 0.060202205882353005
            Iterations: 8
            Function evaluations: 103
            Gradient evaluations: 8
       rank  accuracy     error
0  0.942771  0.198529  0.060202
Optimization terminated successfully    (Exit mode 0)
            Current function value: 0.058823529411764774
            Iterations: 6
            Function evaluations: 90
            Gradient evaluations: 6
       rank  accuracy     error
0  0.909764  0.172794  0.058824
✨ Experiment complete. Results archived at: /mnt/beegfs/hellgate/home/tp183485/timecorr_trazzp/Cluster_Data/paragraph_100_10_10_isfc_PCA_25_mexican_hat.csv
