corrs 1
sub corrs 10
corrs 2
sub corrs 20
corrs 3
sub corrs 30
corrs 4
sub corrs 40
corrs 5
sub corrs 50
corrs 6
sub corrs 60
corrs 7
sub corrs 70
corrs 8
sub corrs 80
corrs 9
sub corrs 90
corrs 10
sub corrs 100
Optimization terminated successfully    (Exit mode 0)
            Current function value: 0.15989943771626275
            Iterations: 1
            Function evaluations: 2
            Gradient evaluations: 1
       rank  accuracy     error
0  0.925524  0.158088  0.159899
Optimization terminated successfully    (Exit mode 0)
            Current function value: 0.15989943771626275
            Iterations: 4
            Function evaluations: 12
            Gradient evaluations: 4
       rank  accuracy     error
0  0.925524  0.158088  0.159899
Optimization terminated successfully    (Exit mode 0)
            Current function value: 0.08441014273356418
            Iterations: 7
            Function evaluations: 41
            Gradient evaluations: 7
       rank  accuracy    error
0  0.960154  0.231618  0.08441
Optimization terminated successfully    (Exit mode 0)
            Current function value: 0.019328503460207657
            Iterations: 3
            Function evaluations: 28
            Gradient evaluations: 3
       rank  accuracy     error
0  0.981226  0.231618  0.019329
Optimization terminated successfully    (Exit mode 0)
            Current function value: 0.015625000000000035
            Iterations: 4
            Function evaluations: 36
            Gradient evaluations: 4
       rank  accuracy     error
0  0.984524  0.242647  0.015625
Optimization terminated successfully    (Exit mode 0)
            Current function value: 0.015368187716263013
            Iterations: 4
            Function evaluations: 39
            Gradient evaluations: 4
       rank  accuracy     error
0  0.984848  0.238971  0.015368
Optimization terminated successfully    (Exit mode 0)
            Current function value: 0.02451881487889278
            Iterations: 4
            Function evaluations: 44
            Gradient evaluations: 4
       rank  accuracy     error
0  0.983915      0.25  0.024519
Optimization terminated successfully    (Exit mode 0)
            Current function value: 0.013638083910034644
            Iterations: 6
            Function evaluations: 67
            Gradient evaluations: 6
       rank  accuracy     error
0  0.983956      0.25  0.013638
Optimization terminated successfully    (Exit mode 0)
            Current function value: 0.015625000000000024
            Iterations: 4
            Function evaluations: 56
            Gradient evaluations: 4
       rank  accuracy     error
0  0.985145  0.220588  0.015625
Optimization terminated successfully    (Exit mode 0)
            Current function value: 0.011894463667820088
            Iterations: 7
            Function evaluations: 101
            Gradient evaluations: 7
       rank  accuracy     error
0  0.985591  0.220588  0.011894
Optimization terminated successfully    (Exit mode 0)
            Current function value: 0.011718750000000038
            Iterations: 7
            Function evaluations: 96
            Gradient evaluations: 7
       rank  accuracy     error
0  0.984753  0.213235  0.011719
corrs 1
sub corrs 10
corrs 2
sub corrs 20
corrs 3
sub corrs 30
corrs 4
sub corrs 40
corrs 5
sub corrs 50
corrs 6
sub corrs 60
corrs 7
sub corrs 70
corrs 8
sub corrs 80
corrs 9
sub corrs 90
corrs 10
sub corrs 100
Optimization terminated successfully    (Exit mode 0)
            Current function value: 0.19629919982698948
            Iterations: 1
            Function evaluations: 2
            Gradient evaluations: 1
       rank  accuracy     error
0  0.925849  0.169118  0.196299
Optimization terminated successfully    (Exit mode 0)
            Current function value: 0.19629919982698948
            Iterations: 4
            Function evaluations: 12
            Gradient evaluations: 4
       rank  accuracy     error
0  0.925849  0.169118  0.196299
Optimization terminated successfully    (Exit mode 0)
            Current function value: 0.10421172145328725
            Iterations: 4
            Function evaluations: 27
            Gradient evaluations: 4
       rank  accuracy     error
0  0.952652  0.231618  0.104212
Optimization terminated successfully    (Exit mode 0)
            Current function value: 0.06068879757785479
            Iterations: 6
            Function evaluations: 47
            Gradient evaluations: 6
       rank  accuracy     error
0  0.976927  0.231618  0.060689
Optimization terminated successfully    (Exit mode 0)
            Current function value: 0.0369944852941177
            Iterations: 5
            Function evaluations: 44
            Gradient evaluations: 5
       rank  accuracy     error
0  0.981915  0.279412  0.036994
Optimization terminated successfully    (Exit mode 0)
            Current function value: 0.03226373269896203
            Iterations: 7
            Function evaluations: 62
            Gradient evaluations: 7
       rank  accuracy     error
0  0.979955  0.279412  0.032264
Optimization terminated successfully    (Exit mode 0)
            Current function value: 0.035669874567474134
            Iterations: 5
            Function evaluations: 52
            Gradient evaluations: 5
       rank  accuracy    error
0  0.981104  0.272059  0.03567
Optimization terminated successfully    (Exit mode 0)
            Current function value: 0.023964641003460265
            Iterations: 9
            Function evaluations: 95
            Gradient evaluations: 9
       rank  accuracy     error
0  0.981537  0.272059  0.023965
Optimization terminated successfully    (Exit mode 0)
            Current function value: 0.019761029411764757
            Iterations: 5
            Function evaluations: 63
            Gradient evaluations: 5
       rank  accuracy     error
0  0.986159  0.286765  0.019761
Optimization terminated successfully    (Exit mode 0)
            Current function value: 0.0194501513840831
            Iterations: 4
            Function evaluations: 66
            Gradient evaluations: 4
       rank  accuracy    error
0  0.981807  0.275735  0.01945
Optimization terminated successfully    (Exit mode 0)
            Current function value: 0.012083693771626328
            Iterations: 8
            Function evaluations: 111
            Gradient evaluations: 8
       rank  accuracy     error
0  0.986389  0.308824  0.012084
✨ Experiment complete. Results archived at: /mnt/beegfs/hellgate/home/tp183485/timecorr_trazzp/Cluster_Data/paragraph_100_10_10_isfc_PCA_20_laplace.csv
