corrs 1
sub corrs 10
corrs 2
sub corrs 20
corrs 3
sub corrs 30
corrs 4
sub corrs 40
corrs 5
sub corrs 50
corrs 6
sub corrs 60
corrs 7
sub corrs 70
corrs 8
sub corrs 80
corrs 9
sub corrs 90
corrs 10
sub corrs 100
Optimization terminated successfully    (Exit mode 0)
            Current function value: 0.08332222222222238
            Iterations: 1
            Function evaluations: 2
            Gradient evaluations: 1
       rank  accuracy     error
0  0.964689  0.316667  0.083322
Optimization terminated successfully    (Exit mode 0)
            Current function value: 0.07088888888888902
            Iterations: 1
            Function evaluations: 14
            Gradient evaluations: 1
       rank  accuracy     error
0  0.964978  0.316667  0.070889
Optimization terminated successfully    (Exit mode 0)
            Current function value: 0.055611111111111146
            Iterations: 4
            Function evaluations: 30
            Gradient evaluations: 4
       rank  accuracy     error
0  0.968744  0.316667  0.055611
Optimization terminated successfully    (Exit mode 0)
            Current function value: 0.05695555555555561
            Iterations: 6
            Function evaluations: 43
            Gradient evaluations: 6
       rank  accuracy     error
0  0.968167  0.323333  0.056956
Optimization terminated successfully    (Exit mode 0)
            Current function value: 0.06121111111111121
            Iterations: 3
            Function evaluations: 30
            Gradient evaluations: 3
       rank  accuracy     error
0  0.968667      0.32  0.061211
Optimization terminated successfully    (Exit mode 0)
            Current function value: 0.05975555555555564
            Iterations: 4
            Function evaluations: 41
            Gradient evaluations: 4
       rank  accuracy     error
0  0.968978      0.32  0.059756
Optimization terminated successfully    (Exit mode 0)
            Current function value: 0.054911111111111154
            Iterations: 5
            Function evaluations: 52
            Gradient evaluations: 5
       rank  accuracy     error
0  0.968567      0.32  0.054911
Optimization terminated successfully    (Exit mode 0)
            Current function value: 0.055955555555555585
            Iterations: 5
            Function evaluations: 56
            Gradient evaluations: 5
       rank  accuracy     error
0  0.969122  0.326667  0.055956
Optimization terminated successfully    (Exit mode 0)
            Current function value: 0.05531111111111115
            Iterations: 5
            Function evaluations: 61
            Gradient evaluations: 5
       rank  accuracy     error
0  0.969189  0.313333  0.055311
Optimization terminated successfully    (Exit mode 0)
            Current function value: 0.05575555555555559
            Iterations: 5
            Function evaluations: 66
            Gradient evaluations: 5
       rank  accuracy     error
0  0.968489  0.323333  0.055756
Optimization terminated successfully    (Exit mode 0)
            Current function value: 0.057077777777777845
            Iterations: 4
            Function evaluations: 59
            Gradient evaluations: 4
       rank  accuracy     error
0  0.969156  0.323333  0.057078
corrs 1
sub corrs 10
corrs 2
sub corrs 20
corrs 3
sub corrs 30
corrs 4
sub corrs 40
corrs 5
sub corrs 50
corrs 6
sub corrs 60
corrs 7
sub corrs 70
corrs 8
sub corrs 80
corrs 9
sub corrs 90
corrs 10
sub corrs 100
Optimization terminated successfully    (Exit mode 0)
            Current function value: 0.09034444444444453
            Iterations: 1
            Function evaluations: 2
            Gradient evaluations: 1
       rank  accuracy     error
0  0.963844      0.28  0.090344
Optimization terminated successfully    (Exit mode 0)
            Current function value: 0.08542222222222233
            Iterations: 4
            Function evaluations: 23
            Gradient evaluations: 4
       rank  accuracy     error
0  0.965022  0.273333  0.085422
Optimization terminated successfully    (Exit mode 0)
            Current function value: 0.0653444444444445
            Iterations: 2
            Function evaluations: 19
            Gradient evaluations: 2
       rank  accuracy     error
0  0.970644      0.28  0.065344
Optimization terminated successfully    (Exit mode 0)
            Current function value: 0.06400000000000006
            Iterations: 3
            Function evaluations: 26
            Gradient evaluations: 3
       rank  accuracy  error
0  0.970656      0.28  0.064
Optimization terminated successfully    (Exit mode 0)
            Current function value: 0.06461111111111117
            Iterations: 2
            Function evaluations: 23
            Gradient evaluations: 2
       rank  accuracy     error
0  0.970144  0.276667  0.064611
Optimization terminated successfully    (Exit mode 0)
            Current function value: 0.06837777777777782
            Iterations: 3
            Function evaluations: 37
            Gradient evaluations: 3
       rank  accuracy     error
0  0.966533  0.276667  0.068378
Optimization terminated successfully    (Exit mode 0)
            Current function value: 0.06652222222222229
            Iterations: 3
            Function evaluations: 35
            Gradient evaluations: 3
       rank  accuracy     error
0  0.967444  0.283333  0.066522
Optimization terminated successfully    (Exit mode 0)
            Current function value: 0.06721111111111117
            Iterations: 7
            Function evaluations: 74
            Gradient evaluations: 7
     rank  accuracy     error
0  0.9704      0.28  0.067211
Optimization terminated successfully    (Exit mode 0)
            Current function value: 0.07137777777777783
            Iterations: 5
            Function evaluations: 61
            Gradient evaluations: 5
       rank  accuracy     error
0  0.966144  0.283333  0.071378
Optimization terminated successfully    (Exit mode 0)
            Current function value: 0.06810000000000005
            Iterations: 7
            Function evaluations: 88
            Gradient evaluations: 7
       rank  accuracy   error
0  0.966733  0.283333  0.0681
Optimization terminated successfully    (Exit mode 0)
            Current function value: 0.06324444444444449
            Iterations: 6
            Function evaluations: 83
            Gradient evaluations: 6
       rank  accuracy     error
0  0.967222  0.283333  0.063244
✨ Experiment complete. Results archived at: /mnt/beegfs/hellgate/home/tp183485/timecorr_trazzp/Cluster_Data/intact_100_10_10_isfc_UMAP_10_gaussian.csv
