corrs 1
sub corrs 10
corrs 2
sub corrs 20
corrs 3
sub corrs 30
corrs 4
sub corrs 40
corrs 5
sub corrs 50
corrs 6
sub corrs 60
corrs 7
sub corrs 70
corrs 8
sub corrs 80
corrs 9
sub corrs 90
corrs 10
sub corrs 100
Optimization terminated successfully    (Exit mode 0)
            Current function value: 0.17778168252595133
            Iterations: 1
            Function evaluations: 2
            Gradient evaluations: 1
       rank  accuracy     error
0  0.923767  0.183824  0.177782
Optimization terminated successfully    (Exit mode 0)
            Current function value: 0.170198961937716
            Iterations: 4
            Function evaluations: 24
            Gradient evaluations: 4
       rank  accuracy     error
0  0.925078  0.176471  0.170199
Optimization terminated successfully    (Exit mode 0)
            Current function value: 0.1941906358131486
            Iterations: 4
            Function evaluations: 28
            Gradient evaluations: 4
       rank  accuracy     error
0  0.914238  0.117647  0.194191
Optimization terminated successfully    (Exit mode 0)
            Current function value: 0.18990592560553618
            Iterations: 3
            Function evaluations: 26
            Gradient evaluations: 3
      rank  accuracy     error
0  0.91805  0.143382  0.189906
Optimization terminated successfully    (Exit mode 0)
            Current function value: 0.1728076340830447
            Iterations: 6
            Function evaluations: 49
            Gradient evaluations: 6
       rank  accuracy     error
0  0.923416  0.172794  0.172808
Optimization terminated successfully    (Exit mode 0)
            Current function value: 0.14316608996539776
            Iterations: 4
            Function evaluations: 39
            Gradient evaluations: 4
       rank  accuracy     error
0  0.911967  0.150735  0.143166
Optimization terminated successfully    (Exit mode 0)
            Current function value: 0.14281466262975767
            Iterations: 6
            Function evaluations: 62
            Gradient evaluations: 6
       rank  accuracy     error
0  0.914211  0.154412  0.142815
Optimization terminated successfully    (Exit mode 0)
            Current function value: 0.13859753460207588
            Iterations: 6
            Function evaluations: 68
            Gradient evaluations: 6
       rank  accuracy     error
0  0.911075  0.147059  0.138598
Optimization terminated successfully    (Exit mode 0)
            Current function value: 0.15138408304498244
            Iterations: 4
            Function evaluations: 51
            Gradient evaluations: 4
       rank  accuracy     error
0  0.904682  0.154412  0.151384
Optimization terminated successfully    (Exit mode 0)
            Current function value: 0.13644842128027668
            Iterations: 8
            Function evaluations: 102
            Gradient evaluations: 8
       rank  accuracy     error
0  0.913143  0.165441  0.136448
Optimization terminated successfully    (Exit mode 0)
            Current function value: 0.1415981833910034
            Iterations: 6
            Function evaluations: 84
            Gradient evaluations: 6
      rank  accuracy     error
0  0.91882  0.169118  0.141598
corrs 1
sub corrs 10
corrs 2
sub corrs 20
corrs 3
sub corrs 30
corrs 4
sub corrs 40
corrs 5
sub corrs 50
corrs 6
sub corrs 60
corrs 7
sub corrs 70
corrs 8
sub corrs 80
corrs 9
sub corrs 90
corrs 10
sub corrs 100
Optimization terminated successfully    (Exit mode 0)
            Current function value: 0.18432363754325232
            Iterations: 1
            Function evaluations: 2
            Gradient evaluations: 1
       rank  accuracy     error
0  0.923335  0.128676  0.184324
Optimization terminated successfully    (Exit mode 0)
            Current function value: 0.16914467993079565
            Iterations: 5
            Function evaluations: 27
            Gradient evaluations: 5
      rank  accuracy     error
0  0.92566  0.139706  0.169145
Optimization terminated successfully    (Exit mode 0)
            Current function value: 0.16529249567474033
            Iterations: 3
            Function evaluations: 24
            Gradient evaluations: 3
       rank  accuracy     error
0  0.922416  0.143382  0.165292
Optimization terminated successfully    (Exit mode 0)
            Current function value: 0.15802065311418678
            Iterations: 4
            Function evaluations: 35
            Gradient evaluations: 4
       rank  accuracy     error
0  0.922564  0.150735  0.158021
Optimization terminated successfully    (Exit mode 0)
            Current function value: 0.16842830882352924
            Iterations: 3
            Function evaluations: 30
            Gradient evaluations: 3
       rank  accuracy     error
0  0.920212  0.136029  0.168428
Optimization terminated successfully    (Exit mode 0)
            Current function value: 0.17361862024221436
            Iterations: 3
            Function evaluations: 32
            Gradient evaluations: 3
       rank  accuracy     error
0  0.917942  0.150735  0.173619
Optimization terminated successfully    (Exit mode 0)
            Current function value: 0.1623999783737023
            Iterations: 5
            Function evaluations: 54
            Gradient evaluations: 5
       rank  accuracy   error
0  0.923037  0.143382  0.1624
Optimization terminated successfully    (Exit mode 0)
            Current function value: 0.1570474697231833
            Iterations: 6
            Function evaluations: 68
            Gradient evaluations: 6
       rank  accuracy     error
0  0.912386  0.139706  0.157047
Optimization terminated successfully    (Exit mode 0)
            Current function value: 0.15943987889273337
            Iterations: 4
            Function evaluations: 51
            Gradient evaluations: 4
       rank  accuracy    error
0  0.923673  0.143382  0.15944
Optimization terminated successfully    (Exit mode 0)
            Current function value: 0.15764219290657422
            Iterations: 7
            Function evaluations: 90
            Gradient evaluations: 7
      rank  accuracy     error
0  0.92224  0.165441  0.157642
Optimization terminated successfully    (Exit mode 0)
            Current function value: 0.1569123053633217
            Iterations: 4
            Function evaluations: 60
            Gradient evaluations: 4
      rank  accuracy     error
0  0.92301  0.143382  0.156912
✨ Experiment complete. Results archived at: /mnt/beegfs/hellgate/home/tp183485/timecorr_trazzp/Cluster_Data/paragraph_100_10_10_isfc_FactorAnalysis_5_mexican_hat.csv
