corrs 1
sub corrs 10
corrs 2
sub corrs 20
corrs 3
sub corrs 30
corrs 4
sub corrs 40
corrs 5
sub corrs 50
corrs 6
sub corrs 60
corrs 7
sub corrs 70
corrs 8
sub corrs 80
corrs 9
sub corrs 90
corrs 10
sub corrs 100
Optimization terminated successfully    (Exit mode 0)
            Current function value: 0.191000756920415
            Iterations: 1
            Function evaluations: 2
            Gradient evaluations: 1
       rank  accuracy     error
0  0.908845     0.125  0.191001
Optimization terminated successfully    (Exit mode 0)
            Current function value: 0.191000756920415
            Iterations: 4
            Function evaluations: 12
            Gradient evaluations: 4
       rank  accuracy     error
0  0.908845     0.125  0.191001
Optimization terminated successfully    (Exit mode 0)
            Current function value: 0.3280844506920413
            Iterations: 2
            Function evaluations: 20
            Gradient evaluations: 2
       rank  accuracy     error
0  0.889125  0.011029  0.328084
Optimization terminated successfully    (Exit mode 0)
            Current function value: 0.30912089100345996
            Iterations: 4
            Function evaluations: 32
            Gradient evaluations: 4
       rank  accuracy     error
0  0.900654  0.029412  0.309121
Optimization terminated successfully    (Exit mode 0)
            Current function value: 0.191000756920415
            Iterations: 12
            Function evaluations: 80
            Gradient evaluations: 12
       rank  accuracy     error
0  0.908845     0.125  0.191001
Optimization terminated successfully    (Exit mode 0)
            Current function value: 0.4827665441176471
            Iterations: 1
            Function evaluations: 18
            Gradient evaluations: 1
       rank  accuracy     error
0  0.997878  0.003676  0.482767
Optimization terminated successfully    (Exit mode 0)
            Current function value: 0.48834883217993086
            Iterations: 1
            Function evaluations: 8
            Gradient evaluations: 1
       rank  accuracy     error
0  0.999297  0.003676  0.488349
Optimization terminated successfully    (Exit mode 0)
            Current function value: 0.49816176470588236
            Iterations: 1
            Function evaluations: 9
            Gradient evaluations: 1
   rank  accuracy     error
0   1.0  0.003676  0.498162
Optimization terminated successfully    (Exit mode 0)
            Current function value: 0.49816176470588236
            Iterations: 1
            Function evaluations: 10
            Gradient evaluations: 1
   rank  accuracy     error
0   1.0  0.003676  0.498162
Optimization terminated successfully    (Exit mode 0)
            Current function value: 0.49816176470588236
            Iterations: 1
            Function evaluations: 11
            Gradient evaluations: 1
   rank  accuracy     error
0   1.0  0.003676  0.498162
Optimization terminated successfully    (Exit mode 0)
            Current function value: 0.49816176470588236
            Iterations: 1
            Function evaluations: 12
            Gradient evaluations: 1
   rank  accuracy     error
0   1.0  0.003676  0.498162
corrs 1
sub corrs 10
corrs 2
sub corrs 20
corrs 3
sub corrs 30
corrs 4
sub corrs 40
corrs 5
sub corrs 50
corrs 6
sub corrs 60
corrs 7
sub corrs 70
corrs 8
sub corrs 80
corrs 9
sub corrs 90
corrs 10
sub corrs 100
Optimization terminated successfully    (Exit mode 0)
            Current function value: 0.18967614619377127
            Iterations: 1
            Function evaluations: 2
            Gradient evaluations: 1
       rank  accuracy     error
0  0.909305  0.154412  0.189676
Optimization terminated successfully    (Exit mode 0)
            Current function value: 0.18967614619377127
            Iterations: 4
            Function evaluations: 12
            Gradient evaluations: 4
       rank  accuracy     error
0  0.909305  0.154412  0.189676
Optimization terminated successfully    (Exit mode 0)
            Current function value: 0.3273004974048442
            Iterations: 2
            Function evaluations: 19
            Gradient evaluations: 2
       rank  accuracy   error
0  0.889544  0.007353  0.3273
Optimization terminated successfully    (Exit mode 0)
            Current function value: 0.32900356833910027
            Iterations: 7
            Function evaluations: 52
            Gradient evaluations: 7
       rank  accuracy     error
0  0.897424  0.025735  0.329004
Optimization terminated successfully    (Exit mode 0)
            Current function value: 0.32302930363321813
            Iterations: 5
            Function evaluations: 44
            Gradient evaluations: 5
       rank  accuracy     error
0  0.873365  0.014706  0.323029
Optimization terminated successfully    (Exit mode 0)
            Current function value: 0.4706693339100345
            Iterations: 1
            Function evaluations: 18
            Gradient evaluations: 1
       rank  accuracy     error
0  0.997905  0.007353  0.470669
Optimization terminated successfully    (Exit mode 0)
            Current function value: 0.4843209342560555
            Iterations: 2
            Function evaluations: 16
            Gradient evaluations: 2
      rank  accuracy     error
0  0.99927  0.003676  0.484321
Optimization terminated successfully    (Exit mode 0)
            Current function value: 0.49816176470588236
            Iterations: 1
            Function evaluations: 9
            Gradient evaluations: 1
   rank  accuracy     error
0   1.0  0.003676  0.498162
Optimization terminated successfully    (Exit mode 0)
            Current function value: 0.49816176470588236
            Iterations: 1
            Function evaluations: 10
            Gradient evaluations: 1
   rank  accuracy     error
0   1.0  0.003676  0.498162
Optimization terminated successfully    (Exit mode 0)
            Current function value: 0.49816176470588236
            Iterations: 1
            Function evaluations: 11
            Gradient evaluations: 1
   rank  accuracy     error
0   1.0  0.003676  0.498162
Optimization terminated successfully    (Exit mode 0)
            Current function value: 0.49816176470588236
            Iterations: 1
            Function evaluations: 12
            Gradient evaluations: 1
   rank  accuracy     error
0   1.0  0.003676  0.498162
✨ Experiment complete. Results archived at: /mnt/beegfs/hellgate/home/tp183485/timecorr_trazzp/Cluster_Data/paragraph_100_10_10_isfc_DictionaryLearning_20_gaussian.csv
