corrs 1
sub corrs 10
corrs 2
sub corrs 20
corrs 3
sub corrs 30
corrs 4
sub corrs 40
corrs 5
sub corrs 50
corrs 6
sub corrs 60
corrs 7
sub corrs 70
corrs 8
sub corrs 80
corrs 9
sub corrs 90
corrs 10
sub corrs 100
Optimization terminated successfully    (Exit mode 0)
            Current function value: 0.104888888888889
            Iterations: 1
            Function evaluations: 2
            Gradient evaluations: 1
       rank  accuracy     error
0  0.966767  0.266667  0.104889
Optimization terminated successfully    (Exit mode 0)
            Current function value: 0.12024444444444443
            Iterations: 2
            Function evaluations: 17
            Gradient evaluations: 2
       rank  accuracy     error
0  0.963611      0.28  0.120244
Optimization terminated successfully    (Exit mode 0)
            Current function value: 0.10478888888888897
            Iterations: 3
            Function evaluations: 23
            Gradient evaluations: 3
       rank  accuracy     error
0  0.966811  0.273333  0.104789
Optimization terminated successfully    (Exit mode 0)
            Current function value: 0.10656666666666677
            Iterations: 6
            Function evaluations: 48
            Gradient evaluations: 6
       rank  accuracy     error
0  0.966822  0.286667  0.106567
Optimization terminated successfully    (Exit mode 0)
            Current function value: 0.10253333333333345
            Iterations: 4
            Function evaluations: 35
            Gradient evaluations: 4
     rank  accuracy     error
0  0.9655  0.276667  0.102533
Optimization terminated successfully    (Exit mode 0)
            Current function value: 0.09948888888888897
            Iterations: 4
            Function evaluations: 40
            Gradient evaluations: 4
       rank  accuracy     error
0  0.967356  0.266667  0.099489
Optimization terminated successfully    (Exit mode 0)
            Current function value: 0.0
            Iterations: 1
            Function evaluations: 8
            Gradient evaluations: 1
   rank  accuracy  error
0   1.0       1.0    0.0
Optimization terminated successfully    (Exit mode 0)
            Current function value: 0.0
            Iterations: 1
            Function evaluations: 9
            Gradient evaluations: 1
   rank  accuracy  error
0   1.0       1.0    0.0
Optimization terminated successfully    (Exit mode 0)
            Current function value: 0.0
            Iterations: 1
            Function evaluations: 10
            Gradient evaluations: 1
   rank  accuracy  error
0   1.0       1.0    0.0
Optimization terminated successfully    (Exit mode 0)
            Current function value: 0.0
            Iterations: 1
            Function evaluations: 11
            Gradient evaluations: 1
   rank  accuracy  error
0   1.0       1.0    0.0
Optimization terminated successfully    (Exit mode 0)
            Current function value: 0.0
            Iterations: 1
            Function evaluations: 12
            Gradient evaluations: 1
   rank  accuracy  error
0   1.0       1.0    0.0
corrs 1
sub corrs 10
corrs 2
sub corrs 20
corrs 3
sub corrs 30
corrs 4
sub corrs 40
corrs 5
sub corrs 50
corrs 6
sub corrs 60
corrs 7
sub corrs 70
corrs 8
sub corrs 80
corrs 9
sub corrs 90
corrs 10
sub corrs 100
Optimization terminated successfully    (Exit mode 0)
            Current function value: 0.08151111111111121
            Iterations: 1
            Function evaluations: 2
            Gradient evaluations: 1
       rank  accuracy     error
0  0.968511  0.276667  0.081511
Optimization terminated successfully    (Exit mode 0)
            Current function value: 0.078988888888889
            Iterations: 3
            Function evaluations: 21
            Gradient evaluations: 3
       rank  accuracy     error
0  0.968722  0.296667  0.078989
Optimization terminated successfully    (Exit mode 0)
            Current function value: 0.07684444444444455
            Iterations: 5
            Function evaluations: 31
            Gradient evaluations: 5
       rank  accuracy     error
0  0.968511  0.303333  0.076844
Optimization terminated successfully    (Exit mode 0)
            Current function value: 0.07984444444444455
            Iterations: 5
            Function evaluations: 40
            Gradient evaluations: 5
       rank  accuracy     error
0  0.967844       0.3  0.079844
Optimization terminated successfully    (Exit mode 0)
            Current function value: 0.07522222222222232
            Iterations: 3
            Function evaluations: 29
            Gradient evaluations: 3
       rank  accuracy     error
0  0.968433  0.286667  0.075222
Optimization terminated successfully    (Exit mode 0)
            Current function value: 0.07467777777777788
            Iterations: 4
            Function evaluations: 40
            Gradient evaluations: 4
       rank  accuracy     error
0  0.969578  0.283333  0.074678
Optimization terminated successfully    (Exit mode 0)
            Current function value: 0.0
            Iterations: 1
            Function evaluations: 8
            Gradient evaluations: 1
   rank  accuracy  error
0   1.0       1.0    0.0
Optimization terminated successfully    (Exit mode 0)
            Current function value: 0.0
            Iterations: 1
            Function evaluations: 9
            Gradient evaluations: 1
   rank  accuracy  error
0   1.0       1.0    0.0
Optimization terminated successfully    (Exit mode 0)
            Current function value: 0.0
            Iterations: 1
            Function evaluations: 10
            Gradient evaluations: 1
   rank  accuracy  error
0   1.0       1.0    0.0
Optimization terminated successfully    (Exit mode 0)
            Current function value: 0.0
            Iterations: 1
            Function evaluations: 11
            Gradient evaluations: 1
   rank  accuracy  error
0   1.0       1.0    0.0
Optimization terminated successfully    (Exit mode 0)
            Current function value: 0.0
            Iterations: 1
            Function evaluations: 12
            Gradient evaluations: 1
   rank  accuracy  error
0   1.0       1.0    0.0
✨ Experiment complete. Results archived at: /mnt/beegfs/hellgate/home/tp183485/timecorr_trazzp/Cluster_Data/intact_100_10_10_isfc_LocallyLinearEmbedding_50_laplace.csv
