corrs 1
sub corrs 10
corrs 2
sub corrs 20
corrs 3
sub corrs 30
corrs 4
sub corrs 40
corrs 5
sub corrs 50
corrs 6
sub corrs 60
corrs 7
sub corrs 70
corrs 8
sub corrs 80
corrs 9
sub corrs 90
corrs 10
sub corrs 100
Optimization terminated successfully    (Exit mode 0)
            Current function value: 0.07465555555555561
            Iterations: 1
            Function evaluations: 2
            Gradient evaluations: 1
       rank  accuracy     error
0  0.962644      0.28  0.074656
Optimization terminated successfully    (Exit mode 0)
            Current function value: 0.08912222222222234
            Iterations: 2
            Function evaluations: 17
            Gradient evaluations: 2
     rank  accuracy     error
0  0.9542  0.226667  0.089122
Optimization terminated successfully    (Exit mode 0)
            Current function value: 0.07592222222222236
            Iterations: 3
            Function evaluations: 23
            Gradient evaluations: 3
       rank  accuracy     error
0  0.958756  0.236667  0.075922
Optimization terminated successfully    (Exit mode 0)
            Current function value: 0.06288888888888897
            Iterations: 6
            Function evaluations: 45
            Gradient evaluations: 6
       rank  accuracy     error
0  0.964033  0.246667  0.062889
Optimization terminated successfully    (Exit mode 0)
            Current function value: 0.06742222222222231
            Iterations: 4
            Function evaluations: 37
            Gradient evaluations: 4
       rank  accuracy     error
0  0.966478      0.29  0.067422
Optimization terminated successfully    (Exit mode 0)
            Current function value: 0.06785555555555567
            Iterations: 7
            Function evaluations: 63
            Gradient evaluations: 7
       rank  accuracy     error
0  0.964278  0.246667  0.067856
Optimization terminated successfully    (Exit mode 0)
            Current function value: 0.06731111111111121
            Iterations: 5
            Function evaluations: 53
            Gradient evaluations: 5
       rank  accuracy     error
0  0.963844      0.27  0.067311
Optimization terminated successfully    (Exit mode 0)
            Current function value: 0.0651000000000001
            Iterations: 4
            Function evaluations: 48
            Gradient evaluations: 4
       rank  accuracy   error
0  0.963111  0.273333  0.0651
Optimization terminated successfully    (Exit mode 0)
            Current function value: 0.06511111111111122
            Iterations: 4
            Function evaluations: 51
            Gradient evaluations: 4
       rank  accuracy     error
0  0.963178      0.27  0.065111
Optimization terminated successfully    (Exit mode 0)
            Current function value: 0.07391111111111122
            Iterations: 2
            Function evaluations: 33
            Gradient evaluations: 2
       rank  accuracy     error
0  0.964078  0.276667  0.073911
Optimization terminated successfully    (Exit mode 0)
            Current function value: 0.0651000000000001
            Iterations: 4
            Function evaluations: 59
            Gradient evaluations: 4
       rank  accuracy   error
0  0.963033      0.27  0.0651
corrs 1
sub corrs 10
corrs 2
sub corrs 20
corrs 3
sub corrs 30
corrs 4
sub corrs 40
corrs 5
sub corrs 50
corrs 6
sub corrs 60
corrs 7
sub corrs 70
corrs 8
sub corrs 80
corrs 9
sub corrs 90
corrs 10
sub corrs 100
Optimization terminated successfully    (Exit mode 0)
            Current function value: 0.09518888888888893
            Iterations: 1
            Function evaluations: 2
            Gradient evaluations: 1
     rank  accuracy     error
0  0.9628      0.27  0.095189
Optimization terminated successfully    (Exit mode 0)
            Current function value: 0.09518888888888893
            Iterations: 4
            Function evaluations: 12
            Gradient evaluations: 4
     rank  accuracy     error
0  0.9628      0.27  0.095189
Optimization terminated successfully    (Exit mode 0)
            Current function value: 0.09027777777777786
            Iterations: 5
            Function evaluations: 31
            Gradient evaluations: 5
       rank  accuracy     error
0  0.965378      0.28  0.090278
Optimization terminated successfully    (Exit mode 0)
            Current function value: 0.09025555555555574
            Iterations: 2
            Function evaluations: 21
            Gradient evaluations: 2
       rank  accuracy     error
0  0.963144      0.26  0.090256
Optimization terminated successfully    (Exit mode 0)
            Current function value: 0.09113333333333351
            Iterations: 5
            Function evaluations: 43
            Gradient evaluations: 5
       rank  accuracy     error
0  0.963422  0.263333  0.091133
Optimization terminated successfully    (Exit mode 0)
            Current function value: 0.08502222222222237
            Iterations: 3
            Function evaluations: 32
            Gradient evaluations: 3
       rank  accuracy     error
0  0.963944      0.26  0.085022
Optimization terminated successfully    (Exit mode 0)
            Current function value: 0.07810000000000007
            Iterations: 4
            Function evaluations: 44
            Gradient evaluations: 4
       rank  accuracy   error
0  0.962044  0.266667  0.0781
Optimization terminated successfully    (Exit mode 0)
            Current function value: 0.07097777777777789
            Iterations: 7
            Function evaluations: 76
            Gradient evaluations: 7
       rank  accuracy     error
0  0.961922  0.243333  0.070978
Optimization terminated successfully    (Exit mode 0)
            Current function value: 0.07461111111111124
            Iterations: 7
            Function evaluations: 87
            Gradient evaluations: 7
       rank  accuracy     error
0  0.961511  0.256667  0.074611
Optimization terminated successfully    (Exit mode 0)
            Current function value: 0.0764111111111112
            Iterations: 5
            Function evaluations: 66
            Gradient evaluations: 5
       rank  accuracy     error
0  0.960944  0.273333  0.076411
Optimization terminated successfully    (Exit mode 0)
            Current function value: 0.09216666666666674
            Iterations: 3
            Function evaluations: 49
            Gradient evaluations: 3
       rank  accuracy     error
0  0.962956      0.27  0.092167
✨ Experiment complete. Results archived at: /mnt/beegfs/hellgate/home/tp183485/timecorr_trazzp/Cluster_Data/intact_100_10_10_isfc_SpectralEmbedding_10_gaussian.csv
