corrs 1
sub corrs 10
corrs 2
sub corrs 20
corrs 3
sub corrs 30
corrs 4
sub corrs 40
corrs 5
sub corrs 50
corrs 6
sub corrs 60
corrs 7
sub corrs 70
corrs 8
sub corrs 80
corrs 9
sub corrs 90
corrs 10
sub corrs 100
Optimization terminated successfully    (Exit mode 0)
            Current function value: 0.07373333333333343
            Iterations: 1
            Function evaluations: 2
            Gradient evaluations: 1
     rank  accuracy     error
0  0.9674  0.296667  0.073733
Optimization terminated successfully    (Exit mode 0)
            Current function value: 0.06085555555555563
            Iterations: 3
            Function evaluations: 20
            Gradient evaluations: 3
       rank  accuracy     error
0  0.970444  0.303333  0.060856
Optimization terminated successfully    (Exit mode 0)
            Current function value: 0.05892222222222228
            Iterations: 3
            Function evaluations: 24
            Gradient evaluations: 3
       rank  accuracy     error
0  0.970889  0.296667  0.058922
Optimization terminated successfully    (Exit mode 0)
            Current function value: 0.06535555555555563
            Iterations: 4
            Function evaluations: 31
            Gradient evaluations: 4
       rank  accuracy     error
0  0.969689  0.296667  0.065356
Optimization terminated successfully    (Exit mode 0)
            Current function value: 0.054922222222222254
            Iterations: 8
            Function evaluations: 62
            Gradient evaluations: 8
       rank  accuracy     error
0  0.970389  0.306667  0.054922
Optimization terminated successfully    (Exit mode 0)
            Current function value: 0.046166666666666654
            Iterations: 5
            Function evaluations: 46
            Gradient evaluations: 5
     rank  accuracy     error
0  0.9741  0.313333  0.046167
Optimization terminated successfully    (Exit mode 0)
            Current function value: 0.0123777777777778
            Iterations: 7
            Function evaluations: 67
            Gradient evaluations: 7
       rank  accuracy     error
0  0.984644  0.316667  0.012378
Optimization terminated successfully    (Exit mode 0)
            Current function value: 0.012600000000000021
            Iterations: 6
            Function evaluations: 65
            Gradient evaluations: 6
     rank  accuracy   error
0  0.9848  0.313333  0.0126
Optimization terminated successfully    (Exit mode 0)
            Current function value: 0.012666666666666692
            Iterations: 3
            Function evaluations: 43
            Gradient evaluations: 3
       rank  accuracy     error
0  0.984833  0.323333  0.012667
Optimization terminated successfully    (Exit mode 0)
            Current function value: 0.006322222222222229
            Iterations: 6
            Function evaluations: 79
            Gradient evaluations: 6
       rank  accuracy     error
0  0.989411      0.35  0.006322
Optimization terminated successfully    (Exit mode 0)
            Current function value: 0.01124444444444446
            Iterations: 2
            Function evaluations: 35
            Gradient evaluations: 2
       rank  accuracy     error
0  0.985933  0.303333  0.011244
corrs 1
sub corrs 10
corrs 2
sub corrs 20
corrs 3
sub corrs 30
corrs 4
sub corrs 40
corrs 5
sub corrs 50
corrs 6
sub corrs 60
corrs 7
sub corrs 70
corrs 8
sub corrs 80
corrs 9
sub corrs 90
corrs 10
sub corrs 100
Optimization terminated successfully    (Exit mode 0)
            Current function value: 0.0806222222222223
            Iterations: 1
            Function evaluations: 2
            Gradient evaluations: 1
       rank  accuracy     error
0  0.963067  0.286667  0.080622
Optimization terminated successfully    (Exit mode 0)
            Current function value: 0.05852222222222225
            Iterations: 4
            Function evaluations: 25
            Gradient evaluations: 4
       rank  accuracy     error
0  0.968444  0.276667  0.058522
Optimization terminated successfully    (Exit mode 0)
            Current function value: 0.05741111111111111
            Iterations: 5
            Function evaluations: 31
            Gradient evaluations: 5
       rank  accuracy     error
0  0.968367  0.276667  0.057411
Optimization terminated successfully    (Exit mode 0)
            Current function value: 0.05140000000000002
            Iterations: 4
            Function evaluations: 31
            Gradient evaluations: 4
     rank  accuracy   error
0  0.9683  0.283333  0.0514
Optimization terminated successfully    (Exit mode 0)
            Current function value: 0.048622222222222226
            Iterations: 8
            Function evaluations: 64
            Gradient evaluations: 8
       rank  accuracy     error
0  0.968144      0.28  0.048622
Optimization terminated successfully    (Exit mode 0)
            Current function value: 0.041811111111111084
            Iterations: 4
            Function evaluations: 39
            Gradient evaluations: 4
       rank  accuracy     error
0  0.972911  0.283333  0.041811
Optimization terminated successfully    (Exit mode 0)
            Current function value: 0.011277777777777805
            Iterations: 6
            Function evaluations: 62
            Gradient evaluations: 6
       rank  accuracy     error
0  0.986656  0.323333  0.011278
Optimization terminated successfully    (Exit mode 0)
            Current function value: 0.011200000000000026
            Iterations: 9
            Function evaluations: 93
            Gradient evaluations: 9
       rank  accuracy   error
0  0.986667  0.323333  0.0112
Optimization terminated successfully    (Exit mode 0)
            Current function value: 0.010877777777777793
            Iterations: 6
            Function evaluations: 72
            Gradient evaluations: 6
       rank  accuracy     error
0  0.987033  0.326667  0.010878
Optimization terminated successfully    (Exit mode 0)
            Current function value: 0.007344444444444459
            Iterations: 8
            Function evaluations: 100
            Gradient evaluations: 8
       rank  accuracy     error
0  0.989322  0.343333  0.007344
Optimization terminated successfully    (Exit mode 0)
            Current function value: 0.0074111111111111235
            Iterations: 5
            Function evaluations: 71
            Gradient evaluations: 5
       rank  accuracy     error
0  0.989011  0.346667  0.007411
✨ Experiment complete. Results archived at: /mnt/beegfs/hellgate/home/tp183485/timecorr_trazzp/Cluster_Data/intact_100_10_10_isfc_UMAP_30_gaussian.csv
