corrs 1
sub corrs 10
corrs 2
sub corrs 20
corrs 3
sub corrs 30
corrs 4
sub corrs 40
corrs 5
sub corrs 50
corrs 6
sub corrs 60
corrs 7
sub corrs 70
corrs 8
sub corrs 80
corrs 9
sub corrs 90
corrs 10
sub corrs 100
Optimization terminated successfully    (Exit mode 0)
            Current function value: 0.11146666666666669
            Iterations: 1
            Function evaluations: 2
            Gradient evaluations: 1
       rank  accuracy     error
0  0.954767  0.233333  0.111467
Optimization terminated successfully    (Exit mode 0)
            Current function value: 0.011900000000000011
            Iterations: 1
            Function evaluations: 14
            Gradient evaluations: 1
       rank  accuracy   error
0  0.988289  0.283333  0.0119
Optimization terminated successfully    (Exit mode 0)
            Current function value: 0.011755555555555564
            Iterations: 4
            Function evaluations: 28
            Gradient evaluations: 4
       rank  accuracy     error
0  0.989922  0.306667  0.011756
Optimization terminated successfully    (Exit mode 0)
            Current function value: 0.008555555555555573
            Iterations: 6
            Function evaluations: 42
            Gradient evaluations: 6
       rank  accuracy     error
0  0.989467      0.31  0.008556
Optimization terminated successfully    (Exit mode 0)
            Current function value: 0.008855555555555566
            Iterations: 4
            Function evaluations: 38
            Gradient evaluations: 4
       rank  accuracy     error
0  0.991811  0.326667  0.008856
Optimization terminated successfully    (Exit mode 0)
            Current function value: 0.0072444444444444605
            Iterations: 3
            Function evaluations: 32
            Gradient evaluations: 3
       rank  accuracy     error
0  0.990178  0.316667  0.007244
Optimization terminated successfully    (Exit mode 0)
            Current function value: 0.010311111111111125
            Iterations: 3
            Function evaluations: 35
            Gradient evaluations: 3
       rank  accuracy     error
0  0.990211  0.323333  0.010311
Optimization terminated successfully    (Exit mode 0)
            Current function value: 0.005966666666666677
            Iterations: 5
            Function evaluations: 59
            Gradient evaluations: 5
       rank  accuracy     error
0  0.990633      0.32  0.005967
Optimization terminated successfully    (Exit mode 0)
            Current function value: 0.005400000000000008
            Iterations: 8
            Function evaluations: 93
            Gradient evaluations: 8
       rank  accuracy   error
0  0.991744  0.323333  0.0054
Optimization terminated successfully    (Exit mode 0)
            Current function value: 0.004433333333333336
            Iterations: 7
            Function evaluations: 90
            Gradient evaluations: 7
       rank  accuracy     error
0  0.993378      0.35  0.004433
Optimization terminated successfully    (Exit mode 0)
            Current function value: 0.004266666666666669
            Iterations: 5
            Function evaluations: 73
            Gradient evaluations: 5
       rank  accuracy     error
0  0.993633  0.356667  0.004267
corrs 1
sub corrs 10
corrs 2
sub corrs 20
corrs 3
sub corrs 30
corrs 4
sub corrs 40
corrs 5
sub corrs 50
corrs 6
sub corrs 60
corrs 7
sub corrs 70
corrs 8
sub corrs 80
corrs 9
sub corrs 90
corrs 10
sub corrs 100
Optimization terminated successfully    (Exit mode 0)
            Current function value: 0.07721111111111117
            Iterations: 1
            Function evaluations: 2
            Gradient evaluations: 1
       rank  accuracy     error
0  0.956989  0.286667  0.077211
Optimization terminated successfully    (Exit mode 0)
            Current function value: 0.008922222222222232
            Iterations: 1
            Function evaluations: 14
            Gradient evaluations: 1
       rank  accuracy     error
0  0.988433      0.32  0.008922
Optimization terminated successfully    (Exit mode 0)
            Current function value: 0.0066777777777777885
            Iterations: 5
            Function evaluations: 32
            Gradient evaluations: 5
       rank  accuracy     error
0  0.989833  0.333333  0.006678
Optimization terminated successfully    (Exit mode 0)
            Current function value: 0.005633333333333341
            Iterations: 1
            Function evaluations: 16
            Gradient evaluations: 1
       rank  accuracy     error
0  0.991811  0.343333  0.005633
Optimization terminated successfully    (Exit mode 0)
            Current function value: 0.004866666666666672
            Iterations: 1
            Function evaluations: 17
            Gradient evaluations: 1
       rank  accuracy     error
0  0.993078  0.363333  0.004867
Optimization terminated successfully    (Exit mode 0)
            Current function value: 0.004633333333333336
            Iterations: 1
            Function evaluations: 18
            Gradient evaluations: 1
       rank  accuracy     error
0  0.992833      0.36  0.004633
Optimization terminated successfully    (Exit mode 0)
            Current function value: 0.004288888888888892
            Iterations: 3
            Function evaluations: 35
            Gradient evaluations: 3
     rank  accuracy     error
0  0.9935  0.376667  0.004289
Optimization terminated successfully    (Exit mode 0)
            Current function value: 0.004711111111111113
            Iterations: 3
            Function evaluations: 38
            Gradient evaluations: 3
       rank  accuracy     error
0  0.992944  0.366667  0.004711
Optimization terminated successfully    (Exit mode 0)
            Current function value: 0.004166666666666669
            Iterations: 4
            Function evaluations: 51
            Gradient evaluations: 4
       rank  accuracy     error
0  0.993956      0.37  0.004167
Optimization terminated successfully    (Exit mode 0)
            Current function value: 0.003722222222222223
            Iterations: 4
            Function evaluations: 58
            Gradient evaluations: 4
       rank  accuracy     error
0  0.994433  0.403333  0.003722
Optimization terminated successfully    (Exit mode 0)
            Current function value: 0.004077777777777781
            Iterations: 3
            Function evaluations: 47
            Gradient evaluations: 3
       rank  accuracy     error
0  0.994367  0.386667  0.004078
✨ Experiment complete. Results archived at: /mnt/beegfs/hellgate/home/tp183485/timecorr_trazzp/Cluster_Data/intact_100_10_10_isfc_UMAP_40_laplace.csv
