corrs 1
sub corrs 10
corrs 2
sub corrs 20
corrs 3
sub corrs 30
corrs 4
sub corrs 40
corrs 5
sub corrs 50
corrs 6
sub corrs 60
corrs 7
sub corrs 70
corrs 8
sub corrs 80
corrs 9
sub corrs 90
corrs 10
sub corrs 100
Optimization terminated successfully    (Exit mode 0)
            Current function value: 0.09610000000000007
            Iterations: 1
            Function evaluations: 2
            Gradient evaluations: 1
       rank  accuracy   error
0  0.968822      0.26  0.0961
Optimization terminated successfully    (Exit mode 0)
            Current function value: 0.09095555555555562
            Iterations: 7
            Function evaluations: 33
            Gradient evaluations: 7
       rank  accuracy     error
0  0.969689  0.273333  0.090956
Optimization terminated successfully    (Exit mode 0)
            Current function value: 0.08904444444444452
            Iterations: 5
            Function evaluations: 32
            Gradient evaluations: 5
       rank  accuracy     error
0  0.969367  0.286667  0.089044
Optimization terminated successfully    (Exit mode 0)
            Current function value: 0.08232222222222228
            Iterations: 4
            Function evaluations: 34
            Gradient evaluations: 4
       rank  accuracy     error
0  0.969267      0.27  0.082322
Optimization terminated successfully    (Exit mode 0)
            Current function value: 0.07110000000000008
            Iterations: 4
            Function evaluations: 35
            Gradient evaluations: 4
     rank  accuracy   error
0  0.9696  0.296667  0.0711
Optimization terminated successfully    (Exit mode 0)
            Current function value: 0.07322222222222231
            Iterations: 8
            Function evaluations: 74
            Gradient evaluations: 8
       rank  accuracy     error
0  0.969067       0.3  0.073222
Optimization terminated successfully    (Exit mode 0)
            Current function value: 0.0733222222222223
            Iterations: 5
            Function evaluations: 54
            Gradient evaluations: 5
       rank  accuracy     error
0  0.968567  0.293333  0.073322
Optimization terminated successfully    (Exit mode 0)
            Current function value: 0.07028888888888898
            Iterations: 6
            Function evaluations: 71
            Gradient evaluations: 6
       rank  accuracy     error
0  0.968756      0.29  0.070289
Optimization terminated successfully    (Exit mode 0)
            Current function value: 0.0664333333333334
            Iterations: 5
            Function evaluations: 63
            Gradient evaluations: 5
       rank  accuracy     error
0  0.969822       0.3  0.066433
Optimization terminated successfully    (Exit mode 0)
            Current function value: 0.07158888888888898
            Iterations: 7
            Function evaluations: 90
            Gradient evaluations: 7
       rank  accuracy     error
0  0.968511      0.29  0.071589
Optimization terminated successfully    (Exit mode 0)
            Current function value: 0.07468888888888897
            Iterations: 3
            Function evaluations: 47
            Gradient evaluations: 3
       rank  accuracy     error
0  0.968856      0.29  0.074689
corrs 1
sub corrs 10
corrs 2
sub corrs 20
corrs 3
sub corrs 30
corrs 4
sub corrs 40
corrs 5
sub corrs 50
corrs 6
sub corrs 60
corrs 7
sub corrs 70
corrs 8
sub corrs 80
corrs 9
sub corrs 90
corrs 10
sub corrs 100
Optimization terminated successfully    (Exit mode 0)
            Current function value: 0.08893333333333349
            Iterations: 1
            Function evaluations: 2
            Gradient evaluations: 1
       rank  accuracy     error
0  0.969033  0.296667  0.088933
Optimization terminated successfully    (Exit mode 0)
            Current function value: 0.08893333333333349
            Iterations: 4
            Function evaluations: 12
            Gradient evaluations: 4
       rank  accuracy     error
0  0.969033  0.296667  0.088933
Optimization terminated successfully    (Exit mode 0)
            Current function value: 0.08245555555555573
            Iterations: 4
            Function evaluations: 27
            Gradient evaluations: 4
       rank  accuracy     error
0  0.967944  0.283333  0.082456
Optimization terminated successfully    (Exit mode 0)
            Current function value: 0.0870444444444446
            Iterations: 3
            Function evaluations: 26
            Gradient evaluations: 3
     rank  accuracy     error
0  0.9688  0.296667  0.087044
Optimization terminated successfully    (Exit mode 0)
            Current function value: 0.08155555555555569
            Iterations: 5
            Function evaluations: 41
            Gradient evaluations: 5
       rank  accuracy     error
0  0.968711  0.296667  0.081556
Optimization terminated successfully    (Exit mode 0)
            Current function value: 0.08071111111111128
            Iterations: 5
            Function evaluations: 49
            Gradient evaluations: 5
       rank  accuracy     error
0  0.968589  0.293333  0.080711
Optimization terminated successfully    (Exit mode 0)
            Current function value: 0.07976666666666683
            Iterations: 4
            Function evaluations: 46
            Gradient evaluations: 4
       rank  accuracy     error
0  0.968678      0.29  0.079767
Optimization terminated successfully    (Exit mode 0)
            Current function value: 0.08641111111111127
            Iterations: 2
            Function evaluations: 29
            Gradient evaluations: 2
       rank  accuracy     error
0  0.969011  0.286667  0.086411
Optimization terminated successfully    (Exit mode 0)
            Current function value: 0.08194444444444461
            Iterations: 4
            Function evaluations: 51
            Gradient evaluations: 4
       rank  accuracy     error
0  0.968611  0.286667  0.081944
Optimization terminated successfully    (Exit mode 0)
            Current function value: 0.08306666666666679
            Iterations: 2
            Function evaluations: 33
            Gradient evaluations: 2
       rank  accuracy     error
0  0.968789  0.283333  0.083067
Optimization terminated successfully    (Exit mode 0)
            Current function value: 0.08522222222222235
            Iterations: 2
            Function evaluations: 35
            Gradient evaluations: 2
       rank  accuracy     error
0  0.968756  0.283333  0.085222
✨ Experiment complete. Results archived at: /mnt/beegfs/hellgate/home/tp183485/timecorr_trazzp/Cluster_Data/intact_100_10_10_isfc_MDS_5_laplace.csv
