corrs 1
sub corrs 10
corrs 2
sub corrs 20
corrs 3
sub corrs 30
corrs 4
sub corrs 40
corrs 5
sub corrs 50
corrs 6
sub corrs 60
corrs 7
sub corrs 70
corrs 8
sub corrs 80
corrs 9
sub corrs 90
corrs 10
sub corrs 100
Optimization terminated successfully    (Exit mode 0)
            Current function value: 0.07098888888888898
            Iterations: 1
            Function evaluations: 2
            Gradient evaluations: 1
       rank  accuracy     error
0  0.965556      0.26  0.070989
Optimization terminated successfully    (Exit mode 0)
            Current function value: 0.070488888888889
            Iterations: 5
            Function evaluations: 27
            Gradient evaluations: 5
       rank  accuracy     error
0  0.964911      0.24  0.070489
Optimization terminated successfully    (Exit mode 0)
            Current function value: 0.07064444444444455
            Iterations: 3
            Function evaluations: 23
            Gradient evaluations: 3
     rank  accuracy     error
0  0.9652      0.24  0.070644
Optimization terminated successfully    (Exit mode 0)
            Current function value: 0.0660333333333335
            Iterations: 5
            Function evaluations: 37
            Gradient evaluations: 5
    rank  accuracy     error
0  0.964      0.23  0.066033
Optimization terminated successfully    (Exit mode 0)
            Current function value: 0.07098888888888898
            Iterations: 4
            Function evaluations: 35
            Gradient evaluations: 4
       rank  accuracy     error
0  0.965556      0.26  0.070989
Optimization terminated successfully    (Exit mode 0)
            Current function value: 0.08257777777777792
            Iterations: 4
            Function evaluations: 41
            Gradient evaluations: 4
     rank  accuracy     error
0  0.9524  0.196667  0.082578
Optimization terminated successfully    (Exit mode 0)
            Current function value: 0.08322222222222246
            Iterations: 2
            Function evaluations: 27
            Gradient evaluations: 2
       rank  accuracy     error
0  0.959244  0.196667  0.083222
Optimization terminated successfully    (Exit mode 0)
            Current function value: 0.06636666666666678
            Iterations: 5
            Function evaluations: 57
            Gradient evaluations: 5
       rank  accuracy     error
0  0.965811  0.253333  0.066367
Optimization terminated successfully    (Exit mode 0)
            Current function value: 0.06191111111111116
            Iterations: 5
            Function evaluations: 61
            Gradient evaluations: 5
       rank  accuracy     error
0  0.965011      0.25  0.061911
Optimization terminated successfully    (Exit mode 0)
            Current function value: 0.06551111111111119
            Iterations: 8
            Function evaluations: 102
            Gradient evaluations: 8
       rank  accuracy     error
0  0.966256  0.243333  0.065511
Optimization terminated successfully    (Exit mode 0)
            Current function value: 0.0712333333333335
            Iterations: 6
            Function evaluations: 85
            Gradient evaluations: 6
       rank  accuracy     error
0  0.959411  0.206667  0.071233
corrs 1
sub corrs 10
corrs 2
sub corrs 20
corrs 3
sub corrs 30
corrs 4
sub corrs 40
corrs 5
sub corrs 50
corrs 6
sub corrs 60
corrs 7
sub corrs 70
corrs 8
sub corrs 80
corrs 9
sub corrs 90
corrs 10
sub corrs 100
Optimization terminated successfully    (Exit mode 0)
            Current function value: 0.07646666666666681
            Iterations: 1
            Function evaluations: 2
            Gradient evaluations: 1
       rank  accuracy     error
0  0.964544  0.263333  0.076467
Optimization terminated successfully    (Exit mode 0)
            Current function value: 0.07646666666666681
            Iterations: 4
            Function evaluations: 23
            Gradient evaluations: 4
       rank  accuracy     error
0  0.964544  0.263333  0.076467
Optimization terminated successfully    (Exit mode 0)
            Current function value: 0.07321111111111124
            Iterations: 7
            Function evaluations: 43
            Gradient evaluations: 7
       rank  accuracy     error
0  0.964644  0.256667  0.073211
Optimization terminated successfully    (Exit mode 0)
            Current function value: 0.07105555555555568
            Iterations: 6
            Function evaluations: 42
            Gradient evaluations: 6
       rank  accuracy     error
0  0.964611  0.253333  0.071056
Optimization terminated successfully    (Exit mode 0)
            Current function value: 0.07281111111111123
            Iterations: 5
            Function evaluations: 44
            Gradient evaluations: 5
       rank  accuracy     error
0  0.964011  0.246667  0.072811
Optimization terminated successfully    (Exit mode 0)
            Current function value: 0.07412222222222234
            Iterations: 4
            Function evaluations: 39
            Gradient evaluations: 4
       rank  accuracy     error
0  0.964611      0.26  0.074122
Optimization terminated successfully    (Exit mode 0)
            Current function value: 0.07505555555555568
            Iterations: 4
            Function evaluations: 45
            Gradient evaluations: 4
       rank  accuracy     error
0  0.965178      0.26  0.075056
Optimization terminated successfully    (Exit mode 0)
            Current function value: 0.06925555555555567
            Iterations: 4
            Function evaluations: 48
            Gradient evaluations: 4
       rank  accuracy     error
0  0.964778  0.266667  0.069256
Optimization terminated successfully    (Exit mode 0)
            Current function value: 0.07318888888888904
            Iterations: 3
            Function evaluations: 41
            Gradient evaluations: 3
       rank  accuracy     error
0  0.964544      0.26  0.073189
Optimization terminated successfully    (Exit mode 0)
            Current function value: 0.07172222222222237
            Iterations: 8
            Function evaluations: 108
            Gradient evaluations: 8
       rank  accuracy     error
0  0.964244  0.263333  0.071722
Optimization terminated successfully    (Exit mode 0)
            Current function value: 0.07433333333333346
            Iterations: 5
            Function evaluations: 78
            Gradient evaluations: 5
       rank  accuracy     error
0  0.965067  0.263333  0.074333
✨ Experiment complete. Results archived at: /mnt/beegfs/hellgate/home/tp183485/timecorr_trazzp/Cluster_Data/intact_100_10_10_isfc_MiniBatchDictionaryLearning_35_mexican_hat.csv
