corrs 1
sub corrs 10
corrs 2
sub corrs 20
corrs 3
sub corrs 30
corrs 4
sub corrs 40
corrs 5
sub corrs 50
corrs 6
sub corrs 60
corrs 7
sub corrs 70
corrs 8
sub corrs 80
corrs 9
sub corrs 90
corrs 10
sub corrs 100
Optimization terminated successfully    (Exit mode 0)
            Current function value: 0.18989240916955
            Iterations: 1
            Function evaluations: 2
            Gradient evaluations: 1
       rank  accuracy     error
0  0.909399  0.147059  0.189892
Optimization terminated successfully    (Exit mode 0)
            Current function value: 0.21879054930795827
            Iterations: 3
            Function evaluations: 20
            Gradient evaluations: 3
       rank  accuracy     error
0  0.880217  0.147059  0.218791
Optimization terminated successfully    (Exit mode 0)
            Current function value: 0.13611051038062275
            Iterations: 5
            Function evaluations: 36
            Gradient evaluations: 5
       rank  accuracy     error
0  0.950841    0.1875  0.136111
Optimization terminated successfully    (Exit mode 0)
            Current function value: 0.18686472750865027
            Iterations: 3
            Function evaluations: 28
            Gradient evaluations: 3
      rank  accuracy     error
0  0.93404    0.1875  0.186865
Optimization terminated successfully    (Exit mode 0)
            Current function value: 0.13840830449826985
            Iterations: 4
            Function evaluations: 36
            Gradient evaluations: 4
       rank  accuracy     error
0  0.960235  0.198529  0.138408
Optimization terminated successfully    (Exit mode 0)
            Current function value: 0.1273113105536332
            Iterations: 5
            Function evaluations: 48
            Gradient evaluations: 5
       rank  accuracy     error
0  0.952801  0.183824  0.127311
Optimization terminated successfully    (Exit mode 0)
            Current function value: 0.13382623269896193
            Iterations: 3
            Function evaluations: 36
            Gradient evaluations: 3
       rank  accuracy     error
0  0.957707    0.1875  0.133826
Optimization terminated successfully    (Exit mode 0)
            Current function value: 0.18201232698961917
            Iterations: 2
            Function evaluations: 32
            Gradient evaluations: 2
       rank  accuracy     error
0  0.941636  0.180147  0.182012
Optimization terminated successfully    (Exit mode 0)
            Current function value: 0.14426092128027668
            Iterations: 6
            Function evaluations: 78
            Gradient evaluations: 6
       rank  accuracy     error
0  0.953206    0.1875  0.144261
Optimization terminated successfully    (Exit mode 0)
            Current function value: 0.13481293252595158
            Iterations: 3
            Function evaluations: 44
            Gradient evaluations: 3
       rank  accuracy     error
0  0.954625  0.191176  0.134813
Optimization terminated successfully    (Exit mode 0)
            Current function value: 0.1245539576124567
            Iterations: 4
            Function evaluations: 60
            Gradient evaluations: 4
       rank  accuracy     error
0  0.957734  0.202206  0.124554
corrs 1
sub corrs 10
corrs 2
sub corrs 20
corrs 3
sub corrs 30
corrs 4
sub corrs 40
corrs 5
sub corrs 50
corrs 6
sub corrs 60
corrs 7
sub corrs 70
corrs 8
sub corrs 80
corrs 9
sub corrs 90
corrs 10
sub corrs 100
Optimization terminated successfully    (Exit mode 0)
            Current function value: 0.1900275735294115
            Iterations: 1
            Function evaluations: 2
            Gradient evaluations: 1
       rank  accuracy     error
0  0.910927  0.143382  0.190028
Optimization terminated successfully    (Exit mode 0)
            Current function value: 0.17884948096885803
            Iterations: 5
            Function evaluations: 26
            Gradient evaluations: 5
       rank  accuracy     error
0  0.914901  0.161765  0.178849
Optimization terminated successfully    (Exit mode 0)
            Current function value: 0.15923713235294104
            Iterations: 6
            Function evaluations: 36
            Gradient evaluations: 6
       rank  accuracy     error
0  0.954058    0.1875  0.159237
Optimization terminated successfully    (Exit mode 0)
            Current function value: 0.14618025519031136
            Iterations: 3
            Function evaluations: 27
            Gradient evaluations: 3
       rank  accuracy    error
0  0.961411  0.205882  0.14618
Optimization terminated successfully    (Exit mode 0)
            Current function value: 0.15627703287197214
            Iterations: 2
            Function evaluations: 23
            Gradient evaluations: 2
       rank  accuracy     error
0  0.962411  0.194853  0.156277
Optimization terminated successfully    (Exit mode 0)
            Current function value: 0.13613754325259503
            Iterations: 6
            Function evaluations: 56
            Gradient evaluations: 6
       rank  accuracy     error
0  0.958978  0.191176  0.136138
Optimization terminated successfully    (Exit mode 0)
            Current function value: 0.14396355968858118
            Iterations: 4
            Function evaluations: 43
            Gradient evaluations: 4
       rank  accuracy     error
0  0.958004    0.1875  0.143964
Optimization terminated successfully    (Exit mode 0)
            Current function value: 0.13697556228373686
            Iterations: 5
            Function evaluations: 56
            Gradient evaluations: 5
       rank  accuracy     error
0  0.954733  0.180147  0.136976
Optimization terminated successfully    (Exit mode 0)
            Current function value: 0.1269328503460207
            Iterations: 5
            Function evaluations: 63
            Gradient evaluations: 5
      rank  accuracy     error
0  0.95768    0.1875  0.126933
Optimization terminated successfully    (Exit mode 0)
            Current function value: 0.1313121756055363
            Iterations: 6
            Function evaluations: 79
            Gradient evaluations: 6
       rank  accuracy     error
0  0.960343  0.198529  0.131312
Optimization terminated successfully    (Exit mode 0)
            Current function value: 0.14080071366782002
            Iterations: 2
            Function evaluations: 35
            Gradient evaluations: 2
       rank  accuracy     error
0  0.956288    0.1875  0.140801
✨ Experiment complete. Results archived at: /mnt/beegfs/hellgate/home/tp183485/timecorr_trazzp/Cluster_Data/paragraph_100_10_10_isfc_UMAP_45_mexican_hat.csv
