corrs 1
sub corrs 10
corrs 2
sub corrs 20
corrs 3
sub corrs 30
corrs 4
sub corrs 40
corrs 5
sub corrs 50
corrs 6
sub corrs 60
corrs 7
sub corrs 70
corrs 8
sub corrs 80
corrs 9
sub corrs 90
corrs 10
sub corrs 100
Optimization terminated successfully    (Exit mode 0)
            Current function value: 0.18548605103806215
            Iterations: 1
            Function evaluations: 2
            Gradient evaluations: 1
       rank  accuracy     error
0  0.912454  0.158088  0.185486
Optimization terminated successfully    (Exit mode 0)
            Current function value: 0.08805958044982704
            Iterations: 2
            Function evaluations: 17
            Gradient evaluations: 2
       rank  accuracy    error
0  0.925957  0.161765  0.08806
Optimization terminated successfully    (Exit mode 0)
            Current function value: 0.0868431012110727
            Iterations: 10
            Function evaluations: 43
            Gradient evaluations: 10
       rank  accuracy     error
0  0.927592  0.165441  0.086843
Optimization terminated successfully    (Exit mode 0)
            Current function value: 0.08957342128027686
            Iterations: 11
            Function evaluations: 66
            Gradient evaluations: 11
       rank  accuracy     error
0  0.930512  0.172794  0.089573
Optimization terminated successfully    (Exit mode 0)
            Current function value: 0.14446366782006914
            Iterations: 11
            Function evaluations: 77
            Gradient evaluations: 11
       rank  accuracy     error
0  0.720169  0.007353  0.144464
Optimization terminated successfully    (Exit mode 0)
            Current function value: 0.039373378027681705
            Iterations: 15
            Function evaluations: 121
            Gradient evaluations: 15
       rank  accuracy     error
0  0.957396  0.242647  0.039373
Optimization terminated successfully    (Exit mode 0)
            Current function value: 0.052781682525951605
            Iterations: 4
            Function evaluations: 43
            Gradient evaluations: 4
      rank  accuracy     error
0  0.92147  0.091912  0.052782
Optimization terminated successfully    (Exit mode 0)
            Current function value: 0.053795415224913545
            Iterations: 5
            Function evaluations: 59
            Gradient evaluations: 5
       rank  accuracy     error
0  0.909656  0.106618  0.053795
Optimization terminated successfully    (Exit mode 0)
            Current function value: 0.049456639273356445
            Iterations: 12
            Function evaluations: 136
            Gradient evaluations: 12
       rank  accuracy     error
0  0.938325  0.136029  0.049457
Optimization terminated successfully    (Exit mode 0)
            Current function value: 0.03626459775086509
            Iterations: 9
            Function evaluations: 113
            Gradient evaluations: 9
       rank  accuracy     error
0  0.965128  0.242647  0.036265
Optimization terminated successfully    (Exit mode 0)
            Current function value: 0.04411764705882359
            Iterations: 13
            Function evaluations: 171
            Gradient evaluations: 13
       rank  accuracy     error
0  0.943745  0.209559  0.044118
corrs 1
sub corrs 10
corrs 2
sub corrs 20
corrs 3
sub corrs 30
corrs 4
sub corrs 40
corrs 5
sub corrs 50
corrs 6
sub corrs 60
corrs 7
sub corrs 70
corrs 8
sub corrs 80
corrs 9
sub corrs 90
corrs 10
sub corrs 100
Optimization terminated successfully    (Exit mode 0)
            Current function value: 0.18022815743944612
            Iterations: 1
            Function evaluations: 2
            Gradient evaluations: 1
       rank  accuracy     error
0  0.914157  0.150735  0.180228
Optimization terminated successfully    (Exit mode 0)
            Current function value: 0.08085532006920418
            Iterations: 3
            Function evaluations: 20
            Gradient evaluations: 3
       rank  accuracy     error
0  0.943974  0.165441  0.080855
Optimization terminated successfully    (Exit mode 0)
            Current function value: 0.0795847750865052
            Iterations: 8
            Function evaluations: 43
            Gradient evaluations: 8
       rank  accuracy     error
0  0.943663  0.165441  0.079585
Optimization terminated successfully    (Exit mode 0)
            Current function value: 0.23647004757785453
            Iterations: 8
            Function evaluations: 51
            Gradient evaluations: 8
       rank  accuracy    error
0  0.568731  0.025735  0.23647
Optimization terminated successfully    (Exit mode 0)
            Current function value: 0.17080720155709336
            Iterations: 9
            Function evaluations: 65
            Gradient evaluations: 9
       rank  accuracy     error
0  0.719399  0.047794  0.170807
Optimization terminated successfully    (Exit mode 0)
            Current function value: 0.023532115051903172
            Iterations: 16
            Function evaluations: 128
            Gradient evaluations: 16
       rank  accuracy     error
0  0.975968  0.231618  0.023532
Optimization terminated successfully    (Exit mode 0)
            Current function value: 0.23760542820069186
            Iterations: 6
            Function evaluations: 63
            Gradient evaluations: 6
       rank  accuracy     error
0  0.517436  0.003676  0.237605
Optimization terminated successfully    (Exit mode 0)
            Current function value: 0.02628946799307962
            Iterations: 6
            Function evaluations: 65
            Gradient evaluations: 6
       rank  accuracy     error
0  0.971913  0.220588  0.026289
Optimization terminated successfully    (Exit mode 0)
            Current function value: 0.022572448096885862
            Iterations: 10
            Function evaluations: 115
            Gradient evaluations: 10
       rank  accuracy     error
0  0.976414  0.235294  0.022572
Optimization terminated successfully    (Exit mode 0)
            Current function value: 0.019314987024221495
            Iterations: 12
            Function evaluations: 146
            Gradient evaluations: 12
       rank  accuracy     error
0  0.975968  0.231618  0.019315
Optimization terminated successfully    (Exit mode 0)
            Current function value: 0.021707396193771673
            Iterations: 18
            Function evaluations: 233
            Gradient evaluations: 18
       rank  accuracy     error
0  0.976225  0.227941  0.021707
✨ Experiment complete. Results archived at: /mnt/beegfs/hellgate/home/tp183485/timecorr_trazzp/Cluster_Data/paragraph_100_10_10_isfc_UMAP_45_laplace.csv
