corrs 1
sub corrs 10
corrs 2
sub corrs 20
corrs 3
sub corrs 30
corrs 4
sub corrs 40
corrs 5
sub corrs 50
corrs 6
sub corrs 60
corrs 7
sub corrs 70
corrs 8
sub corrs 80
corrs 9
sub corrs 90
corrs 10
sub corrs 100
Optimization terminated successfully    (Exit mode 0)
            Current function value: 0.08314444444444453
            Iterations: 1
            Function evaluations: 2
            Gradient evaluations: 1
       rank  accuracy     error
0  0.962511  0.276667  0.083144
Optimization terminated successfully    (Exit mode 0)
            Current function value: 0.07978888888888899
            Iterations: 3
            Function evaluations: 20
            Gradient evaluations: 3
       rank  accuracy     error
0  0.965722      0.28  0.079789
Optimization terminated successfully    (Exit mode 0)
            Current function value: 0.0614000000000001
            Iterations: 6
            Function evaluations: 36
            Gradient evaluations: 6
       rank  accuracy   error
0  0.969556  0.276667  0.0614
Optimization terminated successfully    (Exit mode 0)
            Current function value: 0.06084444444444456
            Iterations: 6
            Function evaluations: 44
            Gradient evaluations: 6
     rank  accuracy     error
0  0.9699  0.273333  0.060844
Optimization terminated successfully    (Exit mode 0)
            Current function value: 0.043444444444444445
            Iterations: 9
            Function evaluations: 81
            Gradient evaluations: 9
       rank  accuracy     error
0  0.977567  0.286667  0.043444
Optimization terminated successfully    (Exit mode 0)
            Current function value: 0.021422222222222193
            Iterations: 6
            Function evaluations: 56
            Gradient evaluations: 6
     rank  accuracy     error
0  0.9798  0.303333  0.021422
Optimization terminated successfully    (Exit mode 0)
            Current function value: 0.028866666666666645
            Iterations: 6
            Function evaluations: 62
            Gradient evaluations: 6
       rank  accuracy     error
0  0.978956      0.29  0.028867
Optimization terminated successfully    (Exit mode 0)
            Current function value: 0.029788888888888875
            Iterations: 6
            Function evaluations: 69
            Gradient evaluations: 6
       rank  accuracy     error
0  0.978144       0.3  0.029789
Optimization terminated successfully    (Exit mode 0)
            Current function value: 0.013688888888888891
            Iterations: 6
            Function evaluations: 74
            Gradient evaluations: 6
       rank  accuracy     error
0  0.989389  0.316667  0.013689
Optimization terminated successfully    (Exit mode 0)
            Current function value: 0.014744444444444437
            Iterations: 5
            Function evaluations: 69
            Gradient evaluations: 5
       rank  accuracy     error
0  0.988789  0.303333  0.014744
Optimization terminated successfully    (Exit mode 0)
            Current function value: 0.0146111111111111
            Iterations: 5
            Function evaluations: 76
            Gradient evaluations: 5
     rank  accuracy     error
0  0.9878       0.3  0.014611
corrs 1
sub corrs 10
corrs 2
sub corrs 20
corrs 3
sub corrs 30
corrs 4
sub corrs 40
corrs 5
sub corrs 50
corrs 6
sub corrs 60
corrs 7
sub corrs 70
corrs 8
sub corrs 80
corrs 9
sub corrs 90
corrs 10
sub corrs 100
Optimization terminated successfully    (Exit mode 0)
            Current function value: 0.1138444444444445
            Iterations: 1
            Function evaluations: 2
            Gradient evaluations: 1
       rank  accuracy     error
0  0.964333      0.29  0.113844
Optimization terminated successfully    (Exit mode 0)
            Current function value: 0.09808888888888906
            Iterations: 5
            Function evaluations: 26
            Gradient evaluations: 5
       rank  accuracy     error
0  0.969789      0.29  0.098089
Optimization terminated successfully    (Exit mode 0)
            Current function value: 0.05616666666666673
            Iterations: 5
            Function evaluations: 36
            Gradient evaluations: 5
       rank  accuracy     error
0  0.973411  0.293333  0.056167
Optimization terminated successfully    (Exit mode 0)
            Current function value: 0.06202222222222231
            Iterations: 8
            Function evaluations: 53
            Gradient evaluations: 8
       rank  accuracy     error
0  0.972256  0.296667  0.062022
Optimization terminated successfully    (Exit mode 0)
            Current function value: 0.03533333333333329
            Iterations: 6
            Function evaluations: 48
            Gradient evaluations: 6
       rank  accuracy     error
0  0.977756  0.313333  0.035333
Optimization terminated successfully    (Exit mode 0)
            Current function value: 0.03139999999999996
            Iterations: 7
            Function evaluations: 64
            Gradient evaluations: 7
       rank  accuracy   error
0  0.984133      0.32  0.0314
Optimization terminated successfully    (Exit mode 0)
            Current function value: 0.028433333333333283
            Iterations: 7
            Function evaluations: 72
            Gradient evaluations: 7
       rank  accuracy     error
0  0.980433  0.313333  0.028433
Optimization terminated successfully    (Exit mode 0)
            Current function value: 0.027688888888888846
            Iterations: 7
            Function evaluations: 77
            Gradient evaluations: 7
       rank  accuracy     error
0  0.978233  0.316667  0.027689
Optimization terminated successfully    (Exit mode 0)
            Current function value: 0.01032222222222224
            Iterations: 8
            Function evaluations: 94
            Gradient evaluations: 8
       rank  accuracy     error
0  0.986944  0.336667  0.010322
Optimization terminated successfully    (Exit mode 0)
            Current function value: 0.009311111111111124
            Iterations: 6
            Function evaluations: 80
            Gradient evaluations: 6
       rank  accuracy     error
0  0.987411      0.33  0.009311
Optimization terminated successfully    (Exit mode 0)
            Current function value: 0.009377777777777787
            Iterations: 6
            Function evaluations: 84
            Gradient evaluations: 6
       rank  accuracy     error
0  0.987378  0.343333  0.009378
✨ Experiment complete. Results archived at: /mnt/beegfs/hellgate/home/tp183485/timecorr_trazzp/Cluster_Data/intact_100_10_10_isfc_IncrementalPCA_35_mexican_hat.csv
