corrs 1
sub corrs 10
corrs 2
sub corrs 20
corrs 3
sub corrs 30
corrs 4
sub corrs 40
corrs 5
sub corrs 50
corrs 6
sub corrs 60
corrs 7
sub corrs 70
corrs 8
sub corrs 80
corrs 9
sub corrs 90
corrs 10
sub corrs 100
Optimization terminated successfully    (Exit mode 0)
            Current function value: 0.08630000000000014
            Iterations: 1
            Function evaluations: 2
            Gradient evaluations: 1
     rank  accuracy   error
0  0.9613  0.263333  0.0863
Optimization terminated successfully    (Exit mode 0)
            Current function value: 0.08174444444444456
            Iterations: 4
            Function evaluations: 23
            Gradient evaluations: 4
       rank  accuracy     error
0  0.961611  0.266667  0.081744
Optimization terminated successfully    (Exit mode 0)
            Current function value: 0.08174444444444456
            Iterations: 4
            Function evaluations: 27
            Gradient evaluations: 4
     rank  accuracy     error
0  0.9616  0.266667  0.081744
Optimization terminated successfully    (Exit mode 0)
            Current function value: 0.08174444444444456
            Iterations: 10
            Function evaluations: 61
            Gradient evaluations: 10
     rank  accuracy     error
0  0.9615  0.266667  0.081744
Optimization terminated successfully    (Exit mode 0)
            Current function value: 0.08393333333333346
            Iterations: 9
            Function evaluations: 65
            Gradient evaluations: 9
       rank  accuracy     error
0  0.961422  0.263333  0.083933
Optimization terminated successfully    (Exit mode 0)
            Current function value: 0.4786222222222222
            Iterations: 1
            Function evaluations: 7
            Gradient evaluations: 1
       rank  accuracy     error
0  0.999733  0.006667  0.478622
Optimization terminated successfully    (Exit mode 0)
            Current function value: 0.48188888888888887
            Iterations: 1
            Function evaluations: 8
            Gradient evaluations: 1
       rank  accuracy     error
0  0.999889  0.003333  0.481889
Optimization terminated successfully    (Exit mode 0)
            Current function value: 0.48844444444444446
            Iterations: 1
            Function evaluations: 9
            Gradient evaluations: 1
       rank  accuracy     error
0  0.999956  0.003333  0.488444
Optimization terminated successfully    (Exit mode 0)
            Current function value: 0.4950222222222223
            Iterations: 1
            Function evaluations: 10
            Gradient evaluations: 1
       rank  accuracy     error
0  0.999989  0.003333  0.495022
Optimization terminated successfully    (Exit mode 0)
            Current function value: 0.4950222222222223
            Iterations: 1
            Function evaluations: 11
            Gradient evaluations: 1
       rank  accuracy     error
0  0.999989  0.003333  0.495022
Optimization terminated successfully    (Exit mode 0)
            Current function value: 0.4950222222222223
            Iterations: 1
            Function evaluations: 12
            Gradient evaluations: 1
       rank  accuracy     error
0  0.999989  0.003333  0.495022
corrs 1
sub corrs 10
corrs 2
sub corrs 20
corrs 3
sub corrs 30
corrs 4
sub corrs 40
corrs 5
sub corrs 50
corrs 6
sub corrs 60
corrs 7
sub corrs 70
corrs 8
sub corrs 80
corrs 9
sub corrs 90
corrs 10
sub corrs 100
Optimization terminated successfully    (Exit mode 0)
            Current function value: 0.11805555555555555
            Iterations: 1
            Function evaluations: 2
            Gradient evaluations: 1
       rank  accuracy     error
0  0.960278  0.296667  0.118056
Optimization terminated successfully    (Exit mode 0)
            Current function value: 0.11700000000000003
            Iterations: 4
            Function evaluations: 23
            Gradient evaluations: 4
       rank  accuracy  error
0  0.960389  0.296667  0.117
Optimization terminated successfully    (Exit mode 0)
            Current function value: 0.11805555555555555
            Iterations: 5
            Function evaluations: 31
            Gradient evaluations: 5
       rank  accuracy     error
0  0.960278  0.296667  0.118056
Optimization terminated successfully    (Exit mode 0)
            Current function value: 0.1164888888888889
            Iterations: 9
            Function evaluations: 56
            Gradient evaluations: 9
       rank  accuracy     error
0  0.960411  0.296667  0.116489
Optimization terminated successfully    (Exit mode 0)
            Current function value: 0.27692222222222224
            Iterations: 4
            Function evaluations: 36
            Gradient evaluations: 4
       rank  accuracy     error
0  0.934744  0.003333  0.276922
Optimization terminated successfully    (Exit mode 0)
            Current function value: 0.48186666666666667
            Iterations: 1
            Function evaluations: 7
            Gradient evaluations: 1
       rank  accuracy     error
0  0.999967      0.01  0.481867
Optimization terminated successfully    (Exit mode 0)
            Current function value: 0.4851333333333333
            Iterations: 1
            Function evaluations: 8
            Gradient evaluations: 1
       rank  accuracy     error
0  0.999978      0.01  0.485133
Optimization terminated successfully    (Exit mode 0)
            Current function value: 0.48516666666666663
            Iterations: 1
            Function evaluations: 9
            Gradient evaluations: 1
       rank  accuracy     error
0  0.999922  0.003333  0.485167
Optimization terminated successfully    (Exit mode 0)
            Current function value: 0.49171111111111115
            Iterations: 1
            Function evaluations: 10
            Gradient evaluations: 1
       rank  accuracy     error
0  0.999989  0.006667  0.491711
Optimization terminated successfully    (Exit mode 0)
            Current function value: 0.49171111111111115
            Iterations: 1
            Function evaluations: 11
            Gradient evaluations: 1
       rank  accuracy     error
0  0.999989  0.006667  0.491711
Optimization terminated successfully    (Exit mode 0)
            Current function value: 0.49171111111111115
            Iterations: 1
            Function evaluations: 12
            Gradient evaluations: 1
       rank  accuracy     error
0  0.999989  0.006667  0.491711
✨ Experiment complete. Results archived at: /mnt/beegfs/hellgate/home/tp183485/timecorr_trazzp/Cluster_Data/intact_100_10_10_isfc_DictionaryLearning_15_gaussian.csv
