/mnt/beegfs/hellgate/home/tp183485/timecorr_trazzp/timecorr/helpers.py:144: RuntimeWarning: divide by zero encountered in divide
  corrs[:, :, t] = np.divide(alpha, beta)
/mnt/beegfs/hellgate/home/tp183485/timecorr_trazzp/timecorr/braintools/brain_reduce.py:84: UserWarning: Rows <= ndims: returning zeros.
  warnings.warn('Rows <= ndims: returning zeros.')
/mnt/beegfs/hellgate/home/tp183485/timecorr_trazzp/timecorr/helpers.py:144: RuntimeWarning: invalid value encountered in divide
  corrs[:, :, t] = np.divide(alpha, beta)
/mnt/beegfs/hellgate/home/tp183485/timecorr_trazzp/timecorr/helpers.py:144: RuntimeWarning: divide by zero encountered in divide
  corrs[:, :, t] = np.divide(alpha, beta)
/mnt/beegfs/hellgate/home/tp183485/timecorr_trazzp/timecorr/helpers.py:144: RuntimeWarning: invalid value encountered in divide
  corrs[:, :, t] = np.divide(alpha, beta)
/mnt/beegfs/hellgate/home/tp183485/timecorr_trazzp/timecorr/helpers.py:144: RuntimeWarning: divide by zero encountered in divide
  corrs[:, :, t] = np.divide(alpha, beta)
/mnt/beegfs/hellgate/home/tp183485/timecorr_trazzp/timecorr/braintools/brain_reduce.py:84: UserWarning: Rows <= ndims: returning zeros.
  warnings.warn('Rows <= ndims: returning zeros.')
/mnt/beegfs/hellgate/home/tp183485/timecorr_trazzp/timecorr/helpers.py:144: RuntimeWarning: invalid value encountered in divide
  corrs[:, :, t] = np.divide(alpha, beta)
/mnt/beegfs/hellgate/home/tp183485/timecorr_trazzp/timecorr/helpers.py:144: RuntimeWarning: divide by zero encountered in divide
  corrs[:, :, t] = np.divide(alpha, beta)
/mnt/beegfs/hellgate/home/tp183485/timecorr_trazzp/timecorr/helpers.py:144: RuntimeWarning: invalid value encountered in divide
  corrs[:, :, t] = np.divide(alpha, beta)
/mnt/beegfs/hellgate/home/tp183485/timecorr_trazzp/timecorr/braintools/brain_reduce.py:84: UserWarning: Rows <= ndims: returning zeros.
  warnings.warn('Rows <= ndims: returning zeros.')
/mnt/beegfs/hellgate/home/tp183485/timecorr_trazzp/timecorr/braintools/brain_reduce.py:84: UserWarning: Rows <= ndims: returning zeros.
  warnings.warn('Rows <= ndims: returning zeros.')
/mnt/beegfs/hellgate/home/tp183485/timecorr_trazzp/timecorr/helpers.py:144: RuntimeWarning: invalid value encountered in divide
  corrs[:, :, t] = np.divide(alpha, beta)
/mnt/beegfs/hellgate/home/tp183485/timecorr_trazzp/timecorr/braintools/brain_reduce.py:84: UserWarning: Rows <= ndims: returning zeros.
  warnings.warn('Rows <= ndims: returning zeros.')
/mnt/beegfs/hellgate/home/tp183485/timecorr_trazzp/timecorr/helpers.py:144: RuntimeWarning: invalid value encountered in divide
  corrs[:, :, t] = np.divide(alpha, beta)
/mnt/beegfs/hellgate/home/tp183485/timecorr_trazzp/timecorr/helpers.py:144: RuntimeWarning: invalid value encountered in divide
  corrs[:, :, t] = np.divide(alpha, beta)
/mnt/beegfs/hellgate/home/tp183485/timecorr_trazzp/timecorr/braintools/brain_reduce.py:84: UserWarning: Rows <= ndims: returning zeros.
  warnings.warn('Rows <= ndims: returning zeros.')
/mnt/beegfs/hellgate/home/tp183485/timecorr_trazzp/timecorr/helpers.py:144: RuntimeWarning: invalid value encountered in divide
  corrs[:, :, t] = np.divide(alpha, beta)
slurmstepd-hgcpu6-13: error: *** JOB 1082794 ON hgcpu6-13 CANCELLED AT 2025-05-27T17:04:31 DUE TO TIME LIMIT ***
