corrs 1
sub corrs 10
corrs 2
sub corrs 20
corrs 3
sub corrs 30
corrs 4
sub corrs 40
corrs 5
sub corrs 50
corrs 6
sub corrs 60
corrs 7
sub corrs 70
corrs 8
sub corrs 80
corrs 9
sub corrs 90
corrs 10
sub corrs 100
Optimization terminated successfully    (Exit mode 0)
            Current function value: 0.09464444444444457
            Iterations: 1
            Function evaluations: 2
            Gradient evaluations: 1
       rank  accuracy     error
0  0.961622  0.273333  0.094644
Optimization terminated successfully    (Exit mode 0)
            Current function value: 0.09464444444444457
            Iterations: 3
            Function evaluations: 9
            Gradient evaluations: 3
       rank  accuracy     error
0  0.961622  0.273333  0.094644
Optimization terminated successfully    (Exit mode 0)
            Current function value: 0.09464444444444457
            Iterations: 4
            Function evaluations: 16
            Gradient evaluations: 4
       rank  accuracy     error
0  0.961622  0.273333  0.094644
Optimization terminated successfully    (Exit mode 0)
            Current function value: 0.09464444444444457
            Iterations: 6
            Function evaluations: 30
            Gradient evaluations: 6
       rank  accuracy     error
0  0.961622  0.273333  0.094644
Optimization terminated successfully    (Exit mode 0)
            Current function value: 0.2844555555555555
            Iterations: 5
            Function evaluations: 47
            Gradient evaluations: 5
       rank  accuracy     error
0  0.937189  0.013333  0.284456
Optimization terminated successfully    (Exit mode 0)
            Current function value: 0.5014777777777778
            Iterations: 2
            Function evaluations: 25
            Gradient evaluations: 2
       rank  accuracy     error
0  0.999822  0.003333  0.501478
Optimization terminated successfully    (Exit mode 0)
            Current function value: 0.4983333333333334
            Iterations: 1
            Function evaluations: 8
            Gradient evaluations: 1
   rank  accuracy     error
0   1.0  0.003333  0.498333
Optimization terminated successfully    (Exit mode 0)
            Current function value: 0.4983333333333334
            Iterations: 1
            Function evaluations: 9
            Gradient evaluations: 1
   rank  accuracy     error
0   1.0  0.003333  0.498333
Optimization terminated successfully    (Exit mode 0)
            Current function value: 0.4983333333333334
            Iterations: 1
            Function evaluations: 10
            Gradient evaluations: 1
   rank  accuracy     error
0   1.0  0.003333  0.498333
Optimization terminated successfully    (Exit mode 0)
            Current function value: 0.4983333333333334
            Iterations: 1
            Function evaluations: 11
            Gradient evaluations: 1
   rank  accuracy     error
0   1.0  0.003333  0.498333
Optimization terminated successfully    (Exit mode 0)
            Current function value: 0.4983333333333334
            Iterations: 1
            Function evaluations: 12
            Gradient evaluations: 1
   rank  accuracy     error
0   1.0  0.003333  0.498333
corrs 1
sub corrs 10
corrs 2
sub corrs 20
corrs 3
sub corrs 30
corrs 4
sub corrs 40
corrs 5
sub corrs 50
corrs 6
sub corrs 60
corrs 7
sub corrs 70
corrs 8
sub corrs 80
corrs 9
sub corrs 90
corrs 10
sub corrs 100
Optimization terminated successfully    (Exit mode 0)
            Current function value: 0.0994111111111113
            Iterations: 1
            Function evaluations: 2
            Gradient evaluations: 1
       rank  accuracy     error
0  0.960311  0.276667  0.099411
Optimization terminated successfully    (Exit mode 0)
            Current function value: 0.0994111111111113
            Iterations: 3
            Function evaluations: 9
            Gradient evaluations: 3
       rank  accuracy     error
0  0.960311  0.276667  0.099411
Optimization terminated successfully    (Exit mode 0)
            Current function value: 0.09958888888888907
            Iterations: 4
            Function evaluations: 27
            Gradient evaluations: 4
       rank  accuracy     error
0  0.960233  0.276667  0.099589
Optimization terminated successfully    (Exit mode 0)
            Current function value: 0.2761333333333333
            Iterations: 3
            Function evaluations: 26
            Gradient evaluations: 3
       rank  accuracy     error
0  0.937411  0.016667  0.276133
Optimization terminated successfully    (Exit mode 0)
            Current function value: 0.28274444444444446
            Iterations: 4
            Function evaluations: 37
            Gradient evaluations: 4
       rank  accuracy     error
0  0.934822  0.013333  0.282744
Optimization terminated successfully    (Exit mode 0)
            Current function value: 0.4950111111111112
            Iterations: 1
            Function evaluations: 7
            Gradient evaluations: 1
   rank  accuracy     error
0   1.0  0.006667  0.495011
Optimization terminated successfully    (Exit mode 0)
            Current function value: 0.4983333333333334
            Iterations: 1
            Function evaluations: 8
            Gradient evaluations: 1
   rank  accuracy     error
0   1.0  0.003333  0.498333
Optimization terminated successfully    (Exit mode 0)
            Current function value: 0.4983333333333334
            Iterations: 1
            Function evaluations: 9
            Gradient evaluations: 1
   rank  accuracy     error
0   1.0  0.003333  0.498333
Optimization terminated successfully    (Exit mode 0)
            Current function value: 0.4983333333333334
            Iterations: 1
            Function evaluations: 10
            Gradient evaluations: 1
   rank  accuracy     error
0   1.0  0.003333  0.498333
Optimization terminated successfully    (Exit mode 0)
            Current function value: 0.4983333333333334
            Iterations: 1
            Function evaluations: 11
            Gradient evaluations: 1
   rank  accuracy     error
0   1.0  0.003333  0.498333
Optimization terminated successfully    (Exit mode 0)
            Current function value: 0.4983333333333334
            Iterations: 1
            Function evaluations: 12
            Gradient evaluations: 1
   rank  accuracy     error
0   1.0  0.003333  0.498333
✨ Experiment complete. Results archived at: /mnt/beegfs/hellgate/home/tp183485/timecorr_trazzp/Cluster_Data/intact_100_10_10_isfc_DictionaryLearning_15_laplace.csv
