corrs 1
sub corrs 10
corrs 2
sub corrs 20
corrs 3
sub corrs 30
corrs 4
sub corrs 40
corrs 5
sub corrs 50
corrs 6
sub corrs 60
corrs 7
sub corrs 70
corrs 8
sub corrs 80
corrs 9
sub corrs 90
corrs 10
sub corrs 100
Optimization terminated successfully    (Exit mode 0)
            Current function value: 0.1920009731833908
            Iterations: 1
            Function evaluations: 2
            Gradient evaluations: 1
       rank  accuracy     error
0  0.908534    0.1875  0.192001
Optimization terminated successfully    (Exit mode 0)
            Current function value: 0.24764814013840836
            Iterations: 1
            Function evaluations: 14
            Gradient evaluations: 1
       rank  accuracy     error
0  0.839614  0.084559  0.247648
Optimization terminated successfully    (Exit mode 0)
            Current function value: 0.08800551470588236
            Iterations: 4
            Function evaluations: 28
            Gradient evaluations: 4
       rank  accuracy     error
0  0.940514  0.183824  0.088006
Optimization terminated successfully    (Exit mode 0)
            Current function value: 0.045509839965397945
            Iterations: 5
            Function evaluations: 39
            Gradient evaluations: 5
       rank  accuracy    error
0  0.949597  0.246324  0.04551
Optimization terminated successfully    (Exit mode 0)
            Current function value: 0.041184580449827
            Iterations: 4
            Function evaluations: 38
            Gradient evaluations: 4
      rank  accuracy     error
0  0.94934  0.238971  0.041185
Optimization terminated successfully    (Exit mode 0)
            Current function value: 0.0286413278546713
            Iterations: 4
            Function evaluations: 44
            Gradient evaluations: 4
       rank  accuracy     error
0  0.958748  0.272059  0.028641
Optimization terminated successfully    (Exit mode 0)
            Current function value: 0.02608672145328721
            Iterations: 1
            Function evaluations: 19
            Gradient evaluations: 1
       rank  accuracy     error
0  0.953774  0.253676  0.026087
Optimization terminated successfully    (Exit mode 0)
            Current function value: 0.027411332179930803
            Iterations: 2
            Function evaluations: 30
            Gradient evaluations: 2
       rank  accuracy     error
0  0.954666  0.253676  0.027411
Optimization terminated successfully    (Exit mode 0)
            Current function value: 0.02665441176470591
            Iterations: 5
            Function evaluations: 67
            Gradient evaluations: 5
       rank  accuracy     error
0  0.957477  0.268382  0.026654
Optimization terminated successfully    (Exit mode 0)
            Current function value: 0.021842560553633233
            Iterations: 9
            Function evaluations: 120
            Gradient evaluations: 9
       rank  accuracy     error
0  0.967912  0.272059  0.021843
Optimization terminated successfully    (Exit mode 0)
            Current function value: 0.02870891003460211
            Iterations: 4
            Function evaluations: 63
            Gradient evaluations: 4
       rank  accuracy     error
0  0.966506  0.231618  0.028709
corrs 1
sub corrs 10
corrs 2
sub corrs 20
corrs 3
sub corrs 30
corrs 4
sub corrs 40
corrs 5
sub corrs 50
corrs 6
sub corrs 60
corrs 7
sub corrs 70
corrs 8
sub corrs 80
corrs 9
sub corrs 90
corrs 10
sub corrs 100
Optimization terminated successfully    (Exit mode 0)
            Current function value: 0.16108888408304478
            Iterations: 1
            Function evaluations: 2
            Gradient evaluations: 1
       rank  accuracy     error
0  0.908913  0.150735  0.161089
Optimization terminated successfully    (Exit mode 0)
            Current function value: 0.14951881487889276
            Iterations: 4
            Function evaluations: 23
            Gradient evaluations: 4
       rank  accuracy     error
0  0.905425  0.150735  0.149519
Optimization terminated successfully    (Exit mode 0)
            Current function value: 0.06337856833910047
            Iterations: 5
            Function evaluations: 31
            Gradient evaluations: 5
       rank  accuracy     error
0  0.953368  0.183824  0.063379
Optimization terminated successfully    (Exit mode 0)
            Current function value: 0.04740214100346024
            Iterations: 4
            Function evaluations: 33
            Gradient evaluations: 4
       rank  accuracy     error
0  0.951449  0.191176  0.047402
Optimization terminated successfully    (Exit mode 0)
            Current function value: 0.03203395328719728
            Iterations: 4
            Function evaluations: 40
            Gradient evaluations: 4
      rank  accuracy     error
0  0.96233  0.198529  0.032034
Optimization terminated successfully    (Exit mode 0)
            Current function value: 0.02442419982698966
            Iterations: 13
            Function evaluations: 112
            Gradient evaluations: 13
       rank  accuracy     error
0  0.969345  0.209559  0.024424
Optimization terminated successfully    (Exit mode 0)
            Current function value: 0.03373702422145333
            Iterations: 6
            Function evaluations: 66
            Gradient evaluations: 6
      rank  accuracy     error
0  0.96283  0.191176  0.033737
Optimization terminated successfully    (Exit mode 0)
            Current function value: 0.02985780709342565
            Iterations: 6
            Function evaluations: 68
            Gradient evaluations: 6
       rank  accuracy     error
0  0.966344  0.198529  0.029858
Optimization terminated successfully    (Exit mode 0)
            Current function value: 0.0306687932525952
            Iterations: 5
            Function evaluations: 64
            Gradient evaluations: 5
       rank  accuracy     error
0  0.968574  0.209559  0.030669
Optimization terminated successfully    (Exit mode 0)
            Current function value: 0.026316500865051946
            Iterations: 8
            Function evaluations: 105
            Gradient evaluations: 8
       rank  accuracy     error
0  0.968399  0.213235  0.026317
Optimization terminated successfully    (Exit mode 0)
            Current function value: 0.018328287197231875
            Iterations: 8
            Function evaluations: 111
            Gradient evaluations: 8
      rank  accuracy     error
0  0.97663  0.220588  0.018328
✨ Experiment complete. Results archived at: /mnt/beegfs/hellgate/home/tp183485/timecorr_trazzp/Cluster_Data/paragraph_100_10_10_isfc_TruncatedSVD_30_laplace.csv
