corrs 1
sub corrs 10
corrs 2
sub corrs 20
corrs 3
sub corrs 30
corrs 4
sub corrs 40
corrs 5
sub corrs 50
corrs 6
sub corrs 60
corrs 7
sub corrs 70
corrs 8
sub corrs 80
corrs 9
sub corrs 90
corrs 10
sub corrs 100
Optimization terminated successfully    (Exit mode 0)
            Current function value: 0.1760110294117645
            Iterations: 1
            Function evaluations: 2
            Gradient evaluations: 1
       rank  accuracy     error
0  0.905817  0.161765  0.176011
Optimization terminated successfully    (Exit mode 0)
            Current function value: 0.1792279411764704
            Iterations: 2
            Function evaluations: 17
            Gradient evaluations: 2
       rank  accuracy     error
0  0.904925  0.165441  0.179228
Optimization terminated successfully    (Exit mode 0)
            Current function value: 0.49816176470588236
            Iterations: 1
            Function evaluations: 4
            Gradient evaluations: 1
   rank  accuracy     error
0   1.0  0.003676  0.498162
Optimization terminated successfully    (Exit mode 0)
            Current function value: 0.49816176470588236
            Iterations: 1
            Function evaluations: 5
            Gradient evaluations: 1
   rank  accuracy     error
0   1.0  0.003676  0.498162
Optimization terminated successfully    (Exit mode 0)
            Current function value: 0.49816176470588236
            Iterations: 1
            Function evaluations: 6
            Gradient evaluations: 1
   rank  accuracy     error
0   1.0  0.003676  0.498162
Optimization terminated successfully    (Exit mode 0)
            Current function value: 0.49816176470588236
            Iterations: 1
            Function evaluations: 7
            Gradient evaluations: 1
   rank  accuracy     error
0   1.0  0.003676  0.498162
Optimization terminated successfully    (Exit mode 0)
            Current function value: 0.49816176470588236
            Iterations: 1
            Function evaluations: 8
            Gradient evaluations: 1
   rank  accuracy     error
0   1.0  0.003676  0.498162
Optimization terminated successfully    (Exit mode 0)
            Current function value: 0.49816176470588236
            Iterations: 1
            Function evaluations: 9
            Gradient evaluations: 1
   rank  accuracy     error
0   1.0  0.003676  0.498162
Optimization terminated successfully    (Exit mode 0)
            Current function value: 0.49816176470588236
            Iterations: 1
            Function evaluations: 10
            Gradient evaluations: 1
   rank  accuracy     error
0   1.0  0.003676  0.498162
Optimization terminated successfully    (Exit mode 0)
            Current function value: 0.49816176470588236
            Iterations: 1
            Function evaluations: 11
            Gradient evaluations: 1
   rank  accuracy     error
0   1.0  0.003676  0.498162
Optimization terminated successfully    (Exit mode 0)
            Current function value: 0.49816176470588236
            Iterations: 1
            Function evaluations: 12
            Gradient evaluations: 1
   rank  accuracy     error
0   1.0  0.003676  0.498162
corrs 1
sub corrs 10
corrs 2
sub corrs 20
corrs 3
sub corrs 30
corrs 4
sub corrs 40
corrs 5
sub corrs 50
corrs 6
sub corrs 60
corrs 7
sub corrs 70
corrs 8
sub corrs 80
corrs 9
sub corrs 90
corrs 10
sub corrs 100
Optimization terminated successfully    (Exit mode 0)
            Current function value: 0.17336180795847733
            Iterations: 1
            Function evaluations: 2
            Gradient evaluations: 1
       rank  accuracy     error
0  0.907345  0.161765  0.173362
Optimization terminated successfully    (Exit mode 0)
            Current function value: 0.16262975778546693
            Iterations: 6
            Function evaluations: 36
            Gradient evaluations: 6
       rank  accuracy    error
0  0.905277  0.150735  0.16263
Optimization terminated successfully    (Exit mode 0)
            Current function value: 0.49816176470588236
            Iterations: 1
            Function evaluations: 4
            Gradient evaluations: 1
   rank  accuracy     error
0   1.0  0.003676  0.498162
Optimization terminated successfully    (Exit mode 0)
            Current function value: 0.49816176470588236
            Iterations: 1
            Function evaluations: 5
            Gradient evaluations: 1
   rank  accuracy     error
0   1.0  0.003676  0.498162
Optimization terminated successfully    (Exit mode 0)
            Current function value: 0.49816176470588236
            Iterations: 1
            Function evaluations: 6
            Gradient evaluations: 1
   rank  accuracy     error
0   1.0  0.003676  0.498162
Optimization terminated successfully    (Exit mode 0)
            Current function value: 0.49816176470588236
            Iterations: 1
            Function evaluations: 7
            Gradient evaluations: 1
   rank  accuracy     error
0   1.0  0.003676  0.498162
Optimization terminated successfully    (Exit mode 0)
            Current function value: 0.49816176470588236
            Iterations: 1
            Function evaluations: 8
            Gradient evaluations: 1
   rank  accuracy     error
0   1.0  0.003676  0.498162
Optimization terminated successfully    (Exit mode 0)
            Current function value: 0.49816176470588236
            Iterations: 1
            Function evaluations: 9
            Gradient evaluations: 1
   rank  accuracy     error
0   1.0  0.003676  0.498162
Optimization terminated successfully    (Exit mode 0)
            Current function value: 0.49816176470588236
            Iterations: 1
            Function evaluations: 10
            Gradient evaluations: 1
   rank  accuracy     error
0   1.0  0.003676  0.498162
Optimization terminated successfully    (Exit mode 0)
            Current function value: 0.49816176470588236
            Iterations: 1
            Function evaluations: 11
            Gradient evaluations: 1
   rank  accuracy     error
0   1.0  0.003676  0.498162
Optimization terminated successfully    (Exit mode 0)
            Current function value: 0.49816176470588236
            Iterations: 1
            Function evaluations: 12
            Gradient evaluations: 1
   rank  accuracy     error
0   1.0  0.003676  0.498162
✨ Experiment complete. Results archived at: /mnt/beegfs/hellgate/home/tp183485/timecorr_trazzp/Cluster_Data/paragraph_100_10_10_isfc_MiniBatchSparsePCA_10_gaussian.csv
