corrs 1
sub corrs 10
corrs 2
sub corrs 20
corrs 3
sub corrs 30
corrs 4
sub corrs 40
corrs 5
sub corrs 50
corrs 6
sub corrs 60
corrs 7
sub corrs 70
corrs 8
sub corrs 80
corrs 9
sub corrs 90
corrs 10
sub corrs 100
Optimization terminated successfully    (Exit mode 0)
            Current function value: 0.08886666666666676
            Iterations: 1
            Function evaluations: 2
            Gradient evaluations: 1
       rank  accuracy     error
0  0.963378       0.3  0.088867
Optimization terminated successfully    (Exit mode 0)
            Current function value: 0.08886666666666676
            Iterations: 3
            Function evaluations: 9
            Gradient evaluations: 3
       rank  accuracy     error
0  0.963378       0.3  0.088867
Optimization terminated successfully    (Exit mode 0)
            Current function value: 0.07745555555555558
            Iterations: 5
            Function evaluations: 31
            Gradient evaluations: 5
       rank  accuracy     error
0  0.966322  0.296667  0.077456
Optimization terminated successfully    (Exit mode 0)
            Current function value: 0.08024444444444448
            Iterations: 2
            Function evaluations: 21
            Gradient evaluations: 2
       rank  accuracy     error
0  0.966833       0.3  0.080244
Optimization terminated successfully    (Exit mode 0)
            Current function value: 0.06828888888888893
            Iterations: 7
            Function evaluations: 54
            Gradient evaluations: 7
       rank  accuracy     error
0  0.967744  0.293333  0.068289
Optimization terminated successfully    (Exit mode 0)
            Current function value: 0.07973333333333338
            Iterations: 3
            Function evaluations: 32
            Gradient evaluations: 3
     rank  accuracy     error
0  0.9654  0.306667  0.079733
Optimization terminated successfully    (Exit mode 0)
            Current function value: 0.042666666666666665
            Iterations: 5
            Function evaluations: 51
            Gradient evaluations: 5
       rank  accuracy     error
0  0.971878  0.313333  0.042667
Optimization terminated successfully    (Exit mode 0)
            Current function value: 0.03744444444444444
            Iterations: 12
            Function evaluations: 127
            Gradient evaluations: 12
       rank  accuracy     error
0  0.971044  0.316667  0.037444
Optimization terminated successfully    (Exit mode 0)
            Current function value: 0.04094444444444444
            Iterations: 8
            Function evaluations: 93
            Gradient evaluations: 8
       rank  accuracy     error
0  0.971356      0.31  0.040944
Optimization terminated successfully    (Exit mode 0)
            Current function value: 0.04136666666666666
            Iterations: 10
            Function evaluations: 123
            Gradient evaluations: 10
       rank  accuracy     error
0  0.972289  0.306667  0.041367
Optimization terminated successfully    (Exit mode 0)
            Current function value: 0.04474444444444446
            Iterations: 4
            Function evaluations: 60
            Gradient evaluations: 4
       rank  accuracy     error
0  0.972256      0.31  0.044744
corrs 1
sub corrs 10
corrs 2
sub corrs 20
corrs 3
sub corrs 30
corrs 4
sub corrs 40
corrs 5
sub corrs 50
corrs 6
sub corrs 60
corrs 7
sub corrs 70
corrs 8
sub corrs 80
corrs 9
sub corrs 90
corrs 10
sub corrs 100
Optimization terminated successfully    (Exit mode 0)
            Current function value: 0.09078888888888902
            Iterations: 1
            Function evaluations: 2
            Gradient evaluations: 1
     rank  accuracy     error
0  0.9667  0.273333  0.090789
Optimization terminated successfully    (Exit mode 0)
            Current function value: 0.0939666666666668
            Iterations: 3
            Function evaluations: 21
            Gradient evaluations: 3
       rank  accuracy     error
0  0.962911  0.263333  0.093967
Optimization terminated successfully    (Exit mode 0)
            Current function value: 0.08200000000000013
            Iterations: 6
            Function evaluations: 37
            Gradient evaluations: 6
       rank  accuracy  error
0  0.965733      0.28  0.082
Optimization terminated successfully    (Exit mode 0)
            Current function value: 0.08551111111111123
            Iterations: 3
            Function evaluations: 27
            Gradient evaluations: 3
       rank  accuracy     error
0  0.970433  0.276667  0.085511
Optimization terminated successfully    (Exit mode 0)
            Current function value: 0.07126666666666677
            Iterations: 4
            Function evaluations: 35
            Gradient evaluations: 4
       rank  accuracy     error
0  0.969933      0.28  0.071267
Optimization terminated successfully    (Exit mode 0)
            Current function value: 0.06751111111111122
            Iterations: 3
            Function evaluations: 33
            Gradient evaluations: 3
       rank  accuracy     error
0  0.969511      0.29  0.067511
Optimization terminated successfully    (Exit mode 0)
            Current function value: 0.06395555555555568
            Iterations: 2
            Function evaluations: 27
            Gradient evaluations: 2
       rank  accuracy     error
0  0.973644  0.286667  0.063956
Optimization terminated successfully    (Exit mode 0)
            Current function value: 0.055411111111111175
            Iterations: 6
            Function evaluations: 69
            Gradient evaluations: 6
       rank  accuracy     error
0  0.974322  0.296667  0.055411
Optimization terminated successfully    (Exit mode 0)
            Current function value: 0.06060000000000012
            Iterations: 3
            Function evaluations: 42
            Gradient evaluations: 3
     rank  accuracy   error
0  0.9744      0.29  0.0606
Optimization terminated successfully    (Exit mode 0)
            Current function value: 0.0627222222222223
            Iterations: 2
            Function evaluations: 33
            Gradient evaluations: 2
       rank  accuracy     error
0  0.973489  0.293333  0.062722
Optimization terminated successfully    (Exit mode 0)
            Current function value: 0.06006666666666675
            Iterations: 5
            Function evaluations: 71
            Gradient evaluations: 5
       rank  accuracy     error
0  0.973778  0.293333  0.060067
✨ Experiment complete. Results archived at: /mnt/beegfs/hellgate/home/tp183485/timecorr_trazzp/Cluster_Data/intact_100_10_10_isfc_MiniBatchSparsePCA_20_mexican_hat.csv
