corrs 1
sub corrs 10
corrs 2
sub corrs 20
corrs 3
sub corrs 30
corrs 4
sub corrs 40
corrs 5
sub corrs 50
corrs 6
sub corrs 60
corrs 7
sub corrs 70
corrs 8
sub corrs 80
corrs 9
sub corrs 90
corrs 10
sub corrs 100
Optimization terminated successfully    (Exit mode 0)
            Current function value: 0.18962208044982676
            Iterations: 1
            Function evaluations: 2
            Gradient evaluations: 1
       rank  accuracy     error
0  0.912211  0.121324  0.189622
Optimization terminated successfully    (Exit mode 0)
            Current function value: 0.49816176470588236
            Iterations: 1
            Function evaluations: 3
            Gradient evaluations: 1
   rank  accuracy     error
0   1.0  0.003676  0.498162
Optimization terminated successfully    (Exit mode 0)
            Current function value: 0.49816176470588236
            Iterations: 1
            Function evaluations: 4
            Gradient evaluations: 1
   rank  accuracy     error
0   1.0  0.003676  0.498162
Optimization terminated successfully    (Exit mode 0)
            Current function value: 0.49816176470588236
            Iterations: 1
            Function evaluations: 5
            Gradient evaluations: 1
   rank  accuracy     error
0   1.0  0.003676  0.498162
Optimization terminated successfully    (Exit mode 0)
            Current function value: 0.49816176470588236
            Iterations: 1
            Function evaluations: 6
            Gradient evaluations: 1
   rank  accuracy     error
0   1.0  0.003676  0.498162
Optimization terminated successfully    (Exit mode 0)
            Current function value: 0.49816176470588236
            Iterations: 1
            Function evaluations: 7
            Gradient evaluations: 1
   rank  accuracy     error
0   1.0  0.003676  0.498162
Optimization terminated successfully    (Exit mode 0)
            Current function value: 0.49816176470588236
            Iterations: 1
            Function evaluations: 8
            Gradient evaluations: 1
   rank  accuracy     error
0   1.0  0.003676  0.498162
Optimization terminated successfully    (Exit mode 0)
            Current function value: 0.49816176470588236
            Iterations: 1
            Function evaluations: 9
            Gradient evaluations: 1
   rank  accuracy     error
0   1.0  0.003676  0.498162
Optimization terminated successfully    (Exit mode 0)
            Current function value: 0.49816176470588236
            Iterations: 1
            Function evaluations: 10
            Gradient evaluations: 1
   rank  accuracy     error
0   1.0  0.003676  0.498162
Optimization terminated successfully    (Exit mode 0)
            Current function value: 0.49816176470588236
            Iterations: 1
            Function evaluations: 11
            Gradient evaluations: 1
   rank  accuracy     error
0   1.0  0.003676  0.498162
Optimization terminated successfully    (Exit mode 0)
            Current function value: 0.49816176470588236
            Iterations: 1
            Function evaluations: 12
            Gradient evaluations: 1
   rank  accuracy     error
0   1.0  0.003676  0.498162
corrs 1
sub corrs 10
corrs 2
sub corrs 20
corrs 3
sub corrs 30
corrs 4
sub corrs 40
corrs 5
sub corrs 50
corrs 6
sub corrs 60
corrs 7
sub corrs 70
corrs 8
sub corrs 80
corrs 9
sub corrs 90
corrs 10
sub corrs 100
Optimization terminated successfully    (Exit mode 0)
            Current function value: 0.20947772491349467
            Iterations: 1
            Function evaluations: 2
            Gradient evaluations: 1
       rank  accuracy     error
0  0.912711  0.128676  0.209478
Optimization terminated successfully    (Exit mode 0)
            Current function value: 0.49816176470588236
            Iterations: 1
            Function evaluations: 3
            Gradient evaluations: 1
   rank  accuracy     error
0   1.0  0.003676  0.498162
Optimization terminated successfully    (Exit mode 0)
            Current function value: 0.49816176470588236
            Iterations: 1
            Function evaluations: 4
            Gradient evaluations: 1
   rank  accuracy     error
0   1.0  0.003676  0.498162
Optimization terminated successfully    (Exit mode 0)
            Current function value: 0.49816176470588236
            Iterations: 1
            Function evaluations: 5
            Gradient evaluations: 1
   rank  accuracy     error
0   1.0  0.003676  0.498162
Optimization terminated successfully    (Exit mode 0)
            Current function value: 0.49816176470588236
            Iterations: 1
            Function evaluations: 6
            Gradient evaluations: 1
   rank  accuracy     error
0   1.0  0.003676  0.498162
Optimization terminated successfully    (Exit mode 0)
            Current function value: 0.49816176470588236
            Iterations: 1
            Function evaluations: 7
            Gradient evaluations: 1
   rank  accuracy     error
0   1.0  0.003676  0.498162
Optimization terminated successfully    (Exit mode 0)
            Current function value: 0.49816176470588236
            Iterations: 1
            Function evaluations: 8
            Gradient evaluations: 1
   rank  accuracy     error
0   1.0  0.003676  0.498162
Optimization terminated successfully    (Exit mode 0)
            Current function value: 0.49816176470588236
            Iterations: 1
            Function evaluations: 9
            Gradient evaluations: 1
   rank  accuracy     error
0   1.0  0.003676  0.498162
Optimization terminated successfully    (Exit mode 0)
            Current function value: 0.49816176470588236
            Iterations: 1
            Function evaluations: 10
            Gradient evaluations: 1
   rank  accuracy     error
0   1.0  0.003676  0.498162
Optimization terminated successfully    (Exit mode 0)
            Current function value: 0.49816176470588236
            Iterations: 1
            Function evaluations: 11
            Gradient evaluations: 1
   rank  accuracy     error
0   1.0  0.003676  0.498162
Optimization terminated successfully    (Exit mode 0)
            Current function value: 0.49816176470588236
            Iterations: 1
            Function evaluations: 12
            Gradient evaluations: 1
   rank  accuracy     error
0   1.0  0.003676  0.498162
✨ Experiment complete. Results archived at: /mnt/beegfs/hellgate/home/tp183485/timecorr_trazzp/Cluster_Data/paragraph_700_10_10_isfc_FastICA_20_mexican_hat.csv
