corrs 1
sub corrs 10
corrs 2
sub corrs 20
corrs 3
sub corrs 30
corrs 4
sub corrs 40
corrs 5
sub corrs 50
corrs 6
sub corrs 60
corrs 7
sub corrs 70
corrs 8
sub corrs 80
corrs 9
sub corrs 90
corrs 10
sub corrs 100
Optimization terminated successfully    (Exit mode 0)
            Current function value: 0.18805417387543233
            Iterations: 1
            Function evaluations: 2
            Gradient evaluations: 1
       rank  accuracy     error
0  0.923821  0.154412  0.188054
Optimization terminated successfully    (Exit mode 0)
            Current function value: 0.18249891868512103
            Iterations: 4
            Function evaluations: 24
            Gradient evaluations: 4
       rank  accuracy     error
0  0.909048  0.150735  0.182499
Optimization terminated successfully    (Exit mode 0)
            Current function value: 0.1899059256055362
            Iterations: 3
            Function evaluations: 12
            Gradient evaluations: 3
       rank  accuracy     error
0  0.916752  0.158088  0.189906
Optimization terminated successfully    (Exit mode 0)
            Current function value: 0.1513975994809688
            Iterations: 4
            Function evaluations: 31
            Gradient evaluations: 4
       rank  accuracy     error
0  0.921821  0.158088  0.151398
Optimization terminated successfully    (Exit mode 0)
            Current function value: 0.15652032871972307
            Iterations: 10
            Function evaluations: 73
            Gradient evaluations: 10
       rank  accuracy    error
0  0.919821  0.154412  0.15652
Optimization terminated successfully    (Exit mode 0)
            Current function value: 0.1566960423875432
            Iterations: 8
            Function evaluations: 68
            Gradient evaluations: 8
       rank  accuracy     error
0  0.922051  0.147059  0.156696
Optimization terminated successfully    (Exit mode 0)
            Current function value: 0.15689878892733558
            Iterations: 4
            Function evaluations: 43
            Gradient evaluations: 4
       rank  accuracy     error
0  0.915563  0.150735  0.156899
Optimization terminated successfully    (Exit mode 0)
            Current function value: 0.1497215614186851
            Iterations: 6
            Function evaluations: 67
            Gradient evaluations: 6
       rank  accuracy     error
0  0.916198  0.150735  0.149722
Optimization terminated successfully    (Exit mode 0)
            Current function value: 0.1507217776816609
            Iterations: 9
            Function evaluations: 103
            Gradient evaluations: 9
       rank  accuracy     error
0  0.919942  0.150735  0.150722
Optimization terminated successfully    (Exit mode 0)
            Current function value: 0.1686445717993079
            Iterations: 7
            Function evaluations: 89
            Gradient evaluations: 7
       rank  accuracy     error
0  0.910737  0.139706  0.168645
Optimization terminated successfully    (Exit mode 0)
            Current function value: 0.14636948529411759
            Iterations: 6
            Function evaluations: 84
            Gradient evaluations: 6
       rank  accuracy     error
0  0.923051  0.158088  0.146369
corrs 1
sub corrs 10
corrs 2
sub corrs 20
corrs 3
sub corrs 30
corrs 4
sub corrs 40
corrs 5
sub corrs 50
corrs 6
sub corrs 60
corrs 7
sub corrs 70
corrs 8
sub corrs 80
corrs 9
sub corrs 90
corrs 10
sub corrs 100
Optimization terminated successfully    (Exit mode 0)
            Current function value: 0.1893517517301036
            Iterations: 1
            Function evaluations: 2
            Gradient evaluations: 1
       rank  accuracy     error
0  0.924943  0.169118  0.189352
Optimization terminated successfully    (Exit mode 0)
            Current function value: 0.18066068339100333
            Iterations: 4
            Function evaluations: 26
            Gradient evaluations: 4
       rank  accuracy     error
0  0.922713  0.165441  0.180661
Optimization terminated successfully    (Exit mode 0)
            Current function value: 0.18066068339100333
            Iterations: 6
            Function evaluations: 36
            Gradient evaluations: 6
       rank  accuracy     error
0  0.922727  0.165441  0.180661
Optimization terminated successfully    (Exit mode 0)
            Current function value: 0.15811526816608998
            Iterations: 6
            Function evaluations: 44
            Gradient evaluations: 6
       rank  accuracy     error
0  0.918401  0.165441  0.158115
Optimization terminated successfully    (Exit mode 0)
            Current function value: 0.15898032006920418
            Iterations: 5
            Function evaluations: 41
            Gradient evaluations: 5
       rank  accuracy    error
0  0.908615  0.158088  0.15898
Optimization terminated successfully    (Exit mode 0)
            Current function value: 0.17199664792387545
            Iterations: 4
            Function evaluations: 39
            Gradient evaluations: 4
       rank  accuracy     error
0  0.882502     0.125  0.171997
Optimization terminated successfully    (Exit mode 0)
            Current function value: 0.15907493512110735
            Iterations: 5
            Function evaluations: 51
            Gradient evaluations: 5
       rank  accuracy     error
0  0.924686  0.172794  0.159075
Optimization terminated successfully    (Exit mode 0)
            Current function value: 0.17448367214532876
            Iterations: 7
            Function evaluations: 74
            Gradient evaluations: 7
       rank  accuracy     error
0  0.850927  0.095588  0.174484
Optimization terminated successfully    (Exit mode 0)
            Current function value: 0.15995350346020765
            Iterations: 9
            Function evaluations: 101
            Gradient evaluations: 9
       rank  accuracy     error
0  0.923119  0.172794  0.159954
Optimization terminated successfully    (Exit mode 0)
            Current function value: 0.17380785034602084
            Iterations: 8
            Function evaluations: 103
            Gradient evaluations: 8
       rank  accuracy     error
0  0.865782  0.099265  0.173808
Optimization terminated successfully    (Exit mode 0)
            Current function value: 0.1610888840830451
            Iterations: 6
            Function evaluations: 83
            Gradient evaluations: 6
       rank  accuracy     error
0  0.907994  0.150735  0.161089
✨ Experiment complete. Results archived at: /mnt/beegfs/hellgate/home/tp183485/timecorr_trazzp/Cluster_Data/paragraph_100_10_10_isfc_UMAP_15_gaussian.csv
