corrs 1
sub corrs 10
corrs 2
sub corrs 20
corrs 3
sub corrs 30
corrs 4
sub corrs 40
corrs 5
sub corrs 50
corrs 6
sub corrs 60
corrs 7
sub corrs 70
corrs 8
sub corrs 80
corrs 9
sub corrs 90
corrs 10
sub corrs 100
Optimization terminated successfully    (Exit mode 0)
            Current function value: 0.0809666666666668
            Iterations: 1
            Function evaluations: 2
            Gradient evaluations: 1
       rank  accuracy     error
0  0.967078  0.266667  0.080967
Optimization terminated successfully    (Exit mode 0)
            Current function value: 0.024244444444444402
            Iterations: 1
            Function evaluations: 14
            Gradient evaluations: 1
       rank  accuracy     error
0  0.957467  0.263333  0.024244
Optimization terminated successfully    (Exit mode 0)
            Current function value: 0.01963333333333329
            Iterations: 4
            Function evaluations: 30
            Gradient evaluations: 4
       rank  accuracy     error
0  0.980289  0.313333  0.019633
Optimization terminated successfully    (Exit mode 0)
            Current function value: 0.015699999999999992
            Iterations: 8
            Function evaluations: 53
            Gradient evaluations: 8
       rank  accuracy   error
0  0.973644      0.29  0.0157
Optimization terminated successfully    (Exit mode 0)
            Current function value: 0.015722222222222214
            Iterations: 10
            Function evaluations: 75
            Gradient evaluations: 10
       rank  accuracy     error
0  0.959733      0.24  0.015722
Optimization terminated successfully    (Exit mode 0)
            Current function value: 0.01664444444444443
            Iterations: 7
            Function evaluations: 61
            Gradient evaluations: 7
       rank  accuracy     error
0  0.975244  0.296667  0.016644
Optimization terminated successfully    (Exit mode 0)
            Current function value: 0.027322222222222196
            Iterations: 6
            Function evaluations: 59
            Gradient evaluations: 6
       rank  accuracy     error
0  0.918967  0.203333  0.027322
Optimization terminated successfully    (Exit mode 0)
            Current function value: 0.02037777777777776
            Iterations: 4
            Function evaluations: 55
            Gradient evaluations: 4
       rank  accuracy     error
0  0.948822  0.196667  0.020378
Optimization terminated successfully    (Exit mode 0)
            Current function value: 0.016611111111111087
            Iterations: 4
            Function evaluations: 55
            Gradient evaluations: 4
       rank  accuracy     error
0  0.954844  0.246667  0.016611
Optimization terminated successfully    (Exit mode 0)
            Current function value: 0.014288888888888887
            Iterations: 5
            Function evaluations: 66
            Gradient evaluations: 5
       rank  accuracy     error
0  0.972056  0.256667  0.014289
Optimization terminated successfully    (Exit mode 0)
            Current function value: 0.014544444444444438
            Iterations: 6
            Function evaluations: 89
            Gradient evaluations: 6
       rank  accuracy     error
0  0.960078  0.216667  0.014544
corrs 1
sub corrs 10
corrs 2
sub corrs 20
corrs 3
sub corrs 30
corrs 4
sub corrs 40
corrs 5
sub corrs 50
corrs 6
sub corrs 60
corrs 7
sub corrs 70
corrs 8
sub corrs 80
corrs 9
sub corrs 90
corrs 10
sub corrs 100
Optimization terminated successfully    (Exit mode 0)
            Current function value: 0.07784444444444456
            Iterations: 1
            Function evaluations: 2
            Gradient evaluations: 1
       rank  accuracy     error
0  0.965022  0.263333  0.077844
Optimization terminated successfully    (Exit mode 0)
            Current function value: 0.01674444444444442
            Iterations: 8
            Function evaluations: 26
            Gradient evaluations: 8
       rank  accuracy     error
0  0.982422  0.276667  0.016744
Optimization terminated successfully    (Exit mode 0)
            Current function value: 0.0183333333333333
            Iterations: 5
            Function evaluations: 31
            Gradient evaluations: 5
       rank  accuracy     error
0  0.972367  0.233333  0.018333
Optimization terminated successfully    (Exit mode 0)
            Current function value: 0.017822222222222177
            Iterations: 5
            Function evaluations: 38
            Gradient evaluations: 5
       rank  accuracy     error
0  0.960367       0.2  0.017822
Optimization terminated successfully    (Exit mode 0)
            Current function value: 0.01723333333333329
            Iterations: 10
            Function evaluations: 74
            Gradient evaluations: 10
       rank  accuracy     error
0  0.970544      0.22  0.017233
Optimization terminated successfully    (Exit mode 0)
            Current function value: 0.017644444444444404
            Iterations: 4
            Function evaluations: 40
            Gradient evaluations: 4
       rank  accuracy     error
0  0.966278  0.216667  0.017644
Optimization terminated successfully    (Exit mode 0)
            Current function value: 0.019811111111111068
            Iterations: 5
            Function evaluations: 51
            Gradient evaluations: 5
       rank  accuracy     error
0  0.932089  0.143333  0.019811
Optimization terminated successfully    (Exit mode 0)
            Current function value: 0.01135555555555558
            Iterations: 7
            Function evaluations: 81
            Gradient evaluations: 7
       rank  accuracy     error
0  0.978789      0.26  0.011356
Optimization terminated successfully    (Exit mode 0)
            Current function value: 0.013088888888888916
            Iterations: 9
            Function evaluations: 109
            Gradient evaluations: 9
       rank  accuracy     error
0  0.978722  0.256667  0.013089
Optimization terminated successfully    (Exit mode 0)
            Current function value: 0.01265555555555558
            Iterations: 6
            Function evaluations: 81
            Gradient evaluations: 6
       rank  accuracy     error
0  0.974878  0.243333  0.012656
Optimization terminated successfully    (Exit mode 0)
            Current function value: 0.013788888888888892
            Iterations: 3
            Function evaluations: 47
            Gradient evaluations: 3
       rank  accuracy     error
0  0.972911      0.24  0.013789
✨ Experiment complete. Results archived at: /mnt/beegfs/hellgate/home/tp183485/timecorr_trazzp/Cluster_Data/intact_100_10_10_isfc_Isomap_20_gaussian.csv
