corrs 1
sub corrs 10
corrs 2
sub corrs 20
corrs 3
sub corrs 30
corrs 4
sub corrs 40
corrs 5
sub corrs 50
corrs 6
sub corrs 60
corrs 7
sub corrs 70
corrs 8
sub corrs 80
corrs 9
sub corrs 90
corrs 10
sub corrs 100
Optimization terminated successfully    (Exit mode 0)
            Current function value: 0.10552222222222236
            Iterations: 1
            Function evaluations: 2
            Gradient evaluations: 1
       rank  accuracy     error
0  0.963744  0.283333  0.105522
Optimization terminated successfully    (Exit mode 0)
            Current function value: 0.10056666666666682
            Iterations: 4
            Function evaluations: 23
            Gradient evaluations: 4
       rank  accuracy     error
0  0.963922  0.276667  0.100567
Optimization terminated successfully    (Exit mode 0)
            Current function value: 0.09353333333333348
            Iterations: 6
            Function evaluations: 35
            Gradient evaluations: 6
       rank  accuracy     error
0  0.963356  0.256667  0.093533
Optimization terminated successfully    (Exit mode 0)
            Current function value: 0.09710000000000013
            Iterations: 4
            Function evaluations: 32
            Gradient evaluations: 4
       rank  accuracy   error
0  0.964033      0.27  0.0971
Optimization terminated successfully    (Exit mode 0)
            Current function value: 0.0939444444444446
            Iterations: 3
            Function evaluations: 30
            Gradient evaluations: 3
       rank  accuracy     error
0  0.964089  0.276667  0.093944
Optimization terminated successfully    (Exit mode 0)
            Current function value: 0.09352222222222235
            Iterations: 3
            Function evaluations: 32
            Gradient evaluations: 3
       rank  accuracy     error
0  0.963778      0.28  0.093522
Optimization terminated successfully    (Exit mode 0)
            Current function value: 0.08954444444444458
            Iterations: 3
            Function evaluations: 35
            Gradient evaluations: 3
       rank  accuracy     error
0  0.963478  0.276667  0.089544
Optimization terminated successfully    (Exit mode 0)
            Current function value: 0.08582222222222237
            Iterations: 4
            Function evaluations: 47
            Gradient evaluations: 4
       rank  accuracy     error
0  0.964033      0.28  0.085822
Optimization terminated successfully    (Exit mode 0)
            Current function value: 0.08455555555555572
            Iterations: 3
            Function evaluations: 41
            Gradient evaluations: 3
    rank  accuracy     error
0  0.964      0.28  0.084556
Optimization terminated successfully    (Exit mode 0)
            Current function value: 0.08222222222222236
            Iterations: 5
            Function evaluations: 69
            Gradient evaluations: 5
       rank  accuracy     error
0  0.963956      0.28  0.082222
Optimization terminated successfully    (Exit mode 0)
            Current function value: 0.08396666666666684
            Iterations: 4
            Function evaluations: 59
            Gradient evaluations: 4
       rank  accuracy     error
0  0.963822  0.283333  0.083967
corrs 1
sub corrs 10
corrs 2
sub corrs 20
corrs 3
sub corrs 30
corrs 4
sub corrs 40
corrs 5
sub corrs 50
corrs 6
sub corrs 60
corrs 7
sub corrs 70
corrs 8
sub corrs 80
corrs 9
sub corrs 90
corrs 10
sub corrs 100
Optimization terminated successfully    (Exit mode 0)
            Current function value: 0.09038888888888903
            Iterations: 1
            Function evaluations: 2
            Gradient evaluations: 1
       rank  accuracy     error
0  0.966422      0.27  0.090389
Optimization terminated successfully    (Exit mode 0)
            Current function value: 0.0854555555555557
            Iterations: 5
            Function evaluations: 27
            Gradient evaluations: 5
       rank  accuracy     error
0  0.966789      0.28  0.085456
Optimization terminated successfully    (Exit mode 0)
            Current function value: 0.08142222222222237
            Iterations: 7
            Function evaluations: 41
            Gradient evaluations: 7
       rank  accuracy     error
0  0.967056  0.276667  0.081422
Optimization terminated successfully    (Exit mode 0)
            Current function value: 0.08250000000000011
            Iterations: 3
            Function evaluations: 27
            Gradient evaluations: 3
       rank  accuracy   error
0  0.967011      0.28  0.0825
Optimization terminated successfully    (Exit mode 0)
            Current function value: 0.07661111111111123
            Iterations: 5
            Function evaluations: 43
            Gradient evaluations: 5
       rank  accuracy     error
0  0.966244      0.28  0.076611
Optimization terminated successfully    (Exit mode 0)
            Current function value: 0.07453333333333345
            Iterations: 7
            Function evaluations: 61
            Gradient evaluations: 7
       rank  accuracy     error
0  0.966756  0.286667  0.074533
Optimization terminated successfully    (Exit mode 0)
            Current function value: 0.07694444444444457
            Iterations: 4
            Function evaluations: 44
            Gradient evaluations: 4
       rank  accuracy     error
0  0.965989      0.29  0.076944
Optimization terminated successfully    (Exit mode 0)
            Current function value: 0.07660000000000013
            Iterations: 4
            Function evaluations: 47
            Gradient evaluations: 4
       rank  accuracy   error
0  0.966333      0.29  0.0766
Optimization terminated successfully    (Exit mode 0)
            Current function value: 0.07713333333333346
            Iterations: 4
            Function evaluations: 51
            Gradient evaluations: 4
       rank  accuracy     error
0  0.966356  0.293333  0.077133
Optimization terminated successfully    (Exit mode 0)
            Current function value: 0.07388888888888902
            Iterations: 4
            Function evaluations: 56
            Gradient evaluations: 4
       rank  accuracy     error
0  0.966589  0.296667  0.073889
Optimization terminated successfully    (Exit mode 0)
            Current function value: 0.07633333333333346
            Iterations: 5
            Function evaluations: 72
            Gradient evaluations: 5
       rank  accuracy     error
0  0.966878      0.29  0.076333
✨ Experiment complete. Results archived at: /mnt/beegfs/hellgate/home/tp183485/timecorr_trazzp/Cluster_Data/intact_100_10_10_isfc_FastICA_40_laplace.csv
