corrs 1
sub corrs 10
corrs 2
sub corrs 20
corrs 3
sub corrs 30
corrs 4
sub corrs 40
corrs 5
sub corrs 50
corrs 6
sub corrs 60
corrs 7
sub corrs 70
corrs 8
sub corrs 80
corrs 9
sub corrs 90
corrs 10
sub corrs 100
Optimization terminated successfully    (Exit mode 0)
            Current function value: 0.07933333333333349
            Iterations: 1
            Function evaluations: 2
            Gradient evaluations: 1
       rank  accuracy     error
0  0.972244  0.273333  0.079333
Optimization terminated successfully    (Exit mode 0)
            Current function value: 0.06086666666666676
            Iterations: 4
            Function evaluations: 25
            Gradient evaluations: 4
       rank  accuracy     error
0  0.980611      0.29  0.060867
Optimization terminated successfully    (Exit mode 0)
            Current function value: 0.06244444444444453
            Iterations: 6
            Function evaluations: 35
            Gradient evaluations: 6
       rank  accuracy     error
0  0.978467  0.286667  0.062444
Optimization terminated successfully    (Exit mode 0)
            Current function value: 0.04808888888888889
            Iterations: 3
            Function evaluations: 26
            Gradient evaluations: 3
     rank  accuracy     error
0  0.9842  0.296667  0.048089
Optimization terminated successfully    (Exit mode 0)
            Current function value: 0.052111111111111115
            Iterations: 6
            Function evaluations: 48
            Gradient evaluations: 6
       rank  accuracy     error
0  0.984033  0.293333  0.052111
Optimization terminated successfully    (Exit mode 0)
            Current function value: 0.038688888888888856
            Iterations: 10
            Function evaluations: 85
            Gradient evaluations: 10
       rank  accuracy     error
0  0.983156      0.29  0.038689
Optimization terminated successfully    (Exit mode 0)
            Current function value: 0.024211111111111093
            Iterations: 10
            Function evaluations: 96
            Gradient evaluations: 10
       rank  accuracy     error
0  0.986856  0.303333  0.024211
Optimization terminated successfully    (Exit mode 0)
            Current function value: 0.09330000000000009
            Iterations: 5
            Function evaluations: 56
            Gradient evaluations: 5
     rank  accuracy   error
0  0.9286  0.206667  0.0933
Optimization terminated successfully    (Exit mode 0)
            Current function value: 0.02808888888888886
            Iterations: 6
            Function evaluations: 71
            Gradient evaluations: 6
       rank  accuracy     error
0  0.987067  0.303333  0.028089
Optimization terminated successfully    (Exit mode 0)
            Current function value: 0.02633333333333329
            Iterations: 9
            Function evaluations: 111
            Gradient evaluations: 9
       rank  accuracy     error
0  0.986633  0.296667  0.026333
Optimization terminated successfully    (Exit mode 0)
            Current function value: 0.042577777777777756
            Iterations: 7
            Function evaluations: 96
            Gradient evaluations: 7
       rank  accuracy     error
0  0.985844       0.3  0.042578
corrs 1
sub corrs 10
corrs 2
sub corrs 20
corrs 3
sub corrs 30
corrs 4
sub corrs 40
corrs 5
sub corrs 50
corrs 6
sub corrs 60
corrs 7
sub corrs 70
corrs 8
sub corrs 80
corrs 9
sub corrs 90
corrs 10
sub corrs 100
Optimization terminated successfully    (Exit mode 0)
            Current function value: 0.08200000000000009
            Iterations: 1
            Function evaluations: 2
            Gradient evaluations: 1
       rank  accuracy  error
0  0.973422  0.316667  0.082
Optimization terminated successfully    (Exit mode 0)
            Current function value: 0.05633333333333337
            Iterations: 4
            Function evaluations: 25
            Gradient evaluations: 4
       rank  accuracy     error
0  0.980889  0.316667  0.056333
Optimization terminated successfully    (Exit mode 0)
            Current function value: 0.055766666666666666
            Iterations: 7
            Function evaluations: 42
            Gradient evaluations: 7
     rank  accuracy     error
0  0.9801  0.316667  0.055767
Optimization terminated successfully    (Exit mode 0)
            Current function value: 0.05563333333333335
            Iterations: 6
            Function evaluations: 42
            Gradient evaluations: 6
       rank  accuracy     error
0  0.978756      0.33  0.055633
Optimization terminated successfully    (Exit mode 0)
            Current function value: 0.054244444444444456
            Iterations: 5
            Function evaluations: 41
            Gradient evaluations: 5
       rank  accuracy     error
0  0.979756  0.326667  0.054244
Optimization terminated successfully    (Exit mode 0)
            Current function value: 0.0525888888888889
            Iterations: 9
            Function evaluations: 76
            Gradient evaluations: 9
       rank  accuracy     error
0  0.979989  0.326667  0.052589
Optimization terminated successfully    (Exit mode 0)
            Current function value: 0.1402222222222224
            Iterations: 11
            Function evaluations: 100
            Gradient evaluations: 11
       rank  accuracy     error
0  0.761411  0.156667  0.140222
Optimization terminated successfully    (Exit mode 0)
            Current function value: 0.04019999999999999
            Iterations: 16
            Function evaluations: 168
            Gradient evaluations: 16
       rank  accuracy   error
0  0.983833  0.333333  0.0402
Optimization terminated successfully    (Exit mode 0)
            Current function value: 0.14237777777777796
            Iterations: 8
            Function evaluations: 93
            Gradient evaluations: 8
       rank  accuracy     error
0  0.856856      0.19  0.142378
Optimization terminated successfully    (Exit mode 0)
            Current function value: 0.10334444444444452
            Iterations: 7
            Function evaluations: 94
            Gradient evaluations: 7
       rank  accuracy     error
0  0.865111       0.2  0.103344
Optimization terminated successfully    (Exit mode 0)
            Current function value: 0.03914444444444445
            Iterations: 9
            Function evaluations: 125
            Gradient evaluations: 9
       rank  accuracy     error
0  0.984611  0.326667  0.039144
✨ Experiment complete. Results archived at: /mnt/beegfs/hellgate/home/tp183485/timecorr_trazzp/Cluster_Data/intact_100_10_10_isfc_IncrementalPCA_30_laplace.csv
