corrs 1
sub corrs 10
corrs 2
sub corrs 20
corrs 3
sub corrs 30
corrs 4
sub corrs 40
corrs 5
sub corrs 50
corrs 6
sub corrs 60
corrs 7
sub corrs 70
corrs 8
sub corrs 80
corrs 9
sub corrs 90
corrs 10
sub corrs 100
Optimization terminated successfully    (Exit mode 0)
            Current function value: 0.09416666666666687
            Iterations: 1
            Function evaluations: 2
            Gradient evaluations: 1
       rank  accuracy     error
0  0.967467  0.283333  0.094167
Optimization terminated successfully    (Exit mode 0)
            Current function value: 0.09416666666666687
            Iterations: 3
            Function evaluations: 20
            Gradient evaluations: 3
       rank  accuracy     error
0  0.967467  0.283333  0.094167
Optimization terminated successfully    (Exit mode 0)
            Current function value: 0.09231111111111126
            Iterations: 2
            Function evaluations: 19
            Gradient evaluations: 2
       rank  accuracy     error
0  0.967644  0.273333  0.092311
Optimization terminated successfully    (Exit mode 0)
            Current function value: 0.4983333333333334
            Iterations: 1
            Function evaluations: 5
            Gradient evaluations: 1
   rank  accuracy     error
0   1.0  0.003333  0.498333
Optimization terminated successfully    (Exit mode 0)
            Current function value: 0.4983333333333334
            Iterations: 1
            Function evaluations: 6
            Gradient evaluations: 1
   rank  accuracy     error
0   1.0  0.003333  0.498333
Optimization terminated successfully    (Exit mode 0)
            Current function value: 0.4983333333333334
            Iterations: 1
            Function evaluations: 7
            Gradient evaluations: 1
   rank  accuracy     error
0   1.0  0.003333  0.498333
Optimization terminated successfully    (Exit mode 0)
            Current function value: 0.4983333333333334
            Iterations: 1
            Function evaluations: 8
            Gradient evaluations: 1
   rank  accuracy     error
0   1.0  0.003333  0.498333
Optimization terminated successfully    (Exit mode 0)
            Current function value: 0.4983333333333334
            Iterations: 1
            Function evaluations: 9
            Gradient evaluations: 1
   rank  accuracy     error
0   1.0  0.003333  0.498333
Optimization terminated successfully    (Exit mode 0)
            Current function value: 0.4983333333333334
            Iterations: 1
            Function evaluations: 10
            Gradient evaluations: 1
   rank  accuracy     error
0   1.0  0.003333  0.498333
Optimization terminated successfully    (Exit mode 0)
            Current function value: 0.4983333333333334
            Iterations: 1
            Function evaluations: 11
            Gradient evaluations: 1
   rank  accuracy     error
0   1.0  0.003333  0.498333
Optimization terminated successfully    (Exit mode 0)
            Current function value: 0.4983333333333334
            Iterations: 1
            Function evaluations: 12
            Gradient evaluations: 1
   rank  accuracy     error
0   1.0  0.003333  0.498333
corrs 1
sub corrs 10
corrs 2
sub corrs 20
corrs 3
sub corrs 30
corrs 4
sub corrs 40
corrs 5
sub corrs 50
corrs 6
sub corrs 60
corrs 7
sub corrs 70
corrs 8
sub corrs 80
corrs 9
sub corrs 90
corrs 10
sub corrs 100
Optimization terminated successfully    (Exit mode 0)
            Current function value: 0.0785111111111112
            Iterations: 1
            Function evaluations: 2
            Gradient evaluations: 1
       rank  accuracy     error
0  0.963889      0.24  0.078511
Optimization terminated successfully    (Exit mode 0)
            Current function value: 0.07648888888888897
            Iterations: 4
            Function evaluations: 23
            Gradient evaluations: 4
       rank  accuracy     error
0  0.963944      0.24  0.076489
Optimization terminated successfully    (Exit mode 0)
            Current function value: 0.07846666666666674
            Iterations: 3
            Function evaluations: 23
            Gradient evaluations: 3
       rank  accuracy     error
0  0.963922      0.24  0.078467
Optimization terminated successfully    (Exit mode 0)
            Current function value: 0.4983333333333334
            Iterations: 1
            Function evaluations: 5
            Gradient evaluations: 1
   rank  accuracy     error
0   1.0  0.003333  0.498333
Optimization terminated successfully    (Exit mode 0)
            Current function value: 0.4983333333333334
            Iterations: 1
            Function evaluations: 6
            Gradient evaluations: 1
   rank  accuracy     error
0   1.0  0.003333  0.498333
Optimization terminated successfully    (Exit mode 0)
            Current function value: 0.4983333333333334
            Iterations: 1
            Function evaluations: 7
            Gradient evaluations: 1
   rank  accuracy     error
0   1.0  0.003333  0.498333
Optimization terminated successfully    (Exit mode 0)
            Current function value: 0.4983333333333334
            Iterations: 1
            Function evaluations: 8
            Gradient evaluations: 1
   rank  accuracy     error
0   1.0  0.003333  0.498333
Optimization terminated successfully    (Exit mode 0)
            Current function value: 0.4983333333333334
            Iterations: 1
            Function evaluations: 9
            Gradient evaluations: 1
   rank  accuracy     error
0   1.0  0.003333  0.498333
Optimization terminated successfully    (Exit mode 0)
            Current function value: 0.4983333333333334
            Iterations: 1
            Function evaluations: 10
            Gradient evaluations: 1
   rank  accuracy     error
0   1.0  0.003333  0.498333
Optimization terminated successfully    (Exit mode 0)
            Current function value: 0.4983333333333334
            Iterations: 1
            Function evaluations: 11
            Gradient evaluations: 1
   rank  accuracy     error
0   1.0  0.003333  0.498333
Optimization terminated successfully    (Exit mode 0)
            Current function value: 0.4983333333333334
            Iterations: 1
            Function evaluations: 12
            Gradient evaluations: 1
   rank  accuracy     error
0   1.0  0.003333  0.498333
✨ Experiment complete. Results archived at: /mnt/beegfs/hellgate/home/tp183485/timecorr_trazzp/Cluster_Data/intact_100_10_10_isfc_MiniBatchSparsePCA_5_gaussian.csv
