corrs 1
sub corrs 10
corrs 2
sub corrs 20
corrs 3
sub corrs 30
corrs 4
sub corrs 40
corrs 5
sub corrs 50
corrs 6
sub corrs 60
corrs 7
sub corrs 70
corrs 8
sub corrs 80
corrs 9
sub corrs 90
corrs 10
sub corrs 100
Optimization terminated successfully    (Exit mode 0)
            Current function value: 0.09433333333333341
            Iterations: 1
            Function evaluations: 2
            Gradient evaluations: 1
       rank  accuracy     error
0  0.970656  0.273333  0.094333
Optimization terminated successfully    (Exit mode 0)
            Current function value: 0.09433333333333341
            Iterations: 3
            Function evaluations: 9
            Gradient evaluations: 3
       rank  accuracy     error
0  0.970656  0.273333  0.094333
Optimization terminated successfully    (Exit mode 0)
            Current function value: 0.07514444444444453
            Iterations: 5
            Function evaluations: 31
            Gradient evaluations: 5
     rank  accuracy     error
0  0.9732       0.3  0.075144
Optimization terminated successfully    (Exit mode 0)
            Current function value: 0.07722222222222236
            Iterations: 6
            Function evaluations: 42
            Gradient evaluations: 6
       rank  accuracy     error
0  0.973756       0.3  0.077222
Optimization terminated successfully    (Exit mode 0)
            Current function value: 0.0718333333333334
            Iterations: 5
            Function evaluations: 42
            Gradient evaluations: 5
       rank  accuracy     error
0  0.977756  0.293333  0.071833
Optimization terminated successfully    (Exit mode 0)
            Current function value: 0.06343333333333338
            Iterations: 6
            Function evaluations: 58
            Gradient evaluations: 6
       rank  accuracy     error
0  0.975222  0.286667  0.063433
Optimization terminated successfully    (Exit mode 0)
            Current function value: 0.05931111111111122
            Iterations: 7
            Function evaluations: 75
            Gradient evaluations: 7
       rank  accuracy     error
0  0.980378      0.27  0.059311
Optimization terminated successfully    (Exit mode 0)
            Current function value: 0.05614444444444449
            Iterations: 7
            Function evaluations: 77
            Gradient evaluations: 7
       rank  accuracy     error
0  0.980222  0.306667  0.056144
Optimization terminated successfully    (Exit mode 0)
            Current function value: 0.052988888888888905
            Iterations: 7
            Function evaluations: 85
            Gradient evaluations: 7
       rank  accuracy     error
0  0.979722  0.316667  0.052989
Optimization terminated successfully    (Exit mode 0)
            Current function value: 0.05646666666666672
            Iterations: 7
            Function evaluations: 89
            Gradient evaluations: 7
       rank  accuracy     error
0  0.980689      0.32  0.056467
Optimization terminated successfully    (Exit mode 0)
            Current function value: 0.026811111111111074
            Iterations: 5
            Function evaluations: 72
            Gradient evaluations: 5
       rank  accuracy     error
0  0.984533      0.32  0.026811
corrs 1
sub corrs 10
corrs 2
sub corrs 20
corrs 3
sub corrs 30
corrs 4
sub corrs 40
corrs 5
sub corrs 50
corrs 6
sub corrs 60
corrs 7
sub corrs 70
corrs 8
sub corrs 80
corrs 9
sub corrs 90
corrs 10
sub corrs 100
Optimization terminated successfully    (Exit mode 0)
            Current function value: 0.06493333333333343
            Iterations: 1
            Function evaluations: 2
            Gradient evaluations: 1
       rank  accuracy     error
0  0.970444  0.323333  0.064933
Optimization terminated successfully    (Exit mode 0)
            Current function value: 0.06493333333333343
            Iterations: 3
            Function evaluations: 9
            Gradient evaluations: 3
       rank  accuracy     error
0  0.970444  0.323333  0.064933
Optimization terminated successfully    (Exit mode 0)
            Current function value: 0.06352222222222233
            Iterations: 4
            Function evaluations: 27
            Gradient evaluations: 4
       rank  accuracy     error
0  0.970967  0.326667  0.063522
Optimization terminated successfully    (Exit mode 0)
            Current function value: 0.063188888888889
            Iterations: 4
            Function evaluations: 31
            Gradient evaluations: 4
       rank  accuracy     error
0  0.970822  0.323333  0.063189
Optimization terminated successfully    (Exit mode 0)
            Current function value: 0.06337777777777788
            Iterations: 5
            Function evaluations: 44
            Gradient evaluations: 5
       rank  accuracy     error
0  0.976811  0.326667  0.063378
Optimization terminated successfully    (Exit mode 0)
            Current function value: 0.06100000000000011
            Iterations: 9
            Function evaluations: 78
            Gradient evaluations: 9
       rank  accuracy  error
0  0.972933  0.323333  0.061
Optimization terminated successfully    (Exit mode 0)
            Current function value: 0.05226666666666672
            Iterations: 4
            Function evaluations: 43
            Gradient evaluations: 4
       rank  accuracy     error
0  0.976289      0.31  0.052267
Optimization terminated successfully    (Exit mode 0)
            Current function value: 0.055000000000000056
            Iterations: 4
            Function evaluations: 48
            Gradient evaluations: 4
       rank  accuracy  error
0  0.978789  0.326667  0.055
Optimization terminated successfully    (Exit mode 0)
            Current function value: 0.05742222222222234
            Iterations: 6
            Function evaluations: 72
            Gradient evaluations: 6
       rank  accuracy     error
0  0.976633  0.306667  0.057422
Optimization terminated successfully    (Exit mode 0)
            Current function value: 0.05013333333333338
            Iterations: 10
            Function evaluations: 124
            Gradient evaluations: 10
       rank  accuracy     error
0  0.979189  0.326667  0.050133
Optimization terminated successfully    (Exit mode 0)
            Current function value: 0.029822222222222226
            Iterations: 7
            Function evaluations: 97
            Gradient evaluations: 7
       rank  accuracy     error
0  0.980667      0.31  0.029822
✨ Experiment complete. Results archived at: /mnt/beegfs/hellgate/home/tp183485/timecorr_trazzp/Cluster_Data/intact_100_10_10_isfc_KernelPCA_25_mexican_hat.csv
