corrs 1
sub corrs 10
corrs 2
sub corrs 20
corrs 3
sub corrs 30
corrs 4
sub corrs 40
corrs 5
sub corrs 50
corrs 6
sub corrs 60
corrs 7
sub corrs 70
corrs 8
sub corrs 80
corrs 9
sub corrs 90
corrs 10
sub corrs 100
Optimization terminated successfully    (Exit mode 0)
            Current function value: 0.20701773356401384
            Iterations: 1
            Function evaluations: 2
            Gradient evaluations: 1
       rank  accuracy     error
0  0.911156  0.154412  0.207018
Optimization terminated successfully    (Exit mode 0)
            Current function value: 0.20186797145328722
            Iterations: 5
            Function evaluations: 26
            Gradient evaluations: 5
       rank  accuracy     error
0  0.909562  0.154412  0.201868
Optimization terminated successfully    (Exit mode 0)
            Current function value: 0.21260002162629751
            Iterations: 6
            Function evaluations: 37
            Gradient evaluations: 6
       rank  accuracy   error
0  0.902641  0.154412  0.2126
Optimization terminated successfully    (Exit mode 0)
            Current function value: 0.19439338235294115
            Iterations: 5
            Function evaluations: 38
            Gradient evaluations: 5
       rank  accuracy     error
0  0.910359  0.158088  0.194393
Optimization terminated successfully    (Exit mode 0)
            Current function value: 0.19447448096885808
            Iterations: 6
            Function evaluations: 48
            Gradient evaluations: 6
       rank  accuracy     error
0  0.910494  0.158088  0.194474
Optimization terminated successfully    (Exit mode 0)
            Current function value: 0.19439338235294115
            Iterations: 4
            Function evaluations: 39
            Gradient evaluations: 4
       rank  accuracy     error
0  0.910345  0.158088  0.194393
Optimization terminated successfully    (Exit mode 0)
            Current function value: 0.19928633217993078
            Iterations: 4
            Function evaluations: 43
            Gradient evaluations: 4
       rank  accuracy     error
0  0.909183  0.150735  0.199286
Optimization terminated successfully    (Exit mode 0)
            Current function value: 0.20200313581314877
            Iterations: 5
            Function evaluations: 57
            Gradient evaluations: 5
       rank  accuracy     error
0  0.909575  0.158088  0.202003
Optimization terminated successfully    (Exit mode 0)
            Current function value: 0.19892138840830445
            Iterations: 3
            Function evaluations: 41
            Gradient evaluations: 3
       rank  accuracy     error
0  0.903736  0.136029  0.198921
Optimization terminated successfully    (Exit mode 0)
            Current function value: 0.19923226643598624
            Iterations: 4
            Function evaluations: 55
            Gradient evaluations: 4
       rank  accuracy     error
0  0.908899  0.161765  0.199232
Optimization terminated successfully    (Exit mode 0)
            Current function value: 0.20327368079584765
            Iterations: 3
            Function evaluations: 47
            Gradient evaluations: 3
       rank  accuracy     error
0  0.901046  0.143382  0.203274
corrs 1
sub corrs 10
corrs 2
sub corrs 20
corrs 3
sub corrs 30
corrs 4
sub corrs 40
corrs 5
sub corrs 50
corrs 6
sub corrs 60
corrs 7
sub corrs 70
corrs 8
sub corrs 80
corrs 9
sub corrs 90
corrs 10
sub corrs 100
Optimization terminated successfully    (Exit mode 0)
            Current function value: 0.20111105103806198
            Iterations: 1
            Function evaluations: 2
            Gradient evaluations: 1
       rank  accuracy     error
0  0.913589  0.165441  0.201111
Optimization terminated successfully    (Exit mode 0)
            Current function value: 0.1882298875432522
            Iterations: 5
            Function evaluations: 27
            Gradient evaluations: 5
       rank  accuracy    error
0  0.909872  0.161765  0.18823
Optimization terminated successfully    (Exit mode 0)
            Current function value: 0.19135218425605496
            Iterations: 5
            Function evaluations: 33
            Gradient evaluations: 5
       rank  accuracy     error
0  0.909399  0.158088  0.191352
Optimization terminated successfully    (Exit mode 0)
            Current function value: 0.1887029628027678
            Iterations: 6
            Function evaluations: 48
            Gradient evaluations: 6
       rank  accuracy     error
0  0.909845  0.158088  0.188703
Optimization terminated successfully    (Exit mode 0)
            Current function value: 0.18910845588235256
            Iterations: 6
            Function evaluations: 52
            Gradient evaluations: 6
       rank  accuracy     error
0  0.909805  0.158088  0.189108
Optimization terminated successfully    (Exit mode 0)
            Current function value: 0.189230103806228
            Iterations: 5
            Function evaluations: 46
            Gradient evaluations: 5
       rank  accuracy    error
0  0.912995  0.154412  0.18923
Optimization terminated successfully    (Exit mode 0)
            Current function value: 0.1930011894463665
            Iterations: 4
            Function evaluations: 43
            Gradient evaluations: 4
       rank  accuracy     error
0  0.907034  0.150735  0.193001
Optimization terminated successfully    (Exit mode 0)
            Current function value: 0.18451286764705851
            Iterations: 9
            Function evaluations: 94
            Gradient evaluations: 9
       rank  accuracy     error
0  0.909224  0.158088  0.184513
Optimization terminated successfully    (Exit mode 0)
            Current function value: 0.19912413494809642
            Iterations: 5
            Function evaluations: 64
            Gradient evaluations: 5
       rank  accuracy     error
0  0.902871  0.136029  0.199124
Optimization terminated successfully    (Exit mode 0)
            Current function value: 0.19147383217993033
            Iterations: 4
            Function evaluations: 57
            Gradient evaluations: 4
       rank  accuracy     error
0  0.910778  0.150735  0.191474
Optimization terminated successfully    (Exit mode 0)
            Current function value: 0.1947853589965394
            Iterations: 5
            Function evaluations: 72
            Gradient evaluations: 5
       rank  accuracy     error
0  0.910589  0.165441  0.194785
✨ Experiment complete. Results archived at: /mnt/beegfs/hellgate/home/tp183485/timecorr_trazzp/Cluster_Data/paragraph_100_10_10_isfc_FastICA_40_gaussian.csv
