corrs 1
sub corrs 10
corrs 2
sub corrs 20
corrs 3
sub corrs 30
corrs 4
sub corrs 40
corrs 5
sub corrs 50
corrs 6
sub corrs 60
corrs 7
sub corrs 70
corrs 8
sub corrs 80
corrs 9
sub corrs 90
corrs 10
sub corrs 100
Optimization terminated successfully    (Exit mode 0)
            Current function value: 0.08881111111111128
            Iterations: 1
            Function evaluations: 2
            Gradient evaluations: 1
       rank  accuracy     error
0  0.965333  0.276667  0.088811
Optimization terminated successfully    (Exit mode 0)
            Current function value: 0.08881111111111128
            Iterations: 6
            Function evaluations: 18
            Gradient evaluations: 6
       rank  accuracy     error
0  0.965333  0.276667  0.088811
Optimization terminated successfully    (Exit mode 0)
            Current function value: 0.0907111111111113
            Iterations: 3
            Function evaluations: 23
            Gradient evaluations: 3
       rank  accuracy     error
0  0.964967  0.276667  0.090711
Optimization terminated successfully    (Exit mode 0)
            Current function value: 0.07753333333333351
            Iterations: 4
            Function evaluations: 33
            Gradient evaluations: 4
       rank  accuracy     error
0  0.966144  0.276667  0.077533
Optimization terminated successfully    (Exit mode 0)
            Current function value: 0.08000000000000017
            Iterations: 6
            Function evaluations: 48
            Gradient evaluations: 6
       rank  accuracy  error
0  0.968622      0.27   0.08
Optimization terminated successfully    (Exit mode 0)
            Current function value: 0.06098888888888901
            Iterations: 6
            Function evaluations: 53
            Gradient evaluations: 6
       rank  accuracy     error
0  0.970111  0.273333  0.060989
Optimization terminated successfully    (Exit mode 0)
            Current function value: 0.06315555555555569
            Iterations: 4
            Function evaluations: 44
            Gradient evaluations: 4
     rank  accuracy     error
0  0.9705  0.266667  0.063156
Optimization terminated successfully    (Exit mode 0)
            Current function value: 0.05995555555555566
            Iterations: 4
            Function evaluations: 48
            Gradient evaluations: 4
       rank  accuracy     error
0  0.970289  0.256667  0.059956
Optimization terminated successfully    (Exit mode 0)
            Current function value: 0.05815555555555565
            Iterations: 5
            Function evaluations: 62
            Gradient evaluations: 5
       rank  accuracy     error
0  0.971189  0.276667  0.058156
Optimization terminated successfully    (Exit mode 0)
            Current function value: 0.0616777777777779
            Iterations: 4
            Function evaluations: 55
            Gradient evaluations: 4
       rank  accuracy     error
0  0.970544      0.28  0.061678
Optimization terminated successfully    (Exit mode 0)
            Current function value: 0.05063333333333337
            Iterations: 4
            Function evaluations: 61
            Gradient evaluations: 4
       rank  accuracy     error
0  0.972633      0.29  0.050633
corrs 1
sub corrs 10
corrs 2
sub corrs 20
corrs 3
sub corrs 30
corrs 4
sub corrs 40
corrs 5
sub corrs 50
corrs 6
sub corrs 60
corrs 7
sub corrs 70
corrs 8
sub corrs 80
corrs 9
sub corrs 90
corrs 10
sub corrs 100
Optimization terminated successfully    (Exit mode 0)
            Current function value: 0.08946666666666679
            Iterations: 1
            Function evaluations: 2
            Gradient evaluations: 1
       rank  accuracy     error
0  0.963167  0.283333  0.089467
Optimization terminated successfully    (Exit mode 0)
            Current function value: 0.08464444444444455
            Iterations: 5
            Function evaluations: 28
            Gradient evaluations: 5
       rank  accuracy     error
0  0.963089      0.29  0.084644
Optimization terminated successfully    (Exit mode 0)
            Current function value: 0.08946666666666679
            Iterations: 4
            Function evaluations: 27
            Gradient evaluations: 4
       rank  accuracy     error
0  0.963133  0.283333  0.089467
Optimization terminated successfully    (Exit mode 0)
            Current function value: 0.08826666666666678
            Iterations: 4
            Function evaluations: 31
            Gradient evaluations: 4
       rank  accuracy     error
0  0.963089  0.283333  0.088267
Optimization terminated successfully    (Exit mode 0)
            Current function value: 0.08616666666666684
            Iterations: 3
            Function evaluations: 29
            Gradient evaluations: 3
       rank  accuracy     error
0  0.963522  0.296667  0.086167
Optimization terminated successfully    (Exit mode 0)
            Current function value: 0.07591111111111125
            Iterations: 4
            Function evaluations: 40
            Gradient evaluations: 4
       rank  accuracy     error
0  0.965744  0.313333  0.075911
Optimization terminated successfully    (Exit mode 0)
            Current function value: 0.08244444444444464
            Iterations: 2
            Function evaluations: 27
            Gradient evaluations: 2
       rank  accuracy     error
0  0.961578  0.306667  0.082444
Optimization terminated successfully    (Exit mode 0)
            Current function value: 0.07517777777777791
            Iterations: 4
            Function evaluations: 48
            Gradient evaluations: 4
       rank  accuracy     error
0  0.966956  0.313333  0.075178
Optimization terminated successfully    (Exit mode 0)
            Current function value: 0.07745555555555571
            Iterations: 4
            Function evaluations: 51
            Gradient evaluations: 4
     rank  accuracy     error
0  0.9671  0.306667  0.077456
Optimization terminated successfully    (Exit mode 0)
            Current function value: 0.07434444444444456
            Iterations: 6
            Function evaluations: 81
            Gradient evaluations: 6
       rank  accuracy     error
0  0.966811  0.316667  0.074344
Optimization terminated successfully    (Exit mode 0)
            Current function value: 0.055033333333333385
            Iterations: 4
            Function evaluations: 61
            Gradient evaluations: 4
     rank  accuracy     error
0  0.9735  0.313333  0.055033
✨ Experiment complete. Results archived at: /mnt/beegfs/hellgate/home/tp183485/timecorr_trazzp/Cluster_Data/intact_100_10_10_isfc_TruncatedSVD_30_gaussian.csv
