corrs 1
sub corrs 10
corrs 2
sub corrs 20
corrs 3
sub corrs 30
corrs 4
sub corrs 40
corrs 5
sub corrs 50
corrs 6
sub corrs 60
corrs 7
sub corrs 70
corrs 8
sub corrs 80
corrs 9
sub corrs 90
corrs 10
sub corrs 100
Optimization terminated successfully    (Exit mode 0)
            Current function value: 0.11404444444444437
            Iterations: 1
            Function evaluations: 2
            Gradient evaluations: 1
       rank  accuracy     error
0  0.968422  0.266667  0.114044
Optimization terminated successfully    (Exit mode 0)
            Current function value: 0.08203333333333344
            Iterations: 5
            Function evaluations: 29
            Gradient evaluations: 5
       rank  accuracy     error
0  0.965989  0.276667  0.082033
Optimization terminated successfully    (Exit mode 0)
            Current function value: 0.0541444444444445
            Iterations: 7
            Function evaluations: 41
            Gradient evaluations: 7
     rank  accuracy     error
0  0.9761  0.283333  0.054144
Optimization terminated successfully    (Exit mode 0)
            Current function value: 0.05390000000000005
            Iterations: 8
            Function evaluations: 53
            Gradient evaluations: 8
       rank  accuracy   error
0  0.975544  0.276667  0.0539
Optimization terminated successfully    (Exit mode 0)
            Current function value: 0.0508444444444445
            Iterations: 6
            Function evaluations: 52
            Gradient evaluations: 6
     rank  accuracy     error
0  0.9778  0.283333  0.050844
Optimization terminated successfully    (Exit mode 0)
            Current function value: 0.06673333333333345
            Iterations: 4
            Function evaluations: 39
            Gradient evaluations: 4
       rank  accuracy     error
0  0.963222  0.246667  0.066733
Optimization terminated successfully    (Exit mode 0)
            Current function value: 0.04480000000000001
            Iterations: 11
            Function evaluations: 104
            Gradient evaluations: 11
       rank  accuracy   error
0  0.979578  0.293333  0.0448
Optimization terminated successfully    (Exit mode 0)
            Current function value: 0.04785555555555559
            Iterations: 7
            Function evaluations: 76
            Gradient evaluations: 7
       rank  accuracy     error
0  0.980878  0.283333  0.047856
Optimization terminated successfully    (Exit mode 0)
            Current function value: 0.04601111111111112
            Iterations: 7
            Function evaluations: 87
            Gradient evaluations: 7
       rank  accuracy     error
0  0.977967      0.28  0.046011
Optimization terminated successfully    (Exit mode 0)
            Current function value: 0.04135555555555557
            Iterations: 10
            Function evaluations: 125
            Gradient evaluations: 10
     rank  accuracy     error
0  0.9817  0.283333  0.041356
Optimization terminated successfully    (Exit mode 0)
            Current function value: 0.04701111111111113
            Iterations: 8
            Function evaluations: 114
            Gradient evaluations: 8
       rank  accuracy     error
0  0.980344  0.283333  0.047011
corrs 1
sub corrs 10
corrs 2
sub corrs 20
corrs 3
sub corrs 30
corrs 4
sub corrs 40
corrs 5
sub corrs 50
corrs 6
sub corrs 60
corrs 7
sub corrs 70
corrs 8
sub corrs 80
corrs 9
sub corrs 90
corrs 10
sub corrs 100
Optimization terminated successfully    (Exit mode 0)
            Current function value: 0.08148888888888897
            Iterations: 1
            Function evaluations: 2
            Gradient evaluations: 1
     rank  accuracy     error
0  0.9671  0.303333  0.081489
Optimization terminated successfully    (Exit mode 0)
            Current function value: 0.06554444444444454
            Iterations: 7
            Function evaluations: 37
            Gradient evaluations: 7
       rank  accuracy     error
0  0.966589  0.293333  0.065544
Optimization terminated successfully    (Exit mode 0)
            Current function value: 0.06131111111111123
            Iterations: 7
            Function evaluations: 40
            Gradient evaluations: 7
       rank  accuracy     error
0  0.972689  0.306667  0.061311
Optimization terminated successfully    (Exit mode 0)
            Current function value: 0.062055555555555676
            Iterations: 6
            Function evaluations: 45
            Gradient evaluations: 6
       rank  accuracy     error
0  0.973433  0.296667  0.062056
Optimization terminated successfully    (Exit mode 0)
            Current function value: 0.05927777777777789
            Iterations: 8
            Function evaluations: 60
            Gradient evaluations: 8
     rank  accuracy     error
0  0.9736      0.31  0.059278
Optimization terminated successfully    (Exit mode 0)
            Current function value: 0.10407777777777782
            Iterations: 3
            Function evaluations: 33
            Gradient evaluations: 3
       rank  accuracy     error
0  0.860744      0.14  0.104078
Optimization terminated successfully    (Exit mode 0)
            Current function value: 0.03753333333333333
            Iterations: 13
            Function evaluations: 124
            Gradient evaluations: 13
       rank  accuracy     error
0  0.976722       0.3  0.037533
Optimization terminated successfully    (Exit mode 0)
            Current function value: 0.04042222222222222
            Iterations: 7
            Function evaluations: 75
            Gradient evaluations: 7
       rank  accuracy     error
0  0.975878  0.283333  0.040422
Optimization terminated successfully    (Exit mode 0)
            Current function value: 0.03586666666666665
            Iterations: 14
            Function evaluations: 158
            Gradient evaluations: 14
       rank  accuracy     error
0  0.978422  0.316667  0.035867
Optimization terminated successfully    (Exit mode 0)
            Current function value: 0.037499999999999985
            Iterations: 10
            Function evaluations: 126
            Gradient evaluations: 10
       rank  accuracy   error
0  0.977756  0.306667  0.0375
Optimization terminated successfully    (Exit mode 0)
            Current function value: 0.04151111111111112
            Iterations: 9
            Function evaluations: 123
            Gradient evaluations: 9
       rank  accuracy     error
0  0.977989  0.316667  0.041511
✨ Experiment complete. Results archived at: /mnt/beegfs/hellgate/home/tp183485/timecorr_trazzp/Cluster_Data/intact_100_10_10_isfc_KernelPCA_40_mexican_hat.csv
