corrs 1
sub corrs 10
corrs 2
sub corrs 20
corrs 3
sub corrs 30
corrs 4
sub corrs 40
corrs 5
sub corrs 50
corrs 6
sub corrs 60
corrs 7
sub corrs 70
corrs 8
sub corrs 80
corrs 9
sub corrs 90
corrs 10
sub corrs 100
Optimization terminated successfully    (Exit mode 0)
            Current function value: 0.18397221020761229
            Iterations: 1
            Function evaluations: 2
            Gradient evaluations: 1
       rank  accuracy     error
0  0.925322  0.194853  0.183972
Optimization terminated successfully    (Exit mode 0)
            Current function value: 0.27370782871972305
            Iterations: 3
            Function evaluations: 22
            Gradient evaluations: 3
       rank  accuracy     error
0  0.911535  0.099265  0.273708
Optimization terminated successfully    (Exit mode 0)
            Current function value: 0.18397221020761229
            Iterations: 4
            Function evaluations: 27
            Gradient evaluations: 4
       rank  accuracy     error
0  0.925322  0.194853  0.183972
Optimization terminated successfully    (Exit mode 0)
            Current function value: 0.1761597102076123
            Iterations: 4
            Function evaluations: 31
            Gradient evaluations: 4
       rank  accuracy    error
0  0.924686  0.194853  0.17616
Optimization terminated successfully    (Exit mode 0)
            Current function value: 0.1709558823529411
            Iterations: 8
            Function evaluations: 64
            Gradient evaluations: 8
       rank  accuracy     error
0  0.924727  0.198529  0.170956
Optimization terminated successfully    (Exit mode 0)
            Current function value: 0.17091533304498263
            Iterations: 7
            Function evaluations: 62
            Gradient evaluations: 7
       rank  accuracy     error
0  0.923632  0.194853  0.170915
Optimization terminated successfully    (Exit mode 0)
            Current function value: 0.1646977724913494
            Iterations: 6
            Function evaluations: 66
            Gradient evaluations: 6
       rank  accuracy     error
0  0.923578  0.191176  0.164698
Optimization terminated successfully    (Exit mode 0)
            Current function value: 0.17314554498269888
            Iterations: 7
            Function evaluations: 78
            Gradient evaluations: 7
       rank  accuracy     error
0  0.925241  0.194853  0.173146
Optimization terminated successfully    (Exit mode 0)
            Current function value: 0.15873702422145314
            Iterations: 6
            Function evaluations: 72
            Gradient evaluations: 6
       rank  accuracy     error
0  0.924281  0.191176  0.158737
Optimization terminated successfully    (Exit mode 0)
            Current function value: 0.1747404844290656
            Iterations: 7
            Function evaluations: 91
            Gradient evaluations: 7
       rank  accuracy    error
0  0.924903  0.194853  0.17474
Optimization terminated successfully    (Exit mode 0)
            Current function value: 0.17111807958477498
            Iterations: 7
            Function evaluations: 95
            Gradient evaluations: 7
       rank  accuracy     error
0  0.924849  0.191176  0.171118
corrs 1
sub corrs 10
corrs 2
sub corrs 20
corrs 3
sub corrs 30
corrs 4
sub corrs 40
corrs 5
sub corrs 50
corrs 6
sub corrs 60
corrs 7
sub corrs 70
corrs 8
sub corrs 80
corrs 9
sub corrs 90
corrs 10
sub corrs 100
Optimization terminated successfully    (Exit mode 0)
            Current function value: 0.1864592344290656
            Iterations: 1
            Function evaluations: 2
            Gradient evaluations: 1
     rank  accuracy     error
0  0.9267  0.216912  0.186459
Optimization terminated successfully    (Exit mode 0)
            Current function value: 0.1864592344290656
            Iterations: 3
            Function evaluations: 9
            Gradient evaluations: 3
     rank  accuracy     error
0  0.9267  0.216912  0.186459
Optimization terminated successfully    (Exit mode 0)
            Current function value: 0.1864592344290656
            Iterations: 3
            Function evaluations: 12
            Gradient evaluations: 3
     rank  accuracy     error
0  0.9267  0.216912  0.186459
Optimization terminated successfully    (Exit mode 0)
            Current function value: 0.18251243512110712
            Iterations: 8
            Function evaluations: 59
            Gradient evaluations: 8
       rank  accuracy     error
0  0.926727  0.198529  0.182512
Optimization terminated successfully    (Exit mode 0)
            Current function value: 0.18505352508650505
            Iterations: 6
            Function evaluations: 47
            Gradient evaluations: 6
     rank  accuracy     error
0  0.9267  0.216912  0.185054
Optimization terminated successfully    (Exit mode 0)
            Current function value: 0.1840803416955016
            Iterations: 6
            Function evaluations: 54
            Gradient evaluations: 6
       rank  accuracy    error
0  0.925565  0.220588  0.18408
Optimization terminated successfully    (Exit mode 0)
            Current function value: 0.18418847318339088
            Iterations: 5
            Function evaluations: 51
            Gradient evaluations: 5
       rank  accuracy     error
0  0.926795  0.216912  0.184188
Optimization terminated successfully    (Exit mode 0)
            Current function value: 0.1833910034602075
            Iterations: 9
            Function evaluations: 94
            Gradient evaluations: 9
       rank  accuracy     error
0  0.927038  0.213235  0.183391
Optimization terminated successfully    (Exit mode 0)
            Current function value: 0.18071474913494798
            Iterations: 10
            Function evaluations: 115
            Gradient evaluations: 10
       rank  accuracy     error
0  0.926389  0.202206  0.180715
Optimization terminated successfully    (Exit mode 0)
            Current function value: 0.17791684688581302
            Iterations: 7
            Function evaluations: 94
            Gradient evaluations: 7
     rank  accuracy     error
0  0.9272  0.216912  0.177917
Optimization terminated successfully    (Exit mode 0)
            Current function value: 0.18552660034602067
            Iterations: 5
            Function evaluations: 71
            Gradient evaluations: 5
       rank  accuracy     error
0  0.926998  0.216912  0.185527
✨ Experiment complete. Results archived at: /mnt/beegfs/hellgate/home/tp183485/timecorr_trazzp/Cluster_Data/paragraph_100_10_10_isfc_FastICA_50_mexican_hat.csv
