corrs 1
sub corrs 10
corrs 2
sub corrs 20
corrs 3
sub corrs 30
corrs 4
sub corrs 40
corrs 5
sub corrs 50
corrs 6
sub corrs 60
corrs 7
sub corrs 70
corrs 8
sub corrs 80
corrs 9
sub corrs 90
corrs 10
sub corrs 100
Optimization terminated successfully    (Exit mode 0)
            Current function value: 0.08464444444444451
            Iterations: 1
            Function evaluations: 2
            Gradient evaluations: 1
       rank  accuracy     error
0  0.961378  0.263333  0.084644
Optimization terminated successfully    (Exit mode 0)
            Current function value: 0.08464444444444451
            Iterations: 3
            Function evaluations: 9
            Gradient evaluations: 3
       rank  accuracy     error
0  0.961378  0.263333  0.084644
Optimization terminated successfully    (Exit mode 0)
            Current function value: 0.08464444444444451
            Iterations: 3
            Function evaluations: 23
            Gradient evaluations: 3
       rank  accuracy     error
0  0.961378  0.263333  0.084644
Optimization terminated successfully    (Exit mode 0)
            Current function value: 0.08464444444444451
            Iterations: 6
            Function evaluations: 41
            Gradient evaluations: 6
       rank  accuracy     error
0  0.961378  0.263333  0.084644
Optimization terminated successfully    (Exit mode 0)
            Current function value: 0.08464444444444451
            Iterations: 9
            Function evaluations: 65
            Gradient evaluations: 9
       rank  accuracy     error
0  0.961378  0.263333  0.084644
Optimization terminated successfully    (Exit mode 0)
            Current function value: 0.08612222222222228
            Iterations: 9
            Function evaluations: 76
            Gradient evaluations: 9
     rank  accuracy     error
0  0.9611      0.26  0.086122
Optimization terminated successfully    (Exit mode 0)
            Current function value: 0.08618888888888894
            Iterations: 7
            Function evaluations: 68
            Gradient evaluations: 7
       rank  accuracy     error
0  0.960867  0.256667  0.086189
Optimization terminated successfully    (Exit mode 0)
            Current function value: 0.2665333333333332
            Iterations: 4
            Function evaluations: 47
            Gradient evaluations: 4
       rank  accuracy     error
0  0.935667  0.013333  0.266533
Optimization terminated successfully    (Exit mode 0)
            Current function value: 0.27071111111111096
            Iterations: 6
            Function evaluations: 72
            Gradient evaluations: 6
     rank  accuracy     error
0  0.8914  0.006667  0.270711
Optimization terminated successfully    (Exit mode 0)
            Current function value: 0.26649999999999985
            Iterations: 6
            Function evaluations: 79
            Gradient evaluations: 6
       rank  accuracy   error
0  0.936644  0.013333  0.2665
Optimization terminated successfully    (Exit mode 0)
            Current function value: 0.27497777777777765
            Iterations: 6
            Function evaluations: 85
            Gradient evaluations: 6
       rank  accuracy     error
0  0.933733  0.006667  0.274978
corrs 1
sub corrs 10
corrs 2
sub corrs 20
corrs 3
sub corrs 30
corrs 4
sub corrs 40
corrs 5
sub corrs 50
corrs 6
sub corrs 60
corrs 7
sub corrs 70
corrs 8
sub corrs 80
corrs 9
sub corrs 90
corrs 10
sub corrs 100
Optimization terminated successfully    (Exit mode 0)
            Current function value: 0.10658888888888897
            Iterations: 1
            Function evaluations: 2
            Gradient evaluations: 1
       rank  accuracy     error
0  0.960889  0.276667  0.106589
Optimization terminated successfully    (Exit mode 0)
            Current function value: 0.10658888888888897
            Iterations: 3
            Function evaluations: 9
            Gradient evaluations: 3
       rank  accuracy     error
0  0.960889  0.276667  0.106589
Optimization terminated successfully    (Exit mode 0)
            Current function value: 0.10658888888888897
            Iterations: 5
            Function evaluations: 20
            Gradient evaluations: 5
       rank  accuracy     error
0  0.960889  0.276667  0.106589
Optimization terminated successfully    (Exit mode 0)
            Current function value: 0.10658888888888897
            Iterations: 6
            Function evaluations: 30
            Gradient evaluations: 6
       rank  accuracy     error
0  0.960889  0.276667  0.106589
Optimization terminated successfully    (Exit mode 0)
            Current function value: 0.10658888888888897
            Iterations: 6
            Function evaluations: 36
            Gradient evaluations: 6
       rank  accuracy     error
0  0.960889  0.276667  0.106589
Optimization terminated successfully    (Exit mode 0)
            Current function value: 0.10658888888888897
            Iterations: 8
            Function evaluations: 57
            Gradient evaluations: 8
       rank  accuracy     error
0  0.960889  0.276667  0.106589
Optimization terminated successfully    (Exit mode 0)
            Current function value: 0.3195
            Iterations: 3
            Function evaluations: 43
            Gradient evaluations: 3
     rank  accuracy   error
0  0.8978      0.02  0.3195
Optimization terminated successfully    (Exit mode 0)
            Current function value: 0.244611111111111
            Iterations: 4
            Function evaluations: 47
            Gradient evaluations: 4
       rank  accuracy     error
0  0.946622  0.013333  0.244611
Optimization terminated successfully    (Exit mode 0)
            Current function value: 0.24752222222222206
            Iterations: 6
            Function evaluations: 75
            Gradient evaluations: 6
       rank  accuracy     error
0  0.947178  0.016667  0.247522
Optimization terminated successfully    (Exit mode 0)
            Current function value: 0.2494111111111109
            Iterations: 3
            Function evaluations: 44
            Gradient evaluations: 3
       rank  accuracy     error
0  0.945522  0.016667  0.249411
Optimization terminated successfully    (Exit mode 0)
            Current function value: 0.24942222222222205
            Iterations: 5
            Function evaluations: 71
            Gradient evaluations: 5
       rank  accuracy     error
0  0.945144      0.02  0.249422
✨ Experiment complete. Results archived at: /mnt/beegfs/hellgate/home/tp183485/timecorr_trazzp/Cluster_Data/intact_100_10_10_isfc_DictionaryLearning_40_mexican_hat.csv
