corrs 1
sub corrs 10
corrs 2
sub corrs 20
corrs 3
sub corrs 30
corrs 4
sub corrs 40
corrs 5
sub corrs 50
corrs 6
sub corrs 60
corrs 7
sub corrs 70
corrs 8
sub corrs 80
corrs 9
sub corrs 90
corrs 10
sub corrs 100
Optimization terminated successfully    (Exit mode 0)
            Current function value: 0.08435555555555571
            Iterations: 1
            Function evaluations: 2
            Gradient evaluations: 1
       rank  accuracy     error
0  0.965289  0.206667  0.084356
Optimization terminated successfully    (Exit mode 0)
            Current function value: 0.09712222222222228
            Iterations: 3
            Function evaluations: 22
            Gradient evaluations: 3
       rank  accuracy     error
0  0.942467  0.163333  0.097122
Optimization terminated successfully    (Exit mode 0)
            Current function value: 0.08192222222222234
            Iterations: 3
            Function evaluations: 23
            Gradient evaluations: 3
       rank  accuracy     error
0  0.938444      0.18  0.081922
Optimization terminated successfully    (Exit mode 0)
            Current function value: 0.07817777777777789
            Iterations: 4
            Function evaluations: 32
            Gradient evaluations: 4
     rank  accuracy     error
0  0.9125  0.156667  0.078178
Optimization terminated successfully    (Exit mode 0)
            Current function value: 0.07311111111111124
            Iterations: 5
            Function evaluations: 44
            Gradient evaluations: 5
       rank  accuracy     error
0  0.948933  0.186667  0.073111
Optimization terminated successfully    (Exit mode 0)
            Current function value: 0.08022222222222232
            Iterations: 7
            Function evaluations: 64
            Gradient evaluations: 7
     rank  accuracy     error
0  0.9151  0.156667  0.080222
Optimization terminated successfully    (Exit mode 0)
            Current function value: 0.07003333333333348
            Iterations: 9
            Function evaluations: 89
            Gradient evaluations: 9
       rank  accuracy     error
0  0.959844  0.203333  0.070033
Optimization terminated successfully    (Exit mode 0)
            Current function value: 0.08045555555555567
            Iterations: 3
            Function evaluations: 38
            Gradient evaluations: 3
       rank  accuracy     error
0  0.938033      0.18  0.080456
Optimization terminated successfully    (Exit mode 0)
            Current function value: 0.06876666666666682
            Iterations: 7
            Function evaluations: 82
            Gradient evaluations: 7
       rank  accuracy     error
0  0.962878  0.206667  0.068767
Optimization terminated successfully    (Exit mode 0)
            Current function value: 0.08011111111111117
            Iterations: 6
            Function evaluations: 77
            Gradient evaluations: 6
       rank  accuracy     error
0  0.917122  0.156667  0.080111
Optimization terminated successfully    (Exit mode 0)
            Current function value: 0.06910000000000016
            Iterations: 7
            Function evaluations: 98
            Gradient evaluations: 7
     rank  accuracy   error
0  0.9638  0.206667  0.0691
corrs 1
sub corrs 10
corrs 2
sub corrs 20
corrs 3
sub corrs 30
corrs 4
sub corrs 40
corrs 5
sub corrs 50
corrs 6
sub corrs 60
corrs 7
sub corrs 70
corrs 8
sub corrs 80
corrs 9
sub corrs 90
corrs 10
sub corrs 100
Optimization terminated successfully    (Exit mode 0)
            Current function value: 0.1000222222222223
            Iterations: 1
            Function evaluations: 2
            Gradient evaluations: 1
       rank  accuracy     error
0  0.962567  0.216667  0.100022
Optimization terminated successfully    (Exit mode 0)
            Current function value: 0.08117777777777783
            Iterations: 4
            Function evaluations: 26
            Gradient evaluations: 4
     rank  accuracy     error
0  0.9604  0.203333  0.081178
Optimization terminated successfully    (Exit mode 0)
            Current function value: 0.0700555555555556
            Iterations: 4
            Function evaluations: 29
            Gradient evaluations: 4
       rank  accuracy     error
0  0.942867  0.173333  0.070056
Optimization terminated successfully    (Exit mode 0)
            Current function value: 0.06966666666666672
            Iterations: 3
            Function evaluations: 27
            Gradient evaluations: 3
       rank  accuracy     error
0  0.945522  0.183333  0.069667
Optimization terminated successfully    (Exit mode 0)
            Current function value: 0.07003333333333336
            Iterations: 6
            Function evaluations: 50
            Gradient evaluations: 6
       rank  accuracy     error
0  0.943556      0.18  0.070033
Optimization terminated successfully    (Exit mode 0)
            Current function value: 0.06493333333333337
            Iterations: 7
            Function evaluations: 61
            Gradient evaluations: 7
     rank  accuracy     error
0  0.9527      0.19  0.064933
Optimization terminated successfully    (Exit mode 0)
            Current function value: 0.06583333333333337
            Iterations: 7
            Function evaluations: 69
            Gradient evaluations: 7
       rank  accuracy     error
0  0.954556       0.2  0.065833
Optimization terminated successfully    (Exit mode 0)
            Current function value: 0.06712222222222225
            Iterations: 8
            Function evaluations: 91
            Gradient evaluations: 8
       rank  accuracy     error
0  0.945911      0.18  0.067122
Optimization terminated successfully    (Exit mode 0)
            Current function value: 0.07022222222222227
            Iterations: 6
            Function evaluations: 78
            Gradient evaluations: 6
       rank  accuracy     error
0  0.950478      0.19  0.070222
Optimization terminated successfully    (Exit mode 0)
            Current function value: 0.0682666666666667
            Iterations: 5
            Function evaluations: 70
            Gradient evaluations: 5
       rank  accuracy     error
0  0.950656  0.196667  0.068267
Optimization terminated successfully    (Exit mode 0)
            Current function value: 0.07138888888888892
            Iterations: 5
            Function evaluations: 71
            Gradient evaluations: 5
       rank  accuracy     error
0  0.949433      0.18  0.071389
✨ Experiment complete. Results archived at: /mnt/beegfs/hellgate/home/tp183485/timecorr_trazzp/Cluster_Data/intact_100_10_10_isfc_TruncatedSVD_20_mexican_hat.csv
