corrs 1
sub corrs 10
corrs 2
sub corrs 20
corrs 3
sub corrs 30
corrs 4
sub corrs 40
corrs 5
sub corrs 50
corrs 6
sub corrs 60
corrs 7
sub corrs 70
corrs 8
sub corrs 80
corrs 9
sub corrs 90
corrs 10
sub corrs 100
Optimization terminated successfully    (Exit mode 0)
            Current function value: 0.07913333333333351
            Iterations: 1
            Function evaluations: 2
            Gradient evaluations: 1
       rank  accuracy     error
0  0.968578  0.216667  0.079133
Optimization terminated successfully    (Exit mode 0)
            Current function value: 0.02808888888888884
            Iterations: 5
            Function evaluations: 28
            Gradient evaluations: 5
       rank  accuracy     error
0  0.977789  0.283333  0.028089
Optimization terminated successfully    (Exit mode 0)
            Current function value: 0.011622222222222244
            Iterations: 4
            Function evaluations: 17
            Gradient evaluations: 4
       rank  accuracy     error
0  0.959933  0.193333  0.011622
Optimization terminated successfully    (Exit mode 0)
            Current function value: 0.010744444444444464
            Iterations: 5
            Function evaluations: 37
            Gradient evaluations: 5
     rank  accuracy     error
0  0.9712      0.21  0.010744
Optimization terminated successfully    (Exit mode 0)
            Current function value: 0.01138888888888891
            Iterations: 8
            Function evaluations: 64
            Gradient evaluations: 8
       rank  accuracy     error
0  0.959144  0.206667  0.011389
Optimization terminated successfully    (Exit mode 0)
            Current function value: 0.011522222222222238
            Iterations: 10
            Function evaluations: 89
            Gradient evaluations: 10
       rank  accuracy     error
0  0.948878  0.216667  0.011522
Optimization terminated successfully    (Exit mode 0)
            Current function value: 0.010011111111111127
            Iterations: 7
            Function evaluations: 68
            Gradient evaluations: 7
       rank  accuracy     error
0  0.961211  0.206667  0.010011
Optimization terminated successfully    (Exit mode 0)
            Current function value: 0.010855555555555573
            Iterations: 4
            Function evaluations: 49
            Gradient evaluations: 4
       rank  accuracy     error
0  0.955056      0.21  0.010856
Optimization terminated successfully    (Exit mode 0)
            Current function value: 0.011977777777777796
            Iterations: 6
            Function evaluations: 76
            Gradient evaluations: 6
       rank  accuracy     error
0  0.951556  0.193333  0.011978
Optimization terminated successfully    (Exit mode 0)
            Current function value: 0.01241111111111113
            Iterations: 5
            Function evaluations: 67
            Gradient evaluations: 5
       rank  accuracy     error
0  0.958422  0.173333  0.012411
Optimization terminated successfully    (Exit mode 0)
            Current function value: 0.010011111111111129
            Iterations: 7
            Function evaluations: 99
            Gradient evaluations: 7
       rank  accuracy     error
0  0.967922      0.21  0.010011
corrs 1
sub corrs 10
corrs 2
sub corrs 20
corrs 3
sub corrs 30
corrs 4
sub corrs 40
corrs 5
sub corrs 50
corrs 6
sub corrs 60
corrs 7
sub corrs 70
corrs 8
sub corrs 80
corrs 9
sub corrs 90
corrs 10
sub corrs 100
Optimization terminated successfully    (Exit mode 0)
            Current function value: 0.10598888888888905
            Iterations: 1
            Function evaluations: 2
            Gradient evaluations: 1
       rank  accuracy     error
0  0.966456      0.26  0.105989
Optimization terminated successfully    (Exit mode 0)
            Current function value: 0.023355555555555515
            Iterations: 5
            Function evaluations: 27
            Gradient evaluations: 5
     rank  accuracy     error
0  0.9811  0.286667  0.023356
Optimization terminated successfully    (Exit mode 0)
            Current function value: 0.016999999999999987
            Iterations: 8
            Function evaluations: 44
            Gradient evaluations: 8
       rank  accuracy  error
0  0.958867  0.233333  0.017
Optimization terminated successfully    (Exit mode 0)
            Current function value: 0.015655555555555544
            Iterations: 4
            Function evaluations: 31
            Gradient evaluations: 4
       rank  accuracy     error
0  0.948889  0.233333  0.015656
Optimization terminated successfully    (Exit mode 0)
            Current function value: 0.015022222222222216
            Iterations: 5
            Function evaluations: 41
            Gradient evaluations: 5
       rank  accuracy     error
0  0.956533  0.223333  0.015022
Optimization terminated successfully    (Exit mode 0)
            Current function value: 0.01466666666666665
            Iterations: 6
            Function evaluations: 54
            Gradient evaluations: 6
       rank  accuracy     error
0  0.939222      0.18  0.014667
Optimization terminated successfully    (Exit mode 0)
            Current function value: 0.01435555555555554
            Iterations: 4
            Function evaluations: 45
            Gradient evaluations: 4
       rank  accuracy     error
0  0.931611       0.2  0.014356
Optimization terminated successfully    (Exit mode 0)
            Current function value: 0.01534444444444443
            Iterations: 5
            Function evaluations: 56
            Gradient evaluations: 5
       rank  accuracy     error
0  0.934122  0.173333  0.015344
Optimization terminated successfully    (Exit mode 0)
            Current function value: 0.014333333333333321
            Iterations: 6
            Function evaluations: 74
            Gradient evaluations: 6
       rank  accuracy     error
0  0.944889      0.19  0.014333
Optimization terminated successfully    (Exit mode 0)
            Current function value: 0.014133333333333328
            Iterations: 6
            Function evaluations: 81
            Gradient evaluations: 6
       rank  accuracy     error
0  0.959711      0.21  0.014133
Optimization terminated successfully    (Exit mode 0)
            Current function value: 0.013888888888888878
            Iterations: 6
            Function evaluations: 87
            Gradient evaluations: 6
       rank  accuracy     error
0  0.950467      0.21  0.013889
✨ Experiment complete. Results archived at: /mnt/beegfs/hellgate/home/tp183485/timecorr_trazzp/Cluster_Data/intact_100_10_10_isfc_Isomap_5_laplace.csv
