corrs 1
sub corrs 10
corrs 2
sub corrs 20
corrs 3
sub corrs 30
corrs 4
sub corrs 40
corrs 5
sub corrs 50
corrs 6
sub corrs 60
corrs 7
sub corrs 70
corrs 8
sub corrs 80
corrs 9
sub corrs 90
corrs 10
sub corrs 100
Optimization terminated successfully    (Exit mode 0)
            Current function value: 0.18654033304498246
            Iterations: 1
            Function evaluations: 2
            Gradient evaluations: 1
       rank  accuracy    error
0  0.905736  0.139706  0.18654
Optimization terminated successfully    (Exit mode 0)
            Current function value: 0.18654033304498246
            Iterations: 3
            Function evaluations: 9
            Gradient evaluations: 3
       rank  accuracy    error
0  0.905736  0.139706  0.18654
Optimization terminated successfully    (Exit mode 0)
            Current function value: 0.32769247404844265
            Iterations: 3
            Function evaluations: 24
            Gradient evaluations: 3
       rank  accuracy     error
0  0.846615  0.003676  0.327692
Optimization terminated successfully    (Exit mode 0)
            Current function value: 0.30452530276816625
            Iterations: 3
            Function evaluations: 26
            Gradient evaluations: 3
       rank  accuracy     error
0  0.882339  0.003676  0.304525
Optimization terminated successfully    (Exit mode 0)
            Current function value: 0.4103860294117649
            Iterations: 2
            Function evaluations: 23
            Gradient evaluations: 2
       rank  accuracy     error
0  0.953706  0.003676  0.410386
Optimization terminated successfully    (Exit mode 0)
            Current function value: 0.4568014705882353
            Iterations: 2
            Function evaluations: 25
            Gradient evaluations: 2
       rank  accuracy     error
0  0.976765  0.003676  0.456801
Optimization terminated successfully    (Exit mode 0)
            Current function value: 0.47400789359861595
            Iterations: 1
            Function evaluations: 19
            Gradient evaluations: 1
       rank  accuracy     error
0  0.994837  0.003676  0.474008
Optimization terminated successfully    (Exit mode 0)
            Current function value: 0.4844290657439448
            Iterations: 2
            Function evaluations: 29
            Gradient evaluations: 2
       rank  accuracy     error
0  0.999338  0.003676  0.484429
Optimization terminated successfully    (Exit mode 0)
            Current function value: 0.49816176470588236
            Iterations: 1
            Function evaluations: 10
            Gradient evaluations: 1
   rank  accuracy     error
0   1.0  0.003676  0.498162
Optimization terminated successfully    (Exit mode 0)
            Current function value: 0.49816176470588236
            Iterations: 1
            Function evaluations: 11
            Gradient evaluations: 1
   rank  accuracy     error
0   1.0  0.003676  0.498162
Optimization terminated successfully    (Exit mode 0)
            Current function value: 0.49816176470588236
            Iterations: 1
            Function evaluations: 12
            Gradient evaluations: 1
   rank  accuracy     error
0   1.0  0.003676  0.498162
corrs 1
sub corrs 10
corrs 2
sub corrs 20
corrs 3
sub corrs 30
corrs 4
sub corrs 40
corrs 5
sub corrs 50
corrs 6
sub corrs 60
corrs 7
sub corrs 70
corrs 8
sub corrs 80
corrs 9
sub corrs 90
corrs 10
sub corrs 100
Optimization terminated successfully    (Exit mode 0)
            Current function value: 0.18410737456747392
            Iterations: 1
            Function evaluations: 2
            Gradient evaluations: 1
       rank  accuracy     error
0  0.904493  0.165441  0.184107
Optimization terminated successfully    (Exit mode 0)
            Current function value: 0.18410737456747392
            Iterations: 4
            Function evaluations: 13
            Gradient evaluations: 4
       rank  accuracy     error
0  0.904493  0.165441  0.184107
Optimization terminated successfully    (Exit mode 0)
            Current function value: 0.29899708044982665
            Iterations: 4
            Function evaluations: 29
            Gradient evaluations: 4
      rank  accuracy     error
0  0.89568  0.055147  0.298997
Optimization terminated successfully    (Exit mode 0)
            Current function value: 0.300037846020761
            Iterations: 2
            Function evaluations: 21
            Gradient evaluations: 2
       rank  accuracy     error
0  0.854955  0.007353  0.300038
Optimization terminated successfully    (Exit mode 0)
            Current function value: 0.30382244809688563
            Iterations: 3
            Function evaluations: 29
            Gradient evaluations: 3
       rank  accuracy     error
0  0.868066  0.014706  0.303822
Optimization terminated successfully    (Exit mode 0)
            Current function value: 0.37117484861591676
            Iterations: 8
            Function evaluations: 68
            Gradient evaluations: 8
       rank  accuracy     error
0  0.975468  0.029412  0.371175
Optimization terminated successfully    (Exit mode 0)
            Current function value: 0.46481671712802775
            Iterations: 3
            Function evaluations: 36
            Gradient evaluations: 3
      rank  accuracy     error
0  0.99462  0.007353  0.464817
Optimization terminated successfully    (Exit mode 0)
            Current function value: 0.47068285034602075
            Iterations: 2
            Function evaluations: 18
            Gradient evaluations: 2
       rank  accuracy     error
0  0.999203  0.007353  0.470683
Optimization terminated successfully    (Exit mode 0)
            Current function value: 0.49816176470588236
            Iterations: 1
            Function evaluations: 10
            Gradient evaluations: 1
   rank  accuracy     error
0   1.0  0.003676  0.498162
Optimization terminated successfully    (Exit mode 0)
            Current function value: 0.49816176470588236
            Iterations: 1
            Function evaluations: 11
            Gradient evaluations: 1
   rank  accuracy     error
0   1.0  0.003676  0.498162
Optimization terminated successfully    (Exit mode 0)
            Current function value: 0.49816176470588236
            Iterations: 1
            Function evaluations: 12
            Gradient evaluations: 1
   rank  accuracy     error
0   1.0  0.003676  0.498162
✨ Experiment complete. Results archived at: /mnt/beegfs/hellgate/home/tp183485/timecorr_trazzp/Cluster_Data/paragraph_100_10_10_isfc_DictionaryLearning_5_gaussian.csv
