corrs 1
sub corrs 10
corrs 2
sub corrs 20
corrs 3
sub corrs 30
corrs 4
sub corrs 40
corrs 5
sub corrs 50
corrs 6
sub corrs 60
corrs 7
sub corrs 70
corrs 8
sub corrs 80
corrs 9
sub corrs 90
corrs 10
sub corrs 100
Optimization terminated successfully    (Exit mode 0)
            Current function value: 0.07173333333333343
            Iterations: 1
            Function evaluations: 2
            Gradient evaluations: 1
       rank  accuracy     error
0  0.969733  0.253333  0.071733
Optimization terminated successfully    (Exit mode 0)
            Current function value: 0.06983333333333344
            Iterations: 7
            Function evaluations: 36
            Gradient evaluations: 7
       rank  accuracy     error
0  0.969489  0.253333  0.069833
Optimization terminated successfully    (Exit mode 0)
            Current function value: 0.07107777777777788
            Iterations: 6
            Function evaluations: 35
            Gradient evaluations: 6
       rank  accuracy     error
0  0.969478  0.253333  0.071078
Optimization terminated successfully    (Exit mode 0)
            Current function value: 0.06120000000000006
            Iterations: 4
            Function evaluations: 32
            Gradient evaluations: 4
       rank  accuracy   error
0  0.973533      0.25  0.0612
Optimization terminated successfully    (Exit mode 0)
            Current function value: 0.05348888888888891
            Iterations: 3
            Function evaluations: 29
            Gradient evaluations: 3
       rank  accuracy     error
0  0.973856  0.263333  0.053489
Optimization terminated successfully    (Exit mode 0)
            Current function value: 0.05364444444444448
            Iterations: 3
            Function evaluations: 32
            Gradient evaluations: 3
       rank  accuracy     error
0  0.974267  0.266667  0.053644
Optimization terminated successfully    (Exit mode 0)
            Current function value: 0.0
            Iterations: 1
            Function evaluations: 8
            Gradient evaluations: 1
   rank  accuracy  error
0   1.0       1.0    0.0
Optimization terminated successfully    (Exit mode 0)
            Current function value: 0.0
            Iterations: 1
            Function evaluations: 9
            Gradient evaluations: 1
   rank  accuracy  error
0   1.0       1.0    0.0
Optimization terminated successfully    (Exit mode 0)
            Current function value: 0.0
            Iterations: 1
            Function evaluations: 10
            Gradient evaluations: 1
   rank  accuracy  error
0   1.0       1.0    0.0
Optimization terminated successfully    (Exit mode 0)
            Current function value: 0.0
            Iterations: 1
            Function evaluations: 11
            Gradient evaluations: 1
   rank  accuracy  error
0   1.0       1.0    0.0
Optimization terminated successfully    (Exit mode 0)
            Current function value: 0.0
            Iterations: 1
            Function evaluations: 12
            Gradient evaluations: 1
   rank  accuracy  error
0   1.0       1.0    0.0
corrs 1
sub corrs 10
corrs 2
sub corrs 20
corrs 3
sub corrs 30
corrs 4
sub corrs 40
corrs 5
sub corrs 50
corrs 6
sub corrs 60
corrs 7
sub corrs 70
corrs 8
sub corrs 80
corrs 9
sub corrs 90
corrs 10
sub corrs 100
Optimization terminated successfully    (Exit mode 0)
            Current function value: 0.09287777777777793
            Iterations: 1
            Function evaluations: 2
            Gradient evaluations: 1
       rank  accuracy     error
0  0.970378      0.28  0.092878
Optimization terminated successfully    (Exit mode 0)
            Current function value: 0.09287777777777793
            Iterations: 4
            Function evaluations: 12
            Gradient evaluations: 4
       rank  accuracy     error
0  0.970378      0.28  0.092878
Optimization terminated successfully    (Exit mode 0)
            Current function value: 0.09926666666666681
            Iterations: 4
            Function evaluations: 27
            Gradient evaluations: 4
       rank  accuracy     error
0  0.967944      0.32  0.099267
Optimization terminated successfully    (Exit mode 0)
            Current function value: 0.04433333333333331
            Iterations: 6
            Function evaluations: 43
            Gradient evaluations: 6
       rank  accuracy     error
0  0.960833  0.206667  0.044333
Optimization terminated successfully    (Exit mode 0)
            Current function value: 0.04432222222222219
            Iterations: 8
            Function evaluations: 62
            Gradient evaluations: 8
       rank  accuracy     error
0  0.960844  0.206667  0.044322
Optimization terminated successfully    (Exit mode 0)
            Current function value: 0.048911111111111086
            Iterations: 6
            Function evaluations: 57
            Gradient evaluations: 6
       rank  accuracy     error
0  0.962978  0.226667  0.048911
Optimization terminated successfully    (Exit mode 0)
            Current function value: 0.0
            Iterations: 1
            Function evaluations: 8
            Gradient evaluations: 1
   rank  accuracy  error
0   1.0       1.0    0.0
Optimization terminated successfully    (Exit mode 0)
            Current function value: 0.0
            Iterations: 1
            Function evaluations: 9
            Gradient evaluations: 1
   rank  accuracy  error
0   1.0       1.0    0.0
Optimization terminated successfully    (Exit mode 0)
            Current function value: 0.0
            Iterations: 1
            Function evaluations: 10
            Gradient evaluations: 1
   rank  accuracy  error
0   1.0       1.0    0.0
Optimization terminated successfully    (Exit mode 0)
            Current function value: 0.0
            Iterations: 1
            Function evaluations: 11
            Gradient evaluations: 1
   rank  accuracy  error
0   1.0       1.0    0.0
Optimization terminated successfully    (Exit mode 0)
            Current function value: 0.0
            Iterations: 1
            Function evaluations: 12
            Gradient evaluations: 1
   rank  accuracy  error
0   1.0       1.0    0.0
✨ Experiment complete. Results archived at: /mnt/beegfs/hellgate/home/tp183485/timecorr_trazzp/Cluster_Data/intact_100_10_10_isfc_LocallyLinearEmbedding_40_mexican_hat.csv
