corrs 1
sub corrs 10
corrs 2
sub corrs 20
corrs 3
sub corrs 30
corrs 4
sub corrs 40
corrs 5
sub corrs 50
corrs 6
sub corrs 60
corrs 7
sub corrs 70
corrs 8
sub corrs 80
corrs 9
sub corrs 90
corrs 10
sub corrs 100
Optimization terminated successfully    (Exit mode 0)
            Current function value: 0.07405555555555564
            Iterations: 1
            Function evaluations: 2
            Gradient evaluations: 1
    rank  accuracy     error
0  0.975      0.32  0.074056
Optimization terminated successfully    (Exit mode 0)
            Current function value: 0.08926666666666677
            Iterations: 2
            Function evaluations: 17
            Gradient evaluations: 2
       rank  accuracy     error
0  0.966478      0.27  0.089267
Optimization terminated successfully    (Exit mode 0)
            Current function value: 0.050555555555555555
            Iterations: 5
            Function evaluations: 32
            Gradient evaluations: 5
       rank  accuracy     error
0  0.977911  0.283333  0.050556
Optimization terminated successfully    (Exit mode 0)
            Current function value: 0.046588888888888874
            Iterations: 4
            Function evaluations: 33
            Gradient evaluations: 4
       rank  accuracy     error
0  0.976822  0.266667  0.046589
Optimization terminated successfully    (Exit mode 0)
            Current function value: 0.03479999999999999
            Iterations: 5
            Function evaluations: 41
            Gradient evaluations: 5
       rank  accuracy   error
0  0.980922  0.246667  0.0348
Optimization terminated successfully    (Exit mode 0)
            Current function value: 0.023711111111111086
            Iterations: 9
            Function evaluations: 83
            Gradient evaluations: 9
     rank  accuracy     error
0  0.9821  0.283333  0.023711
Optimization terminated successfully    (Exit mode 0)
            Current function value: 0.023388888888888865
            Iterations: 7
            Function evaluations: 72
            Gradient evaluations: 7
       rank  accuracy     error
0  0.982133  0.296667  0.023389
Optimization terminated successfully    (Exit mode 0)
            Current function value: 0.023099999999999975
            Iterations: 6
            Function evaluations: 66
            Gradient evaluations: 6
       rank  accuracy   error
0  0.982433  0.293333  0.0231
Optimization terminated successfully    (Exit mode 0)
            Current function value: 0.04914444444444443
            Iterations: 5
            Function evaluations: 63
            Gradient evaluations: 5
       rank  accuracy     error
0  0.978989  0.316667  0.049144
Optimization terminated successfully    (Exit mode 0)
            Current function value: 0.03794444444444441
            Iterations: 9
            Function evaluations: 113
            Gradient evaluations: 9
       rank  accuracy     error
0  0.980667  0.306667  0.037944
Optimization terminated successfully    (Exit mode 0)
            Current function value: 0.022977777777777767
            Iterations: 11
            Function evaluations: 148
            Gradient evaluations: 11
       rank  accuracy     error
0  0.981978      0.28  0.022978
corrs 1
sub corrs 10
corrs 2
sub corrs 20
corrs 3
sub corrs 30
corrs 4
sub corrs 40
corrs 5
sub corrs 50
corrs 6
sub corrs 60
corrs 7
sub corrs 70
corrs 8
sub corrs 80
corrs 9
sub corrs 90
corrs 10
sub corrs 100
Optimization terminated successfully    (Exit mode 0)
            Current function value: 0.08953333333333344
            Iterations: 1
            Function evaluations: 2
            Gradient evaluations: 1
       rank  accuracy     error
0  0.973178      0.29  0.089533
Optimization terminated successfully    (Exit mode 0)
            Current function value: 0.08493333333333343
            Iterations: 6
            Function evaluations: 31
            Gradient evaluations: 6
       rank  accuracy     error
0  0.970711  0.293333  0.084933
Optimization terminated successfully    (Exit mode 0)
            Current function value: 0.07175555555555566
            Iterations: 2
            Function evaluations: 19
            Gradient evaluations: 2
       rank  accuracy     error
0  0.970067  0.266667  0.071756
Optimization terminated successfully    (Exit mode 0)
            Current function value: 0.061100000000000015
            Iterations: 3
            Function evaluations: 29
            Gradient evaluations: 3
       rank  accuracy   error
0  0.971089  0.283333  0.0611
Optimization terminated successfully    (Exit mode 0)
            Current function value: 0.04926666666666667
            Iterations: 6
            Function evaluations: 53
            Gradient evaluations: 6
     rank  accuracy     error
0  0.9786  0.303333  0.049267
Optimization terminated successfully    (Exit mode 0)
            Current function value: 0.05078888888888889
            Iterations: 6
            Function evaluations: 60
            Gradient evaluations: 6
       rank  accuracy     error
0  0.979156  0.286667  0.050789
Optimization terminated successfully    (Exit mode 0)
            Current function value: 0.045288888888888885
            Iterations: 5
            Function evaluations: 52
            Gradient evaluations: 5
       rank  accuracy     error
0  0.979078  0.276667  0.045289
Optimization terminated successfully    (Exit mode 0)
            Current function value: 0.045311111111111094
            Iterations: 7
            Function evaluations: 78
            Gradient evaluations: 7
       rank  accuracy     error
0  0.979444      0.28  0.045311
Optimization terminated successfully    (Exit mode 0)
            Current function value: 0.04227777777777777
            Iterations: 9
            Function evaluations: 105
            Gradient evaluations: 9
       rank  accuracy     error
0  0.978256  0.263333  0.042278
Optimization terminated successfully    (Exit mode 0)
            Current function value: 0.05427777777777783
            Iterations: 8
            Function evaluations: 102
            Gradient evaluations: 8
       rank  accuracy     error
0  0.975156      0.24  0.054278
Optimization terminated successfully    (Exit mode 0)
            Current function value: 0.058788888888888925
            Iterations: 8
            Function evaluations: 112
            Gradient evaluations: 8
       rank  accuracy     error
0  0.974344  0.246667  0.058789
✨ Experiment complete. Results archived at: /mnt/beegfs/hellgate/home/tp183485/timecorr_trazzp/Cluster_Data/intact_100_10_10_isfc_SpectralEmbedding_15_laplace.csv
