corrs 1
sub corrs 10
corrs 2
sub corrs 20
corrs 3
sub corrs 30
corrs 4
sub corrs 40
corrs 5
sub corrs 50
corrs 6
sub corrs 60
corrs 7
sub corrs 70
corrs 8
sub corrs 80
corrs 9
sub corrs 90
corrs 10
sub corrs 100
Optimization terminated successfully    (Exit mode 0)
            Current function value: 0.1741322448096885
            Iterations: 1
            Function evaluations: 2
            Gradient evaluations: 1
       rank  accuracy     error
0  0.914144  0.139706  0.174132
Optimization terminated successfully    (Exit mode 0)
            Current function value: 0.13338019031141865
            Iterations: 7
            Function evaluations: 34
            Gradient evaluations: 7
       rank  accuracy    error
0  0.907872  0.136029  0.13338
Optimization terminated successfully    (Exit mode 0)
            Current function value: 0.13588073096885803
            Iterations: 6
            Function evaluations: 36
            Gradient evaluations: 6
       rank  accuracy     error
0  0.906236  0.132353  0.135881
Optimization terminated successfully    (Exit mode 0)
            Current function value: 0.09495296280276824
            Iterations: 6
            Function evaluations: 42
            Gradient evaluations: 6
       rank  accuracy     error
0  0.882407  0.095588  0.094953
Optimization terminated successfully    (Exit mode 0)
            Current function value: 0.09376351643598624
            Iterations: 10
            Function evaluations: 75
            Gradient evaluations: 10
       rank  accuracy     error
0  0.870377  0.091912  0.093764
Optimization terminated successfully    (Exit mode 0)
            Current function value: 0.09229022491349485
            Iterations: 3
            Function evaluations: 32
            Gradient evaluations: 3
       rank  accuracy    error
0  0.934824  0.143382  0.09229
Optimization terminated successfully    (Exit mode 0)
            Current function value: 0.0899518814878893
            Iterations: 6
            Function evaluations: 59
            Gradient evaluations: 6
       rank  accuracy     error
0  0.942001  0.154412  0.089952
Optimization terminated successfully    (Exit mode 0)
            Current function value: 0.09243890570934259
            Iterations: 4
            Function evaluations: 47
            Gradient evaluations: 4
       rank  accuracy     error
0  0.942447  0.154412  0.092439
Optimization terminated successfully    (Exit mode 0)
            Current function value: 0.07069096020761255
            Iterations: 5
            Function evaluations: 61
            Gradient evaluations: 5
       rank  accuracy     error
0  0.935837  0.143382  0.070691
Optimization terminated successfully    (Exit mode 0)
            Current function value: 0.07877378892733572
            Iterations: 5
            Function evaluations: 68
            Gradient evaluations: 5
       rank  accuracy     error
0  0.925484  0.121324  0.078774
Optimization terminated successfully    (Exit mode 0)
            Current function value: 0.07669225778546727
            Iterations: 6
            Function evaluations: 84
            Gradient evaluations: 6
       rank  accuracy     error
0  0.895545  0.099265  0.076692
corrs 1
sub corrs 10
corrs 2
sub corrs 20
corrs 3
sub corrs 30
corrs 4
sub corrs 40
corrs 5
sub corrs 50
corrs 6
sub corrs 60
corrs 7
sub corrs 70
corrs 8
sub corrs 80
corrs 9
sub corrs 90
corrs 10
sub corrs 100
Optimization terminated successfully    (Exit mode 0)
            Current function value: 0.16742809256055347
            Iterations: 1
            Function evaluations: 2
            Gradient evaluations: 1
       rank  accuracy     error
0  0.913427  0.139706  0.167428
Optimization terminated successfully    (Exit mode 0)
            Current function value: 0.12979833477508657
            Iterations: 5
            Function evaluations: 29
            Gradient evaluations: 5
       rank  accuracy     error
0  0.909602  0.147059  0.129798
Optimization terminated successfully    (Exit mode 0)
            Current function value: 0.12923064446366786
            Iterations: 9
            Function evaluations: 48
            Gradient evaluations: 9
       rank  accuracy     error
0  0.908832  0.143382  0.129231
Optimization terminated successfully    (Exit mode 0)
            Current function value: 0.08693771626297592
            Iterations: 5
            Function evaluations: 36
            Gradient evaluations: 5
      rank  accuracy     error
0  0.91536  0.106618  0.086938
Optimization terminated successfully    (Exit mode 0)
            Current function value: 0.08268003892733573
            Iterations: 6
            Function evaluations: 48
            Gradient evaluations: 6
      rank  accuracy    error
0  0.93458  0.154412  0.08268
Optimization terminated successfully    (Exit mode 0)
            Current function value: 0.08539684256055372
            Iterations: 4
            Function evaluations: 39
            Gradient evaluations: 4
       rank  accuracy     error
0  0.919226  0.121324  0.085397
Optimization terminated successfully    (Exit mode 0)
            Current function value: 0.08362618944636686
            Iterations: 5
            Function evaluations: 55
            Gradient evaluations: 5
       rank  accuracy     error
0  0.924659  0.117647  0.083626
Optimization terminated successfully    (Exit mode 0)
            Current function value: 0.07919279844290668
            Iterations: 7
            Function evaluations: 78
            Gradient evaluations: 7
       rank  accuracy     error
0  0.927795     0.125  0.079193
Optimization terminated successfully    (Exit mode 0)
            Current function value: 0.0671902032871973
            Iterations: 11
            Function evaluations: 126
            Gradient evaluations: 11
       rank  accuracy    error
0  0.942947  0.147059  0.06719
Optimization terminated successfully    (Exit mode 0)
            Current function value: 0.05612024221453295
            Iterations: 5
            Function evaluations: 66
            Gradient evaluations: 5
       rank  accuracy    error
0  0.942744  0.198529  0.05612
Optimization terminated successfully    (Exit mode 0)
            Current function value: 0.05036224048442913
            Iterations: 7
            Function evaluations: 96
            Gradient evaluations: 7
       rank  accuracy     error
0  0.960167    0.1875  0.050362
✨ Experiment complete. Results archived at: /mnt/beegfs/hellgate/home/tp183485/timecorr_trazzp/Cluster_Data/paragraph_100_10_10_isfc_TruncatedSVD_30_mexican_hat.csv
