corrs 1
sub corrs 10
corrs 2
sub corrs 20
corrs 3
sub corrs 30
corrs 4
sub corrs 40
corrs 5
sub corrs 50
corrs 6
sub corrs 60
corrs 7
sub corrs 70
corrs 8
sub corrs 80
corrs 9
sub corrs 90
corrs 10
sub corrs 100
Optimization terminated successfully    (Exit mode 0)
            Current function value: 0.11106666666666666
            Iterations: 1
            Function evaluations: 2
            Gradient evaluations: 1
       rank  accuracy     error
0  0.947533  0.196667  0.111067
Optimization terminated successfully    (Exit mode 0)
            Current function value: 0.08216666666666679
            Iterations: 5
            Function evaluations: 27
            Gradient evaluations: 5
       rank  accuracy     error
0  0.944978  0.196667  0.082167
Optimization terminated successfully    (Exit mode 0)
            Current function value: 0.080488888888889
            Iterations: 4
            Function evaluations: 28
            Gradient evaluations: 4
       rank  accuracy     error
0  0.945611  0.206667  0.080489
Optimization terminated successfully    (Exit mode 0)
            Current function value: 0.08982222222222233
            Iterations: 5
            Function evaluations: 38
            Gradient evaluations: 5
       rank  accuracy     error
0  0.946656      0.21  0.089822
Optimization terminated successfully    (Exit mode 0)
            Current function value: 0.08493333333333343
            Iterations: 3
            Function evaluations: 30
            Gradient evaluations: 3
       rank  accuracy     error
0  0.948422  0.216667  0.084933
Optimization terminated successfully    (Exit mode 0)
            Current function value: 0.08378888888888898
            Iterations: 7
            Function evaluations: 63
            Gradient evaluations: 7
       rank  accuracy     error
0  0.946944  0.206667  0.083789
Optimization terminated successfully    (Exit mode 0)
            Current function value: 0.0950666666666668
            Iterations: 7
            Function evaluations: 73
            Gradient evaluations: 7
       rank  accuracy     error
0  0.941178  0.196667  0.095067
Optimization terminated successfully    (Exit mode 0)
            Current function value: 0.09322222222222235
            Iterations: 3
            Function evaluations: 38
            Gradient evaluations: 3
     rank  accuracy     error
0  0.9444      0.19  0.093222
Optimization terminated successfully    (Exit mode 0)
            Current function value: 0.09967777777777789
            Iterations: 3
            Function evaluations: 41
            Gradient evaluations: 3
       rank  accuracy     error
0  0.945333  0.183333  0.099678
Optimization terminated successfully    (Exit mode 0)
            Current function value: 0.10030000000000014
            Iterations: 4
            Function evaluations: 56
            Gradient evaluations: 4
     rank  accuracy   error
0  0.9458  0.206667  0.1003
Optimization terminated successfully    (Exit mode 0)
            Current function value: 0.08004444444444453
            Iterations: 7
            Function evaluations: 100
            Gradient evaluations: 7
       rank  accuracy     error
0  0.948844      0.21  0.080044
corrs 1
sub corrs 10
corrs 2
sub corrs 20
corrs 3
sub corrs 30
corrs 4
sub corrs 40
corrs 5
sub corrs 50
corrs 6
sub corrs 60
corrs 7
sub corrs 70
corrs 8
sub corrs 80
corrs 9
sub corrs 90
corrs 10
sub corrs 100
Optimization terminated successfully    (Exit mode 0)
            Current function value: 0.10105555555555572
            Iterations: 1
            Function evaluations: 2
            Gradient evaluations: 1
       rank  accuracy     error
0  0.951633  0.246667  0.101056
Optimization terminated successfully    (Exit mode 0)
            Current function value: 0.10137777777777791
            Iterations: 4
            Function evaluations: 24
            Gradient evaluations: 4
     rank  accuracy     error
0  0.9514      0.26  0.101378
Optimization terminated successfully    (Exit mode 0)
            Current function value: 0.09200000000000011
            Iterations: 5
            Function evaluations: 33
            Gradient evaluations: 5
       rank  accuracy  error
0  0.953633  0.253333  0.092
Optimization terminated successfully    (Exit mode 0)
            Current function value: 0.0858444444444445
            Iterations: 5
            Function evaluations: 41
            Gradient evaluations: 5
       rank  accuracy     error
0  0.954244  0.283333  0.085844
Optimization terminated successfully    (Exit mode 0)
            Current function value: 0.1062444444444445
            Iterations: 2
            Function evaluations: 23
            Gradient evaluations: 2
       rank  accuracy     error
0  0.954244      0.28  0.106244
Optimization terminated successfully    (Exit mode 0)
            Current function value: 0.09691111111111118
            Iterations: 3
            Function evaluations: 33
            Gradient evaluations: 3
       rank  accuracy     error
0  0.953867      0.28  0.096911
Optimization terminated successfully    (Exit mode 0)
            Current function value: 0.09555555555555563
            Iterations: 3
            Function evaluations: 35
            Gradient evaluations: 3
       rank  accuracy     error
0  0.953733  0.266667  0.095556
Optimization terminated successfully    (Exit mode 0)
            Current function value: 0.09284444444444456
            Iterations: 3
            Function evaluations: 38
            Gradient evaluations: 3
       rank  accuracy     error
0  0.951422  0.276667  0.092844
Optimization terminated successfully    (Exit mode 0)
            Current function value: 0.08782222222222226
            Iterations: 5
            Function evaluations: 61
            Gradient evaluations: 5
       rank  accuracy     error
0  0.952722  0.266667  0.087822
Optimization terminated successfully    (Exit mode 0)
            Current function value: 0.0964222222222223
            Iterations: 4
            Function evaluations: 56
            Gradient evaluations: 4
       rank  accuracy     error
0  0.951889      0.29  0.096422
Optimization terminated successfully    (Exit mode 0)
            Current function value: 0.09906666666666678
            Iterations: 4
            Function evaluations: 59
            Gradient evaluations: 4
       rank  accuracy     error
0  0.951444  0.286667  0.099067
✨ Experiment complete. Results archived at: /mnt/beegfs/hellgate/home/tp183485/timecorr_trazzp/Cluster_Data/intact_100_10_10_isfc_FactorAnalysis_10_laplace.csv
