corrs 1
sub corrs 10
corrs 2
sub corrs 20
corrs 3
sub corrs 30
corrs 4
sub corrs 40
corrs 5
sub corrs 50
corrs 6
sub corrs 60
corrs 7
sub corrs 70
corrs 8
sub corrs 80
corrs 9
sub corrs 90
corrs 10
sub corrs 100
Optimization terminated successfully    (Exit mode 0)
            Current function value: 0.17740322231833877
            Iterations: 1
            Function evaluations: 2
            Gradient evaluations: 1
       rank  accuracy     error
0  0.922105  0.183824  0.177403
Optimization terminated successfully    (Exit mode 0)
            Current function value: 0.17740322231833877
            Iterations: 3
            Function evaluations: 9
            Gradient evaluations: 3
       rank  accuracy     error
0  0.922105  0.183824  0.177403
Optimization terminated successfully    (Exit mode 0)
            Current function value: 0.17740322231833877
            Iterations: 5
            Function evaluations: 20
            Gradient evaluations: 5
       rank  accuracy     error
0  0.922105  0.183824  0.177403
Optimization terminated successfully    (Exit mode 0)
            Current function value: 0.18243133650518997
            Iterations: 5
            Function evaluations: 36
            Gradient evaluations: 5
       rank  accuracy     error
0  0.922024  0.180147  0.182431
Optimization terminated successfully    (Exit mode 0)
            Current function value: 0.17847102076124535
            Iterations: 6
            Function evaluations: 47
            Gradient evaluations: 6
       rank  accuracy     error
0  0.921807  0.180147  0.178471
Optimization terminated successfully    (Exit mode 0)
            Current function value: 0.17764651816608965
            Iterations: 6
            Function evaluations: 53
            Gradient evaluations: 6
       rank  accuracy     error
0  0.921943  0.183824  0.177647
Optimization terminated successfully    (Exit mode 0)
            Current function value: 0.2567582179930796
            Iterations: 5
            Function evaluations: 57
            Gradient evaluations: 5
       rank  accuracy     error
0  0.900695    0.0625  0.256758
Optimization terminated successfully    (Exit mode 0)
            Current function value: 0.17825475778546682
            Iterations: 9
            Function evaluations: 95
            Gradient evaluations: 9
       rank  accuracy     error
0  0.921388  0.183824  0.178255
Optimization terminated successfully    (Exit mode 0)
            Current function value: 0.17545685553633183
            Iterations: 8
            Function evaluations: 91
            Gradient evaluations: 8
       rank  accuracy     error
0  0.921294    0.1875  0.175457
Optimization terminated successfully    (Exit mode 0)
            Current function value: 0.17837640570934235
            Iterations: 11
            Function evaluations: 135
            Gradient evaluations: 11
       rank  accuracy     error
0  0.917523  0.169118  0.178376
Optimization terminated successfully    (Exit mode 0)
            Current function value: 0.17226697664359825
            Iterations: 6
            Function evaluations: 83
            Gradient evaluations: 6
      rank  accuracy     error
0  0.92178  0.180147  0.172267
corrs 1
sub corrs 10
corrs 2
sub corrs 20
corrs 3
sub corrs 30
corrs 4
sub corrs 40
corrs 5
sub corrs 50
corrs 6
sub corrs 60
corrs 7
sub corrs 70
corrs 8
sub corrs 80
corrs 9
sub corrs 90
corrs 10
sub corrs 100
Optimization terminated successfully    (Exit mode 0)
            Current function value: 0.1606428416955014
            Iterations: 1
            Function evaluations: 2
            Gradient evaluations: 1
       rank  accuracy     error
0  0.925538  0.183824  0.160643
Optimization terminated successfully    (Exit mode 0)
            Current function value: 0.15235726643598585
            Iterations: 5
            Function evaluations: 30
            Gradient evaluations: 5
       rank  accuracy     error
0  0.924916    0.1875  0.152357
Optimization terminated successfully    (Exit mode 0)
            Current function value: 0.15585802335640106
            Iterations: 5
            Function evaluations: 32
            Gradient evaluations: 5
       rank  accuracy     error
0  0.925241  0.183824  0.155858
Optimization terminated successfully    (Exit mode 0)
            Current function value: 0.15246539792387512
            Iterations: 5
            Function evaluations: 41
            Gradient evaluations: 5
       rank  accuracy     error
0  0.924889    0.1875  0.152465
Optimization terminated successfully    (Exit mode 0)
            Current function value: 0.15235726643598585
            Iterations: 6
            Function evaluations: 52
            Gradient evaluations: 6
       rank  accuracy     error
0  0.924876    0.1875  0.152357
Optimization terminated successfully    (Exit mode 0)
            Current function value: 0.1537629757785464
            Iterations: 8
            Function evaluations: 69
            Gradient evaluations: 8
       rank  accuracy     error
0  0.925227  0.183824  0.153763
Optimization terminated successfully    (Exit mode 0)
            Current function value: 0.16035899653979205
            Iterations: 5
            Function evaluations: 52
            Gradient evaluations: 5
       rank  accuracy     error
0  0.925551  0.183824  0.160359
Optimization terminated successfully    (Exit mode 0)
            Current function value: 0.15719615051903083
            Iterations: 5
            Function evaluations: 56
            Gradient evaluations: 5
       rank  accuracy     error
0  0.926025  0.183824  0.157196
Optimization terminated successfully    (Exit mode 0)
            Current function value: 0.16211613321799273
            Iterations: 5
            Function evaluations: 61
            Gradient evaluations: 5
       rank  accuracy     error
0  0.925795    0.1875  0.162116
Optimization terminated successfully    (Exit mode 0)
            Current function value: 0.15511461937716234
            Iterations: 5
            Function evaluations: 68
            Gradient evaluations: 5
       rank  accuracy     error
0  0.924659    0.1875  0.155115
Optimization terminated successfully    (Exit mode 0)
            Current function value: 0.15823691608996504
            Iterations: 6
            Function evaluations: 84
            Gradient evaluations: 6
       rank  accuracy     error
0  0.925389  0.180147  0.158237
✨ Experiment complete. Results archived at: /mnt/beegfs/hellgate/home/tp183485/timecorr_trazzp/Cluster_Data/paragraph_100_10_10_isfc_FastICA_45_gaussian.csv
