corrs 1
sub corrs 10
corrs 2
sub corrs 20
corrs 3
sub corrs 30
corrs 4
sub corrs 40
corrs 5
sub corrs 50
corrs 6
sub corrs 60
corrs 7
sub corrs 70
corrs 8
sub corrs 80
corrs 9
sub corrs 90
corrs 10
sub corrs 100
Optimization terminated successfully    (Exit mode 0)
            Current function value: 0.19590722318339085
            Iterations: 1
            Function evaluations: 2
            Gradient evaluations: 1
       rank  accuracy     error
0  0.901992  0.147059  0.195907
Optimization terminated successfully    (Exit mode 0)
            Current function value: 0.5158953287197231
            Iterations: 4
            Function evaluations: 12
            Gradient evaluations: 4
       rank  accuracy     error
0  0.267274       0.0  0.515895
Optimization terminated successfully    (Exit mode 0)
            Current function value: 0.03133109861591702
            Iterations: 6
            Function evaluations: 36
            Gradient evaluations: 6
       rank  accuracy     error
0  0.897789  0.110294  0.031331
Optimization terminated successfully    (Exit mode 0)
            Current function value: 0.028222318339100386
            Iterations: 4
            Function evaluations: 33
            Gradient evaluations: 4
       rank  accuracy     error
0  0.879636  0.066176  0.028222
Optimization terminated successfully    (Exit mode 0)
            Current function value: 0.028857590830449874
            Iterations: 4
            Function evaluations: 35
            Gradient evaluations: 4
       rank  accuracy     error
0  0.870472  0.066176  0.028858
Optimization terminated successfully    (Exit mode 0)
            Current function value: 0.021504649653979288
            Iterations: 6
            Function evaluations: 54
            Gradient evaluations: 6
       rank  accuracy     error
0  0.912833  0.154412  0.021505
Optimization terminated successfully    (Exit mode 0)
            Current function value: 0.02215343858131493
            Iterations: 10
            Function evaluations: 93
            Gradient evaluations: 10
       rank  accuracy     error
0  0.913292  0.143382  0.022153
Optimization terminated successfully    (Exit mode 0)
            Current function value: 0.021842560553633268
            Iterations: 14
            Function evaluations: 142
            Gradient evaluations: 14
       rank  accuracy     error
0  0.921118  0.150735  0.021843
Optimization terminated successfully    (Exit mode 0)
            Current function value: 0.0245458477508651
            Iterations: 8
            Function evaluations: 99
            Gradient evaluations: 8
       rank  accuracy     error
0  0.884529  0.095588  0.024546
Optimization terminated successfully    (Exit mode 0)
            Current function value: 0.02089641003460213
            Iterations: 11
            Function evaluations: 134
            Gradient evaluations: 11
       rank  accuracy     error
0  0.914644  0.095588  0.020896
Optimization terminated successfully    (Exit mode 0)
            Current function value: 0.023829476643598663
            Iterations: 4
            Function evaluations: 60
            Gradient evaluations: 4
       rank  accuracy     error
0  0.891071  0.099265  0.023829
corrs 1
sub corrs 10
corrs 2
sub corrs 20
corrs 3
sub corrs 30
corrs 4
sub corrs 40
corrs 5
sub corrs 50
corrs 6
sub corrs 60
corrs 7
sub corrs 70
corrs 8
sub corrs 80
corrs 9
sub corrs 90
corrs 10
sub corrs 100
Optimization terminated successfully    (Exit mode 0)
            Current function value: 0.20030006487889263
            Iterations: 1
            Function evaluations: 2
            Gradient evaluations: 1
       rank  accuracy   error
0  0.902817  0.132353  0.2003
Optimization terminated successfully    (Exit mode 0)
            Current function value: 0.5273302335640137
            Iterations: 1
            Function evaluations: 14
            Gradient evaluations: 1
      rank  accuracy    error
0  0.36689  0.014706  0.52733
Optimization terminated successfully    (Exit mode 0)
            Current function value: 0.036629541522491406
            Iterations: 6
            Function evaluations: 38
            Gradient evaluations: 6
      rank  accuracy    error
0  0.87915  0.143382  0.03663
Optimization terminated successfully    (Exit mode 0)
            Current function value: 0.03442636245674746
            Iterations: 4
            Function evaluations: 33
            Gradient evaluations: 4
       rank  accuracy     error
0  0.862376  0.099265  0.034426
Optimization terminated successfully    (Exit mode 0)
            Current function value: 0.035034602076124625
            Iterations: 5
            Function evaluations: 41
            Gradient evaluations: 5
       rank  accuracy     error
0  0.860754  0.091912  0.035035
Optimization terminated successfully    (Exit mode 0)
            Current function value: 0.03403438581314885
            Iterations: 5
            Function evaluations: 46
            Gradient evaluations: 5
       rank  accuracy     error
0  0.869107  0.106618  0.034034
Optimization terminated successfully    (Exit mode 0)
            Current function value: 0.034561526816609046
            Iterations: 8
            Function evaluations: 75
            Gradient evaluations: 8
      rank  accuracy     error
0  0.85878  0.088235  0.034562
Optimization terminated successfully    (Exit mode 0)
            Current function value: 0.029479346885813187
            Iterations: 9
            Function evaluations: 92
            Gradient evaluations: 9
       rank  accuracy     error
0  0.876608  0.110294  0.029479
Optimization terminated successfully    (Exit mode 0)
            Current function value: 0.023032006920415276
            Iterations: 7
            Function evaluations: 88
            Gradient evaluations: 7
       rank  accuracy     error
0  0.918523  0.143382  0.023032
Optimization terminated successfully    (Exit mode 0)
            Current function value: 0.03107428633217998
            Iterations: 7
            Function evaluations: 91
            Gradient evaluations: 7
      rank  accuracy     error
0  0.85063  0.066176  0.031074
Optimization terminated successfully    (Exit mode 0)
            Current function value: 0.023059039792387596
            Iterations: 6
            Function evaluations: 85
            Gradient evaluations: 6
      rank  accuracy     error
0  0.92224  0.154412  0.023059
✨ Experiment complete. Results archived at: /mnt/beegfs/hellgate/home/tp183485/timecorr_trazzp/Cluster_Data/paragraph_100_10_10_isfc_Isomap_15_mexican_hat.csv
