corrs 1
sub corrs 10
corrs 2
sub corrs 20
corrs 3
sub corrs 30
corrs 4
sub corrs 40
corrs 5
sub corrs 50
corrs 6
sub corrs 60
corrs 7
sub corrs 70
corrs 8
sub corrs 80
corrs 9
sub corrs 90
corrs 10
sub corrs 100
Optimization terminated successfully    (Exit mode 0)
            Current function value: 0.08666666666666685
            Iterations: 1
            Function evaluations: 2
            Gradient evaluations: 1
       rank  accuracy     error
0  0.956422      0.28  0.086667
Optimization terminated successfully    (Exit mode 0)
            Current function value: 0.036566666666666664
            Iterations: 16
            Function evaluations: 71
            Gradient evaluations: 16
       rank  accuracy     error
0  0.971733  0.283333  0.036567
Optimization terminated successfully    (Exit mode 0)
            Current function value: 0.03587777777777779
            Iterations: 7
            Function evaluations: 42
            Gradient evaluations: 7
       rank  accuracy     error
0  0.975811  0.286667  0.035878
Optimization terminated successfully    (Exit mode 0)
            Current function value: 0.039200000000000006
            Iterations: 8
            Function evaluations: 52
            Gradient evaluations: 8
       rank  accuracy   error
0  0.975856       0.3  0.0392
Optimization terminated successfully    (Exit mode 0)
            Current function value: 0.03359999999999999
            Iterations: 6
            Function evaluations: 47
            Gradient evaluations: 6
       rank  accuracy   error
0  0.975989  0.286667  0.0336
Optimization terminated successfully    (Exit mode 0)
            Current function value: 0.0236333333333333
            Iterations: 9
            Function evaluations: 74
            Gradient evaluations: 9
       rank  accuracy     error
0  0.960789      0.26  0.023633
Optimization terminated successfully    (Exit mode 0)
            Current function value: 0.02803333333333334
            Iterations: 4
            Function evaluations: 43
            Gradient evaluations: 4
       rank  accuracy     error
0  0.933867  0.216667  0.028033
Optimization terminated successfully    (Exit mode 0)
            Current function value: 0.031466666666666664
            Iterations: 5
            Function evaluations: 57
            Gradient evaluations: 5
       rank  accuracy     error
0  0.891644  0.153333  0.031467
Optimization terminated successfully    (Exit mode 0)
            Current function value: 0.018133333333333307
            Iterations: 5
            Function evaluations: 61
            Gradient evaluations: 5
       rank  accuracy     error
0  0.942733  0.233333  0.018133
Optimization terminated successfully    (Exit mode 0)
            Current function value: 0.017888888888888867
            Iterations: 10
            Function evaluations: 122
            Gradient evaluations: 10
       rank  accuracy     error
0  0.962333  0.293333  0.017889
Optimization terminated successfully    (Exit mode 0)
            Current function value: 0.02067777777777775
            Iterations: 3
            Function evaluations: 47
            Gradient evaluations: 3
       rank  accuracy     error
0  0.913278      0.16  0.020678
corrs 1
sub corrs 10
corrs 2
sub corrs 20
corrs 3
sub corrs 30
corrs 4
sub corrs 40
corrs 5
sub corrs 50
corrs 6
sub corrs 60
corrs 7
sub corrs 70
corrs 8
sub corrs 80
corrs 9
sub corrs 90
corrs 10
sub corrs 100
Optimization terminated successfully    (Exit mode 0)
            Current function value: 0.10435555555555572
            Iterations: 1
            Function evaluations: 2
            Gradient evaluations: 1
       rank  accuracy     error
0  0.955322  0.303333  0.104356
Optimization terminated successfully    (Exit mode 0)
            Current function value: 0.029755555555555528
            Iterations: 7
            Function evaluations: 34
            Gradient evaluations: 7
       rank  accuracy     error
0  0.974911  0.313333  0.029756
Optimization terminated successfully    (Exit mode 0)
            Current function value: 0.03144444444444444
            Iterations: 4
            Function evaluations: 27
            Gradient evaluations: 4
       rank  accuracy     error
0  0.975078      0.33  0.031444
Optimization terminated successfully    (Exit mode 0)
            Current function value: 0.029433333333333315
            Iterations: 5
            Function evaluations: 37
            Gradient evaluations: 5
       rank  accuracy     error
0  0.975722      0.33  0.029433
Optimization terminated successfully    (Exit mode 0)
            Current function value: 0.031088888888888888
            Iterations: 7
            Function evaluations: 56
            Gradient evaluations: 7
       rank  accuracy     error
0  0.972233      0.32  0.031089
Optimization terminated successfully    (Exit mode 0)
            Current function value: 0.019022222222222187
            Iterations: 6
            Function evaluations: 53
            Gradient evaluations: 6
       rank  accuracy     error
0  0.947356      0.26  0.019022
Optimization terminated successfully    (Exit mode 0)
            Current function value: 0.020022222222222188
            Iterations: 6
            Function evaluations: 60
            Gradient evaluations: 6
     rank  accuracy     error
0  0.9462  0.256667  0.020022
Optimization terminated successfully    (Exit mode 0)
            Current function value: 0.02652222222222217
            Iterations: 5
            Function evaluations: 56
            Gradient evaluations: 5
     rank  accuracy     error
0  0.9319  0.203333  0.026522
Optimization terminated successfully    (Exit mode 0)
            Current function value: 0.01865555555555553
            Iterations: 10
            Function evaluations: 116
            Gradient evaluations: 10
       rank  accuracy     error
0  0.945167  0.253333  0.018656
Optimization terminated successfully    (Exit mode 0)
            Current function value: 0.018977777777777732
            Iterations: 15
            Function evaluations: 189
            Gradient evaluations: 15
       rank  accuracy     error
0  0.943778  0.226667  0.018978
Optimization terminated successfully    (Exit mode 0)
            Current function value: 0.018377777777777736
            Iterations: 2
            Function evaluations: 35
            Gradient evaluations: 2
       rank  accuracy     error
0  0.906444  0.146667  0.018378
✨ Experiment complete. Results archived at: /mnt/beegfs/hellgate/home/tp183485/timecorr_trazzp/Cluster_Data/intact_100_10_10_isfc_Isomap_15_mexican_hat.csv
