corrs 1
sub corrs 10
corrs 2
sub corrs 20
corrs 3
sub corrs 30
corrs 4
sub corrs 40
corrs 5
sub corrs 50
corrs 6
sub corrs 60
corrs 7
sub corrs 70
corrs 8
sub corrs 80
corrs 9
sub corrs 90
corrs 10
sub corrs 100
Optimization terminated successfully    (Exit mode 0)
            Current function value: 0.19777249134948086
            Iterations: 1
            Function evaluations: 2
            Gradient evaluations: 1
       rank  accuracy     error
0  0.933945  0.161765  0.197772
Optimization terminated successfully    (Exit mode 0)
            Current function value: 0.027424848615917003
            Iterations: 3
            Function evaluations: 20
            Gradient evaluations: 3
       rank  accuracy     error
0  0.947894  0.224265  0.027425
Optimization terminated successfully    (Exit mode 0)
            Current function value: 0.023802443771626353
            Iterations: 6
            Function evaluations: 37
            Gradient evaluations: 6
       rank  accuracy     error
0  0.945313  0.231618  0.023802
Optimization terminated successfully    (Exit mode 0)
            Current function value: 0.021802011245674796
            Iterations: 11
            Function evaluations: 72
            Gradient evaluations: 11
       rank  accuracy     error
0  0.940122  0.202206  0.021802
Optimization terminated successfully    (Exit mode 0)
            Current function value: 0.021802011245674796
            Iterations: 7
            Function evaluations: 55
            Gradient evaluations: 7
       rank  accuracy     error
0  0.958031      0.25  0.021802
Optimization terminated successfully    (Exit mode 0)
            Current function value: 0.01855806660899659
            Iterations: 8
            Function evaluations: 70
            Gradient evaluations: 8
       rank  accuracy     error
0  0.960167  0.205882  0.018558
Optimization terminated successfully    (Exit mode 0)
            Current function value: 0.02093695934256061
            Iterations: 6
            Function evaluations: 60
            Gradient evaluations: 6
       rank  accuracy     error
0  0.933742  0.169118  0.020937
Optimization terminated successfully    (Exit mode 0)
            Current function value: 0.018936526816609053
            Iterations: 10
            Function evaluations: 103
            Gradient evaluations: 10
       rank  accuracy     error
0  0.959005  0.213235  0.018937
Optimization terminated successfully    (Exit mode 0)
            Current function value: 0.018517517301038115
            Iterations: 10
            Function evaluations: 116
            Gradient evaluations: 10
       rank  accuracy     error
0  0.943163  0.198529  0.018518
Optimization terminated successfully    (Exit mode 0)
            Current function value: 0.018774329584775137
            Iterations: 6
            Function evaluations: 78
            Gradient evaluations: 6
       rank  accuracy     error
0  0.921348  0.165441  0.018774
Optimization terminated successfully    (Exit mode 0)
            Current function value: 0.01769301470588241
            Iterations: 9
            Function evaluations: 120
            Gradient evaluations: 9
      rank  accuracy     error
0  0.94834  0.198529  0.017693
corrs 1
sub corrs 10
corrs 2
sub corrs 20
corrs 3
sub corrs 30
corrs 4
sub corrs 40
corrs 5
sub corrs 50
corrs 6
sub corrs 60
corrs 7
sub corrs 70
corrs 8
sub corrs 80
corrs 9
sub corrs 90
corrs 10
sub corrs 100
Optimization terminated successfully    (Exit mode 0)
            Current function value: 0.17372675173010368
            Iterations: 1
            Function evaluations: 2
            Gradient evaluations: 1
       rank  accuracy     error
0  0.935756  0.165441  0.173727
Optimization terminated successfully    (Exit mode 0)
            Current function value: 0.033318014705882415
            Iterations: 3
            Function evaluations: 20
            Gradient evaluations: 3
       rank  accuracy     error
0  0.947745  0.198529  0.033318
Optimization terminated successfully    (Exit mode 0)
            Current function value: 0.02695177335640142
            Iterations: 9
            Function evaluations: 41
            Gradient evaluations: 9
       rank  accuracy     error
0  0.941231  0.202206  0.026952
Optimization terminated successfully    (Exit mode 0)
            Current function value: 0.02496485726643602
            Iterations: 14
            Function evaluations: 90
            Gradient evaluations: 14
       rank  accuracy     error
0  0.955139  0.202206  0.024965
Optimization terminated successfully    (Exit mode 0)
            Current function value: 0.024870242214532923
            Iterations: 9
            Function evaluations: 67
            Gradient evaluations: 9
       rank  accuracy    error
0  0.953733  0.198529  0.02487
Optimization terminated successfully    (Exit mode 0)
            Current function value: 0.02188310986159174
            Iterations: 8
            Function evaluations: 69
            Gradient evaluations: 8
       rank  accuracy     error
0  0.950787  0.180147  0.021883
Optimization terminated successfully    (Exit mode 0)
            Current function value: 0.02312662197231839
            Iterations: 7
            Function evaluations: 67
            Gradient evaluations: 7
       rank  accuracy     error
0  0.946245  0.183824  0.023127
Optimization terminated successfully    (Exit mode 0)
            Current function value: 0.020463884083045034
            Iterations: 7
            Function evaluations: 77
            Gradient evaluations: 7
       rank  accuracy     error
0  0.951625    0.1875  0.020464
Optimization terminated successfully    (Exit mode 0)
            Current function value: 0.01942311851211077
            Iterations: 11
            Function evaluations: 125
            Gradient evaluations: 11
       rank  accuracy     error
0  0.954842  0.191176  0.019423
Optimization terminated successfully    (Exit mode 0)
            Current function value: 0.020991025086505233
            Iterations: 9
            Function evaluations: 113
            Gradient evaluations: 9
       rank  accuracy     error
0  0.954396  0.165441  0.020991
Optimization terminated successfully    (Exit mode 0)
            Current function value: 0.02280222750865055
            Iterations: 8
            Function evaluations: 117
            Gradient evaluations: 8
       rank  accuracy     error
0  0.938987  0.132353  0.022802
✨ Experiment complete. Results archived at: /mnt/beegfs/hellgate/home/tp183485/timecorr_trazzp/Cluster_Data/paragraph_100_10_10_isfc_Isomap_30_gaussian.csv
