corrs 1
sub corrs 10
corrs 2
sub corrs 20
corrs 3
sub corrs 30
corrs 4
sub corrs 40
corrs 5
sub corrs 50
corrs 6
sub corrs 60
corrs 7
sub corrs 70
corrs 8
sub corrs 80
corrs 9
sub corrs 90
corrs 10
sub corrs 100
Optimization terminated successfully    (Exit mode 0)
            Current function value: 0.17259137110726616
            Iterations: 1
            Function evaluations: 2
            Gradient evaluations: 1
       rank  accuracy     error
0  0.920618  0.158088  0.172591
Optimization terminated successfully    (Exit mode 0)
            Current function value: 0.17259137110726616
            Iterations: 3
            Function evaluations: 20
            Gradient evaluations: 3
       rank  accuracy     error
0  0.920618  0.158088  0.172591
Optimization terminated successfully    (Exit mode 0)
            Current function value: 0.1694420415224911
            Iterations: 3
            Function evaluations: 23
            Gradient evaluations: 3
       rank  accuracy     error
0  0.922267  0.150735  0.169442
Optimization terminated successfully    (Exit mode 0)
            Current function value: 0.15529033304498252
            Iterations: 4
            Function evaluations: 32
            Gradient evaluations: 4
       rank  accuracy    error
0  0.920375  0.172794  0.15529
Optimization terminated successfully    (Exit mode 0)
            Current function value: 0.15561472750865035
            Iterations: 3
            Function evaluations: 29
            Gradient evaluations: 3
       rank  accuracy     error
0  0.919969  0.172794  0.155615
Optimization terminated successfully    (Exit mode 0)
            Current function value: 0.1605887759515569
            Iterations: 6
            Function evaluations: 53
            Gradient evaluations: 6
       rank  accuracy     error
0  0.918563  0.169118  0.160589
Optimization terminated successfully    (Exit mode 0)
            Current function value: 0.15218155276816586
            Iterations: 5
            Function evaluations: 52
            Gradient evaluations: 5
       rank  accuracy     error
0  0.919172  0.169118  0.152182
Optimization terminated successfully    (Exit mode 0)
            Current function value: 0.15564176038062263
            Iterations: 10
            Function evaluations: 105
            Gradient evaluations: 10
      rank  accuracy     error
0  0.91855  0.172794  0.155642
Optimization terminated successfully    (Exit mode 0)
            Current function value: 0.1611429498269894
            Iterations: 5
            Function evaluations: 62
            Gradient evaluations: 5
       rank  accuracy     error
0  0.922618  0.161765  0.161143
Optimization terminated successfully    (Exit mode 0)
            Current function value: 0.14495025951557075
            Iterations: 11
            Function evaluations: 143
            Gradient evaluations: 11
       rank  accuracy    error
0  0.923389  0.154412  0.14495
Optimization terminated successfully    (Exit mode 0)
            Current function value: 0.15318176903114167
            Iterations: 7
            Function evaluations: 98
            Gradient evaluations: 7
       rank  accuracy     error
0  0.919469  0.158088  0.153182
corrs 1
sub corrs 10
corrs 2
sub corrs 20
corrs 3
sub corrs 30
corrs 4
sub corrs 40
corrs 5
sub corrs 50
corrs 6
sub corrs 60
corrs 7
sub corrs 70
corrs 8
sub corrs 80
corrs 9
sub corrs 90
corrs 10
sub corrs 100
Optimization terminated successfully    (Exit mode 0)
            Current function value: 0.20454422577854653
            Iterations: 1
            Function evaluations: 2
            Gradient evaluations: 1
       rank  accuracy     error
0  0.918577    0.1875  0.204544
Optimization terminated successfully    (Exit mode 0)
            Current function value: 0.20389543685121087
            Iterations: 5
            Function evaluations: 26
            Gradient evaluations: 5
       rank  accuracy     error
0  0.919091    0.1875  0.203895
Optimization terminated successfully    (Exit mode 0)
            Current function value: 0.17918739186851187
            Iterations: 4
            Function evaluations: 30
            Gradient evaluations: 4
       rank  accuracy     error
0  0.915793  0.176471  0.179187
Optimization terminated successfully    (Exit mode 0)
            Current function value: 0.17045577422145322
            Iterations: 3
            Function evaluations: 27
            Gradient evaluations: 3
       rank  accuracy     error
0  0.914184  0.191176  0.170456
Optimization terminated successfully    (Exit mode 0)
            Current function value: 0.1750919117647058
            Iterations: 6
            Function evaluations: 49
            Gradient evaluations: 6
      rank  accuracy     error
0  0.90625  0.180147  0.175092
Optimization terminated successfully    (Exit mode 0)
            Current function value: 0.17530817474048432
            Iterations: 6
            Function evaluations: 53
            Gradient evaluations: 6
       rank  accuracy     error
0  0.906966    0.1875  0.175308
Optimization terminated successfully    (Exit mode 0)
            Current function value: 0.17028006055363312
            Iterations: 4
            Function evaluations: 43
            Gradient evaluations: 4
       rank  accuracy    error
0  0.914144    0.1875  0.17028
Optimization terminated successfully    (Exit mode 0)
            Current function value: 0.17845750432525936
            Iterations: 5
            Function evaluations: 61
            Gradient evaluations: 5
      rank  accuracy     error
0  0.91878    0.1875  0.178458
Optimization terminated successfully    (Exit mode 0)
            Current function value: 0.181823096885813
            Iterations: 5
            Function evaluations: 61
            Gradient evaluations: 5
       rank  accuracy     error
0  0.917712  0.183824  0.181823
Optimization terminated successfully    (Exit mode 0)
            Current function value: 0.18739186851211065
            Iterations: 3
            Function evaluations: 44
            Gradient evaluations: 3
       rank  accuracy     error
0  0.917658  0.198529  0.187392
Optimization terminated successfully    (Exit mode 0)
            Current function value: 0.1712532439446365
            Iterations: 8
            Function evaluations: 108
            Gradient evaluations: 8
       rank  accuracy     error
0  0.913887    0.1875  0.171253
✨ Experiment complete. Results archived at: /mnt/beegfs/hellgate/home/tp183485/timecorr_trazzp/Cluster_Data/paragraph_100_10_10_isfc_MiniBatchSparsePCA_5_mexican_hat.csv
