corrs 1
sub corrs 10
corrs 2
sub corrs 20
corrs 3
sub corrs 30
corrs 4
sub corrs 40
corrs 5
sub corrs 50
corrs 6
sub corrs 60
corrs 7
sub corrs 70
corrs 8
sub corrs 80
corrs 9
sub corrs 90
corrs 10
sub corrs 100
Optimization terminated successfully    (Exit mode 0)
            Current function value: 0.10366666666666673
            Iterations: 1
            Function evaluations: 2
            Gradient evaluations: 1
       rank  accuracy     error
0  0.962411      0.29  0.103667
Optimization terminated successfully    (Exit mode 0)
            Current function value: 0.10366666666666673
            Iterations: 4
            Function evaluations: 12
            Gradient evaluations: 4
       rank  accuracy     error
0  0.962411      0.29  0.103667
Optimization terminated successfully    (Exit mode 0)
            Current function value: 0.10971111111111102
            Iterations: 6
            Function evaluations: 37
            Gradient evaluations: 6
       rank  accuracy     error
0  0.963567  0.296667  0.109711
Optimization terminated successfully    (Exit mode 0)
            Current function value: 0.09896666666666676
            Iterations: 3
            Function evaluations: 26
            Gradient evaluations: 3
       rank  accuracy     error
0  0.964067      0.27  0.098967
Optimization terminated successfully    (Exit mode 0)
            Current function value: 0.08382222222222226
            Iterations: 3
            Function evaluations: 30
            Gradient evaluations: 3
       rank  accuracy     error
0  0.963678       0.3  0.083822
Optimization terminated successfully    (Exit mode 0)
            Current function value: 0.0838111111111112
            Iterations: 4
            Function evaluations: 40
            Gradient evaluations: 4
     rank  accuracy     error
0  0.9612       0.3  0.083811
Optimization terminated successfully    (Exit mode 0)
            Current function value: 0.07941111111111117
            Iterations: 5
            Function evaluations: 54
            Gradient evaluations: 5
     rank  accuracy     error
0  0.9632  0.303333  0.079411
Optimization terminated successfully    (Exit mode 0)
            Current function value: 0.08025555555555562
            Iterations: 6
            Function evaluations: 67
            Gradient evaluations: 6
     rank  accuracy     error
0  0.9631      0.31  0.080256
Optimization terminated successfully    (Exit mode 0)
            Current function value: 0.08195555555555563
            Iterations: 3
            Function evaluations: 41
            Gradient evaluations: 3
       rank  accuracy     error
0  0.963078  0.303333  0.081956
Optimization terminated successfully    (Exit mode 0)
            Current function value: 0.08156666666666672
            Iterations: 5
            Function evaluations: 70
            Gradient evaluations: 5
       rank  accuracy     error
0  0.962811  0.306667  0.081567
Optimization terminated successfully    (Exit mode 0)
            Current function value: 0.0843222222222223
            Iterations: 4
            Function evaluations: 61
            Gradient evaluations: 4
       rank  accuracy     error
0  0.962522  0.306667  0.084322
corrs 1
sub corrs 10
corrs 2
sub corrs 20
corrs 3
sub corrs 30
corrs 4
sub corrs 40
corrs 5
sub corrs 50
corrs 6
sub corrs 60
corrs 7
sub corrs 70
corrs 8
sub corrs 80
corrs 9
sub corrs 90
corrs 10
sub corrs 100
Optimization terminated successfully    (Exit mode 0)
            Current function value: 0.0868111111111112
            Iterations: 1
            Function evaluations: 2
            Gradient evaluations: 1
     rank  accuracy     error
0  0.9636  0.296667  0.086811
Optimization terminated successfully    (Exit mode 0)
            Current function value: 0.08340000000000009
            Iterations: 4
            Function evaluations: 24
            Gradient evaluations: 4
     rank  accuracy   error
0  0.9634      0.29  0.0834
Optimization terminated successfully    (Exit mode 0)
            Current function value: 0.08760000000000008
            Iterations: 3
            Function evaluations: 23
            Gradient evaluations: 3
     rank  accuracy   error
0  0.9634      0.28  0.0876
Optimization terminated successfully    (Exit mode 0)
            Current function value: 0.08585555555555564
            Iterations: 3
            Function evaluations: 26
            Gradient evaluations: 3
       rank  accuracy     error
0  0.964444  0.283333  0.085856
Optimization terminated successfully    (Exit mode 0)
            Current function value: 0.07235555555555563
            Iterations: 4
            Function evaluations: 36
            Gradient evaluations: 4
       rank  accuracy     error
0  0.964389  0.283333  0.072356
Optimization terminated successfully    (Exit mode 0)
            Current function value: 0.07574444444444453
            Iterations: 7
            Function evaluations: 65
            Gradient evaluations: 7
       rank  accuracy     error
0  0.964489  0.283333  0.075744
Optimization terminated successfully    (Exit mode 0)
            Current function value: 0.07746666666666675
            Iterations: 4
            Function evaluations: 43
            Gradient evaluations: 4
       rank  accuracy     error
0  0.965022  0.283333  0.077467
Optimization terminated successfully    (Exit mode 0)
            Current function value: 0.07627777777777786
            Iterations: 4
            Function evaluations: 48
            Gradient evaluations: 4
       rank  accuracy     error
0  0.963844  0.283333  0.076278
Optimization terminated successfully    (Exit mode 0)
            Current function value: 0.07585555555555563
            Iterations: 6
            Function evaluations: 71
            Gradient evaluations: 6
       rank  accuracy     error
0  0.964844  0.293333  0.075856
Optimization terminated successfully    (Exit mode 0)
            Current function value: 0.08202222222222234
            Iterations: 5
            Function evaluations: 72
            Gradient evaluations: 5
       rank  accuracy     error
0  0.962233  0.283333  0.082022
Optimization terminated successfully    (Exit mode 0)
            Current function value: 0.07107777777777786
            Iterations: 3
            Function evaluations: 47
            Gradient evaluations: 3
       rank  accuracy     error
0  0.964856  0.293333  0.071078
✨ Experiment complete. Results archived at: /mnt/beegfs/hellgate/home/tp183485/timecorr_trazzp/Cluster_Data/intact_100_10_10_isfc_KernelPCA_5_mexican_hat.csv
