corrs 1
sub corrs 10
corrs 2
sub corrs 20
corrs 3
sub corrs 30
corrs 4
sub corrs 40
corrs 5
sub corrs 50
corrs 6
sub corrs 60
corrs 7
sub corrs 70
corrs 8
sub corrs 80
corrs 9
sub corrs 90
corrs 10
sub corrs 100
Optimization terminated successfully    (Exit mode 0)
            Current function value: 0.08800000000000008
            Iterations: 1
            Function evaluations: 2
            Gradient evaluations: 1
       rank  accuracy  error
0  0.961267      0.24  0.088
Optimization terminated successfully    (Exit mode 0)
            Current function value: 0.0861444444444445
            Iterations: 5
            Function evaluations: 27
            Gradient evaluations: 5
       rank  accuracy     error
0  0.958589  0.226667  0.086144
Optimization terminated successfully    (Exit mode 0)
            Current function value: 0.0832222222222223
            Iterations: 3
            Function evaluations: 23
            Gradient evaluations: 3
       rank  accuracy     error
0  0.965678  0.256667  0.083222
Optimization terminated successfully    (Exit mode 0)
            Current function value: 0.0539111111111111
            Iterations: 4
            Function evaluations: 31
            Gradient evaluations: 4
       rank  accuracy     error
0  0.970756      0.31  0.053911
Optimization terminated successfully    (Exit mode 0)
            Current function value: 0.05716666666666665
            Iterations: 3
            Function evaluations: 29
            Gradient evaluations: 3
       rank  accuracy     error
0  0.972489  0.326667  0.057167
Optimization terminated successfully    (Exit mode 0)
            Current function value: 0.05222222222222219
            Iterations: 6
            Function evaluations: 55
            Gradient evaluations: 6
       rank  accuracy     error
0  0.968156  0.306667  0.052222
Optimization terminated successfully    (Exit mode 0)
            Current function value: 0.057311111111111084
            Iterations: 8
            Function evaluations: 86
            Gradient evaluations: 8
       rank  accuracy     error
0  0.966956      0.31  0.057311
Optimization terminated successfully    (Exit mode 0)
            Current function value: 0.05578888888888888
            Iterations: 6
            Function evaluations: 73
            Gradient evaluations: 6
       rank  accuracy     error
0  0.969878  0.316667  0.055789
Optimization terminated successfully    (Exit mode 0)
            Current function value: 0.0
            Iterations: 1
            Function evaluations: 10
            Gradient evaluations: 1
   rank  accuracy  error
0   1.0       1.0    0.0
Optimization terminated successfully    (Exit mode 0)
            Current function value: 0.0
            Iterations: 1
            Function evaluations: 11
            Gradient evaluations: 1
   rank  accuracy  error
0   1.0       1.0    0.0
Optimization terminated successfully    (Exit mode 0)
            Current function value: 0.0
            Iterations: 1
            Function evaluations: 12
            Gradient evaluations: 1
   rank  accuracy  error
0   1.0       1.0    0.0
corrs 1
sub corrs 10
corrs 2
sub corrs 20
corrs 3
sub corrs 30
corrs 4
sub corrs 40
corrs 5
sub corrs 50
corrs 6
sub corrs 60
corrs 7
sub corrs 70
corrs 8
sub corrs 80
corrs 9
sub corrs 90
corrs 10
sub corrs 100
Optimization terminated successfully    (Exit mode 0)
            Current function value: 0.08947777777777782
            Iterations: 1
            Function evaluations: 2
            Gradient evaluations: 1
       rank  accuracy     error
0  0.960878  0.266667  0.089478
Optimization terminated successfully    (Exit mode 0)
            Current function value: 0.0889888888888889
            Iterations: 4
            Function evaluations: 23
            Gradient evaluations: 4
       rank  accuracy     error
0  0.959211  0.266667  0.088989
Optimization terminated successfully    (Exit mode 0)
            Current function value: 0.08913333333333337
            Iterations: 2
            Function evaluations: 19
            Gradient evaluations: 2
       rank  accuracy     error
0  0.960033  0.256667  0.089133
Optimization terminated successfully    (Exit mode 0)
            Current function value: 0.058966666666666716
            Iterations: 4
            Function evaluations: 32
            Gradient evaluations: 4
       rank  accuracy     error
0  0.969978  0.313333  0.058967
Optimization terminated successfully    (Exit mode 0)
            Current function value: 0.059144444444444486
            Iterations: 4
            Function evaluations: 36
            Gradient evaluations: 4
       rank  accuracy     error
0  0.966578  0.313333  0.059144
Optimization terminated successfully    (Exit mode 0)
            Current function value: 0.06737777777777783
            Iterations: 2
            Function evaluations: 25
            Gradient evaluations: 2
       rank  accuracy     error
0  0.974144  0.336667  0.067378
Optimization terminated successfully    (Exit mode 0)
            Current function value: 0.056800000000000045
            Iterations: 11
            Function evaluations: 104
            Gradient evaluations: 11
       rank  accuracy   error
0  0.957978  0.306667  0.0568
Optimization terminated successfully    (Exit mode 0)
            Current function value: 0.05696666666666665
            Iterations: 6
            Function evaluations: 70
            Gradient evaluations: 6
     rank  accuracy     error
0  0.9674  0.276667  0.056967
Optimization terminated successfully    (Exit mode 0)
            Current function value: 0.0
            Iterations: 1
            Function evaluations: 10
            Gradient evaluations: 1
   rank  accuracy  error
0   1.0       1.0    0.0
Optimization terminated successfully    (Exit mode 0)
            Current function value: 0.0
            Iterations: 1
            Function evaluations: 11
            Gradient evaluations: 1
   rank  accuracy  error
0   1.0       1.0    0.0
Optimization terminated successfully    (Exit mode 0)
            Current function value: 0.0
            Iterations: 1
            Function evaluations: 12
            Gradient evaluations: 1
   rank  accuracy  error
0   1.0       1.0    0.0
✨ Experiment complete. Results archived at: /mnt/beegfs/hellgate/home/tp183485/timecorr_trazzp/Cluster_Data/intact_100_10_10_isfc_LocallyLinearEmbedding_35_mexican_hat.csv
