corrs 1
sub corrs 10
corrs 2
sub corrs 20
corrs 3
sub corrs 30
corrs 4
sub corrs 40
corrs 5
sub corrs 50
corrs 6
sub corrs 60
corrs 7
sub corrs 70
corrs 8
sub corrs 80
corrs 9
sub corrs 90
corrs 10
sub corrs 100
Optimization terminated successfully    (Exit mode 0)
            Current function value: 0.19779952422145305
            Iterations: 1
            Function evaluations: 2
            Gradient evaluations: 1
       rank  accuracy   error
0  0.916225  0.169118  0.1978
Optimization terminated successfully    (Exit mode 0)
            Current function value: 0.19779952422145305
            Iterations: 3
            Function evaluations: 9
            Gradient evaluations: 3
       rank  accuracy   error
0  0.916225  0.169118  0.1978
Optimization terminated successfully    (Exit mode 0)
            Current function value: 0.20854509083044967
            Iterations: 3
            Function evaluations: 23
            Gradient evaluations: 3
       rank  accuracy     error
0  0.888719     0.125  0.208545
Optimization terminated successfully    (Exit mode 0)
            Current function value: 0.2024221453287196
            Iterations: 2
            Function evaluations: 21
            Gradient evaluations: 2
       rank  accuracy     error
0  0.904669  0.139706  0.202422
Optimization terminated successfully    (Exit mode 0)
            Current function value: 0.1689824826989618
            Iterations: 10
            Function evaluations: 72
            Gradient evaluations: 10
       rank  accuracy     error
0  0.928633  0.172794  0.168982
Optimization terminated successfully    (Exit mode 0)
            Current function value: 0.17587586505190297
            Iterations: 4
            Function evaluations: 39
            Gradient evaluations: 4
       rank  accuracy     error
0  0.924254  0.172794  0.175876
Optimization terminated successfully    (Exit mode 0)
            Current function value: 0.16741457612456734
            Iterations: 4
            Function evaluations: 46
            Gradient evaluations: 4
       rank  accuracy     error
0  0.918428  0.180147  0.167415
Optimization terminated successfully    (Exit mode 0)
            Current function value: 0.15799362024221447
            Iterations: 7
            Function evaluations: 84
            Gradient evaluations: 7
       rank  accuracy     error
0  0.917793  0.172794  0.157994
Optimization terminated successfully    (Exit mode 0)
            Current function value: 0.1565203287197231
            Iterations: 6
            Function evaluations: 78
            Gradient evaluations: 6
       rank  accuracy    error
0  0.911562  0.172794  0.15652
Optimization terminated successfully    (Exit mode 0)
            Current function value: 0.12721669550173012
            Iterations: 8
            Function evaluations: 101
            Gradient evaluations: 8
       rank  accuracy     error
0  0.936594  0.198529  0.127217
Optimization terminated successfully    (Exit mode 0)
            Current function value: 0.13888137975778542
            Iterations: 3
            Function evaluations: 47
            Gradient evaluations: 3
       rank  accuracy     error
0  0.936311  0.180147  0.138881
corrs 1
sub corrs 10
corrs 2
sub corrs 20
corrs 3
sub corrs 30
corrs 4
sub corrs 40
corrs 5
sub corrs 50
corrs 6
sub corrs 60
corrs 7
sub corrs 70
corrs 8
sub corrs 80
corrs 9
sub corrs 90
corrs 10
sub corrs 100
Optimization terminated successfully    (Exit mode 0)
            Current function value: 0.17044225778546696
            Iterations: 1
            Function evaluations: 2
            Gradient evaluations: 1
       rank  accuracy     error
0  0.917455  0.194853  0.170442
Optimization terminated successfully    (Exit mode 0)
            Current function value: 0.17044225778546696
            Iterations: 3
            Function evaluations: 9
            Gradient evaluations: 3
       rank  accuracy     error
0  0.917455  0.194853  0.170442
Optimization terminated successfully    (Exit mode 0)
            Current function value: 0.16358942474048432
            Iterations: 4
            Function evaluations: 27
            Gradient evaluations: 4
      rank  accuracy     error
0  0.91778  0.183824  0.163589
Optimization terminated successfully    (Exit mode 0)
            Current function value: 0.15733131487889268
            Iterations: 6
            Function evaluations: 42
            Gradient evaluations: 6
       rank  accuracy     error
0  0.922213  0.202206  0.157331
Optimization terminated successfully    (Exit mode 0)
            Current function value: 0.16250810986159162
            Iterations: 5
            Function evaluations: 41
            Gradient evaluations: 5
       rank  accuracy     error
0  0.922659  0.198529  0.162508
Optimization terminated successfully    (Exit mode 0)
            Current function value: 0.17072610294117638
            Iterations: 5
            Function evaluations: 46
            Gradient evaluations: 5
       rank  accuracy     error
0  0.921902  0.191176  0.170726
Optimization terminated successfully    (Exit mode 0)
            Current function value: 0.13875973183390994
            Iterations: 4
            Function evaluations: 43
            Gradient evaluations: 4
      rank  accuracy    error
0  0.93039  0.209559  0.13876
Optimization terminated successfully    (Exit mode 0)
            Current function value: 0.12270220588235299
            Iterations: 9
            Function evaluations: 97
            Gradient evaluations: 9
       rank  accuracy     error
0  0.943326  0.194853  0.122702
Optimization terminated successfully    (Exit mode 0)
            Current function value: 0.1481131055363321
            Iterations: 6
            Function evaluations: 71
            Gradient evaluations: 6
       rank  accuracy     error
0  0.926917  0.198529  0.148113
Optimization terminated successfully    (Exit mode 0)
            Current function value: 0.10850994809688587
            Iterations: 14
            Function evaluations: 174
            Gradient evaluations: 14
       rank  accuracy    error
0  0.949476  0.198529  0.10851
Optimization terminated successfully    (Exit mode 0)
            Current function value: 0.14027357266435977
            Iterations: 6
            Function evaluations: 85
            Gradient evaluations: 6
       rank  accuracy     error
0  0.924308  0.205882  0.140274
✨ Experiment complete. Results archived at: /mnt/beegfs/hellgate/home/tp183485/timecorr_trazzp/Cluster_Data/paragraph_100_10_10_isfc_UMAP_10_mexican_hat.csv
