corrs 1
sub corrs 10
corrs 2
sub corrs 20
corrs 3
sub corrs 30
corrs 4
sub corrs 40
corrs 5
sub corrs 50
corrs 6
sub corrs 60
corrs 7
sub corrs 70
corrs 8
sub corrs 80
corrs 9
sub corrs 90
corrs 10
sub corrs 100
Optimization terminated successfully    (Exit mode 0)
            Current function value: 0.18929768598615904
            Iterations: 1
            Function evaluations: 2
            Gradient evaluations: 1
       rank  accuracy     error
0  0.907223  0.132353  0.189298
Optimization terminated successfully    (Exit mode 0)
            Current function value: 0.07256974480968863
            Iterations: 1
            Function evaluations: 14
            Gradient evaluations: 1
       rank  accuracy    error
0  0.913373  0.136029  0.07257
Optimization terminated successfully    (Exit mode 0)
            Current function value: 0.07455666089965404
            Iterations: 7
            Function evaluations: 41
            Gradient evaluations: 7
       rank  accuracy     error
0  0.809364  0.007353  0.074557
Optimization terminated successfully    (Exit mode 0)
            Current function value: 0.07438094723183401
            Iterations: 5
            Function evaluations: 42
            Gradient evaluations: 5
       rank  accuracy     error
0  0.903371  0.073529  0.074381
Optimization terminated successfully    (Exit mode 0)
            Current function value: 0.033845155709342614
            Iterations: 11
            Function evaluations: 82
            Gradient evaluations: 11
       rank  accuracy     error
0  0.942853  0.154412  0.033845
Optimization terminated successfully    (Exit mode 0)
            Current function value: 0.04571258650519037
            Iterations: 2
            Function evaluations: 28
            Gradient evaluations: 2
       rank  accuracy     error
0  0.907412  0.077206  0.045713
Optimization terminated successfully    (Exit mode 0)
            Current function value: 0.038886786332179984
            Iterations: 6
            Function evaluations: 76
            Gradient evaluations: 6
       rank  accuracy     error
0  0.934662  0.128676  0.038887
Optimization terminated successfully    (Exit mode 0)
            Current function value: 0.024410683391003517
            Iterations: 5
            Function evaluations: 57
            Gradient evaluations: 5
       rank  accuracy     error
0  0.920429  0.143382  0.024411
Optimization terminated successfully    (Exit mode 0)
            Current function value: 0.022221020761245717
            Iterations: 6
            Function evaluations: 82
            Gradient evaluations: 6
       rank  accuracy     error
0  0.921456  0.136029  0.022221
Optimization terminated successfully    (Exit mode 0)
            Current function value: 0.02385650951557098
            Iterations: 5
            Function evaluations: 79
            Gradient evaluations: 5
       rank  accuracy     error
0  0.910535  0.099265  0.023857
Optimization terminated successfully    (Exit mode 0)
            Current function value: 0.021180255190311463
            Iterations: 8
            Function evaluations: 116
            Gradient evaluations: 8
       rank  accuracy    error
0  0.909075  0.136029  0.02118
corrs 1
sub corrs 10
corrs 2
sub corrs 20
corrs 3
sub corrs 30
corrs 4
sub corrs 40
corrs 5
sub corrs 50
corrs 6
sub corrs 60
corrs 7
sub corrs 70
corrs 8
sub corrs 80
corrs 9
sub corrs 90
corrs 10
sub corrs 100
Optimization terminated successfully    (Exit mode 0)
            Current function value: 0.21208639705882337
            Iterations: 1
            Function evaluations: 2
            Gradient evaluations: 1
       rank  accuracy     error
0  0.907926  0.150735  0.212086
Optimization terminated successfully    (Exit mode 0)
            Current function value: 0.06978535899653988
            Iterations: 3
            Function evaluations: 20
            Gradient evaluations: 3
       rank  accuracy     error
0  0.908399  0.128676  0.069785
Optimization terminated successfully    (Exit mode 0)
            Current function value: 0.05672848183391011
            Iterations: 5
            Function evaluations: 36
            Gradient evaluations: 5
       rank  accuracy     error
0  0.923902  0.102941  0.056728
Optimization terminated successfully    (Exit mode 0)
            Current function value: 0.0642030709342561
            Iterations: 1
            Function evaluations: 16
            Gradient evaluations: 1
       rank  accuracy     error
0  0.898221  0.080882  0.064203
Optimization terminated successfully    (Exit mode 0)
            Current function value: 0.042752487024221526
            Iterations: 8
            Function evaluations: 65
            Gradient evaluations: 8
       rank  accuracy     error
0  0.920023  0.106618  0.042752
Optimization terminated successfully    (Exit mode 0)
            Current function value: 0.05103806228373706
            Iterations: 1
            Function evaluations: 18
            Gradient evaluations: 1
       rank  accuracy     error
0  0.903047  0.084559  0.051038
Optimization terminated successfully    (Exit mode 0)
            Current function value: 0.045739619377162664
            Iterations: 4
            Function evaluations: 44
            Gradient evaluations: 4
       rank  accuracy    error
0  0.941636  0.117647  0.04574
Optimization terminated successfully    (Exit mode 0)
            Current function value: 0.028871107266436043
            Iterations: 4
            Function evaluations: 52
            Gradient evaluations: 4
       rank  accuracy     error
0  0.906318  0.132353  0.028871
Optimization terminated successfully    (Exit mode 0)
            Current function value: 0.02181552768166095
            Iterations: 4
            Function evaluations: 55
            Gradient evaluations: 4
      rank  accuracy     error
0  0.93058  0.161765  0.021816
Optimization terminated successfully    (Exit mode 0)
            Current function value: 0.028019571799307995
            Iterations: 5
            Function evaluations: 78
            Gradient evaluations: 5
      rank  accuracy    error
0  0.92124  0.102941  0.02802
Optimization terminated successfully    (Exit mode 0)
            Current function value: 0.022626513840830503
            Iterations: 7
            Function evaluations: 102
            Gradient evaluations: 7
     rank  accuracy     error
0  0.9006  0.110294  0.022627
✨ Experiment complete. Results archived at: /mnt/beegfs/hellgate/home/tp183485/timecorr_trazzp/Cluster_Data/paragraph_100_10_10_isfc_Isomap_35_laplace.csv
