corrs 1
sub corrs 10
corrs 2
sub corrs 20
corrs 3
sub corrs 30
corrs 4
sub corrs 40
corrs 5
sub corrs 50
corrs 6
sub corrs 60
corrs 7
sub corrs 70
corrs 8
sub corrs 80
corrs 9
sub corrs 90
corrs 10
sub corrs 100
Optimization terminated successfully    (Exit mode 0)
            Current function value: 0.21131596020761223
            Iterations: 1
            Function evaluations: 2
            Gradient evaluations: 1
       rank  accuracy     error
0  0.905885  0.106618  0.211316
Optimization terminated successfully    (Exit mode 0)
            Current function value: 0.20689608564013814
            Iterations: 5
            Function evaluations: 26
            Gradient evaluations: 5
       rank  accuracy     error
0  0.905047  0.102941  0.206896
Optimization terminated successfully    (Exit mode 0)
            Current function value: 0.20592290224913468
            Iterations: 6
            Function evaluations: 36
            Gradient evaluations: 6
      rank  accuracy     error
0  0.90456  0.106618  0.205923
Optimization terminated successfully    (Exit mode 0)
            Current function value: 0.20505785034602053
            Iterations: 6
            Function evaluations: 43
            Gradient evaluations: 6
       rank  accuracy     error
0  0.903912  0.106618  0.205058
Optimization terminated successfully    (Exit mode 0)
            Current function value: 0.18193122837370215
            Iterations: 6
            Function evaluations: 47
            Gradient evaluations: 6
       rank  accuracy     error
0  0.809526  0.069853  0.181931
Optimization terminated successfully    (Exit mode 0)
            Current function value: 0.17249675605536313
            Iterations: 5
            Function evaluations: 48
            Gradient evaluations: 5
       rank  accuracy     error
0  0.865201  0.099265  0.172497
Optimization terminated successfully    (Exit mode 0)
            Current function value: 0.1655898572664357
            Iterations: 5
            Function evaluations: 58
            Gradient evaluations: 5
       rank  accuracy    error
0  0.766044    0.0625  0.16559
Optimization terminated successfully    (Exit mode 0)
            Current function value: 0.16272437283737012
            Iterations: 5
            Function evaluations: 60
            Gradient evaluations: 5
       rank  accuracy     error
0  0.754933    0.0625  0.162724
Optimization terminated successfully    (Exit mode 0)
            Current function value: 0.16322448096885808
            Iterations: 9
            Function evaluations: 109
            Gradient evaluations: 9
       rank  accuracy     error
0  0.796213  0.080882  0.163224
Optimization terminated successfully    (Exit mode 0)
            Current function value: 0.13064987024221467
            Iterations: 4
            Function evaluations: 55
            Gradient evaluations: 4
       rank  accuracy    error
0  0.669442    0.0625  0.13065
Optimization terminated successfully    (Exit mode 0)
            Current function value: 0.13185283304498283
            Iterations: 5
            Function evaluations: 74
            Gradient evaluations: 5
      rank  accuracy     error
0  0.57161  0.044118  0.131853
corrs 1
sub corrs 10
corrs 2
sub corrs 20
corrs 3
sub corrs 30
corrs 4
sub corrs 40
corrs 5
sub corrs 50
corrs 6
sub corrs 60
corrs 7
sub corrs 70
corrs 8
sub corrs 80
corrs 9
sub corrs 90
corrs 10
sub corrs 100
Optimization terminated successfully    (Exit mode 0)
            Current function value: 0.23706477076124546
            Iterations: 1
            Function evaluations: 2
            Gradient evaluations: 1
       rank  accuracy     error
0  0.902641  0.102941  0.237065
Optimization terminated successfully    (Exit mode 0)
            Current function value: 0.24366079152249115
            Iterations: 3
            Function evaluations: 20
            Gradient evaluations: 3
       rank  accuracy     error
0  0.891179  0.099265  0.243661
Optimization terminated successfully    (Exit mode 0)
            Current function value: 0.22638678633217962
            Iterations: 2
            Function evaluations: 19
            Gradient evaluations: 2
       rank  accuracy     error
0  0.836748  0.080882  0.226387
Optimization terminated successfully    (Exit mode 0)
            Current function value: 0.21610077854671256
            Iterations: 3
            Function evaluations: 27
            Gradient evaluations: 3
       rank  accuracy     error
0  0.870269  0.088235  0.216101
Optimization terminated successfully    (Exit mode 0)
            Current function value: 0.16385975346020742
            Iterations: 5
            Function evaluations: 45
            Gradient evaluations: 5
       rank  accuracy    error
0  0.805039  0.088235  0.16386
Optimization terminated successfully    (Exit mode 0)
            Current function value: 0.16377865484429052
            Iterations: 8
            Function evaluations: 70
            Gradient evaluations: 8
       rank  accuracy     error
0  0.823975  0.099265  0.163779
Optimization terminated successfully    (Exit mode 0)
            Current function value: 0.18286386245674724
            Iterations: 2
            Function evaluations: 27
            Gradient evaluations: 2
       rank  accuracy     error
0  0.882502  0.106618  0.182864
Optimization terminated successfully    (Exit mode 0)
            Current function value: 0.1830395761245673
            Iterations: 3
            Function evaluations: 38
            Gradient evaluations: 3
       rank  accuracy    error
0  0.881434  0.110294  0.18304
Optimization terminated successfully    (Exit mode 0)
            Current function value: 0.16452205882352924
            Iterations: 7
            Function evaluations: 88
            Gradient evaluations: 7
       rank  accuracy     error
0  0.867079  0.088235  0.164522
Optimization terminated successfully    (Exit mode 0)
            Current function value: 0.15028925173010368
            Iterations: 7
            Function evaluations: 90
            Gradient evaluations: 7
       rank  accuracy     error
0  0.879447  0.095588  0.150289
Optimization terminated successfully    (Exit mode 0)
            Current function value: 0.12671658737024233
            Iterations: 11
            Function evaluations: 150
            Gradient evaluations: 11
       rank  accuracy     error
0  0.835005  0.091912  0.126717
✨ Experiment complete. Results archived at: /mnt/beegfs/hellgate/home/tp183485/timecorr_trazzp/Cluster_Data/paragraph_100_10_10_isfc_MiniBatchSparsePCA_45_mexican_hat.csv
