corrs 1
sub corrs 10
corrs 2
sub corrs 20
corrs 3
sub corrs 30
corrs 4
sub corrs 40
corrs 5
sub corrs 50
corrs 6
sub corrs 60
corrs 7
sub corrs 70
corrs 8
sub corrs 80
corrs 9
sub corrs 90
corrs 10
sub corrs 100
Optimization terminated successfully    (Exit mode 0)
            Current function value: 0.08704444444444469
            Iterations: 1
            Function evaluations: 2
            Gradient evaluations: 1
       rank  accuracy     error
0  0.952244      0.18  0.087044
Optimization terminated successfully    (Exit mode 0)
            Current function value: 0.031544444444444424
            Iterations: 5
            Function evaluations: 28
            Gradient evaluations: 5
       rank  accuracy     error
0  0.968844  0.186667  0.031544
Optimization terminated successfully    (Exit mode 0)
            Current function value: 0.031544444444444424
            Iterations: 4
            Function evaluations: 27
            Gradient evaluations: 4
       rank  accuracy     error
0  0.968878  0.186667  0.031544
Optimization terminated successfully    (Exit mode 0)
            Current function value: 0.03165555555555553
            Iterations: 8
            Function evaluations: 55
            Gradient evaluations: 8
       rank  accuracy     error
0  0.971711  0.186667  0.031656
Optimization terminated successfully    (Exit mode 0)
            Current function value: 0.01883333333333333
            Iterations: 4
            Function evaluations: 35
            Gradient evaluations: 4
     rank  accuracy     error
0  0.9787  0.186667  0.018833
Optimization terminated successfully    (Exit mode 0)
            Current function value: 0.0187
            Iterations: 3
            Function evaluations: 32
            Gradient evaluations: 3
       rank  accuracy   error
0  0.978678      0.19  0.0187
Optimization terminated successfully    (Exit mode 0)
            Current function value: 0.008866666666666674
            Iterations: 6
            Function evaluations: 61
            Gradient evaluations: 6
       rank  accuracy     error
0  0.986633      0.21  0.008867
Optimization terminated successfully    (Exit mode 0)
            Current function value: 0.008111111111111118
            Iterations: 6
            Function evaluations: 66
            Gradient evaluations: 6
       rank  accuracy     error
0  0.987444  0.213333  0.008111
Optimization terminated successfully    (Exit mode 0)
            Current function value: 0.008855555555555564
            Iterations: 2
            Function evaluations: 31
            Gradient evaluations: 2
       rank  accuracy     error
0  0.986289  0.206667  0.008856
Optimization terminated successfully    (Exit mode 0)
            Current function value: 0.009866666666666675
            Iterations: 3
            Function evaluations: 44
            Gradient evaluations: 3
       rank  accuracy     error
0  0.986433  0.213333  0.009867
Optimization terminated successfully    (Exit mode 0)
            Current function value: 0.00953333333333334
            Iterations: 3
            Function evaluations: 47
            Gradient evaluations: 3
       rank  accuracy     error
0  0.986856      0.22  0.009533
corrs 1
sub corrs 10
corrs 2
sub corrs 20
corrs 3
sub corrs 30
corrs 4
sub corrs 40
corrs 5
sub corrs 50
corrs 6
sub corrs 60
corrs 7
sub corrs 70
corrs 8
sub corrs 80
corrs 9
sub corrs 90
corrs 10
sub corrs 100
Optimization terminated successfully    (Exit mode 0)
            Current function value: 0.1123777777777779
            Iterations: 1
            Function evaluations: 2
            Gradient evaluations: 1
       rank  accuracy     error
0  0.948944  0.166667  0.112378
Optimization terminated successfully    (Exit mode 0)
            Current function value: 0.03239999999999998
            Iterations: 4
            Function evaluations: 24
            Gradient evaluations: 4
       rank  accuracy   error
0  0.971589  0.193333  0.0324
Optimization terminated successfully    (Exit mode 0)
            Current function value: 0.03354444444444441
            Iterations: 3
            Function evaluations: 12
            Gradient evaluations: 3
    rank  accuracy     error
0  0.972  0.186667  0.033544
Optimization terminated successfully    (Exit mode 0)
            Current function value: 0.027688888888888877
            Iterations: 2
            Function evaluations: 21
            Gradient evaluations: 2
     rank  accuracy     error
0  0.9768      0.17  0.027689
Optimization terminated successfully    (Exit mode 0)
            Current function value: 0.013311111111111131
            Iterations: 5
            Function evaluations: 42
            Gradient evaluations: 5
       rank  accuracy     error
0  0.982967  0.203333  0.013311
Optimization terminated successfully    (Exit mode 0)
            Current function value: 0.012655555555555574
            Iterations: 4
            Function evaluations: 39
            Gradient evaluations: 4
       rank  accuracy     error
0  0.983256      0.21  0.012656
Optimization terminated successfully    (Exit mode 0)
            Current function value: 0.009788888888888904
            Iterations: 2
            Function evaluations: 28
            Gradient evaluations: 2
       rank  accuracy     error
0  0.986189  0.213333  0.009789
Optimization terminated successfully    (Exit mode 0)
            Current function value: 0.009711111111111123
            Iterations: 4
            Function evaluations: 48
            Gradient evaluations: 4
       rank  accuracy     error
0  0.987022      0.21  0.009711
Optimization terminated successfully    (Exit mode 0)
            Current function value: 0.008788888888888903
            Iterations: 5
            Function evaluations: 63
            Gradient evaluations: 5
       rank  accuracy     error
0  0.987756  0.223333  0.008789
Optimization terminated successfully    (Exit mode 0)
            Current function value: 0.007977777777777792
            Iterations: 11
            Function evaluations: 142
            Gradient evaluations: 11
     rank  accuracy     error
0  0.9884  0.223333  0.007978
Optimization terminated successfully    (Exit mode 0)
            Current function value: 0.008033333333333345
            Iterations: 7
            Function evaluations: 96
            Gradient evaluations: 7
       rank  accuracy     error
0  0.988978  0.226667  0.008033
✨ Experiment complete. Results archived at: /mnt/beegfs/hellgate/home/tp183485/timecorr_trazzp/Cluster_Data/intact_100_10_10_isfc_UMAP_45_gaussian.csv
