corrs 1
sub corrs 10
corrs 2
sub corrs 20
corrs 3
sub corrs 30
corrs 4
sub corrs 40
corrs 5
sub corrs 50
corrs 6
sub corrs 60
corrs 7
sub corrs 70
corrs 8
sub corrs 80
corrs 9
sub corrs 90
corrs 10
sub corrs 100
Optimization terminated successfully    (Exit mode 0)
            Current function value: 0.09867777777777792
            Iterations: 1
            Function evaluations: 2
            Gradient evaluations: 1
       rank  accuracy     error
0  0.974889  0.293333  0.098678
Optimization terminated successfully    (Exit mode 0)
            Current function value: 0.08577777777777791
            Iterations: 4
            Function evaluations: 26
            Gradient evaluations: 4
       rank  accuracy     error
0  0.973311  0.263333  0.085778
Optimization terminated successfully    (Exit mode 0)
            Current function value: 0.08976666666666684
            Iterations: 5
            Function evaluations: 32
            Gradient evaluations: 5
       rank  accuracy     error
0  0.975433  0.293333  0.089767
Optimization terminated successfully    (Exit mode 0)
            Current function value: 0.08807777777777792
            Iterations: 4
            Function evaluations: 33
            Gradient evaluations: 4
       rank  accuracy     error
0  0.975433  0.293333  0.088078
Optimization terminated successfully    (Exit mode 0)
            Current function value: 0.08122222222222239
            Iterations: 4
            Function evaluations: 37
            Gradient evaluations: 4
       rank  accuracy     error
0  0.977089  0.286667  0.081222
Optimization terminated successfully    (Exit mode 0)
            Current function value: 0.07821111111111125
            Iterations: 3
            Function evaluations: 32
            Gradient evaluations: 3
    rank  accuracy     error
0  0.975  0.246667  0.078211
Optimization terminated successfully    (Exit mode 0)
            Current function value: 0.0638333333333334
            Iterations: 8
            Function evaluations: 85
            Gradient evaluations: 8
       rank  accuracy     error
0  0.974622  0.233333  0.063833
Optimization terminated successfully    (Exit mode 0)
            Current function value: 0.06236666666666675
            Iterations: 7
            Function evaluations: 77
            Gradient evaluations: 7
       rank  accuracy     error
0  0.974489      0.24  0.062367
Optimization terminated successfully    (Exit mode 0)
            Current function value: 0.051866666666666686
            Iterations: 5
            Function evaluations: 64
            Gradient evaluations: 5
     rank  accuracy     error
0  0.9772  0.233333  0.051867
Optimization terminated successfully    (Exit mode 0)
            Current function value: 0.05093333333333329
            Iterations: 5
            Function evaluations: 68
            Gradient evaluations: 5
     rank  accuracy     error
0  0.9779      0.26  0.050933
Optimization terminated successfully    (Exit mode 0)
            Current function value: 0.03371111111111111
            Iterations: 8
            Function evaluations: 111
            Gradient evaluations: 8
       rank  accuracy     error
0  0.971689      0.25  0.033711
corrs 1
sub corrs 10
corrs 2
sub corrs 20
corrs 3
sub corrs 30
corrs 4
sub corrs 40
corrs 5
sub corrs 50
corrs 6
sub corrs 60
corrs 7
sub corrs 70
corrs 8
sub corrs 80
corrs 9
sub corrs 90
corrs 10
sub corrs 100
Optimization terminated successfully    (Exit mode 0)
            Current function value: 0.09551111111111127
            Iterations: 1
            Function evaluations: 2
            Gradient evaluations: 1
       rank  accuracy     error
0  0.977189  0.296667  0.095511
Optimization terminated successfully    (Exit mode 0)
            Current function value: 0.07910000000000011
            Iterations: 4
            Function evaluations: 24
            Gradient evaluations: 4
       rank  accuracy   error
0  0.977489  0.313333  0.0791
Optimization terminated successfully    (Exit mode 0)
            Current function value: 0.07616666666666677
            Iterations: 9
            Function evaluations: 48
            Gradient evaluations: 9
       rank  accuracy     error
0  0.976533  0.303333  0.076167
Optimization terminated successfully    (Exit mode 0)
            Current function value: 0.0786111111111112
            Iterations: 5
            Function evaluations: 36
            Gradient evaluations: 5
       rank  accuracy     error
0  0.976767       0.3  0.078611
Optimization terminated successfully    (Exit mode 0)
            Current function value: 0.06601111111111116
            Iterations: 5
            Function evaluations: 41
            Gradient evaluations: 5
       rank  accuracy     error
0  0.978644  0.296667  0.066011
Optimization terminated successfully    (Exit mode 0)
            Current function value: 0.06536666666666673
            Iterations: 4
            Function evaluations: 39
            Gradient evaluations: 4
       rank  accuracy     error
0  0.978167  0.286667  0.065367
Optimization terminated successfully    (Exit mode 0)
            Current function value: 0.05847777777777781
            Iterations: 7
            Function evaluations: 68
            Gradient evaluations: 7
     rank  accuracy     error
0  0.9779      0.28  0.058478
Optimization terminated successfully    (Exit mode 0)
            Current function value: 0.055377777777777804
            Iterations: 5
            Function evaluations: 57
            Gradient evaluations: 5
       rank  accuracy     error
0  0.976589      0.27  0.055378
Optimization terminated successfully    (Exit mode 0)
            Current function value: 0.04688888888888887
            Iterations: 6
            Function evaluations: 76
            Gradient evaluations: 6
       rank  accuracy     error
0  0.976033  0.263333  0.046889
Optimization terminated successfully    (Exit mode 0)
            Current function value: 0.05698888888888893
            Iterations: 6
            Function evaluations: 81
            Gradient evaluations: 6
       rank  accuracy     error
0  0.978933  0.303333  0.056989
Optimization terminated successfully    (Exit mode 0)
            Current function value: 0.03921111111111113
            Iterations: 3
            Function evaluations: 47
            Gradient evaluations: 3
       rank  accuracy     error
0  0.982722  0.313333  0.039211
✨ Experiment complete. Results archived at: /mnt/beegfs/hellgate/home/tp183485/timecorr_trazzp/Cluster_Data/intact_100_10_10_isfc_SpectralEmbedding_45_mexican_hat.csv
