corrs 1
sub corrs 10
corrs 2
sub corrs 20
corrs 3
sub corrs 30
corrs 4
sub corrs 40
corrs 5
sub corrs 50
corrs 6
sub corrs 60
corrs 7
sub corrs 70
corrs 8
sub corrs 80
corrs 9
sub corrs 90
corrs 10
sub corrs 100
Optimization terminated successfully    (Exit mode 0)
            Current function value: 0.1608996539792385
            Iterations: 1
            Function evaluations: 2
            Gradient evaluations: 1
       rank  accuracy   error
0  0.926241  0.154412  0.1609
Optimization terminated successfully    (Exit mode 0)
            Current function value: 0.0314932958477509
            Iterations: 5
            Function evaluations: 29
            Gradient evaluations: 5
       rank  accuracy     error
0  0.970467  0.209559  0.031493
Optimization terminated successfully    (Exit mode 0)
            Current function value: 0.03200692041522496
            Iterations: 9
            Function evaluations: 51
            Gradient evaluations: 9
       rank  accuracy     error
0  0.969872  0.209559  0.032007
Optimization terminated successfully    (Exit mode 0)
            Current function value: 0.009894031141868539
            Iterations: 2
            Function evaluations: 21
            Gradient evaluations: 2
       rank  accuracy     error
0  0.986348  0.242647  0.009894
Optimization terminated successfully    (Exit mode 0)
            Current function value: 0.010177876297577885
            Iterations: 3
            Function evaluations: 30
            Gradient evaluations: 3
       rank  accuracy     error
0  0.986362  0.242647  0.010178
Optimization terminated successfully    (Exit mode 0)
            Current function value: 0.007853049307958469
            Iterations: 7
            Function evaluations: 60
            Gradient evaluations: 7
       rank  accuracy     error
0  0.988079      0.25  0.007853
Optimization terminated successfully    (Exit mode 0)
            Current function value: 0.008434256055363321
            Iterations: 3
            Function evaluations: 36
            Gradient evaluations: 3
       rank  accuracy     error
0  0.987849  0.242647  0.008434
Optimization terminated successfully    (Exit mode 0)
            Current function value: 0.008677551903114184
            Iterations: 1
            Function evaluations: 20
            Gradient evaluations: 1
       rank  accuracy     error
0  0.987078  0.224265  0.008678
Optimization terminated successfully    (Exit mode 0)
            Current function value: 0.006406790657439433
            Iterations: 16
            Function evaluations: 183
            Gradient evaluations: 16
     rank  accuracy     error
0  0.9897  0.279412  0.006407
Optimization terminated successfully    (Exit mode 0)
            Current function value: 0.00744755622837369
            Iterations: 9
            Function evaluations: 111
            Gradient evaluations: 9
       rank  accuracy     error
0  0.989133  0.257353  0.007448
Optimization terminated successfully    (Exit mode 0)
            Current function value: 0.008163927335640133
            Iterations: 4
            Function evaluations: 64
            Gradient evaluations: 4
       rank  accuracy     error
0  0.987524  0.246324  0.008164
corrs 1
sub corrs 10
corrs 2
sub corrs 20
corrs 3
sub corrs 30
corrs 4
sub corrs 40
corrs 5
sub corrs 50
corrs 6
sub corrs 60
corrs 7
sub corrs 70
corrs 8
sub corrs 80
corrs 9
sub corrs 90
corrs 10
sub corrs 100
Optimization terminated successfully    (Exit mode 0)
            Current function value: 0.16879325259515557
            Iterations: 1
            Function evaluations: 2
            Gradient evaluations: 1
       rank  accuracy     error
0  0.924632  0.205882  0.168793
Optimization terminated successfully    (Exit mode 0)
            Current function value: 0.025775843425605564
            Iterations: 1
            Function evaluations: 14
            Gradient evaluations: 1
       rank  accuracy     error
0  0.979009  0.279412  0.025776
Optimization terminated successfully    (Exit mode 0)
            Current function value: 0.02580287629757788
            Iterations: 2
            Function evaluations: 19
            Gradient evaluations: 2
       rank  accuracy     error
0  0.979279  0.283088  0.025803
Optimization terminated successfully    (Exit mode 0)
            Current function value: 0.009407439446366793
            Iterations: 4
            Function evaluations: 31
            Gradient evaluations: 4
       rank  accuracy     error
0  0.988295  0.319853  0.009407
Optimization terminated successfully    (Exit mode 0)
            Current function value: 0.008028762975778541
            Iterations: 5
            Function evaluations: 42
            Gradient evaluations: 5
      rank  accuracy     error
0  0.98966  0.341912  0.008029
Optimization terminated successfully    (Exit mode 0)
            Current function value: 0.006947448096885804
            Iterations: 6
            Function evaluations: 57
            Gradient evaluations: 6
       rank  accuracy     error
0  0.990755  0.356618  0.006947
Optimization terminated successfully    (Exit mode 0)
            Current function value: 0.006947448096885804
            Iterations: 7
            Function evaluations: 69
            Gradient evaluations: 7
       rank  accuracy     error
0  0.990836  0.356618  0.006947
Optimization terminated successfully    (Exit mode 0)
            Current function value: 0.007434039792387535
            Iterations: 5
            Function evaluations: 56
            Gradient evaluations: 5
       rank  accuracy     error
0  0.990795  0.334559  0.007434
Optimization terminated successfully    (Exit mode 0)
            Current function value: 0.007717884948096882
            Iterations: 4
            Function evaluations: 51
            Gradient evaluations: 4
       rank  accuracy     error
0  0.989836  0.327206  0.007718
Optimization terminated successfully    (Exit mode 0)
            Current function value: 0.007542171280276809
            Iterations: 5
            Function evaluations: 66
            Gradient evaluations: 5
       rank  accuracy     error
0  0.990322  0.334559  0.007542
Optimization terminated successfully    (Exit mode 0)
            Current function value: 0.007312391868512103
            Iterations: 6
            Function evaluations: 83
            Gradient evaluations: 6
      rank  accuracy     error
0  0.99016  0.338235  0.007312
✨ Experiment complete. Results archived at: /mnt/beegfs/hellgate/home/tp183485/timecorr_trazzp/Cluster_Data/paragraph_100_10_10_isfc_UMAP_20_laplace.csv
