corrs 1
sub corrs 10
corrs 2
sub corrs 20
corrs 3
sub corrs 30
corrs 4
sub corrs 40
corrs 5
sub corrs 50
corrs 6
sub corrs 60
corrs 7
sub corrs 70
corrs 8
sub corrs 80
corrs 9
sub corrs 90
corrs 10
sub corrs 100
Optimization terminated successfully    (Exit mode 0)
            Current function value: 0.1725913711072662
            Iterations: 1
            Function evaluations: 2
            Gradient evaluations: 1
      rank  accuracy     error
0  0.91071  0.158088  0.172591
Optimization terminated successfully    (Exit mode 0)
            Current function value: 0.1725913711072662
            Iterations: 3
            Function evaluations: 9
            Gradient evaluations: 3
      rank  accuracy     error
0  0.91071  0.158088  0.172591
Optimization terminated successfully    (Exit mode 0)
            Current function value: 0.1763894896193769
            Iterations: 4
            Function evaluations: 27
            Gradient evaluations: 4
      rank  accuracy     error
0  0.91117  0.150735  0.176389
Optimization terminated successfully    (Exit mode 0)
            Current function value: 0.1725913711072662
            Iterations: 4
            Function evaluations: 31
            Gradient evaluations: 4
      rank  accuracy     error
0  0.91071  0.158088  0.172591
Optimization terminated successfully    (Exit mode 0)
            Current function value: 0.17497026384083028
            Iterations: 5
            Function evaluations: 43
            Gradient evaluations: 5
       rank  accuracy    error
0  0.915238  0.136029  0.17497
Optimization terminated successfully    (Exit mode 0)
            Current function value: 0.16868512110726636
            Iterations: 5
            Function evaluations: 47
            Gradient evaluations: 5
       rank  accuracy     error
0  0.909399  0.117647  0.168685
Optimization terminated successfully    (Exit mode 0)
            Current function value: 0.16268382352941146
            Iterations: 4
            Function evaluations: 44
            Gradient evaluations: 4
       rank  accuracy     error
0  0.913224  0.128676  0.162684
Optimization terminated successfully    (Exit mode 0)
            Current function value: 0.16076448961937684
            Iterations: 5
            Function evaluations: 58
            Gradient evaluations: 5
      rank  accuracy     error
0  0.91463     0.125  0.160764
Optimization terminated successfully    (Exit mode 0)
            Current function value: 0.16284602076124557
            Iterations: 5
            Function evaluations: 64
            Gradient evaluations: 5
       rank  accuracy     error
0  0.912833  0.121324  0.162846
Optimization terminated successfully    (Exit mode 0)
            Current function value: 0.1664278762975777
            Iterations: 4
            Function evaluations: 55
            Gradient evaluations: 4
       rank  accuracy     error
0  0.912738  0.147059  0.166428
Optimization terminated successfully    (Exit mode 0)
            Current function value: 0.14996485726643588
            Iterations: 4
            Function evaluations: 59
            Gradient evaluations: 4
       rank  accuracy     error
0  0.908818  0.158088  0.149965
corrs 1
sub corrs 10
corrs 2
sub corrs 20
corrs 3
sub corrs 30
corrs 4
sub corrs 40
corrs 5
sub corrs 50
corrs 6
sub corrs 60
corrs 7
sub corrs 70
corrs 8
sub corrs 80
corrs 9
sub corrs 90
corrs 10
sub corrs 100
Optimization terminated successfully    (Exit mode 0)
            Current function value: 0.17365916955017296
            Iterations: 1
            Function evaluations: 2
            Gradient evaluations: 1
       rank  accuracy     error
0  0.911129  0.136029  0.173659
Optimization terminated successfully    (Exit mode 0)
            Current function value: 0.17365916955017296
            Iterations: 4
            Function evaluations: 12
            Gradient evaluations: 4
       rank  accuracy     error
0  0.911129  0.136029  0.173659
Optimization terminated successfully    (Exit mode 0)
            Current function value: 0.17365916955017296
            Iterations: 6
            Function evaluations: 35
            Gradient evaluations: 6
       rank  accuracy     error
0  0.911211  0.136029  0.173659
Optimization terminated successfully    (Exit mode 0)
            Current function value: 0.17365916955017296
            Iterations: 4
            Function evaluations: 20
            Gradient evaluations: 4
       rank  accuracy     error
0  0.911129  0.136029  0.173659
Optimization terminated successfully    (Exit mode 0)
            Current function value: 0.1606563581314878
            Iterations: 6
            Function evaluations: 49
            Gradient evaluations: 6
       rank  accuracy     error
0  0.915374  0.143382  0.160656
Optimization terminated successfully    (Exit mode 0)
            Current function value: 0.15862889273356393
            Iterations: 7
            Function evaluations: 62
            Gradient evaluations: 7
       rank  accuracy     error
0  0.914252  0.139706  0.158629
Optimization terminated successfully    (Exit mode 0)
            Current function value: 0.14887002595155707
            Iterations: 4
            Function evaluations: 43
            Gradient evaluations: 4
       rank  accuracy    error
0  0.916874  0.147059  0.14887
Optimization terminated successfully    (Exit mode 0)
            Current function value: 0.15277627595155693
            Iterations: 3
            Function evaluations: 38
            Gradient evaluations: 3
       rank  accuracy     error
0  0.913197  0.121324  0.152776
Optimization terminated successfully    (Exit mode 0)
            Current function value: 0.1459910250865051
            Iterations: 5
            Function evaluations: 62
            Gradient evaluations: 5
       rank  accuracy     error
0  0.916955  0.154412  0.145991
Optimization terminated successfully    (Exit mode 0)
            Current function value: 0.1528438581314878
            Iterations: 4
            Function evaluations: 55
            Gradient evaluations: 4
       rank  accuracy     error
0  0.915576  0.147059  0.152844
Optimization terminated successfully    (Exit mode 0)
            Current function value: 0.14320663927335628
            Iterations: 5
            Function evaluations: 71
            Gradient evaluations: 5
       rank  accuracy     error
0  0.913819  0.136029  0.143207
✨ Experiment complete. Results archived at: /mnt/beegfs/hellgate/home/tp183485/timecorr_trazzp/Cluster_Data/paragraph_100_10_10_isfc_MiniBatchSparsePCA_20_mexican_hat.csv
