corrs 1
sub corrs 10
corrs 2
sub corrs 20
corrs 3
sub corrs 30
corrs 4
sub corrs 40
corrs 5
sub corrs 50
corrs 6
sub corrs 60
corrs 7
sub corrs 70
corrs 8
sub corrs 80
corrs 9
sub corrs 90
corrs 10
sub corrs 100
Optimization terminated successfully    (Exit mode 0)
            Current function value: 0.1702665441176468
            Iterations: 1
            Function evaluations: 2
            Gradient evaluations: 1
       rank  accuracy     error
0  0.931958  0.143382  0.170267
Optimization terminated successfully    (Exit mode 0)
            Current function value: 0.16306228373702392
            Iterations: 6
            Function evaluations: 30
            Gradient evaluations: 6
       rank  accuracy     error
0  0.930877  0.147059  0.163062
Optimization terminated successfully    (Exit mode 0)
            Current function value: 0.13938148788927307
            Iterations: 3
            Function evaluations: 23
            Gradient evaluations: 3
       rank  accuracy     error
0  0.934932  0.169118  0.139381
Optimization terminated successfully    (Exit mode 0)
            Current function value: 0.12786548442906545
            Iterations: 9
            Function evaluations: 62
            Gradient evaluations: 9
       rank  accuracy     error
0  0.933878  0.150735  0.127865
Optimization terminated successfully    (Exit mode 0)
            Current function value: 0.13140679065743915
            Iterations: 7
            Function evaluations: 54
            Gradient evaluations: 7
       rank  accuracy     error
0  0.936365  0.154412  0.131407
Optimization terminated successfully    (Exit mode 0)
            Current function value: 0.13077151816608967
            Iterations: 8
            Function evaluations: 72
            Gradient evaluations: 8
      rank  accuracy     error
0  0.93477  0.154412  0.130772
Optimization terminated successfully    (Exit mode 0)
            Current function value: 0.1362862240484427
            Iterations: 8
            Function evaluations: 78
            Gradient evaluations: 8
       rank  accuracy     error
0  0.934594  0.172794  0.136286
Optimization terminated successfully    (Exit mode 0)
            Current function value: 0.16829314446366747
            Iterations: 4
            Function evaluations: 47
            Gradient evaluations: 4
       rank  accuracy     error
0  0.875176  0.102941  0.168293
Optimization terminated successfully    (Exit mode 0)
            Current function value: 0.12785196799307932
            Iterations: 9
            Function evaluations: 102
            Gradient evaluations: 9
       rank  accuracy     error
0  0.936148  0.154412  0.127852
Optimization terminated successfully    (Exit mode 0)
            Current function value: 0.13169063581314858
            Iterations: 7
            Function evaluations: 90
            Gradient evaluations: 7
       rank  accuracy     error
0  0.930161  0.154412  0.131691
Optimization terminated successfully    (Exit mode 0)
            Current function value: 0.1318933823529409
            Iterations: 5
            Function evaluations: 74
            Gradient evaluations: 5
       rank  accuracy     error
0  0.932675  0.143382  0.131893
corrs 1
sub corrs 10
corrs 2
sub corrs 20
corrs 3
sub corrs 30
corrs 4
sub corrs 40
corrs 5
sub corrs 50
corrs 6
sub corrs 60
corrs 7
sub corrs 70
corrs 8
sub corrs 80
corrs 9
sub corrs 90
corrs 10
sub corrs 100
Optimization terminated successfully    (Exit mode 0)
            Current function value: 0.1696312716262975
            Iterations: 1
            Function evaluations: 2
            Gradient evaluations: 1
       rank  accuracy     error
0  0.932161  0.165441  0.169631
Optimization terminated successfully    (Exit mode 0)
            Current function value: 0.1696312716262975
            Iterations: 4
            Function evaluations: 12
            Gradient evaluations: 4
       rank  accuracy     error
0  0.932161  0.165441  0.169631
Optimization terminated successfully    (Exit mode 0)
            Current function value: 0.2319555579584775
            Iterations: 3
            Function evaluations: 25
            Gradient evaluations: 3
       rank  accuracy     error
0  0.814582    0.0625  0.231956
Optimization terminated successfully    (Exit mode 0)
            Current function value: 0.16011570069204129
            Iterations: 5
            Function evaluations: 39
            Gradient evaluations: 5
       rank  accuracy     error
0  0.912941  0.150735  0.160116
Optimization terminated successfully    (Exit mode 0)
            Current function value: 0.1653600778546711
            Iterations: 4
            Function evaluations: 35
            Gradient evaluations: 4
       rank  accuracy    error
0  0.883015  0.113971  0.16536
Optimization terminated successfully    (Exit mode 0)
            Current function value: 0.15973724048442892
            Iterations: 8
            Function evaluations: 69
            Gradient evaluations: 8
       rank  accuracy     error
0  0.906142  0.128676  0.159737
Optimization terminated successfully    (Exit mode 0)
            Current function value: 0.16511678200692018
            Iterations: 3
            Function evaluations: 35
            Gradient evaluations: 3
       rank  accuracy     error
0  0.925416  0.165441  0.165117
Optimization terminated successfully    (Exit mode 0)
            Current function value: 0.13924632352941152
            Iterations: 7
            Function evaluations: 75
            Gradient evaluations: 7
       rank  accuracy     error
0  0.935229  0.172794  0.139246
Optimization terminated successfully    (Exit mode 0)
            Current function value: 0.15747999567474033
            Iterations: 5
            Function evaluations: 62
            Gradient evaluations: 5
       rank  accuracy    error
0  0.924795  0.154412  0.15748
Optimization terminated successfully    (Exit mode 0)
            Current function value: 0.13854346885813124
            Iterations: 5
            Function evaluations: 69
            Gradient evaluations: 5
      rank  accuracy     error
0  0.93477  0.172794  0.138543
Optimization terminated successfully    (Exit mode 0)
            Current function value: 0.1354887543252594
            Iterations: 9
            Function evaluations: 126
            Gradient evaluations: 9
       rank  accuracy     error
0  0.936486  0.176471  0.135489
✨ Experiment complete. Results archived at: /mnt/beegfs/hellgate/home/tp183485/timecorr_trazzp/Cluster_Data/paragraph_100_10_10_isfc_PCA_40_gaussian.csv
