corrs 1
sub corrs 10
corrs 2
sub corrs 20
corrs 3
sub corrs 30
corrs 4
sub corrs 40
corrs 5
sub corrs 50
corrs 6
sub corrs 60
corrs 7
sub corrs 70
corrs 8
sub corrs 80
corrs 9
sub corrs 90
corrs 10
sub corrs 100
Optimization terminated successfully    (Exit mode 0)
            Current function value: 0.10535555555555579
            Iterations: 1
            Function evaluations: 2
            Gradient evaluations: 1
       rank  accuracy     error
0  0.968456  0.296667  0.105356
Optimization terminated successfully    (Exit mode 0)
            Current function value: 0.10535555555555579
            Iterations: 3
            Function evaluations: 9
            Gradient evaluations: 3
       rank  accuracy     error
0  0.968456  0.296667  0.105356
Optimization terminated successfully    (Exit mode 0)
            Current function value: 0.10535555555555579
            Iterations: 5
            Function evaluations: 20
            Gradient evaluations: 5
       rank  accuracy     error
0  0.968456  0.296667  0.105356
Optimization terminated successfully    (Exit mode 0)
            Current function value: 0.10535555555555579
            Iterations: 4
            Function evaluations: 20
            Gradient evaluations: 4
       rank  accuracy     error
0  0.968456  0.296667  0.105356
Optimization terminated successfully    (Exit mode 0)
            Current function value: 0.10046666666666691
            Iterations: 5
            Function evaluations: 43
            Gradient evaluations: 5
       rank  accuracy     error
0  0.968744  0.303333  0.100467
Optimization terminated successfully    (Exit mode 0)
            Current function value: 0.10668888888888911
            Iterations: 4
            Function evaluations: 40
            Gradient evaluations: 4
       rank  accuracy     error
0  0.968533       0.3  0.106689
Optimization terminated successfully    (Exit mode 0)
            Current function value: 0.10228888888888911
            Iterations: 7
            Function evaluations: 56
            Gradient evaluations: 7
       rank  accuracy     error
0  0.968467  0.293333  0.102289
Optimization terminated successfully    (Exit mode 0)
            Current function value: 0.10228888888888911
            Iterations: 6
            Function evaluations: 55
            Gradient evaluations: 6
       rank  accuracy     error
0  0.968467  0.293333  0.102289
Optimization terminated successfully    (Exit mode 0)
            Current function value: 0.2586999999999998
            Iterations: 3
            Function evaluations: 44
            Gradient evaluations: 3
       rank  accuracy   error
0  0.907111      0.02  0.2587
Optimization terminated successfully    (Exit mode 0)
            Current function value: 0.2631888888888887
            Iterations: 4
            Function evaluations: 59
            Gradient evaluations: 4
       rank  accuracy     error
0  0.911789      0.02  0.263189
Optimization terminated successfully    (Exit mode 0)
            Current function value: 0.10272222222222244
            Iterations: 7
            Function evaluations: 95
            Gradient evaluations: 7
     rank  accuracy     error
0  0.9675  0.296667  0.102722
corrs 1
sub corrs 10
corrs 2
sub corrs 20
corrs 3
sub corrs 30
corrs 4
sub corrs 40
corrs 5
sub corrs 50
corrs 6
sub corrs 60
corrs 7
sub corrs 70
corrs 8
sub corrs 80
corrs 9
sub corrs 90
corrs 10
sub corrs 100
Optimization terminated successfully    (Exit mode 0)
            Current function value: 0.06753333333333345
            Iterations: 1
            Function evaluations: 2
            Gradient evaluations: 1
       rank  accuracy     error
0  0.969689  0.313333  0.067533
Optimization terminated successfully    (Exit mode 0)
            Current function value: 0.06753333333333345
            Iterations: 3
            Function evaluations: 9
            Gradient evaluations: 3
       rank  accuracy     error
0  0.969689  0.313333  0.067533
Optimization terminated successfully    (Exit mode 0)
            Current function value: 0.06753333333333345
            Iterations: 4
            Function evaluations: 16
            Gradient evaluations: 4
       rank  accuracy     error
0  0.969689  0.313333  0.067533
Optimization terminated successfully    (Exit mode 0)
            Current function value: 0.06622222222222234
            Iterations: 6
            Function evaluations: 41
            Gradient evaluations: 6
       rank  accuracy     error
0  0.969722  0.316667  0.066222
Optimization terminated successfully    (Exit mode 0)
            Current function value: 0.062200000000000095
            Iterations: 7
            Function evaluations: 54
            Gradient evaluations: 7
     rank  accuracy   error
0  0.9697  0.313333  0.0622
Optimization terminated successfully    (Exit mode 0)
            Current function value: 0.06623333333333345
            Iterations: 7
            Function evaluations: 60
            Gradient evaluations: 7
       rank  accuracy     error
0  0.969667  0.316667  0.066233
Optimization terminated successfully    (Exit mode 0)
            Current function value: 0.06625555555555565
            Iterations: 6
            Function evaluations: 59
            Gradient evaluations: 6
       rank  accuracy     error
0  0.966989  0.313333  0.066256
Optimization terminated successfully    (Exit mode 0)
            Current function value: 0.0626000000000001
            Iterations: 8
            Function evaluations: 85
            Gradient evaluations: 8
       rank  accuracy   error
0  0.966756  0.303333  0.0626
Optimization terminated successfully    (Exit mode 0)
            Current function value: 0.267922222222222
            Iterations: 6
            Function evaluations: 77
            Gradient evaluations: 6
       rank  accuracy     error
0  0.937811      0.02  0.267922
Optimization terminated successfully    (Exit mode 0)
            Current function value: 0.22544444444444428
            Iterations: 6
            Function evaluations: 84
            Gradient evaluations: 6
       rank  accuracy     error
0  0.958311  0.123333  0.225444
Optimization terminated successfully    (Exit mode 0)
            Current function value: 0.06636666666666677
            Iterations: 9
            Function evaluations: 123
            Gradient evaluations: 9
       rank  accuracy     error
0  0.968344      0.31  0.066367
✨ Experiment complete. Results archived at: /mnt/beegfs/hellgate/home/tp183485/timecorr_trazzp/Cluster_Data/intact_100_10_10_isfc_DictionaryLearning_35_mexican_hat.csv
