corrs 1
sub corrs 10
corrs 2
sub corrs 20
corrs 3
sub corrs 30
corrs 4
sub corrs 40
corrs 5
sub corrs 50
corrs 6
sub corrs 60
corrs 7
sub corrs 70
corrs 8
sub corrs 80
corrs 9
sub corrs 90
corrs 10
sub corrs 100
Optimization terminated successfully    (Exit mode 0)
            Current function value: 0.07525555555555564
            Iterations: 1
            Function evaluations: 2
            Gradient evaluations: 1
       rank  accuracy     error
0  0.971522      0.31  0.075256
Optimization terminated successfully    (Exit mode 0)
            Current function value: 0.5456666666666664
            Iterations: 3
            Function evaluations: 21
            Gradient evaluations: 3
       rank  accuracy     error
0  0.405933       0.0  0.545667
Optimization terminated successfully    (Exit mode 0)
            Current function value: 0.02424444444444441
            Iterations: 13
            Function evaluations: 68
            Gradient evaluations: 13
     rank  accuracy     error
0  0.9822  0.313333  0.024244
Optimization terminated successfully    (Exit mode 0)
            Current function value: 0.027211111111111085
            Iterations: 9
            Function evaluations: 63
            Gradient evaluations: 9
       rank  accuracy     error
0  0.976856  0.303333  0.027211
Optimization terminated successfully    (Exit mode 0)
            Current function value: 0.027211111111111085
            Iterations: 9
            Function evaluations: 66
            Gradient evaluations: 9
       rank  accuracy     error
0  0.976656  0.303333  0.027211
Optimization terminated successfully    (Exit mode 0)
            Current function value: 0.034199999999999973
            Iterations: 12
            Function evaluations: 99
            Gradient evaluations: 12
       rank  accuracy   error
0  0.964344  0.213333  0.0342
Optimization terminated successfully    (Exit mode 0)
            Current function value: 0.028611111111111077
            Iterations: 13
            Function evaluations: 120
            Gradient evaluations: 13
     rank  accuracy     error
0  0.9779  0.286667  0.028611
Optimization terminated successfully    (Exit mode 0)
            Current function value: 0.016588888888888882
            Iterations: 9
            Function evaluations: 95
            Gradient evaluations: 9
       rank  accuracy     error
0  0.961533  0.263333  0.016589
Optimization terminated successfully    (Exit mode 0)
            Current function value: 0.028099999999999993
            Iterations: 10
            Function evaluations: 112
            Gradient evaluations: 10
       rank  accuracy   error
0  0.917144  0.173333  0.0281
Optimization terminated successfully    (Exit mode 0)
            Current function value: 0.016999999999999977
            Iterations: 6
            Function evaluations: 81
            Gradient evaluations: 6
     rank  accuracy  error
0  0.9485      0.24  0.017
Optimization terminated successfully    (Exit mode 0)
            Current function value: 0.02752222222222222
            Iterations: 10
            Function evaluations: 136
            Gradient evaluations: 10
     rank  accuracy     error
0  0.9014      0.15  0.027522
corrs 1
sub corrs 10
corrs 2
sub corrs 20
corrs 3
sub corrs 30
corrs 4
sub corrs 40
corrs 5
sub corrs 50
corrs 6
sub corrs 60
corrs 7
sub corrs 70
corrs 8
sub corrs 80
corrs 9
sub corrs 90
corrs 10
sub corrs 100
Optimization terminated successfully    (Exit mode 0)
            Current function value: 0.06734444444444451
            Iterations: 1
            Function evaluations: 2
            Gradient evaluations: 1
       rank  accuracy     error
0  0.972678  0.283333  0.067344
Optimization terminated successfully    (Exit mode 0)
            Current function value: 0.5207444444444445
            Iterations: 4
            Function evaluations: 12
            Gradient evaluations: 4
       rank  accuracy     error
0  0.305256  0.003333  0.520744
Optimization terminated successfully    (Exit mode 0)
            Current function value: 0.03177777777777778
            Iterations: 6
            Function evaluations: 36
            Gradient evaluations: 6
       rank  accuracy     error
0  0.959678      0.28  0.031778
Optimization terminated successfully    (Exit mode 0)
            Current function value: 0.03304444444444445
            Iterations: 3
            Function evaluations: 34
            Gradient evaluations: 3
       rank  accuracy     error
0  0.917378  0.173333  0.033044
Optimization terminated successfully    (Exit mode 0)
            Current function value: 0.0328888888888889
            Iterations: 12
            Function evaluations: 101
            Gradient evaluations: 12
       rank  accuracy     error
0  0.922456  0.193333  0.032889
Optimization terminated successfully    (Exit mode 0)
            Current function value: 0.02661111111111107
            Iterations: 10
            Function evaluations: 87
            Gradient evaluations: 10
       rank  accuracy     error
0  0.953322  0.243333  0.026611
Optimization terminated successfully    (Exit mode 0)
            Current function value: 0.027966666666666657
            Iterations: 7
            Function evaluations: 72
            Gradient evaluations: 7
       rank  accuracy     error
0  0.940556  0.223333  0.027967
Optimization terminated successfully    (Exit mode 0)
            Current function value: 0.013366666666666674
            Iterations: 11
            Function evaluations: 111
            Gradient evaluations: 11
       rank  accuracy     error
0  0.950067  0.286667  0.013367
Optimization terminated successfully    (Exit mode 0)
            Current function value: 0.013766666666666672
            Iterations: 17
            Function evaluations: 187
            Gradient evaluations: 17
       rank  accuracy     error
0  0.947189  0.303333  0.013767
Optimization terminated successfully    (Exit mode 0)
            Current function value: 0.01808888888888888
            Iterations: 5
            Function evaluations: 73
            Gradient evaluations: 5
       rank  accuracy     error
0  0.957256  0.216667  0.018089
Optimization terminated successfully    (Exit mode 0)
            Current function value: 0.012422222222222236
            Iterations: 15
            Function evaluations: 193
            Gradient evaluations: 15
       rank  accuracy     error
0  0.969811      0.29  0.012422
✨ Experiment complete. Results archived at: /mnt/beegfs/hellgate/home/tp183485/timecorr_trazzp/Cluster_Data/intact_100_10_10_isfc_Isomap_20_laplace.csv
