corrs 1
sub corrs 10
corrs 2
sub corrs 20
corrs 3
sub corrs 30
corrs 4
sub corrs 40
corrs 5
sub corrs 50
corrs 6
sub corrs 60
corrs 7
sub corrs 70
corrs 8
sub corrs 80
corrs 9
sub corrs 90
corrs 10
sub corrs 100
Optimization terminated successfully    (Exit mode 0)
            Current function value: 0.15699340397923864
            Iterations: 1
            Function evaluations: 2
            Gradient evaluations: 1
      rank  accuracy     error
0  0.93919  0.169118  0.156993
Optimization terminated successfully    (Exit mode 0)
            Current function value: 0.15699340397923864
            Iterations: 3
            Function evaluations: 9
            Gradient evaluations: 3
      rank  accuracy     error
0  0.93919  0.169118  0.156993
Optimization terminated successfully    (Exit mode 0)
            Current function value: 0.1580612024221452
            Iterations: 4
            Function evaluations: 16
            Gradient evaluations: 4
      rank  accuracy     error
0  0.93846  0.161765  0.158061
Optimization terminated successfully    (Exit mode 0)
            Current function value: 0.15699340397923864
            Iterations: 6
            Function evaluations: 41
            Gradient evaluations: 6
      rank  accuracy     error
0  0.93919  0.169118  0.156993
Optimization terminated successfully    (Exit mode 0)
            Current function value: 0.17015841262975773
            Iterations: 4
            Function evaluations: 35
            Gradient evaluations: 4
       rank  accuracy     error
0  0.920199  0.136029  0.170158
Optimization terminated successfully    (Exit mode 0)
            Current function value: 0.1509650735294116
            Iterations: 5
            Function evaluations: 46
            Gradient evaluations: 5
       rank  accuracy     error
0  0.916374  0.128676  0.150965
Optimization terminated successfully    (Exit mode 0)
            Current function value: 0.15869647491349456
            Iterations: 3
            Function evaluations: 35
            Gradient evaluations: 3
       rank  accuracy     error
0  0.923186  0.143382  0.158696
Optimization terminated successfully    (Exit mode 0)
            Current function value: 0.13267733564013826
            Iterations: 8
            Function evaluations: 91
            Gradient evaluations: 8
      rank  accuracy     error
0  0.94534  0.161765  0.132677
Optimization terminated successfully    (Exit mode 0)
            Current function value: 0.10675281141868523
            Iterations: 8
            Function evaluations: 95
            Gradient evaluations: 8
       rank  accuracy     error
0  0.945029  0.198529  0.106753
Optimization terminated successfully    (Exit mode 0)
            Current function value: 0.1091181877162631
            Iterations: 5
            Function evaluations: 67
            Gradient evaluations: 5
       rank  accuracy     error
0  0.944258  0.183824  0.109118
Optimization terminated successfully    (Exit mode 0)
            Current function value: 0.10761786332179939
            Iterations: 6
            Function evaluations: 83
            Gradient evaluations: 6
       rank  accuracy     error
0  0.947732  0.198529  0.107618
corrs 1
sub corrs 10
corrs 2
sub corrs 20
corrs 3
sub corrs 30
corrs 4
sub corrs 40
corrs 5
sub corrs 50
corrs 6
sub corrs 60
corrs 7
sub corrs 70
corrs 8
sub corrs 80
corrs 9
sub corrs 90
corrs 10
sub corrs 100
Optimization terminated successfully    (Exit mode 0)
            Current function value: 0.15437121539792378
            Iterations: 1
            Function evaluations: 2
            Gradient evaluations: 1
       rank  accuracy     error
0  0.935986  0.172794  0.154371
Optimization terminated successfully    (Exit mode 0)
            Current function value: 0.15437121539792378
            Iterations: 3
            Function evaluations: 9
            Gradient evaluations: 3
       rank  accuracy     error
0  0.935986  0.172794  0.154371
Optimization terminated successfully    (Exit mode 0)
            Current function value: 0.15437121539792378
            Iterations: 5
            Function evaluations: 20
            Gradient evaluations: 5
       rank  accuracy     error
0  0.935986  0.172794  0.154371
Optimization terminated successfully    (Exit mode 0)
            Current function value: 0.15460099480968847
            Iterations: 5
            Function evaluations: 36
            Gradient evaluations: 5
       rank  accuracy     error
0  0.935729  0.172794  0.154601
Optimization terminated successfully    (Exit mode 0)
            Current function value: 0.14955936418685112
            Iterations: 7
            Function evaluations: 55
            Gradient evaluations: 7
       rank  accuracy     error
0  0.932823  0.169118  0.149559
Optimization terminated successfully    (Exit mode 0)
            Current function value: 0.13625919117647045
            Iterations: 7
            Function evaluations: 65
            Gradient evaluations: 7
       rank  accuracy     error
0  0.941231  0.176471  0.136259
Optimization terminated successfully    (Exit mode 0)
            Current function value: 0.1399762110726643
            Iterations: 5
            Function evaluations: 53
            Gradient evaluations: 5
       rank  accuracy     error
0  0.941758  0.158088  0.139976
Optimization terminated successfully    (Exit mode 0)
            Current function value: 0.13404249567474052
            Iterations: 7
            Function evaluations: 76
            Gradient evaluations: 7
       rank  accuracy     error
0  0.933486  0.172794  0.134042
Optimization terminated successfully    (Exit mode 0)
            Current function value: 0.1286629541522491
            Iterations: 5
            Function evaluations: 62
            Gradient evaluations: 5
      rank  accuracy     error
0  0.94584  0.176471  0.128663
Optimization terminated successfully    (Exit mode 0)
            Current function value: 0.13266381920415216
            Iterations: 4
            Function evaluations: 56
            Gradient evaluations: 4
       rank  accuracy     error
0  0.941312  0.169118  0.132664
Optimization terminated successfully    (Exit mode 0)
            Current function value: 0.11852562716262979
            Iterations: 8
            Function evaluations: 116
            Gradient evaluations: 8
     rank  accuracy     error
0  0.9395  0.194853  0.118526
✨ Experiment complete. Results archived at: /mnt/beegfs/hellgate/home/tp183485/timecorr_trazzp/Cluster_Data/paragraph_100_10_10_isfc_IncrementalPCA_5_laplace.csv
