corrs 1
sub corrs 10
corrs 2
sub corrs 20
corrs 3
sub corrs 30
corrs 4
sub corrs 40
corrs 5
sub corrs 50
corrs 6
sub corrs 60
corrs 7
sub corrs 70
corrs 8
sub corrs 80
corrs 9
sub corrs 90
corrs 10
sub corrs 100
Optimization terminated successfully    (Exit mode 0)
            Current function value: 0.16541414359861578
            Iterations: 1
            Function evaluations: 2
            Gradient evaluations: 1
       rank  accuracy     error
0  0.933418  0.150735  0.165414
Optimization terminated successfully    (Exit mode 0)
            Current function value: 0.16540062716262963
            Iterations: 4
            Function evaluations: 24
            Gradient evaluations: 4
       rank  accuracy     error
0  0.933486  0.150735  0.165401
Optimization terminated successfully    (Exit mode 0)
            Current function value: 0.16139976211072657
            Iterations: 6
            Function evaluations: 35
            Gradient evaluations: 6
      rank  accuracy   error
0  0.93354  0.147059  0.1614
Optimization terminated successfully    (Exit mode 0)
            Current function value: 0.16181877162629751
            Iterations: 3
            Function evaluations: 26
            Gradient evaluations: 3
       rank  accuracy     error
0  0.931296  0.150735  0.161819
Optimization terminated successfully    (Exit mode 0)
            Current function value: 0.16157547577854656
            Iterations: 4
            Function evaluations: 35
            Gradient evaluations: 4
       rank  accuracy     error
0  0.932688  0.143382  0.161575
Optimization terminated successfully    (Exit mode 0)
            Current function value: 0.1604671280276815
            Iterations: 8
            Function evaluations: 70
            Gradient evaluations: 8
       rank  accuracy     error
0  0.930242  0.154412  0.160467
Optimization terminated successfully    (Exit mode 0)
            Current function value: 0.16541414359861578
            Iterations: 5
            Function evaluations: 51
            Gradient evaluations: 5
       rank  accuracy     error
0  0.933418  0.150735  0.165414
Optimization terminated successfully    (Exit mode 0)
            Current function value: 0.16384623702422127
            Iterations: 4
            Function evaluations: 47
            Gradient evaluations: 4
       rank  accuracy     error
0  0.928971  0.154412  0.163846
Optimization terminated successfully    (Exit mode 0)
            Current function value: 0.1629271193771625
            Iterations: 8
            Function evaluations: 91
            Gradient evaluations: 8
       rank  accuracy     error
0  0.933188  0.147059  0.162927
Optimization terminated successfully    (Exit mode 0)
            Current function value: 0.17087478373702408
            Iterations: 10
            Function evaluations: 124
            Gradient evaluations: 10
       rank  accuracy     error
0  0.927647  0.143382  0.170875
Optimization terminated successfully    (Exit mode 0)
            Current function value: 0.15953449394463662
            Iterations: 5
            Function evaluations: 71
            Gradient evaluations: 5
       rank  accuracy     error
0  0.930485  0.147059  0.159534
corrs 1
sub corrs 10
corrs 2
sub corrs 20
corrs 3
sub corrs 30
corrs 4
sub corrs 40
corrs 5
sub corrs 50
corrs 6
sub corrs 60
corrs 7
sub corrs 70
corrs 8
sub corrs 80
corrs 9
sub corrs 90
corrs 10
sub corrs 100
Optimization terminated successfully    (Exit mode 0)
            Current function value: 0.1727535683391002
            Iterations: 1
            Function evaluations: 2
            Gradient evaluations: 1
       rank  accuracy     error
0  0.932634  0.121324  0.172754
Optimization terminated successfully    (Exit mode 0)
            Current function value: 0.1727535683391002
            Iterations: 3
            Function evaluations: 9
            Gradient evaluations: 3
       rank  accuracy     error
0  0.932634  0.121324  0.172754
Optimization terminated successfully    (Exit mode 0)
            Current function value: 0.1727535683391002
            Iterations: 3
            Function evaluations: 12
            Gradient evaluations: 3
       rank  accuracy     error
0  0.932634  0.121324  0.172754
Optimization terminated successfully    (Exit mode 0)
            Current function value: 0.17182093425605524
            Iterations: 4
            Function evaluations: 31
            Gradient evaluations: 4
       rank  accuracy     error
0  0.932283  0.117647  0.171821
Optimization terminated successfully    (Exit mode 0)
            Current function value: 0.17353752162629746
            Iterations: 7
            Function evaluations: 54
            Gradient evaluations: 7
       rank  accuracy     error
0  0.930471  0.121324  0.173538
Optimization terminated successfully    (Exit mode 0)
            Current function value: 0.17099643166089948
            Iterations: 7
            Function evaluations: 61
            Gradient evaluations: 7
       rank  accuracy     error
0  0.931134  0.121324  0.170996
Optimization terminated successfully    (Exit mode 0)
            Current function value: 0.17015841262975762
            Iterations: 6
            Function evaluations: 59
            Gradient evaluations: 6
       rank  accuracy     error
0  0.931269  0.128676  0.170158
Optimization terminated successfully    (Exit mode 0)
            Current function value: 0.1736862024221452
            Iterations: 6
            Function evaluations: 65
            Gradient evaluations: 6
      rank  accuracy     error
0  0.93089  0.110294  0.173686
Optimization terminated successfully    (Exit mode 0)
            Current function value: 0.16917171280276802
            Iterations: 7
            Function evaluations: 81
            Gradient evaluations: 7
       rank  accuracy     error
0  0.932256     0.125  0.169172
Optimization terminated successfully    (Exit mode 0)
            Current function value: 0.16794171712802755
            Iterations: 7
            Function evaluations: 89
            Gradient evaluations: 7
       rank  accuracy     error
0  0.931364  0.121324  0.167942
Optimization terminated successfully    (Exit mode 0)
            Current function value: 0.16300821799307944
            Iterations: 11
            Function evaluations: 151
            Gradient evaluations: 11
       rank  accuracy     error
0  0.930755  0.132353  0.163008
✨ Experiment complete. Results archived at: /mnt/beegfs/hellgate/home/tp183485/timecorr_trazzp/Cluster_Data/paragraph_100_10_10_isfc_FastICA_20_gaussian.csv
