corrs 1
sub corrs 10
corrs 2
sub corrs 20
corrs 3
sub corrs 30
corrs 4
sub corrs 40
corrs 5
sub corrs 50
corrs 6
sub corrs 60
corrs 7
sub corrs 70
corrs 8
sub corrs 80
corrs 9
sub corrs 90
corrs 10
sub corrs 100
Optimization terminated successfully    (Exit mode 0)
            Current function value: 0.19974589100346
            Iterations: 1
            Function evaluations: 2
            Gradient evaluations: 1
       rank  accuracy     error
0  0.920902  0.147059  0.199746
Optimization terminated successfully    (Exit mode 0)
            Current function value: 0.19974589100346
            Iterations: 3
            Function evaluations: 9
            Gradient evaluations: 3
       rank  accuracy     error
0  0.920902  0.147059  0.199746
Optimization terminated successfully    (Exit mode 0)
            Current function value: 0.13827314013840808
            Iterations: 4
            Function evaluations: 28
            Gradient evaluations: 4
       rank  accuracy     error
0  0.857442  0.077206  0.138273
Optimization terminated successfully    (Exit mode 0)
            Current function value: 0.13536710640138386
            Iterations: 5
            Function evaluations: 36
            Gradient evaluations: 5
       rank  accuracy     error
0  0.833748  0.073529  0.135367
Optimization terminated successfully    (Exit mode 0)
            Current function value: 0.1403006055363321
            Iterations: 7
            Function evaluations: 55
            Gradient evaluations: 7
       rank  accuracy     error
0  0.708721  0.025735  0.140301
Optimization terminated successfully    (Exit mode 0)
            Current function value: 0.13593479671280262
            Iterations: 7
            Function evaluations: 62
            Gradient evaluations: 7
       rank  accuracy     error
0  0.723386  0.025735  0.135935
Optimization terminated successfully    (Exit mode 0)
            Current function value: 0.14120620674740456
            Iterations: 3
            Function evaluations: 36
            Gradient evaluations: 3
       rank  accuracy     error
0  0.907169  0.113971  0.141206
Optimization terminated successfully    (Exit mode 0)
            Current function value: 0.14445015138408276
            Iterations: 4
            Function evaluations: 47
            Gradient evaluations: 4
       rank  accuracy    error
0  0.912562  0.099265  0.14445
Optimization terminated successfully    (Exit mode 0)
            Current function value: 0.1262705449826988
            Iterations: 9
            Function evaluations: 103
            Gradient evaluations: 9
       rank  accuracy     error
0  0.693461  0.025735  0.126271
Optimization terminated successfully    (Exit mode 0)
            Current function value: 0.1350832612456746
            Iterations: 6
            Function evaluations: 83
            Gradient evaluations: 6
       rank  accuracy     error
0  0.738024  0.036765  0.135083
Optimization terminated successfully    (Exit mode 0)
            Current function value: 0.13032547577854658
            Iterations: 8
            Function evaluations: 113
            Gradient evaluations: 8
       rank  accuracy     error
0  0.758083  0.044118  0.130325
corrs 1
sub corrs 10
corrs 2
sub corrs 20
corrs 3
sub corrs 30
corrs 4
sub corrs 40
corrs 5
sub corrs 50
corrs 6
sub corrs 60
corrs 7
sub corrs 70
corrs 8
sub corrs 80
corrs 9
sub corrs 90
corrs 10
sub corrs 100
Optimization terminated successfully    (Exit mode 0)
            Current function value: 0.1804173875432522
            Iterations: 1
            Function evaluations: 2
            Gradient evaluations: 1
       rank  accuracy     error
0  0.920158  0.161765  0.180417
Optimization terminated successfully    (Exit mode 0)
            Current function value: 0.1804173875432522
            Iterations: 3
            Function evaluations: 9
            Gradient evaluations: 3
       rank  accuracy     error
0  0.920158  0.161765  0.180417
Optimization terminated successfully    (Exit mode 0)
            Current function value: 0.16560337370242198
            Iterations: 5
            Function evaluations: 31
            Gradient evaluations: 5
       rank  accuracy     error
0  0.843236  0.088235  0.165603
Optimization terminated successfully    (Exit mode 0)
            Current function value: 0.16683336937716245
            Iterations: 7
            Function evaluations: 48
            Gradient evaluations: 7
       rank  accuracy     error
0  0.847873  0.091912  0.166833
Optimization terminated successfully    (Exit mode 0)
            Current function value: 0.16642787629757766
            Iterations: 8
            Function evaluations: 62
            Gradient evaluations: 8
      rank  accuracy     error
0  0.84667  0.091912  0.166428
Optimization terminated successfully    (Exit mode 0)
            Current function value: 0.12055309256055347
            Iterations: 8
            Function evaluations: 76
            Gradient evaluations: 8
       rank  accuracy     error
0  0.726508  0.029412  0.120553
Optimization terminated successfully    (Exit mode 0)
            Current function value: 0.13054173875432507
            Iterations: 5
            Function evaluations: 54
            Gradient evaluations: 5
       rank  accuracy     error
0  0.901695  0.121324  0.130542
Optimization terminated successfully    (Exit mode 0)
            Current function value: 0.13417766003460196
            Iterations: 6
            Function evaluations: 69
            Gradient evaluations: 6
       rank  accuracy     error
0  0.891058  0.102941  0.134178
Optimization terminated successfully    (Exit mode 0)
            Current function value: 0.12239132785467106
            Iterations: 6
            Function evaluations: 72
            Gradient evaluations: 6
       rank  accuracy     error
0  0.723251  0.029412  0.122391
Optimization terminated successfully    (Exit mode 0)
            Current function value: 0.11822826557093423
            Iterations: 5
            Function evaluations: 68
            Gradient evaluations: 5
       rank  accuracy     error
0  0.721615  0.033088  0.118228
Optimization terminated successfully    (Exit mode 0)
            Current function value: 0.12287791955017285
            Iterations: 6
            Function evaluations: 86
            Gradient evaluations: 6
       rank  accuracy     error
0  0.707585  0.029412  0.122878
✨ Experiment complete. Results archived at: /mnt/beegfs/hellgate/home/tp183485/timecorr_trazzp/Cluster_Data/paragraph_100_10_10_isfc_TruncatedSVD_10_mexican_hat.csv
