corrs 1
sub corrs 10
corrs 2
sub corrs 20
corrs 3
sub corrs 30
corrs 4
sub corrs 40
corrs 5
sub corrs 50
corrs 6
sub corrs 60
corrs 7
sub corrs 70
corrs 8
sub corrs 80
corrs 9
sub corrs 90
corrs 10
sub corrs 100
Optimization terminated successfully    (Exit mode 0)
            Current function value: 0.16491403546712777
            Iterations: 1
            Function evaluations: 2
            Gradient evaluations: 1
       rank  accuracy     error
0  0.926227  0.150735  0.164914
Optimization terminated successfully    (Exit mode 0)
            Current function value: 0.13944907006920393
            Iterations: 5
            Function evaluations: 26
            Gradient evaluations: 5
       rank  accuracy     error
0  0.935418  0.158088  0.139449
Optimization terminated successfully    (Exit mode 0)
            Current function value: 0.12943339100346007
            Iterations: 5
            Function evaluations: 31
            Gradient evaluations: 5
       rank  accuracy     error
0  0.944177  0.158088  0.129433
Optimization terminated successfully    (Exit mode 0)
            Current function value: 0.0972913062283738
            Iterations: 5
            Function evaluations: 36
            Gradient evaluations: 5
       rank  accuracy     error
0  0.956788  0.183824  0.097291
Optimization terminated successfully    (Exit mode 0)
            Current function value: 0.10975346020761256
            Iterations: 4
            Function evaluations: 35
            Gradient evaluations: 4
       rank  accuracy     error
0  0.954706  0.172794  0.109753
Optimization terminated successfully    (Exit mode 0)
            Current function value: 0.09735888840830462
            Iterations: 8
            Function evaluations: 71
            Gradient evaluations: 8
       rank  accuracy     error
0  0.955855    0.1875  0.097359
Optimization terminated successfully    (Exit mode 0)
            Current function value: 0.0808553200692043
            Iterations: 6
            Function evaluations: 60
            Gradient evaluations: 6
       rank  accuracy     error
0  0.965898  0.183824  0.080855
Optimization terminated successfully    (Exit mode 0)
            Current function value: 0.052565419550173104
            Iterations: 4
            Function evaluations: 49
            Gradient evaluations: 4
       rank  accuracy     error
0  0.973589  0.213235  0.052565
Optimization terminated successfully    (Exit mode 0)
            Current function value: 0.05566068339100358
            Iterations: 7
            Function evaluations: 86
            Gradient evaluations: 7
       rank  accuracy     error
0  0.974724  0.202206  0.055661
Optimization terminated successfully    (Exit mode 0)
            Current function value: 0.05626892301038075
            Iterations: 4
            Function evaluations: 57
            Gradient evaluations: 4
       rank  accuracy     error
0  0.972156  0.216912  0.056269
Optimization terminated successfully    (Exit mode 0)
            Current function value: 0.04911872837370253
            Iterations: 4
            Function evaluations: 60
            Gradient evaluations: 4
       rank  accuracy     error
0  0.974724  0.224265  0.049119
corrs 1
sub corrs 10
corrs 2
sub corrs 20
corrs 3
sub corrs 30
corrs 4
sub corrs 40
corrs 5
sub corrs 50
corrs 6
sub corrs 60
corrs 7
sub corrs 70
corrs 8
sub corrs 80
corrs 9
sub corrs 90
corrs 10
sub corrs 100
Optimization terminated successfully    (Exit mode 0)
            Current function value: 0.17649762110726613
            Iterations: 1
            Function evaluations: 2
            Gradient evaluations: 1
       rank  accuracy     error
0  0.923875  0.143382  0.176498
Optimization terminated successfully    (Exit mode 0)
            Current function value: 0.14336883650518994
            Iterations: 5
            Function evaluations: 26
            Gradient evaluations: 5
       rank  accuracy     error
0  0.934067  0.143382  0.143369
Optimization terminated successfully    (Exit mode 0)
            Current function value: 0.1349210640138409
            Iterations: 2
            Function evaluations: 19
            Gradient evaluations: 2
       rank  accuracy     error
0  0.935337    0.1875  0.134921
Optimization terminated successfully    (Exit mode 0)
            Current function value: 0.08030114619377177
            Iterations: 5
            Function evaluations: 38
            Gradient evaluations: 5
       rank  accuracy     error
0  0.953057  0.198529  0.080301
Optimization terminated successfully    (Exit mode 0)
            Current function value: 0.0839370674740486
            Iterations: 6
            Function evaluations: 48
            Gradient evaluations: 6
       rank  accuracy     error
0  0.955436  0.183824  0.083937
Optimization terminated successfully    (Exit mode 0)
            Current function value: 0.08347750865051917
            Iterations: 6
            Function evaluations: 57
            Gradient evaluations: 6
       rank  accuracy     error
0  0.955788  0.198529  0.083478
Optimization terminated successfully    (Exit mode 0)
            Current function value: 0.08308553200692056
            Iterations: 4
            Function evaluations: 44
            Gradient evaluations: 4
      rank  accuracy     error
0  0.95891  0.209559  0.083086
Optimization terminated successfully    (Exit mode 0)
            Current function value: 0.08155817474048457
            Iterations: 4
            Function evaluations: 53
            Gradient evaluations: 4
       rank  accuracy     error
0  0.969534  0.209559  0.081558
Optimization terminated successfully    (Exit mode 0)
            Current function value: 0.09116836072664372
            Iterations: 3
            Function evaluations: 47
            Gradient evaluations: 3
       rank  accuracy     error
0  0.966885  0.205882  0.091168
Optimization terminated successfully    (Exit mode 0)
            Current function value: 0.0628243944636679
            Iterations: 6
            Function evaluations: 87
            Gradient evaluations: 6
       rank  accuracy     error
0  0.970845  0.202206  0.062824
Optimization terminated successfully    (Exit mode 0)
            Current function value: 0.05394409602076132
            Iterations: 7
            Function evaluations: 108
            Gradient evaluations: 7
       rank  accuracy     error
0  0.974427  0.191176  0.053944
✨ Experiment complete. Results archived at: /mnt/beegfs/hellgate/home/tp183485/timecorr_trazzp/Cluster_Data/paragraph_100_10_10_isfc_UMAP_15_mexican_hat.csv
