corrs 1
sub corrs 10
corrs 2
sub corrs 20
corrs 3
sub corrs 30
corrs 4
sub corrs 40
corrs 5
sub corrs 50
corrs 6
sub corrs 60
corrs 7
sub corrs 70
corrs 8
sub corrs 80
corrs 9
sub corrs 90
corrs 10
sub corrs 100
Optimization terminated successfully    (Exit mode 0)
            Current function value: 0.16929336072664344
            Iterations: 1
            Function evaluations: 2
            Gradient evaluations: 1
       rank  accuracy     error
0  0.915184  0.150735  0.169293
Optimization terminated successfully    (Exit mode 0)
            Current function value: 0.5466317041522489
            Iterations: 1
            Function evaluations: 14
            Gradient evaluations: 1
       rank  accuracy     error
0  0.384624       0.0  0.546632
Optimization terminated successfully    (Exit mode 0)
            Current function value: 0.5552822231833909
            Iterations: 3
            Function evaluations: 24
            Gradient evaluations: 3
       rank  accuracy     error
0  0.347075       0.0  0.555282
Optimization terminated successfully    (Exit mode 0)
            Current function value: 0.508907331314879
            Iterations: 12
            Function evaluations: 76
            Gradient evaluations: 12
       rank  accuracy     error
0  0.290968  0.003676  0.508907
Optimization terminated successfully    (Exit mode 0)
            Current function value: 0.0871404628027682
            Iterations: 7
            Function evaluations: 55
            Gradient evaluations: 7
       rank  accuracy    error
0  0.817717  0.007353  0.08714
Optimization terminated successfully    (Exit mode 0)
            Current function value: 0.050902897923875506
            Iterations: 8
            Function evaluations: 67
            Gradient evaluations: 8
       rank  accuracy     error
0  0.927647  0.143382  0.050903
Optimization terminated successfully    (Exit mode 0)
            Current function value: 0.11867430795847748
            Iterations: 5
            Function evaluations: 51
            Gradient evaluations: 5
       rank  accuracy     error
0  0.793766  0.003676  0.118674
Optimization terminated successfully    (Exit mode 0)
            Current function value: 0.047631920415224974
            Iterations: 11
            Function evaluations: 112
            Gradient evaluations: 11
       rank  accuracy     error
0  0.912684  0.154412  0.047632
Optimization terminated successfully    (Exit mode 0)
            Current function value: 0.059120891003460276
            Iterations: 12
            Function evaluations: 146
            Gradient evaluations: 12
       rank  accuracy     error
0  0.894504     0.125  0.059121
Optimization terminated successfully    (Exit mode 0)
            Current function value: 0.04794279844290662
            Iterations: 9
            Function evaluations: 113
            Gradient evaluations: 9
       rank  accuracy     error
0  0.899546  0.102941  0.047943
Optimization terminated successfully    (Exit mode 0)
            Current function value: 0.03792711937716269
            Iterations: 17
            Function evaluations: 227
            Gradient evaluations: 17
       rank  accuracy     error
0  0.905034     0.125  0.037927
corrs 1
sub corrs 10
corrs 2
sub corrs 20
corrs 3
sub corrs 30
corrs 4
sub corrs 40
corrs 5
sub corrs 50
corrs 6
sub corrs 60
corrs 7
sub corrs 70
corrs 8
sub corrs 80
corrs 9
sub corrs 90
corrs 10
sub corrs 100
Optimization terminated successfully    (Exit mode 0)
            Current function value: 0.15860185986159142
            Iterations: 1
            Function evaluations: 2
            Gradient evaluations: 1
       rank  accuracy     error
0  0.912143  0.213235  0.158602
Optimization terminated successfully    (Exit mode 0)
            Current function value: 0.5370620674740485
            Iterations: 6
            Function evaluations: 31
            Gradient evaluations: 6
      rank  accuracy     error
0  0.29605       0.0  0.537062
Optimization terminated successfully    (Exit mode 0)
            Current function value: 0.5464154411764706
            Iterations: 4
            Function evaluations: 29
            Gradient evaluations: 4
       rank  accuracy     error
0  0.285792  0.003676  0.546415
Optimization terminated successfully    (Exit mode 0)
            Current function value: 0.5173821366782007
            Iterations: 6
            Function evaluations: 43
            Gradient evaluations: 6
       rank  accuracy     error
0  0.270437       0.0  0.517382
Optimization terminated successfully    (Exit mode 0)
            Current function value: 0.08689716695501738
            Iterations: 8
            Function evaluations: 62
            Gradient evaluations: 8
       rank  accuracy     error
0  0.846629  0.077206  0.086897
Optimization terminated successfully    (Exit mode 0)
            Current function value: 0.08097696799307962
            Iterations: 11
            Function evaluations: 99
            Gradient evaluations: 11
       rank  accuracy     error
0  0.834937  0.029412  0.080977
Optimization terminated successfully    (Exit mode 0)
            Current function value: 0.0643787846020762
            Iterations: 18
            Function evaluations: 179
            Gradient evaluations: 18
       rank  accuracy     error
0  0.903141  0.132353  0.064379
Optimization terminated successfully    (Exit mode 0)
            Current function value: 0.046780384948096956
            Iterations: 14
            Function evaluations: 147
            Gradient evaluations: 14
      rank  accuracy    error
0  0.92889  0.176471  0.04678
Optimization terminated successfully    (Exit mode 0)
            Current function value: 0.045793685121107326
            Iterations: 13
            Function evaluations: 146
            Gradient evaluations: 13
      rank  accuracy     error
0  0.93354  0.180147  0.045794
Optimization terminated successfully    (Exit mode 0)
            Current function value: 0.09638570501730111
            Iterations: 4
            Function evaluations: 57
            Gradient evaluations: 4
       rank  accuracy     error
0  0.793239  0.014706  0.096386
Optimization terminated successfully    (Exit mode 0)
            Current function value: 0.05567419982698965
            Iterations: 9
            Function evaluations: 125
            Gradient evaluations: 9
       rank  accuracy     error
0  0.818434  0.018382  0.055674
✨ Experiment complete. Results archived at: /mnt/beegfs/hellgate/home/tp183485/timecorr_trazzp/Cluster_Data/paragraph_100_10_10_isfc_Isomap_25_laplace.csv
