corrs 1
sub corrs 10
corrs 2
sub corrs 20
corrs 3
sub corrs 30
corrs 4
sub corrs 40
corrs 5
sub corrs 50
corrs 6
sub corrs 60
corrs 7
sub corrs 70
corrs 8
sub corrs 80
corrs 9
sub corrs 90
corrs 10
sub corrs 100
Optimization terminated successfully    (Exit mode 0)
            Current function value: 0.09421111111111115
            Iterations: 1
            Function evaluations: 2
            Gradient evaluations: 1
       rank  accuracy     error
0  0.971389      0.25  0.094211
Optimization terminated successfully    (Exit mode 0)
            Current function value: 0.09975555555555565
            Iterations: 1
            Function evaluations: 14
            Gradient evaluations: 1
       rank  accuracy     error
0  0.969556  0.226667  0.099756
Optimization terminated successfully    (Exit mode 0)
            Current function value: 0.09056666666666673
            Iterations: 6
            Function evaluations: 36
            Gradient evaluations: 6
       rank  accuracy     error
0  0.973122  0.246667  0.090567
Optimization terminated successfully    (Exit mode 0)
            Current function value: 0.09460000000000005
            Iterations: 2
            Function evaluations: 21
            Gradient evaluations: 2
     rank  accuracy   error
0  0.9669      0.27  0.0946
Optimization terminated successfully    (Exit mode 0)
            Current function value: 0.08505555555555558
            Iterations: 8
            Function evaluations: 59
            Gradient evaluations: 8
       rank  accuracy     error
0  0.971878  0.256667  0.085056
Optimization terminated successfully    (Exit mode 0)
            Current function value: 0.0
            Iterations: 1
            Function evaluations: 7
            Gradient evaluations: 1
   rank  accuracy  error
0   1.0       1.0    0.0
Optimization terminated successfully    (Exit mode 0)
            Current function value: 0.0
            Iterations: 1
            Function evaluations: 8
            Gradient evaluations: 1
   rank  accuracy  error
0   1.0       1.0    0.0
Optimization terminated successfully    (Exit mode 0)
            Current function value: 0.0
            Iterations: 1
            Function evaluations: 9
            Gradient evaluations: 1
   rank  accuracy  error
0   1.0       1.0    0.0
Optimization terminated successfully    (Exit mode 0)
            Current function value: 0.0
            Iterations: 1
            Function evaluations: 10
            Gradient evaluations: 1
   rank  accuracy  error
0   1.0       1.0    0.0
Optimization terminated successfully    (Exit mode 0)
            Current function value: 0.0
            Iterations: 1
            Function evaluations: 11
            Gradient evaluations: 1
   rank  accuracy  error
0   1.0       1.0    0.0
Optimization terminated successfully    (Exit mode 0)
            Current function value: 0.0
            Iterations: 1
            Function evaluations: 12
            Gradient evaluations: 1
   rank  accuracy  error
0   1.0       1.0    0.0
corrs 1
sub corrs 10
corrs 2
sub corrs 20
corrs 3
sub corrs 30
corrs 4
sub corrs 40
corrs 5
sub corrs 50
corrs 6
sub corrs 60
corrs 7
sub corrs 70
corrs 8
sub corrs 80
corrs 9
sub corrs 90
corrs 10
sub corrs 100
Optimization terminated successfully    (Exit mode 0)
            Current function value: 0.0728555555555556
            Iterations: 1
            Function evaluations: 2
            Gradient evaluations: 1
       rank  accuracy     error
0  0.972311  0.243333  0.072856
Optimization terminated successfully    (Exit mode 0)
            Current function value: 0.07744444444444447
            Iterations: 1
            Function evaluations: 14
            Gradient evaluations: 1
       rank  accuracy     error
0  0.971289  0.236667  0.077444
Optimization terminated successfully    (Exit mode 0)
            Current function value: 0.06341111111111114
            Iterations: 5
            Function evaluations: 21
            Gradient evaluations: 5
       rank  accuracy     error
0  0.974233  0.256667  0.063411
Optimization terminated successfully    (Exit mode 0)
            Current function value: 0.06065555555555557
            Iterations: 7
            Function evaluations: 46
            Gradient evaluations: 7
       rank  accuracy     error
0  0.974278  0.256667  0.060656
Optimization terminated successfully    (Exit mode 0)
            Current function value: 0.06756666666666672
            Iterations: 4
            Function evaluations: 35
            Gradient evaluations: 4
     rank  accuracy     error
0  0.9743      0.26  0.067567
Optimization terminated successfully    (Exit mode 0)
            Current function value: 0.0
            Iterations: 1
            Function evaluations: 7
            Gradient evaluations: 1
   rank  accuracy  error
0   1.0       1.0    0.0
Optimization terminated successfully    (Exit mode 0)
            Current function value: 0.0
            Iterations: 1
            Function evaluations: 8
            Gradient evaluations: 1
   rank  accuracy  error
0   1.0       1.0    0.0
Optimization terminated successfully    (Exit mode 0)
            Current function value: 0.0
            Iterations: 1
            Function evaluations: 9
            Gradient evaluations: 1
   rank  accuracy  error
0   1.0       1.0    0.0
Optimization terminated successfully    (Exit mode 0)
            Current function value: 0.0
            Iterations: 1
            Function evaluations: 10
            Gradient evaluations: 1
   rank  accuracy  error
0   1.0       1.0    0.0
Optimization terminated successfully    (Exit mode 0)
            Current function value: 0.0
            Iterations: 1
            Function evaluations: 11
            Gradient evaluations: 1
   rank  accuracy  error
0   1.0       1.0    0.0
Optimization terminated successfully    (Exit mode 0)
            Current function value: 0.0
            Iterations: 1
            Function evaluations: 12
            Gradient evaluations: 1
   rank  accuracy  error
0   1.0       1.0    0.0
✨ Experiment complete. Results archived at: /mnt/beegfs/hellgate/home/tp183485/timecorr_trazzp/Cluster_Data/intact_100_10_10_isfc_LocallyLinearEmbedding_30_mexican_hat.csv
