corrs 1
sub corrs 10
corrs 2
sub corrs 20
corrs 3
sub corrs 30
corrs 4
sub corrs 40
corrs 5
sub corrs 50
corrs 6
sub corrs 60
corrs 7
sub corrs 70
corrs 8
sub corrs 80
corrs 9
sub corrs 90
corrs 10
sub corrs 100
Optimization terminated successfully    (Exit mode 0)
            Current function value: 0.18287737889273326
            Iterations: 1
            Function evaluations: 2
            Gradient evaluations: 1
       rank  accuracy     error
0  0.914779  0.183824  0.182877
Optimization terminated successfully    (Exit mode 0)
            Current function value: 0.18287737889273326
            Iterations: 3
            Function evaluations: 9
            Gradient evaluations: 3
       rank  accuracy     error
0  0.914779  0.183824  0.182877
Optimization terminated successfully    (Exit mode 0)
            Current function value: 0.1801470588235291
            Iterations: 3
            Function evaluations: 23
            Gradient evaluations: 3
       rank  accuracy     error
0  0.914873  0.183824  0.180147
Optimization terminated successfully    (Exit mode 0)
            Current function value: 0.17479455017301007
            Iterations: 3
            Function evaluations: 26
            Gradient evaluations: 3
      rank  accuracy     error
0  0.92497    0.1875  0.174795
Optimization terminated successfully    (Exit mode 0)
            Current function value: 0.15783142301038047
            Iterations: 3
            Function evaluations: 29
            Gradient evaluations: 3
       rank  accuracy     error
0  0.928106  0.176471  0.157831
Optimization terminated successfully    (Exit mode 0)
            Current function value: 0.15810175173010357
            Iterations: 6
            Function evaluations: 56
            Gradient evaluations: 6
       rank  accuracy     error
0  0.927471  0.180147  0.158102
Optimization terminated successfully    (Exit mode 0)
            Current function value: 0.13051470588235284
            Iterations: 4
            Function evaluations: 43
            Gradient evaluations: 4
       rank  accuracy     error
0  0.875892  0.143382  0.130515
Optimization terminated successfully    (Exit mode 0)
            Current function value: 0.1380974264705881
            Iterations: 5
            Function evaluations: 57
            Gradient evaluations: 5
       rank  accuracy     error
0  0.923186    0.1875  0.138097
Optimization terminated successfully    (Exit mode 0)
            Current function value: 0.1420577422145327
            Iterations: 3
            Function evaluations: 41
            Gradient evaluations: 3
       rank  accuracy     error
0  0.923605  0.169118  0.142058
Optimization terminated successfully    (Exit mode 0)
            Current function value: 0.12285088667820056
            Iterations: 7
            Function evaluations: 89
            Gradient evaluations: 7
       rank  accuracy     error
0  0.912819  0.161765  0.122851
Optimization terminated successfully    (Exit mode 0)
            Current function value: 0.12226967993079572
            Iterations: 7
            Function evaluations: 97
            Gradient evaluations: 7
       rank  accuracy    error
0  0.912022  0.165441  0.12227
corrs 1
sub corrs 10
corrs 2
sub corrs 20
corrs 3
sub corrs 30
corrs 4
sub corrs 40
corrs 5
sub corrs 50
corrs 6
sub corrs 60
corrs 7
sub corrs 70
corrs 8
sub corrs 80
corrs 9
sub corrs 90
corrs 10
sub corrs 100
Optimization terminated successfully    (Exit mode 0)
            Current function value: 0.17184796712802744
            Iterations: 1
            Function evaluations: 2
            Gradient evaluations: 1
       rank  accuracy     error
0  0.914806  0.147059  0.171848
Optimization terminated successfully    (Exit mode 0)
            Current function value: 0.17184796712802744
            Iterations: 3
            Function evaluations: 9
            Gradient evaluations: 3
       rank  accuracy     error
0  0.914806  0.147059  0.171848
Optimization terminated successfully    (Exit mode 0)
            Current function value: 0.17184796712802744
            Iterations: 4
            Function evaluations: 16
            Gradient evaluations: 4
       rank  accuracy     error
0  0.914806  0.147059  0.171848
Optimization terminated successfully    (Exit mode 0)
            Current function value: 0.16527897923875418
            Iterations: 5
            Function evaluations: 36
            Gradient evaluations: 5
      rank  accuracy     error
0  0.92443  0.161765  0.165279
Optimization terminated successfully    (Exit mode 0)
            Current function value: 0.16441392733563998
            Iterations: 4
            Function evaluations: 35
            Gradient evaluations: 4
       rank  accuracy     error
0  0.925754  0.165441  0.164414
Optimization terminated successfully    (Exit mode 0)
            Current function value: 0.16845534169550155
            Iterations: 2
            Function evaluations: 25
            Gradient evaluations: 2
       rank  accuracy     error
0  0.915171  0.154412  0.168455
Optimization terminated successfully    (Exit mode 0)
            Current function value: 0.1435040008650518
            Iterations: 7
            Function evaluations: 67
            Gradient evaluations: 7
       rank  accuracy     error
0  0.913265  0.154412  0.143504
Optimization terminated successfully    (Exit mode 0)
            Current function value: 0.14015192474048424
            Iterations: 6
            Function evaluations: 67
            Gradient evaluations: 6
       rank  accuracy     error
0  0.912968  0.150735  0.140152
Optimization terminated successfully    (Exit mode 0)
            Current function value: 0.16530601211072646
            Iterations: 7
            Function evaluations: 85
            Gradient evaluations: 7
       rank  accuracy     error
0  0.895423  0.132353  0.165306
Optimization terminated successfully    (Exit mode 0)
            Current function value: 0.15227616782006906
            Iterations: 5
            Function evaluations: 66
            Gradient evaluations: 5
       rank  accuracy     error
0  0.913184  0.147059  0.152276
Optimization terminated successfully    (Exit mode 0)
            Current function value: 0.14701827422145308
            Iterations: 5
            Function evaluations: 72
            Gradient evaluations: 5
       rank  accuracy     error
0  0.911643  0.139706  0.147018
✨ Experiment complete. Results archived at: /mnt/beegfs/hellgate/home/tp183485/timecorr_trazzp/Cluster_Data/paragraph_100_10_10_isfc_TruncatedSVD_30_gaussian.csv
