corrs 1
sub corrs 10
corrs 2
sub corrs 20
corrs 3
sub corrs 30
corrs 4
sub corrs 40
corrs 5
sub corrs 50
corrs 6
sub corrs 60
corrs 7
sub corrs 70
corrs 8
sub corrs 80
corrs 9
sub corrs 90
corrs 10
sub corrs 100
Optimization terminated successfully    (Exit mode 0)
            Current function value: 0.10347777777777795
            Iterations: 1
            Function evaluations: 2
            Gradient evaluations: 1
       rank  accuracy     error
0  0.944722       0.2  0.103478
Optimization terminated successfully    (Exit mode 0)
            Current function value: 0.10030000000000014
            Iterations: 6
            Function evaluations: 30
            Gradient evaluations: 6
     rank  accuracy   error
0  0.9413  0.186667  0.1003
Optimization terminated successfully    (Exit mode 0)
            Current function value: 0.08542222222222233
            Iterations: 4
            Function evaluations: 29
            Gradient evaluations: 4
       rank  accuracy     error
0  0.945367       0.2  0.085422
Optimization terminated successfully    (Exit mode 0)
            Current function value: 0.08361111111111118
            Iterations: 5
            Function evaluations: 36
            Gradient evaluations: 5
       rank  accuracy     error
0  0.945689  0.196667  0.083611
Optimization terminated successfully    (Exit mode 0)
            Current function value: 0.09443333333333345
            Iterations: 5
            Function evaluations: 44
            Gradient evaluations: 5
       rank  accuracy     error
0  0.945133  0.186667  0.094433
Optimization terminated successfully    (Exit mode 0)
            Current function value: 0.08574444444444451
            Iterations: 6
            Function evaluations: 55
            Gradient evaluations: 6
     rank  accuracy     error
0  0.9465  0.203333  0.085744
Optimization terminated successfully    (Exit mode 0)
            Current function value: 0.08788888888888902
            Iterations: 4
            Function evaluations: 43
            Gradient evaluations: 4
     rank  accuracy     error
0  0.9455  0.203333  0.087889
Optimization terminated successfully    (Exit mode 0)
            Current function value: 0.09252222222222235
            Iterations: 4
            Function evaluations: 49
            Gradient evaluations: 4
       rank  accuracy     error
0  0.947789  0.206667  0.092522
Optimization terminated successfully    (Exit mode 0)
            Current function value: 0.0829222222222223
            Iterations: 5
            Function evaluations: 61
            Gradient evaluations: 5
    rank  accuracy     error
0  0.949  0.216667  0.082922
Optimization terminated successfully    (Exit mode 0)
            Current function value: 0.08926666666666674
            Iterations: 6
            Function evaluations: 82
            Gradient evaluations: 6
       rank  accuracy     error
0  0.947433      0.21  0.089267
Optimization terminated successfully    (Exit mode 0)
            Current function value: 0.09624444444444462
            Iterations: 3
            Function evaluations: 47
            Gradient evaluations: 3
       rank  accuracy     error
0  0.947622  0.206667  0.096244
corrs 1
sub corrs 10
corrs 2
sub corrs 20
corrs 3
sub corrs 30
corrs 4
sub corrs 40
corrs 5
sub corrs 50
corrs 6
sub corrs 60
corrs 7
sub corrs 70
corrs 8
sub corrs 80
corrs 9
sub corrs 90
corrs 10
sub corrs 100
Optimization terminated successfully    (Exit mode 0)
            Current function value: 0.09064444444444456
            Iterations: 1
            Function evaluations: 2
            Gradient evaluations: 1
       rank  accuracy     error
0  0.944533  0.226667  0.090644
Optimization terminated successfully    (Exit mode 0)
            Current function value: 0.09064444444444456
            Iterations: 3
            Function evaluations: 9
            Gradient evaluations: 3
       rank  accuracy     error
0  0.944533  0.226667  0.090644
Optimization terminated successfully    (Exit mode 0)
            Current function value: 0.09092222222222231
            Iterations: 4
            Function evaluations: 27
            Gradient evaluations: 4
       rank  accuracy     error
0  0.946089  0.243333  0.090922
Optimization terminated successfully    (Exit mode 0)
            Current function value: 0.08352222222222233
            Iterations: 3
            Function evaluations: 26
            Gradient evaluations: 3
       rank  accuracy     error
0  0.947278      0.24  0.083522
Optimization terminated successfully    (Exit mode 0)
            Current function value: 0.09844444444444461
            Iterations: 7
            Function evaluations: 57
            Gradient evaluations: 7
       rank  accuracy     error
0  0.939622  0.223333  0.098444
Optimization terminated successfully    (Exit mode 0)
            Current function value: 0.09791111111111121
            Iterations: 2
            Function evaluations: 25
            Gradient evaluations: 2
       rank  accuracy     error
0  0.938389  0.236667  0.097911
Optimization terminated successfully    (Exit mode 0)
            Current function value: 0.08636666666666674
            Iterations: 7
            Function evaluations: 71
            Gradient evaluations: 7
       rank  accuracy     error
0  0.945467  0.243333  0.086367
Optimization terminated successfully    (Exit mode 0)
            Current function value: 0.0842111111111112
            Iterations: 6
            Function evaluations: 65
            Gradient evaluations: 6
       rank  accuracy     error
0  0.945878      0.24  0.084211
Optimization terminated successfully    (Exit mode 0)
            Current function value: 0.08505555555555562
            Iterations: 6
            Function evaluations: 74
            Gradient evaluations: 6
       rank  accuracy     error
0  0.947356  0.243333  0.085056
Optimization terminated successfully    (Exit mode 0)
            Current function value: 0.08553333333333345
            Iterations: 7
            Function evaluations: 91
            Gradient evaluations: 7
       rank  accuracy     error
0  0.941733  0.216667  0.085533
Optimization terminated successfully    (Exit mode 0)
            Current function value: 0.07991111111111117
            Iterations: 6
            Function evaluations: 84
            Gradient evaluations: 6
       rank  accuracy     error
0  0.947778  0.256667  0.079911
✨ Experiment complete. Results archived at: /mnt/beegfs/hellgate/home/tp183485/timecorr_trazzp/Cluster_Data/intact_100_10_10_isfc_SpectralEmbedding_20_gaussian.csv
