corrs 1
sub corrs 10
corrs 2
sub corrs 20
corrs 3
sub corrs 30
corrs 4
sub corrs 40
corrs 5
sub corrs 50
corrs 6
sub corrs 60
corrs 7
sub corrs 70
corrs 8
sub corrs 80
corrs 9
sub corrs 90
corrs 10
sub corrs 100
Optimization terminated successfully    (Exit mode 0)
            Current function value: 0.08648888888888903
            Iterations: 1
            Function evaluations: 2
            Gradient evaluations: 1
       rank  accuracy     error
0  0.961978  0.296667  0.086489
Optimization terminated successfully    (Exit mode 0)
            Current function value: 0.08648888888888903
            Iterations: 3
            Function evaluations: 9
            Gradient evaluations: 3
       rank  accuracy     error
0  0.961978  0.296667  0.086489
Optimization terminated successfully    (Exit mode 0)
            Current function value: 0.07646666666666677
            Iterations: 6
            Function evaluations: 37
            Gradient evaluations: 6
     rank  accuracy     error
0  0.9616       0.3  0.076467
Optimization terminated successfully    (Exit mode 0)
            Current function value: 0.03765555555555555
            Iterations: 4
            Function evaluations: 31
            Gradient evaluations: 4
       rank  accuracy     error
0  0.975589  0.296667  0.037656
Optimization terminated successfully    (Exit mode 0)
            Current function value: 0.03634444444444443
            Iterations: 8
            Function evaluations: 61
            Gradient evaluations: 8
       rank  accuracy     error
0  0.975944       0.3  0.036344
Optimization terminated successfully    (Exit mode 0)
            Current function value: 0.04092222222222221
            Iterations: 8
            Function evaluations: 70
            Gradient evaluations: 8
       rank  accuracy     error
0  0.978467  0.303333  0.040922
Optimization terminated successfully    (Exit mode 0)
            Current function value: 0.0349
            Iterations: 9
            Function evaluations: 87
            Gradient evaluations: 9
       rank  accuracy   error
0  0.977633  0.303333  0.0349
Optimization terminated successfully    (Exit mode 0)
            Current function value: 0.03804444444444442
            Iterations: 7
            Function evaluations: 77
            Gradient evaluations: 7
       rank  accuracy     error
0  0.976222       0.3  0.038044
Optimization terminated successfully    (Exit mode 0)
            Current function value: 0.07337777777777786
            Iterations: 9
            Function evaluations: 106
            Gradient evaluations: 9
       rank  accuracy     error
0  0.923633      0.21  0.073378
Optimization terminated successfully    (Exit mode 0)
            Current function value: 0.03212222222222221
            Iterations: 6
            Function evaluations: 78
            Gradient evaluations: 6
       rank  accuracy     error
0  0.977889  0.303333  0.032122
Optimization terminated successfully    (Exit mode 0)
            Current function value: 0.032366666666666655
            Iterations: 5
            Function evaluations: 71
            Gradient evaluations: 5
       rank  accuracy     error
0  0.977322       0.3  0.032367
corrs 1
sub corrs 10
corrs 2
sub corrs 20
corrs 3
sub corrs 30
corrs 4
sub corrs 40
corrs 5
sub corrs 50
corrs 6
sub corrs 60
corrs 7
sub corrs 70
corrs 8
sub corrs 80
corrs 9
sub corrs 90
corrs 10
sub corrs 100
Optimization terminated successfully    (Exit mode 0)
            Current function value: 0.08533333333333341
            Iterations: 1
            Function evaluations: 2
            Gradient evaluations: 1
       rank  accuracy     error
0  0.961689       0.3  0.085333
Optimization terminated successfully    (Exit mode 0)
            Current function value: 0.08533333333333341
            Iterations: 3
            Function evaluations: 9
            Gradient evaluations: 3
       rank  accuracy     error
0  0.961689       0.3  0.085333
Optimization terminated successfully    (Exit mode 0)
            Current function value: 0.0842111111111112
            Iterations: 5
            Function evaluations: 33
            Gradient evaluations: 5
       rank  accuracy     error
0  0.961711  0.303333  0.084211
Optimization terminated successfully    (Exit mode 0)
            Current function value: 0.04118888888888887
            Iterations: 7
            Function evaluations: 49
            Gradient evaluations: 7
     rank  accuracy     error
0  0.9768  0.316667  0.041189
Optimization terminated successfully    (Exit mode 0)
            Current function value: 0.038066666666666645
            Iterations: 5
            Function evaluations: 43
            Gradient evaluations: 5
       rank  accuracy     error
0  0.978822  0.333333  0.038067
Optimization terminated successfully    (Exit mode 0)
            Current function value: 0.04113333333333331
            Iterations: 5
            Function evaluations: 47
            Gradient evaluations: 5
     rank  accuracy     error
0  0.9798  0.323333  0.041133
Optimization terminated successfully    (Exit mode 0)
            Current function value: 0.04012222222222221
            Iterations: 6
            Function evaluations: 66
            Gradient evaluations: 6
       rank  accuracy     error
0  0.980056      0.32  0.040122
Optimization terminated successfully    (Exit mode 0)
            Current function value: 0.03406666666666665
            Iterations: 6
            Function evaluations: 66
            Gradient evaluations: 6
       rank  accuracy     error
0  0.977733  0.333333  0.034067
Optimization terminated successfully    (Exit mode 0)
            Current function value: 0.035977777777777754
            Iterations: 7
            Function evaluations: 82
            Gradient evaluations: 7
       rank  accuracy     error
0  0.977544      0.33  0.035978
Optimization terminated successfully    (Exit mode 0)
            Current function value: 0.035333333333333314
            Iterations: 6
            Function evaluations: 80
            Gradient evaluations: 6
       rank  accuracy     error
0  0.977656      0.32  0.035333
Optimization terminated successfully    (Exit mode 0)
            Current function value: 0.036622222222222195
            Iterations: 6
            Function evaluations: 83
            Gradient evaluations: 6
    rank  accuracy     error
0  0.979  0.336667  0.036622
✨ Experiment complete. Results archived at: /mnt/beegfs/hellgate/home/tp183485/timecorr_trazzp/Cluster_Data/intact_100_10_10_isfc_TruncatedSVD_15_laplace.csv
