corrs 1
sub corrs 10
corrs 2
sub corrs 20
corrs 3
sub corrs 30
corrs 4
sub corrs 40
corrs 5
sub corrs 50
corrs 6
sub corrs 60
corrs 7
sub corrs 70
corrs 8
sub corrs 80
corrs 9
sub corrs 90
corrs 10
sub corrs 100
Optimization terminated successfully    (Exit mode 0)
            Current function value: 0.10406666666666677
            Iterations: 1
            Function evaluations: 2
            Gradient evaluations: 1
       rank  accuracy     error
0  0.962522      0.29  0.104067
Optimization terminated successfully    (Exit mode 0)
            Current function value: 0.10406666666666677
            Iterations: 4
            Function evaluations: 23
            Gradient evaluations: 4
       rank  accuracy     error
0  0.962478      0.29  0.104067
Optimization terminated successfully    (Exit mode 0)
            Current function value: 0.0628111111111112
            Iterations: 4
            Function evaluations: 27
            Gradient evaluations: 4
     rank  accuracy     error
0  0.9713  0.283333  0.062811
Optimization terminated successfully    (Exit mode 0)
            Current function value: 0.06057777777777784
            Iterations: 3
            Function evaluations: 27
            Gradient evaluations: 3
       rank  accuracy     error
0  0.972533  0.293333  0.060578
Optimization terminated successfully    (Exit mode 0)
            Current function value: 0.056577777777777845
            Iterations: 4
            Function evaluations: 36
            Gradient evaluations: 4
       rank  accuracy     error
0  0.972578  0.313333  0.056578
Optimization terminated successfully    (Exit mode 0)
            Current function value: 0.053322222222222236
            Iterations: 7
            Function evaluations: 64
            Gradient evaluations: 7
       rank  accuracy     error
0  0.971989  0.316667  0.053322
Optimization terminated successfully    (Exit mode 0)
            Current function value: 0.04986666666666667
            Iterations: 6
            Function evaluations: 61
            Gradient evaluations: 6
       rank  accuracy     error
0  0.972267      0.32  0.049867
Optimization terminated successfully    (Exit mode 0)
            Current function value: 0.05365555555555558
            Iterations: 5
            Function evaluations: 58
            Gradient evaluations: 5
       rank  accuracy     error
0  0.971567      0.32  0.053656
Optimization terminated successfully    (Exit mode 0)
            Current function value: 0.05350000000000003
            Iterations: 5
            Function evaluations: 62
            Gradient evaluations: 5
       rank  accuracy   error
0  0.971933  0.323333  0.0535
Optimization terminated successfully    (Exit mode 0)
            Current function value: 0.05385555555555563
            Iterations: 4
            Function evaluations: 55
            Gradient evaluations: 4
       rank  accuracy     error
0  0.971922  0.323333  0.053856
Optimization terminated successfully    (Exit mode 0)
            Current function value: 0.055766666666666714
            Iterations: 3
            Function evaluations: 47
            Gradient evaluations: 3
       rank  accuracy     error
0  0.971478  0.316667  0.055767
corrs 1
sub corrs 10
corrs 2
sub corrs 20
corrs 3
sub corrs 30
corrs 4
sub corrs 40
corrs 5
sub corrs 50
corrs 6
sub corrs 60
corrs 7
sub corrs 70
corrs 8
sub corrs 80
corrs 9
sub corrs 90
corrs 10
sub corrs 100
Optimization terminated successfully    (Exit mode 0)
            Current function value: 0.1034555555555557
            Iterations: 1
            Function evaluations: 2
            Gradient evaluations: 1
       rank  accuracy     error
0  0.962678  0.263333  0.103456
Optimization terminated successfully    (Exit mode 0)
            Current function value: 0.10035555555555573
            Iterations: 2
            Function evaluations: 17
            Gradient evaluations: 2
       rank  accuracy     error
0  0.958667      0.25  0.100356
Optimization terminated successfully    (Exit mode 0)
            Current function value: 0.07432222222222229
            Iterations: 3
            Function evaluations: 26
            Gradient evaluations: 3
       rank  accuracy     error
0  0.965944  0.256667  0.074322
Optimization terminated successfully    (Exit mode 0)
            Current function value: 0.06373333333333338
            Iterations: 5
            Function evaluations: 39
            Gradient evaluations: 5
       rank  accuracy     error
0  0.971133       0.3  0.063733
Optimization terminated successfully    (Exit mode 0)
            Current function value: 0.06228888888888893
            Iterations: 5
            Function evaluations: 41
            Gradient evaluations: 5
     rank  accuracy     error
0  0.9714       0.3  0.062289
Optimization terminated successfully    (Exit mode 0)
            Current function value: 0.04821111111111114
            Iterations: 5
            Function evaluations: 48
            Gradient evaluations: 5
       rank  accuracy     error
0  0.973078  0.296667  0.048211
Optimization terminated successfully    (Exit mode 0)
            Current function value: 0.04332222222222226
            Iterations: 7
            Function evaluations: 69
            Gradient evaluations: 7
       rank  accuracy     error
0  0.973056       0.3  0.043322
Optimization terminated successfully    (Exit mode 0)
            Current function value: 0.04587777777777781
            Iterations: 6
            Function evaluations: 65
            Gradient evaluations: 6
     rank  accuracy     error
0  0.9731  0.296667  0.045878
Optimization terminated successfully    (Exit mode 0)
            Current function value: 0.0446666666666667
            Iterations: 4
            Function evaluations: 52
            Gradient evaluations: 4
       rank  accuracy     error
0  0.972956  0.296667  0.044667
Optimization terminated successfully    (Exit mode 0)
            Current function value: 0.0466666666666667
            Iterations: 6
            Function evaluations: 80
            Gradient evaluations: 6
       rank  accuracy     error
0  0.971778       0.3  0.046667
Optimization terminated successfully    (Exit mode 0)
            Current function value: 0.04462222222222226
            Iterations: 6
            Function evaluations: 87
            Gradient evaluations: 6
       rank  accuracy     error
0  0.972633  0.296667  0.044622
✨ Experiment complete. Results archived at: /mnt/beegfs/hellgate/home/tp183485/timecorr_trazzp/Cluster_Data/intact_100_10_10_isfc_SparsePCA_45_mexican_hat.csv
