corrs 1
sub corrs 10
corrs 2
sub corrs 20
corrs 3
sub corrs 30
corrs 4
sub corrs 40
corrs 5
sub corrs 50
corrs 6
sub corrs 60
corrs 7
sub corrs 70
corrs 8
sub corrs 80
corrs 9
sub corrs 90
corrs 10
sub corrs 100
Optimization terminated successfully    (Exit mode 0)
            Current function value: 0.1976643598615915
            Iterations: 1
            Function evaluations: 2
            Gradient evaluations: 1
       rank  accuracy     error
0  0.920591  0.191176  0.197664
Optimization terminated successfully    (Exit mode 0)
            Current function value: 0.1976643598615915
            Iterations: 3
            Function evaluations: 9
            Gradient evaluations: 3
       rank  accuracy     error
0  0.920591  0.191176  0.197664
Optimization terminated successfully    (Exit mode 0)
            Current function value: 0.20009731833910027
            Iterations: 4
            Function evaluations: 29
            Gradient evaluations: 4
       rank  accuracy     error
0  0.897451  0.165441  0.200097
Optimization terminated successfully    (Exit mode 0)
            Current function value: 0.17920090830449809
            Iterations: 4
            Function evaluations: 32
            Gradient evaluations: 4
      rank  accuracy     error
0  0.90944  0.147059  0.179201
Optimization terminated successfully    (Exit mode 0)
            Current function value: 0.1762948745674738
            Iterations: 10
            Function evaluations: 82
            Gradient evaluations: 10
      rank  accuracy     error
0  0.92101  0.169118  0.176295
Optimization terminated successfully    (Exit mode 0)
            Current function value: 0.1823637543252593
            Iterations: 8
            Function evaluations: 69
            Gradient evaluations: 8
       rank  accuracy     error
0  0.926457  0.165441  0.182364
Optimization terminated successfully    (Exit mode 0)
            Current function value: 0.18335045415224896
            Iterations: 5
            Function evaluations: 51
            Gradient evaluations: 5
      rank  accuracy    error
0  0.92443  0.183824  0.18335
Optimization terminated successfully    (Exit mode 0)
            Current function value: 0.1715776384083043
            Iterations: 7
            Function evaluations: 78
            Gradient evaluations: 7
       rank  accuracy     error
0  0.925903  0.194853  0.171578
Optimization terminated successfully    (Exit mode 0)
            Current function value: 0.1615349264705881
            Iterations: 11
            Function evaluations: 129
            Gradient evaluations: 11
       rank  accuracy     error
0  0.896518  0.117647  0.161535
Optimization terminated successfully    (Exit mode 0)
            Current function value: 0.16472480536332162
            Iterations: 5
            Function evaluations: 68
            Gradient evaluations: 5
       rank  accuracy     error
0  0.863227  0.121324  0.164725
Optimization terminated successfully    (Exit mode 0)
            Current function value: 0.16861753892733544
            Iterations: 7
            Function evaluations: 100
            Gradient evaluations: 7
       rank  accuracy     error
0  0.839208  0.102941  0.168618
corrs 1
sub corrs 10
corrs 2
sub corrs 20
corrs 3
sub corrs 30
corrs 4
sub corrs 40
corrs 5
sub corrs 50
corrs 6
sub corrs 60
corrs 7
sub corrs 70
corrs 8
sub corrs 80
corrs 9
sub corrs 90
corrs 10
sub corrs 100
Optimization terminated successfully    (Exit mode 0)
            Current function value: 0.19096020761245655
            Iterations: 1
            Function evaluations: 2
            Gradient evaluations: 1
      rank  accuracy    error
0  0.91928  0.216912  0.19096
Optimization terminated successfully    (Exit mode 0)
            Current function value: 0.19096020761245655
            Iterations: 3
            Function evaluations: 9
            Gradient evaluations: 3
      rank  accuracy    error
0  0.91928  0.216912  0.19096
Optimization terminated successfully    (Exit mode 0)
            Current function value: 0.19681282439446351
            Iterations: 5
            Function evaluations: 32
            Gradient evaluations: 5
       rank  accuracy     error
0  0.908034  0.194853  0.196813
Optimization terminated successfully    (Exit mode 0)
            Current function value: 0.1543036332179929
            Iterations: 5
            Function evaluations: 42
            Gradient evaluations: 5
       rank  accuracy     error
0  0.853076  0.147059  0.154304
Optimization terminated successfully    (Exit mode 0)
            Current function value: 0.15034331747404828
            Iterations: 5
            Function evaluations: 43
            Gradient evaluations: 5
       rank  accuracy     error
0  0.876784  0.143382  0.150343
Optimization terminated successfully    (Exit mode 0)
            Current function value: 0.14396355968858118
            Iterations: 3
            Function evaluations: 32
            Gradient evaluations: 3
       rank  accuracy     error
0  0.895194  0.172794  0.143964
Optimization terminated successfully    (Exit mode 0)
            Current function value: 0.14290927768166078
            Iterations: 6
            Function evaluations: 59
            Gradient evaluations: 6
       rank  accuracy     error
0  0.885218  0.161765  0.142909
Optimization terminated successfully    (Exit mode 0)
            Current function value: 0.1527357266435985
            Iterations: 4
            Function evaluations: 48
            Gradient evaluations: 4
       rank  accuracy     error
0  0.888854  0.147059  0.152736
Optimization terminated successfully    (Exit mode 0)
            Current function value: 0.14588289359861578
            Iterations: 8
            Function evaluations: 97
            Gradient evaluations: 8
       rank  accuracy     error
0  0.884056  0.158088  0.145883
Optimization terminated successfully    (Exit mode 0)
            Current function value: 0.14782926038062275
            Iterations: 6
            Function evaluations: 80
            Gradient evaluations: 6
       rank  accuracy     error
0  0.887368  0.158088  0.147829
Optimization terminated successfully    (Exit mode 0)
            Current function value: 0.15561472750865044
            Iterations: 6
            Function evaluations: 87
            Gradient evaluations: 6
      rank  accuracy     error
0  0.85013  0.139706  0.155615
✨ Experiment complete. Results archived at: /mnt/beegfs/hellgate/home/tp183485/timecorr_trazzp/Cluster_Data/paragraph_100_10_10_isfc_IncrementalPCA_35_gaussian.csv
