corrs 1
sub corrs 10
corrs 2
sub corrs 20
corrs 3
sub corrs 30
corrs 4
sub corrs 40
corrs 5
sub corrs 50
corrs 6
sub corrs 60
corrs 7
sub corrs 70
corrs 8
sub corrs 80
corrs 9
sub corrs 90
corrs 10
sub corrs 100
Optimization terminated successfully    (Exit mode 0)
            Current function value: 0.10828888888888905
            Iterations: 1
            Function evaluations: 2
            Gradient evaluations: 1
       rank  accuracy     error
0  0.961322  0.283333  0.108289
Optimization terminated successfully    (Exit mode 0)
            Current function value: 0.06445555555555568
            Iterations: 6
            Function evaluations: 25
            Gradient evaluations: 6
       rank  accuracy     error
0  0.975033  0.253333  0.064456
Optimization terminated successfully    (Exit mode 0)
            Current function value: 0.010322222222222247
            Iterations: 1
            Function evaluations: 15
            Gradient evaluations: 1
       rank  accuracy     error
0  0.988522  0.316667  0.010322
Optimization terminated successfully    (Exit mode 0)
            Current function value: 0.00998888888888891
            Iterations: 5
            Function evaluations: 39
            Gradient evaluations: 5
       rank  accuracy     error
0  0.987756  0.323333  0.009989
Optimization terminated successfully    (Exit mode 0)
            Current function value: 0.010322222222222248
            Iterations: 4
            Function evaluations: 35
            Gradient evaluations: 4
       rank  accuracy     error
0  0.988422      0.32  0.010322
Optimization terminated successfully    (Exit mode 0)
            Current function value: 0.010400000000000026
            Iterations: 5
            Function evaluations: 49
            Gradient evaluations: 5
       rank  accuracy   error
0  0.987922  0.316667  0.0104
Optimization terminated successfully    (Exit mode 0)
            Current function value: 0.010988888888888906
            Iterations: 3
            Function evaluations: 35
            Gradient evaluations: 3
       rank  accuracy     error
0  0.988089      0.31  0.010989
Optimization terminated successfully    (Exit mode 0)
            Current function value: 0.011611111111111133
            Iterations: 10
            Function evaluations: 106
            Gradient evaluations: 10
       rank  accuracy     error
0  0.987389       0.3  0.011611
Optimization terminated successfully    (Exit mode 0)
            Current function value: 0.010044444444444467
            Iterations: 11
            Function evaluations: 124
            Gradient evaluations: 11
       rank  accuracy     error
0  0.987989  0.326667  0.010044
Optimization terminated successfully    (Exit mode 0)
            Current function value: 0.01035555555555558
            Iterations: 14
            Function evaluations: 168
            Gradient evaluations: 14
       rank  accuracy     error
0  0.987133  0.333333  0.010356
Optimization terminated successfully    (Exit mode 0)
            Current function value: 0.008077777777777797
            Iterations: 12
            Function evaluations: 157
            Gradient evaluations: 12
       rank  accuracy     error
0  0.988544  0.323333  0.008078
corrs 1
sub corrs 10
corrs 2
sub corrs 20
corrs 3
sub corrs 30
corrs 4
sub corrs 40
corrs 5
sub corrs 50
corrs 6
sub corrs 60
corrs 7
sub corrs 70
corrs 8
sub corrs 80
corrs 9
sub corrs 90
corrs 10
sub corrs 100
Optimization terminated successfully    (Exit mode 0)
            Current function value: 0.1149444444444445
            Iterations: 1
            Function evaluations: 2
            Gradient evaluations: 1
       rank  accuracy     error
0  0.963489  0.253333  0.114944
Optimization terminated successfully    (Exit mode 0)
            Current function value: 0.052233333333333354
            Iterations: 3
            Function evaluations: 20
            Gradient evaluations: 3
       rank  accuracy     error
0  0.980622  0.323333  0.052233
Optimization terminated successfully    (Exit mode 0)
            Current function value: 0.01043333333333335
            Iterations: 2
            Function evaluations: 19
            Gradient evaluations: 2
       rank  accuracy     error
0  0.986622  0.336667  0.010433
Optimization terminated successfully    (Exit mode 0)
            Current function value: 0.010644444444444465
            Iterations: 2
            Function evaluations: 21
            Gradient evaluations: 2
     rank  accuracy     error
0  0.9868  0.333333  0.010644
Optimization terminated successfully    (Exit mode 0)
            Current function value: 0.010677777777777796
            Iterations: 2
            Function evaluations: 23
            Gradient evaluations: 2
       rank  accuracy     error
0  0.985856      0.33  0.010678
Optimization terminated successfully    (Exit mode 0)
            Current function value: 0.01068888888888891
            Iterations: 7
            Function evaluations: 61
            Gradient evaluations: 7
     rank  accuracy     error
0  0.9874  0.346667  0.010689
Optimization terminated successfully    (Exit mode 0)
            Current function value: 0.010933333333333354
            Iterations: 6
            Function evaluations: 60
            Gradient evaluations: 6
       rank  accuracy     error
0  0.987467      0.35  0.010933
Optimization terminated successfully    (Exit mode 0)
            Current function value: 0.010577777777777795
            Iterations: 10
            Function evaluations: 103
            Gradient evaluations: 10
     rank  accuracy     error
0  0.9869      0.35  0.010578
Optimization terminated successfully    (Exit mode 0)
            Current function value: 0.010533333333333353
            Iterations: 13
            Function evaluations: 147
            Gradient evaluations: 13
       rank  accuracy     error
0  0.986844      0.35  0.010533
Optimization terminated successfully    (Exit mode 0)
            Current function value: 0.01052222222222224
            Iterations: 14
            Function evaluations: 168
            Gradient evaluations: 14
       rank  accuracy     error
0  0.986544      0.35  0.010522
Optimization terminated successfully    (Exit mode 0)
            Current function value: 0.01145555555555558
            Iterations: 8
            Function evaluations: 107
            Gradient evaluations: 8
       rank  accuracy     error
0  0.986744  0.333333  0.011456
✨ Experiment complete. Results archived at: /mnt/beegfs/hellgate/home/tp183485/timecorr_trazzp/Cluster_Data/intact_100_10_10_isfc_TruncatedSVD_40_laplace.csv
