corrs 1
sub corrs 10
corrs 2
sub corrs 20
corrs 3
sub corrs 30
corrs 4
sub corrs 40
corrs 5
sub corrs 50
corrs 6
sub corrs 60
corrs 7
sub corrs 70
corrs 8
sub corrs 80
corrs 9
sub corrs 90
corrs 10
sub corrs 100
Optimization terminated successfully    (Exit mode 0)
            Current function value: 0.09176666666666687
            Iterations: 1
            Function evaluations: 2
            Gradient evaluations: 1
       rank  accuracy     error
0  0.964322  0.256667  0.091767
Optimization terminated successfully    (Exit mode 0)
            Current function value: 0.08457777777777788
            Iterations: 3
            Function evaluations: 22
            Gradient evaluations: 3
       rank  accuracy     error
0  0.972867  0.276667  0.084578
Optimization terminated successfully    (Exit mode 0)
            Current function value: 0.09036666666666684
            Iterations: 4
            Function evaluations: 27
            Gradient evaluations: 4
       rank  accuracy     error
0  0.970478  0.263333  0.090367
Optimization terminated successfully    (Exit mode 0)
            Current function value: 0.07300000000000012
            Iterations: 6
            Function evaluations: 44
            Gradient evaluations: 6
       rank  accuracy  error
0  0.982967  0.313333  0.073
Optimization terminated successfully    (Exit mode 0)
            Current function value: 0.04425555555555555
            Iterations: 5
            Function evaluations: 44
            Gradient evaluations: 5
       rank  accuracy     error
0  0.990833  0.333333  0.044256
Optimization terminated successfully    (Exit mode 0)
            Current function value: 0.06382222222222236
            Iterations: 3
            Function evaluations: 33
            Gradient evaluations: 3
       rank  accuracy     error
0  0.977733      0.29  0.063822
Optimization terminated successfully    (Exit mode 0)
            Current function value: 0.05638888888888896
            Iterations: 6
            Function evaluations: 61
            Gradient evaluations: 6
       rank  accuracy     error
0  0.987189      0.29  0.056389
Optimization terminated successfully    (Exit mode 0)
            Current function value: 0.06183333333333344
            Iterations: 4
            Function evaluations: 48
            Gradient evaluations: 4
     rank  accuracy     error
0  0.9852      0.31  0.061833
Optimization terminated successfully    (Exit mode 0)
            Current function value: 0.06854444444444457
            Iterations: 4
            Function evaluations: 51
            Gradient evaluations: 4
       rank  accuracy     error
0  0.979444  0.296667  0.068544
Optimization terminated successfully    (Exit mode 0)
            Current function value: 0.07094444444444462
            Iterations: 3
            Function evaluations: 44
            Gradient evaluations: 3
       rank  accuracy     error
0  0.971944  0.273333  0.070944
Optimization terminated successfully    (Exit mode 0)
            Current function value: 0.06557777777777787
            Iterations: 8
            Function evaluations: 112
            Gradient evaluations: 8
       rank  accuracy     error
0  0.972833  0.266667  0.065578
corrs 1
sub corrs 10
corrs 2
sub corrs 20
corrs 3
sub corrs 30
corrs 4
sub corrs 40
corrs 5
sub corrs 50
corrs 6
sub corrs 60
corrs 7
sub corrs 70
corrs 8
sub corrs 80
corrs 9
sub corrs 90
corrs 10
sub corrs 100
Optimization terminated successfully    (Exit mode 0)
            Current function value: 0.097088888888889
            Iterations: 1
            Function evaluations: 2
            Gradient evaluations: 1
     rank  accuracy     error
0  0.9636  0.233333  0.097089
Optimization terminated successfully    (Exit mode 0)
            Current function value: 0.09913333333333349
            Iterations: 2
            Function evaluations: 6
            Gradient evaluations: 2
       rank  accuracy     error
0  0.971356  0.256667  0.099133
Optimization terminated successfully    (Exit mode 0)
            Current function value: 0.09162222222222237
            Iterations: 5
            Function evaluations: 31
            Gradient evaluations: 5
       rank  accuracy     error
0  0.969278  0.253333  0.091622
Optimization terminated successfully    (Exit mode 0)
            Current function value: 0.07842222222222235
            Iterations: 2
            Function evaluations: 21
            Gradient evaluations: 2
       rank  accuracy     error
0  0.977844  0.293333  0.078422
Optimization terminated successfully    (Exit mode 0)
            Current function value: 0.0523
            Iterations: 3
            Function evaluations: 29
            Gradient evaluations: 3
     rank  accuracy   error
0  0.9865      0.29  0.0523
Optimization terminated successfully    (Exit mode 0)
            Current function value: 0.0470333333333333
            Iterations: 7
            Function evaluations: 63
            Gradient evaluations: 7
       rank  accuracy     error
0  0.986633      0.28  0.047033
Optimization terminated successfully    (Exit mode 0)
            Current function value: 0.04402222222222222
            Iterations: 8
            Function evaluations: 79
            Gradient evaluations: 8
     rank  accuracy     error
0  0.9882  0.276667  0.044022
Optimization terminated successfully    (Exit mode 0)
            Current function value: 0.0518666666666667
            Iterations: 9
            Function evaluations: 96
            Gradient evaluations: 9
       rank  accuracy     error
0  0.985378      0.25  0.051867
Optimization terminated successfully    (Exit mode 0)
            Current function value: 0.04862222222222225
            Iterations: 5
            Function evaluations: 63
            Gradient evaluations: 5
       rank  accuracy     error
0  0.985489  0.273333  0.048622
Optimization terminated successfully    (Exit mode 0)
            Current function value: 0.07358888888888897
            Iterations: 4
            Function evaluations: 55
            Gradient evaluations: 4
       rank  accuracy     error
0  0.975111  0.243333  0.073589
Optimization terminated successfully    (Exit mode 0)
            Current function value: 0.03322222222222218
            Iterations: 8
            Function evaluations: 109
            Gradient evaluations: 8
       rank  accuracy     error
0  0.989044  0.306667  0.033222
✨ Experiment complete. Results archived at: /mnt/beegfs/hellgate/home/tp183485/timecorr_trazzp/Cluster_Data/intact_100_10_10_isfc_FactorAnalysis_40_mexican_hat.csv
