corrs 1
sub corrs 10
corrs 2
sub corrs 20
corrs 3
sub corrs 30
corrs 4
sub corrs 40
corrs 5
sub corrs 50
corrs 6
sub corrs 60
corrs 7
sub corrs 70
corrs 8
sub corrs 80
corrs 9
sub corrs 90
corrs 10
sub corrs 100
Optimization terminated successfully    (Exit mode 0)
            Current function value: 0.2045307093425603
            Iterations: 1
            Function evaluations: 2
            Gradient evaluations: 1
       rank  accuracy     error
0  0.917874  0.176471  0.204531
Optimization terminated successfully    (Exit mode 0)
            Current function value: 0.1771328935986158
            Iterations: 2
            Function evaluations: 17
            Gradient evaluations: 2
       rank  accuracy     error
0  0.921497  0.165441  0.177133
Optimization terminated successfully    (Exit mode 0)
            Current function value: 0.18644571799307946
            Iterations: 3
            Function evaluations: 24
            Gradient evaluations: 3
       rank  accuracy     error
0  0.919564  0.176471  0.186446
Optimization terminated successfully    (Exit mode 0)
            Current function value: 0.18479671280276794
            Iterations: 3
            Function evaluations: 26
            Gradient evaluations: 3
       rank  accuracy     error
0  0.922862    0.1875  0.184797
Optimization terminated successfully    (Exit mode 0)
            Current function value: 0.18286386245674727
            Iterations: 4
            Function evaluations: 35
            Gradient evaluations: 4
       rank  accuracy     error
0  0.925957    0.1875  0.182864
Optimization terminated successfully    (Exit mode 0)
            Current function value: 0.15024870242214527
            Iterations: 8
            Function evaluations: 77
            Gradient evaluations: 8
       rank  accuracy     error
0  0.917942  0.158088  0.150249
Optimization terminated successfully    (Exit mode 0)
            Current function value: 0.1319204152249135
            Iterations: 7
            Function evaluations: 69
            Gradient evaluations: 7
       rank  accuracy    error
0  0.917455  0.150735  0.13192
Optimization terminated successfully    (Exit mode 0)
            Current function value: 0.15108672145328703
            Iterations: 5
            Function evaluations: 57
            Gradient evaluations: 5
       rank  accuracy     error
0  0.906182  0.139706  0.151087
Optimization terminated successfully    (Exit mode 0)
            Current function value: 0.1357725994809689
            Iterations: 9
            Function evaluations: 107
            Gradient evaluations: 9
       rank  accuracy     error
0  0.920104  0.139706  0.135773
Optimization terminated successfully    (Exit mode 0)
            Current function value: 0.10644193339100345
            Iterations: 8
            Function evaluations: 106
            Gradient evaluations: 8
       rank  accuracy     error
0  0.934432  0.183824  0.106442
Optimization terminated successfully    (Exit mode 0)
            Current function value: 0.11436256487889275
            Iterations: 6
            Function evaluations: 85
            Gradient evaluations: 6
       rank  accuracy     error
0  0.925714  0.161765  0.114363
corrs 1
sub corrs 10
corrs 2
sub corrs 20
corrs 3
sub corrs 30
corrs 4
sub corrs 40
corrs 5
sub corrs 50
corrs 6
sub corrs 60
corrs 7
sub corrs 70
corrs 8
sub corrs 80
corrs 9
sub corrs 90
corrs 10
sub corrs 100
Optimization terminated successfully    (Exit mode 0)
            Current function value: 0.1776600346020758
            Iterations: 1
            Function evaluations: 2
            Gradient evaluations: 1
      rank  accuracy    error
0  0.91732  0.183824  0.17766
Optimization terminated successfully    (Exit mode 0)
            Current function value: 0.1443690527681658
            Iterations: 3
            Function evaluations: 21
            Gradient evaluations: 3
       rank  accuracy     error
0  0.921429    0.1875  0.144369
Optimization terminated successfully    (Exit mode 0)
            Current function value: 0.15012705449826974
            Iterations: 4
            Function evaluations: 29
            Gradient evaluations: 4
       rank  accuracy     error
0  0.921929  0.183824  0.150127
Optimization terminated successfully    (Exit mode 0)
            Current function value: 0.1515597967128025
            Iterations: 6
            Function evaluations: 42
            Gradient evaluations: 6
       rank  accuracy    error
0  0.921956  0.180147  0.15156
Optimization terminated successfully    (Exit mode 0)
            Current function value: 0.14432850346020734
            Iterations: 7
            Function evaluations: 53
            Gradient evaluations: 7
       rank  accuracy     error
0  0.921632    0.1875  0.144329
Optimization terminated successfully    (Exit mode 0)
            Current function value: 0.14016544117647037
            Iterations: 3
            Function evaluations: 32
            Gradient evaluations: 3
       rank  accuracy     error
0  0.922659  0.191176  0.140165
Optimization terminated successfully    (Exit mode 0)
            Current function value: 0.11686310553633227
            Iterations: 10
            Function evaluations: 93
            Gradient evaluations: 10
       rank  accuracy     error
0  0.924186  0.198529  0.116863
Optimization terminated successfully    (Exit mode 0)
            Current function value: 0.11543036332179935
            Iterations: 8
            Function evaluations: 87
            Gradient evaluations: 8
       rank  accuracy    error
0  0.925984  0.194853  0.11543
Optimization terminated successfully    (Exit mode 0)
            Current function value: 0.11753892733564018
            Iterations: 5
            Function evaluations: 65
            Gradient evaluations: 5
       rank  accuracy     error
0  0.922024  0.202206  0.117539
Optimization terminated successfully    (Exit mode 0)
            Current function value: 0.11036169982698966
            Iterations: 5
            Function evaluations: 70
            Gradient evaluations: 5
       rank  accuracy     error
0  0.929174  0.198529  0.110362
Optimization terminated successfully    (Exit mode 0)
            Current function value: 0.1153492647058824
            Iterations: 8
            Function evaluations: 112
            Gradient evaluations: 8
       rank  accuracy     error
0  0.929782  0.202206  0.115349
✨ Experiment complete. Results archived at: /mnt/beegfs/hellgate/home/tp183485/timecorr_trazzp/Cluster_Data/paragraph_100_10_10_isfc_MDS_50_laplace.csv
