corrs 1
sub corrs 10
corrs 2
sub corrs 20
corrs 3
sub corrs 30
corrs 4
sub corrs 40
corrs 5
sub corrs 50
corrs 6
sub corrs 60
corrs 7
sub corrs 70
corrs 8
sub corrs 80
corrs 9
sub corrs 90
corrs 10
sub corrs 100
Optimization terminated successfully    (Exit mode 0)
            Current function value: 0.1700502811418682
            Iterations: 1
            Function evaluations: 2
            Gradient evaluations: 1
       rank  accuracy    error
0  0.913197  0.161765  0.17005
Optimization terminated successfully    (Exit mode 0)
            Current function value: 0.16744160899653948
            Iterations: 3
            Function evaluations: 20
            Gradient evaluations: 3
       rank  accuracy     error
0  0.909007  0.161765  0.167442
Optimization terminated successfully    (Exit mode 0)
            Current function value: 0.17045577422145297
            Iterations: 3
            Function evaluations: 23
            Gradient evaluations: 3
      rank  accuracy     error
0  0.91163  0.161765  0.170456
Optimization terminated successfully    (Exit mode 0)
            Current function value: 0.1506677119377161
            Iterations: 7
            Function evaluations: 48
            Gradient evaluations: 7
       rank  accuracy     error
0  0.928728  0.183824  0.150668
Optimization terminated successfully    (Exit mode 0)
            Current function value: 0.14700475778546698
            Iterations: 7
            Function evaluations: 56
            Gradient evaluations: 7
     rank  accuracy     error
0  0.9227  0.176471  0.147005
Optimization terminated successfully    (Exit mode 0)
            Current function value: 0.14628838667820054
            Iterations: 6
            Function evaluations: 55
            Gradient evaluations: 6
       rank  accuracy     error
0  0.926322  0.180147  0.146288
Optimization terminated successfully    (Exit mode 0)
            Current function value: 0.15028925173010363
            Iterations: 4
            Function evaluations: 45
            Gradient evaluations: 4
       rank  accuracy     error
0  0.934932    0.1875  0.150289
Optimization terminated successfully    (Exit mode 0)
            Current function value: 0.14392301038062272
            Iterations: 8
            Function evaluations: 89
            Gradient evaluations: 8
       rank  accuracy     error
0  0.932012  0.183824  0.143923
Optimization terminated successfully    (Exit mode 0)
            Current function value: 0.18378298010380614
            Iterations: 4
            Function evaluations: 53
            Gradient evaluations: 4
       rank  accuracy     error
0  0.927714  0.161765  0.183783
Optimization terminated successfully    (Exit mode 0)
            Current function value: 0.13811094290657427
            Iterations: 6
            Function evaluations: 79
            Gradient evaluations: 6
       rank  accuracy     error
0  0.930769  0.183824  0.138111
Optimization terminated successfully    (Exit mode 0)
            Current function value: 0.14632893598615904
            Iterations: 7
            Function evaluations: 99
            Gradient evaluations: 7
       rank  accuracy     error
0  0.939149  0.180147  0.146329
corrs 1
sub corrs 10
corrs 2
sub corrs 20
corrs 3
sub corrs 30
corrs 4
sub corrs 40
corrs 5
sub corrs 50
corrs 6
sub corrs 60
corrs 7
sub corrs 70
corrs 8
sub corrs 80
corrs 9
sub corrs 90
corrs 10
sub corrs 100
Optimization terminated successfully    (Exit mode 0)
            Current function value: 0.18070123269896182
            Iterations: 1
            Function evaluations: 2
            Gradient evaluations: 1
       rank  accuracy     error
0  0.913616  0.150735  0.180701
Optimization terminated successfully    (Exit mode 0)
            Current function value: 0.18153925173010366
            Iterations: 1
            Function evaluations: 14
            Gradient evaluations: 1
       rank  accuracy     error
0  0.910386  0.143382  0.181539
Optimization terminated successfully    (Exit mode 0)
            Current function value: 0.14565311418685112
            Iterations: 5
            Function evaluations: 32
            Gradient evaluations: 5
       rank  accuracy     error
0  0.930512  0.172794  0.145653
Optimization terminated successfully    (Exit mode 0)
            Current function value: 0.14601805795847744
            Iterations: 4
            Function evaluations: 31
            Gradient evaluations: 4
       rank  accuracy     error
0  0.938243  0.165441  0.146018
Optimization terminated successfully    (Exit mode 0)
            Current function value: 0.14200367647058812
            Iterations: 3
            Function evaluations: 30
            Gradient evaluations: 3
       rank  accuracy     error
0  0.938162  0.169118  0.142004
Optimization terminated successfully    (Exit mode 0)
            Current function value: 0.1394761029411764
            Iterations: 5
            Function evaluations: 53
            Gradient evaluations: 5
       rank  accuracy     error
0  0.935405  0.172794  0.139476
Optimization terminated successfully    (Exit mode 0)
            Current function value: 0.14769409602076114
            Iterations: 2
            Function evaluations: 27
            Gradient evaluations: 2
       rank  accuracy     error
0  0.935959  0.165441  0.147694
Optimization terminated successfully    (Exit mode 0)
            Current function value: 0.13915170847750855
            Iterations: 5
            Function evaluations: 57
            Gradient evaluations: 5
    rank  accuracy     error
0  0.936  0.176471  0.139152
Optimization terminated successfully    (Exit mode 0)
            Current function value: 0.13231239186851199
            Iterations: 4
            Function evaluations: 52
            Gradient evaluations: 4
       rank  accuracy     error
0  0.939784  0.169118  0.132312
Optimization terminated successfully    (Exit mode 0)
            Current function value: 0.13609699394463654
            Iterations: 4
            Function evaluations: 55
            Gradient evaluations: 4
      rank  accuracy     error
0  0.94165  0.176471  0.136097
Optimization terminated successfully    (Exit mode 0)
            Current function value: 0.13182580017301027
            Iterations: 5
            Function evaluations: 76
            Gradient evaluations: 5
       rank  accuracy     error
0  0.938946  0.172794  0.131826
✨ Experiment complete. Results archived at: /mnt/beegfs/hellgate/home/tp183485/timecorr_trazzp/Cluster_Data/paragraph_100_10_10_isfc_SparsePCA_15_laplace.csv
