corrs 1
sub corrs 10
corrs 2
sub corrs 20
corrs 3
sub corrs 30
corrs 4
sub corrs 40
corrs 5
sub corrs 50
corrs 6
sub corrs 60
corrs 7
sub corrs 70
corrs 8
sub corrs 80
corrs 9
sub corrs 90
corrs 10
sub corrs 100
Optimization terminated successfully    (Exit mode 0)
            Current function value: 0.18867592993079565
            Iterations: 1
            Function evaluations: 2
            Gradient evaluations: 1
       rank  accuracy     error
0  0.935837  0.180147  0.188676
Optimization terminated successfully    (Exit mode 0)
            Current function value: 0.18039035467128026
            Iterations: 1
            Function evaluations: 14
            Gradient evaluations: 1
       rank  accuracy    error
0  0.933796  0.165441  0.18039
Optimization terminated successfully    (Exit mode 0)
            Current function value: 0.1789440960207612
            Iterations: 1
            Function evaluations: 15
            Gradient evaluations: 1
       rank  accuracy     error
0  0.933175  0.161765  0.178944
Optimization terminated successfully    (Exit mode 0)
            Current function value: 0.16910413062283736
            Iterations: 5
            Function evaluations: 38
            Gradient evaluations: 5
       rank  accuracy     error
0  0.939054  0.176471  0.169104
Optimization terminated successfully    (Exit mode 0)
            Current function value: 0.16503568339100347
            Iterations: 5
            Function evaluations: 42
            Gradient evaluations: 5
       rank  accuracy     error
0  0.939784  0.183824  0.165036
Optimization terminated successfully    (Exit mode 0)
            Current function value: 0.16857698961937706
            Iterations: 3
            Function evaluations: 32
            Gradient evaluations: 3
       rank  accuracy     error
0  0.943704  0.194853  0.168577
Optimization terminated successfully    (Exit mode 0)
            Current function value: 0.16302173442906573
            Iterations: 6
            Function evaluations: 61
            Gradient evaluations: 6
       rank  accuracy     error
0  0.942609  0.191176  0.163022
Optimization terminated successfully    (Exit mode 0)
            Current function value: 0.16879325259515573
            Iterations: 7
            Function evaluations: 77
            Gradient evaluations: 7
       rank  accuracy     error
0  0.939595  0.183824  0.168793
Optimization terminated successfully    (Exit mode 0)
            Current function value: 0.17113159602076133
            Iterations: 2
            Function evaluations: 31
            Gradient evaluations: 2
       rank  accuracy     error
0  0.933783  0.176471  0.171132
Optimization terminated successfully    (Exit mode 0)
            Current function value: 0.15745296280276813
            Iterations: 7
            Function evaluations: 92
            Gradient evaluations: 7
       rank  accuracy     error
0  0.936905  0.183824  0.157453
Optimization terminated successfully    (Exit mode 0)
            Current function value: 0.14947826557093422
            Iterations: 7
            Function evaluations: 107
            Gradient evaluations: 7
       rank  accuracy     error
0  0.938527  0.180147  0.149478
corrs 1
sub corrs 10
corrs 2
sub corrs 20
corrs 3
sub corrs 30
corrs 4
sub corrs 40
corrs 5
sub corrs 50
corrs 6
sub corrs 60
corrs 7
sub corrs 70
corrs 8
sub corrs 80
corrs 9
sub corrs 90
corrs 10
sub corrs 100
Optimization terminated successfully    (Exit mode 0)
            Current function value: 0.19187932525951537
            Iterations: 1
            Function evaluations: 2
            Gradient evaluations: 1
       rank  accuracy     error
0  0.935743  0.161765  0.191879
Optimization terminated successfully    (Exit mode 0)
            Current function value: 0.16092668685121103
            Iterations: 4
            Function evaluations: 27
            Gradient evaluations: 4
       rank  accuracy     error
0  0.941041  0.172794  0.160927
Optimization terminated successfully    (Exit mode 0)
            Current function value: 0.1640354671280276
            Iterations: 4
            Function evaluations: 27
            Gradient evaluations: 4
       rank  accuracy     error
0  0.939392  0.169118  0.164035
Optimization terminated successfully    (Exit mode 0)
            Current function value: 0.16106185121107258
            Iterations: 3
            Function evaluations: 27
            Gradient evaluations: 3
       rank  accuracy     error
0  0.940568  0.172794  0.161062
Optimization terminated successfully    (Exit mode 0)
            Current function value: 0.24490430363321766
            Iterations: 2
            Function evaluations: 23
            Gradient evaluations: 2
       rank  accuracy     error
0  0.844155  0.106618  0.244904
Optimization terminated successfully    (Exit mode 0)
            Current function value: 0.2584072231833907
            Iterations: 4
            Function evaluations: 42
            Gradient evaluations: 4
       rank  accuracy     error
0  0.841195  0.077206  0.258407
Optimization terminated successfully    (Exit mode 0)
            Current function value: 0.2513786764705881
            Iterations: 4
            Function evaluations: 44
            Gradient evaluations: 4
       rank  accuracy     error
0  0.841898  0.095588  0.251379
Optimization terminated successfully    (Exit mode 0)
            Current function value: 0.26193501297577826
            Iterations: 2
            Function evaluations: 29
            Gradient evaluations: 2
       rank  accuracy     error
0  0.868972  0.091912  0.261935
Optimization terminated successfully    (Exit mode 0)
            Current function value: 0.2607185337370239
            Iterations: 2
            Function evaluations: 31
            Gradient evaluations: 2
      rank  accuracy     error
0  0.88407  0.095588  0.260719
Optimization terminated successfully    (Exit mode 0)
            Current function value: 0.26221885813148765
            Iterations: 2
            Function evaluations: 33
            Gradient evaluations: 2
       rank  accuracy     error
0  0.890098  0.095588  0.262219
Optimization terminated successfully    (Exit mode 0)
            Current function value: 0.15155979671280262
            Iterations: 12
            Function evaluations: 160
            Gradient evaluations: 12
       rank  accuracy    error
0  0.942069    0.1875  0.15156
✨ Experiment complete. Results archived at: /mnt/beegfs/hellgate/home/tp183485/timecorr_trazzp/Cluster_Data/paragraph_100_10_10_isfc_SparsePCA_40_gaussian.csv
