corrs 1
sub corrs 10
corrs 2
sub corrs 20
corrs 3
sub corrs 30
corrs 4
sub corrs 40
corrs 5
sub corrs 50
corrs 6
sub corrs 60
corrs 7
sub corrs 70
corrs 8
sub corrs 80
corrs 9
sub corrs 90
corrs 10
sub corrs 100
Optimization terminated successfully    (Exit mode 0)
            Current function value: 0.080288888888889
            Iterations: 1
            Function evaluations: 2
            Gradient evaluations: 1
       rank  accuracy     error
0  0.970344  0.316667  0.080289
Optimization terminated successfully    (Exit mode 0)
            Current function value: 0.076388888888889
            Iterations: 4
            Function evaluations: 24
            Gradient evaluations: 4
       rank  accuracy     error
0  0.970867  0.306667  0.076389
Optimization terminated successfully    (Exit mode 0)
            Current function value: 0.07624444444444457
            Iterations: 3
            Function evaluations: 23
            Gradient evaluations: 3
       rank  accuracy     error
0  0.970811  0.306667  0.076244
Optimization terminated successfully    (Exit mode 0)
            Current function value: 0.076388888888889
            Iterations: 4
            Function evaluations: 32
            Gradient evaluations: 4
       rank  accuracy     error
0  0.970878  0.306667  0.076389
Optimization terminated successfully    (Exit mode 0)
            Current function value: 0.076388888888889
            Iterations: 4
            Function evaluations: 35
            Gradient evaluations: 4
       rank  accuracy     error
0  0.970878  0.306667  0.076389
Optimization terminated successfully    (Exit mode 0)
            Current function value: 0.07743333333333345
            Iterations: 3
            Function evaluations: 32
            Gradient evaluations: 3
       rank  accuracy     error
0  0.970433  0.306667  0.077433
Optimization terminated successfully    (Exit mode 0)
            Current function value: 0.07733333333333346
            Iterations: 4
            Function evaluations: 43
            Gradient evaluations: 4
       rank  accuracy     error
0  0.970556      0.31  0.077333
Optimization terminated successfully    (Exit mode 0)
            Current function value: 0.07502222222222234
            Iterations: 7
            Function evaluations: 81
            Gradient evaluations: 7
       rank  accuracy     error
0  0.971333  0.293333  0.075022
Optimization terminated successfully    (Exit mode 0)
            Current function value: 0.07766666666666679
            Iterations: 4
            Function evaluations: 51
            Gradient evaluations: 4
       rank  accuracy     error
0  0.970567      0.31  0.077667
Optimization terminated successfully    (Exit mode 0)
            Current function value: 0.076388888888889
            Iterations: 5
            Function evaluations: 66
            Gradient evaluations: 5
       rank  accuracy     error
0  0.970911  0.306667  0.076389
Optimization terminated successfully    (Exit mode 0)
            Current function value: 0.07765555555555569
            Iterations: 4
            Function evaluations: 59
            Gradient evaluations: 4
       rank  accuracy     error
0  0.970344  0.306667  0.077656
corrs 1
sub corrs 10
corrs 2
sub corrs 20
corrs 3
sub corrs 30
corrs 4
sub corrs 40
corrs 5
sub corrs 50
corrs 6
sub corrs 60
corrs 7
sub corrs 70
corrs 8
sub corrs 80
corrs 9
sub corrs 90
corrs 10
sub corrs 100
Optimization terminated successfully    (Exit mode 0)
            Current function value: 0.09273333333333351
            Iterations: 1
            Function evaluations: 2
            Gradient evaluations: 1
       rank  accuracy     error
0  0.969178  0.276667  0.092733
Optimization terminated successfully    (Exit mode 0)
            Current function value: 0.09013333333333348
            Iterations: 3
            Function evaluations: 20
            Gradient evaluations: 3
     rank  accuracy     error
0  0.9701      0.27  0.090133
Optimization terminated successfully    (Exit mode 0)
            Current function value: 0.09284444444444462
            Iterations: 4
            Function evaluations: 27
            Gradient evaluations: 4
       rank  accuracy     error
0  0.969467  0.276667  0.092844
Optimization terminated successfully    (Exit mode 0)
            Current function value: 0.09018888888888904
            Iterations: 4
            Function evaluations: 31
            Gradient evaluations: 4
       rank  accuracy     error
0  0.969222      0.28  0.090189
Optimization terminated successfully    (Exit mode 0)
            Current function value: 0.08941111111111125
            Iterations: 3
            Function evaluations: 29
            Gradient evaluations: 3
       rank  accuracy     error
0  0.969256      0.27  0.089411
Optimization terminated successfully    (Exit mode 0)
            Current function value: 0.0852555555555557
            Iterations: 3
            Function evaluations: 32
            Gradient evaluations: 3
       rank  accuracy     error
0  0.968978  0.276667  0.085256
Optimization terminated successfully    (Exit mode 0)
            Current function value: 0.08377777777777792
            Iterations: 4
            Function evaluations: 46
            Gradient evaluations: 4
       rank  accuracy     error
0  0.968267  0.273333  0.083778
Optimization terminated successfully    (Exit mode 0)
            Current function value: 0.08434444444444458
            Iterations: 5
            Function evaluations: 57
            Gradient evaluations: 5
       rank  accuracy     error
0  0.969656      0.28  0.084344
Optimization terminated successfully    (Exit mode 0)
            Current function value: 0.08437777777777791
            Iterations: 5
            Function evaluations: 62
            Gradient evaluations: 5
       rank  accuracy     error
0  0.969156  0.273333  0.084378
Optimization terminated successfully    (Exit mode 0)
            Current function value: 0.0854666666666668
            Iterations: 5
            Function evaluations: 66
            Gradient evaluations: 5
       rank  accuracy     error
0  0.968611      0.27  0.085467
Optimization terminated successfully    (Exit mode 0)
            Current function value: 0.08397777777777793
            Iterations: 3
            Function evaluations: 47
            Gradient evaluations: 3
       rank  accuracy     error
0  0.966722  0.273333  0.083978
✨ Experiment complete. Results archived at: /mnt/beegfs/hellgate/home/tp183485/timecorr_trazzp/Cluster_Data/intact_100_10_10_isfc_FastICA_45_gaussian.csv
