corrs 1
sub corrs 10
corrs 2
sub corrs 20
corrs 3
sub corrs 30
corrs 4
sub corrs 40
corrs 5
sub corrs 50
corrs 6
sub corrs 60
corrs 7
sub corrs 70
corrs 8
sub corrs 80
corrs 9
sub corrs 90
corrs 10
sub corrs 100
Optimization terminated successfully    (Exit mode 0)
            Current function value: 0.17392949826989595
            Iterations: 1
            Function evaluations: 2
            Gradient evaluations: 1
       rank  accuracy     error
0  0.911075  0.154412  0.173929
Optimization terminated successfully    (Exit mode 0)
            Current function value: 0.15454692906574374
            Iterations: 4
            Function evaluations: 27
            Gradient evaluations: 4
       rank  accuracy     error
0  0.908277  0.158088  0.154547
Optimization terminated successfully    (Exit mode 0)
            Current function value: 0.04213073096885818
            Iterations: 3
            Function evaluations: 23
            Gradient evaluations: 3
       rank  accuracy     error
0  0.957031  0.205882  0.042131
Optimization terminated successfully    (Exit mode 0)
            Current function value: 0.03804876730103812
            Iterations: 7
            Function evaluations: 49
            Gradient evaluations: 7
      rank  accuracy     error
0  0.96114  0.213235  0.038049
Optimization terminated successfully    (Exit mode 0)
            Current function value: 0.03745404411764711
            Iterations: 10
            Function evaluations: 75
            Gradient evaluations: 10
       rank  accuracy     error
0  0.960938  0.213235  0.037454
Optimization terminated successfully    (Exit mode 0)
            Current function value: 0.03795415224913501
            Iterations: 9
            Function evaluations: 79
            Gradient evaluations: 9
       rank  accuracy     error
0  0.961221  0.216912  0.037954
Optimization terminated successfully    (Exit mode 0)
            Current function value: 0.011137543252595177
            Iterations: 8
            Function evaluations: 76
            Gradient evaluations: 8
       rank  accuracy     error
0  0.985875  0.268382  0.011138
Optimization terminated successfully    (Exit mode 0)
            Current function value: 0.011178092560553651
            Iterations: 6
            Function evaluations: 66
            Gradient evaluations: 6
       rank  accuracy     error
0  0.984943  0.272059  0.011178
Optimization terminated successfully    (Exit mode 0)
            Current function value: 0.011340289792387562
            Iterations: 8
            Function evaluations: 93
            Gradient evaluations: 8
       rank  accuracy    error
0  0.985375  0.264706  0.01134
Optimization terminated successfully    (Exit mode 0)
            Current function value: 0.008055795847750867
            Iterations: 7
            Function evaluations: 90
            Gradient evaluations: 7
       rank  accuracy     error
0  0.988998  0.323529  0.008056
Optimization terminated successfully    (Exit mode 0)
            Current function value: 0.007244809688581304
            Iterations: 6
            Function evaluations: 84
            Gradient evaluations: 6
       rank  accuracy     error
0  0.989646  0.297794  0.007245
corrs 1
sub corrs 10
corrs 2
sub corrs 20
corrs 3
sub corrs 30
corrs 4
sub corrs 40
corrs 5
sub corrs 50
corrs 6
sub corrs 60
corrs 7
sub corrs 70
corrs 8
sub corrs 80
corrs 9
sub corrs 90
corrs 10
sub corrs 100
Optimization terminated successfully    (Exit mode 0)
            Current function value: 0.16554930795847725
            Iterations: 1
            Function evaluations: 2
            Gradient evaluations: 1
       rank  accuracy     error
0  0.911994  0.172794  0.165549
Optimization terminated successfully    (Exit mode 0)
            Current function value: 0.15825043252595125
            Iterations: 6
            Function evaluations: 29
            Gradient evaluations: 6
       rank  accuracy    error
0  0.911521  0.165441  0.15825
Optimization terminated successfully    (Exit mode 0)
            Current function value: 0.039765354671280305
            Iterations: 6
            Function evaluations: 35
            Gradient evaluations: 6
       rank  accuracy     error
0  0.956099  0.202206  0.039765
Optimization terminated successfully    (Exit mode 0)
            Current function value: 0.036007785467128066
            Iterations: 8
            Function evaluations: 54
            Gradient evaluations: 8
      rank  accuracy     error
0  0.95968  0.205882  0.036008
Optimization terminated successfully    (Exit mode 0)
            Current function value: 0.035656358131487924
            Iterations: 8
            Function evaluations: 61
            Gradient evaluations: 8
       rank  accuracy     error
0  0.959775  0.205882  0.035656
Optimization terminated successfully    (Exit mode 0)
            Current function value: 0.034953503460207654
            Iterations: 9
            Function evaluations: 79
            Gradient evaluations: 9
       rank  accuracy     error
0  0.959599  0.205882  0.034954
Optimization terminated successfully    (Exit mode 0)
            Current function value: 0.010029195501730124
            Iterations: 4
            Function evaluations: 43
            Gradient evaluations: 4
       rank  accuracy     error
0  0.985956  0.290441  0.010029
Optimization terminated successfully    (Exit mode 0)
            Current function value: 0.009826448961937734
            Iterations: 10
            Function evaluations: 102
            Gradient evaluations: 10
       rank  accuracy     error
0  0.986051  0.272059  0.009826
Optimization terminated successfully    (Exit mode 0)
            Current function value: 0.010461721453287215
            Iterations: 6
            Function evaluations: 71
            Gradient evaluations: 6
       rank  accuracy     error
0  0.985754  0.272059  0.010462
Optimization terminated successfully    (Exit mode 0)
            Current function value: 0.008974913494809712
            Iterations: 7
            Function evaluations: 89
            Gradient evaluations: 7
       rank  accuracy     error
0  0.988119  0.257353  0.008975
Optimization terminated successfully    (Exit mode 0)
            Current function value: 0.008745134083045
            Iterations: 10
            Function evaluations: 133
            Gradient evaluations: 10
       rank  accuracy     error
0  0.988511  0.257353  0.008745
✨ Experiment complete. Results archived at: /mnt/beegfs/hellgate/home/tp183485/timecorr_trazzp/Cluster_Data/paragraph_100_10_10_isfc_TruncatedSVD_35_laplace.csv
