corrs 1
sub corrs 10
corrs 2
sub corrs 20
corrs 3
sub corrs 30
corrs 4
sub corrs 40
corrs 5
sub corrs 50
corrs 6
sub corrs 60
corrs 7
sub corrs 70
corrs 8
sub corrs 80
corrs 9
sub corrs 90
corrs 10
sub corrs 100
Optimization terminated successfully    (Exit mode 0)
            Current function value: 0.08047777777777788
            Iterations: 1
            Function evaluations: 2
            Gradient evaluations: 1
       rank  accuracy     error
0  0.954378  0.243333  0.080478
Optimization terminated successfully    (Exit mode 0)
            Current function value: 0.02222222222222219
            Iterations: 1
            Function evaluations: 14
            Gradient evaluations: 1
       rank  accuracy     error
0  0.978922  0.273333  0.022222
Optimization terminated successfully    (Exit mode 0)
            Current function value: 0.022044444444444405
            Iterations: 5
            Function evaluations: 31
            Gradient evaluations: 5
       rank  accuracy     error
0  0.980567  0.266667  0.022044
Optimization terminated successfully    (Exit mode 0)
            Current function value: 0.02222222222222219
            Iterations: 6
            Function evaluations: 41
            Gradient evaluations: 6
       rank  accuracy     error
0  0.978844  0.273333  0.022222
Optimization terminated successfully    (Exit mode 0)
            Current function value: 0.018899999999999972
            Iterations: 8
            Function evaluations: 60
            Gradient evaluations: 8
       rank  accuracy   error
0  0.980911  0.266667  0.0189
Optimization terminated successfully    (Exit mode 0)
            Current function value: 0.01944444444444441
            Iterations: 6
            Function evaluations: 53
            Gradient evaluations: 6
       rank  accuracy     error
0  0.980511  0.266667  0.019444
Optimization terminated successfully    (Exit mode 0)
            Current function value: 0.01869999999999997
            Iterations: 10
            Function evaluations: 92
            Gradient evaluations: 10
       rank  accuracy   error
0  0.981133  0.266667  0.0187
Optimization terminated successfully    (Exit mode 0)
            Current function value: 0.020233333333333298
            Iterations: 4
            Function evaluations: 47
            Gradient evaluations: 4
     rank  accuracy     error
0  0.9799  0.266667  0.020233
Optimization terminated successfully    (Exit mode 0)
            Current function value: 0.019422222222222188
            Iterations: 6
            Function evaluations: 72
            Gradient evaluations: 6
       rank  accuracy     error
0  0.980333      0.27  0.019422
Optimization terminated successfully    (Exit mode 0)
            Current function value: 0.01054444444444446
            Iterations: 3
            Function evaluations: 44
            Gradient evaluations: 3
       rank  accuracy     error
0  0.985722      0.28  0.010544
Optimization terminated successfully    (Exit mode 0)
            Current function value: 0.01055555555555557
            Iterations: 3
            Function evaluations: 51
            Gradient evaluations: 3
       rank  accuracy     error
0  0.984311  0.276667  0.010556
corrs 1
sub corrs 10
corrs 2
sub corrs 20
corrs 3
sub corrs 30
corrs 4
sub corrs 40
corrs 5
sub corrs 50
corrs 6
sub corrs 60
corrs 7
sub corrs 70
corrs 8
sub corrs 80
corrs 9
sub corrs 90
corrs 10
sub corrs 100
Optimization terminated successfully    (Exit mode 0)
            Current function value: 0.1046666666666669
            Iterations: 1
            Function evaluations: 2
            Gradient evaluations: 1
       rank  accuracy     error
0  0.956678  0.293333  0.104667
Optimization terminated successfully    (Exit mode 0)
            Current function value: 0.043011111111111125
            Iterations: 1
            Function evaluations: 14
            Gradient evaluations: 1
       rank  accuracy     error
0  0.966478  0.286667  0.043011
Optimization terminated successfully    (Exit mode 0)
            Current function value: 0.040933333333333356
            Iterations: 5
            Function evaluations: 31
            Gradient evaluations: 5
       rank  accuracy     error
0  0.970067       0.3  0.040933
Optimization terminated successfully    (Exit mode 0)
            Current function value: 0.04055555555555557
            Iterations: 4
            Function evaluations: 32
            Gradient evaluations: 4
       rank  accuracy     error
0  0.968633  0.293333  0.040556
Optimization terminated successfully    (Exit mode 0)
            Current function value: 0.04131111111111112
            Iterations: 10
            Function evaluations: 75
            Gradient evaluations: 10
       rank  accuracy     error
0  0.970689       0.3  0.041311
Optimization terminated successfully    (Exit mode 0)
            Current function value: 0.03840000000000002
            Iterations: 7
            Function evaluations: 61
            Gradient evaluations: 7
       rank  accuracy   error
0  0.969911      0.31  0.0384
Optimization terminated successfully    (Exit mode 0)
            Current function value: 0.03662222222222225
            Iterations: 6
            Function evaluations: 64
            Gradient evaluations: 6
       rank  accuracy     error
0  0.971411  0.316667  0.036622
Optimization terminated successfully    (Exit mode 0)
            Current function value: 0.037377777777777794
            Iterations: 5
            Function evaluations: 57
            Gradient evaluations: 5
   rank  accuracy     error
0  0.97  0.316667  0.037378
Optimization terminated successfully    (Exit mode 0)
            Current function value: 0.036600000000000035
            Iterations: 4
            Function evaluations: 53
            Gradient evaluations: 4
       rank  accuracy   error
0  0.971156      0.32  0.0366
Optimization terminated successfully    (Exit mode 0)
            Current function value: 0.017677777777777764
            Iterations: 2
            Function evaluations: 33
            Gradient evaluations: 2
     rank  accuracy     error
0  0.9821      0.33  0.017678
Optimization terminated successfully    (Exit mode 0)
            Current function value: 0.018188888888888873
            Iterations: 2
            Function evaluations: 35
            Gradient evaluations: 2
       rank  accuracy     error
0  0.981733      0.33  0.018189
✨ Experiment complete. Results archived at: /mnt/beegfs/hellgate/home/tp183485/timecorr_trazzp/Cluster_Data/intact_100_10_10_isfc_UMAP_15_mexican_hat.csv
