corrs 1
sub corrs 10
corrs 2
sub corrs 20
corrs 3
sub corrs 30
corrs 4
sub corrs 40
corrs 5
sub corrs 50
corrs 6
sub corrs 60
corrs 7
sub corrs 70
corrs 8
sub corrs 80
corrs 9
sub corrs 90
corrs 10
sub corrs 100
Optimization terminated successfully    (Exit mode 0)
            Current function value: 0.13079855103806218
            Iterations: 1
            Function evaluations: 2
            Gradient evaluations: 1
       rank  accuracy     error
0  0.931364  0.191176  0.130799
Optimization terminated successfully    (Exit mode 0)
            Current function value: 0.13079855103806218
            Iterations: 3
            Function evaluations: 9
            Gradient evaluations: 3
       rank  accuracy     error
0  0.931364  0.191176  0.130799
Optimization terminated successfully    (Exit mode 0)
            Current function value: 0.13620512543252583
            Iterations: 4
            Function evaluations: 28
            Gradient evaluations: 4
       rank  accuracy     error
0  0.925011  0.180147  0.136205
Optimization terminated successfully    (Exit mode 0)
            Current function value: 0.13498864619377154
            Iterations: 4
            Function evaluations: 34
            Gradient evaluations: 4
       rank  accuracy     error
0  0.916495  0.169118  0.134989
Optimization terminated successfully    (Exit mode 0)
            Current function value: 0.12743295847750855
            Iterations: 7
            Function evaluations: 60
            Gradient evaluations: 7
       rank  accuracy     error
0  0.920956  0.150735  0.127433
Optimization terminated successfully    (Exit mode 0)
            Current function value: 0.12679768598615906
            Iterations: 5
            Function evaluations: 54
            Gradient evaluations: 5
       rank  accuracy     error
0  0.922943  0.154412  0.126798
Optimization terminated successfully    (Exit mode 0)
            Current function value: 0.1273518598615916
            Iterations: 9
            Function evaluations: 85
            Gradient evaluations: 9
       rank  accuracy     error
0  0.933107  0.202206  0.127352
Optimization terminated successfully    (Exit mode 0)
            Current function value: 0.1287846020761245
            Iterations: 7
            Function evaluations: 78
            Gradient evaluations: 7
       rank  accuracy     error
0  0.924389  0.165441  0.128785
Optimization terminated successfully    (Exit mode 0)
            Current function value: 0.0
            Iterations: 1
            Function evaluations: 10
            Gradient evaluations: 1
   rank  accuracy  error
0   1.0       1.0    0.0
Optimization terminated successfully    (Exit mode 0)
            Current function value: 0.0
            Iterations: 1
            Function evaluations: 11
            Gradient evaluations: 1
   rank  accuracy  error
0   1.0       1.0    0.0
Optimization terminated successfully    (Exit mode 0)
            Current function value: 0.0
            Iterations: 1
            Function evaluations: 12
            Gradient evaluations: 1
   rank  accuracy  error
0   1.0       1.0    0.0
corrs 1
sub corrs 10
corrs 2
sub corrs 20
corrs 3
sub corrs 30
corrs 4
sub corrs 40
corrs 5
sub corrs 50
corrs 6
sub corrs 60
corrs 7
sub corrs 70
corrs 8
sub corrs 80
corrs 9
sub corrs 90
corrs 10
sub corrs 100
Optimization terminated successfully    (Exit mode 0)
            Current function value: 0.15900735294117643
            Iterations: 1
            Function evaluations: 2
            Gradient evaluations: 1
       rank  accuracy     error
0  0.929998  0.176471  0.159007
Optimization terminated successfully    (Exit mode 0)
            Current function value: 0.14080071366782007
            Iterations: 6
            Function evaluations: 31
            Gradient evaluations: 6
       rank  accuracy     error
0  0.924619  0.158088  0.140801
Optimization terminated successfully    (Exit mode 0)
            Current function value: 0.14405817474048443
            Iterations: 5
            Function evaluations: 31
            Gradient evaluations: 5
       rank  accuracy     error
0  0.928066  0.176471  0.144058
Optimization terminated successfully    (Exit mode 0)
            Current function value: 0.1428011461937716
            Iterations: 5
            Function evaluations: 37
            Gradient evaluations: 5
       rank  accuracy     error
0  0.926065  0.154412  0.142801
Optimization terminated successfully    (Exit mode 0)
            Current function value: 0.14180092993079585
            Iterations: 4
            Function evaluations: 38
            Gradient evaluations: 4
       rank  accuracy     error
0  0.916644  0.136029  0.141801
Optimization terminated successfully    (Exit mode 0)
            Current function value: 0.1407871972318339
            Iterations: 7
            Function evaluations: 66
            Gradient evaluations: 7
      rank  accuracy     error
0  0.92766  0.161765  0.140787
Optimization terminated successfully    (Exit mode 0)
            Current function value: 0.1513840830449826
            Iterations: 4
            Function evaluations: 46
            Gradient evaluations: 4
       rank  accuracy     error
0  0.919591  0.136029  0.151384
Optimization terminated successfully    (Exit mode 0)
            Current function value: 0.14340938581314885
            Iterations: 4
            Function evaluations: 47
            Gradient evaluations: 4
       rank  accuracy     error
0  0.921294  0.136029  0.143409
Optimization terminated successfully    (Exit mode 0)
            Current function value: 0.0
            Iterations: 1
            Function evaluations: 10
            Gradient evaluations: 1
   rank  accuracy  error
0   1.0       1.0    0.0
Optimization terminated successfully    (Exit mode 0)
            Current function value: 0.0
            Iterations: 1
            Function evaluations: 11
            Gradient evaluations: 1
   rank  accuracy  error
0   1.0       1.0    0.0
Optimization terminated successfully    (Exit mode 0)
            Current function value: 0.0
            Iterations: 1
            Function evaluations: 12
            Gradient evaluations: 1
   rank  accuracy  error
0   1.0       1.0    0.0
✨ Experiment complete. Results archived at: /mnt/beegfs/hellgate/home/tp183485/timecorr_trazzp/Cluster_Data/paragraph_100_10_10_isfc_LocallyLinearEmbedding_25_gaussian.csv
