corrs 1
sub corrs 10
corrs 2
sub corrs 20
corrs 3
sub corrs 30
corrs 4
sub corrs 40
corrs 5
sub corrs 50
corrs 6
sub corrs 60
corrs 7
sub corrs 70
corrs 8
sub corrs 80
corrs 9
sub corrs 90
corrs 10
sub corrs 100
Optimization terminated successfully    (Exit mode 0)
            Current function value: 0.09118888888888899
            Iterations: 1
            Function evaluations: 2
            Gradient evaluations: 1
       rank  accuracy     error
0  0.969167      0.33  0.091189
Optimization terminated successfully    (Exit mode 0)
            Current function value: 0.09118888888888899
            Iterations: 3
            Function evaluations: 9
            Gradient evaluations: 3
       rank  accuracy     error
0  0.969167      0.33  0.091189
Optimization terminated successfully    (Exit mode 0)
            Current function value: 0.09051111111111118
            Iterations: 4
            Function evaluations: 27
            Gradient evaluations: 4
       rank  accuracy     error
0  0.967644  0.326667  0.090511
Optimization terminated successfully    (Exit mode 0)
            Current function value: 0.09166666666666679
            Iterations: 4
            Function evaluations: 31
            Gradient evaluations: 4
       rank  accuracy     error
0  0.969133  0.333333  0.091667
Optimization terminated successfully    (Exit mode 0)
            Current function value: 0.0889222222222223
            Iterations: 4
            Function evaluations: 35
            Gradient evaluations: 4
       rank  accuracy     error
0  0.966611      0.33  0.088922
Optimization terminated successfully    (Exit mode 0)
            Current function value: 0.09912222222222233
            Iterations: 2
            Function evaluations: 25
            Gradient evaluations: 2
     rank  accuracy     error
0  0.9662  0.306667  0.099122
Optimization terminated successfully    (Exit mode 0)
            Current function value: 0.08136666666666678
            Iterations: 3
            Function evaluations: 35
            Gradient evaluations: 3
       rank  accuracy     error
0  0.971933  0.326667  0.081367
Optimization terminated successfully    (Exit mode 0)
            Current function value: 0.07732222222222235
            Iterations: 10
            Function evaluations: 105
            Gradient evaluations: 10
       rank  accuracy     error
0  0.971656  0.316667  0.077322
Optimization terminated successfully    (Exit mode 0)
            Current function value: 0.08536666666666677
            Iterations: 4
            Function evaluations: 51
            Gradient evaluations: 4
       rank  accuracy     error
0  0.968778      0.33  0.085367
Optimization terminated successfully    (Exit mode 0)
            Current function value: 0.08448888888888902
            Iterations: 4
            Function evaluations: 55
            Gradient evaluations: 4
       rank  accuracy     error
0  0.972567  0.326667  0.084489
Optimization terminated successfully    (Exit mode 0)
            Current function value: 0.08717777777777788
            Iterations: 5
            Function evaluations: 72
            Gradient evaluations: 5
       rank  accuracy     error
0  0.969278  0.326667  0.087178
corrs 1
sub corrs 10
corrs 2
sub corrs 20
corrs 3
sub corrs 30
corrs 4
sub corrs 40
corrs 5
sub corrs 50
corrs 6
sub corrs 60
corrs 7
sub corrs 70
corrs 8
sub corrs 80
corrs 9
sub corrs 90
corrs 10
sub corrs 100
Optimization terminated successfully    (Exit mode 0)
            Current function value: 0.09491111111111121
            Iterations: 1
            Function evaluations: 2
            Gradient evaluations: 1
       rank  accuracy     error
0  0.963611  0.313333  0.094911
Optimization terminated successfully    (Exit mode 0)
            Current function value: 0.0949000000000001
            Iterations: 7
            Function evaluations: 34
            Gradient evaluations: 7
       rank  accuracy   error
0  0.963444  0.313333  0.0949
Optimization terminated successfully    (Exit mode 0)
            Current function value: 0.09614444444444448
            Iterations: 5
            Function evaluations: 33
            Gradient evaluations: 5
       rank  accuracy     error
0  0.962967      0.31  0.096144
Optimization terminated successfully    (Exit mode 0)
            Current function value: 0.1078000000000001
            Iterations: 3
            Function evaluations: 26
            Gradient evaluations: 3
       rank  accuracy   error
0  0.959767       0.3  0.1078
Optimization terminated successfully    (Exit mode 0)
            Current function value: 0.09992222222222229
            Iterations: 4
            Function evaluations: 35
            Gradient evaluations: 4
       rank  accuracy     error
0  0.961667  0.306667  0.099922
Optimization terminated successfully    (Exit mode 0)
            Current function value: 0.09796666666666672
            Iterations: 4
            Function evaluations: 41
            Gradient evaluations: 4
       rank  accuracy     error
0  0.959833  0.306667  0.097967
Optimization terminated successfully    (Exit mode 0)
            Current function value: 0.07681111111111119
            Iterations: 6
            Function evaluations: 61
            Gradient evaluations: 6
       rank  accuracy     error
0  0.966711      0.33  0.076811
Optimization terminated successfully    (Exit mode 0)
            Current function value: 0.07586666666666675
            Iterations: 5
            Function evaluations: 59
            Gradient evaluations: 5
     rank  accuracy     error
0  0.9665  0.316667  0.075867
Optimization terminated successfully    (Exit mode 0)
            Current function value: 0.09261111111111119
            Iterations: 2
            Function evaluations: 31
            Gradient evaluations: 2
       rank  accuracy     error
0  0.965367  0.316667  0.092611
Optimization terminated successfully    (Exit mode 0)
            Current function value: 0.08188888888888896
            Iterations: 3
            Function evaluations: 44
            Gradient evaluations: 3
       rank  accuracy     error
0  0.966778      0.32  0.081889
Optimization terminated successfully    (Exit mode 0)
            Current function value: 0.06802222222222229
            Iterations: 8
            Function evaluations: 111
            Gradient evaluations: 8
       rank  accuracy     error
0  0.966778  0.326667  0.068022
✨ Experiment complete. Results archived at: /mnt/beegfs/hellgate/home/tp183485/timecorr_trazzp/Cluster_Data/intact_100_10_10_isfc_SparsePCA_5_mexican_hat.csv
