corrs 1
sub corrs 10
corrs 2
sub corrs 20
corrs 3
sub corrs 30
corrs 4
sub corrs 40
corrs 5
sub corrs 50
corrs 6
sub corrs 60
corrs 7
sub corrs 70
corrs 8
sub corrs 80
corrs 9
sub corrs 90
corrs 10
sub corrs 100
Optimization terminated successfully    (Exit mode 0)
            Current function value: 0.16768490484429072
            Iterations: 1
            Function evaluations: 2
            Gradient evaluations: 1
       rank  accuracy     error
0  0.916333  0.180147  0.167685
Optimization terminated successfully    (Exit mode 0)
            Current function value: 0.1506541955017301
            Iterations: 5
            Function evaluations: 27
            Gradient evaluations: 5
       rank  accuracy     error
0  0.922659  0.180147  0.150654
Optimization terminated successfully    (Exit mode 0)
            Current function value: 0.14820772058823525
            Iterations: 4
            Function evaluations: 27
            Gradient evaluations: 4
     rank  accuracy     error
0  0.9227  0.183824  0.148208
Optimization terminated successfully    (Exit mode 0)
            Current function value: 0.1476400302768166
            Iterations: 4
            Function evaluations: 31
            Gradient evaluations: 4
       rank  accuracy    error
0  0.923091  0.169118  0.14764
Optimization terminated successfully    (Exit mode 0)
            Current function value: 0.07698961937716269
            Iterations: 3
            Function evaluations: 29
            Gradient evaluations: 3
       rank  accuracy    error
0  0.932918  0.132353  0.07699
Optimization terminated successfully    (Exit mode 0)
            Current function value: 0.07662467560553635
            Iterations: 10
            Function evaluations: 88
            Gradient evaluations: 10
       rank  accuracy     error
0  0.940676  0.132353  0.076625
Optimization terminated successfully    (Exit mode 0)
            Current function value: 0.07171820934256058
            Iterations: 5
            Function evaluations: 51
            Gradient evaluations: 5
       rank  accuracy     error
0  0.942582  0.147059  0.071718
Optimization terminated successfully    (Exit mode 0)
            Current function value: 0.07139381487889275
            Iterations: 7
            Function evaluations: 80
            Gradient evaluations: 7
      rank  accuracy     error
0  0.94165  0.136029  0.071394
Optimization terminated successfully    (Exit mode 0)
            Current function value: 0.07039359861591699
            Iterations: 5
            Function evaluations: 62
            Gradient evaluations: 5
       rank  accuracy     error
0  0.938527  0.147059  0.070394
Optimization terminated successfully    (Exit mode 0)
            Current function value: 0.0704882136678201
            Iterations: 6
            Function evaluations: 81
            Gradient evaluations: 6
       rank  accuracy     error
0  0.940325  0.147059  0.070488
Optimization terminated successfully    (Exit mode 0)
            Current function value: 0.0759758866782007
            Iterations: 6
            Function evaluations: 86
            Gradient evaluations: 6
       rank  accuracy     error
0  0.944015  0.150735  0.075976
corrs 1
sub corrs 10
corrs 2
sub corrs 20
corrs 3
sub corrs 30
corrs 4
sub corrs 40
corrs 5
sub corrs 50
corrs 6
sub corrs 60
corrs 7
sub corrs 70
corrs 8
sub corrs 80
corrs 9
sub corrs 90
corrs 10
sub corrs 100
Optimization terminated successfully    (Exit mode 0)
            Current function value: 0.1655763408304497
            Iterations: 1
            Function evaluations: 2
            Gradient evaluations: 1
      rank  accuracy     error
0  0.91855  0.176471  0.165576
Optimization terminated successfully    (Exit mode 0)
            Current function value: 0.1992187499999998
            Iterations: 2
            Function evaluations: 17
            Gradient evaluations: 2
       rank  accuracy     error
0  0.896559  0.095588  0.199219
Optimization terminated successfully    (Exit mode 0)
            Current function value: 0.1519923226643597
            Iterations: 9
            Function evaluations: 48
            Gradient evaluations: 9
       rank  accuracy     error
0  0.920699  0.180147  0.151992
Optimization terminated successfully    (Exit mode 0)
            Current function value: 0.15485780709342548
            Iterations: 2
            Function evaluations: 22
            Gradient evaluations: 2
       rank  accuracy     error
0  0.843993  0.040441  0.154858
Optimization terminated successfully    (Exit mode 0)
            Current function value: 0.08923551038062295
            Iterations: 5
            Function evaluations: 44
            Gradient evaluations: 5
       rank  accuracy     error
0  0.914955  0.132353  0.089236
Optimization terminated successfully    (Exit mode 0)
            Current function value: 0.08550497404844301
            Iterations: 6
            Function evaluations: 56
            Gradient evaluations: 6
       rank  accuracy     error
0  0.934256  0.154412  0.085505
Optimization terminated successfully    (Exit mode 0)
            Current function value: 0.06846074826989626
            Iterations: 5
            Function evaluations: 53
            Gradient evaluations: 5
       rank  accuracy     error
0  0.933648  0.128676  0.068461
Optimization terminated successfully    (Exit mode 0)
            Current function value: 0.07236699826989625
            Iterations: 4
            Function evaluations: 48
            Gradient evaluations: 4
       rank  accuracy     error
0  0.939446  0.139706  0.072367
Optimization terminated successfully    (Exit mode 0)
            Current function value: 0.06702800605536337
            Iterations: 6
            Function evaluations: 76
            Gradient evaluations: 6
     rank  accuracy     error
0  0.9365  0.139706  0.067028
Optimization terminated successfully    (Exit mode 0)
            Current function value: 0.07432688148788928
            Iterations: 3
            Function evaluations: 44
            Gradient evaluations: 3
       rank  accuracy     error
0  0.903114  0.099265  0.074327
Optimization terminated successfully    (Exit mode 0)
            Current function value: 0.06339208477508657
            Iterations: 9
            Function evaluations: 128
            Gradient evaluations: 9
       rank  accuracy     error
0  0.932877     0.125  0.063392
✨ Experiment complete. Results archived at: /mnt/beegfs/hellgate/home/tp183485/timecorr_trazzp/Cluster_Data/paragraph_100_10_10_isfc_PCA_15_mexican_hat.csv
