corrs 1
sub corrs 10
corrs 2
sub corrs 20
corrs 3
sub corrs 30
corrs 4
sub corrs 40
corrs 5
sub corrs 50
corrs 6
sub corrs 60
corrs 7
sub corrs 70
corrs 8
sub corrs 80
corrs 9
sub corrs 90
corrs 10
sub corrs 100
Optimization terminated successfully    (Exit mode 0)
            Current function value: 0.17695717993079582
            Iterations: 1
            Function evaluations: 2
            Gradient evaluations: 1
       rank  accuracy     error
0  0.929877  0.161765  0.176957
Optimization terminated successfully    (Exit mode 0)
            Current function value: 0.10968587802768179
            Iterations: 1
            Function evaluations: 14
            Gradient evaluations: 1
       rank  accuracy     error
0  0.945421  0.161765  0.109686
Optimization terminated successfully    (Exit mode 0)
            Current function value: 0.11963397491349496
            Iterations: 2
            Function evaluations: 19
            Gradient evaluations: 2
       rank  accuracy     error
0  0.929147  0.136029  0.119634
Optimization terminated successfully    (Exit mode 0)
            Current function value: 0.06536548442906587
            Iterations: 10
            Function evaluations: 67
            Gradient evaluations: 10
       rank  accuracy     error
0  0.950341  0.202206  0.065365
Optimization terminated successfully    (Exit mode 0)
            Current function value: 0.06729833477508666
            Iterations: 6
            Function evaluations: 52
            Gradient evaluations: 6
       rank  accuracy     error
0  0.955058    0.1875  0.067298
Optimization terminated successfully    (Exit mode 0)
            Current function value: 0.06960964532871985
            Iterations: 5
            Function evaluations: 50
            Gradient evaluations: 5
      rank  accuracy    error
0  0.95445    0.1875  0.06961
Optimization terminated successfully    (Exit mode 0)
            Current function value: 0.06921766868512125
            Iterations: 5
            Function evaluations: 54
            Gradient evaluations: 5
       rank  accuracy     error
0  0.951544  0.183824  0.069218
Optimization terminated successfully    (Exit mode 0)
            Current function value: 0.07451611159169567
            Iterations: 3
            Function evaluations: 39
            Gradient evaluations: 3
       rank  accuracy     error
0  0.911765  0.106618  0.074516
Optimization terminated successfully    (Exit mode 0)
            Current function value: 0.06497350778546726
            Iterations: 4
            Function evaluations: 52
            Gradient evaluations: 4
       rank  accuracy     error
0  0.937257  0.121324  0.064974
Optimization terminated successfully    (Exit mode 0)
            Current function value: 0.05187608131487903
            Iterations: 9
            Function evaluations: 117
            Gradient evaluations: 9
       rank  accuracy     error
0  0.946907  0.161765  0.051876
Optimization terminated successfully    (Exit mode 0)
            Current function value: 0.050483888408304596
            Iterations: 5
            Function evaluations: 71
            Gradient evaluations: 5
       rank  accuracy     error
0  0.945002  0.158088  0.050484
corrs 1
sub corrs 10
corrs 2
sub corrs 20
corrs 3
sub corrs 30
corrs 4
sub corrs 40
corrs 5
sub corrs 50
corrs 6
sub corrs 60
corrs 7
sub corrs 70
corrs 8
sub corrs 80
corrs 9
sub corrs 90
corrs 10
sub corrs 100
Optimization terminated successfully    (Exit mode 0)
            Current function value: 0.13657006920415216
            Iterations: 1
            Function evaluations: 2
            Gradient evaluations: 1
       rank  accuracy    error
0  0.931026    0.1875  0.13657
Optimization terminated successfully    (Exit mode 0)
            Current function value: 0.08968155276816624
            Iterations: 3
            Function evaluations: 20
            Gradient evaluations: 3
       rank  accuracy     error
0  0.944853  0.172794  0.089682
Optimization terminated successfully    (Exit mode 0)
            Current function value: 0.09389868079584791
            Iterations: 3
            Function evaluations: 23
            Gradient evaluations: 3
       rank  accuracy     error
0  0.945231  0.165441  0.093899
Optimization terminated successfully    (Exit mode 0)
            Current function value: 0.05964803200692055
            Iterations: 3
            Function evaluations: 29
            Gradient evaluations: 3
       rank  accuracy     error
0  0.955639  0.202206  0.059648
Optimization terminated successfully    (Exit mode 0)
            Current function value: 0.05670144896193781
            Iterations: 3
            Function evaluations: 29
            Gradient evaluations: 3
       rank  accuracy     error
0  0.954977  0.216912  0.056701
Optimization terminated successfully    (Exit mode 0)
            Current function value: 0.06139165224913506
            Iterations: 4
            Function evaluations: 41
            Gradient evaluations: 4
       rank  accuracy     error
0  0.951841  0.213235  0.061392
Optimization terminated successfully    (Exit mode 0)
            Current function value: 0.05201124567474057
            Iterations: 5
            Function evaluations: 54
            Gradient evaluations: 5
       rank  accuracy     error
0  0.957288  0.213235  0.052011
Optimization terminated successfully    (Exit mode 0)
            Current function value: 0.05616079152249145
            Iterations: 3
            Function evaluations: 38
            Gradient evaluations: 3
      rank  accuracy     error
0  0.95845  0.194853  0.056161
Optimization terminated successfully    (Exit mode 0)
            Current function value: 0.058039576124567574
            Iterations: 8
            Function evaluations: 95
            Gradient evaluations: 8
       rank  accuracy    error
0  0.954152    0.1875  0.05804
Optimization terminated successfully    (Exit mode 0)
            Current function value: 0.05092993079584783
            Iterations: 5
            Function evaluations: 69
            Gradient evaluations: 5
       rank  accuracy    error
0  0.959329  0.220588  0.05093
Optimization terminated successfully    (Exit mode 0)
            Current function value: 0.052997945501730176
            Iterations: 7
            Function evaluations: 99
            Gradient evaluations: 7
       rank  accuracy     error
0  0.958423  0.238971  0.052998
✨ Experiment complete. Results archived at: /mnt/beegfs/hellgate/home/tp183485/timecorr_trazzp/Cluster_Data/paragraph_100_10_10_isfc_SpectralEmbedding_45_mexican_hat.csv
