corrs 1
sub corrs 10
corrs 2
sub corrs 20
corrs 3
sub corrs 30
corrs 4
sub corrs 40
corrs 5
sub corrs 50
corrs 6
sub corrs 60
corrs 7
sub corrs 70
corrs 8
sub corrs 80
corrs 9
sub corrs 90
corrs 10
sub corrs 100
Optimization terminated successfully    (Exit mode 0)
            Current function value: 0.08877777777777791
            Iterations: 1
            Function evaluations: 2
            Gradient evaluations: 1
       rank  accuracy     error
0  0.960289      0.26  0.088778
Optimization terminated successfully    (Exit mode 0)
            Current function value: 0.4887222222222219
            Iterations: 4
            Function evaluations: 12
            Gradient evaluations: 4
       rank  accuracy     error
0  0.256667       0.0  0.488722
Optimization terminated successfully    (Exit mode 0)
            Current function value: 0.02779999999999998
            Iterations: 11
            Function evaluations: 60
            Gradient evaluations: 11
       rank  accuracy   error
0  0.980122  0.286667  0.0278
Optimization terminated successfully    (Exit mode 0)
            Current function value: 0.03239999999999999
            Iterations: 8
            Function evaluations: 57
            Gradient evaluations: 8
       rank  accuracy   error
0  0.977478      0.28  0.0324
Optimization terminated successfully    (Exit mode 0)
            Current function value: 0.024366666666666637
            Iterations: 7
            Function evaluations: 59
            Gradient evaluations: 7
       rank  accuracy     error
0  0.973456      0.29  0.024367
Optimization terminated successfully    (Exit mode 0)
            Current function value: 0.02166666666666663
            Iterations: 6
            Function evaluations: 56
            Gradient evaluations: 6
       rank  accuracy     error
0  0.947244  0.253333  0.021667
Optimization terminated successfully    (Exit mode 0)
            Current function value: 0.01811111111111109
            Iterations: 11
            Function evaluations: 102
            Gradient evaluations: 11
       rank  accuracy     error
0  0.974211      0.25  0.018111
Optimization terminated successfully    (Exit mode 0)
            Current function value: 0.02041111111111109
            Iterations: 6
            Function evaluations: 65
            Gradient evaluations: 6
       rank  accuracy     error
0  0.944033  0.186667  0.020411
Optimization terminated successfully    (Exit mode 0)
            Current function value: 0.017899999999999992
            Iterations: 6
            Function evaluations: 76
            Gradient evaluations: 6
     rank  accuracy   error
0  0.9768  0.233333  0.0179
Optimization terminated successfully    (Exit mode 0)
            Current function value: 0.01915555555555554
            Iterations: 7
            Function evaluations: 89
            Gradient evaluations: 7
       rank  accuracy     error
0  0.967989  0.243333  0.019156
Optimization terminated successfully    (Exit mode 0)
            Current function value: 0.018122222222222206
            Iterations: 9
            Function evaluations: 120
            Gradient evaluations: 9
       rank  accuracy     error
0  0.979267  0.276667  0.018122
corrs 1
sub corrs 10
corrs 2
sub corrs 20
corrs 3
sub corrs 30
corrs 4
sub corrs 40
corrs 5
sub corrs 50
corrs 6
sub corrs 60
corrs 7
sub corrs 70
corrs 8
sub corrs 80
corrs 9
sub corrs 90
corrs 10
sub corrs 100
Optimization terminated successfully    (Exit mode 0)
            Current function value: 0.08453333333333343
            Iterations: 1
            Function evaluations: 2
            Gradient evaluations: 1
       rank  accuracy     error
0  0.959256  0.253333  0.084533
Optimization terminated successfully    (Exit mode 0)
            Current function value: 0.5380333333333335
            Iterations: 5
            Function evaluations: 15
            Gradient evaluations: 5
       rank  accuracy     error
0  0.257378       0.0  0.538033
Optimization terminated successfully    (Exit mode 0)
            Current function value: 0.02772222222222221
            Iterations: 9
            Function evaluations: 52
            Gradient evaluations: 9
       rank  accuracy     error
0  0.979089  0.283333  0.027722
Optimization terminated successfully    (Exit mode 0)
            Current function value: 0.04145555555555556
            Iterations: 7
            Function evaluations: 49
            Gradient evaluations: 7
       rank  accuracy     error
0  0.918867       0.2  0.041456
Optimization terminated successfully    (Exit mode 0)
            Current function value: 0.024199999999999968
            Iterations: 8
            Function evaluations: 60
            Gradient evaluations: 8
     rank  accuracy   error
0  0.9636  0.236667  0.0242
Optimization terminated successfully    (Exit mode 0)
            Current function value: 0.017833333333333302
            Iterations: 16
            Function evaluations: 133
            Gradient evaluations: 16
       rank  accuracy     error
0  0.932156  0.226667  0.017833
Optimization terminated successfully    (Exit mode 0)
            Current function value: 0.01825555555555552
            Iterations: 9
            Function evaluations: 84
            Gradient evaluations: 9
       rank  accuracy     error
0  0.955322  0.256667  0.018256
Optimization terminated successfully    (Exit mode 0)
            Current function value: 0.01635555555555554
            Iterations: 12
            Function evaluations: 121
            Gradient evaluations: 12
       rank  accuracy     error
0  0.959767  0.236667  0.016356
Optimization terminated successfully    (Exit mode 0)
            Current function value: 0.016355555555555543
            Iterations: 7
            Function evaluations: 88
            Gradient evaluations: 7
       rank  accuracy     error
0  0.962444  0.246667  0.016356
Optimization terminated successfully    (Exit mode 0)
            Current function value: 0.0202333333333333
            Iterations: 7
            Function evaluations: 89
            Gradient evaluations: 7
       rank  accuracy     error
0  0.973022      0.25  0.020233
Optimization terminated successfully    (Exit mode 0)
            Current function value: 0.016622222222222212
            Iterations: 11
            Function evaluations: 145
            Gradient evaluations: 11
       rank  accuracy     error
0  0.965167      0.26  0.016622
✨ Experiment complete. Results archived at: /mnt/beegfs/hellgate/home/tp183485/timecorr_trazzp/Cluster_Data/intact_100_10_10_isfc_Isomap_30_mexican_hat.csv
