corrs 1
sub corrs 10
corrs 2
sub corrs 20
corrs 3
sub corrs 30
corrs 4
sub corrs 40
corrs 5
sub corrs 50
corrs 6
sub corrs 60
corrs 7
sub corrs 70
corrs 8
sub corrs 80
corrs 9
sub corrs 90
corrs 10
sub corrs 100
Optimization terminated successfully    (Exit mode 0)
            Current function value: 0.16899599913494803
            Iterations: 1
            Function evaluations: 2
            Gradient evaluations: 1
       rank  accuracy     error
0  0.923835  0.180147  0.168996
Optimization terminated successfully    (Exit mode 0)
            Current function value: 0.04405006487889278
            Iterations: 4
            Function evaluations: 23
            Gradient evaluations: 4
       rank  accuracy    error
0  0.965128  0.216912  0.04405
Optimization terminated successfully    (Exit mode 0)
            Current function value: 0.021545198961937774
            Iterations: 7
            Function evaluations: 40
            Gradient evaluations: 7
       rank  accuracy     error
0  0.975468  0.246324  0.021545
Optimization terminated successfully    (Exit mode 0)
            Current function value: 0.018084991349480998
            Iterations: 7
            Function evaluations: 46
            Gradient evaluations: 7
       rank  accuracy     error
0  0.979414      0.25  0.018085
Optimization terminated successfully    (Exit mode 0)
            Current function value: 0.01990971020761249
            Iterations: 5
            Function evaluations: 41
            Gradient evaluations: 5
       rank  accuracy    error
0  0.978779  0.253676  0.01991
Optimization terminated successfully    (Exit mode 0)
            Current function value: 0.02066663062283741
            Iterations: 3
            Function evaluations: 32
            Gradient evaluations: 3
       rank  accuracy     error
0  0.978198  0.227941  0.020667
Optimization terminated successfully    (Exit mode 0)
            Current function value: 0.016584666955017334
            Iterations: 5
            Function evaluations: 53
            Gradient evaluations: 5
       rank  accuracy     error
0  0.980536      0.25  0.016585
Optimization terminated successfully    (Exit mode 0)
            Current function value: 0.013516435986159194
            Iterations: 7
            Function evaluations: 76
            Gradient evaluations: 7
       rank  accuracy     error
0  0.984537      0.25  0.013516
Optimization terminated successfully    (Exit mode 0)
            Current function value: 0.014773464532871998
            Iterations: 7
            Function evaluations: 84
            Gradient evaluations: 7
       rank  accuracy     error
0  0.984605  0.227941  0.014773
Optimization terminated successfully    (Exit mode 0)
            Current function value: 0.014084126297577878
            Iterations: 4
            Function evaluations: 55
            Gradient evaluations: 4
       rank  accuracy     error
0  0.984105  0.227941  0.014084
Optimization terminated successfully    (Exit mode 0)
            Current function value: 0.010299524221453298
            Iterations: 5
            Function evaluations: 74
            Gradient evaluations: 5
       rank  accuracy   error
0  0.982915  0.224265  0.0103
corrs 1
sub corrs 10
corrs 2
sub corrs 20
corrs 3
sub corrs 30
corrs 4
sub corrs 40
corrs 5
sub corrs 50
corrs 6
sub corrs 60
corrs 7
sub corrs 70
corrs 8
sub corrs 80
corrs 9
sub corrs 90
corrs 10
sub corrs 100
Optimization terminated successfully    (Exit mode 0)
            Current function value: 0.16206206747404836
            Iterations: 1
            Function evaluations: 2
            Gradient evaluations: 1
       rank  accuracy     error
0  0.923821  0.169118  0.162062
Optimization terminated successfully    (Exit mode 0)
            Current function value: 0.046929065743944676
            Iterations: 4
            Function evaluations: 24
            Gradient evaluations: 4
       rank  accuracy     error
0  0.966898  0.231618  0.046929
Optimization terminated successfully    (Exit mode 0)
            Current function value: 0.021477616782006947
            Iterations: 1
            Function evaluations: 15
            Gradient evaluations: 1
       rank  accuracy     error
0  0.978982  0.242647  0.021478
Optimization terminated successfully    (Exit mode 0)
            Current function value: 0.013394788062283766
            Iterations: 3
            Function evaluations: 26
            Gradient evaluations: 3
       rank  accuracy     error
0  0.983929  0.257353  0.013395
Optimization terminated successfully    (Exit mode 0)
            Current function value: 0.012840614186851241
            Iterations: 7
            Function evaluations: 57
            Gradient evaluations: 7
       rank  accuracy     error
0  0.983605  0.261029  0.012841
Optimization terminated successfully    (Exit mode 0)
            Current function value: 0.01252973615916958
            Iterations: 12
            Function evaluations: 103
            Gradient evaluations: 12
       rank  accuracy    error
0  0.983821  0.264706  0.01253
Optimization terminated successfully    (Exit mode 0)
            Current function value: 0.013773248269896224
            Iterations: 4
            Function evaluations: 43
            Gradient evaluations: 4
       rank  accuracy     error
0  0.982645  0.261029  0.013773
Optimization terminated successfully    (Exit mode 0)
            Current function value: 0.010231942041522522
            Iterations: 3
            Function evaluations: 38
            Gradient evaluations: 3
       rank  accuracy     error
0  0.986659  0.257353  0.010232
Optimization terminated successfully    (Exit mode 0)
            Current function value: 0.007690852076124562
            Iterations: 8
            Function evaluations: 93
            Gradient evaluations: 8
       rank  accuracy     error
0  0.988227  0.272059  0.007691
Optimization terminated successfully    (Exit mode 0)
            Current function value: 0.005474156574394452
            Iterations: 11
            Function evaluations: 138
            Gradient evaluations: 11
       rank  accuracy     error
0  0.991647  0.286765  0.005474
Optimization terminated successfully    (Exit mode 0)
            Current function value: 0.005758001730103796
            Iterations: 9
            Function evaluations: 123
            Gradient evaluations: 9
       rank  accuracy     error
0  0.991187  0.272059  0.005758
✨ Experiment complete. Results archived at: /mnt/beegfs/hellgate/home/tp183485/timecorr_trazzp/Cluster_Data/paragraph_100_10_10_isfc_UMAP_15_laplace.csv
