corrs 1
sub corrs 10
corrs 2
sub corrs 20
corrs 3
sub corrs 30
corrs 4
sub corrs 40
corrs 5
sub corrs 50
corrs 6
sub corrs 60
corrs 7
sub corrs 70
corrs 8
sub corrs 80
corrs 9
sub corrs 90
corrs 10
sub corrs 100
Optimization terminated successfully    (Exit mode 0)
            Current function value: 0.07954444444444464
            Iterations: 1
            Function evaluations: 2
            Gradient evaluations: 1
       rank  accuracy     error
0  0.965278      0.29  0.079544
Optimization terminated successfully    (Exit mode 0)
            Current function value: 0.07954444444444464
            Iterations: 3
            Function evaluations: 9
            Gradient evaluations: 3
       rank  accuracy     error
0  0.965278      0.29  0.079544
Optimization terminated successfully    (Exit mode 0)
            Current function value: 0.07764444444444465
            Iterations: 7
            Function evaluations: 42
            Gradient evaluations: 7
       rank  accuracy     error
0  0.964967  0.296667  0.077644
Optimization terminated successfully    (Exit mode 0)
            Current function value: 0.08522222222222244
            Iterations: 4
            Function evaluations: 31
            Gradient evaluations: 4
       rank  accuracy     error
0  0.962356  0.296667  0.085222
Optimization terminated successfully    (Exit mode 0)
            Current function value: 0.0810888888888891
            Iterations: 3
            Function evaluations: 31
            Gradient evaluations: 3
       rank  accuracy     error
0  0.963178      0.29  0.081089
Optimization terminated successfully    (Exit mode 0)
            Current function value: 0.076077777777778
            Iterations: 3
            Function evaluations: 32
            Gradient evaluations: 3
       rank  accuracy     error
0  0.965522  0.296667  0.076078
Optimization terminated successfully    (Exit mode 0)
            Current function value: 0.0774222222222224
            Iterations: 9
            Function evaluations: 86
            Gradient evaluations: 9
     rank  accuracy     error
0  0.9645  0.286667  0.077422
Optimization terminated successfully    (Exit mode 0)
            Current function value: 0.07414444444444464
            Iterations: 6
            Function evaluations: 66
            Gradient evaluations: 6
       rank  accuracy     error
0  0.965633  0.296667  0.074144
Optimization terminated successfully    (Exit mode 0)
            Current function value: 0.07736666666666688
            Iterations: 4
            Function evaluations: 51
            Gradient evaluations: 4
       rank  accuracy     error
0  0.965578      0.29  0.077367
Optimization terminated successfully    (Exit mode 0)
            Current function value: 0.06853333333333352
            Iterations: 4
            Function evaluations: 55
            Gradient evaluations: 4
       rank  accuracy     error
0  0.964456  0.313333  0.068533
Optimization terminated successfully    (Exit mode 0)
            Current function value: 0.07154444444444465
            Iterations: 6
            Function evaluations: 84
            Gradient evaluations: 6
       rank  accuracy     error
0  0.964611  0.313333  0.071544
corrs 1
sub corrs 10
corrs 2
sub corrs 20
corrs 3
sub corrs 30
corrs 4
sub corrs 40
corrs 5
sub corrs 50
corrs 6
sub corrs 60
corrs 7
sub corrs 70
corrs 8
sub corrs 80
corrs 9
sub corrs 90
corrs 10
sub corrs 100
Optimization terminated successfully    (Exit mode 0)
            Current function value: 0.0925000000000001
            Iterations: 1
            Function evaluations: 2
            Gradient evaluations: 1
       rank  accuracy   error
0  0.967367  0.276667  0.0925
Optimization terminated successfully    (Exit mode 0)
            Current function value: 0.0925000000000001
            Iterations: 5
            Function evaluations: 15
            Gradient evaluations: 5
       rank  accuracy   error
0  0.967367  0.276667  0.0925
Optimization terminated successfully    (Exit mode 0)
            Current function value: 0.09032222222222233
            Iterations: 5
            Function evaluations: 31
            Gradient evaluations: 5
       rank  accuracy     error
0  0.967189  0.273333  0.090322
Optimization terminated successfully    (Exit mode 0)
            Current function value: 0.09522222222222233
            Iterations: 5
            Function evaluations: 36
            Gradient evaluations: 5
       rank  accuracy     error
0  0.965622  0.276667  0.095222
Optimization terminated successfully    (Exit mode 0)
            Current function value: 0.09032222222222233
            Iterations: 5
            Function evaluations: 41
            Gradient evaluations: 5
     rank  accuracy     error
0  0.9672  0.273333  0.090322
Optimization terminated successfully    (Exit mode 0)
            Current function value: 0.08712222222222231
            Iterations: 6
            Function evaluations: 54
            Gradient evaluations: 6
       rank  accuracy     error
0  0.967067      0.28  0.087122
Optimization terminated successfully    (Exit mode 0)
            Current function value: 0.0879000000000001
            Iterations: 4
            Function evaluations: 43
            Gradient evaluations: 4
       rank  accuracy   error
0  0.967222  0.273333  0.0879
Optimization terminated successfully    (Exit mode 0)
            Current function value: 0.09294444444444455
            Iterations: 4
            Function evaluations: 47
            Gradient evaluations: 4
     rank  accuracy     error
0  0.9671      0.28  0.092944
Optimization terminated successfully    (Exit mode 0)
            Current function value: 0.08971111111111123
            Iterations: 5
            Function evaluations: 61
            Gradient evaluations: 5
       rank  accuracy     error
0  0.967856  0.283333  0.089711
Optimization terminated successfully    (Exit mode 0)
            Current function value: 0.08728888888888897
            Iterations: 4
            Function evaluations: 55
            Gradient evaluations: 4
       rank  accuracy     error
0  0.966278  0.283333  0.087289
Optimization terminated successfully    (Exit mode 0)
            Current function value: 0.08346666666666676
            Iterations: 6
            Function evaluations: 86
            Gradient evaluations: 6
       rank  accuracy     error
0  0.967267  0.276667  0.083467
✨ Experiment complete. Results archived at: /mnt/beegfs/hellgate/home/tp183485/timecorr_trazzp/Cluster_Data/intact_100_10_10_isfc_PCA_10_gaussian.csv
