corrs 1
sub corrs 10
corrs 2
sub corrs 20
corrs 3
sub corrs 30
corrs 4
sub corrs 40
corrs 5
sub corrs 50
corrs 6
sub corrs 60
corrs 7
sub corrs 70
corrs 8
sub corrs 80
corrs 9
sub corrs 90
corrs 10
sub corrs 100
Optimization terminated successfully    (Exit mode 0)
            Current function value: 0.19513678633217973
            Iterations: 1
            Function evaluations: 2
            Gradient evaluations: 1
       rank  accuracy     error
0  0.911346     0.125  0.195137
Optimization terminated successfully    (Exit mode 0)
            Current function value: 0.19513678633217973
            Iterations: 3
            Function evaluations: 9
            Gradient evaluations: 3
       rank  accuracy     error
0  0.911346     0.125  0.195137
Optimization terminated successfully    (Exit mode 0)
            Current function value: 0.19613700259515549
            Iterations: 6
            Function evaluations: 35
            Gradient evaluations: 6
       rank  accuracy     error
0  0.922889     0.125  0.196137
Optimization terminated successfully    (Exit mode 0)
            Current function value: 0.202043685121107
            Iterations: 5
            Function evaluations: 36
            Gradient evaluations: 5
     rank  accuracy     error
0  0.9267  0.147059  0.202044
Optimization terminated successfully    (Exit mode 0)
            Current function value: 0.16219723183390972
            Iterations: 4
            Function evaluations: 36
            Gradient evaluations: 4
       rank  accuracy     error
0  0.923673  0.150735  0.162197
Optimization terminated successfully    (Exit mode 0)
            Current function value: 0.14718047145328694
            Iterations: 6
            Function evaluations: 56
            Gradient evaluations: 6
       rank  accuracy    error
0  0.893653  0.139706  0.14718
Optimization terminated successfully    (Exit mode 0)
            Current function value: 0.14549091695501698
            Iterations: 4
            Function evaluations: 44
            Gradient evaluations: 4
       rank  accuracy     error
0  0.927903  0.161765  0.145491
Optimization terminated successfully    (Exit mode 0)
            Current function value: 0.10973994377162628
            Iterations: 5
            Function evaluations: 58
            Gradient evaluations: 5
       rank  accuracy    error
0  0.738862  0.055147  0.10974
Optimization terminated successfully    (Exit mode 0)
            Current function value: 0.11059147923875443
            Iterations: 6
            Function evaluations: 72
            Gradient evaluations: 6
       rank  accuracy     error
0  0.708572  0.055147  0.110591
Optimization terminated successfully    (Exit mode 0)
            Current function value: 0.11390300605536337
            Iterations: 5
            Function evaluations: 68
            Gradient evaluations: 5
       rank  accuracy     error
0  0.841425  0.088235  0.113903
Optimization terminated successfully    (Exit mode 0)
            Current function value: 0.11568717560553646
            Iterations: 7
            Function evaluations: 98
            Gradient evaluations: 7
       rank  accuracy     error
0  0.927511  0.165441  0.115687
corrs 1
sub corrs 10
corrs 2
sub corrs 20
corrs 3
sub corrs 30
corrs 4
sub corrs 40
corrs 5
sub corrs 50
corrs 6
sub corrs 60
corrs 7
sub corrs 70
corrs 8
sub corrs 80
corrs 9
sub corrs 90
corrs 10
sub corrs 100
Optimization terminated successfully    (Exit mode 0)
            Current function value: 0.17259137110726613
            Iterations: 1
            Function evaluations: 2
            Gradient evaluations: 1
       rank  accuracy     error
0  0.911494  0.158088  0.172591
Optimization terminated successfully    (Exit mode 0)
            Current function value: 0.17259137110726613
            Iterations: 4
            Function evaluations: 12
            Gradient evaluations: 4
       rank  accuracy     error
0  0.911494  0.158088  0.172591
Optimization terminated successfully    (Exit mode 0)
            Current function value: 0.1628325043252592
            Iterations: 5
            Function evaluations: 32
            Gradient evaluations: 5
       rank  accuracy     error
0  0.927282  0.176471  0.162833
Optimization terminated successfully    (Exit mode 0)
            Current function value: 0.1623864619377159
            Iterations: 5
            Function evaluations: 39
            Gradient evaluations: 5
       rank  accuracy     error
0  0.927471  0.191176  0.162386
Optimization terminated successfully    (Exit mode 0)
            Current function value: 0.16522491349480933
            Iterations: 4
            Function evaluations: 36
            Gradient evaluations: 4
       rank  accuracy     error
0  0.921172  0.176471  0.165225
Optimization terminated successfully    (Exit mode 0)
            Current function value: 0.13513732698961894
            Iterations: 6
            Function evaluations: 58
            Gradient evaluations: 6
       rank  accuracy     error
0  0.923362  0.198529  0.135137
Optimization terminated successfully    (Exit mode 0)
            Current function value: 0.14372026384083011
            Iterations: 6
            Function evaluations: 65
            Gradient evaluations: 6
       rank  accuracy    error
0  0.906588  0.147059  0.14372
Optimization terminated successfully    (Exit mode 0)
            Current function value: 0.15297902249134904
            Iterations: 3
            Function evaluations: 38
            Gradient evaluations: 3
       rank  accuracy     error
0  0.879312     0.125  0.152979
Optimization terminated successfully    (Exit mode 0)
            Current function value: 0.11238916522491357
            Iterations: 8
            Function evaluations: 97
            Gradient evaluations: 8
      rank  accuracy     error
0  0.76207    0.0625  0.112389
Optimization terminated successfully    (Exit mode 0)
            Current function value: 0.1206206747404841
            Iterations: 5
            Function evaluations: 69
            Gradient evaluations: 5
       rank  accuracy     error
0  0.856631  0.095588  0.120621
Optimization terminated successfully    (Exit mode 0)
            Current function value: 0.10852346453287212
            Iterations: 3
            Function evaluations: 48
            Gradient evaluations: 3
       rank  accuracy     error
0  0.805201  0.047794  0.108523
✨ Experiment complete. Results archived at: /mnt/beegfs/hellgate/home/tp183485/timecorr_trazzp/Cluster_Data/paragraph_100_10_10_isfc_FactorAnalysis_25_mexican_hat.csv
