corrs 1
sub corrs 10
corrs 2
sub corrs 20
corrs 3
sub corrs 30
corrs 4
sub corrs 40
corrs 5
sub corrs 50
corrs 6
sub corrs 60
corrs 7
sub corrs 70
corrs 8
sub corrs 80
corrs 9
sub corrs 90
corrs 10
sub corrs 100
Optimization terminated successfully    (Exit mode 0)
            Current function value: 0.08273333333333348
            Iterations: 1
            Function evaluations: 2
            Gradient evaluations: 1
       rank  accuracy     error
0  0.975678  0.333333  0.082733
Optimization terminated successfully    (Exit mode 0)
            Current function value: 0.08667777777777795
            Iterations: 5
            Function evaluations: 28
            Gradient evaluations: 5
       rank  accuracy     error
0  0.973289  0.303333  0.086678
Optimization terminated successfully    (Exit mode 0)
            Current function value: 0.07798888888888901
            Iterations: 7
            Function evaluations: 40
            Gradient evaluations: 7
       rank  accuracy     error
0  0.974556  0.326667  0.077989
Optimization terminated successfully    (Exit mode 0)
            Current function value: 0.043277777777777846
            Iterations: 4
            Function evaluations: 31
            Gradient evaluations: 4
       rank  accuracy     error
0  0.986033  0.366667  0.043278
Optimization terminated successfully    (Exit mode 0)
            Current function value: 0.026744444444444387
            Iterations: 4
            Function evaluations: 36
            Gradient evaluations: 4
       rank  accuracy     error
0  0.987478  0.373333  0.026744
Optimization terminated successfully    (Exit mode 0)
            Current function value: 0.01520000000000001
            Iterations: 2
            Function evaluations: 25
            Gradient evaluations: 2
       rank  accuracy   error
0  0.990111      0.39  0.0152
Optimization terminated successfully    (Exit mode 0)
            Current function value: 0.012111111111111132
            Iterations: 3
            Function evaluations: 35
            Gradient evaluations: 3
       rank  accuracy     error
0  0.990167  0.383333  0.012111
Optimization terminated successfully    (Exit mode 0)
            Current function value: 0.011622222222222244
            Iterations: 3
            Function evaluations: 38
            Gradient evaluations: 3
       rank  accuracy     error
0  0.990222      0.39  0.011622
Optimization terminated successfully    (Exit mode 0)
            Current function value: 0.012711111111111131
            Iterations: 5
            Function evaluations: 65
            Gradient evaluations: 5
     rank  accuracy     error
0  0.9899  0.393333  0.012711
Optimization terminated successfully    (Exit mode 0)
            Current function value: 0.011500000000000022
            Iterations: 5
            Function evaluations: 67
            Gradient evaluations: 5
       rank  accuracy   error
0  0.990811  0.396667  0.0115
Optimization terminated successfully    (Exit mode 0)
            Current function value: 0.012788888888888905
            Iterations: 6
            Function evaluations: 85
            Gradient evaluations: 6
       rank  accuracy     error
0  0.990567      0.37  0.012789
corrs 1
sub corrs 10
corrs 2
sub corrs 20
corrs 3
sub corrs 30
corrs 4
sub corrs 40
corrs 5
sub corrs 50
corrs 6
sub corrs 60
corrs 7
sub corrs 70
corrs 8
sub corrs 80
corrs 9
sub corrs 90
corrs 10
sub corrs 100
Optimization terminated successfully    (Exit mode 0)
            Current function value: 0.0684111111111112
            Iterations: 1
            Function evaluations: 2
            Gradient evaluations: 1
       rank  accuracy     error
0  0.975622      0.29  0.068411
Optimization terminated successfully    (Exit mode 0)
            Current function value: 0.09517777777777787
            Iterations: 3
            Function evaluations: 20
            Gradient evaluations: 3
       rank  accuracy     error
0  0.972889  0.263333  0.095178
Optimization terminated successfully    (Exit mode 0)
            Current function value: 0.07435555555555559
            Iterations: 3
            Function evaluations: 23
            Gradient evaluations: 3
       rank  accuracy     error
0  0.975889      0.29  0.074356
Optimization terminated successfully    (Exit mode 0)
            Current function value: 0.0627111111111112
            Iterations: 3
            Function evaluations: 26
            Gradient evaluations: 3
       rank  accuracy     error
0  0.985078  0.333333  0.062711
Optimization terminated successfully    (Exit mode 0)
            Current function value: 0.041099999999999984
            Iterations: 5
            Function evaluations: 42
            Gradient evaluations: 5
       rank  accuracy   error
0  0.985733  0.323333  0.0411
Optimization terminated successfully    (Exit mode 0)
            Current function value: 0.03442222222222222
            Iterations: 5
            Function evaluations: 47
            Gradient evaluations: 5
       rank  accuracy     error
0  0.989533      0.36  0.034422
Optimization terminated successfully    (Exit mode 0)
            Current function value: 0.02869999999999995
            Iterations: 4
            Function evaluations: 44
            Gradient evaluations: 4
     rank  accuracy   error
0  0.9883  0.343333  0.0287
Optimization terminated successfully    (Exit mode 0)
            Current function value: 0.03205555555555548
            Iterations: 3
            Function evaluations: 38
            Gradient evaluations: 3
       rank  accuracy     error
0  0.990444  0.336667  0.032056
Optimization terminated successfully    (Exit mode 0)
            Current function value: 0.018777777777777744
            Iterations: 5
            Function evaluations: 62
            Gradient evaluations: 5
       rank  accuracy     error
0  0.989044  0.346667  0.018778
Optimization terminated successfully    (Exit mode 0)
            Current function value: 0.02636666666666666
            Iterations: 6
            Function evaluations: 78
            Gradient evaluations: 6
       rank  accuracy     error
0  0.991467  0.363333  0.026367
Optimization terminated successfully    (Exit mode 0)
            Current function value: 0.028722222222222253
            Iterations: 9
            Function evaluations: 123
            Gradient evaluations: 9
       rank  accuracy     error
0  0.990322  0.363333  0.028722
✨ Experiment complete. Results archived at: /mnt/beegfs/hellgate/home/tp183485/timecorr_trazzp/Cluster_Data/intact_100_10_10_isfc_FactorAnalysis_35_laplace.csv
