corrs 1
sub corrs 10
corrs 2
sub corrs 20
corrs 3
sub corrs 30
corrs 4
sub corrs 40
corrs 5
sub corrs 50
corrs 6
sub corrs 60
corrs 7
sub corrs 70
corrs 8
sub corrs 80
corrs 9
sub corrs 90
corrs 10
sub corrs 100
Optimization terminated successfully    (Exit mode 0)
            Current function value: 0.0857111111111112
            Iterations: 1
            Function evaluations: 2
            Gradient evaluations: 1
       rank  accuracy     error
0  0.970122  0.263333  0.085711
Optimization terminated successfully    (Exit mode 0)
            Current function value: 0.07774444444444455
            Iterations: 4
            Function evaluations: 24
            Gradient evaluations: 4
       rank  accuracy     error
0  0.971222      0.27  0.077744
Optimization terminated successfully    (Exit mode 0)
            Current function value: 0.0744222222222223
            Iterations: 6
            Function evaluations: 36
            Gradient evaluations: 6
       rank  accuracy     error
0  0.971678  0.273333  0.074422
Optimization terminated successfully    (Exit mode 0)
            Current function value: 0.07622222222222232
            Iterations: 5
            Function evaluations: 36
            Gradient evaluations: 5
       rank  accuracy     error
0  0.971556      0.27  0.076222
Optimization terminated successfully    (Exit mode 0)
            Current function value: 0.07011111111111122
            Iterations: 4
            Function evaluations: 35
            Gradient evaluations: 4
       rank  accuracy     error
0  0.973011  0.276667  0.070111
Optimization terminated successfully    (Exit mode 0)
            Current function value: 0.07781111111111123
            Iterations: 4
            Function evaluations: 41
            Gradient evaluations: 4
       rank  accuracy     error
0  0.969822  0.263333  0.077811
Optimization terminated successfully    (Exit mode 0)
            Current function value: 0.07478888888888896
            Iterations: 5
            Function evaluations: 51
            Gradient evaluations: 5
     rank  accuracy     error
0  0.9748      0.28  0.074789
Optimization terminated successfully    (Exit mode 0)
            Current function value: 0.07478888888888902
            Iterations: 6
            Function evaluations: 68
            Gradient evaluations: 6
       rank  accuracy     error
0  0.967433  0.266667  0.074789
Optimization terminated successfully    (Exit mode 0)
            Current function value: 0.07284444444444454
            Iterations: 8
            Function evaluations: 93
            Gradient evaluations: 8
     rank  accuracy     error
0  0.9714  0.273333  0.072844
Optimization terminated successfully    (Exit mode 0)
            Current function value: 0.07655555555555565
            Iterations: 6
            Function evaluations: 78
            Gradient evaluations: 6
       rank  accuracy     error
0  0.970033  0.266667  0.076556
Optimization terminated successfully    (Exit mode 0)
            Current function value: 0.07500000000000005
            Iterations: 8
            Function evaluations: 112
            Gradient evaluations: 8
       rank  accuracy  error
0  0.974478  0.276667  0.075
corrs 1
sub corrs 10
corrs 2
sub corrs 20
corrs 3
sub corrs 30
corrs 4
sub corrs 40
corrs 5
sub corrs 50
corrs 6
sub corrs 60
corrs 7
sub corrs 70
corrs 8
sub corrs 80
corrs 9
sub corrs 90
corrs 10
sub corrs 100
Optimization terminated successfully    (Exit mode 0)
            Current function value: 0.10274444444444467
            Iterations: 1
            Function evaluations: 2
            Gradient evaluations: 1
       rank  accuracy     error
0  0.972289  0.286667  0.102744
Optimization terminated successfully    (Exit mode 0)
            Current function value: 0.08474444444444462
            Iterations: 3
            Function evaluations: 22
            Gradient evaluations: 3
       rank  accuracy     error
0  0.974156       0.3  0.084744
Optimization terminated successfully    (Exit mode 0)
            Current function value: 0.09836666666666688
            Iterations: 5
            Function evaluations: 33
            Gradient evaluations: 5
       rank  accuracy     error
0  0.975822  0.296667  0.098367
Optimization terminated successfully    (Exit mode 0)
            Current function value: 0.08905555555555578
            Iterations: 6
            Function evaluations: 42
            Gradient evaluations: 6
       rank  accuracy     error
0  0.974067       0.3  0.089056
Optimization terminated successfully    (Exit mode 0)
            Current function value: 0.09725555555555578
            Iterations: 5
            Function evaluations: 43
            Gradient evaluations: 5
       rank  accuracy     error
0  0.973244      0.29  0.097256
Optimization terminated successfully    (Exit mode 0)
            Current function value: 0.09464444444444464
            Iterations: 7
            Function evaluations: 64
            Gradient evaluations: 7
       rank  accuracy     error
0  0.970144      0.29  0.094644
Optimization terminated successfully    (Exit mode 0)
            Current function value: 0.0840888888888891
            Iterations: 6
            Function evaluations: 60
            Gradient evaluations: 6
     rank  accuracy     error
0  0.9741  0.293333  0.084089
Optimization terminated successfully    (Exit mode 0)
            Current function value: 0.09441111111111132
            Iterations: 4
            Function evaluations: 50
            Gradient evaluations: 4
       rank  accuracy     error
0  0.972711      0.29  0.094411
Optimization terminated successfully    (Exit mode 0)
            Current function value: 0.08115555555555573
            Iterations: 7
            Function evaluations: 90
            Gradient evaluations: 7
       rank  accuracy     error
0  0.973489  0.286667  0.081156
Optimization terminated successfully    (Exit mode 0)
            Current function value: 0.089477777777778
            Iterations: 4
            Function evaluations: 55
            Gradient evaluations: 4
       rank  accuracy     error
0  0.975789  0.286667  0.089478
Optimization terminated successfully    (Exit mode 0)
            Current function value: 0.08450000000000013
            Iterations: 4
            Function evaluations: 60
            Gradient evaluations: 4
       rank  accuracy   error
0  0.974678       0.3  0.0845
✨ Experiment complete. Results archived at: /mnt/beegfs/hellgate/home/tp183485/timecorr_trazzp/Cluster_Data/intact_100_10_10_isfc_PCA_5_laplace.csv
