corrs 1
sub corrs 10
corrs 2
sub corrs 20
corrs 3
sub corrs 30
corrs 4
sub corrs 40
corrs 5
sub corrs 50
corrs 6
sub corrs 60
corrs 7
sub corrs 70
corrs 8
sub corrs 80
corrs 9
sub corrs 90
corrs 10
sub corrs 100
Optimization terminated successfully    (Exit mode 0)
            Current function value: 0.15622296712802752
            Iterations: 1
            Function evaluations: 2
            Gradient evaluations: 1
       rank  accuracy     error
0  0.920726  0.194853  0.156223
Optimization terminated successfully    (Exit mode 0)
            Current function value: 0.1532088019031139
            Iterations: 3
            Function evaluations: 20
            Gradient evaluations: 3
       rank  accuracy     error
0  0.920077  0.191176  0.153209
Optimization terminated successfully    (Exit mode 0)
            Current function value: 0.0712721669550174
            Iterations: 4
            Function evaluations: 27
            Gradient evaluations: 4
       rank  accuracy     error
0  0.958031  0.227941  0.071272
Optimization terminated successfully    (Exit mode 0)
            Current function value: 0.06674416089965406
            Iterations: 8
            Function evaluations: 53
            Gradient evaluations: 8
       rank  accuracy     error
0  0.960721  0.235294  0.066744
Optimization terminated successfully    (Exit mode 0)
            Current function value: 0.048618620242214576
            Iterations: 8
            Function evaluations: 61
            Gradient evaluations: 8
       rank  accuracy     error
0  0.960208  0.213235  0.048619
Optimization terminated successfully    (Exit mode 0)
            Current function value: 0.041684688581314924
            Iterations: 8
            Function evaluations: 73
            Gradient evaluations: 8
       rank  accuracy     error
0  0.966587  0.238971  0.041685
Optimization terminated successfully    (Exit mode 0)
            Current function value: 0.043698637543252636
            Iterations: 5
            Function evaluations: 56
            Gradient evaluations: 5
       rank  accuracy     error
0  0.963992  0.220588  0.043699
Optimization terminated successfully    (Exit mode 0)
            Current function value: 0.038670523356401434
            Iterations: 3
            Function evaluations: 39
            Gradient evaluations: 3
       rank  accuracy     error
0  0.969764  0.224265  0.038671
Optimization terminated successfully    (Exit mode 0)
            Current function value: 0.03635921280276823
            Iterations: 9
            Function evaluations: 103
            Gradient evaluations: 9
       rank  accuracy     error
0  0.972224      0.25  0.036359
Optimization terminated successfully    (Exit mode 0)
            Current function value: 0.034656141868512166
            Iterations: 8
            Function evaluations: 102
            Gradient evaluations: 8
       rank  accuracy     error
0  0.971575  0.253676  0.034656
Optimization terminated successfully    (Exit mode 0)
            Current function value: 0.03485888840830456
            Iterations: 9
            Function evaluations: 121
            Gradient evaluations: 9
       rank  accuracy     error
0  0.972778  0.253676  0.034859
corrs 1
sub corrs 10
corrs 2
sub corrs 20
corrs 3
sub corrs 30
corrs 4
sub corrs 40
corrs 5
sub corrs 50
corrs 6
sub corrs 60
corrs 7
sub corrs 70
corrs 8
sub corrs 80
corrs 9
sub corrs 90
corrs 10
sub corrs 100
Optimization terminated successfully    (Exit mode 0)
            Current function value: 0.19547469723183375
            Iterations: 1
            Function evaluations: 2
            Gradient evaluations: 1
       rank  accuracy     error
0  0.922686  0.128676  0.195475
Optimization terminated successfully    (Exit mode 0)
            Current function value: 0.1810932093425603
            Iterations: 7
            Function evaluations: 33
            Gradient evaluations: 7
      rank  accuracy     error
0  0.92024  0.143382  0.181093
Optimization terminated successfully    (Exit mode 0)
            Current function value: 0.06606833910034608
            Iterations: 3
            Function evaluations: 23
            Gradient evaluations: 3
       rank  accuracy     error
0  0.960167  0.213235  0.066068
Optimization terminated successfully    (Exit mode 0)
            Current function value: 0.06606833910034608
            Iterations: 9
            Function evaluations: 58
            Gradient evaluations: 9
       rank  accuracy     error
0  0.959653  0.213235  0.066068
Optimization terminated successfully    (Exit mode 0)
            Current function value: 0.042184796712802855
            Iterations: 6
            Function evaluations: 51
            Gradient evaluations: 6
       rank  accuracy     error
0  0.965019  0.202206  0.042185
Optimization terminated successfully    (Exit mode 0)
            Current function value: 0.0328043901384084
            Iterations: 5
            Function evaluations: 48
            Gradient evaluations: 5
       rank  accuracy     error
0  0.966952  0.202206  0.032804
Optimization terminated successfully    (Exit mode 0)
            Current function value: 0.03283142301038071
            Iterations: 6
            Function evaluations: 67
            Gradient evaluations: 6
       rank  accuracy     error
0  0.965384  0.198529  0.032831
Optimization terminated successfully    (Exit mode 0)
            Current function value: 0.027235618512110767
            Iterations: 5
            Function evaluations: 57
            Gradient evaluations: 5
       rank  accuracy     error
0  0.972237  0.227941  0.027236
Optimization terminated successfully    (Exit mode 0)
            Current function value: 0.02592452422145333
            Iterations: 13
            Function evaluations: 148
            Gradient evaluations: 13
      rank  accuracy     error
0  0.97167  0.220588  0.025925
Optimization terminated successfully    (Exit mode 0)
            Current function value: 0.029722642733564064
            Iterations: 7
            Function evaluations: 91
            Gradient evaluations: 7
       rank  accuracy     error
0  0.970642  0.220588  0.029723
Optimization terminated successfully    (Exit mode 0)
            Current function value: 0.027884407439446424
            Iterations: 8
            Function evaluations: 109
            Gradient evaluations: 8
      rank  accuracy     error
0  0.96971  0.224265  0.027884
✨ Experiment complete. Results archived at: /mnt/beegfs/hellgate/home/tp183485/timecorr_trazzp/Cluster_Data/paragraph_100_10_10_isfc_TruncatedSVD_25_laplace.csv
