corrs 1
sub corrs 10
corrs 2
sub corrs 20
corrs 3
sub corrs 30
corrs 4
sub corrs 40
corrs 5
sub corrs 50
corrs 6
sub corrs 60
corrs 7
sub corrs 70
corrs 8
sub corrs 80
corrs 9
sub corrs 90
corrs 10
sub corrs 100
Optimization terminated successfully    (Exit mode 0)
            Current function value: 0.17541630622837334
            Iterations: 1
            Function evaluations: 2
            Gradient evaluations: 1
       rank  accuracy     error
0  0.923727  0.172794  0.175416
Optimization terminated successfully    (Exit mode 0)
            Current function value: 0.203814338235294
            Iterations: 3
            Function evaluations: 21
            Gradient evaluations: 3
       rank  accuracy     error
0  0.902182  0.128676  0.203814
Optimization terminated successfully    (Exit mode 0)
            Current function value: 0.18741890138408276
            Iterations: 5
            Function evaluations: 34
            Gradient evaluations: 5
       rank  accuracy     error
0  0.915211  0.161765  0.187419
Optimization terminated successfully    (Exit mode 0)
            Current function value: 0.16388678633217973
            Iterations: 7
            Function evaluations: 48
            Gradient evaluations: 7
       rank  accuracy     error
0  0.923659  0.183824  0.163887
Optimization terminated successfully    (Exit mode 0)
            Current function value: 0.16631974480968834
            Iterations: 6
            Function evaluations: 50
            Gradient evaluations: 6
       rank  accuracy    error
0  0.920915  0.176471  0.16632
Optimization terminated successfully    (Exit mode 0)
            Current function value: 0.15652032871972307
            Iterations: 7
            Function evaluations: 67
            Gradient evaluations: 7
       rank  accuracy    error
0  0.896194  0.128676  0.15652
Optimization terminated successfully    (Exit mode 0)
            Current function value: 0.15150573096885805
            Iterations: 6
            Function evaluations: 59
            Gradient evaluations: 6
       rank  accuracy     error
0  0.895126  0.136029  0.151506
Optimization terminated successfully    (Exit mode 0)
            Current function value: 0.15725021626297567
            Iterations: 5
            Function evaluations: 58
            Gradient evaluations: 5
       rank  accuracy    error
0  0.899073  0.132353  0.15725
Optimization terminated successfully    (Exit mode 0)
            Current function value: 0.15675010813148774
            Iterations: 3
            Function evaluations: 43
            Gradient evaluations: 3
       rank  accuracy    error
0  0.905169  0.136029  0.15675
Optimization terminated successfully    (Exit mode 0)
            Current function value: 0.15911548442906553
            Iterations: 4
            Function evaluations: 55
            Gradient evaluations: 4
       rank  accuracy     error
0  0.903885  0.139706  0.159115
Optimization terminated successfully    (Exit mode 0)
            Current function value: 0.15941284602076106
            Iterations: 2
            Function evaluations: 35
            Gradient evaluations: 2
       rank  accuracy     error
0  0.906047  0.147059  0.159413
corrs 1
sub corrs 10
corrs 2
sub corrs 20
corrs 3
sub corrs 30
corrs 4
sub corrs 40
corrs 5
sub corrs 50
corrs 6
sub corrs 60
corrs 7
sub corrs 70
corrs 8
sub corrs 80
corrs 9
sub corrs 90
corrs 10
sub corrs 100
Optimization terminated successfully    (Exit mode 0)
            Current function value: 0.19064932958477485
            Iterations: 1
            Function evaluations: 2
            Gradient evaluations: 1
       rank  accuracy     error
0  0.923146  0.154412  0.190649
Optimization terminated successfully    (Exit mode 0)
            Current function value: 0.19064932958477485
            Iterations: 3
            Function evaluations: 9
            Gradient evaluations: 3
       rank  accuracy     error
0  0.923146  0.154412  0.190649
Optimization terminated successfully    (Exit mode 0)
            Current function value: 0.19402843858131474
            Iterations: 2
            Function evaluations: 19
            Gradient evaluations: 2
       rank  accuracy     error
0  0.915401  0.136029  0.194028
Optimization terminated successfully    (Exit mode 0)
            Current function value: 0.18082288062283716
            Iterations: 6
            Function evaluations: 43
            Gradient evaluations: 6
       rank  accuracy     error
0  0.918915  0.147059  0.180823
Optimization terminated successfully    (Exit mode 0)
            Current function value: 0.17772761678200677
            Iterations: 4
            Function evaluations: 36
            Gradient evaluations: 4
       rank  accuracy     error
0  0.911427  0.139706  0.177728
Optimization terminated successfully    (Exit mode 0)
            Current function value: 0.15731779844290647
            Iterations: 6
            Function evaluations: 56
            Gradient evaluations: 6
       rank  accuracy     error
0  0.892679  0.106618  0.157318
Optimization terminated successfully    (Exit mode 0)
            Current function value: 0.1567095588235293
            Iterations: 5
            Function evaluations: 57
            Gradient evaluations: 5
       rank  accuracy    error
0  0.896856  0.121324  0.15671
Optimization terminated successfully    (Exit mode 0)
            Current function value: 0.15929119809688577
            Iterations: 5
            Function evaluations: 58
            Gradient evaluations: 5
       rank  accuracy     error
0  0.912116  0.143382  0.159291
Optimization terminated successfully    (Exit mode 0)
            Current function value: 0.15192474048442883
            Iterations: 8
            Function evaluations: 96
            Gradient evaluations: 8
       rank  accuracy     error
0  0.922659  0.132353  0.151925
Optimization terminated successfully    (Exit mode 0)
            Current function value: 0.1563716479238752
            Iterations: 7
            Function evaluations: 90
            Gradient evaluations: 7
       rank  accuracy     error
0  0.920091  0.147059  0.156372
Optimization terminated successfully    (Exit mode 0)
            Current function value: 0.15280330882352924
            Iterations: 5
            Function evaluations: 71
            Gradient evaluations: 5
       rank  accuracy     error
0  0.920226  0.165441  0.152803
✨ Experiment complete. Results archived at: /mnt/beegfs/hellgate/home/tp183485/timecorr_trazzp/Cluster_Data/paragraph_100_10_10_isfc_LocallyLinearEmbedding_40_laplace.csv
