corrs 1
sub corrs 10
corrs 2
sub corrs 20
corrs 3
sub corrs 30
corrs 4
sub corrs 40
corrs 5
sub corrs 50
corrs 6
sub corrs 60
corrs 7
sub corrs 70
corrs 8
sub corrs 80
corrs 9
sub corrs 90
corrs 10
sub corrs 100
Optimization terminated successfully    (Exit mode 0)
            Current function value: 0.20315203287197225
            Iterations: 1
            Function evaluations: 2
            Gradient evaluations: 1
       rank  accuracy     error
0  0.917077  0.169118  0.203152
Optimization terminated successfully    (Exit mode 0)
            Current function value: 0.18486429498269877
            Iterations: 7
            Function evaluations: 35
            Gradient evaluations: 7
       rank  accuracy     error
0  0.922551  0.161765  0.184864
Optimization terminated successfully    (Exit mode 0)
            Current function value: 0.1357455666089965
            Iterations: 8
            Function evaluations: 45
            Gradient evaluations: 8
       rank  accuracy     error
0  0.937784    0.1875  0.135746
Optimization terminated successfully    (Exit mode 0)
            Current function value: 0.12018814878892738
            Iterations: 3
            Function evaluations: 28
            Gradient evaluations: 3
       rank  accuracy     error
0  0.948219  0.209559  0.120188
Optimization terminated successfully    (Exit mode 0)
            Current function value: 0.12051254325259521
            Iterations: 4
            Function evaluations: 39
            Gradient evaluations: 4
       rank  accuracy     error
0  0.938649  0.202206  0.120513
Optimization terminated successfully    (Exit mode 0)
            Current function value: 0.11905276816609002
            Iterations: 9
            Function evaluations: 77
            Gradient evaluations: 9
       rank  accuracy     error
0  0.945583  0.213235  0.119053
Optimization terminated successfully    (Exit mode 0)
            Current function value: 0.1141327854671282
            Iterations: 9
            Function evaluations: 85
            Gradient evaluations: 9
       rank  accuracy     error
0  0.949097  0.205882  0.114133
Optimization terminated successfully    (Exit mode 0)
            Current function value: 0.04568555363321807
            Iterations: 7
            Function evaluations: 82
            Gradient evaluations: 7
       rank  accuracy     error
0  0.970967  0.242647  0.045686
Optimization terminated successfully    (Exit mode 0)
            Current function value: 0.04387435121107273
            Iterations: 4
            Function evaluations: 52
            Gradient evaluations: 4
       rank  accuracy     error
0  0.972508  0.253676  0.043874
Optimization terminated successfully    (Exit mode 0)
            Current function value: 0.037454044117647134
            Iterations: 8
            Function evaluations: 104
            Gradient evaluations: 8
       rank  accuracy     error
0  0.977117  0.264706  0.037454
Optimization terminated successfully    (Exit mode 0)
            Current function value: 0.018558066608996567
            Iterations: 5
            Function evaluations: 72
            Gradient evaluations: 5
       rank  accuracy     error
0  0.984848  0.286765  0.018558
corrs 1
sub corrs 10
corrs 2
sub corrs 20
corrs 3
sub corrs 30
corrs 4
sub corrs 40
corrs 5
sub corrs 50
corrs 6
sub corrs 60
corrs 7
sub corrs 70
corrs 8
sub corrs 80
corrs 9
sub corrs 90
corrs 10
sub corrs 100
Optimization terminated successfully    (Exit mode 0)
            Current function value: 0.1928930579584771
            Iterations: 1
            Function evaluations: 2
            Gradient evaluations: 1
       rank  accuracy     error
0  0.915671  0.147059  0.192893
Optimization terminated successfully    (Exit mode 0)
            Current function value: 0.14781574394463648
            Iterations: 4
            Function evaluations: 23
            Gradient evaluations: 4
       rank  accuracy     error
0  0.916969  0.154412  0.147816
Optimization terminated successfully    (Exit mode 0)
            Current function value: 0.11866079152249144
            Iterations: 2
            Function evaluations: 19
            Gradient evaluations: 2
       rank  accuracy     error
0  0.934202  0.169118  0.118661
Optimization terminated successfully    (Exit mode 0)
            Current function value: 0.09914305795847757
            Iterations: 4
            Function evaluations: 32
            Gradient evaluations: 4
       rank  accuracy     error
0  0.911819  0.158088  0.099143
Optimization terminated successfully    (Exit mode 0)
            Current function value: 0.09181714965397932
            Iterations: 4
            Function evaluations: 38
            Gradient evaluations: 4
       rank  accuracy     error
0  0.936851  0.172794  0.091817
Optimization terminated successfully    (Exit mode 0)
            Current function value: 0.09465560121107275
            Iterations: 3
            Function evaluations: 32
            Gradient evaluations: 3
       rank  accuracy     error
0  0.940893  0.176471  0.094656
Optimization terminated successfully    (Exit mode 0)
            Current function value: 0.09881866349480974
            Iterations: 3
            Function evaluations: 35
            Gradient evaluations: 3
       rank  accuracy     error
0  0.911859  0.154412  0.098819
Optimization terminated successfully    (Exit mode 0)
            Current function value: 0.07639489619377178
            Iterations: 6
            Function evaluations: 70
            Gradient evaluations: 6
       rank  accuracy     error
0  0.961748  0.205882  0.076395
Optimization terminated successfully    (Exit mode 0)
            Current function value: 0.0817068555363323
            Iterations: 3
            Function evaluations: 42
            Gradient evaluations: 3
       rank  accuracy     error
0  0.955436  0.183824  0.081707
Optimization terminated successfully    (Exit mode 0)
            Current function value: 0.062405384948096984
            Iterations: 6
            Function evaluations: 81
            Gradient evaluations: 6
       rank  accuracy     error
0  0.964911  0.191176  0.062405
Optimization terminated successfully    (Exit mode 0)
            Current function value: 0.02077476211072669
            Iterations: 7
            Function evaluations: 97
            Gradient evaluations: 7
       rank  accuracy     error
0  0.982794  0.235294  0.020775
✨ Experiment complete. Results archived at: /mnt/beegfs/hellgate/home/tp183485/timecorr_trazzp/Cluster_Data/paragraph_100_10_10_isfc_UMAP_25_gaussian.csv
