corrs 1
sub corrs 10
corrs 2
sub corrs 20
corrs 3
sub corrs 30
corrs 4
sub corrs 40
corrs 5
sub corrs 50
corrs 6
sub corrs 60
corrs 7
sub corrs 70
corrs 8
sub corrs 80
corrs 9
sub corrs 90
corrs 10
sub corrs 100
Optimization terminated successfully    (Exit mode 0)
            Current function value: 0.1922037197231831
            Iterations: 1
            Function evaluations: 2
            Gradient evaluations: 1
      rank  accuracy     error
0  0.89914  0.154412  0.192204
Optimization terminated successfully    (Exit mode 0)
            Current function value: 0.13900302768166087
            Iterations: 5
            Function evaluations: 27
            Gradient evaluations: 5
       rank  accuracy     error
0  0.919618  0.165441  0.139003
Optimization terminated successfully    (Exit mode 0)
            Current function value: 0.17115862889273314
            Iterations: 5
            Function evaluations: 33
            Gradient evaluations: 5
       rank  accuracy     error
0  0.914955  0.143382  0.171159
Optimization terminated successfully    (Exit mode 0)
            Current function value: 0.1043063365051904
            Iterations: 4
            Function evaluations: 35
            Gradient evaluations: 4
       rank  accuracy     error
0  0.971467  0.224265  0.104306
Optimization terminated successfully    (Exit mode 0)
            Current function value: 0.11130785034602082
            Iterations: 4
            Function evaluations: 36
            Gradient evaluations: 4
       rank  accuracy     error
0  0.971872  0.224265  0.111308
Optimization terminated successfully    (Exit mode 0)
            Current function value: 0.10215722318339111
            Iterations: 10
            Function evaluations: 94
            Gradient evaluations: 10
       rank  accuracy     error
0  0.973792  0.224265  0.102157
Optimization terminated successfully    (Exit mode 0)
            Current function value: 0.10856401384083048
            Iterations: 6
            Function evaluations: 65
            Gradient evaluations: 6
       rank  accuracy     error
0  0.970007  0.224265  0.108564
Optimization terminated successfully    (Exit mode 0)
            Current function value: 0.1179444204152249
            Iterations: 7
            Function evaluations: 76
            Gradient evaluations: 7
       rank  accuracy     error
0  0.965101  0.220588  0.117944
Optimization terminated successfully    (Exit mode 0)
            Current function value: 0.12498648356401386
            Iterations: 7
            Function evaluations: 90
            Gradient evaluations: 7
       rank  accuracy     error
0  0.960194  0.202206  0.124986
Optimization terminated successfully    (Exit mode 0)
            Current function value: 0.12151275951557092
            Iterations: 5
            Function evaluations: 68
            Gradient evaluations: 5
       rank  accuracy     error
0  0.961627  0.213235  0.121513
Optimization terminated successfully    (Exit mode 0)
            Current function value: 0.12239132785467133
            Iterations: 9
            Function evaluations: 137
            Gradient evaluations: 9
       rank  accuracy     error
0  0.948097  0.202206  0.122391
corrs 1
sub corrs 10
corrs 2
sub corrs 20
corrs 3
sub corrs 30
corrs 4
sub corrs 40
corrs 5
sub corrs 50
corrs 6
sub corrs 60
corrs 7
sub corrs 70
corrs 8
sub corrs 80
corrs 9
sub corrs 90
corrs 10
sub corrs 100
Optimization terminated successfully    (Exit mode 0)
            Current function value: 0.20177335640138383
            Iterations: 1
            Function evaluations: 2
            Gradient evaluations: 1
       rank  accuracy     error
0  0.898694  0.150735  0.201773
Optimization terminated successfully    (Exit mode 0)
            Current function value: 0.12358077422145308
            Iterations: 4
            Function evaluations: 24
            Gradient evaluations: 4
       rank  accuracy     error
0  0.921794  0.161765  0.123581
Optimization terminated successfully    (Exit mode 0)
            Current function value: 0.11866079152249134
            Iterations: 6
            Function evaluations: 36
            Gradient evaluations: 6
       rank  accuracy     error
0  0.926308  0.165441  0.118661
Optimization terminated successfully    (Exit mode 0)
            Current function value: 0.08601859861591703
            Iterations: 2
            Function evaluations: 21
            Gradient evaluations: 2
       rank  accuracy     error
0  0.959451  0.191176  0.086019
Optimization terminated successfully    (Exit mode 0)
            Current function value: 0.09133055795847755
            Iterations: 4
            Function evaluations: 36
            Gradient evaluations: 4
       rank  accuracy     error
0  0.963154  0.198529  0.091331
Optimization terminated successfully    (Exit mode 0)
            Current function value: 0.09387164792387549
            Iterations: 4
            Function evaluations: 41
            Gradient evaluations: 4
       rank  accuracy     error
0  0.953625  0.198529  0.093872
Optimization terminated successfully    (Exit mode 0)
            Current function value: 0.09370945069204162
            Iterations: 4
            Function evaluations: 44
            Gradient evaluations: 4
       rank  accuracy     error
0  0.956612  0.194853  0.093709
Optimization terminated successfully    (Exit mode 0)
            Current function value: 0.08297740051903126
            Iterations: 4
            Function evaluations: 50
            Gradient evaluations: 4
       rank  accuracy     error
0  0.960032  0.191176  0.082977
Optimization terminated successfully    (Exit mode 0)
            Current function value: 0.09123594290657451
            Iterations: 4
            Function evaluations: 52
            Gradient evaluations: 4
       rank  accuracy     error
0  0.960938  0.194853  0.091236
Optimization terminated successfully    (Exit mode 0)
            Current function value: 0.08558607266435996
            Iterations: 3
            Function evaluations: 46
            Gradient evaluations: 3
       rank  accuracy     error
0  0.963425  0.202206  0.085586
Optimization terminated successfully    (Exit mode 0)
            Current function value: 0.09118187716262985
            Iterations: 5
            Function evaluations: 75
            Gradient evaluations: 5
      rank  accuracy     error
0  0.96091  0.194853  0.091182
✨ Experiment complete. Results archived at: /mnt/beegfs/hellgate/home/tp183485/timecorr_trazzp/Cluster_Data/paragraph_100_10_10_isfc_UMAP_50_mexican_hat.csv
