corrs 1
sub corrs 10
corrs 2
sub corrs 20
corrs 3
sub corrs 30
corrs 4
sub corrs 40
corrs 5
sub corrs 50
corrs 6
sub corrs 60
corrs 7
sub corrs 70
corrs 8
sub corrs 80
corrs 9
sub corrs 90
corrs 10
sub corrs 100
Optimization terminated successfully    (Exit mode 0)
            Current function value: 0.17401059688581277
            Iterations: 1
            Function evaluations: 2
            Gradient evaluations: 1
       rank  accuracy     error
0  0.937797  0.183824  0.174011
Optimization terminated successfully    (Exit mode 0)
            Current function value: 0.32211018598615904
            Iterations: 1
            Function evaluations: 14
            Gradient evaluations: 1
       rank  accuracy    error
0  0.915347  0.044118  0.32211
Optimization terminated successfully    (Exit mode 0)
            Current function value: 0.17401059688581277
            Iterations: 4
            Function evaluations: 27
            Gradient evaluations: 4
       rank  accuracy     error
0  0.937797  0.183824  0.174011
Optimization terminated successfully    (Exit mode 0)
            Current function value: 0.17401059688581277
            Iterations: 4
            Function evaluations: 31
            Gradient evaluations: 4
       rank  accuracy     error
0  0.937797  0.183824  0.174011
Optimization terminated successfully    (Exit mode 0)
            Current function value: 0.28825151384083
            Iterations: 5
            Function evaluations: 43
            Gradient evaluations: 5
       rank  accuracy     error
0  0.908886  0.033088  0.288252
Optimization terminated successfully    (Exit mode 0)
            Current function value: 0.1713884083044979
            Iterations: 9
            Function evaluations: 75
            Gradient evaluations: 9
       rank  accuracy     error
0  0.937865    0.1875  0.171388
Optimization terminated successfully    (Exit mode 0)
            Current function value: 0.17371323529411725
            Iterations: 9
            Function evaluations: 86
            Gradient evaluations: 9
       rank  accuracy     error
0  0.937257  0.183824  0.173713
Optimization terminated successfully    (Exit mode 0)
            Current function value: 0.1700232482698958
            Iterations: 11
            Function evaluations: 115
            Gradient evaluations: 11
       rank  accuracy     error
0  0.937297  0.183824  0.170023
Optimization terminated successfully    (Exit mode 0)
            Current function value: 0.25598778114186826
            Iterations: 5
            Function evaluations: 63
            Gradient evaluations: 5
       rank  accuracy     error
0  0.909507  0.033088  0.255988
Optimization terminated successfully    (Exit mode 0)
            Current function value: 0.2749107915224911
            Iterations: 4
            Function evaluations: 56
            Gradient evaluations: 4
       rank  accuracy     error
0  0.873013  0.018382  0.274911
Optimization terminated successfully    (Exit mode 0)
            Current function value: 0.27710045415224926
            Iterations: 3
            Function evaluations: 47
            Gradient evaluations: 3
       rank  accuracy   error
0  0.887719  0.025735  0.2771
corrs 1
sub corrs 10
corrs 2
sub corrs 20
corrs 3
sub corrs 30
corrs 4
sub corrs 40
corrs 5
sub corrs 50
corrs 6
sub corrs 60
corrs 7
sub corrs 70
corrs 8
sub corrs 80
corrs 9
sub corrs 90
corrs 10
sub corrs 100
Optimization terminated successfully    (Exit mode 0)
            Current function value: 0.15215451989619352
            Iterations: 1
            Function evaluations: 2
            Gradient evaluations: 1
       rank  accuracy     error
0  0.935459    0.1875  0.152155
Optimization terminated successfully    (Exit mode 0)
            Current function value: 0.15215451989619352
            Iterations: 3
            Function evaluations: 9
            Gradient evaluations: 3
       rank  accuracy     error
0  0.935459    0.1875  0.152155
Optimization terminated successfully    (Exit mode 0)
            Current function value: 0.15215451989619352
            Iterations: 3
            Function evaluations: 23
            Gradient evaluations: 3
       rank  accuracy     error
0  0.935459    0.1875  0.152155
Optimization terminated successfully    (Exit mode 0)
            Current function value: 0.14991079152249112
            Iterations: 6
            Function evaluations: 41
            Gradient evaluations: 6
       rank  accuracy     error
0  0.935121    0.1875  0.149911
Optimization terminated successfully    (Exit mode 0)
            Current function value: 0.14824826989619358
            Iterations: 7
            Function evaluations: 54
            Gradient evaluations: 7
       rank  accuracy     error
0  0.935121    0.1875  0.148248
Optimization terminated successfully    (Exit mode 0)
            Current function value: 0.1446393814878891
            Iterations: 10
            Function evaluations: 87
            Gradient evaluations: 10
       rank  accuracy     error
0  0.934607  0.183824  0.144639
Optimization terminated successfully    (Exit mode 0)
            Current function value: 0.2815068122837369
            Iterations: 6
            Function evaluations: 67
            Gradient evaluations: 6
       rank  accuracy     error
0  0.888408  0.022059  0.281507
Optimization terminated successfully    (Exit mode 0)
            Current function value: 0.27822231833910044
            Iterations: 4
            Function evaluations: 56
            Gradient evaluations: 4
       rank  accuracy     error
0  0.863322  0.007353  0.278222
Optimization terminated successfully    (Exit mode 0)
            Current function value: 0.290846669550173
            Iterations: 3
            Function evaluations: 45
            Gradient evaluations: 3
       rank  accuracy     error
0  0.847737  0.007353  0.290847
Optimization terminated successfully    (Exit mode 0)
            Current function value: 0.2928606185121107
            Iterations: 3
            Function evaluations: 47
            Gradient evaluations: 3
       rank  accuracy     error
0  0.855509  0.007353  0.292861
Optimization terminated successfully    (Exit mode 0)
            Current function value: 0.28595371972318334
            Iterations: 4
            Function evaluations: 66
            Gradient evaluations: 4
       rank  accuracy     error
0  0.852725  0.003676  0.285954
✨ Experiment complete. Results archived at: /mnt/beegfs/hellgate/home/tp183485/timecorr_trazzp/Cluster_Data/paragraph_100_10_10_isfc_DictionaryLearning_15_mexican_hat.csv
