corrs 1
sub corrs 10
corrs 2
sub corrs 20
corrs 3
sub corrs 30
corrs 4
sub corrs 40
corrs 5
sub corrs 50
corrs 6
sub corrs 60
corrs 7
sub corrs 70
corrs 8
sub corrs 80
corrs 9
sub corrs 90
corrs 10
sub corrs 100
Optimization terminated successfully    (Exit mode 0)
            Current function value: 0.1896220804498268
            Iterations: 1
            Function evaluations: 2
            Gradient evaluations: 1
       rank  accuracy     error
0  0.912238  0.150735  0.189622
Optimization terminated successfully    (Exit mode 0)
            Current function value: 0.1896220804498268
            Iterations: 3
            Function evaluations: 9
            Gradient evaluations: 3
       rank  accuracy     error
0  0.912238  0.150735  0.189622
Optimization terminated successfully    (Exit mode 0)
            Current function value: 0.1663738105536332
            Iterations: 3
            Function evaluations: 23
            Gradient evaluations: 3
       rank  accuracy     error
0  0.926254  0.180147  0.166374
Optimization terminated successfully    (Exit mode 0)
            Current function value: 0.15158682958477507
            Iterations: 5
            Function evaluations: 37
            Gradient evaluations: 5
       rank  accuracy     error
0  0.928877  0.161765  0.151587
Optimization terminated successfully    (Exit mode 0)
            Current function value: 0.12632461072664372
            Iterations: 4
            Function evaluations: 38
            Gradient evaluations: 4
       rank  accuracy     error
0  0.932661  0.183824  0.126325
Optimization terminated successfully    (Exit mode 0)
            Current function value: 0.1159169550173012
            Iterations: 2
            Function evaluations: 26
            Gradient evaluations: 2
       rank  accuracy     error
0  0.952382  0.191176  0.115917
Optimization terminated successfully    (Exit mode 0)
            Current function value: 0.11571420847750877
            Iterations: 3
            Function evaluations: 38
            Gradient evaluations: 3
       rank  accuracy     error
0  0.956234  0.194853  0.115714
Optimization terminated successfully    (Exit mode 0)
            Current function value: 0.12076935553633218
            Iterations: 8
            Function evaluations: 90
            Gradient evaluations: 8
       rank  accuracy     error
0  0.944042  0.202206  0.120769
Optimization terminated successfully    (Exit mode 0)
            Current function value: 0.1197826557093426
            Iterations: 4
            Function evaluations: 53
            Gradient evaluations: 4
       rank  accuracy     error
0  0.942231  0.202206  0.119783
Optimization terminated successfully    (Exit mode 0)
            Current function value: 0.11594398788927344
            Iterations: 5
            Function evaluations: 70
            Gradient evaluations: 5
       rank  accuracy     error
0  0.937892  0.220588  0.115944
Optimization terminated successfully    (Exit mode 0)
            Current function value: 0.12147221020761254
            Iterations: 4
            Function evaluations: 60
            Gradient evaluations: 4
       rank  accuracy     error
0  0.929309  0.209559  0.121472
corrs 1
sub corrs 10
corrs 2
sub corrs 20
corrs 3
sub corrs 30
corrs 4
sub corrs 40
corrs 5
sub corrs 50
corrs 6
sub corrs 60
corrs 7
sub corrs 70
corrs 8
sub corrs 80
corrs 9
sub corrs 90
corrs 10
sub corrs 100
Optimization terminated successfully    (Exit mode 0)
            Current function value: 0.1895950475778545
            Iterations: 1
            Function evaluations: 2
            Gradient evaluations: 1
       rank  accuracy     error
0  0.913806  0.143382  0.189595
Optimization terminated successfully    (Exit mode 0)
            Current function value: 0.18933823529411747
            Iterations: 5
            Function evaluations: 27
            Gradient evaluations: 5
      rank  accuracy     error
0  0.91194     0.125  0.189338
Optimization terminated successfully    (Exit mode 0)
            Current function value: 0.13101481401384085
            Iterations: 6
            Function evaluations: 37
            Gradient evaluations: 6
       rank  accuracy     error
0  0.923321  0.176471  0.131015
Optimization terminated successfully    (Exit mode 0)
            Current function value: 0.1298118512110727
            Iterations: 4
            Function evaluations: 32
            Gradient evaluations: 4
       rank  accuracy     error
0  0.921753  0.165441  0.129812
Optimization terminated successfully    (Exit mode 0)
            Current function value: 0.11645761245674746
            Iterations: 3
            Function evaluations: 30
            Gradient evaluations: 3
       rank  accuracy     error
0  0.940055  0.191176  0.116458
Optimization terminated successfully    (Exit mode 0)
            Current function value: 0.09989997837370253
            Iterations: 2
            Function evaluations: 26
            Gradient evaluations: 2
       rank  accuracy   error
0  0.944461  0.194853  0.0999
Optimization terminated successfully    (Exit mode 0)
            Current function value: 0.09466911764705892
            Iterations: 4
            Function evaluations: 46
            Gradient evaluations: 4
       rank  accuracy     error
0  0.948881  0.216912  0.094669
Optimization terminated successfully    (Exit mode 0)
            Current function value: 0.09418252595155716
            Iterations: 5
            Function evaluations: 58
            Gradient evaluations: 5
       rank  accuracy     error
0  0.947245  0.205882  0.094183
Optimization terminated successfully    (Exit mode 0)
            Current function value: 0.09561526816609008
            Iterations: 8
            Function evaluations: 96
            Gradient evaluations: 8
       rank  accuracy     error
0  0.944001  0.198529  0.095615
Optimization terminated successfully    (Exit mode 0)
            Current function value: 0.09300659602076133
            Iterations: 6
            Function evaluations: 81
            Gradient evaluations: 6
       rank  accuracy     error
0  0.942663  0.202206  0.093007
Optimization terminated successfully    (Exit mode 0)
            Current function value: 0.10130568771626304
            Iterations: 5
            Function evaluations: 74
            Gradient evaluations: 5
       rank  accuracy     error
0  0.939325  0.198529  0.101306
✨ Experiment complete. Results archived at: /mnt/beegfs/hellgate/home/tp183485/timecorr_trazzp/Cluster_Data/paragraph_100_10_10_isfc_SparsePCA_40_mexican_hat.csv
