corrs 1
sub corrs 10
corrs 2
sub corrs 20
corrs 3
sub corrs 30
corrs 4
sub corrs 40
corrs 5
sub corrs 50
corrs 6
sub corrs 60
corrs 7
sub corrs 70
corrs 8
sub corrs 80
corrs 9
sub corrs 90
corrs 10
sub corrs 100
Optimization terminated successfully    (Exit mode 0)
            Current function value: 0.16488700259515554
            Iterations: 1
            Function evaluations: 2
            Gradient evaluations: 1
       rank  accuracy     error
0  0.919699  0.165441  0.164887
Optimization terminated successfully    (Exit mode 0)
            Current function value: 0.06479779411764718
            Iterations: 5
            Function evaluations: 27
            Gradient evaluations: 5
       rank  accuracy     error
0  0.958315  0.191176  0.064798
Optimization terminated successfully    (Exit mode 0)
            Current function value: 0.05826935553633224
            Iterations: 6
            Function evaluations: 37
            Gradient evaluations: 6
       rank  accuracy     error
0  0.941987  0.169118  0.058269
Optimization terminated successfully    (Exit mode 0)
            Current function value: 0.05924253892733569
            Iterations: 7
            Function evaluations: 48
            Gradient evaluations: 7
       rank  accuracy     error
0  0.932283  0.139706  0.059243
Optimization terminated successfully    (Exit mode 0)
            Current function value: 0.025437932525951584
            Iterations: 10
            Function evaluations: 75
            Gradient evaluations: 10
       rank  accuracy     error
0  0.860781  0.106618  0.025438
Optimization terminated successfully    (Exit mode 0)
            Current function value: 0.022248053633218034
            Iterations: 10
            Function evaluations: 84
            Gradient evaluations: 10
       rank  accuracy     error
0  0.895531  0.113971  0.022248
Optimization terminated successfully    (Exit mode 0)
            Current function value: 0.030384948096885824
            Iterations: 6
            Function evaluations: 64
            Gradient evaluations: 6
       rank  accuracy     error
0  0.845804  0.084559  0.030385
Optimization terminated successfully    (Exit mode 0)
            Current function value: 0.021207288062283766
            Iterations: 12
            Function evaluations: 124
            Gradient evaluations: 12
       rank  accuracy     error
0  0.895991  0.150735  0.021207
Optimization terminated successfully    (Exit mode 0)
            Current function value: 0.02268057958477512
            Iterations: 9
            Function evaluations: 116
            Gradient evaluations: 9
       rank  accuracy     error
0  0.881583  0.117647  0.022681
Optimization terminated successfully    (Exit mode 0)
            Current function value: 0.021585748269896225
            Iterations: 12
            Function evaluations: 150
            Gradient evaluations: 12
       rank  accuracy     error
0  0.908196  0.158088  0.021586
Optimization terminated successfully    (Exit mode 0)
            Current function value: 0.02312662197231838
            Iterations: 8
            Function evaluations: 110
            Gradient evaluations: 8
       rank  accuracy     error
0  0.876081  0.150735  0.023127
corrs 1
sub corrs 10
corrs 2
sub corrs 20
corrs 3
sub corrs 30
corrs 4
sub corrs 40
corrs 5
sub corrs 50
corrs 6
sub corrs 60
corrs 7
sub corrs 70
corrs 8
sub corrs 80
corrs 9
sub corrs 90
corrs 10
sub corrs 100
Optimization terminated successfully    (Exit mode 0)
            Current function value: 0.17244269031141854
            Iterations: 1
            Function evaluations: 2
            Gradient evaluations: 1
       rank  accuracy     error
0  0.923119  0.180147  0.172443
Optimization terminated successfully    (Exit mode 0)
            Current function value: 0.07098832179930803
            Iterations: 8
            Function evaluations: 38
            Gradient evaluations: 8
       rank  accuracy     error
0  0.954166  0.216912  0.070988
Optimization terminated successfully    (Exit mode 0)
            Current function value: 0.07194798875432531
            Iterations: 9
            Function evaluations: 52
            Gradient evaluations: 9
      rank  accuracy     error
0  0.92543  0.183824  0.071948
Optimization terminated successfully    (Exit mode 0)
            Current function value: 0.06786602508650519
            Iterations: 5
            Function evaluations: 36
            Gradient evaluations: 5
       rank  accuracy     error
0  0.835194  0.040441  0.067866
Optimization terminated successfully    (Exit mode 0)
            Current function value: 0.019612348615916975
            Iterations: 7
            Function evaluations: 53
            Gradient evaluations: 7
       rank  accuracy     error
0  0.926917  0.139706  0.019612
Optimization terminated successfully    (Exit mode 0)
            Current function value: 0.0195717993079585
            Iterations: 6
            Function evaluations: 54
            Gradient evaluations: 6
       rank  accuracy     error
0  0.927498  0.143382  0.019572
Optimization terminated successfully    (Exit mode 0)
            Current function value: 0.018544550173010405
            Iterations: 8
            Function evaluations: 77
            Gradient evaluations: 8
       rank  accuracy     error
0  0.934635  0.165441  0.018545
Optimization terminated successfully    (Exit mode 0)
            Current function value: 0.018463451557093447
            Iterations: 11
            Function evaluations: 113
            Gradient evaluations: 11
       rank  accuracy     error
0  0.935378  0.176471  0.018463
Optimization terminated successfully    (Exit mode 0)
            Current function value: 0.017868728373702448
            Iterations: 6
            Function evaluations: 72
            Gradient evaluations: 6
       rank  accuracy     error
0  0.932931  0.165441  0.017869
Optimization terminated successfully    (Exit mode 0)
            Current function value: 0.02681660899653982
            Iterations: 7
            Function evaluations: 91
            Gradient evaluations: 7
       rank  accuracy     error
0  0.907656  0.113971  0.026817
Optimization terminated successfully    (Exit mode 0)
            Current function value: 0.018341803633218016
            Iterations: 10
            Function evaluations: 132
            Gradient evaluations: 10
       rank  accuracy     error
0  0.935905  0.191176  0.018342
✨ Experiment complete. Results archived at: /mnt/beegfs/hellgate/home/tp183485/timecorr_trazzp/Cluster_Data/paragraph_100_10_10_isfc_Isomap_30_laplace.csv
