corrs 1
sub corrs 10
corrs 2
sub corrs 20
corrs 3
sub corrs 30
corrs 4
sub corrs 40
corrs 5
sub corrs 50
corrs 6
sub corrs 60
corrs 7
sub corrs 70
corrs 8
sub corrs 80
corrs 9
sub corrs 90
corrs 10
sub corrs 100
Optimization terminated successfully    (Exit mode 0)
            Current function value: 0.18748648356401362
            Iterations: 1
            Function evaluations: 2
            Gradient evaluations: 1
       rank  accuracy     error
0  0.893207  0.117647  0.187486
Optimization terminated successfully    (Exit mode 0)
            Current function value: 0.0641219723183392
            Iterations: 3
            Function evaluations: 21
            Gradient evaluations: 3
       rank  accuracy     error
0  0.908413  0.147059  0.064122
Optimization terminated successfully    (Exit mode 0)
            Current function value: 0.051119160899654084
            Iterations: 5
            Function evaluations: 34
            Gradient evaluations: 5
       rank  accuracy     error
0  0.937608  0.165441  0.051119
Optimization terminated successfully    (Exit mode 0)
            Current function value: 0.04690203287197238
            Iterations: 4
            Function evaluations: 35
            Gradient evaluations: 4
       rank  accuracy     error
0  0.893315  0.106618  0.046902
Optimization terminated successfully    (Exit mode 0)
            Current function value: 0.06518977076124569
            Iterations: 3
            Function evaluations: 33
            Gradient evaluations: 3
       rank  accuracy    error
0  0.868107  0.047794  0.06519
Optimization terminated successfully    (Exit mode 0)
            Current function value: 0.026397599480968908
            Iterations: 8
            Function evaluations: 72
            Gradient evaluations: 8
       rank  accuracy     error
0  0.880055  0.058824  0.026398
Optimization terminated successfully    (Exit mode 0)
            Current function value: 0.020531466262975837
            Iterations: 9
            Function evaluations: 86
            Gradient evaluations: 9
       rank  accuracy     error
0  0.916374  0.102941  0.020531
Optimization terminated successfully    (Exit mode 0)
            Current function value: 0.014800497404844334
            Iterations: 8
            Function evaluations: 83
            Gradient evaluations: 8
       rank  accuracy   error
0  0.936851  0.128676  0.0148
Optimization terminated successfully    (Exit mode 0)
            Current function value: 0.014246323529411815
            Iterations: 9
            Function evaluations: 104
            Gradient evaluations: 9
       rank  accuracy     error
0  0.931823  0.136029  0.014246
Optimization terminated successfully    (Exit mode 0)
            Current function value: 0.014016544117647106
            Iterations: 9
            Function evaluations: 112
            Gradient evaluations: 9
       rank  accuracy     error
0  0.922159  0.143382  0.014017
Optimization terminated successfully    (Exit mode 0)
            Current function value: 0.014422037197231879
            Iterations: 5
            Function evaluations: 72
            Gradient evaluations: 5
       rank  accuracy     error
0  0.931364  0.132353  0.014422
corrs 1
sub corrs 10
corrs 2
sub corrs 20
corrs 3
sub corrs 30
corrs 4
sub corrs 40
corrs 5
sub corrs 50
corrs 6
sub corrs 60
corrs 7
sub corrs 70
corrs 8
sub corrs 80
corrs 9
sub corrs 90
corrs 10
sub corrs 100
Optimization terminated successfully    (Exit mode 0)
            Current function value: 0.19250108131487875
            Iterations: 1
            Function evaluations: 2
            Gradient evaluations: 1
      rank  accuracy     error
0  0.89472  0.132353  0.192501
Optimization terminated successfully    (Exit mode 0)
            Current function value: 0.06328395328719733
            Iterations: 3
            Function evaluations: 20
            Gradient evaluations: 3
       rank  accuracy     error
0  0.933472  0.176471  0.063284
Optimization terminated successfully    (Exit mode 0)
            Current function value: 0.04934850778546722
            Iterations: 6
            Function evaluations: 35
            Gradient evaluations: 6
       rank  accuracy     error
0  0.949813    0.1875  0.049349
Optimization terminated successfully    (Exit mode 0)
            Current function value: 0.0375216262975779
            Iterations: 4
            Function evaluations: 35
            Gradient evaluations: 4
       rank  accuracy     error
0  0.914144  0.143382  0.037522
Optimization terminated successfully    (Exit mode 0)
            Current function value: 0.04063040657439453
            Iterations: 4
            Function evaluations: 41
            Gradient evaluations: 4
      rank  accuracy    error
0  0.91313  0.150735  0.04063
Optimization terminated successfully    (Exit mode 0)
            Current function value: 0.01881487889273363
            Iterations: 5
            Function evaluations: 49
            Gradient evaluations: 5
       rank  accuracy     error
0  0.924781  0.147059  0.018815
Optimization terminated successfully    (Exit mode 0)
            Current function value: 0.018139057093425667
            Iterations: 7
            Function evaluations: 69
            Gradient evaluations: 7
      rank  accuracy     error
0  0.92497  0.147059  0.018139
Optimization terminated successfully    (Exit mode 0)
            Current function value: 0.013421820934256102
            Iterations: 7
            Function evaluations: 74
            Gradient evaluations: 7
       rank  accuracy     error
0  0.939649  0.172794  0.013422
Optimization terminated successfully    (Exit mode 0)
            Current function value: 0.013232590830449878
            Iterations: 5
            Function evaluations: 64
            Gradient evaluations: 5
       rank  accuracy     error
0  0.937176  0.161765  0.013233
Optimization terminated successfully    (Exit mode 0)
            Current function value: 0.013529952422145374
            Iterations: 4
            Function evaluations: 55
            Gradient evaluations: 4
       rank  accuracy    error
0  0.938041  0.161765  0.01353
Optimization terminated successfully    (Exit mode 0)
            Current function value: 0.013300173010380672
            Iterations: 7
            Function evaluations: 98
            Gradient evaluations: 7
      rank  accuracy   error
0  0.94634  0.161765  0.0133
✨ Experiment complete. Results archived at: /mnt/beegfs/hellgate/home/tp183485/timecorr_trazzp/Cluster_Data/paragraph_100_10_10_isfc_Isomap_5_laplace.csv
