corrs 1
sub corrs 10
corrs 2
sub corrs 20
corrs 3
sub corrs 30
corrs 4
sub corrs 40
corrs 5
sub corrs 50
corrs 6
sub corrs 60
corrs 7
sub corrs 70
corrs 8
sub corrs 80
corrs 9
sub corrs 90
corrs 10
sub corrs 100
Optimization terminated successfully    (Exit mode 0)
            Current function value: 0.2230617430795847
            Iterations: 1
            Function evaluations: 2
            Gradient evaluations: 1
       rank  accuracy     error
0  0.915117     0.125  0.223062
Optimization terminated successfully    (Exit mode 0)
            Current function value: 0.2230617430795847
            Iterations: 4
            Function evaluations: 12
            Gradient evaluations: 4
       rank  accuracy     error
0  0.915117     0.125  0.223062
Optimization terminated successfully    (Exit mode 0)
            Current function value: 0.2230617430795847
            Iterations: 4
            Function evaluations: 27
            Gradient evaluations: 4
       rank  accuracy     error
0  0.915117     0.125  0.223062
Optimization terminated successfully    (Exit mode 0)
            Current function value: 0.22496756055363315
            Iterations: 3
            Function evaluations: 26
            Gradient evaluations: 3
       rank  accuracy     error
0  0.914982  0.121324  0.224968
Optimization terminated successfully    (Exit mode 0)
            Current function value: 0.22419712370242212
            Iterations: 4
            Function evaluations: 35
            Gradient evaluations: 4
      rank  accuracy     error
0  0.91436  0.128676  0.224197
Optimization terminated successfully    (Exit mode 0)
            Current function value: 0.22064230103806218
            Iterations: 7
            Function evaluations: 60
            Gradient evaluations: 7
       rank  accuracy     error
0  0.915292     0.125  0.220642
Optimization terminated successfully    (Exit mode 0)
            Current function value: 0.2206693339100346
            Iterations: 6
            Function evaluations: 62
            Gradient evaluations: 6
       rank  accuracy     error
0  0.912373  0.128676  0.220669
Optimization terminated successfully    (Exit mode 0)
            Current function value: 0.18639165224913493
            Iterations: 4
            Function evaluations: 48
            Gradient evaluations: 4
       rank  accuracy     error
0  0.919888  0.110294  0.186392
Optimization terminated successfully    (Exit mode 0)
            Current function value: 0.17437554065743943
            Iterations: 7
            Function evaluations: 84
            Gradient evaluations: 7
       rank  accuracy     error
0  0.915887  0.117647  0.174376
Optimization terminated successfully    (Exit mode 0)
            Current function value: 0.1861889057093426
            Iterations: 5
            Function evaluations: 70
            Gradient evaluations: 5
       rank  accuracy     error
0  0.917901  0.113971  0.186189
Optimization terminated successfully    (Exit mode 0)
            Current function value: 0.19373107698961936
            Iterations: 7
            Function evaluations: 102
            Gradient evaluations: 7
       rank  accuracy     error
0  0.916901  0.128676  0.193731
corrs 1
sub corrs 10
corrs 2
sub corrs 20
corrs 3
sub corrs 30
corrs 4
sub corrs 40
corrs 5
sub corrs 50
corrs 6
sub corrs 60
corrs 7
sub corrs 70
corrs 8
sub corrs 80
corrs 9
sub corrs 90
corrs 10
sub corrs 100
Optimization terminated successfully    (Exit mode 0)
            Current function value: 0.20311148356401368
            Iterations: 1
            Function evaluations: 2
            Gradient evaluations: 1
       rank  accuracy     error
0  0.915374  0.113971  0.203111
Optimization terminated successfully    (Exit mode 0)
            Current function value: 0.20311148356401368
            Iterations: 3
            Function evaluations: 20
            Gradient evaluations: 3
       rank  accuracy     error
0  0.915374  0.113971  0.203111
Optimization terminated successfully    (Exit mode 0)
            Current function value: 0.20238159602076108
            Iterations: 6
            Function evaluations: 35
            Gradient evaluations: 6
       rank  accuracy     error
0  0.915401  0.113971  0.202382
Optimization terminated successfully    (Exit mode 0)
            Current function value: 0.19873215830449814
            Iterations: 6
            Function evaluations: 44
            Gradient evaluations: 6
       rank  accuracy     error
0  0.915468  0.113971  0.198732
Optimization terminated successfully    (Exit mode 0)
            Current function value: 0.20054336072664347
            Iterations: 3
            Function evaluations: 29
            Gradient evaluations: 3
      rank  accuracy     error
0  0.91509  0.110294  0.200543
Optimization terminated successfully    (Exit mode 0)
            Current function value: 0.1982455666089964
            Iterations: 5
            Function evaluations: 48
            Gradient evaluations: 5
       rank  accuracy     error
0  0.914549  0.117647  0.198246
Optimization terminated successfully    (Exit mode 0)
            Current function value: 0.20311148356401368
            Iterations: 5
            Function evaluations: 51
            Gradient evaluations: 5
       rank  accuracy     error
0  0.915374  0.113971  0.203111
Optimization terminated successfully    (Exit mode 0)
            Current function value: 0.17675443339100338
            Iterations: 11
            Function evaluations: 115
            Gradient evaluations: 11
       rank  accuracy     error
0  0.915928  0.121324  0.176754
Optimization terminated successfully    (Exit mode 0)
            Current function value: 0.17738970588235284
            Iterations: 11
            Function evaluations: 124
            Gradient evaluations: 11
       rank  accuracy    error
0  0.918293  0.113971  0.17739
Optimization terminated successfully    (Exit mode 0)
            Current function value: 0.18408034169550155
            Iterations: 7
            Function evaluations: 91
            Gradient evaluations: 7
       rank  accuracy    error
0  0.919523  0.113971  0.18408
Optimization terminated successfully    (Exit mode 0)
            Current function value: 0.18318825692041507
            Iterations: 8
            Function evaluations: 111
            Gradient evaluations: 8
      rank  accuracy     error
0  0.91928  0.113971  0.183188
✨ Experiment complete. Results archived at: /mnt/beegfs/hellgate/home/tp183485/timecorr_trazzp/Cluster_Data/paragraph_100_10_10_isfc_FastICA_5_mexican_hat.csv
