corrs 1
sub corrs 10
corrs 2
sub corrs 20
corrs 3
sub corrs 30
corrs 4
sub corrs 40
corrs 5
sub corrs 50
corrs 6
sub corrs 60
corrs 7
sub corrs 70
corrs 8
sub corrs 80
corrs 9
sub corrs 90
corrs 10
sub corrs 100
Optimization terminated successfully    (Exit mode 0)
            Current function value: 0.09631111111111132
            Iterations: 1
            Function evaluations: 2
            Gradient evaluations: 1
       rank  accuracy     error
0  0.958322  0.246667  0.096311
Optimization terminated successfully    (Exit mode 0)
            Current function value: 0.021077777777777723
            Iterations: 4
            Function evaluations: 23
            Gradient evaluations: 4
     rank  accuracy     error
0  0.9868  0.346667  0.021078
Optimization terminated successfully    (Exit mode 0)
            Current function value: 0.024666666666666615
            Iterations: 4
            Function evaluations: 27
            Gradient evaluations: 4
       rank  accuracy     error
0  0.986244      0.36  0.024667
Optimization terminated successfully    (Exit mode 0)
            Current function value: 0.0262888888888888
            Iterations: 4
            Function evaluations: 31
            Gradient evaluations: 4
     rank  accuracy     error
0  0.9848  0.303333  0.026289
Optimization terminated successfully    (Exit mode 0)
            Current function value: 0.02771111111111108
            Iterations: 2
            Function evaluations: 23
            Gradient evaluations: 2
       rank  accuracy     error
0  0.981744  0.366667  0.027711
Optimization terminated successfully    (Exit mode 0)
            Current function value: 0.017555555555555505
            Iterations: 5
            Function evaluations: 49
            Gradient evaluations: 5
       rank  accuracy     error
0  0.988644  0.336667  0.017556
Optimization terminated successfully    (Exit mode 0)
            Current function value: 0.014577777777777792
            Iterations: 9
            Function evaluations: 90
            Gradient evaluations: 9
    rank  accuracy     error
0  0.989  0.366667  0.014578
Optimization terminated successfully    (Exit mode 0)
            Current function value: 0.0
            Iterations: 1
            Function evaluations: 9
            Gradient evaluations: 1
   rank  accuracy  error
0   1.0       1.0    0.0
Optimization terminated successfully    (Exit mode 0)
            Current function value: 0.0
            Iterations: 1
            Function evaluations: 10
            Gradient evaluations: 1
   rank  accuracy  error
0   1.0       1.0    0.0
Optimization terminated successfully    (Exit mode 0)
            Current function value: 0.0
            Iterations: 1
            Function evaluations: 11
            Gradient evaluations: 1
   rank  accuracy  error
0   1.0       1.0    0.0
Optimization terminated successfully    (Exit mode 0)
            Current function value: 0.0
            Iterations: 1
            Function evaluations: 12
            Gradient evaluations: 1
   rank  accuracy  error
0   1.0       1.0    0.0
corrs 1
sub corrs 10
corrs 2
sub corrs 20
corrs 3
sub corrs 30
corrs 4
sub corrs 40
corrs 5
sub corrs 50
corrs 6
sub corrs 60
corrs 7
sub corrs 70
corrs 8
sub corrs 80
corrs 9
sub corrs 90
corrs 10
sub corrs 100
Optimization terminated successfully    (Exit mode 0)
            Current function value: 0.11091111111111114
            Iterations: 1
            Function evaluations: 2
            Gradient evaluations: 1
       rank  accuracy     error
0  0.957944      0.24  0.110911
Optimization terminated successfully    (Exit mode 0)
            Current function value: 0.02899999999999998
            Iterations: 4
            Function evaluations: 25
            Gradient evaluations: 4
     rank  accuracy  error
0  0.9863  0.316667  0.029
Optimization terminated successfully    (Exit mode 0)
            Current function value: 0.02918888888888888
            Iterations: 5
            Function evaluations: 32
            Gradient evaluations: 5
       rank  accuracy     error
0  0.984956  0.306667  0.029189
Optimization terminated successfully    (Exit mode 0)
            Current function value: 0.02966666666666666
            Iterations: 5
            Function evaluations: 36
            Gradient evaluations: 5
       rank  accuracy     error
0  0.986678  0.316667  0.029667
Optimization terminated successfully    (Exit mode 0)
            Current function value: 0.028133333333333312
            Iterations: 7
            Function evaluations: 57
            Gradient evaluations: 7
     rank  accuracy     error
0  0.9859  0.316667  0.028133
Optimization terminated successfully    (Exit mode 0)
            Current function value: 0.02938888888888884
            Iterations: 8
            Function evaluations: 72
            Gradient evaluations: 8
       rank  accuracy     error
0  0.987789  0.316667  0.029389
Optimization terminated successfully    (Exit mode 0)
            Current function value: 0.028144444444444444
            Iterations: 4
            Function evaluations: 44
            Gradient evaluations: 4
       rank  accuracy     error
0  0.986011  0.333333  0.028144
Optimization terminated successfully    (Exit mode 0)
            Current function value: 0.0
            Iterations: 1
            Function evaluations: 9
            Gradient evaluations: 1
   rank  accuracy  error
0   1.0       1.0    0.0
Optimization terminated successfully    (Exit mode 0)
            Current function value: 0.0
            Iterations: 1
            Function evaluations: 10
            Gradient evaluations: 1
   rank  accuracy  error
0   1.0       1.0    0.0
Optimization terminated successfully    (Exit mode 0)
            Current function value: 0.0
            Iterations: 1
            Function evaluations: 11
            Gradient evaluations: 1
   rank  accuracy  error
0   1.0       1.0    0.0
Optimization terminated successfully    (Exit mode 0)
            Current function value: 0.0
            Iterations: 1
            Function evaluations: 12
            Gradient evaluations: 1
   rank  accuracy  error
0   1.0       1.0    0.0
✨ Experiment complete. Results archived at: /mnt/beegfs/hellgate/home/tp183485/timecorr_trazzp/Cluster_Data/intact_100_10_10_isfc_LocallyLinearEmbedding_50_mexican_hat.csv
