corrs 1
sub corrs 10
corrs 2
sub corrs 20
corrs 3
sub corrs 30
corrs 4
sub corrs 40
corrs 5
sub corrs 50
corrs 6
sub corrs 60
corrs 7
sub corrs 70
corrs 8
sub corrs 80
corrs 9
sub corrs 90
corrs 10
sub corrs 100
Optimization terminated successfully    (Exit mode 0)
            Current function value: 0.09325555555555576
            Iterations: 1
            Function evaluations: 2
            Gradient evaluations: 1
       rank  accuracy     error
0  0.964633  0.276667  0.093256
Optimization terminated successfully    (Exit mode 0)
            Current function value: 0.09325555555555576
            Iterations: 3
            Function evaluations: 9
            Gradient evaluations: 3
       rank  accuracy     error
0  0.964633  0.276667  0.093256
Optimization terminated successfully    (Exit mode 0)
            Current function value: 0.09325555555555576
            Iterations: 5
            Function evaluations: 20
            Gradient evaluations: 5
       rank  accuracy     error
0  0.964633  0.276667  0.093256
Optimization terminated successfully    (Exit mode 0)
            Current function value: 0.09325555555555576
            Iterations: 7
            Function evaluations: 36
            Gradient evaluations: 7
       rank  accuracy     error
0  0.964633  0.276667  0.093256
Optimization terminated successfully    (Exit mode 0)
            Current function value: 0.09325555555555576
            Iterations: 5
            Function evaluations: 30
            Gradient evaluations: 5
       rank  accuracy     error
0  0.964633  0.276667  0.093256
Optimization terminated successfully    (Exit mode 0)
            Current function value: 0.49174444444444454
            Iterations: 2
            Function evaluations: 25
            Gradient evaluations: 2
       rank  accuracy     error
0  0.999878  0.013333  0.491744
Optimization terminated successfully    (Exit mode 0)
            Current function value: 0.4851333333333333
            Iterations: 1
            Function evaluations: 8
            Gradient evaluations: 1
       rank  accuracy     error
0  0.999978      0.01  0.485133
Optimization terminated successfully    (Exit mode 0)
            Current function value: 0.4983333333333334
            Iterations: 1
            Function evaluations: 9
            Gradient evaluations: 1
   rank  accuracy     error
0   1.0  0.003333  0.498333
Optimization terminated successfully    (Exit mode 0)
            Current function value: 0.4983333333333334
            Iterations: 1
            Function evaluations: 10
            Gradient evaluations: 1
   rank  accuracy     error
0   1.0  0.003333  0.498333
Optimization terminated successfully    (Exit mode 0)
            Current function value: 0.4983333333333334
            Iterations: 1
            Function evaluations: 11
            Gradient evaluations: 1
   rank  accuracy     error
0   1.0  0.003333  0.498333
Optimization terminated successfully    (Exit mode 0)
            Current function value: 0.4983333333333334
            Iterations: 1
            Function evaluations: 12
            Gradient evaluations: 1
   rank  accuracy     error
0   1.0  0.003333  0.498333
corrs 1
sub corrs 10
corrs 2
sub corrs 20
corrs 3
sub corrs 30
corrs 4
sub corrs 40
corrs 5
sub corrs 50
corrs 6
sub corrs 60
corrs 7
sub corrs 70
corrs 8
sub corrs 80
corrs 9
sub corrs 90
corrs 10
sub corrs 100
Optimization terminated successfully    (Exit mode 0)
            Current function value: 0.08810000000000015
            Iterations: 1
            Function evaluations: 2
            Gradient evaluations: 1
       rank  accuracy   error
0  0.965578  0.273333  0.0881
Optimization terminated successfully    (Exit mode 0)
            Current function value: 0.08810000000000015
            Iterations: 3
            Function evaluations: 9
            Gradient evaluations: 3
       rank  accuracy   error
0  0.965578  0.273333  0.0881
Optimization terminated successfully    (Exit mode 0)
            Current function value: 0.08810000000000015
            Iterations: 5
            Function evaluations: 20
            Gradient evaluations: 5
       rank  accuracy   error
0  0.965578  0.273333  0.0881
Optimization terminated successfully    (Exit mode 0)
            Current function value: 0.08810000000000015
            Iterations: 6
            Function evaluations: 30
            Gradient evaluations: 6
       rank  accuracy   error
0  0.965578  0.273333  0.0881
Optimization terminated successfully    (Exit mode 0)
            Current function value: 0.31074444444444443
            Iterations: 3
            Function evaluations: 29
            Gradient evaluations: 3
       rank  accuracy     error
0  0.947733  0.013333  0.310744
Optimization terminated successfully    (Exit mode 0)
            Current function value: 0.4850555555555555
            Iterations: 1
            Function evaluations: 7
            Gradient evaluations: 1
       rank  accuracy     error
0  0.999211  0.006667  0.485056
Optimization terminated successfully    (Exit mode 0)
            Current function value: 0.4754111111111111
            Iterations: 1
            Function evaluations: 8
            Gradient evaluations: 1
       rank  accuracy     error
0  0.999833      0.01  0.475411
Optimization terminated successfully    (Exit mode 0)
            Current function value: 0.4983333333333334
            Iterations: 1
            Function evaluations: 9
            Gradient evaluations: 1
   rank  accuracy     error
0   1.0  0.003333  0.498333
Optimization terminated successfully    (Exit mode 0)
            Current function value: 0.4983333333333334
            Iterations: 1
            Function evaluations: 10
            Gradient evaluations: 1
   rank  accuracy     error
0   1.0  0.003333  0.498333
Optimization terminated successfully    (Exit mode 0)
            Current function value: 0.4983333333333334
            Iterations: 1
            Function evaluations: 11
            Gradient evaluations: 1
   rank  accuracy     error
0   1.0  0.003333  0.498333
Optimization terminated successfully    (Exit mode 0)
            Current function value: 0.4983333333333334
            Iterations: 1
            Function evaluations: 12
            Gradient evaluations: 1
   rank  accuracy     error
0   1.0  0.003333  0.498333
✨ Experiment complete. Results archived at: /mnt/beegfs/hellgate/home/tp183485/timecorr_trazzp/Cluster_Data/intact_100_10_10_isfc_DictionaryLearning_30_gaussian.csv
