corrs 1
sub corrs 10
corrs 2
sub corrs 20
corrs 3
sub corrs 30
corrs 4
sub corrs 40
corrs 5
sub corrs 50
corrs 6
sub corrs 60
corrs 7
sub corrs 70
corrs 8
sub corrs 80
corrs 9
sub corrs 90
corrs 10
sub corrs 100
Optimization terminated successfully    (Exit mode 0)
            Current function value: 0.15872350778546696
            Iterations: 1
            Function evaluations: 2
            Gradient evaluations: 1
       rank  accuracy     error
0  0.937216  0.172794  0.158724
Optimization terminated successfully    (Exit mode 0)
            Current function value: 0.15228968425605519
            Iterations: 6
            Function evaluations: 30
            Gradient evaluations: 6
       rank  accuracy    error
0  0.937176  0.180147  0.15229
Optimization terminated successfully    (Exit mode 0)
            Current function value: 0.13863808391003452
            Iterations: 4
            Function evaluations: 27
            Gradient evaluations: 4
       rank  accuracy     error
0  0.939365  0.183824  0.138638
Optimization terminated successfully    (Exit mode 0)
            Current function value: 0.1467884948096884
            Iterations: 2
            Function evaluations: 21
            Gradient evaluations: 2
       rank  accuracy     error
0  0.942501  0.191176  0.146788
Optimization terminated successfully    (Exit mode 0)
            Current function value: 0.13855698529411753
            Iterations: 3
            Function evaluations: 29
            Gradient evaluations: 3
       rank  accuracy     error
0  0.938987  0.183824  0.138557
Optimization terminated successfully    (Exit mode 0)
            Current function value: 0.1388813797577854
            Iterations: 4
            Function evaluations: 40
            Gradient evaluations: 4
       rank  accuracy     error
0  0.938487  0.183824  0.138881
Optimization terminated successfully    (Exit mode 0)
            Current function value: 0.14128730536332168
            Iterations: 2
            Function evaluations: 27
            Gradient evaluations: 2
       rank  accuracy     error
0  0.937311  0.176471  0.141287
Optimization terminated successfully    (Exit mode 0)
            Current function value: 0.14007082612456737
            Iterations: 5
            Function evaluations: 56
            Gradient evaluations: 5
       rank  accuracy     error
0  0.936973  0.180147  0.140071
Optimization terminated successfully    (Exit mode 0)
            Current function value: 0.14076016435986138
            Iterations: 5
            Function evaluations: 63
            Gradient evaluations: 5
       rank  accuracy    error
0  0.936932  0.183824  0.14076
Optimization terminated successfully    (Exit mode 0)
            Current function value: 0.07462424307958485
            Iterations: 8
            Function evaluations: 103
            Gradient evaluations: 8
       rank  accuracy     error
0  0.786819  0.143382  0.074624
Optimization terminated successfully    (Exit mode 0)
            Current function value: 0.12153979238754324
            Iterations: 6
            Function evaluations: 87
            Gradient evaluations: 6
       rank  accuracy    error
0  0.925349  0.180147  0.12154
corrs 1
sub corrs 10
corrs 2
sub corrs 20
corrs 3
sub corrs 30
corrs 4
sub corrs 40
corrs 5
sub corrs 50
corrs 6
sub corrs 60
corrs 7
sub corrs 70
corrs 8
sub corrs 80
corrs 9
sub corrs 90
corrs 10
sub corrs 100
Optimization terminated successfully    (Exit mode 0)
            Current function value: 0.18113375865051884
            Iterations: 1
            Function evaluations: 2
            Gradient evaluations: 1
       rank  accuracy     error
0  0.938406  0.165441  0.181134
Optimization terminated successfully    (Exit mode 0)
            Current function value: 0.17547037197231802
            Iterations: 1
            Function evaluations: 14
            Gradient evaluations: 1
      rank  accuracy    error
0  0.93381  0.176471  0.17547
Optimization terminated successfully    (Exit mode 0)
            Current function value: 0.15618241782006909
            Iterations: 3
            Function evaluations: 24
            Gradient evaluations: 3
      rank  accuracy     error
0  0.93777  0.180147  0.156182
Optimization terminated successfully    (Exit mode 0)
            Current function value: 0.15811526816608992
            Iterations: 6
            Function evaluations: 44
            Gradient evaluations: 6
       rank  accuracy     error
0  0.939284  0.191176  0.158115
Optimization terminated successfully    (Exit mode 0)
            Current function value: 0.16222426470588222
            Iterations: 5
            Function evaluations: 45
            Gradient evaluations: 5
       rank  accuracy     error
0  0.939527  0.172794  0.162224
Optimization terminated successfully    (Exit mode 0)
            Current function value: 0.1709288494809685
            Iterations: 7
            Function evaluations: 65
            Gradient evaluations: 7
       rank  accuracy     error
0  0.937919    0.1875  0.170929
Optimization terminated successfully    (Exit mode 0)
            Current function value: 0.1695907223183388
            Iterations: 6
            Function evaluations: 69
            Gradient evaluations: 6
       rank  accuracy     error
0  0.936986  0.191176  0.169591
Optimization terminated successfully    (Exit mode 0)
            Current function value: 0.15481725778546704
            Iterations: 7
            Function evaluations: 77
            Gradient evaluations: 7
       rank  accuracy     error
0  0.939636    0.1875  0.154817
Optimization terminated successfully    (Exit mode 0)
            Current function value: 0.15975075692041502
            Iterations: 9
            Function evaluations: 107
            Gradient evaluations: 9
       rank  accuracy     error
0  0.921321  0.183824  0.159751
Optimization terminated successfully    (Exit mode 0)
            Current function value: 0.15431714965397889
            Iterations: 4
            Function evaluations: 58
            Gradient evaluations: 4
       rank  accuracy     error
0  0.920996    0.1875  0.154317
Optimization terminated successfully    (Exit mode 0)
            Current function value: 0.14536926903114175
            Iterations: 3
            Function evaluations: 51
            Gradient evaluations: 3
       rank  accuracy     error
0  0.904412  0.180147  0.145369
✨ Experiment complete. Results archived at: /mnt/beegfs/hellgate/home/tp183485/timecorr_trazzp/Cluster_Data/paragraph_100_10_10_isfc_UMAP_10_gaussian.csv
