corrs 1
sub corrs 10
corrs 2
sub corrs 20
corrs 3
sub corrs 30
corrs 4
sub corrs 40
corrs 5
sub corrs 50
corrs 6
sub corrs 60
corrs 7
sub corrs 70
corrs 8
sub corrs 80
corrs 9
sub corrs 90
corrs 10
sub corrs 100
Optimization terminated successfully    (Exit mode 0)
            Current function value: 0.16272437283737015
            Iterations: 1
            Function evaluations: 2
            Gradient evaluations: 1
       rank  accuracy     error
0  0.916536  0.143382  0.162724
Optimization terminated successfully    (Exit mode 0)
            Current function value: 0.14432850346020745
            Iterations: 4
            Function evaluations: 24
            Gradient evaluations: 4
       rank  accuracy     error
0  0.920212  0.143382  0.144329
Optimization terminated successfully    (Exit mode 0)
            Current function value: 0.09315527681660905
            Iterations: 5
            Function evaluations: 32
            Gradient evaluations: 5
       rank  accuracy     error
0  0.955396    0.1875  0.093155
Optimization terminated successfully    (Exit mode 0)
            Current function value: 0.06491944204152257
            Iterations: 7
            Function evaluations: 47
            Gradient evaluations: 7
      rank  accuracy     error
0  0.95003  0.194853  0.064919
Optimization terminated successfully    (Exit mode 0)
            Current function value: 0.07913873269896199
            Iterations: 5
            Function evaluations: 45
            Gradient evaluations: 5
       rank  accuracy     error
0  0.945623  0.176471  0.079139
Optimization terminated successfully    (Exit mode 0)
            Current function value: 0.05455233564013852
            Iterations: 7
            Function evaluations: 70
            Gradient evaluations: 7
       rank  accuracy     error
0  0.954504  0.172794  0.054552
Optimization terminated successfully    (Exit mode 0)
            Current function value: 0.052389705882353026
            Iterations: 14
            Function evaluations: 128
            Gradient evaluations: 14
       rank  accuracy    error
0  0.951341  0.202206  0.05239
Optimization terminated successfully    (Exit mode 0)
            Current function value: 0.06650086505190318
            Iterations: 7
            Function evaluations: 92
            Gradient evaluations: 7
       rank  accuracy     error
0  0.922672  0.161765  0.066501
Optimization terminated successfully    (Exit mode 0)
            Current function value: 0.022721128892733596
            Iterations: 6
            Function evaluations: 75
            Gradient evaluations: 6
       rank  accuracy     error
0  0.970791  0.235294  0.022721
Optimization terminated successfully    (Exit mode 0)
            Current function value: 0.022653546712802803
            Iterations: 7
            Function evaluations: 93
            Gradient evaluations: 7
       rank  accuracy     error
0  0.974616  0.238971  0.022654
Optimization terminated successfully    (Exit mode 0)
            Current function value: 0.02296442474048446
            Iterations: 7
            Function evaluations: 97
            Gradient evaluations: 7
       rank  accuracy     error
0  0.976022  0.238971  0.022964
corrs 1
sub corrs 10
corrs 2
sub corrs 20
corrs 3
sub corrs 30
corrs 4
sub corrs 40
corrs 5
sub corrs 50
corrs 6
sub corrs 60
corrs 7
sub corrs 70
corrs 8
sub corrs 80
corrs 9
sub corrs 90
corrs 10
sub corrs 100
Optimization terminated successfully    (Exit mode 0)
            Current function value: 0.1846480320069203
            Iterations: 1
            Function evaluations: 2
            Gradient evaluations: 1
       rank  accuracy     error
0  0.917442  0.176471  0.184648
Optimization terminated successfully    (Exit mode 0)
            Current function value: 0.1668063365051904
            Iterations: 5
            Function evaluations: 27
            Gradient evaluations: 5
       rank  accuracy     error
0  0.920577  0.180147  0.166806
Optimization terminated successfully    (Exit mode 0)
            Current function value: 0.10918576989619383
            Iterations: 6
            Function evaluations: 37
            Gradient evaluations: 6
       rank  accuracy     error
0  0.957721  0.194853  0.109186
Optimization terminated successfully    (Exit mode 0)
            Current function value: 0.08261245674740496
            Iterations: 7
            Function evaluations: 48
            Gradient evaluations: 7
       rank  accuracy     error
0  0.949205  0.209559  0.082612
Optimization terminated successfully    (Exit mode 0)
            Current function value: 0.08322069636678202
            Iterations: 3
            Function evaluations: 31
            Gradient evaluations: 3
       rank  accuracy     error
0  0.929985  0.183824  0.083221
Optimization terminated successfully    (Exit mode 0)
            Current function value: 0.07738159602076132
            Iterations: 5
            Function evaluations: 49
            Gradient evaluations: 5
       rank  accuracy     error
0  0.942069  0.216912  0.077382
Optimization terminated successfully    (Exit mode 0)
            Current function value: 0.13035250865051867
            Iterations: 10
            Function evaluations: 92
            Gradient evaluations: 10
       rank  accuracy     error
0  0.817947  0.165441  0.130353
Optimization terminated successfully    (Exit mode 0)
            Current function value: 0.046428957612456814
            Iterations: 6
            Function evaluations: 69
            Gradient evaluations: 6
       rank  accuracy     error
0  0.957545  0.220588  0.046429
Optimization terminated successfully    (Exit mode 0)
            Current function value: 0.027249134948096918
            Iterations: 5
            Function evaluations: 64
            Gradient evaluations: 5
       rank  accuracy     error
0  0.977833  0.213235  0.027249
Optimization terminated successfully    (Exit mode 0)
            Current function value: 0.03068230968858135
            Iterations: 6
            Function evaluations: 89
            Gradient evaluations: 6
       rank  accuracy     error
0  0.971872  0.209559  0.030682
Optimization terminated successfully    (Exit mode 0)
            Current function value: 0.025018923010380653
            Iterations: 6
            Function evaluations: 86
            Gradient evaluations: 6
      rank  accuracy     error
0  0.97686  0.224265  0.025019
✨ Experiment complete. Results archived at: /mnt/beegfs/hellgate/home/tp183485/timecorr_trazzp/Cluster_Data/paragraph_100_10_10_isfc_PCA_30_laplace.csv
