corrs 1
sub corrs 10
corrs 2
sub corrs 20
corrs 3
sub corrs 30
corrs 4
sub corrs 40
corrs 5
sub corrs 50
corrs 6
sub corrs 60
corrs 7
sub corrs 70
corrs 8
sub corrs 80
corrs 9
sub corrs 90
corrs 10
sub corrs 100
Optimization terminated successfully    (Exit mode 0)
            Current function value: 0.17046929065743932
            Iterations: 1
            Function evaluations: 2
            Gradient evaluations: 1
      rank  accuracy     error
0  0.92812  0.205882  0.170469
Optimization terminated successfully    (Exit mode 0)
            Current function value: 0.14972156141868498
            Iterations: 6
            Function evaluations: 31
            Gradient evaluations: 6
       rank  accuracy     error
0  0.933405  0.194853  0.149722
Optimization terminated successfully    (Exit mode 0)
            Current function value: 0.15032980103806226
            Iterations: 6
            Function evaluations: 36
            Gradient evaluations: 6
       rank  accuracy    error
0  0.934662  0.198529  0.15033
Optimization terminated successfully    (Exit mode 0)
            Current function value: 0.1289332828719722
            Iterations: 6
            Function evaluations: 42
            Gradient evaluations: 6
       rank  accuracy     error
0  0.938176  0.191176  0.128933
Optimization terminated successfully    (Exit mode 0)
            Current function value: 0.11320015138408313
            Iterations: 4
            Function evaluations: 35
            Gradient evaluations: 4
       rank  accuracy   error
0  0.939879  0.224265  0.1132
Optimization terminated successfully    (Exit mode 0)
            Current function value: 0.12126946366782002
            Iterations: 8
            Function evaluations: 71
            Gradient evaluations: 8
       rank  accuracy     error
0  0.939325  0.205882  0.121269
Optimization terminated successfully    (Exit mode 0)
            Current function value: 0.18295847750865035
            Iterations: 3
            Function evaluations: 36
            Gradient evaluations: 3
       rank  accuracy     error
0  0.766071  0.066176  0.182958
Optimization terminated successfully    (Exit mode 0)
            Current function value: 0.13535358996539773
            Iterations: 10
            Function evaluations: 110
            Gradient evaluations: 10
       rank  accuracy     error
0  0.900857  0.158088  0.135354
Optimization terminated successfully    (Exit mode 0)
            Current function value: 0.09810229238754334
            Iterations: 5
            Function evaluations: 78
            Gradient evaluations: 5
       rank  accuracy     error
0  0.859429  0.128676  0.098102
Optimization terminated successfully    (Exit mode 0)
            Current function value: 0.10957774653979248
            Iterations: 4
            Function evaluations: 56
            Gradient evaluations: 4
       rank  accuracy     error
0  0.815893  0.066176  0.109578
Optimization terminated successfully    (Exit mode 0)
            Current function value: 0.0975210856401384
            Iterations: 9
            Function evaluations: 129
            Gradient evaluations: 9
       rank  accuracy     error
0  0.687311  0.007353  0.097521
corrs 1
sub corrs 10
corrs 2
sub corrs 20
corrs 3
sub corrs 30
corrs 4
sub corrs 40
corrs 5
sub corrs 50
corrs 6
sub corrs 60
corrs 7
sub corrs 70
corrs 8
sub corrs 80
corrs 9
sub corrs 90
corrs 10
sub corrs 100
Optimization terminated successfully    (Exit mode 0)
            Current function value: 0.1818771626297575
            Iterations: 1
            Function evaluations: 2
            Gradient evaluations: 1
       rank  accuracy     error
0  0.928822  0.194853  0.181877
Optimization terminated successfully    (Exit mode 0)
            Current function value: 0.16248107698961933
            Iterations: 5
            Function evaluations: 28
            Gradient evaluations: 5
       rank  accuracy     error
0  0.932904  0.194853  0.162481
Optimization terminated successfully    (Exit mode 0)
            Current function value: 0.16050767733564014
            Iterations: 7
            Function evaluations: 41
            Gradient evaluations: 7
       rank  accuracy     error
0  0.934175  0.205882  0.160508
Optimization terminated successfully    (Exit mode 0)
            Current function value: 0.12793306660899648
            Iterations: 10
            Function evaluations: 71
            Gradient evaluations: 10
       rank  accuracy     error
0  0.936892  0.205882  0.127933
Optimization terminated successfully    (Exit mode 0)
            Current function value: 0.13965181660899642
            Iterations: 4
            Function evaluations: 40
            Gradient evaluations: 4
       rank  accuracy     error
0  0.889152  0.143382  0.139652
Optimization terminated successfully    (Exit mode 0)
            Current function value: 0.11814716695501713
            Iterations: 5
            Function evaluations: 50
            Gradient evaluations: 5
       rank  accuracy     error
0  0.894126  0.132353  0.118147
Optimization terminated successfully    (Exit mode 0)
            Current function value: 0.14440960207612435
            Iterations: 7
            Function evaluations: 80
            Gradient evaluations: 7
       rank  accuracy    error
0  0.821272  0.091912  0.14441
Optimization terminated successfully    (Exit mode 0)
            Current function value: 0.13889489619377152
            Iterations: 8
            Function evaluations: 105
            Gradient evaluations: 8
       rank  accuracy     error
0  0.848873  0.095588  0.138895
Optimization terminated successfully    (Exit mode 0)
            Current function value: 0.11736321366782013
            Iterations: 4
            Function evaluations: 58
            Gradient evaluations: 4
       rank  accuracy     error
0  0.878812  0.139706  0.117363
Optimization terminated successfully    (Exit mode 0)
            Current function value: 0.13297469723183392
            Iterations: 3
            Function evaluations: 45
            Gradient evaluations: 3
       rank  accuracy     error
0  0.898329  0.161765  0.132975
Optimization terminated successfully    (Exit mode 0)
            Current function value: 0.0815311418685122
            Iterations: 6
            Function evaluations: 87
            Gradient evaluations: 6
       rank  accuracy     error
0  0.913238  0.172794  0.081531
✨ Experiment complete. Results archived at: /mnt/beegfs/hellgate/home/tp183485/timecorr_trazzp/Cluster_Data/paragraph_100_10_10_isfc_PCA_15_laplace.csv
