corrs 1
sub corrs 10
corrs 2
sub corrs 20
corrs 3
sub corrs 30
corrs 4
sub corrs 40
corrs 5
sub corrs 50
corrs 6
sub corrs 60
corrs 7
sub corrs 70
corrs 8
sub corrs 80
corrs 9
sub corrs 90
corrs 10
sub corrs 100
Optimization terminated successfully    (Exit mode 0)
            Current function value: 0.10301111111111123
            Iterations: 1
            Function evaluations: 2
            Gradient evaluations: 1
       rank  accuracy     error
0  0.969622  0.243333  0.103011
Optimization terminated successfully    (Exit mode 0)
            Current function value: 0.09467777777777787
            Iterations: 3
            Function evaluations: 20
            Gradient evaluations: 3
       rank  accuracy     error
0  0.961722  0.216667  0.094678
Optimization terminated successfully    (Exit mode 0)
            Current function value: 0.08441111111111117
            Iterations: 4
            Function evaluations: 34
            Gradient evaluations: 4
       rank  accuracy     error
0  0.960111  0.216667  0.084411
Optimization terminated successfully    (Exit mode 0)
            Current function value: 0.08716666666666675
            Iterations: 4
            Function evaluations: 31
            Gradient evaluations: 4
       rank  accuracy     error
0  0.964433  0.233333  0.087167
Optimization terminated successfully    (Exit mode 0)
            Current function value: 0.08906666666666675
            Iterations: 4
            Function evaluations: 36
            Gradient evaluations: 4
       rank  accuracy     error
0  0.964489      0.24  0.089067
Optimization terminated successfully    (Exit mode 0)
            Current function value: 0.0830000000000001
            Iterations: 7
            Function evaluations: 60
            Gradient evaluations: 7
       rank  accuracy  error
0  0.966167      0.26  0.083
Optimization terminated successfully    (Exit mode 0)
            Current function value: 0.08185555555555564
            Iterations: 4
            Function evaluations: 44
            Gradient evaluations: 4
       rank  accuracy     error
0  0.966256  0.256667  0.081856
Optimization terminated successfully    (Exit mode 0)
            Current function value: 0.08253333333333343
            Iterations: 6
            Function evaluations: 67
            Gradient evaluations: 6
       rank  accuracy     error
0  0.966556      0.26  0.082533
Optimization terminated successfully    (Exit mode 0)
            Current function value: 0.08052222222222231
            Iterations: 10
            Function evaluations: 116
            Gradient evaluations: 10
       rank  accuracy     error
0  0.962322      0.26  0.080522
Optimization terminated successfully    (Exit mode 0)
            Current function value: 0.08238888888888898
            Iterations: 8
            Function evaluations: 103
            Gradient evaluations: 8
       rank  accuracy     error
0  0.966633  0.266667  0.082389
Optimization terminated successfully    (Exit mode 0)
            Current function value: 0.0819444444444445
            Iterations: 5
            Function evaluations: 71
            Gradient evaluations: 5
       rank  accuracy     error
0  0.959644      0.25  0.081944
corrs 1
sub corrs 10
corrs 2
sub corrs 20
corrs 3
sub corrs 30
corrs 4
sub corrs 40
corrs 5
sub corrs 50
corrs 6
sub corrs 60
corrs 7
sub corrs 70
corrs 8
sub corrs 80
corrs 9
sub corrs 90
corrs 10
sub corrs 100
Optimization terminated successfully    (Exit mode 0)
            Current function value: 0.07973333333333345
            Iterations: 1
            Function evaluations: 2
            Gradient evaluations: 1
     rank  accuracy     error
0  0.9714  0.246667  0.079733
Optimization terminated successfully    (Exit mode 0)
            Current function value: 0.07688888888888903
            Iterations: 4
            Function evaluations: 23
            Gradient evaluations: 4
     rank  accuracy     error
0  0.9711  0.256667  0.076889
Optimization terminated successfully    (Exit mode 0)
            Current function value: 0.07088888888888902
            Iterations: 3
            Function evaluations: 24
            Gradient evaluations: 3
       rank  accuracy     error
0  0.965289  0.243333  0.070889
Optimization terminated successfully    (Exit mode 0)
            Current function value: 0.0657666666666668
            Iterations: 6
            Function evaluations: 41
            Gradient evaluations: 6
       rank  accuracy     error
0  0.970511  0.256667  0.065767
Optimization terminated successfully    (Exit mode 0)
            Current function value: 0.06500000000000014
            Iterations: 3
            Function evaluations: 29
            Gradient evaluations: 3
       rank  accuracy  error
0  0.967456  0.243333  0.065
Optimization terminated successfully    (Exit mode 0)
            Current function value: 0.07282222222222232
            Iterations: 3
            Function evaluations: 32
            Gradient evaluations: 3
       rank  accuracy     error
0  0.969467  0.263333  0.072822
Optimization terminated successfully    (Exit mode 0)
            Current function value: 0.0595333333333334
            Iterations: 8
            Function evaluations: 78
            Gradient evaluations: 8
       rank  accuracy     error
0  0.970533      0.27  0.059533
Optimization terminated successfully    (Exit mode 0)
            Current function value: 0.057777777777777824
            Iterations: 8
            Function evaluations: 84
            Gradient evaluations: 8
       rank  accuracy     error
0  0.967433  0.253333  0.057778
Optimization terminated successfully    (Exit mode 0)
            Current function value: 0.061733333333333425
            Iterations: 5
            Function evaluations: 61
            Gradient evaluations: 5
     rank  accuracy     error
0  0.9705  0.263333  0.061733
Optimization terminated successfully    (Exit mode 0)
            Current function value: 0.0583555555555556
            Iterations: 7
            Function evaluations: 92
            Gradient evaluations: 7
     rank  accuracy     error
0  0.9702  0.263333  0.058356
Optimization terminated successfully    (Exit mode 0)
            Current function value: 0.07453333333333345
            Iterations: 2
            Function evaluations: 35
            Gradient evaluations: 2
       rank  accuracy     error
0  0.971611  0.256667  0.074533
✨ Experiment complete. Results archived at: /mnt/beegfs/hellgate/home/tp183485/timecorr_trazzp/Cluster_Data/intact_100_10_10_isfc_FactorAnalysis_5_mexican_hat.csv
