corrs 1
sub corrs 10
corrs 2
sub corrs 20
corrs 3
sub corrs 30
corrs 4
sub corrs 40
corrs 5
sub corrs 50
corrs 6
sub corrs 60
corrs 7
sub corrs 70
corrs 8
sub corrs 80
corrs 9
sub corrs 90
corrs 10
sub corrs 100
Optimization terminated successfully    (Exit mode 0)
            Current function value: 0.28119999999999984
            Iterations: 1
            Function evaluations: 2
            Gradient evaluations: 1
Optimization terminated successfully    (Exit mode 0)
            Current function value: 0.12916666666666665
            Iterations: 6
            Function evaluations: 30
            Gradient evaluations: 6
Optimization terminated successfully    (Exit mode 0)
            Current function value: 0.1283222222222222
            Iterations: 1
            Function evaluations: 15
            Gradient evaluations: 1
Optimization terminated successfully    (Exit mode 0)
            Current function value: 0.12775555555555557
            Iterations: 7
            Function evaluations: 47
            Gradient evaluations: 7
Optimization terminated successfully    (Exit mode 0)
            Current function value: 0.12772222222222224
            Iterations: 15
            Function evaluations: 89
            Gradient evaluations: 14
Optimization terminated successfully    (Exit mode 0)
            Current function value: 0.03823333333333334
            Iterations: 1
            Function evaluations: 18
            Gradient evaluations: 1
Optimization terminated successfully    (Exit mode 0)
            Current function value: 0.030744444444444442
            Iterations: 14
            Function evaluations: 135
            Gradient evaluations: 14
Optimization terminated successfully    (Exit mode 0)
            Current function value: 0.024622222222222205
            Iterations: 18
            Function evaluations: 184
            Gradient evaluations: 18
Optimization terminated successfully    (Exit mode 0)
            Current function value: 0.024399999999999984
            Iterations: 17
            Function evaluations: 188
            Gradient evaluations: 17
Optimization terminated successfully    (Exit mode 0)
            Current function value: 0.023922222222222202
            Iterations: 13
            Function evaluations: 160
            Gradient evaluations: 13
Optimization terminated successfully    (Exit mode 0)
            Current function value: 0.018788888888888872
            Iterations: 6
            Function evaluations: 84
            Gradient evaluations: 6
corrs 1
sub corrs 10
corrs 2
sub corrs 20
corrs 3
sub corrs 30
corrs 4
sub corrs 40
corrs 5
sub corrs 50
corrs 6
sub corrs 60
corrs 7
sub corrs 70
corrs 8
sub corrs 80
corrs 9
sub corrs 90
corrs 10
sub corrs 100
Optimization terminated successfully    (Exit mode 0)
            Current function value: 0.27693333333333325
            Iterations: 1
            Function evaluations: 2
            Gradient evaluations: 1
Optimization terminated successfully    (Exit mode 0)
            Current function value: 0.14955555555555547
            Iterations: 6
            Function evaluations: 31
            Gradient evaluations: 6
Optimization terminated successfully    (Exit mode 0)
            Current function value: 0.15143333333333323
            Iterations: 5
            Function evaluations: 31
            Gradient evaluations: 5
Optimization terminated successfully    (Exit mode 0)
            Current function value: 0.15145555555555545
            Iterations: 6
            Function evaluations: 42
            Gradient evaluations: 6
Optimization terminated successfully    (Exit mode 0)
            Current function value: 0.14711111111111103
            Iterations: 9
            Function evaluations: 66
            Gradient evaluations: 9
Optimization terminated successfully    (Exit mode 0)
            Current function value: 0.04552222222222221
            Iterations: 8
            Function evaluations: 72
            Gradient evaluations: 8
Optimization terminated successfully    (Exit mode 0)
            Current function value: 0.03258888888888887
            Iterations: 9
            Function evaluations: 83
            Gradient evaluations: 9
Optimization terminated successfully    (Exit mode 0)
            Current function value: 0.025277777777777743
            Iterations: 11
            Function evaluations: 114
            Gradient evaluations: 11
Optimization terminated successfully    (Exit mode 0)
            Current function value: 0.01998888888888886
            Iterations: 14
            Function evaluations: 159
            Gradient evaluations: 14
Optimization terminated successfully    (Exit mode 0)
            Current function value: 0.019566666666666625
            Iterations: 6
            Function evaluations: 81
            Gradient evaluations: 6
Optimization terminated successfully    (Exit mode 0)
            Current function value: 0.016377777777777765
            Iterations: 16
            Function evaluations: 213
            Gradient evaluations: 16
 Experiment complete. Results at: /mnt/beegfs/hellgate/home/tp183485/timecorr_trazzp/Cluster_Data/word/word_700_10_10_isfc_TruncatedSVD_45_laplace.csv
