corrs 1
sub corrs 10
corrs 2
sub corrs 20
corrs 3
sub corrs 30
corrs 4
sub corrs 40
corrs 5
sub corrs 50
corrs 6
sub corrs 60
corrs 7
sub corrs 70
corrs 8
sub corrs 80
corrs 9
sub corrs 90
corrs 10
sub corrs 100
Optimization terminated successfully    (Exit mode 0)
            Current function value: 0.25657777777777774
            Iterations: 1
            Function evaluations: 2
            Gradient evaluations: 1
Optimization terminated successfully    (Exit mode 0)
            Current function value: 0.23936666666666653
            Iterations: 5
            Function evaluations: 29
            Gradient evaluations: 5
Optimization terminated successfully    (Exit mode 0)
            Current function value: 0.24477777777777757
            Iterations: 5
            Function evaluations: 31
            Gradient evaluations: 5
Optimization terminated successfully    (Exit mode 0)
            Current function value: 0.19105555555555548
            Iterations: 5
            Function evaluations: 37
            Gradient evaluations: 5
Optimization terminated successfully    (Exit mode 0)
            Current function value: 0.16321111111111097
            Iterations: 4
            Function evaluations: 35
            Gradient evaluations: 4
Optimization terminated successfully    (Exit mode 0)
            Current function value: 0.19290000000000004
            Iterations: 6
            Function evaluations: 55
            Gradient evaluations: 6
Optimization terminated successfully    (Exit mode 0)
            Current function value: 0.1097777777777777
            Iterations: 14
            Function evaluations: 131
            Gradient evaluations: 14
Optimization terminated successfully    (Exit mode 0)
            Current function value: 0.10432222222222229
            Iterations: 8
            Function evaluations: 92
            Gradient evaluations: 8
Optimization terminated successfully    (Exit mode 0)
            Current function value: 0.10640000000000013
            Iterations: 13
            Function evaluations: 151
            Gradient evaluations: 13
Optimization terminated successfully    (Exit mode 0)
            Current function value: 0.07164444444444452
            Iterations: 12
            Function evaluations: 152
            Gradient evaluations: 12
Optimization terminated successfully    (Exit mode 0)
            Current function value: 0.13274444444444447
            Iterations: 3
            Function evaluations: 51
            Gradient evaluations: 3
corrs 1
sub corrs 10
corrs 2
sub corrs 20
corrs 3
sub corrs 30
corrs 4
sub corrs 40
corrs 5
sub corrs 50
corrs 6
sub corrs 60
corrs 7
sub corrs 70
corrs 8
sub corrs 80
corrs 9
sub corrs 90
corrs 10
sub corrs 100
Optimization terminated successfully    (Exit mode 0)
            Current function value: 0.2663111111111109
            Iterations: 1
            Function evaluations: 2
            Gradient evaluations: 1
Optimization terminated successfully    (Exit mode 0)
            Current function value: 0.23304444444444408
            Iterations: 5
            Function evaluations: 29
            Gradient evaluations: 5
Optimization terminated successfully    (Exit mode 0)
            Current function value: 0.17344444444444426
            Iterations: 7
            Function evaluations: 42
            Gradient evaluations: 7
Optimization terminated successfully    (Exit mode 0)
            Current function value: 0.19779999999999998
            Iterations: 6
            Function evaluations: 43
            Gradient evaluations: 6
Optimization terminated successfully    (Exit mode 0)
            Current function value: 0.17596666666666644
            Iterations: 4
            Function evaluations: 37
            Gradient evaluations: 4
Optimization terminated successfully    (Exit mode 0)
            Current function value: 0.1860333333333333
            Iterations: 6
            Function evaluations: 54
            Gradient evaluations: 6
Optimization terminated successfully    (Exit mode 0)
            Current function value: 0.09525555555555561
            Iterations: 8
            Function evaluations: 80
            Gradient evaluations: 8
Optimization terminated successfully    (Exit mode 0)
            Current function value: 0.1331444444444445
            Iterations: 7
            Function evaluations: 82
            Gradient evaluations: 7
Optimization terminated successfully    (Exit mode 0)
            Current function value: 0.08627777777777784
            Iterations: 11
            Function evaluations: 129
            Gradient evaluations: 11
Optimization terminated successfully    (Exit mode 0)
            Current function value: 0.09228888888888898
            Iterations: 11
            Function evaluations: 144
            Gradient evaluations: 11
Optimization terminated successfully    (Exit mode 0)
            Current function value: 0.11320000000000002
            Iterations: 9
            Function evaluations: 122
            Gradient evaluations: 9
 Experiment complete. Results at: /mnt/beegfs/hellgate/home/tp183485/timecorr_trazzp/Cluster_Data/word/word_700_10_10_isfc_TruncatedSVD_50_gaussian.csv
