corrs 1
sub corrs 10
corrs 2
sub corrs 20
corrs 3
sub corrs 30
corrs 4
sub corrs 40
corrs 5
sub corrs 50
corrs 6
sub corrs 60
corrs 7
sub corrs 70
corrs 8
sub corrs 80
corrs 9
sub corrs 90
corrs 10
sub corrs 100
Optimization terminated successfully    (Exit mode 0)
            Current function value: 0.20742222222222217
            Iterations: 1
            Function evaluations: 2
            Gradient evaluations: 1
Optimization terminated successfully    (Exit mode 0)
            Current function value: 0.20742222222222217
            Iterations: 4
            Function evaluations: 12
            Gradient evaluations: 4
Optimization terminated successfully    (Exit mode 0)
            Current function value: 0.20742222222222217
            Iterations: 6
            Function evaluations: 24
            Gradient evaluations: 6
Optimization terminated successfully    (Exit mode 0)
            Current function value: 0.20742222222222217
            Iterations: 6
            Function evaluations: 30
            Gradient evaluations: 6
Optimization terminated successfully    (Exit mode 0)
            Current function value: 0.09893333333333337
            Iterations: 11
            Function evaluations: 79
            Gradient evaluations: 11
Optimization terminated successfully    (Exit mode 0)
            Current function value: 0.09858888888888895
            Iterations: 10
            Function evaluations: 89
            Gradient evaluations: 10
Optimization terminated successfully    (Exit mode 0)
            Current function value: 0.09927777777777784
            Iterations: 12
            Function evaluations: 109
            Gradient evaluations: 12
Optimization terminated successfully    (Exit mode 0)
            Current function value: 0.10015555555555561
            Iterations: 12
            Function evaluations: 119
            Gradient evaluations: 12
Optimization terminated successfully    (Exit mode 0)
            Current function value: 0.01267777777777778
            Iterations: 14
            Function evaluations: 156
            Gradient evaluations: 14
Optimization terminated successfully    (Exit mode 0)
            Current function value: 0.011511111111111116
            Iterations: 16
            Function evaluations: 191
            Gradient evaluations: 16
Optimization terminated successfully    (Exit mode 0)
            Current function value: 0.009755555555555562
            Iterations: 7
            Function evaluations: 96
            Gradient evaluations: 7
corrs 1
sub corrs 10
corrs 2
sub corrs 20
corrs 3
sub corrs 30
corrs 4
sub corrs 40
corrs 5
sub corrs 50
corrs 6
sub corrs 60
corrs 7
sub corrs 70
corrs 8
sub corrs 80
corrs 9
sub corrs 90
corrs 10
sub corrs 100
Optimization terminated successfully    (Exit mode 0)
            Current function value: 0.20520000000000002
            Iterations: 1
            Function evaluations: 2
            Gradient evaluations: 1
Optimization terminated successfully    (Exit mode 0)
            Current function value: 0.4323555555555555
            Iterations: 1
            Function evaluations: 14
            Gradient evaluations: 1
Optimization terminated successfully    (Exit mode 0)
            Current function value: 0.4260333333333331
            Iterations: 5
            Function evaluations: 33
            Gradient evaluations: 5
Optimization terminated successfully    (Exit mode 0)
            Current function value: 0.20520000000000002
            Iterations: 5
            Function evaluations: 25
            Gradient evaluations: 5
Optimization terminated successfully    (Exit mode 0)
            Current function value: 0.114011111111111
            Iterations: 10
            Function evaluations: 75
            Gradient evaluations: 10
Optimization terminated successfully    (Exit mode 0)
            Current function value: 0.11576666666666653
            Iterations: 7
            Function evaluations: 60
            Gradient evaluations: 7
Optimization terminated successfully    (Exit mode 0)
            Current function value: 0.12195555555555541
            Iterations: 10
            Function evaluations: 93
            Gradient evaluations: 10
Optimization terminated successfully    (Exit mode 0)
            Current function value: 0.14829999999999988
            Iterations: 7
            Function evaluations: 74
            Gradient evaluations: 7
Optimization terminated successfully    (Exit mode 0)
            Current function value: 0.01205555555555556
            Iterations: 6
            Function evaluations: 73
            Gradient evaluations: 6
Optimization terminated successfully    (Exit mode 0)
            Current function value: 0.012388888888888894
            Iterations: 7
            Function evaluations: 88
            Gradient evaluations: 7
Optimization terminated successfully    (Exit mode 0)
            Current function value: 0.011633333333333343
            Iterations: 8
            Function evaluations: 107
            Gradient evaluations: 8
 Experiment complete. Results at: /mnt/beegfs/hellgate/home/tp183485/timecorr_trazzp/Cluster_Data/word/word_100_10_10_isfc_IncrementalPCA_30_laplace.csv
