corrs 1
sub corrs 10
corrs 2
sub corrs 20
corrs 3
sub corrs 30
corrs 4
sub corrs 40
corrs 5
sub corrs 50
corrs 6
sub corrs 60
corrs 7
sub corrs 70
corrs 8
sub corrs 80
corrs 9
sub corrs 90
corrs 10
sub corrs 100
Optimization terminated successfully    (Exit mode 0)
            Current function value: 0.22599999999999995
            Iterations: 1
            Function evaluations: 2
            Gradient evaluations: 1
Optimization terminated successfully    (Exit mode 0)
            Current function value: 0.22599999999999995
            Iterations: 3
            Function evaluations: 9
            Gradient evaluations: 3
Optimization terminated successfully    (Exit mode 0)
            Current function value: 0.43401111111111096
            Iterations: 3
            Function evaluations: 23
            Gradient evaluations: 3
Optimization terminated successfully    (Exit mode 0)
            Current function value: 0.0938333333333334
            Iterations: 8
            Function evaluations: 54
            Gradient evaluations: 8
Optimization terminated successfully    (Exit mode 0)
            Current function value: 0.0956555555555556
            Iterations: 9
            Function evaluations: 67
            Gradient evaluations: 9
Optimization terminated successfully    (Exit mode 0)
            Current function value: 0.15548888888888887
            Iterations: 4
            Function evaluations: 39
            Gradient evaluations: 4
Optimization terminated successfully    (Exit mode 0)
            Current function value: 0.05087777777777778
            Iterations: 6
            Function evaluations: 61
            Gradient evaluations: 6
Optimization terminated successfully    (Exit mode 0)
            Current function value: 0.13684444444444438
            Iterations: 8
            Function evaluations: 89
            Gradient evaluations: 8
Optimization terminated successfully    (Exit mode 0)
            Current function value: 0.07426666666666674
            Iterations: 3
            Function evaluations: 41
            Gradient evaluations: 3
Optimization terminated successfully    (Exit mode 0)
            Current function value: 0.06192222222222229
            Iterations: 9
            Function evaluations: 111
            Gradient evaluations: 9
Optimization terminated successfully    (Exit mode 0)
            Current function value: 0.05655555555555561
            Iterations: 16
            Function evaluations: 213
            Gradient evaluations: 16
corrs 1
sub corrs 10
corrs 2
sub corrs 20
corrs 3
sub corrs 30
corrs 4
sub corrs 40
corrs 5
sub corrs 50
corrs 6
sub corrs 60
corrs 7
sub corrs 70
corrs 8
sub corrs 80
corrs 9
sub corrs 90
corrs 10
sub corrs 100
Optimization terminated successfully    (Exit mode 0)
            Current function value: 0.22607777777777766
            Iterations: 1
            Function evaluations: 2
            Gradient evaluations: 1
Optimization terminated successfully    (Exit mode 0)
            Current function value: 0.22607777777777766
            Iterations: 3
            Function evaluations: 9
            Gradient evaluations: 3
Optimization terminated successfully    (Exit mode 0)
            Current function value: 0.22607777777777766
            Iterations: 3
            Function evaluations: 12
            Gradient evaluations: 3
Optimization terminated successfully    (Exit mode 0)
            Current function value: 0.08117777777777778
            Iterations: 7
            Function evaluations: 48
            Gradient evaluations: 7
Optimization terminated successfully    (Exit mode 0)
            Current function value: 0.12816666666666668
            Iterations: 5
            Function evaluations: 41
            Gradient evaluations: 5
Optimization terminated successfully    (Exit mode 0)
            Current function value: 0.09858888888888893
            Iterations: 4
            Function evaluations: 39
            Gradient evaluations: 4
Optimization terminated successfully    (Exit mode 0)
            Current function value: 0.06455555555555557
            Iterations: 6
            Function evaluations: 60
            Gradient evaluations: 6
Optimization terminated successfully    (Exit mode 0)
            Current function value: 0.09050000000000007
            Iterations: 7
            Function evaluations: 78
            Gradient evaluations: 7
Optimization terminated successfully    (Exit mode 0)
            Current function value: 0.0579666666666667
            Iterations: 12
            Function evaluations: 145
            Gradient evaluations: 12
Optimization terminated successfully    (Exit mode 0)
            Current function value: 0.11098888888888889
            Iterations: 7
            Function evaluations: 91
            Gradient evaluations: 7
Optimization terminated successfully    (Exit mode 0)
            Current function value: 0.06882222222222226
            Iterations: 10
            Function evaluations: 137
            Gradient evaluations: 10
 Experiment complete. Results at: /mnt/beegfs/hellgate/home/tp183485/timecorr_trazzp/Cluster_Data/word/word_100_10_10_isfc_IncrementalPCA_35_mexican_hat.csv
