corrs 1
sub corrs 10
corrs 2
sub corrs 20
corrs 3
sub corrs 30
corrs 4
sub corrs 40
corrs 5
sub corrs 50
corrs 6
sub corrs 60
corrs 7
sub corrs 70
corrs 8
sub corrs 80
corrs 9
sub corrs 90
corrs 10
sub corrs 100
Optimization terminated successfully    (Exit mode 0)
            Current function value: 0.22306666666666644
            Iterations: 1
            Function evaluations: 2
            Gradient evaluations: 1
Optimization terminated successfully    (Exit mode 0)
            Current function value: 0.21639999999999981
            Iterations: 2
            Function evaluations: 18
            Gradient evaluations: 2
Optimization terminated successfully    (Exit mode 0)
            Current function value: 0.21672222222222207
            Iterations: 6
            Function evaluations: 36
            Gradient evaluations: 6
Optimization terminated successfully    (Exit mode 0)
            Current function value: 0.18686666666666663
            Iterations: 9
            Function evaluations: 64
            Gradient evaluations: 9
Optimization terminated successfully    (Exit mode 0)
            Current function value: 0.19228888888888868
            Iterations: 7
            Function evaluations: 55
            Gradient evaluations: 7
Optimization terminated successfully    (Exit mode 0)
            Current function value: 0.19403333333333314
            Iterations: 1
            Function evaluations: 18
            Gradient evaluations: 1
Optimization terminated successfully    (Exit mode 0)
            Current function value: 0.1689888888888888
            Iterations: 3
            Function evaluations: 35
            Gradient evaluations: 3
Optimization terminated successfully    (Exit mode 0)
            Current function value: 0.16524444444444444
            Iterations: 10
            Function evaluations: 104
            Gradient evaluations: 10
Optimization terminated successfully    (Exit mode 0)
            Current function value: 0.18217777777777763
            Iterations: 11
            Function evaluations: 129
            Gradient evaluations: 11
Optimization terminated successfully    (Exit mode 0)
            Current function value: 0.1771555555555555
            Iterations: 9
            Function evaluations: 116
            Gradient evaluations: 9
Optimization terminated successfully    (Exit mode 0)
            Current function value: 0.17865555555555546
            Iterations: 7
            Function evaluations: 100
            Gradient evaluations: 7
corrs 1
sub corrs 10
corrs 2
sub corrs 20
corrs 3
sub corrs 30
corrs 4
sub corrs 40
corrs 5
sub corrs 50
corrs 6
sub corrs 60
corrs 7
sub corrs 70
corrs 8
sub corrs 80
corrs 9
sub corrs 90
corrs 10
sub corrs 100
Optimization terminated successfully    (Exit mode 0)
            Current function value: 0.22929999999999973
            Iterations: 1
            Function evaluations: 2
            Gradient evaluations: 1
Optimization terminated successfully    (Exit mode 0)
            Current function value: 0.23461111111111113
            Iterations: 3
            Function evaluations: 9
            Gradient evaluations: 3
Optimization terminated successfully    (Exit mode 0)
            Current function value: 0.23461111111111113
            Iterations: 3
            Function evaluations: 12
            Gradient evaluations: 3
Optimization terminated successfully    (Exit mode 0)
            Current function value: 0.20787777777777766
            Iterations: 4
            Function evaluations: 33
            Gradient evaluations: 4
Optimization terminated successfully    (Exit mode 0)
            Current function value: 0.20122222222222216
            Iterations: 9
            Function evaluations: 70
            Gradient evaluations: 9
Optimization terminated successfully    (Exit mode 0)
            Current function value: 0.19603333333333323
            Iterations: 7
            Function evaluations: 64
            Gradient evaluations: 7
Optimization terminated successfully    (Exit mode 0)
            Current function value: 0.1985666666666666
            Iterations: 10
            Function evaluations: 94
            Gradient evaluations: 10
Optimization terminated successfully    (Exit mode 0)
            Current function value: 0.20797777777777768
            Iterations: 7
            Function evaluations: 77
            Gradient evaluations: 7
Optimization terminated successfully    (Exit mode 0)
            Current function value: 0.19481111111111102
            Iterations: 10
            Function evaluations: 118
            Gradient evaluations: 10
Optimization terminated successfully    (Exit mode 0)
            Current function value: 0.1805222222222222
            Iterations: 8
            Function evaluations: 103
            Gradient evaluations: 8
Optimization terminated successfully    (Exit mode 0)
            Current function value: 0.1757222222222223
            Iterations: 8
            Function evaluations: 112
            Gradient evaluations: 8
 Experiment complete. Results at: /mnt/beegfs/hellgate/home/tp183485/timecorr_trazzp/Cluster_Data/word/word_100_10_10_isfc_TruncatedSVD_5_laplace.csv
