corrs 1
sub corrs 10
corrs 2
sub corrs 20
corrs 3
sub corrs 30
corrs 4
sub corrs 40
corrs 5
sub corrs 50
corrs 6
sub corrs 60
corrs 7
sub corrs 70
corrs 8
sub corrs 80
corrs 9
sub corrs 90
corrs 10
sub corrs 100
Optimization terminated successfully    (Exit mode 0)
            Current function value: 0.24669999999999986
            Iterations: 1
            Function evaluations: 2
            Gradient evaluations: 1
Optimization terminated successfully    (Exit mode 0)
            Current function value: 0.24669999999999986
            Iterations: 2
            Function evaluations: 6
            Gradient evaluations: 2
Optimization terminated successfully    (Exit mode 0)
            Current function value: 0.3784333333333331
            Iterations: 3
            Function evaluations: 23
            Gradient evaluations: 3
Optimization terminated successfully    (Exit mode 0)
            Current function value: 0.24669999999999986
            Iterations: 7
            Function evaluations: 35
            Gradient evaluations: 7
Optimization terminated successfully    (Exit mode 0)
            Current function value: 0.24669999999999986
            Iterations: 5
            Function evaluations: 30
            Gradient evaluations: 5
Optimization terminated successfully    (Exit mode 0)
            Current function value: 0.10565555555555556
            Iterations: 9
            Function evaluations: 77
            Gradient evaluations: 9
Optimization terminated successfully    (Exit mode 0)
            Current function value: 0.06588888888888893
            Iterations: 5
            Function evaluations: 53
            Gradient evaluations: 5
Optimization terminated successfully    (Exit mode 0)
            Current function value: 0.06400000000000004
            Iterations: 9
            Function evaluations: 97
            Gradient evaluations: 9
Optimization terminated successfully    (Exit mode 0)
            Current function value: 0.06638888888888897
            Iterations: 13
            Function evaluations: 145
            Gradient evaluations: 13
Optimization terminated successfully    (Exit mode 0)
            Current function value: 0.0680333333333334
            Iterations: 11
            Function evaluations: 137
            Gradient evaluations: 11
Optimization terminated successfully    (Exit mode 0)
            Current function value: 0.0801444444444445
            Iterations: 13
            Function evaluations: 184
            Gradient evaluations: 13
corrs 1
sub corrs 10
corrs 2
sub corrs 20
corrs 3
sub corrs 30
corrs 4
sub corrs 40
corrs 5
sub corrs 50
corrs 6
sub corrs 60
corrs 7
sub corrs 70
corrs 8
sub corrs 80
corrs 9
sub corrs 90
corrs 10
sub corrs 100
Optimization terminated successfully    (Exit mode 0)
            Current function value: 0.2672555555555554
            Iterations: 1
            Function evaluations: 2
            Gradient evaluations: 1
Optimization terminated successfully    (Exit mode 0)
            Current function value: 0.2672555555555554
            Iterations: 2
            Function evaluations: 6
            Gradient evaluations: 2
Optimization terminated successfully    (Exit mode 0)
            Current function value: 0.3484888888888892
            Iterations: 3
            Function evaluations: 23
            Gradient evaluations: 3
Optimization terminated successfully    (Exit mode 0)
            Current function value: 0.49168888888888906
            Iterations: 5
            Function evaluations: 38
            Gradient evaluations: 5
Optimization terminated successfully    (Exit mode 0)
            Current function value: 0.29973333333333313
            Iterations: 7
            Function evaluations: 53
            Gradient evaluations: 7
Optimization terminated successfully    (Exit mode 0)
            Current function value: 0.12799999999999986
            Iterations: 3
            Function evaluations: 32
            Gradient evaluations: 3
Optimization terminated successfully    (Exit mode 0)
            Current function value: 0.09147777777777787
            Iterations: 4
            Function evaluations: 45
            Gradient evaluations: 4
Optimization terminated successfully    (Exit mode 0)
            Current function value: 0.05458888888888896
            Iterations: 10
            Function evaluations: 106
            Gradient evaluations: 10
Optimization terminated successfully    (Exit mode 0)
            Current function value: 0.09581111111111121
            Iterations: 5
            Function evaluations: 67
            Gradient evaluations: 5
Optimization terminated successfully    (Exit mode 0)
            Current function value: 0.06893333333333342
            Iterations: 8
            Function evaluations: 113
            Gradient evaluations: 8
Optimization terminated successfully    (Exit mode 0)
            Current function value: 0.07421111111111117
            Iterations: 7
            Function evaluations: 99
            Gradient evaluations: 7
 Experiment complete. Results at: /mnt/beegfs/hellgate/home/tp183485/timecorr_trazzp/Cluster_Data/word/word_700_10_10_isfc_PCA_30_mexican_hat.csv
