corrs 1
sub corrs 10
corrs 2
sub corrs 20
corrs 3
sub corrs 30
corrs 4
sub corrs 40
corrs 5
sub corrs 50
corrs 6
sub corrs 60
corrs 7
sub corrs 70
corrs 8
sub corrs 80
corrs 9
sub corrs 90
corrs 10
sub corrs 100
Optimization terminated successfully    (Exit mode 0)
            Current function value: 0.2149888888888889
            Iterations: 1
            Function evaluations: 2
            Gradient evaluations: 1
       rank  accuracy     error
0  0.816756  0.103333  0.214989
Optimization terminated successfully    (Exit mode 0)
            Current function value: 0.1901
            Iterations: 3
            Function evaluations: 21
            Gradient evaluations: 3
       rank  accuracy   error
0  0.804667       0.1  0.1901
Optimization terminated successfully    (Exit mode 0)
            Current function value: 0.1815444444444443
            Iterations: 4
            Function evaluations: 28
            Gradient evaluations: 4
       rank  accuracy     error
0  0.818489  0.096667  0.181544
Optimization terminated successfully    (Exit mode 0)
            Current function value: 0.18448888888888887
            Iterations: 8
            Function evaluations: 56
            Gradient evaluations: 8
       rank  accuracy     error
0  0.804089  0.106667  0.184489
Optimization terminated successfully    (Exit mode 0)
            Current function value: 0.1632444444444445
            Iterations: 6
            Function evaluations: 50
            Gradient evaluations: 6
       rank  accuracy     error
0  0.812589      0.11  0.163244
Optimization terminated successfully    (Exit mode 0)
            Current function value: 0.17447777777777793
            Iterations: 9
            Function evaluations: 83
            Gradient evaluations: 9
       rank  accuracy     error
0  0.804511  0.093333  0.174478
Optimization terminated successfully    (Exit mode 0)
            Current function value: 0.15653333333333336
            Iterations: 7
            Function evaluations: 71
            Gradient evaluations: 7
       rank  accuracy     error
0  0.822689  0.113333  0.156533
Optimization terminated successfully    (Exit mode 0)
            Current function value: 0.17113333333333325
            Iterations: 8
            Function evaluations: 84
            Gradient evaluations: 8
       rank  accuracy     error
0  0.770078      0.08  0.171133
Optimization terminated successfully    (Exit mode 0)
            Current function value: 0.15248888888888884
            Iterations: 4
            Function evaluations: 54
            Gradient evaluations: 4
       rank  accuracy     error
0  0.635944  0.046667  0.152489
Optimization terminated successfully    (Exit mode 0)
            Current function value: 0.17400000000000002
            Iterations: 9
            Function evaluations: 122
            Gradient evaluations: 9
       rank  accuracy  error
0  0.735022      0.06  0.174
Optimization terminated successfully    (Exit mode 0)
            Current function value: 0.17239999999999997
            Iterations: 6
            Function evaluations: 89
            Gradient evaluations: 6
       rank  accuracy   error
0  0.785722  0.093333  0.1724
corrs 1
sub corrs 10
corrs 2
sub corrs 20
corrs 3
sub corrs 30
corrs 4
sub corrs 40
corrs 5
sub corrs 50
corrs 6
sub corrs 60
corrs 7
sub corrs 70
corrs 8
sub corrs 80
corrs 9
sub corrs 90
corrs 10
sub corrs 100
Optimization terminated successfully    (Exit mode 0)
            Current function value: 0.2171555555555555
            Iterations: 1
            Function evaluations: 2
            Gradient evaluations: 1
       rank  accuracy     error
0  0.813856  0.106667  0.217156
Optimization terminated successfully    (Exit mode 0)
            Current function value: 0.18081111111111098
            Iterations: 2
            Function evaluations: 17
            Gradient evaluations: 2
       rank  accuracy     error
0  0.807789       0.1  0.180811
Optimization terminated successfully    (Exit mode 0)
            Current function value: 0.18021111111111096
            Iterations: 4
            Function evaluations: 27
            Gradient evaluations: 4
       rank  accuracy     error
0  0.804733  0.096667  0.180211
Optimization terminated successfully    (Exit mode 0)
            Current function value: 0.17067777777777782
            Iterations: 3
            Function evaluations: 26
            Gradient evaluations: 3
       rank  accuracy     error
0  0.778244  0.103333  0.170678
Optimization terminated successfully    (Exit mode 0)
            Current function value: 0.16675555555555555
            Iterations: 7
            Function evaluations: 64
            Gradient evaluations: 7
       rank  accuracy     error
0  0.803478      0.09  0.166756
Optimization terminated successfully    (Exit mode 0)
            Current function value: 0.18275555555555548
            Iterations: 5
            Function evaluations: 52
            Gradient evaluations: 5
       rank  accuracy     error
0  0.825067      0.09  0.182756
Optimization terminated successfully    (Exit mode 0)
            Current function value: 0.15795555555555546
            Iterations: 5
            Function evaluations: 54
            Gradient evaluations: 5
       rank  accuracy     error
0  0.770056       0.1  0.157956
Optimization terminated successfully    (Exit mode 0)
            Current function value: 0.16360000000000002
            Iterations: 10
            Function evaluations: 108
            Gradient evaluations: 10
       rank  accuracy   error
0  0.753022  0.046667  0.1636
Optimization terminated successfully    (Exit mode 0)
            Current function value: 0.16024444444444447
            Iterations: 4
            Function evaluations: 53
            Gradient evaluations: 4
       rank  accuracy     error
0  0.783456       0.1  0.160244
Optimization terminated successfully    (Exit mode 0)
            Current function value: 0.16514444444444437
            Iterations: 4
            Function evaluations: 55
            Gradient evaluations: 4
       rank  accuracy     error
0  0.801467      0.09  0.165144
Optimization terminated successfully    (Exit mode 0)
            Current function value: 0.147011111111111
            Iterations: 15
            Function evaluations: 209
            Gradient evaluations: 15
       rank  accuracy     error
0  0.731433      0.07  0.147011
✨ Experiment complete. Results archived at: /mnt/beegfs/hellgate/home/tp183485/timecorr_trazzp/Cluster_Data/word/word_100_10_10_isfc_PCA_5_laplace.csv
