corrs 1
sub corrs 10
corrs 2
sub corrs 20
corrs 3
sub corrs 30
corrs 4
sub corrs 40
corrs 5
sub corrs 50
corrs 6
sub corrs 60
corrs 7
sub corrs 70
corrs 8
sub corrs 80
corrs 9
sub corrs 90
corrs 10
sub corrs 100
Optimization terminated successfully    (Exit mode 0)
            Current function value: 0.21459999999999993
            Iterations: 1
            Function evaluations: 2
            Gradient evaluations: 1
Optimization terminated successfully    (Exit mode 0)
            Current function value: 0.08392222222222233
            Iterations: 2
            Function evaluations: 19
            Gradient evaluations: 2
Optimization terminated successfully    (Exit mode 0)
            Current function value: 0.04892222222222223
            Iterations: 6
            Function evaluations: 39
            Gradient evaluations: 6
Optimization terminated successfully    (Exit mode 0)
            Current function value: 0.022933333333333302
            Iterations: 3
            Function evaluations: 26
            Gradient evaluations: 3
Optimization terminated successfully    (Exit mode 0)
            Current function value: 0.027433333333333334
            Iterations: 6
            Function evaluations: 47
            Gradient evaluations: 6
Optimization terminated successfully    (Exit mode 0)
            Current function value: 0.023388888888888848
            Iterations: 5
            Function evaluations: 46
            Gradient evaluations: 5
Optimization terminated successfully    (Exit mode 0)
            Current function value: 0.020488888888888872
            Iterations: 7
            Function evaluations: 68
            Gradient evaluations: 7
Optimization terminated successfully    (Exit mode 0)
            Current function value: 0.019366666666666643
            Iterations: 3
            Function evaluations: 38
            Gradient evaluations: 3
Optimization terminated successfully    (Exit mode 0)
            Current function value: 0.016511111111111094
            Iterations: 5
            Function evaluations: 61
            Gradient evaluations: 5
Optimization terminated successfully    (Exit mode 0)
            Current function value: 0.01011111111111113
            Iterations: 5
            Function evaluations: 66
            Gradient evaluations: 5
Optimization terminated successfully    (Exit mode 0)
            Current function value: 0.007566666666666684
            Iterations: 4
            Function evaluations: 60
            Gradient evaluations: 4
corrs 1
sub corrs 10
corrs 2
sub corrs 20
corrs 3
sub corrs 30
corrs 4
sub corrs 40
corrs 5
sub corrs 50
corrs 6
sub corrs 60
corrs 7
sub corrs 70
corrs 8
sub corrs 80
corrs 9
sub corrs 90
corrs 10
sub corrs 100
Optimization terminated successfully    (Exit mode 0)
            Current function value: 0.24401111111111107
            Iterations: 1
            Function evaluations: 2
            Gradient evaluations: 1
Optimization terminated successfully    (Exit mode 0)
            Current function value: 0.05857777777777784
            Iterations: 6
            Function evaluations: 34
            Gradient evaluations: 6
Optimization terminated successfully    (Exit mode 0)
            Current function value: 0.0414
            Iterations: 3
            Function evaluations: 26
            Gradient evaluations: 3
Optimization terminated successfully    (Exit mode 0)
            Current function value: 0.023877777777777734
            Iterations: 5
            Function evaluations: 37
            Gradient evaluations: 5
Optimization terminated successfully    (Exit mode 0)
            Current function value: 0.021444444444444398
            Iterations: 5
            Function evaluations: 43
            Gradient evaluations: 5
Optimization terminated successfully    (Exit mode 0)
            Current function value: 0.02405555555555551
            Iterations: 11
            Function evaluations: 97
            Gradient evaluations: 11
Optimization terminated successfully    (Exit mode 0)
            Current function value: 0.032244444444444444
            Iterations: 5
            Function evaluations: 51
            Gradient evaluations: 5
Optimization terminated successfully    (Exit mode 0)
            Current function value: 0.02025555555555554
            Iterations: 4
            Function evaluations: 47
            Gradient evaluations: 4
Optimization terminated successfully    (Exit mode 0)
            Current function value: 0.016166666666666673
            Iterations: 10
            Function evaluations: 116
            Gradient evaluations: 10
Optimization terminated successfully    (Exit mode 0)
            Current function value: 0.009288888888888902
            Iterations: 6
            Function evaluations: 81
            Gradient evaluations: 6
Optimization terminated successfully    (Exit mode 0)
            Current function value: 0.007600000000000023
            Iterations: 2
            Function evaluations: 35
            Gradient evaluations: 2
 Experiment complete. Results at: /mnt/beegfs/hellgate/home/tp183485/timecorr_trazzp/Cluster_Data/word/word_100_10_10_isfc_FactorAnalysis_35_gaussian.csv
