corrs 1
sub corrs 10
corrs 2
sub corrs 20
corrs 3
sub corrs 30
corrs 4
sub corrs 40
corrs 5
sub corrs 50
corrs 6
sub corrs 60
corrs 7
sub corrs 70
corrs 8
sub corrs 80
corrs 9
sub corrs 90
corrs 10
sub corrs 100
Optimization terminated successfully    (Exit mode 0)
            Current function value: 0.2299222222222221
            Iterations: 1
            Function evaluations: 2
            Gradient evaluations: 1
Optimization terminated successfully    (Exit mode 0)
            Current function value: 0.14636666666666662
            Iterations: 4
            Function evaluations: 24
            Gradient evaluations: 4
Optimization terminated successfully    (Exit mode 0)
            Current function value: 0.11034444444444434
            Iterations: 5
            Function evaluations: 32
            Gradient evaluations: 5
Optimization terminated successfully    (Exit mode 0)
            Current function value: 0.07937777777777782
            Iterations: 6
            Function evaluations: 43
            Gradient evaluations: 6
Optimization terminated successfully    (Exit mode 0)
            Current function value: 0.07166666666666668
            Iterations: 3
            Function evaluations: 30
            Gradient evaluations: 3
Optimization terminated successfully    (Exit mode 0)
            Current function value: 0.06567777777777781
            Iterations: 5
            Function evaluations: 48
            Gradient evaluations: 5
Optimization terminated successfully    (Exit mode 0)
            Current function value: 0.06722222222222228
            Iterations: 5
            Function evaluations: 52
            Gradient evaluations: 5
Optimization terminated successfully    (Exit mode 0)
            Current function value: 0.05008888888888889
            Iterations: 9
            Function evaluations: 97
            Gradient evaluations: 9
Optimization terminated successfully    (Exit mode 0)
            Current function value: 0.059866666666666714
            Iterations: 7
            Function evaluations: 84
            Gradient evaluations: 7
Optimization terminated successfully    (Exit mode 0)
            Current function value: 0.047166666666666725
            Iterations: 8
            Function evaluations: 103
            Gradient evaluations: 8
Optimization terminated successfully    (Exit mode 0)
            Current function value: 0.06160000000000006
            Iterations: 6
            Function evaluations: 84
            Gradient evaluations: 6
corrs 1
sub corrs 10
corrs 2
sub corrs 20
corrs 3
sub corrs 30
corrs 4
sub corrs 40
corrs 5
sub corrs 50
corrs 6
sub corrs 60
corrs 7
sub corrs 70
corrs 8
sub corrs 80
corrs 9
sub corrs 90
corrs 10
sub corrs 100
Optimization terminated successfully    (Exit mode 0)
            Current function value: 0.20687777777777772
            Iterations: 1
            Function evaluations: 2
            Gradient evaluations: 1
Optimization terminated successfully    (Exit mode 0)
            Current function value: 0.15244444444444433
            Iterations: 8
            Function evaluations: 39
            Gradient evaluations: 8
Optimization terminated successfully    (Exit mode 0)
            Current function value: 0.10222222222222221
            Iterations: 3
            Function evaluations: 23
            Gradient evaluations: 3
Optimization terminated successfully    (Exit mode 0)
            Current function value: 0.07037777777777779
            Iterations: 7
            Function evaluations: 51
            Gradient evaluations: 7
Optimization terminated successfully    (Exit mode 0)
            Current function value: 0.0604888888888889
            Iterations: 5
            Function evaluations: 44
            Gradient evaluations: 5
Optimization terminated successfully    (Exit mode 0)
            Current function value: 0.061988888888888954
            Iterations: 2
            Function evaluations: 25
            Gradient evaluations: 2
Optimization terminated successfully    (Exit mode 0)
            Current function value: 0.06038888888888893
            Iterations: 4
            Function evaluations: 44
            Gradient evaluations: 4
Optimization terminated successfully    (Exit mode 0)
            Current function value: 0.06058888888888889
            Iterations: 10
            Function evaluations: 112
            Gradient evaluations: 10
Optimization terminated successfully    (Exit mode 0)
            Current function value: 0.060933333333333374
            Iterations: 4
            Function evaluations: 53
            Gradient evaluations: 4
Optimization terminated successfully    (Exit mode 0)
            Current function value: 0.041400000000000034
            Iterations: 9
            Function evaluations: 113
            Gradient evaluations: 9
Optimization terminated successfully    (Exit mode 0)
            Current function value: 0.03625555555555555
            Iterations: 9
            Function evaluations: 122
            Gradient evaluations: 9
 Experiment complete. Results at: /mnt/beegfs/hellgate/home/tp183485/timecorr_trazzp/Cluster_Data/word/word_100_10_10_isfc_FactorAnalysis_25_mexican_hat.csv
