corrs 1
sub corrs 10
corrs 2
sub corrs 20
corrs 3
sub corrs 30
corrs 4
sub corrs 40
corrs 5
sub corrs 50
corrs 6
sub corrs 60
corrs 7
sub corrs 70
corrs 8
sub corrs 80
corrs 9
sub corrs 90
corrs 10
sub corrs 100
Optimization terminated successfully    (Exit mode 0)
            Current function value: 0.21686666666666654
            Iterations: 1
            Function evaluations: 2
            Gradient evaluations: 1
Optimization terminated successfully    (Exit mode 0)
            Current function value: 0.26690000000000014
            Iterations: 2
            Function evaluations: 17
            Gradient evaluations: 2
Optimization terminated successfully    (Exit mode 0)
            Current function value: 0.2239999999999996
            Iterations: 5
            Function evaluations: 31
            Gradient evaluations: 5
Optimization terminated successfully    (Exit mode 0)
            Current function value: 0.23194444444444434
            Iterations: 3
            Function evaluations: 29
            Gradient evaluations: 3
Optimization terminated successfully    (Exit mode 0)
            Current function value: 0.23671111111111098
            Iterations: 5
            Function evaluations: 42
            Gradient evaluations: 5
Optimization terminated successfully    (Exit mode 0)
            Current function value: 0.1948333333333332
            Iterations: 5
            Function evaluations: 51
            Gradient evaluations: 5
Optimization terminated successfully    (Exit mode 0)
            Current function value: 0.19259999999999983
            Iterations: 11
            Function evaluations: 111
            Gradient evaluations: 11
Optimization terminated successfully    (Exit mode 0)
            Current function value: 0.1904777777777776
            Iterations: 13
            Function evaluations: 143
            Gradient evaluations: 13
Optimization terminated successfully    (Exit mode 0)
            Current function value: 0.18314444444444425
            Iterations: 10
            Function evaluations: 119
            Gradient evaluations: 10
Optimization terminated successfully    (Exit mode 0)
            Current function value: 0.18753333333333325
            Iterations: 9
            Function evaluations: 116
            Gradient evaluations: 9
Optimization terminated successfully    (Exit mode 0)
            Current function value: 0.17538888888888876
            Iterations: 4
            Function evaluations: 60
            Gradient evaluations: 4
corrs 1
sub corrs 10
corrs 2
sub corrs 20
corrs 3
sub corrs 30
corrs 4
sub corrs 40
corrs 5
sub corrs 50
corrs 6
sub corrs 60
corrs 7
sub corrs 70
corrs 8
sub corrs 80
corrs 9
sub corrs 90
corrs 10
sub corrs 100
Optimization terminated successfully    (Exit mode 0)
            Current function value: 0.23107777777777766
            Iterations: 1
            Function evaluations: 2
            Gradient evaluations: 1
Optimization terminated successfully    (Exit mode 0)
            Current function value: 0.23099999999999984
            Iterations: 4
            Function evaluations: 27
            Gradient evaluations: 4
Optimization terminated successfully    (Exit mode 0)
            Current function value: 0.21248888888888887
            Iterations: 8
            Function evaluations: 44
            Gradient evaluations: 8
Optimization terminated successfully    (Exit mode 0)
            Current function value: 0.2212444444444444
            Iterations: 9
            Function evaluations: 60
            Gradient evaluations: 9
Optimization terminated successfully    (Exit mode 0)
            Current function value: 0.22928888888888874
            Iterations: 4
            Function evaluations: 35
            Gradient evaluations: 4
Optimization terminated successfully    (Exit mode 0)
            Current function value: 0.18439999999999993
            Iterations: 4
            Function evaluations: 41
            Gradient evaluations: 4
Optimization terminated successfully    (Exit mode 0)
            Current function value: 0.19329999999999994
            Iterations: 5
            Function evaluations: 54
            Gradient evaluations: 5
Optimization terminated successfully    (Exit mode 0)
            Current function value: 0.20901111111111098
            Iterations: 2
            Function evaluations: 31
            Gradient evaluations: 2
Optimization terminated successfully    (Exit mode 0)
            Current function value: 0.20326666666666668
            Iterations: 5
            Function evaluations: 65
            Gradient evaluations: 5
Optimization terminated successfully    (Exit mode 0)
            Current function value: 0.1933999999999999
            Iterations: 10
            Function evaluations: 123
            Gradient evaluations: 10
Optimization terminated successfully    (Exit mode 0)
            Current function value: 0.19813333333333324
            Iterations: 2
            Function evaluations: 35
            Gradient evaluations: 2
 Experiment complete. Results at: /mnt/beegfs/hellgate/home/tp183485/timecorr_trazzp/Cluster_Data/word/word_100_10_10_isfc_FactorAnalysis_5_laplace.csv
