corrs 1
sub corrs 10
corrs 2
sub corrs 20
corrs 3
sub corrs 30
corrs 4
sub corrs 40
corrs 5
sub corrs 50
corrs 6
sub corrs 60
corrs 7
sub corrs 70
corrs 8
sub corrs 80
corrs 9
sub corrs 90
corrs 10
sub corrs 100
Optimization terminated successfully    (Exit mode 0)
            Current function value: 0.18546666666666647
            Iterations: 1
            Function evaluations: 2
            Gradient evaluations: 1
       rank  accuracy     error
0  0.822556  0.133333  0.185467
Optimization terminated successfully    (Exit mode 0)
            Current function value: 0.17538888888888893
            Iterations: 1
            Function evaluations: 14
            Gradient evaluations: 1
       rank  accuracy     error
0  0.586433  0.036667  0.175389
Optimization terminated successfully    (Exit mode 0)
            Current function value: 0.14776666666666677
            Iterations: 3
            Function evaluations: 24
            Gradient evaluations: 3
       rank  accuracy     error
0  0.709167  0.076667  0.147767
Optimization terminated successfully    (Exit mode 0)
            Current function value: 0.14719999999999986
            Iterations: 6
            Function evaluations: 42
            Gradient evaluations: 6
       rank  accuracy   error
0  0.767644  0.096667  0.1472
Optimization terminated successfully    (Exit mode 0)
            Current function value: 0.11781111111111106
            Iterations: 6
            Function evaluations: 48
            Gradient evaluations: 6
       rank  accuracy     error
0  0.799011      0.07  0.117811
Optimization terminated successfully    (Exit mode 0)
            Current function value: 0.09847777777777775
            Iterations: 7
            Function evaluations: 63
            Gradient evaluations: 7
       rank  accuracy     error
0  0.880733  0.136667  0.098478
Optimization terminated successfully    (Exit mode 0)
            Current function value: 0.07231111111111112
            Iterations: 8
            Function evaluations: 80
            Gradient evaluations: 8
       rank  accuracy     error
0  0.923033  0.126667  0.072311
Optimization terminated successfully    (Exit mode 0)
            Current function value: 0.07524444444444447
            Iterations: 10
            Function evaluations: 112
            Gradient evaluations: 10
       rank  accuracy     error
0  0.863044  0.043333  0.075244
Optimization terminated successfully    (Exit mode 0)
            Current function value: 0.07327777777777776
            Iterations: 13
            Function evaluations: 153
            Gradient evaluations: 13
       rank  accuracy     error
0  0.884222  0.116667  0.073278
Optimization terminated successfully    (Exit mode 0)
            Current function value: 0.10160000000000001
            Iterations: 5
            Function evaluations: 68
            Gradient evaluations: 5
       rank  accuracy   error
0  0.720589      0.02  0.1016
Optimization terminated successfully    (Exit mode 0)
            Current function value: 0.10608888888888891
            Iterations: 3
            Function evaluations: 48
            Gradient evaluations: 3
       rank  accuracy     error
0  0.704633      0.01  0.106089
corrs 1
sub corrs 10
corrs 2
sub corrs 20
corrs 3
sub corrs 30
corrs 4
sub corrs 40
corrs 5
sub corrs 50
corrs 6
sub corrs 60
corrs 7
sub corrs 70
corrs 8
sub corrs 80
corrs 9
sub corrs 90
corrs 10
sub corrs 100
Optimization terminated successfully    (Exit mode 0)
            Current function value: 0.2219777777777777
            Iterations: 1
            Function evaluations: 2
            Gradient evaluations: 1
       rank  accuracy     error
0  0.821644  0.133333  0.221978
Optimization terminated successfully    (Exit mode 0)
            Current function value: 0.17798888888888892
            Iterations: 8
            Function evaluations: 38
            Gradient evaluations: 8
       rank  accuracy     error
0  0.722878      0.06  0.177989
Optimization terminated successfully    (Exit mode 0)
            Current function value: 0.1609888888888888
            Iterations: 4
            Function evaluations: 28
            Gradient evaluations: 4
       rank  accuracy     error
0  0.705078  0.083333  0.160989
Optimization terminated successfully    (Exit mode 0)
            Current function value: 0.15393333333333326
            Iterations: 5
            Function evaluations: 38
            Gradient evaluations: 5
       rank  accuracy     error
0  0.663833  0.076667  0.153933
Optimization terminated successfully    (Exit mode 0)
            Current function value: 0.10956666666666669
            Iterations: 7
            Function evaluations: 57
            Gradient evaluations: 7
       rank  accuracy     error
0  0.842922  0.096667  0.109567
Optimization terminated successfully    (Exit mode 0)
            Current function value: 0.0857222222222222
            Iterations: 5
            Function evaluations: 48
            Gradient evaluations: 5
       rank  accuracy     error
0  0.869933  0.123333  0.085722
Optimization terminated successfully    (Exit mode 0)
            Current function value: 0.053788888888888886
            Iterations: 9
            Function evaluations: 87
            Gradient evaluations: 9
       rank  accuracy     error
0  0.939111      0.13  0.053789
Optimization terminated successfully    (Exit mode 0)
            Current function value: 0.05229999999999999
            Iterations: 5
            Function evaluations: 58
            Gradient evaluations: 5
       rank  accuracy   error
0  0.938711  0.153333  0.0523
Optimization terminated successfully    (Exit mode 0)
            Current function value: 0.06794444444444443
            Iterations: 11
            Function evaluations: 128
            Gradient evaluations: 11
       rank  accuracy     error
0  0.871956  0.116667  0.067944
Optimization terminated successfully    (Exit mode 0)
            Current function value: 0.06894444444444445
            Iterations: 11
            Function evaluations: 138
            Gradient evaluations: 11
       rank  accuracy     error
0  0.878267      0.13  0.068944
Optimization terminated successfully    (Exit mode 0)
            Current function value: 0.06758888888888884
            Iterations: 7
            Function evaluations: 97
            Gradient evaluations: 7
       rank  accuracy     error
0  0.919278      0.15  0.067589
✨ Experiment complete. Results archived at: /mnt/beegfs/hellgate/home/tp183485/timecorr_trazzp/Cluster_Data/word/word_100_10_10_isfc_PCA_50_mexican_hat.csv
