corrs 1
sub corrs 10
corrs 2
sub corrs 20
corrs 3
sub corrs 30
corrs 4
sub corrs 40
corrs 5
sub corrs 50
corrs 6
sub corrs 60
corrs 7
sub corrs 70
corrs 8
sub corrs 80
corrs 9
sub corrs 90
corrs 10
sub corrs 100
Optimization terminated successfully    (Exit mode 0)
            Current function value: 0.2246666666666664
            Iterations: 1
            Function evaluations: 2
            Gradient evaluations: 1
Optimization terminated successfully    (Exit mode 0)
            Current function value: 0.22555555555555534
            Iterations: 4
            Function evaluations: 26
            Gradient evaluations: 4
Optimization terminated successfully    (Exit mode 0)
            Current function value: 0.22792222222222208
            Iterations: 5
            Function evaluations: 32
            Gradient evaluations: 5
Optimization terminated successfully    (Exit mode 0)
            Current function value: 0.20844444444444435
            Iterations: 8
            Function evaluations: 57
            Gradient evaluations: 8
Optimization terminated successfully    (Exit mode 0)
            Current function value: 0.20931111111111098
            Iterations: 3
            Function evaluations: 29
            Gradient evaluations: 3
Optimization terminated successfully    (Exit mode 0)
            Current function value: 0.2127999999999999
            Iterations: 5
            Function evaluations: 47
            Gradient evaluations: 5
Optimization terminated successfully    (Exit mode 0)
            Current function value: 0.19144444444444444
            Iterations: 2
            Function evaluations: 27
            Gradient evaluations: 2
Optimization terminated successfully    (Exit mode 0)
            Current function value: 0.19095555555555546
            Iterations: 3
            Function evaluations: 38
            Gradient evaluations: 3
Optimization terminated successfully    (Exit mode 0)
            Current function value: 0.18116666666666656
            Iterations: 5
            Function evaluations: 61
            Gradient evaluations: 5
Optimization terminated successfully    (Exit mode 0)
            Current function value: 0.16957777777777763
            Iterations: 11
            Function evaluations: 139
            Gradient evaluations: 11
Optimization terminated successfully    (Exit mode 0)
            Current function value: 0.1877333333333334
            Iterations: 4
            Function evaluations: 63
            Gradient evaluations: 4
corrs 1
sub corrs 10
corrs 2
sub corrs 20
corrs 3
sub corrs 30
corrs 4
sub corrs 40
corrs 5
sub corrs 50
corrs 6
sub corrs 60
corrs 7
sub corrs 70
corrs 8
sub corrs 80
corrs 9
sub corrs 90
corrs 10
sub corrs 100
Optimization terminated successfully    (Exit mode 0)
            Current function value: 0.18848888888888882
            Iterations: 1
            Function evaluations: 2
            Gradient evaluations: 1
Optimization terminated successfully    (Exit mode 0)
            Current function value: 0.28472222222222204
            Iterations: 2
            Function evaluations: 17
            Gradient evaluations: 2
Optimization terminated successfully    (Exit mode 0)
            Current function value: 0.18237777777777778
            Iterations: 6
            Function evaluations: 37
            Gradient evaluations: 6
Optimization terminated successfully    (Exit mode 0)
            Current function value: 0.21617777777777775
            Iterations: 2
            Function evaluations: 21
            Gradient evaluations: 2
Optimization terminated successfully    (Exit mode 0)
            Current function value: 0.1762444444444444
            Iterations: 5
            Function evaluations: 42
            Gradient evaluations: 5
Optimization terminated successfully    (Exit mode 0)
            Current function value: 0.2480333333333332
            Iterations: 6
            Function evaluations: 62
            Gradient evaluations: 6
Optimization terminated successfully    (Exit mode 0)
            Current function value: 0.1724333333333333
            Iterations: 10
            Function evaluations: 95
            Gradient evaluations: 10
Optimization terminated successfully    (Exit mode 0)
            Current function value: 0.16965555555555553
            Iterations: 7
            Function evaluations: 75
            Gradient evaluations: 7
Optimization terminated successfully    (Exit mode 0)
            Current function value: 0.18271111111111107
            Iterations: 9
            Function evaluations: 103
            Gradient evaluations: 9
Optimization terminated successfully    (Exit mode 0)
            Current function value: 0.17881111111111112
            Iterations: 7
            Function evaluations: 89
            Gradient evaluations: 7
Optimization terminated successfully    (Exit mode 0)
            Current function value: 0.178611111111111
            Iterations: 6
            Function evaluations: 84
            Gradient evaluations: 6
 Experiment complete. Results at: /mnt/beegfs/hellgate/home/tp183485/timecorr_trazzp/Cluster_Data/word/word_100_10_10_isfc_IncrementalPCA_5_mexican_hat.csv
