corrs 1
sub corrs 10
corrs 2
sub corrs 20
corrs 3
sub corrs 30
corrs 4
sub corrs 40
corrs 5
sub corrs 50
corrs 6
sub corrs 60
corrs 7
sub corrs 70
corrs 8
sub corrs 80
corrs 9
sub corrs 90
corrs 10
sub corrs 100
Optimization terminated successfully    (Exit mode 0)
            Current function value: 0.274011111111111
            Iterations: 1
            Function evaluations: 2
            Gradient evaluations: 1
Optimization terminated successfully    (Exit mode 0)
            Current function value: 0.2301111111111111
            Iterations: 5
            Function evaluations: 27
            Gradient evaluations: 5
Optimization terminated successfully    (Exit mode 0)
            Current function value: 0.23402222222222227
            Iterations: 5
            Function evaluations: 36
            Gradient evaluations: 5
Optimization terminated successfully    (Exit mode 0)
            Current function value: 0.17455555555555555
            Iterations: 5
            Function evaluations: 36
            Gradient evaluations: 5
Optimization terminated successfully    (Exit mode 0)
            Current function value: 0.17327777777777784
            Iterations: 8
            Function evaluations: 59
            Gradient evaluations: 8
Optimization terminated successfully    (Exit mode 0)
            Current function value: 0.18703333333333336
            Iterations: 6
            Function evaluations: 55
            Gradient evaluations: 6
Optimization terminated successfully    (Exit mode 0)
            Current function value: 0.22002222222222226
            Iterations: 7
            Function evaluations: 72
            Gradient evaluations: 7
Optimization terminated successfully    (Exit mode 0)
            Current function value: 0.14996666666666664
            Iterations: 10
            Function evaluations: 108
            Gradient evaluations: 10
Optimization terminated successfully    (Exit mode 0)
            Current function value: 0.19313333333333338
            Iterations: 8
            Function evaluations: 92
            Gradient evaluations: 8
Optimization terminated successfully    (Exit mode 0)
            Current function value: 0.1706888888888889
            Iterations: 9
            Function evaluations: 113
            Gradient evaluations: 9
Optimization terminated successfully    (Exit mode 0)
            Current function value: 0.2705333333333333
            Iterations: 11
            Function evaluations: 163
            Gradient evaluations: 11
corrs 1
sub corrs 10
corrs 2
sub corrs 20
corrs 3
sub corrs 30
corrs 4
sub corrs 40
corrs 5
sub corrs 50
corrs 6
sub corrs 60
corrs 7
sub corrs 70
corrs 8
sub corrs 80
corrs 9
sub corrs 90
corrs 10
sub corrs 100
Optimization terminated successfully    (Exit mode 0)
            Current function value: 0.28743333333333343
            Iterations: 1
            Function evaluations: 2
            Gradient evaluations: 1
Optimization terminated successfully    (Exit mode 0)
            Current function value: 0.335588888888889
            Iterations: 3
            Function evaluations: 20
            Gradient evaluations: 3
Optimization terminated successfully    (Exit mode 0)
            Current function value: 0.23573333333333332
            Iterations: 8
            Function evaluations: 49
            Gradient evaluations: 8
Optimization terminated successfully    (Exit mode 0)
            Current function value: 0.23665555555555556
            Iterations: 6
            Function evaluations: 44
            Gradient evaluations: 6
Optimization terminated successfully    (Exit mode 0)
            Current function value: 0.21468888888888885
            Iterations: 11
            Function evaluations: 79
            Gradient evaluations: 11
Optimization terminated successfully    (Exit mode 0)
            Current function value: 0.20218888888888892
            Iterations: 8
            Function evaluations: 70
            Gradient evaluations: 8
Optimization terminated successfully    (Exit mode 0)
            Current function value: 0.18325555555555545
            Iterations: 4
            Function evaluations: 44
            Gradient evaluations: 4
Optimization terminated successfully    (Exit mode 0)
            Current function value: 0.24155555555555555
            Iterations: 7
            Function evaluations: 76
            Gradient evaluations: 7
Optimization terminated successfully    (Exit mode 0)
            Current function value: 0.1729444444444444
            Iterations: 8
            Function evaluations: 96
            Gradient evaluations: 8
Optimization terminated successfully    (Exit mode 0)
            Current function value: 0.2530777777777776
            Iterations: 7
            Function evaluations: 90
            Gradient evaluations: 7
Optimization terminated successfully    (Exit mode 0)
            Current function value: 0.20911111111111108
            Iterations: 7
            Function evaluations: 95
            Gradient evaluations: 7
 Experiment complete. Results at: /mnt/beegfs/hellgate/home/tp183485/timecorr_trazzp/Cluster_Data/word/word_700_10_10_isfc_TruncatedSVD_40_gaussian.csv
