corrs 1
sub corrs 10
corrs 2
sub corrs 20
corrs 3
sub corrs 30
corrs 4
sub corrs 40
corrs 5
sub corrs 50
corrs 6
sub corrs 60
corrs 7
sub corrs 70
corrs 8
sub corrs 80
corrs 9
sub corrs 90
corrs 10
sub corrs 100
Optimization terminated successfully    (Exit mode 0)
            Current function value: 0.2644666666666664
            Iterations: 1
            Function evaluations: 2
            Gradient evaluations: 1
Optimization terminated successfully    (Exit mode 0)
            Current function value: 0.2591444444444443
            Iterations: 4
            Function evaluations: 23
            Gradient evaluations: 4
Optimization terminated successfully    (Exit mode 0)
            Current function value: 0.5065777777777779
            Iterations: 8
            Function evaluations: 33
            Gradient evaluations: 8
Optimization terminated successfully    (Exit mode 0)
            Current function value: 0.05612222222222225
            Iterations: 7
            Function evaluations: 47
            Gradient evaluations: 7
Optimization terminated successfully    (Exit mode 0)
            Current function value: 0.0557555555555556
            Iterations: 14
            Function evaluations: 104
            Gradient evaluations: 14
Optimization terminated successfully    (Exit mode 0)
            Current function value: 0.057444444444444506
            Iterations: 5
            Function evaluations: 46
            Gradient evaluations: 5
Optimization terminated successfully    (Exit mode 0)
            Current function value: 0.03141111111111109
            Iterations: 13
            Function evaluations: 121
            Gradient evaluations: 13
Optimization terminated successfully    (Exit mode 0)
            Current function value: 0.017877777777777756
            Iterations: 8
            Function evaluations: 83
            Gradient evaluations: 8
Optimization terminated successfully    (Exit mode 0)
            Current function value: 0.018422222222222204
            Iterations: 11
            Function evaluations: 128
            Gradient evaluations: 11
Optimization terminated successfully    (Exit mode 0)
            Current function value: 0.01473333333333331
            Iterations: 5
            Function evaluations: 67
            Gradient evaluations: 5
Optimization terminated successfully    (Exit mode 0)
            Current function value: 0.012911111111111121
            Iterations: 8
            Function evaluations: 107
            Gradient evaluations: 8
corrs 1
sub corrs 10
corrs 2
sub corrs 20
corrs 3
sub corrs 30
corrs 4
sub corrs 40
corrs 5
sub corrs 50
corrs 6
sub corrs 60
corrs 7
sub corrs 70
corrs 8
sub corrs 80
corrs 9
sub corrs 90
corrs 10
sub corrs 100
Optimization terminated successfully    (Exit mode 0)
            Current function value: 0.27584444444444456
            Iterations: 1
            Function evaluations: 2
            Gradient evaluations: 1
Optimization terminated successfully    (Exit mode 0)
            Current function value: 0.2996888888888887
            Iterations: 4
            Function evaluations: 12
            Gradient evaluations: 4
Optimization terminated successfully    (Exit mode 0)
            Current function value: 0.49352222222222203
            Iterations: 1
            Function evaluations: 15
            Gradient evaluations: 1
Optimization terminated successfully    (Exit mode 0)
            Current function value: 0.05372222222222221
            Iterations: 7
            Function evaluations: 46
            Gradient evaluations: 7
Optimization terminated successfully    (Exit mode 0)
            Current function value: 0.054155555555555554
            Iterations: 4
            Function evaluations: 35
            Gradient evaluations: 4
Optimization terminated successfully    (Exit mode 0)
            Current function value: 0.053199999999999976
            Iterations: 3
            Function evaluations: 32
            Gradient evaluations: 3
Optimization terminated successfully    (Exit mode 0)
            Current function value: 0.031911111111111105
            Iterations: 11
            Function evaluations: 101
            Gradient evaluations: 11
Optimization terminated successfully    (Exit mode 0)
            Current function value: 0.015144444444444434
            Iterations: 5
            Function evaluations: 56
            Gradient evaluations: 5
Optimization terminated successfully    (Exit mode 0)
            Current function value: 0.015944444444444424
            Iterations: 5
            Function evaluations: 64
            Gradient evaluations: 5
Optimization terminated successfully    (Exit mode 0)
            Current function value: 0.013744444444444438
            Iterations: 5
            Function evaluations: 74
            Gradient evaluations: 5
Optimization terminated successfully    (Exit mode 0)
            Current function value: 0.017499999999999943
            Iterations: 2
            Function evaluations: 35
            Gradient evaluations: 2
 Experiment complete. Results at: /mnt/beegfs/hellgate/home/tp183485/timecorr_trazzp/Cluster_Data/word/word_700_10_10_isfc_PCA_35_laplace.csv
