corrs 1
sub corrs 10
corrs 2
sub corrs 20
corrs 3
sub corrs 30
corrs 4
sub corrs 40
corrs 5
sub corrs 50
corrs 6
sub corrs 60
corrs 7
sub corrs 70
corrs 8
sub corrs 80
corrs 9
sub corrs 90
corrs 10
sub corrs 100
Optimization terminated successfully    (Exit mode 0)
            Current function value: 0.2541222222222221
            Iterations: 1
            Function evaluations: 2
            Gradient evaluations: 1
Optimization terminated successfully    (Exit mode 0)
            Current function value: 0.21455555555555533
            Iterations: 2
            Function evaluations: 17
            Gradient evaluations: 2
Optimization terminated successfully    (Exit mode 0)
            Current function value: 0.2100999999999999
            Iterations: 6
            Function evaluations: 37
            Gradient evaluations: 6
Optimization terminated successfully    (Exit mode 0)
            Current function value: 0.15706666666666658
            Iterations: 6
            Function evaluations: 42
            Gradient evaluations: 6
Optimization terminated successfully    (Exit mode 0)
            Current function value: 0.15913333333333327
            Iterations: 17
            Function evaluations: 131
            Gradient evaluations: 17
Optimization terminated successfully    (Exit mode 0)
            Current function value: 0.10666666666666683
            Iterations: 5
            Function evaluations: 48
            Gradient evaluations: 5
Optimization terminated successfully    (Exit mode 0)
            Current function value: 0.1054333333333334
            Iterations: 9
            Function evaluations: 85
            Gradient evaluations: 9
Optimization terminated successfully    (Exit mode 0)
            Current function value: 0.1204777777777778
            Iterations: 8
            Function evaluations: 87
            Gradient evaluations: 8
Optimization terminated successfully    (Exit mode 0)
            Current function value: 0.14677777777777776
            Iterations: 14
            Function evaluations: 168
            Gradient evaluations: 14
Optimization terminated successfully    (Exit mode 0)
            Current function value: 0.13001111111111113
            Iterations: 4
            Function evaluations: 55
            Gradient evaluations: 4
Optimization terminated successfully    (Exit mode 0)
            Current function value: 0.13835555555555554
            Iterations: 10
            Function evaluations: 136
            Gradient evaluations: 10
corrs 1
sub corrs 10
corrs 2
sub corrs 20
corrs 3
sub corrs 30
corrs 4
sub corrs 40
corrs 5
sub corrs 50
corrs 6
sub corrs 60
corrs 7
sub corrs 70
corrs 8
sub corrs 80
corrs 9
sub corrs 90
corrs 10
sub corrs 100
Optimization terminated successfully    (Exit mode 0)
            Current function value: 0.29177777777777764
            Iterations: 1
            Function evaluations: 2
            Gradient evaluations: 1
Optimization terminated successfully    (Exit mode 0)
            Current function value: 0.2390555555555556
            Iterations: 5
            Function evaluations: 30
            Gradient evaluations: 5
Optimization terminated successfully    (Exit mode 0)
            Current function value: 0.20544444444444426
            Iterations: 5
            Function evaluations: 34
            Gradient evaluations: 5
Optimization terminated successfully    (Exit mode 0)
            Current function value: 0.1668555555555556
            Iterations: 9
            Function evaluations: 67
            Gradient evaluations: 9
Optimization terminated successfully    (Exit mode 0)
            Current function value: 0.162611111111111
            Iterations: 5
            Function evaluations: 44
            Gradient evaluations: 5
Optimization terminated successfully    (Exit mode 0)
            Current function value: 0.09218888888888895
            Iterations: 7
            Function evaluations: 61
            Gradient evaluations: 7
Optimization terminated successfully    (Exit mode 0)
            Current function value: 0.12657777777777765
            Iterations: 4
            Function evaluations: 46
            Gradient evaluations: 4
Optimization terminated successfully    (Exit mode 0)
            Current function value: 0.11038888888888881
            Iterations: 9
            Function evaluations: 100
            Gradient evaluations: 9
Optimization terminated successfully    (Exit mode 0)
            Current function value: 0.09532222222222218
            Iterations: 7
            Function evaluations: 84
            Gradient evaluations: 7
Optimization terminated successfully    (Exit mode 0)
            Current function value: 0.09813333333333332
            Iterations: 5
            Function evaluations: 67
            Gradient evaluations: 5
Optimization terminated successfully    (Exit mode 0)
            Current function value: 0.1053333333333334
            Iterations: 4
            Function evaluations: 62
            Gradient evaluations: 4
 Experiment complete. Results at: /mnt/beegfs/hellgate/home/tp183485/timecorr_trazzp/Cluster_Data/word/word_700_10_10_isfc_TruncatedSVD_15_mexican_hat.csv
