corrs 1
sub corrs 10
corrs 2
sub corrs 20
corrs 3
sub corrs 30
corrs 4
sub corrs 40
corrs 5
sub corrs 50
corrs 6
sub corrs 60
corrs 7
sub corrs 70
corrs 8
sub corrs 80
corrs 9
sub corrs 90
corrs 10
sub corrs 100
Optimization terminated successfully    (Exit mode 0)
            Current function value: 0.20789999999999995
            Iterations: 1
            Function evaluations: 2
            Gradient evaluations: 1
Optimization terminated successfully    (Exit mode 0)
            Current function value: 0.2047666666666666
            Iterations: 3
            Function evaluations: 20
            Gradient evaluations: 3
Optimization terminated successfully    (Exit mode 0)
            Current function value: 0.18457777777777765
            Iterations: 3
            Function evaluations: 25
            Gradient evaluations: 3
Optimization terminated successfully    (Exit mode 0)
            Current function value: 0.18297777777777763
            Iterations: 3
            Function evaluations: 27
            Gradient evaluations: 3
Optimization terminated successfully    (Exit mode 0)
            Current function value: 0.13284444444444435
            Iterations: 6
            Function evaluations: 52
            Gradient evaluations: 6
Optimization terminated successfully    (Exit mode 0)
            Current function value: 0.1762111111111109
            Iterations: 2
            Function evaluations: 25
            Gradient evaluations: 2
Optimization terminated successfully    (Exit mode 0)
            Current function value: 0.1265888888888887
            Iterations: 7
            Function evaluations: 71
            Gradient evaluations: 7
Optimization terminated successfully    (Exit mode 0)
            Current function value: 0.13443333333333313
            Iterations: 5
            Function evaluations: 59
            Gradient evaluations: 5
Optimization terminated successfully    (Exit mode 0)
            Current function value: 0.12698888888888896
            Iterations: 6
            Function evaluations: 73
            Gradient evaluations: 6
Optimization terminated successfully    (Exit mode 0)
            Current function value: 0.11839999999999996
            Iterations: 8
            Function evaluations: 104
            Gradient evaluations: 8
Optimization terminated successfully    (Exit mode 0)
            Current function value: 0.12834444444444446
            Iterations: 10
            Function evaluations: 147
            Gradient evaluations: 10
corrs 1
sub corrs 10
corrs 2
sub corrs 20
corrs 3
sub corrs 30
corrs 4
sub corrs 40
corrs 5
sub corrs 50
corrs 6
sub corrs 60
corrs 7
sub corrs 70
corrs 8
sub corrs 80
corrs 9
sub corrs 90
corrs 10
sub corrs 100
Optimization terminated successfully    (Exit mode 0)
            Current function value: 0.21439999999999973
            Iterations: 1
            Function evaluations: 2
            Gradient evaluations: 1
Optimization terminated successfully    (Exit mode 0)
            Current function value: 0.20015555555555545
            Iterations: 3
            Function evaluations: 22
            Gradient evaluations: 3
Optimization terminated successfully    (Exit mode 0)
            Current function value: 0.1806
            Iterations: 3
            Function evaluations: 23
            Gradient evaluations: 3
Optimization terminated successfully    (Exit mode 0)
            Current function value: 0.13132222222222217
            Iterations: 4
            Function evaluations: 32
            Gradient evaluations: 4
Optimization terminated successfully    (Exit mode 0)
            Current function value: 0.12513333333333332
            Iterations: 6
            Function evaluations: 48
            Gradient evaluations: 6
Optimization terminated successfully    (Exit mode 0)
            Current function value: 0.1265222222222222
            Iterations: 6
            Function evaluations: 57
            Gradient evaluations: 6
Optimization terminated successfully    (Exit mode 0)
            Current function value: 0.11344444444444446
            Iterations: 8
            Function evaluations: 82
            Gradient evaluations: 8
Optimization terminated successfully    (Exit mode 0)
            Current function value: 0.10733333333333325
            Iterations: 6
            Function evaluations: 69
            Gradient evaluations: 6
Optimization terminated successfully    (Exit mode 0)
            Current function value: 0.10420000000000018
            Iterations: 14
            Function evaluations: 165
            Gradient evaluations: 14
Optimization terminated successfully    (Exit mode 0)
            Current function value: 0.1014444444444446
            Iterations: 6
            Function evaluations: 84
            Gradient evaluations: 6
Optimization terminated successfully    (Exit mode 0)
            Current function value: 0.10436666666666684
            Iterations: 7
            Function evaluations: 100
            Gradient evaluations: 7
 Experiment complete. Results at: /mnt/beegfs/hellgate/home/tp183485/timecorr_trazzp/Cluster_Data/word/word_100_10_10_isfc_FactorAnalysis_15_mexican_hat.csv
