corrs 1
sub corrs 10
corrs 2
sub corrs 20
corrs 3
sub corrs 30
corrs 4
sub corrs 40
corrs 5
sub corrs 50
corrs 6
sub corrs 60
corrs 7
sub corrs 70
corrs 8
sub corrs 80
corrs 9
sub corrs 90
corrs 10
sub corrs 100
Optimization terminated successfully    (Exit mode 0)
            Current function value: 0.20161111111111107
            Iterations: 1
            Function evaluations: 2
            Gradient evaluations: 1
       rank  accuracy     error
0  0.826689  0.133333  0.201611
Optimization terminated successfully    (Exit mode 0)
            Current function value: 0.1966333333333332
            Iterations: 6
            Function evaluations: 30
            Gradient evaluations: 6
       rank  accuracy     error
0  0.814267  0.126667  0.196633
Optimization terminated successfully    (Exit mode 0)
            Current function value: 0.21702222222222195
            Iterations: 5
            Function evaluations: 33
            Gradient evaluations: 5
     rank  accuracy     error
0  0.7341  0.096667  0.217022
Optimization terminated successfully    (Exit mode 0)
            Current function value: 0.16627777777777755
            Iterations: 6
            Function evaluations: 44
            Gradient evaluations: 6
       rank  accuracy     error
0  0.834689      0.13  0.166278
Optimization terminated successfully    (Exit mode 0)
            Current function value: 0.1743222222222221
            Iterations: 7
            Function evaluations: 56
            Gradient evaluations: 7
       rank  accuracy     error
0  0.834644      0.12  0.174322
Optimization terminated successfully    (Exit mode 0)
            Current function value: 0.1941999999999999
            Iterations: 4
            Function evaluations: 41
            Gradient evaluations: 4
       rank  accuracy   error
0  0.684756  0.076667  0.1942
Optimization terminated successfully    (Exit mode 0)
            Current function value: 0.18428888888888884
            Iterations: 7
            Function evaluations: 70
            Gradient evaluations: 7
       rank  accuracy     error
0  0.694333  0.076667  0.184289
Optimization terminated successfully    (Exit mode 0)
            Current function value: 0.10479999999999998
            Iterations: 5
            Function evaluations: 57
            Gradient evaluations: 5
       rank  accuracy   error
0  0.713511  0.093333  0.1048
Optimization terminated successfully    (Exit mode 0)
            Current function value: 0.10665555555555557
            Iterations: 9
            Function evaluations: 116
            Gradient evaluations: 9
       rank  accuracy     error
0  0.711456      0.09  0.106656
Optimization terminated successfully    (Exit mode 0)
            Current function value: 0.10431111111111116
            Iterations: 8
            Function evaluations: 107
            Gradient evaluations: 8
       rank  accuracy     error
0  0.747167  0.086667  0.104311
Optimization terminated successfully    (Exit mode 0)
            Current function value: 0.09106666666666668
            Iterations: 6
            Function evaluations: 92
            Gradient evaluations: 6
       rank  accuracy     error
0  0.666878      0.08  0.091067
corrs 1
sub corrs 10
corrs 2
sub corrs 20
corrs 3
sub corrs 30
corrs 4
sub corrs 40
corrs 5
sub corrs 50
corrs 6
sub corrs 60
corrs 7
sub corrs 70
corrs 8
sub corrs 80
corrs 9
sub corrs 90
corrs 10
sub corrs 100
Optimization terminated successfully    (Exit mode 0)
            Current function value: 0.22882222222222193
            Iterations: 1
            Function evaluations: 2
            Gradient evaluations: 1
       rank  accuracy     error
0  0.830078  0.113333  0.228822
Optimization terminated successfully    (Exit mode 0)
            Current function value: 0.17886666666666656
            Iterations: 3
            Function evaluations: 20
            Gradient evaluations: 3
       rank  accuracy     error
0  0.815944  0.126667  0.178867
Optimization terminated successfully    (Exit mode 0)
            Current function value: 0.17886666666666656
            Iterations: 6
            Function evaluations: 38
            Gradient evaluations: 6
       rank  accuracy     error
0  0.815833  0.126667  0.178867
Optimization terminated successfully    (Exit mode 0)
            Current function value: 0.15109999999999996
            Iterations: 4
            Function evaluations: 32
            Gradient evaluations: 4
       rank  accuracy   error
0  0.810189  0.103333  0.1511
Optimization terminated successfully    (Exit mode 0)
            Current function value: 0.15552222222222217
            Iterations: 10
            Function evaluations: 77
            Gradient evaluations: 10
       rank  accuracy     error
0  0.678244  0.063333  0.155522
Optimization terminated successfully    (Exit mode 0)
            Current function value: 0.16572222222222202
            Iterations: 3
            Function evaluations: 32
            Gradient evaluations: 3
       rank  accuracy     error
0  0.753656  0.093333  0.165722
Optimization terminated successfully    (Exit mode 0)
            Current function value: 0.1477888888888888
            Iterations: 14
            Function evaluations: 133
            Gradient evaluations: 14
       rank  accuracy     error
0  0.660444  0.063333  0.147789
Optimization terminated successfully    (Exit mode 0)
            Current function value: 0.11114444444444431
            Iterations: 8
            Function evaluations: 86
            Gradient evaluations: 8
       rank  accuracy     error
0  0.763233  0.106667  0.111144
Optimization terminated successfully    (Exit mode 0)
            Current function value: 0.12033333333333324
            Iterations: 7
            Function evaluations: 88
            Gradient evaluations: 7
       rank  accuracy     error
0  0.737233  0.083333  0.120333
Optimization terminated successfully    (Exit mode 0)
            Current function value: 0.13023333333333323
            Iterations: 4
            Function evaluations: 56
            Gradient evaluations: 4
       rank  accuracy     error
0  0.682222  0.066667  0.130233
Optimization terminated successfully    (Exit mode 0)
            Current function value: 0.12782222222222214
            Iterations: 8
            Function evaluations: 112
            Gradient evaluations: 8
     rank  accuracy     error
0  0.6904  0.073333  0.127822
✨ Experiment complete. Results archived at: /mnt/beegfs/hellgate/home/tp183485/timecorr_trazzp/Cluster_Data/word/word_100_10_10_isfc_PCA_50_gaussian.csv
