corrs 1
sub corrs 10
corrs 2
sub corrs 20
corrs 3
sub corrs 30
corrs 4
sub corrs 40
corrs 5
sub corrs 50
corrs 6
sub corrs 60
corrs 7
sub corrs 70
corrs 8
sub corrs 80
corrs 9
sub corrs 90
corrs 10
sub corrs 100
Optimization terminated successfully    (Exit mode 0)
            Current function value: 0.26889999999999986
            Iterations: 1
            Function evaluations: 2
            Gradient evaluations: 1
Optimization terminated successfully    (Exit mode 0)
            Current function value: 0.3064777777777778
            Iterations: 2
            Function evaluations: 17
            Gradient evaluations: 2
Optimization terminated successfully    (Exit mode 0)
            Current function value: 0.14379999999999996
            Iterations: 5
            Function evaluations: 39
            Gradient evaluations: 5
Optimization terminated successfully    (Exit mode 0)
            Current function value: 0.17748888888888872
            Iterations: 10
            Function evaluations: 72
            Gradient evaluations: 10
Optimization terminated successfully    (Exit mode 0)
            Current function value: 0.14985555555555552
            Iterations: 7
            Function evaluations: 57
            Gradient evaluations: 7
Optimization terminated successfully    (Exit mode 0)
            Current function value: 0.1262666666666666
            Iterations: 8
            Function evaluations: 71
            Gradient evaluations: 8
Optimization terminated successfully    (Exit mode 0)
            Current function value: 0.09763333333333342
            Iterations: 4
            Function evaluations: 43
            Gradient evaluations: 4
Optimization terminated successfully    (Exit mode 0)
            Current function value: 0.05014444444444445
            Iterations: 14
            Function evaluations: 147
            Gradient evaluations: 14
Optimization terminated successfully    (Exit mode 0)
            Current function value: 0.061277777777777834
            Iterations: 9
            Function evaluations: 103
            Gradient evaluations: 9
Optimization terminated successfully    (Exit mode 0)
            Current function value: 0.04584444444444444
            Iterations: 14
            Function evaluations: 177
            Gradient evaluations: 14
Optimization terminated successfully    (Exit mode 0)
            Current function value: 0.06331111111111118
            Iterations: 3
            Function evaluations: 49
            Gradient evaluations: 3
corrs 1
sub corrs 10
corrs 2
sub corrs 20
corrs 3
sub corrs 30
corrs 4
sub corrs 40
corrs 5
sub corrs 50
corrs 6
sub corrs 60
corrs 7
sub corrs 70
corrs 8
sub corrs 80
corrs 9
sub corrs 90
corrs 10
sub corrs 100
Optimization terminated successfully    (Exit mode 0)
            Current function value: 0.26801111111111114
            Iterations: 1
            Function evaluations: 2
            Gradient evaluations: 1
Optimization terminated successfully    (Exit mode 0)
            Current function value: 0.26801111111111114
            Iterations: 4
            Function evaluations: 12
            Gradient evaluations: 4
Optimization terminated successfully    (Exit mode 0)
            Current function value: 0.13583333333333328
            Iterations: 6
            Function evaluations: 37
            Gradient evaluations: 6
Optimization terminated successfully    (Exit mode 0)
            Current function value: 0.13035555555555547
            Iterations: 9
            Function evaluations: 57
            Gradient evaluations: 9
Optimization terminated successfully    (Exit mode 0)
            Current function value: 0.14036666666666658
            Iterations: 7
            Function evaluations: 54
            Gradient evaluations: 7
Optimization terminated successfully    (Exit mode 0)
            Current function value: 0.09398888888888902
            Iterations: 6
            Function evaluations: 61
            Gradient evaluations: 6
Optimization terminated successfully    (Exit mode 0)
            Current function value: 0.06922222222222225
            Iterations: 8
            Function evaluations: 81
            Gradient evaluations: 8
Optimization terminated successfully    (Exit mode 0)
            Current function value: 0.06417777777777782
            Iterations: 9
            Function evaluations: 94
            Gradient evaluations: 9
Optimization terminated successfully    (Exit mode 0)
            Current function value: 0.05423333333333337
            Iterations: 10
            Function evaluations: 119
            Gradient evaluations: 10
Optimization terminated successfully    (Exit mode 0)
            Current function value: 0.04611111111111111
            Iterations: 6
            Function evaluations: 86
            Gradient evaluations: 6
Optimization terminated successfully    (Exit mode 0)
            Current function value: 0.03868888888888886
            Iterations: 15
            Function evaluations: 210
            Gradient evaluations: 15
 Experiment complete. Results at: /mnt/beegfs/hellgate/home/tp183485/timecorr_trazzp/Cluster_Data/word/word_700_10_10_isfc_IncrementalPCA_25_laplace.csv
