corrs 1
sub corrs 10
corrs 2
sub corrs 20
corrs 3
sub corrs 30
corrs 4
sub corrs 40
corrs 5
sub corrs 50
corrs 6
sub corrs 60
corrs 7
sub corrs 70
corrs 8
sub corrs 80
corrs 9
sub corrs 90
corrs 10
sub corrs 100
Optimization terminated successfully    (Exit mode 0)
            Current function value: 0.22025555555555537
            Iterations: 1
            Function evaluations: 2
            Gradient evaluations: 1
Optimization terminated successfully    (Exit mode 0)
            Current function value: 0.22025555555555537
            Iterations: 3
            Function evaluations: 9
            Gradient evaluations: 3
Optimization terminated successfully    (Exit mode 0)
            Current function value: 0.22025555555555537
            Iterations: 6
            Function evaluations: 24
            Gradient evaluations: 6
Optimization terminated successfully    (Exit mode 0)
            Current function value: 0.22025555555555537
            Iterations: 6
            Function evaluations: 30
            Gradient evaluations: 6
Optimization terminated successfully    (Exit mode 0)
            Current function value: 0.22025555555555537
            Iterations: 6
            Function evaluations: 38
            Gradient evaluations: 6
Optimization terminated successfully    (Exit mode 0)
            Current function value: 0.5126555555555556
            Iterations: 6
            Function evaluations: 53
            Gradient evaluations: 6
Optimization terminated successfully    (Exit mode 0)
            Current function value: 0.5184222222222219
            Iterations: 2
            Function evaluations: 28
            Gradient evaluations: 2
Optimization terminated successfully    (Exit mode 0)
            Current function value: 0.18308888888888883
            Iterations: 11
            Function evaluations: 119
            Gradient evaluations: 11
Optimization terminated successfully    (Exit mode 0)
            Current function value: 0.2027444444444442
            Iterations: 9
            Function evaluations: 106
            Gradient evaluations: 9
Optimization terminated successfully    (Exit mode 0)
            Current function value: 0.1815222222222221
            Iterations: 7
            Function evaluations: 89
            Gradient evaluations: 7
Optimization terminated successfully    (Exit mode 0)
            Current function value: 0.15064444444444428
            Iterations: 14
            Function evaluations: 183
            Gradient evaluations: 14
corrs 1
sub corrs 10
corrs 2
sub corrs 20
corrs 3
sub corrs 30
corrs 4
sub corrs 40
corrs 5
sub corrs 50
corrs 6
sub corrs 60
corrs 7
sub corrs 70
corrs 8
sub corrs 80
corrs 9
sub corrs 90
corrs 10
sub corrs 100
Optimization terminated successfully    (Exit mode 0)
            Current function value: 0.2067111111111111
            Iterations: 1
            Function evaluations: 2
            Gradient evaluations: 1
Optimization terminated successfully    (Exit mode 0)
            Current function value: 0.2067111111111111
            Iterations: 3
            Function evaluations: 9
            Gradient evaluations: 3
Optimization terminated successfully    (Exit mode 0)
            Current function value: 0.2067111111111111
            Iterations: 7
            Function evaluations: 28
            Gradient evaluations: 7
Optimization terminated successfully    (Exit mode 0)
            Current function value: 0.2067111111111111
            Iterations: 6
            Function evaluations: 30
            Gradient evaluations: 6
Optimization terminated successfully    (Exit mode 0)
            Current function value: 0.2067111111111111
            Iterations: 5
            Function evaluations: 30
            Gradient evaluations: 5
Optimization terminated successfully    (Exit mode 0)
            Current function value: 0.379622222222222
            Iterations: 8
            Function evaluations: 68
            Gradient evaluations: 8
Optimization terminated successfully    (Exit mode 0)
            Current function value: 0.24428888888888864
            Iterations: 5
            Function evaluations: 51
            Gradient evaluations: 5
Optimization terminated successfully    (Exit mode 0)
            Current function value: 0.21141111111111094
            Iterations: 4
            Function evaluations: 47
            Gradient evaluations: 4
Optimization terminated successfully    (Exit mode 0)
            Current function value: 0.18377777777777773
            Iterations: 9
            Function evaluations: 101
            Gradient evaluations: 9
Optimization terminated successfully    (Exit mode 0)
            Current function value: 0.21243333333333317
            Iterations: 3
            Function evaluations: 44
            Gradient evaluations: 3
Optimization terminated successfully    (Exit mode 0)
            Current function value: 0.17168888888888897
            Iterations: 8
            Function evaluations: 116
            Gradient evaluations: 8
 Experiment complete. Results at: /mnt/beegfs/hellgate/home/tp183485/timecorr_trazzp/Cluster_Data/word/word_100_10_10_isfc_PCA_35_mexican_hat.csv
