corrs 1
sub corrs 10
corrs 2
sub corrs 20
corrs 3
sub corrs 30
corrs 4
sub corrs 40
corrs 5
sub corrs 50
corrs 6
sub corrs 60
corrs 7
sub corrs 70
corrs 8
sub corrs 80
corrs 9
sub corrs 90
corrs 10
sub corrs 100
Optimization terminated successfully    (Exit mode 0)
            Current function value: 0.2074111111111109
            Iterations: 1
            Function evaluations: 2
            Gradient evaluations: 1
       rank  accuracy     error
0  0.823878  0.093333  0.207411
Optimization terminated successfully    (Exit mode 0)
            Current function value: 0.2074111111111109
            Iterations: 3
            Function evaluations: 9
            Gradient evaluations: 3
       rank  accuracy     error
0  0.823878  0.093333  0.207411
Optimization terminated successfully    (Exit mode 0)
            Current function value: 0.2074111111111109
            Iterations: 6
            Function evaluations: 24
            Gradient evaluations: 6
       rank  accuracy     error
0  0.823878  0.093333  0.207411
Optimization terminated successfully    (Exit mode 0)
            Current function value: 0.3000111111111112
            Iterations: 2
            Function evaluations: 23
            Gradient evaluations: 2
       rank  accuracy     error
0  0.738644      0.04  0.300011
Optimization terminated successfully    (Exit mode 0)
            Current function value: 0.22506666666666655
            Iterations: 3
            Function evaluations: 29
            Gradient evaluations: 3
       rank  accuracy     error
0  0.717689  0.033333  0.225067
Optimization terminated successfully    (Exit mode 0)
            Current function value: 0.21697777777777763
            Iterations: 4
            Function evaluations: 40
            Gradient evaluations: 4
       rank  accuracy     error
0  0.687856  0.023333  0.216978
Optimization terminated successfully    (Exit mode 0)
            Current function value: 0.19471111111111103
            Iterations: 5
            Function evaluations: 51
            Gradient evaluations: 5
       rank  accuracy     error
0  0.813267      0.08  0.194711
Optimization terminated successfully    (Exit mode 0)
            Current function value: 0.1705888888888889
            Iterations: 5
            Function evaluations: 57
            Gradient evaluations: 5
     rank  accuracy     error
0  0.5832       0.0  0.170589
Optimization terminated successfully    (Exit mode 0)
            Current function value: 0.16667777777777779
            Iterations: 7
            Function evaluations: 87
            Gradient evaluations: 7
       rank  accuracy     error
0  0.605756  0.003333  0.166678
Optimization terminated successfully    (Exit mode 0)
            Current function value: 0.16941111111111107
            Iterations: 8
            Function evaluations: 102
            Gradient evaluations: 8
       rank  accuracy     error
0  0.615356  0.003333  0.169411
Optimization terminated successfully    (Exit mode 0)
            Current function value: 0.1788666666666666
            Iterations: 6
            Function evaluations: 84
            Gradient evaluations: 6
       rank  accuracy     error
0  0.680722      0.03  0.178867
corrs 1
sub corrs 10
corrs 2
sub corrs 20
corrs 3
sub corrs 30
corrs 4
sub corrs 40
corrs 5
sub corrs 50
corrs 6
sub corrs 60
corrs 7
sub corrs 70
corrs 8
sub corrs 80
corrs 9
sub corrs 90
corrs 10
sub corrs 100
Optimization terminated successfully    (Exit mode 0)
            Current function value: 0.2249444444444444
            Iterations: 1
            Function evaluations: 2
            Gradient evaluations: 1
     rank  accuracy     error
0  0.8257  0.103333  0.224944
Optimization terminated successfully    (Exit mode 0)
            Current function value: 0.2249444444444444
            Iterations: 3
            Function evaluations: 9
            Gradient evaluations: 3
     rank  accuracy     error
0  0.8257  0.103333  0.224944
Optimization terminated successfully    (Exit mode 0)
            Current function value: 0.2249444444444444
            Iterations: 3
            Function evaluations: 12
            Gradient evaluations: 3
     rank  accuracy     error
0  0.8257  0.103333  0.224944
Optimization terminated successfully    (Exit mode 0)
            Current function value: 0.24451111111111104
            Iterations: 5
            Function evaluations: 39
            Gradient evaluations: 5
       rank  accuracy     error
0  0.736422  0.043333  0.244511
Optimization terminated successfully    (Exit mode 0)
            Current function value: 0.17088888888888895
            Iterations: 5
            Function evaluations: 42
            Gradient evaluations: 5
       rank  accuracy     error
0  0.765211  0.046667  0.170889
Optimization terminated successfully    (Exit mode 0)
            Current function value: 0.20184444444444444
            Iterations: 4
            Function evaluations: 42
            Gradient evaluations: 4
       rank  accuracy     error
0  0.703833  0.033333  0.201844
Optimization terminated successfully    (Exit mode 0)
            Current function value: 0.16354444444444438
            Iterations: 5
            Function evaluations: 58
            Gradient evaluations: 5
     rank  accuracy     error
0  0.7405  0.026667  0.163544
Optimization terminated successfully    (Exit mode 0)
            Current function value: 0.15142222222222226
            Iterations: 6
            Function evaluations: 66
            Gradient evaluations: 6
       rank  accuracy     error
0  0.796944  0.063333  0.151422
Optimization terminated successfully    (Exit mode 0)
            Current function value: 0.15340000000000006
            Iterations: 9
            Function evaluations: 103
            Gradient evaluations: 9
       rank  accuracy   error
0  0.789256  0.063333  0.1534
Optimization terminated successfully    (Exit mode 0)
            Current function value: 0.1516555555555556
            Iterations: 6
            Function evaluations: 80
            Gradient evaluations: 6
       rank  accuracy     error
0  0.809811  0.076667  0.151656
Optimization terminated successfully    (Exit mode 0)
            Current function value: 0.18724444444444446
            Iterations: 3
            Function evaluations: 49
            Gradient evaluations: 3
       rank  accuracy     error
0  0.604556  0.006667  0.187244
✨ Experiment complete. Results archived at: /mnt/beegfs/hellgate/home/tp183485/timecorr_trazzp/Cluster_Data/word/word_100_10_10_isfc_PCA_20_gaussian.csv
