corrs 1
sub corrs 10
corrs 2
sub corrs 20
corrs 3
sub corrs 30
corrs 4
sub corrs 40
corrs 5
sub corrs 50
corrs 6
sub corrs 60
corrs 7
sub corrs 70
corrs 8
sub corrs 80
corrs 9
sub corrs 90
corrs 10
sub corrs 100
Optimization terminated successfully    (Exit mode 0)
            Current function value: 0.2199333333333333
            Iterations: 1
            Function evaluations: 2
            Gradient evaluations: 1
Optimization terminated successfully    (Exit mode 0)
            Current function value: 0.20341111111111104
            Iterations: 2
            Function evaluations: 17
            Gradient evaluations: 2
Optimization terminated successfully    (Exit mode 0)
            Current function value: 0.18317777777777788
            Iterations: 9
            Function evaluations: 53
            Gradient evaluations: 9
Optimization terminated successfully    (Exit mode 0)
            Current function value: 0.19504444444444444
            Iterations: 2
            Function evaluations: 21
            Gradient evaluations: 2
Optimization terminated successfully    (Exit mode 0)
            Current function value: 0.18337777777777772
            Iterations: 5
            Function evaluations: 44
            Gradient evaluations: 5
Optimization terminated successfully    (Exit mode 0)
            Current function value: 0.1504222222222222
            Iterations: 9
            Function evaluations: 80
            Gradient evaluations: 9
Optimization terminated successfully    (Exit mode 0)
            Current function value: 0.1589888888888888
            Iterations: 10
            Function evaluations: 97
            Gradient evaluations: 10
Optimization terminated successfully    (Exit mode 0)
            Current function value: 0.17821111111111104
            Iterations: 4
            Function evaluations: 50
            Gradient evaluations: 4
Optimization terminated successfully    (Exit mode 0)
            Current function value: 0.17339999999999983
            Iterations: 7
            Function evaluations: 84
            Gradient evaluations: 7
Optimization terminated successfully    (Exit mode 0)
            Current function value: 0.12293333333333341
            Iterations: 6
            Function evaluations: 78
            Gradient evaluations: 6
Optimization terminated successfully    (Exit mode 0)
            Current function value: 0.14237777777777774
            Iterations: 4
            Function evaluations: 62
            Gradient evaluations: 4
corrs 1
sub corrs 10
corrs 2
sub corrs 20
corrs 3
sub corrs 30
corrs 4
sub corrs 40
corrs 5
sub corrs 50
corrs 6
sub corrs 60
corrs 7
sub corrs 70
corrs 8
sub corrs 80
corrs 9
sub corrs 90
corrs 10
sub corrs 100
Optimization terminated successfully    (Exit mode 0)
            Current function value: 0.2393222222222222
            Iterations: 1
            Function evaluations: 2
            Gradient evaluations: 1
Optimization terminated successfully    (Exit mode 0)
            Current function value: 0.1849222222222221
            Iterations: 2
            Function evaluations: 17
            Gradient evaluations: 2
Optimization terminated successfully    (Exit mode 0)
            Current function value: 0.18451111111111101
            Iterations: 5
            Function evaluations: 31
            Gradient evaluations: 5
Optimization terminated successfully    (Exit mode 0)
            Current function value: 0.19216666666666668
            Iterations: 12
            Function evaluations: 80
            Gradient evaluations: 12
Optimization terminated successfully    (Exit mode 0)
            Current function value: 0.18522222222222218
            Iterations: 5
            Function evaluations: 43
            Gradient evaluations: 5
Optimization terminated successfully    (Exit mode 0)
            Current function value: 0.13989999999999997
            Iterations: 9
            Function evaluations: 78
            Gradient evaluations: 9
Optimization terminated successfully    (Exit mode 0)
            Current function value: 0.16803333333333328
            Iterations: 9
            Function evaluations: 87
            Gradient evaluations: 9
Optimization terminated successfully    (Exit mode 0)
            Current function value: 0.15195555555555545
            Iterations: 4
            Function evaluations: 52
            Gradient evaluations: 4
Optimization terminated successfully    (Exit mode 0)
            Current function value: 0.1445222222222222
            Iterations: 4
            Function evaluations: 52
            Gradient evaluations: 4
Optimization terminated successfully    (Exit mode 0)
            Current function value: 0.10865555555555559
            Iterations: 7
            Function evaluations: 96
            Gradient evaluations: 7
Optimization terminated successfully    (Exit mode 0)
            Current function value: 0.10538888888888895
            Iterations: 6
            Function evaluations: 85
            Gradient evaluations: 6
 Experiment complete. Results at: /mnt/beegfs/hellgate/home/tp183485/timecorr_trazzp/Cluster_Data/word/word_100_10_10_isfc_IncrementalPCA_35_gaussian.csv
