corrs 1
sub corrs 10
corrs 2
sub corrs 20
corrs 3
sub corrs 30
corrs 4
sub corrs 40
corrs 5
sub corrs 50
corrs 6
sub corrs 60
corrs 7
sub corrs 70
corrs 8
sub corrs 80
corrs 9
sub corrs 90
corrs 10
sub corrs 100
Optimization terminated successfully    (Exit mode 0)
            Current function value: 0.22898888888888883
            Iterations: 1
            Function evaluations: 2
            Gradient evaluations: 1
       rank  accuracy     error
0  0.828567  0.123333  0.228989
Optimization terminated successfully    (Exit mode 0)
            Current function value: 0.14219999999999988
            Iterations: 1
            Function evaluations: 14
            Gradient evaluations: 1
       rank  accuracy   error
0  0.734367  0.073333  0.1422
Optimization terminated successfully    (Exit mode 0)
            Current function value: 0.13194444444444434
            Iterations: 7
            Function evaluations: 42
            Gradient evaluations: 7
       rank  accuracy     error
0  0.801211  0.113333  0.131944
Optimization terminated successfully    (Exit mode 0)
            Current function value: 0.12971111111111097
            Iterations: 8
            Function evaluations: 53
            Gradient evaluations: 8
       rank  accuracy     error
0  0.794444  0.116667  0.129711
Optimization terminated successfully    (Exit mode 0)
            Current function value: 0.15073333333333325
            Iterations: 5
            Function evaluations: 31
            Gradient evaluations: 5
       rank  accuracy     error
0  0.558611      0.01  0.150733
Optimization terminated successfully    (Exit mode 0)
            Current function value: 0.14990000000000003
            Iterations: 8
            Function evaluations: 70
            Gradient evaluations: 8
       rank  accuracy   error
0  0.552767      0.01  0.1499
Optimization terminated successfully    (Exit mode 0)
            Current function value: 0.13076666666666661
            Iterations: 7
            Function evaluations: 74
            Gradient evaluations: 7
       rank  accuracy     error
0  0.764822  0.076667  0.130767
Optimization terminated successfully    (Exit mode 0)
            Current function value: 0.1300666666666667
            Iterations: 8
            Function evaluations: 88
            Gradient evaluations: 8
     rank  accuracy     error
0  0.5615  0.006667  0.130067
Optimization terminated successfully    (Exit mode 0)
            Current function value: 0.12386666666666665
            Iterations: 8
            Function evaluations: 97
            Gradient evaluations: 8
       rank  accuracy     error
0  0.566211  0.003333  0.123867
Optimization terminated successfully    (Exit mode 0)
            Current function value: 0.1069666666666667
            Iterations: 10
            Function evaluations: 122
            Gradient evaluations: 10
       rank  accuracy     error
0  0.481222  0.006667  0.106967
Optimization terminated successfully    (Exit mode 0)
            Current function value: 0.10708888888888889
            Iterations: 13
            Function evaluations: 171
            Gradient evaluations: 13
       rank  accuracy     error
0  0.490056  0.006667  0.107089
corrs 1
sub corrs 10
corrs 2
sub corrs 20
corrs 3
sub corrs 30
corrs 4
sub corrs 40
corrs 5
sub corrs 50
corrs 6
sub corrs 60
corrs 7
sub corrs 70
corrs 8
sub corrs 80
corrs 9
sub corrs 90
corrs 10
sub corrs 100
Optimization terminated successfully    (Exit mode 0)
            Current function value: 0.20868888888888887
            Iterations: 1
            Function evaluations: 2
            Gradient evaluations: 1
       rank  accuracy     error
0  0.832667  0.116667  0.208689
Optimization terminated successfully    (Exit mode 0)
            Current function value: 0.1254999999999999
            Iterations: 4
            Function evaluations: 23
            Gradient evaluations: 4
       rank  accuracy   error
0  0.797233       0.1  0.1255
Optimization terminated successfully    (Exit mode 0)
            Current function value: 0.13755555555555551
            Iterations: 3
            Function evaluations: 23
            Gradient evaluations: 3
       rank  accuracy     error
0  0.721033  0.073333  0.137556
Optimization terminated successfully    (Exit mode 0)
            Current function value: 0.1275999999999999
            Iterations: 11
            Function evaluations: 70
            Gradient evaluations: 11
     rank  accuracy   error
0  0.7751  0.086667  0.1276
Optimization terminated successfully    (Exit mode 0)
            Current function value: 0.13358888888888887
            Iterations: 7
            Function evaluations: 54
            Gradient evaluations: 7
       rank  accuracy     error
0  0.710389  0.073333  0.133589
Optimization terminated successfully    (Exit mode 0)
            Current function value: 0.12671111111111097
            Iterations: 9
            Function evaluations: 77
            Gradient evaluations: 9
       rank  accuracy     error
0  0.804378  0.103333  0.126711
Optimization terminated successfully    (Exit mode 0)
            Current function value: 0.11748888888888885
            Iterations: 9
            Function evaluations: 86
            Gradient evaluations: 9
       rank  accuracy     error
0  0.746078  0.073333  0.117489
Optimization terminated successfully    (Exit mode 0)
            Current function value: 0.11129999999999998
            Iterations: 12
            Function evaluations: 122
            Gradient evaluations: 12
       rank  accuracy   error
0  0.709656  0.073333  0.1113
Optimization terminated successfully    (Exit mode 0)
            Current function value: 0.11915555555555564
            Iterations: 10
            Function evaluations: 121
            Gradient evaluations: 10
       rank  accuracy     error
0  0.615111      0.02  0.119156
Optimization terminated successfully    (Exit mode 0)
            Current function value: 0.10962222222222213
            Iterations: 6
            Function evaluations: 77
            Gradient evaluations: 6
       rank  accuracy     error
0  0.570767      0.01  0.109622
Optimization terminated successfully    (Exit mode 0)
            Current function value: 0.09953333333333331
            Iterations: 12
            Function evaluations: 166
            Gradient evaluations: 12
       rank  accuracy     error
0  0.618022  0.023333  0.099533
✨ Experiment complete. Results archived at: /mnt/beegfs/hellgate/home/tp183485/timecorr_trazzp/Cluster_Data/word/word_100_10_10_isfc_PCA_35_mexican_hat.csv
