corrs 1
sub corrs 10
corrs 2
sub corrs 20
corrs 3
sub corrs 30
corrs 4
sub corrs 40
corrs 5
sub corrs 50
corrs 6
sub corrs 60
corrs 7
sub corrs 70
corrs 8
sub corrs 80
corrs 9
sub corrs 90
corrs 10
sub corrs 100
Optimization terminated successfully    (Exit mode 0)
            Current function value: 0.20462222222222212
            Iterations: 1
            Function evaluations: 2
            Gradient evaluations: 1
Optimization terminated successfully    (Exit mode 0)
            Current function value: 0.44383333333333336
            Iterations: 1
            Function evaluations: 14
            Gradient evaluations: 1
Optimization terminated successfully    (Exit mode 0)
            Current function value: 0.18321111111111107
            Iterations: 1
            Function evaluations: 15
            Gradient evaluations: 1
Optimization terminated successfully    (Exit mode 0)
            Current function value: 0.1734444444444444
            Iterations: 11
            Function evaluations: 70
            Gradient evaluations: 11
Optimization terminated successfully    (Exit mode 0)
            Current function value: 0.16545555555555552
            Iterations: 6
            Function evaluations: 51
            Gradient evaluations: 6
Optimization terminated successfully    (Exit mode 0)
            Current function value: 0.1675555555555555
            Iterations: 6
            Function evaluations: 55
            Gradient evaluations: 6
Optimization terminated successfully    (Exit mode 0)
            Current function value: 0.1654333333333333
            Iterations: 9
            Function evaluations: 85
            Gradient evaluations: 9
Optimization terminated successfully    (Exit mode 0)
            Current function value: 0.19254444444444452
            Iterations: 9
            Function evaluations: 94
            Gradient evaluations: 9
Optimization terminated successfully    (Exit mode 0)
            Current function value: 0.1702888888888889
            Iterations: 9
            Function evaluations: 103
            Gradient evaluations: 9
Optimization terminated successfully    (Exit mode 0)
            Current function value: 0.1680444444444444
            Iterations: 9
            Function evaluations: 118
            Gradient evaluations: 9
Optimization terminated successfully    (Exit mode 0)
            Current function value: 0.17513333333333325
            Iterations: 10
            Function evaluations: 133
            Gradient evaluations: 10
corrs 1
sub corrs 10
corrs 2
sub corrs 20
corrs 3
sub corrs 30
corrs 4
sub corrs 40
corrs 5
sub corrs 50
corrs 6
sub corrs 60
corrs 7
sub corrs 70
corrs 8
sub corrs 80
corrs 9
sub corrs 90
corrs 10
sub corrs 100
Optimization terminated successfully    (Exit mode 0)
            Current function value: 0.22768888888888872
            Iterations: 1
            Function evaluations: 2
            Gradient evaluations: 1
Optimization terminated successfully    (Exit mode 0)
            Current function value: 0.22768888888888872
            Iterations: 3
            Function evaluations: 9
            Gradient evaluations: 3
Optimization terminated successfully    (Exit mode 0)
            Current function value: 0.19514444444444443
            Iterations: 2
            Function evaluations: 8
            Gradient evaluations: 2
Optimization terminated successfully    (Exit mode 0)
            Current function value: 0.20147777777777773
            Iterations: 7
            Function evaluations: 49
            Gradient evaluations: 7
Optimization terminated successfully    (Exit mode 0)
            Current function value: 0.15499999999999994
            Iterations: 6
            Function evaluations: 50
            Gradient evaluations: 6
Optimization terminated successfully    (Exit mode 0)
            Current function value: 0.16101111111111105
            Iterations: 5
            Function evaluations: 46
            Gradient evaluations: 5
Optimization terminated successfully    (Exit mode 0)
            Current function value: 0.15767777777777772
            Iterations: 9
            Function evaluations: 89
            Gradient evaluations: 9
Optimization terminated successfully    (Exit mode 0)
            Current function value: 0.1683666666666666
            Iterations: 6
            Function evaluations: 65
            Gradient evaluations: 6
Optimization terminated successfully    (Exit mode 0)
            Current function value: 0.15729999999999997
            Iterations: 7
            Function evaluations: 81
            Gradient evaluations: 7
Optimization terminated successfully    (Exit mode 0)
            Current function value: 0.16091111111111103
            Iterations: 4
            Function evaluations: 55
            Gradient evaluations: 4
Optimization terminated successfully    (Exit mode 0)
            Current function value: 0.1542555555555555
            Iterations: 9
            Function evaluations: 122
            Gradient evaluations: 9
 Experiment complete. Results at: /mnt/beegfs/hellgate/home/tp183485/timecorr_trazzp/Cluster_Data/word/word_100_10_10_isfc_TruncatedSVD_40_gaussian.csv
