corrs 1
sub corrs 10
corrs 2
sub corrs 20
corrs 3
sub corrs 30
corrs 4
sub corrs 40
corrs 5
sub corrs 50
corrs 6
sub corrs 60
corrs 7
sub corrs 70
corrs 8
sub corrs 80
corrs 9
sub corrs 90
corrs 10
sub corrs 100
Optimization terminated successfully    (Exit mode 0)
            Current function value: 0.2187555555555556
            Iterations: 1
            Function evaluations: 2
            Gradient evaluations: 1
Optimization terminated successfully    (Exit mode 0)
            Current function value: 0.17674444444444434
            Iterations: 2
            Function evaluations: 17
            Gradient evaluations: 2
Optimization terminated successfully    (Exit mode 0)
            Current function value: 0.17781111111111103
            Iterations: 8
            Function evaluations: 45
            Gradient evaluations: 8
Optimization terminated successfully    (Exit mode 0)
            Current function value: 0.07898888888888897
            Iterations: 9
            Function evaluations: 60
            Gradient evaluations: 9
Optimization terminated successfully    (Exit mode 0)
            Current function value: 0.07762222222222231
            Iterations: 10
            Function evaluations: 72
            Gradient evaluations: 10
Optimization terminated successfully    (Exit mode 0)
            Current function value: 0.09880000000000004
            Iterations: 6
            Function evaluations: 53
            Gradient evaluations: 6
Optimization terminated successfully    (Exit mode 0)
            Current function value: 0.06790000000000009
            Iterations: 5
            Function evaluations: 53
            Gradient evaluations: 5
Optimization terminated successfully    (Exit mode 0)
            Current function value: 0.06654444444444449
            Iterations: 10
            Function evaluations: 109
            Gradient evaluations: 10
Optimization terminated successfully    (Exit mode 0)
            Current function value: 0.06947777777777783
            Iterations: 10
            Function evaluations: 114
            Gradient evaluations: 10
Optimization terminated successfully    (Exit mode 0)
            Current function value: 0.07600000000000003
            Iterations: 8
            Function evaluations: 103
            Gradient evaluations: 8
Optimization terminated successfully    (Exit mode 0)
            Current function value: 0.0683111111111112
            Iterations: 10
            Function evaluations: 137
            Gradient evaluations: 10
corrs 1
sub corrs 10
corrs 2
sub corrs 20
corrs 3
sub corrs 30
corrs 4
sub corrs 40
corrs 5
sub corrs 50
corrs 6
sub corrs 60
corrs 7
sub corrs 70
corrs 8
sub corrs 80
corrs 9
sub corrs 90
corrs 10
sub corrs 100
Optimization terminated successfully    (Exit mode 0)
            Current function value: 0.23618888888888895
            Iterations: 1
            Function evaluations: 2
            Gradient evaluations: 1
Optimization terminated successfully    (Exit mode 0)
            Current function value: 0.27373333333333333
            Iterations: 5
            Function evaluations: 30
            Gradient evaluations: 5
Optimization terminated successfully    (Exit mode 0)
            Current function value: 0.21693333333333334
            Iterations: 5
            Function evaluations: 20
            Gradient evaluations: 5
Optimization terminated successfully    (Exit mode 0)
            Current function value: 0.08208888888888898
            Iterations: 6
            Function evaluations: 42
            Gradient evaluations: 6
Optimization terminated successfully    (Exit mode 0)
            Current function value: 0.07646666666666678
            Iterations: 7
            Function evaluations: 57
            Gradient evaluations: 7
Optimization terminated successfully    (Exit mode 0)
            Current function value: 0.07153333333333342
            Iterations: 2
            Function evaluations: 26
            Gradient evaluations: 2
Optimization terminated successfully    (Exit mode 0)
            Current function value: 0.07714444444444457
            Iterations: 8
            Function evaluations: 78
            Gradient evaluations: 8
Optimization terminated successfully    (Exit mode 0)
            Current function value: 0.07588888888888902
            Iterations: 6
            Function evaluations: 66
            Gradient evaluations: 6
Optimization terminated successfully    (Exit mode 0)
            Current function value: 0.07605555555555568
            Iterations: 13
            Function evaluations: 151
            Gradient evaluations: 13
Optimization terminated successfully    (Exit mode 0)
            Current function value: 0.06354444444444449
            Iterations: 9
            Function evaluations: 116
            Gradient evaluations: 9
Optimization terminated successfully    (Exit mode 0)
            Current function value: 0.07790000000000014
            Iterations: 2
            Function evaluations: 35
            Gradient evaluations: 2
 Experiment complete. Results at: /mnt/beegfs/hellgate/home/tp183485/timecorr_trazzp/Cluster_Data/word/word_100_10_10_isfc_IncrementalPCA_25_mexican_hat.csv
