corrs 1
sub corrs 10
corrs 2
sub corrs 20
corrs 3
sub corrs 30
corrs 4
sub corrs 40
corrs 5
sub corrs 50
corrs 6
sub corrs 60
corrs 7
sub corrs 70
corrs 8
sub corrs 80
corrs 9
sub corrs 90
corrs 10
sub corrs 100
Optimization terminated successfully    (Exit mode 0)
            Current function value: 0.2438111111111108
            Iterations: 1
            Function evaluations: 2
            Gradient evaluations: 1
Optimization terminated successfully    (Exit mode 0)
            Current function value: 0.2438111111111108
            Iterations: 4
            Function evaluations: 12
            Gradient evaluations: 4
Optimization terminated successfully    (Exit mode 0)
            Current function value: 0.33388888888888874
            Iterations: 7
            Function evaluations: 42
            Gradient evaluations: 7
Optimization terminated successfully    (Exit mode 0)
            Current function value: 0.18209999999999993
            Iterations: 5
            Function evaluations: 27
            Gradient evaluations: 5
Optimization terminated successfully    (Exit mode 0)
            Current function value: 0.18312222222222221
            Iterations: 4
            Function evaluations: 35
            Gradient evaluations: 4
Optimization terminated successfully    (Exit mode 0)
            Current function value: 0.18209999999999993
            Iterations: 2
            Function evaluations: 14
            Gradient evaluations: 2
Optimization terminated successfully    (Exit mode 0)
            Current function value: 0.18209999999999993
            Iterations: 10
            Function evaluations: 80
            Gradient evaluations: 10
Optimization terminated successfully    (Exit mode 0)
            Current function value: 0.18218888888888884
            Iterations: 6
            Function evaluations: 65
            Gradient evaluations: 6
Optimization terminated successfully    (Exit mode 0)
            Current function value: 0.18501111111111104
            Iterations: 15
            Function evaluations: 163
            Gradient evaluations: 15
Optimization terminated successfully    (Exit mode 0)
            Current function value: 0.013400000000000002
            Iterations: 14
            Function evaluations: 170
            Gradient evaluations: 14
Optimization terminated successfully    (Exit mode 0)
            Current function value: 0.015333333333333326
            Iterations: 10
            Function evaluations: 133
            Gradient evaluations: 10
corrs 1
sub corrs 10
corrs 2
sub corrs 20
corrs 3
sub corrs 30
corrs 4
sub corrs 40
corrs 5
sub corrs 50
corrs 6
sub corrs 60
corrs 7
sub corrs 70
corrs 8
sub corrs 80
corrs 9
sub corrs 90
corrs 10
sub corrs 100
Optimization terminated successfully    (Exit mode 0)
            Current function value: 0.2607222222222222
            Iterations: 1
            Function evaluations: 2
            Gradient evaluations: 1
Optimization terminated successfully    (Exit mode 0)
            Current function value: 0.3242222222222222
            Iterations: 2
            Function evaluations: 17
            Gradient evaluations: 2
Optimization terminated successfully    (Exit mode 0)
            Current function value: 0.3227000000000001
            Iterations: 2
            Function evaluations: 19
            Gradient evaluations: 2
Optimization terminated successfully    (Exit mode 0)
            Current function value: 0.17276666666666662
            Iterations: 6
            Function evaluations: 43
            Gradient evaluations: 6
Optimization terminated successfully    (Exit mode 0)
            Current function value: 0.1721111111111111
            Iterations: 5
            Function evaluations: 42
            Gradient evaluations: 5
Optimization terminated successfully    (Exit mode 0)
            Current function value: 0.19481111111111113
            Iterations: 8
            Function evaluations: 67
            Gradient evaluations: 8
Optimization terminated successfully    (Exit mode 0)
            Current function value: 0.18122222222222217
            Iterations: 7
            Function evaluations: 68
            Gradient evaluations: 7
Optimization terminated successfully    (Exit mode 0)
            Current function value: 0.17393333333333327
            Iterations: 7
            Function evaluations: 74
            Gradient evaluations: 7
Optimization terminated successfully    (Exit mode 0)
            Current function value: 0.1775888888888888
            Iterations: 13
            Function evaluations: 151
            Gradient evaluations: 13
Optimization terminated successfully    (Exit mode 0)
            Current function value: 0.017066666666666647
            Iterations: 8
            Function evaluations: 99
            Gradient evaluations: 8
Optimization terminated successfully    (Exit mode 0)
            Current function value: 0.013022222222222223
            Iterations: 16
            Function evaluations: 215
            Gradient evaluations: 16
 Experiment complete. Results at: /mnt/beegfs/hellgate/home/tp183485/timecorr_trazzp/Cluster_Data/word/word_700_10_10_isfc_IncrementalPCA_30_laplace.csv
