corrs 1
sub corrs 10
corrs 2
sub corrs 20
corrs 3
sub corrs 30
corrs 4
sub corrs 40
corrs 5
sub corrs 50
corrs 6
sub corrs 60
corrs 7
sub corrs 70
corrs 8
sub corrs 80
corrs 9
sub corrs 90
corrs 10
sub corrs 100
Optimization terminated successfully    (Exit mode 0)
            Current function value: 0.22838888888888878
            Iterations: 1
            Function evaluations: 2
            Gradient evaluations: 1
Optimization terminated successfully    (Exit mode 0)
            Current function value: 0.1955444444444445
            Iterations: 3
            Function evaluations: 22
            Gradient evaluations: 3
Optimization terminated successfully    (Exit mode 0)
            Current function value: 0.15102222222222214
            Iterations: 5
            Function evaluations: 33
            Gradient evaluations: 5
Optimization terminated successfully    (Exit mode 0)
            Current function value: 0.17117777777777776
            Iterations: 3
            Function evaluations: 26
            Gradient evaluations: 3
Optimization terminated successfully    (Exit mode 0)
            Current function value: 0.14777777777777773
            Iterations: 6
            Function evaluations: 49
            Gradient evaluations: 6
Optimization terminated successfully    (Exit mode 0)
            Current function value: 0.14889999999999998
            Iterations: 4
            Function evaluations: 41
            Gradient evaluations: 4
Optimization terminated successfully    (Exit mode 0)
            Current function value: 0.15774444444444438
            Iterations: 4
            Function evaluations: 45
            Gradient evaluations: 4
Optimization terminated successfully    (Exit mode 0)
            Current function value: 0.2120777777777778
            Iterations: 8
            Function evaluations: 89
            Gradient evaluations: 8
Optimization terminated successfully    (Exit mode 0)
            Current function value: 0.15836666666666663
            Iterations: 6
            Function evaluations: 78
            Gradient evaluations: 6
Optimization terminated successfully    (Exit mode 0)
            Current function value: 0.16031111111111104
            Iterations: 4
            Function evaluations: 57
            Gradient evaluations: 4
Optimization terminated successfully    (Exit mode 0)
            Current function value: 0.15142222222222224
            Iterations: 8
            Function evaluations: 107
            Gradient evaluations: 8
corrs 1
sub corrs 10
corrs 2
sub corrs 20
corrs 3
sub corrs 30
corrs 4
sub corrs 40
corrs 5
sub corrs 50
corrs 6
sub corrs 60
corrs 7
sub corrs 70
corrs 8
sub corrs 80
corrs 9
sub corrs 90
corrs 10
sub corrs 100
Optimization terminated successfully    (Exit mode 0)
            Current function value: 0.21619999999999995
            Iterations: 1
            Function evaluations: 2
            Gradient evaluations: 1
Optimization terminated successfully    (Exit mode 0)
            Current function value: 0.2029999999999999
            Iterations: 7
            Function evaluations: 39
            Gradient evaluations: 7
Optimization terminated successfully    (Exit mode 0)
            Current function value: 0.14422222222222217
            Iterations: 5
            Function evaluations: 31
            Gradient evaluations: 5
Optimization terminated successfully    (Exit mode 0)
            Current function value: 0.21165555555555546
            Iterations: 4
            Function evaluations: 32
            Gradient evaluations: 4
Optimization terminated successfully    (Exit mode 0)
            Current function value: 0.14293333333333327
            Iterations: 5
            Function evaluations: 42
            Gradient evaluations: 5
Optimization terminated successfully    (Exit mode 0)
            Current function value: 0.13647777777777773
            Iterations: 8
            Function evaluations: 67
            Gradient evaluations: 8
Optimization terminated successfully    (Exit mode 0)
            Current function value: 0.15155555555555542
            Iterations: 3
            Function evaluations: 35
            Gradient evaluations: 3
Optimization terminated successfully    (Exit mode 0)
            Current function value: 0.16213333333333316
            Iterations: 5
            Function evaluations: 58
            Gradient evaluations: 5
Optimization terminated successfully    (Exit mode 0)
            Current function value: 0.14607777777777767
            Iterations: 5
            Function evaluations: 65
            Gradient evaluations: 5
Optimization terminated successfully    (Exit mode 0)
            Current function value: 0.14474444444444431
            Iterations: 13
            Function evaluations: 155
            Gradient evaluations: 13
Optimization terminated successfully    (Exit mode 0)
            Current function value: 0.13207777777777782
            Iterations: 7
            Function evaluations: 95
            Gradient evaluations: 7
 Experiment complete. Results at: /mnt/beegfs/hellgate/home/tp183485/timecorr_trazzp/Cluster_Data/word/word_100_10_10_isfc_TruncatedSVD_30_gaussian.csv
