corrs 1
sub corrs 10
corrs 2
sub corrs 20
corrs 3
sub corrs 30
corrs 4
sub corrs 40
corrs 5
sub corrs 50
corrs 6
sub corrs 60
corrs 7
sub corrs 70
corrs 8
sub corrs 80
corrs 9
sub corrs 90
corrs 10
sub corrs 100
Optimization terminated successfully    (Exit mode 0)
            Current function value: 0.2387333333333333
            Iterations: 1
            Function evaluations: 2
            Gradient evaluations: 1
Optimization terminated successfully    (Exit mode 0)
            Current function value: 0.21018888888888876
            Iterations: 4
            Function evaluations: 23
            Gradient evaluations: 4
Optimization terminated successfully    (Exit mode 0)
            Current function value: 0.20068888888888883
            Iterations: 9
            Function evaluations: 51
            Gradient evaluations: 9
Optimization terminated successfully    (Exit mode 0)
            Current function value: 0.02209999999999996
            Iterations: 7
            Function evaluations: 47
            Gradient evaluations: 7
Optimization terminated successfully    (Exit mode 0)
            Current function value: 0.02237777777777774
            Iterations: 8
            Function evaluations: 62
            Gradient evaluations: 8
Optimization terminated successfully    (Exit mode 0)
            Current function value: 0.021955555555555537
            Iterations: 9
            Function evaluations: 76
            Gradient evaluations: 9
Optimization terminated successfully    (Exit mode 0)
            Current function value: 0.014533333333333346
            Iterations: 9
            Function evaluations: 85
            Gradient evaluations: 9
Optimization terminated successfully    (Exit mode 0)
            Current function value: 0.014177777777777791
            Iterations: 8
            Function evaluations: 83
            Gradient evaluations: 8
Optimization terminated successfully    (Exit mode 0)
            Current function value: 0.014444444444444452
            Iterations: 12
            Function evaluations: 133
            Gradient evaluations: 12
Optimization terminated successfully    (Exit mode 0)
            Current function value: 0.015177777777777781
            Iterations: 4
            Function evaluations: 56
            Gradient evaluations: 4
Optimization terminated successfully    (Exit mode 0)
            Current function value: 0.01414444444444446
            Iterations: 15
            Function evaluations: 199
            Gradient evaluations: 15
corrs 1
sub corrs 10
corrs 2
sub corrs 20
corrs 3
sub corrs 30
corrs 4
sub corrs 40
corrs 5
sub corrs 50
corrs 6
sub corrs 60
corrs 7
sub corrs 70
corrs 8
sub corrs 80
corrs 9
sub corrs 90
corrs 10
sub corrs 100
Optimization terminated successfully    (Exit mode 0)
            Current function value: 0.23249999999999982
            Iterations: 1
            Function evaluations: 2
            Gradient evaluations: 1
Optimization terminated successfully    (Exit mode 0)
            Current function value: 0.21004444444444434
            Iterations: 1
            Function evaluations: 14
            Gradient evaluations: 1
Optimization terminated successfully    (Exit mode 0)
            Current function value: 0.2123666666666664
            Iterations: 5
            Function evaluations: 34
            Gradient evaluations: 5
Optimization terminated successfully    (Exit mode 0)
            Current function value: 0.028588888888888865
            Iterations: 6
            Function evaluations: 43
            Gradient evaluations: 6
Optimization terminated successfully    (Exit mode 0)
            Current function value: 0.029522222222222224
            Iterations: 4
            Function evaluations: 37
            Gradient evaluations: 4
Optimization terminated successfully    (Exit mode 0)
            Current function value: 0.04576666666666667
            Iterations: 4
            Function evaluations: 43
            Gradient evaluations: 4
Optimization terminated successfully    (Exit mode 0)
            Current function value: 0.01851111111111108
            Iterations: 7
            Function evaluations: 68
            Gradient evaluations: 7
Optimization terminated successfully    (Exit mode 0)
            Current function value: 0.0161222222222222
            Iterations: 9
            Function evaluations: 95
            Gradient evaluations: 9
Optimization terminated successfully    (Exit mode 0)
            Current function value: 0.015422222222222202
            Iterations: 12
            Function evaluations: 136
            Gradient evaluations: 12
Optimization terminated successfully    (Exit mode 0)
            Current function value: 0.015377777777777763
            Iterations: 15
            Function evaluations: 181
            Gradient evaluations: 15
Optimization terminated successfully    (Exit mode 0)
            Current function value: 0.01617777777777776
            Iterations: 9
            Function evaluations: 119
            Gradient evaluations: 9
 Experiment complete. Results at: /mnt/beegfs/hellgate/home/tp183485/timecorr_trazzp/Cluster_Data/word/word_100_10_10_isfc_TruncatedSVD_35_laplace.csv
