corrs 1
sub corrs 10
corrs 2
sub corrs 20
corrs 3
sub corrs 30
corrs 4
sub corrs 40
corrs 5
sub corrs 50
corrs 6
sub corrs 60
corrs 7
sub corrs 70
corrs 8
sub corrs 80
corrs 9
sub corrs 90
corrs 10
sub corrs 100
Optimization terminated successfully    (Exit mode 0)
            Current function value: 0.2840222222222221
            Iterations: 1
            Function evaluations: 2
            Gradient evaluations: 1
Optimization terminated successfully    (Exit mode 0)
            Current function value: 0.23805555555555544
            Iterations: 3
            Function evaluations: 20
            Gradient evaluations: 3
Optimization terminated successfully    (Exit mode 0)
            Current function value: 0.0928555555555556
            Iterations: 3
            Function evaluations: 23
            Gradient evaluations: 3
Optimization terminated successfully    (Exit mode 0)
            Current function value: 0.057033333333333415
            Iterations: 5
            Function evaluations: 37
            Gradient evaluations: 5
Optimization terminated successfully    (Exit mode 0)
            Current function value: 0.0455555555555556
            Iterations: 8
            Function evaluations: 63
            Gradient evaluations: 8
Optimization terminated successfully    (Exit mode 0)
            Current function value: 0.014833333333333342
            Iterations: 5
            Function evaluations: 51
            Gradient evaluations: 5
Optimization terminated successfully    (Exit mode 0)
            Current function value: 0.017544444444444418
            Iterations: 6
            Function evaluations: 64
            Gradient evaluations: 6
Optimization terminated successfully    (Exit mode 0)
            Current function value: 0.012733333333333369
            Iterations: 6
            Function evaluations: 66
            Gradient evaluations: 6
Optimization terminated successfully    (Exit mode 0)
            Current function value: 0.01462222222222218
            Iterations: 6
            Function evaluations: 74
            Gradient evaluations: 6
Optimization terminated successfully    (Exit mode 0)
            Current function value: 0.010722222222222244
            Iterations: 4
            Function evaluations: 55
            Gradient evaluations: 4
Optimization terminated successfully    (Exit mode 0)
            Current function value: 0.016522222222222147
            Iterations: 3
            Function evaluations: 49
            Gradient evaluations: 3
corrs 1
sub corrs 10
corrs 2
sub corrs 20
corrs 3
sub corrs 30
corrs 4
sub corrs 40
corrs 5
sub corrs 50
corrs 6
sub corrs 60
corrs 7
sub corrs 70
corrs 8
sub corrs 80
corrs 9
sub corrs 90
corrs 10
sub corrs 100
Optimization terminated successfully    (Exit mode 0)
            Current function value: 0.2367444444444445
            Iterations: 1
            Function evaluations: 2
            Gradient evaluations: 1
Optimization terminated successfully    (Exit mode 0)
            Current function value: 0.21193333333333322
            Iterations: 3
            Function evaluations: 20
            Gradient evaluations: 3
Optimization terminated successfully    (Exit mode 0)
            Current function value: 0.11752222222222215
            Iterations: 10
            Function evaluations: 58
            Gradient evaluations: 10
Optimization terminated successfully    (Exit mode 0)
            Current function value: 0.08224444444444452
            Iterations: 4
            Function evaluations: 35
            Gradient evaluations: 4
Optimization terminated successfully    (Exit mode 0)
            Current function value: 0.04948888888888893
            Iterations: 4
            Function evaluations: 40
            Gradient evaluations: 4
Optimization terminated successfully    (Exit mode 0)
            Current function value: 0.030988888888888906
            Iterations: 8
            Function evaluations: 75
            Gradient evaluations: 8
Optimization terminated successfully    (Exit mode 0)
            Current function value: 0.02272222222222222
            Iterations: 6
            Function evaluations: 59
            Gradient evaluations: 6
Optimization terminated successfully    (Exit mode 0)
            Current function value: 0.024444444444444435
            Iterations: 7
            Function evaluations: 76
            Gradient evaluations: 7
Optimization terminated successfully    (Exit mode 0)
            Current function value: 0.029900000000000013
            Iterations: 6
            Function evaluations: 76
            Gradient evaluations: 6
Optimization terminated successfully    (Exit mode 0)
            Current function value: 0.023166666666666638
            Iterations: 6
            Function evaluations: 82
            Gradient evaluations: 6
Optimization terminated successfully    (Exit mode 0)
            Current function value: 0.024499999999999987
            Iterations: 5
            Function evaluations: 73
            Gradient evaluations: 5
 Experiment complete. Results at: /mnt/beegfs/hellgate/home/tp183485/timecorr_trazzp/Cluster_Data/word/word_700_10_10_isfc_FactorAnalysis_35_gaussian.csv
