corrs 1
sub corrs 10
corrs 2
sub corrs 20
corrs 3
sub corrs 30
corrs 4
sub corrs 40
corrs 5
sub corrs 50
corrs 6
sub corrs 60
corrs 7
sub corrs 70
corrs 8
sub corrs 80
corrs 9
sub corrs 90
corrs 10
sub corrs 100
Optimization terminated successfully    (Exit mode 0)
            Current function value: 0.21882222222222225
            Iterations: 1
            Function evaluations: 2
            Gradient evaluations: 1
Optimization terminated successfully    (Exit mode 0)
            Current function value: 0.37374444444444443
            Iterations: 3
            Function evaluations: 20
            Gradient evaluations: 3
Optimization terminated successfully    (Exit mode 0)
            Current function value: 0.1963444444444444
            Iterations: 9
            Function evaluations: 50
            Gradient evaluations: 9
Optimization terminated successfully    (Exit mode 0)
            Current function value: 0.020511111111111088
            Iterations: 6
            Function evaluations: 42
            Gradient evaluations: 6
Optimization terminated successfully    (Exit mode 0)
            Current function value: 0.020122222222222194
            Iterations: 10
            Function evaluations: 74
            Gradient evaluations: 10
Optimization terminated successfully    (Exit mode 0)
            Current function value: 0.019988888888888855
            Iterations: 17
            Function evaluations: 140
            Gradient evaluations: 17
Optimization terminated successfully    (Exit mode 0)
            Current function value: 0.020044444444444413
            Iterations: 10
            Function evaluations: 91
            Gradient evaluations: 10
Optimization terminated successfully    (Exit mode 0)
            Current function value: 0.022222222222222185
            Iterations: 5
            Function evaluations: 56
            Gradient evaluations: 5
Optimization terminated successfully    (Exit mode 0)
            Current function value: 0.02226666666666664
            Iterations: 6
            Function evaluations: 71
            Gradient evaluations: 6
Optimization terminated successfully    (Exit mode 0)
            Current function value: 0.02269999999999997
            Iterations: 7
            Function evaluations: 88
            Gradient evaluations: 7
Optimization terminated successfully    (Exit mode 0)
            Current function value: 0.022044444444444408
            Iterations: 7
            Function evaluations: 97
            Gradient evaluations: 7
corrs 1
sub corrs 10
corrs 2
sub corrs 20
corrs 3
sub corrs 30
corrs 4
sub corrs 40
corrs 5
sub corrs 50
corrs 6
sub corrs 60
corrs 7
sub corrs 70
corrs 8
sub corrs 80
corrs 9
sub corrs 90
corrs 10
sub corrs 100
Optimization terminated successfully    (Exit mode 0)
            Current function value: 0.20679999999999987
            Iterations: 1
            Function evaluations: 2
            Gradient evaluations: 1
Optimization terminated successfully    (Exit mode 0)
            Current function value: 0.20679999999999987
            Iterations: 2
            Function evaluations: 6
            Gradient evaluations: 2
Optimization terminated successfully    (Exit mode 0)
            Current function value: 0.40956666666666647
            Iterations: 3
            Function evaluations: 24
            Gradient evaluations: 3
Optimization terminated successfully    (Exit mode 0)
            Current function value: 0.020222222222222197
            Iterations: 11
            Function evaluations: 71
            Gradient evaluations: 11
Optimization terminated successfully    (Exit mode 0)
            Current function value: 0.019699999999999974
            Iterations: 8
            Function evaluations: 61
            Gradient evaluations: 8
Optimization terminated successfully    (Exit mode 0)
            Current function value: 0.019311111111111088
            Iterations: 12
            Function evaluations: 98
            Gradient evaluations: 12
Optimization terminated successfully    (Exit mode 0)
            Current function value: 0.01968888888888887
            Iterations: 8
            Function evaluations: 76
            Gradient evaluations: 8
Optimization terminated successfully    (Exit mode 0)
            Current function value: 0.01916666666666664
            Iterations: 10
            Function evaluations: 102
            Gradient evaluations: 10
Optimization terminated successfully    (Exit mode 0)
            Current function value: 0.019588888888888857
            Iterations: 8
            Function evaluations: 96
            Gradient evaluations: 8
Optimization terminated successfully    (Exit mode 0)
            Current function value: 0.025611111111111085
            Iterations: 3
            Function evaluations: 44
            Gradient evaluations: 3
Optimization terminated successfully    (Exit mode 0)
            Current function value: 0.02517777777777778
            Iterations: 3
            Function evaluations: 50
            Gradient evaluations: 3
 Experiment complete. Results at: /mnt/beegfs/hellgate/home/tp183485/timecorr_trazzp/Cluster_Data/word/word_100_10_10_isfc_PCA_45_laplace.csv
