corrs 1
sub corrs 10
corrs 2
sub corrs 20
corrs 3
sub corrs 30
corrs 4
sub corrs 40
corrs 5
sub corrs 50
corrs 6
sub corrs 60
corrs 7
sub corrs 70
corrs 8
sub corrs 80
corrs 9
sub corrs 90
corrs 10
sub corrs 100
Optimization terminated successfully    (Exit mode 0)
            Current function value: 0.25994444444444426
            Iterations: 1
            Function evaluations: 2
            Gradient evaluations: 1
Optimization terminated successfully    (Exit mode 0)
            Current function value: 0.24356666666666654
            Iterations: 1
            Function evaluations: 14
            Gradient evaluations: 1
Optimization terminated successfully    (Exit mode 0)
            Current function value: 0.1319333333333333
            Iterations: 4
            Function evaluations: 29
            Gradient evaluations: 4
Optimization terminated successfully    (Exit mode 0)
            Current function value: 0.14817777777777785
            Iterations: 7
            Function evaluations: 51
            Gradient evaluations: 7
Optimization terminated successfully    (Exit mode 0)
            Current function value: 0.14154444444444456
            Iterations: 5
            Function evaluations: 43
            Gradient evaluations: 5
Optimization terminated successfully    (Exit mode 0)
            Current function value: 0.08863333333333341
            Iterations: 5
            Function evaluations: 48
            Gradient evaluations: 5
Optimization terminated successfully    (Exit mode 0)
            Current function value: 0.06808888888888896
            Iterations: 5
            Function evaluations: 55
            Gradient evaluations: 5
Optimization terminated successfully    (Exit mode 0)
            Current function value: 0.0705222222222223
            Iterations: 6
            Function evaluations: 65
            Gradient evaluations: 6
Optimization terminated successfully    (Exit mode 0)
            Current function value: 0.051311111111111085
            Iterations: 7
            Function evaluations: 88
            Gradient evaluations: 7
Optimization terminated successfully    (Exit mode 0)
            Current function value: 0.042666666666666644
            Iterations: 7
            Function evaluations: 93
            Gradient evaluations: 7
Optimization terminated successfully    (Exit mode 0)
            Current function value: 0.04434444444444442
            Iterations: 7
            Function evaluations: 101
            Gradient evaluations: 7
corrs 1
sub corrs 10
corrs 2
sub corrs 20
corrs 3
sub corrs 30
corrs 4
sub corrs 40
corrs 5
sub corrs 50
corrs 6
sub corrs 60
corrs 7
sub corrs 70
corrs 8
sub corrs 80
corrs 9
sub corrs 90
corrs 10
sub corrs 100
Optimization terminated successfully    (Exit mode 0)
            Current function value: 0.25736666666666674
            Iterations: 1
            Function evaluations: 2
            Gradient evaluations: 1
Optimization terminated successfully    (Exit mode 0)
            Current function value: 0.24695555555555534
            Iterations: 4
            Function evaluations: 23
            Gradient evaluations: 4
Optimization terminated successfully    (Exit mode 0)
            Current function value: 0.16218888888888885
            Iterations: 6
            Function evaluations: 40
            Gradient evaluations: 6
Optimization terminated successfully    (Exit mode 0)
            Current function value: 0.13522222222222224
            Iterations: 4
            Function evaluations: 33
            Gradient evaluations: 4
Optimization terminated successfully    (Exit mode 0)
            Current function value: 0.1722111111111112
            Iterations: 6
            Function evaluations: 52
            Gradient evaluations: 6
Optimization terminated successfully    (Exit mode 0)
            Current function value: 0.06415555555555559
            Iterations: 9
            Function evaluations: 82
            Gradient evaluations: 9
Optimization terminated successfully    (Exit mode 0)
            Current function value: 0.060000000000000026
            Iterations: 11
            Function evaluations: 108
            Gradient evaluations: 11
Optimization terminated successfully    (Exit mode 0)
            Current function value: 0.052122222222222195
            Iterations: 6
            Function evaluations: 75
            Gradient evaluations: 6
Optimization terminated successfully    (Exit mode 0)
            Current function value: 0.04845555555555552
            Iterations: 5
            Function evaluations: 62
            Gradient evaluations: 5
Optimization terminated successfully    (Exit mode 0)
            Current function value: 0.042966666666666625
            Iterations: 7
            Function evaluations: 98
            Gradient evaluations: 7
Optimization terminated successfully    (Exit mode 0)
            Current function value: 0.027488888888888865
            Iterations: 5
            Function evaluations: 74
            Gradient evaluations: 5
 Experiment complete. Results at: /mnt/beegfs/hellgate/home/tp183485/timecorr_trazzp/Cluster_Data/word/word_700_10_10_isfc_FactorAnalysis_30_mexican_hat.csv
