corrs 1
sub corrs 10
corrs 2
sub corrs 20
corrs 3
sub corrs 30
corrs 4
sub corrs 40
corrs 5
sub corrs 50
corrs 6
sub corrs 60
corrs 7
sub corrs 70
corrs 8
sub corrs 80
corrs 9
sub corrs 90
corrs 10
sub corrs 100
Optimization terminated successfully    (Exit mode 0)
            Current function value: 0.21792222222222232
            Iterations: 1
            Function evaluations: 2
            Gradient evaluations: 1
Optimization terminated successfully    (Exit mode 0)
            Current function value: 0.21201111111111112
            Iterations: 3
            Function evaluations: 22
            Gradient evaluations: 3
Optimization terminated successfully    (Exit mode 0)
            Current function value: 0.34505555555555567
            Iterations: 4
            Function evaluations: 27
            Gradient evaluations: 4
Optimization terminated successfully    (Exit mode 0)
            Current function value: 0.3748888888888886
            Iterations: 7
            Function evaluations: 56
            Gradient evaluations: 7
Optimization terminated successfully    (Exit mode 0)
            Current function value: 0.17748888888888886
            Iterations: 9
            Function evaluations: 68
            Gradient evaluations: 9
Optimization terminated successfully    (Exit mode 0)
            Current function value: 0.23002222222222224
            Iterations: 5
            Function evaluations: 49
            Gradient evaluations: 5
Optimization terminated successfully    (Exit mode 0)
            Current function value: 0.11913333333333338
            Iterations: 3
            Function evaluations: 35
            Gradient evaluations: 3
Optimization terminated successfully    (Exit mode 0)
            Current function value: 0.04587777777777779
            Iterations: 9
            Function evaluations: 105
            Gradient evaluations: 9
Optimization terminated successfully    (Exit mode 0)
            Current function value: 0.07112222222222223
            Iterations: 7
            Function evaluations: 93
            Gradient evaluations: 7
Optimization terminated successfully    (Exit mode 0)
            Current function value: 0.043622222222222236
            Iterations: 7
            Function evaluations: 93
            Gradient evaluations: 7
Optimization terminated successfully    (Exit mode 0)
            Current function value: 0.0697333333333334
            Iterations: 12
            Function evaluations: 167
            Gradient evaluations: 12
corrs 1
sub corrs 10
corrs 2
sub corrs 20
corrs 3
sub corrs 30
corrs 4
sub corrs 40
corrs 5
sub corrs 50
corrs 6
sub corrs 60
corrs 7
sub corrs 70
corrs 8
sub corrs 80
corrs 9
sub corrs 90
corrs 10
sub corrs 100
Optimization terminated successfully    (Exit mode 0)
            Current function value: 0.19424444444444436
            Iterations: 1
            Function evaluations: 2
            Gradient evaluations: 1
Optimization terminated successfully    (Exit mode 0)
            Current function value: 0.19424444444444436
            Iterations: 2
            Function evaluations: 6
            Gradient evaluations: 2
Optimization terminated successfully    (Exit mode 0)
            Current function value: 0.19424444444444436
            Iterations: 2
            Function evaluations: 8
            Gradient evaluations: 2
Optimization terminated successfully    (Exit mode 0)
            Current function value: 0.19424444444444436
            Iterations: 8
            Function evaluations: 40
            Gradient evaluations: 8
Optimization terminated successfully    (Exit mode 0)
            Current function value: 0.17834444444444436
            Iterations: 8
            Function evaluations: 63
            Gradient evaluations: 8
Optimization terminated successfully    (Exit mode 0)
            Current function value: 0.21764444444444445
            Iterations: 12
            Function evaluations: 105
            Gradient evaluations: 12
Optimization terminated successfully    (Exit mode 0)
            Current function value: 0.11157777777777769
            Iterations: 7
            Function evaluations: 69
            Gradient evaluations: 7
Optimization terminated successfully    (Exit mode 0)
            Current function value: 0.06931111111111113
            Iterations: 13
            Function evaluations: 138
            Gradient evaluations: 13
Optimization terminated successfully    (Exit mode 0)
            Current function value: 0.05365555555555558
            Iterations: 5
            Function evaluations: 61
            Gradient evaluations: 5
Optimization terminated successfully    (Exit mode 0)
            Current function value: 0.059388888888888935
            Iterations: 8
            Function evaluations: 101
            Gradient evaluations: 8
Optimization terminated successfully    (Exit mode 0)
            Current function value: 0.1079666666666667
            Iterations: 8
            Function evaluations: 112
            Gradient evaluations: 8
 Experiment complete. Results at: /mnt/beegfs/hellgate/home/tp183485/timecorr_trazzp/Cluster_Data/word/word_100_10_10_isfc_IncrementalPCA_25_laplace.csv
