corrs 1
sub corrs 10
corrs 2
sub corrs 20
corrs 3
sub corrs 30
corrs 4
sub corrs 40
corrs 5
sub corrs 50
corrs 6
sub corrs 60
corrs 7
sub corrs 70
corrs 8
sub corrs 80
corrs 9
sub corrs 90
corrs 10
sub corrs 100
Optimization terminated successfully    (Exit mode 0)
            Current function value: 0.2811222222222222
            Iterations: 1
            Function evaluations: 2
            Gradient evaluations: 1
Optimization terminated successfully    (Exit mode 0)
            Current function value: 0.4570999999999998
            Iterations: 2
            Function evaluations: 18
            Gradient evaluations: 2
Optimization terminated successfully    (Exit mode 0)
            Current function value: 0.5004444444444444
            Iterations: 1
            Function evaluations: 15
            Gradient evaluations: 1
Optimization terminated successfully    (Exit mode 0)
            Current function value: 0.41272222222222216
            Iterations: 4
            Function evaluations: 33
            Gradient evaluations: 4
Optimization terminated successfully    (Exit mode 0)
            Current function value: 0.16964444444444446
            Iterations: 12
            Function evaluations: 95
            Gradient evaluations: 12
Optimization terminated successfully    (Exit mode 0)
            Current function value: 0.17149999999999976
            Iterations: 9
            Function evaluations: 80
            Gradient evaluations: 9
Optimization terminated successfully    (Exit mode 0)
            Current function value: 0.14496666666666658
            Iterations: 5
            Function evaluations: 51
            Gradient evaluations: 5
Optimization terminated successfully    (Exit mode 0)
            Current function value: 0.1100888888888889
            Iterations: 5
            Function evaluations: 60
            Gradient evaluations: 5
Optimization terminated successfully    (Exit mode 0)
            Current function value: 0.07741111111111118
            Iterations: 14
            Function evaluations: 153
            Gradient evaluations: 14
Optimization terminated successfully    (Exit mode 0)
            Current function value: 0.07818888888888896
            Iterations: 12
            Function evaluations: 148
            Gradient evaluations: 12
Optimization terminated successfully    (Exit mode 0)
            Current function value: 0.10303333333333337
            Iterations: 5
            Function evaluations: 71
            Gradient evaluations: 5
corrs 1
sub corrs 10
corrs 2
sub corrs 20
corrs 3
sub corrs 30
corrs 4
sub corrs 40
corrs 5
sub corrs 50
corrs 6
sub corrs 60
corrs 7
sub corrs 70
corrs 8
sub corrs 80
corrs 9
sub corrs 90
corrs 10
sub corrs 100
Optimization terminated successfully    (Exit mode 0)
            Current function value: 0.253922222222222
            Iterations: 1
            Function evaluations: 2
            Gradient evaluations: 1
Optimization terminated successfully    (Exit mode 0)
            Current function value: 0.4509666666666666
            Iterations: 1
            Function evaluations: 14
            Gradient evaluations: 1
Optimization terminated successfully    (Exit mode 0)
            Current function value: 0.46317777777777774
            Iterations: 2
            Function evaluations: 19
            Gradient evaluations: 2
Optimization terminated successfully    (Exit mode 0)
            Current function value: 0.430688888888889
            Iterations: 5
            Function evaluations: 37
            Gradient evaluations: 5
Optimization terminated successfully    (Exit mode 0)
            Current function value: 0.4316111111111113
            Iterations: 4
            Function evaluations: 35
            Gradient evaluations: 4
Optimization terminated successfully    (Exit mode 0)
            Current function value: 0.1421777777777777
            Iterations: 10
            Function evaluations: 86
            Gradient evaluations: 10
Optimization terminated successfully    (Exit mode 0)
            Current function value: 0.1424
            Iterations: 10
            Function evaluations: 102
            Gradient evaluations: 10
Optimization terminated successfully    (Exit mode 0)
            Current function value: 0.12104444444444444
            Iterations: 7
            Function evaluations: 78
            Gradient evaluations: 7
Optimization terminated successfully    (Exit mode 0)
            Current function value: 0.10444444444444449
            Iterations: 12
            Function evaluations: 141
            Gradient evaluations: 12
Optimization terminated successfully    (Exit mode 0)
            Current function value: 0.10111111111111121
            Iterations: 12
            Function evaluations: 157
            Gradient evaluations: 12
Optimization terminated successfully    (Exit mode 0)
            Current function value: 0.08992222222222222
            Iterations: 17
            Function evaluations: 234
            Gradient evaluations: 17
 Experiment complete. Results at: /mnt/beegfs/hellgate/home/tp183485/timecorr_trazzp/Cluster_Data/word/word_700_10_10_isfc_IncrementalPCA_20_mexican_hat.csv
