corrs 1
sub corrs 10
corrs 2
sub corrs 20
corrs 3
sub corrs 30
corrs 4
sub corrs 40
corrs 5
sub corrs 50
corrs 6
sub corrs 60
corrs 7
sub corrs 70
corrs 8
sub corrs 80
corrs 9
sub corrs 90
corrs 10
sub corrs 100
Optimization terminated successfully    (Exit mode 0)
            Current function value: 0.2718444444444442
            Iterations: 1
            Function evaluations: 2
            Gradient evaluations: 1
Optimization terminated successfully    (Exit mode 0)
            Current function value: 0.2036777777777776
            Iterations: 2
            Function evaluations: 18
            Gradient evaluations: 2
Optimization terminated successfully    (Exit mode 0)
            Current function value: 0.14144444444444448
            Iterations: 11
            Function evaluations: 62
            Gradient evaluations: 11
Optimization terminated successfully    (Exit mode 0)
            Current function value: 0.11301111111111117
            Iterations: 3
            Function evaluations: 28
            Gradient evaluations: 3
Optimization terminated successfully    (Exit mode 0)
            Current function value: 0.09770000000000006
            Iterations: 5
            Function evaluations: 43
            Gradient evaluations: 5
Optimization terminated successfully    (Exit mode 0)
            Current function value: 0.07505555555555565
            Iterations: 4
            Function evaluations: 41
            Gradient evaluations: 4
Optimization terminated successfully    (Exit mode 0)
            Current function value: 0.05610000000000008
            Iterations: 4
            Function evaluations: 44
            Gradient evaluations: 4
Optimization terminated successfully    (Exit mode 0)
            Current function value: 0.050766666666666745
            Iterations: 5
            Function evaluations: 57
            Gradient evaluations: 5
Optimization terminated successfully    (Exit mode 0)
            Current function value: 0.029166666666666653
            Iterations: 3
            Function evaluations: 42
            Gradient evaluations: 3
Optimization terminated successfully    (Exit mode 0)
            Current function value: 0.013611111111111114
            Iterations: 4
            Function evaluations: 56
            Gradient evaluations: 4
Optimization terminated successfully    (Exit mode 0)
            Current function value: 0.019033333333333305
            Iterations: 2
            Function evaluations: 35
            Gradient evaluations: 2
corrs 1
sub corrs 10
corrs 2
sub corrs 20
corrs 3
sub corrs 30
corrs 4
sub corrs 40
corrs 5
sub corrs 50
corrs 6
sub corrs 60
corrs 7
sub corrs 70
corrs 8
sub corrs 80
corrs 9
sub corrs 90
corrs 10
sub corrs 100
Optimization terminated successfully    (Exit mode 0)
            Current function value: 0.28311111111111115
            Iterations: 1
            Function evaluations: 2
            Gradient evaluations: 1
Optimization terminated successfully    (Exit mode 0)
            Current function value: 0.20273333333333302
            Iterations: 6
            Function evaluations: 34
            Gradient evaluations: 6
Optimization terminated successfully    (Exit mode 0)
            Current function value: 0.11081111111111114
            Iterations: 6
            Function evaluations: 38
            Gradient evaluations: 6
Optimization terminated successfully    (Exit mode 0)
            Current function value: 0.09673333333333348
            Iterations: 4
            Function evaluations: 34
            Gradient evaluations: 4
Optimization terminated successfully    (Exit mode 0)
            Current function value: 0.07293333333333334
            Iterations: 5
            Function evaluations: 45
            Gradient evaluations: 5
Optimization terminated successfully    (Exit mode 0)
            Current function value: 0.06850000000000005
            Iterations: 6
            Function evaluations: 57
            Gradient evaluations: 6
Optimization terminated successfully    (Exit mode 0)
            Current function value: 0.04497777777777783
            Iterations: 8
            Function evaluations: 83
            Gradient evaluations: 8
Optimization terminated successfully    (Exit mode 0)
            Current function value: 0.03798888888888893
            Iterations: 6
            Function evaluations: 70
            Gradient evaluations: 6
Optimization terminated successfully    (Exit mode 0)
            Current function value: 0.027477777777777823
            Iterations: 6
            Function evaluations: 77
            Gradient evaluations: 6
Optimization terminated successfully    (Exit mode 0)
            Current function value: 0.019422222222222223
            Iterations: 6
            Function evaluations: 79
            Gradient evaluations: 6
Optimization terminated successfully    (Exit mode 0)
            Current function value: 0.019233333333333325
            Iterations: 2
            Function evaluations: 35
            Gradient evaluations: 2
 Experiment complete. Results at: /mnt/beegfs/hellgate/home/tp183485/timecorr_trazzp/Cluster_Data/word/word_700_10_10_isfc_FactorAnalysis_50_gaussian.csv
