corrs 1
sub corrs 10
corrs 2
sub corrs 20
corrs 3
sub corrs 30
corrs 4
sub corrs 40
corrs 5
sub corrs 50
corrs 6
sub corrs 60
corrs 7
sub corrs 70
corrs 8
sub corrs 80
corrs 9
sub corrs 90
corrs 10
sub corrs 100
Optimization terminated successfully    (Exit mode 0)
            Current function value: 0.28296666666666653
            Iterations: 1
            Function evaluations: 2
            Gradient evaluations: 1
Optimization terminated successfully    (Exit mode 0)
            Current function value: 0.2723555555555553
            Iterations: 5
            Function evaluations: 26
            Gradient evaluations: 5
Optimization terminated successfully    (Exit mode 0)
            Current function value: 0.0023333333333333314
            Iterations: 1
            Function evaluations: 4
            Gradient evaluations: 1
Optimization terminated successfully    (Exit mode 0)
            Current function value: 0.002455555555555553
            Iterations: 2
            Function evaluations: 10
            Gradient evaluations: 2
Optimization terminated successfully    (Exit mode 0)
            Current function value: 0.0024555555555555537
            Iterations: 2
            Function evaluations: 12
            Gradient evaluations: 2
Optimization terminated successfully    (Exit mode 0)
            Current function value: 0.002733333333333328
            Iterations: 2
            Function evaluations: 25
            Gradient evaluations: 2
Optimization terminated successfully    (Exit mode 0)
            Current function value: 0.0026888888888888835
            Iterations: 3
            Function evaluations: 35
            Gradient evaluations: 3
Optimization terminated successfully    (Exit mode 0)
            Current function value: 0.002422222222222221
            Iterations: 2
            Function evaluations: 30
            Gradient evaluations: 2
Optimization terminated successfully    (Exit mode 0)
            Current function value: 0.0024444444444444414
            Iterations: 7
            Function evaluations: 81
            Gradient evaluations: 7
Optimization terminated successfully    (Exit mode 0)
            Current function value: 0.0025999999999999977
            Iterations: 2
            Function evaluations: 35
            Gradient evaluations: 2
Optimization terminated successfully    (Exit mode 0)
            Current function value: 0.002433333333333331
            Iterations: 12
            Function evaluations: 158
            Gradient evaluations: 12
corrs 1
sub corrs 10
corrs 2
sub corrs 20
corrs 3
sub corrs 30
corrs 4
sub corrs 40
corrs 5
sub corrs 50
corrs 6
sub corrs 60
corrs 7
sub corrs 70
corrs 8
sub corrs 80
corrs 9
sub corrs 90
corrs 10
sub corrs 100
Optimization terminated successfully    (Exit mode 0)
            Current function value: 0.26976666666666654
            Iterations: 1
            Function evaluations: 2
            Gradient evaluations: 1
Optimization terminated successfully    (Exit mode 0)
            Current function value: 0.37137777777777775
            Iterations: 2
            Function evaluations: 17
            Gradient evaluations: 2
Optimization terminated successfully    (Exit mode 0)
            Current function value: 0.0027222222222222183
            Iterations: 3
            Function evaluations: 23
            Gradient evaluations: 3
Optimization terminated successfully    (Exit mode 0)
            Current function value: 0.0027222222222222183
            Iterations: 2
            Function evaluations: 21
            Gradient evaluations: 2
Optimization terminated successfully    (Exit mode 0)
            Current function value: 0.0022555555555555527
            Iterations: 2
            Function evaluations: 12
            Gradient evaluations: 2
Optimization terminated successfully    (Exit mode 0)
            Current function value: 0.0027222222222222205
            Iterations: 1
            Function evaluations: 18
            Gradient evaluations: 1
Optimization terminated successfully    (Exit mode 0)
            Current function value: 0.002633333333333332
            Iterations: 2
            Function evaluations: 28
            Gradient evaluations: 2
Optimization terminated successfully    (Exit mode 0)
            Current function value: 0.0022777777777777757
            Iterations: 9
            Function evaluations: 94
            Gradient evaluations: 9
Optimization terminated successfully    (Exit mode 0)
            Current function value: 0.0023555555555555517
            Iterations: 6
            Function evaluations: 60
            Gradient evaluations: 6
Optimization terminated successfully    (Exit mode 0)
            Current function value: 0.002366666666666664
            Iterations: 6
            Function evaluations: 66
            Gradient evaluations: 6
Optimization terminated successfully    (Exit mode 0)
            Current function value: 0.002644444444444441
            Iterations: 2
            Function evaluations: 35
            Gradient evaluations: 2
 Experiment complete. Results at: /mnt/beegfs/hellgate/home/tp183485/timecorr_trazzp/Cluster_Data/word/word_700_10_10_isfc_PCA_25_laplace.csv
