corrs 1
sub corrs 10
corrs 2
sub corrs 20
corrs 3
sub corrs 30
corrs 4
sub corrs 40
corrs 5
sub corrs 50
corrs 6
sub corrs 60
corrs 7
sub corrs 70
corrs 8
sub corrs 80
corrs 9
sub corrs 90
corrs 10
sub corrs 100
Optimization terminated successfully    (Exit mode 0)
            Current function value: 0.27389999999999953
            Iterations: 1
            Function evaluations: 2
            Gradient evaluations: 1
Optimization terminated successfully    (Exit mode 0)
            Current function value: 0.1936888888888888
            Iterations: 9
            Function evaluations: 45
            Gradient evaluations: 9
Optimization terminated successfully    (Exit mode 0)
            Current function value: 0.15863333333333324
            Iterations: 5
            Function evaluations: 33
            Gradient evaluations: 5
Optimization terminated successfully    (Exit mode 0)
            Current function value: 0.12384444444444448
            Iterations: 6
            Function evaluations: 44
            Gradient evaluations: 6
Optimization terminated successfully    (Exit mode 0)
            Current function value: 0.12154444444444451
            Iterations: 11
            Function evaluations: 83
            Gradient evaluations: 11
Optimization terminated successfully    (Exit mode 0)
            Current function value: 0.11788888888888882
            Iterations: 8
            Function evaluations: 73
            Gradient evaluations: 8
Optimization terminated successfully    (Exit mode 0)
            Current function value: 0.14215555555555537
            Iterations: 9
            Function evaluations: 88
            Gradient evaluations: 9
Optimization terminated successfully    (Exit mode 0)
            Current function value: 0.10763333333333336
            Iterations: 7
            Function evaluations: 78
            Gradient evaluations: 7
Optimization terminated successfully    (Exit mode 0)
            Current function value: 0.04885555555555561
            Iterations: 7
            Function evaluations: 85
            Gradient evaluations: 7
Optimization terminated successfully    (Exit mode 0)
            Current function value: 0.059000000000000094
            Iterations: 6
            Function evaluations: 77
            Gradient evaluations: 6
Optimization terminated successfully    (Exit mode 0)
            Current function value: 0.06281111111111118
            Iterations: 3
            Function evaluations: 47
            Gradient evaluations: 3
corrs 1
sub corrs 10
corrs 2
sub corrs 20
corrs 3
sub corrs 30
corrs 4
sub corrs 40
corrs 5
sub corrs 50
corrs 6
sub corrs 60
corrs 7
sub corrs 70
corrs 8
sub corrs 80
corrs 9
sub corrs 90
corrs 10
sub corrs 100
Optimization terminated successfully    (Exit mode 0)
            Current function value: 0.25403333333333317
            Iterations: 1
            Function evaluations: 2
            Gradient evaluations: 1
Optimization terminated successfully    (Exit mode 0)
            Current function value: 0.18147777777777777
            Iterations: 7
            Function evaluations: 35
            Gradient evaluations: 7
Optimization terminated successfully    (Exit mode 0)
            Current function value: 0.15713333333333324
            Iterations: 6
            Function evaluations: 39
            Gradient evaluations: 6
Optimization terminated successfully    (Exit mode 0)
            Current function value: 0.13702222222222224
            Iterations: 6
            Function evaluations: 46
            Gradient evaluations: 6
Optimization terminated successfully    (Exit mode 0)
            Current function value: 0.1397999999999999
            Iterations: 4
            Function evaluations: 39
            Gradient evaluations: 4
Optimization terminated successfully    (Exit mode 0)
            Current function value: 0.13184444444444443
            Iterations: 4
            Function evaluations: 44
            Gradient evaluations: 4
Optimization terminated successfully    (Exit mode 0)
            Current function value: 0.11841111111111109
            Iterations: 6
            Function evaluations: 62
            Gradient evaluations: 6
Optimization terminated successfully    (Exit mode 0)
            Current function value: 0.1068333333333333
            Iterations: 10
            Function evaluations: 114
            Gradient evaluations: 10
Optimization terminated successfully    (Exit mode 0)
            Current function value: 0.06090000000000009
            Iterations: 3
            Function evaluations: 42
            Gradient evaluations: 3
Optimization terminated successfully    (Exit mode 0)
            Current function value: 0.049988888888888965
            Iterations: 4
            Function evaluations: 56
            Gradient evaluations: 4
Optimization terminated successfully    (Exit mode 0)
            Current function value: 0.058155555555555634
            Iterations: 4
            Function evaluations: 63
            Gradient evaluations: 4
 Experiment complete. Results at: /mnt/beegfs/hellgate/home/tp183485/timecorr_trazzp/Cluster_Data/word/word_700_10_10_isfc_FactorAnalysis_45_gaussian.csv
