corrs 1
sub corrs 10
corrs 2
sub corrs 20
corrs 3
sub corrs 30
corrs 4
sub corrs 40
corrs 5
sub corrs 50
corrs 6
sub corrs 60
corrs 7
sub corrs 70
corrs 8
sub corrs 80
corrs 9
sub corrs 90
corrs 10
sub corrs 100
Optimization terminated successfully    (Exit mode 0)
            Current function value: 0.2682333333333332
            Iterations: 1
            Function evaluations: 2
            Gradient evaluations: 1
Optimization terminated successfully    (Exit mode 0)
            Current function value: 0.31445555555555565
            Iterations: 2
            Function evaluations: 18
            Gradient evaluations: 2
Optimization terminated successfully    (Exit mode 0)
            Current function value: 0.08325555555555561
            Iterations: 1
            Function evaluations: 15
            Gradient evaluations: 1
Optimization terminated successfully    (Exit mode 0)
            Current function value: 0.07531111111111122
            Iterations: 6
            Function evaluations: 44
            Gradient evaluations: 6
Optimization terminated successfully    (Exit mode 0)
            Current function value: 0.07238888888888897
            Iterations: 9
            Function evaluations: 65
            Gradient evaluations: 9
Optimization terminated successfully    (Exit mode 0)
            Current function value: 0.019233333333333304
            Iterations: 8
            Function evaluations: 73
            Gradient evaluations: 8
Optimization terminated successfully    (Exit mode 0)
            Current function value: 0.0077111111111111234
            Iterations: 13
            Function evaluations: 125
            Gradient evaluations: 13
Optimization terminated successfully    (Exit mode 0)
            Current function value: 0.009022222222222223
            Iterations: 8
            Function evaluations: 83
            Gradient evaluations: 8
Optimization terminated successfully    (Exit mode 0)
            Current function value: 0.007300000000000006
            Iterations: 10
            Function evaluations: 113
            Gradient evaluations: 10
Optimization terminated successfully    (Exit mode 0)
            Current function value: 0.007577777777777782
            Iterations: 8
            Function evaluations: 101
            Gradient evaluations: 8
Optimization terminated successfully    (Exit mode 0)
            Current function value: 0.007088888888888897
            Iterations: 6
            Function evaluations: 83
            Gradient evaluations: 6
corrs 1
sub corrs 10
corrs 2
sub corrs 20
corrs 3
sub corrs 30
corrs 4
sub corrs 40
corrs 5
sub corrs 50
corrs 6
sub corrs 60
corrs 7
sub corrs 70
corrs 8
sub corrs 80
corrs 9
sub corrs 90
corrs 10
sub corrs 100
Optimization terminated successfully    (Exit mode 0)
            Current function value: 0.27702222222222206
            Iterations: 1
            Function evaluations: 2
            Gradient evaluations: 1
Optimization terminated successfully    (Exit mode 0)
            Current function value: 0.25701111111111113
            Iterations: 5
            Function evaluations: 27
            Gradient evaluations: 5
Optimization terminated successfully    (Exit mode 0)
            Current function value: 0.06942222222222226
            Iterations: 3
            Function evaluations: 23
            Gradient evaluations: 3
Optimization terminated successfully    (Exit mode 0)
            Current function value: 0.07478888888888893
            Iterations: 2
            Function evaluations: 21
            Gradient evaluations: 2
Optimization terminated successfully    (Exit mode 0)
            Current function value: 0.06598888888888899
            Iterations: 7
            Function evaluations: 55
            Gradient evaluations: 7
Optimization terminated successfully    (Exit mode 0)
            Current function value: 0.012755555555555555
            Iterations: 7
            Function evaluations: 61
            Gradient evaluations: 7
Optimization terminated successfully    (Exit mode 0)
            Current function value: 0.009577777777777779
            Iterations: 9
            Function evaluations: 84
            Gradient evaluations: 9
Optimization terminated successfully    (Exit mode 0)
            Current function value: 0.010566666666666667
            Iterations: 10
            Function evaluations: 105
            Gradient evaluations: 10
Optimization terminated successfully    (Exit mode 0)
            Current function value: 0.008911111111111127
            Iterations: 6
            Function evaluations: 71
            Gradient evaluations: 6
Optimization terminated successfully    (Exit mode 0)
            Current function value: 0.008822222222222233
            Iterations: 8
            Function evaluations: 100
            Gradient evaluations: 8
Optimization terminated successfully    (Exit mode 0)
            Current function value: 0.00871111111111112
            Iterations: 5
            Function evaluations: 71
            Gradient evaluations: 5
 Experiment complete. Results at: /mnt/beegfs/hellgate/home/tp183485/timecorr_trazzp/Cluster_Data/word/word_700_10_10_isfc_TruncatedSVD_25_laplace.csv
