['/mnt/beegfs/hellgate/home/tp183485/timecorr_trazzp/Scripts', '/opt/conda/lib/python312.zip', '/opt/conda/lib/python3.12', '/opt/conda/lib/python3.12/lib-dynload', '/mnt/beegfs/hellgate/home/tp183485/timecorr_trazzp/timecorr_venv/lib/python3.12/site-packages', '/mnt/beegfs/hellgate/home/tp183485/timecorr_trazzp']
corrs 1
sub corrs 10
corrs 2
sub corrs 20
corrs 3
sub corrs 30
corrs 4
sub corrs 40
corrs 5
sub corrs 50
corrs 6
sub corrs 60
corrs 7
sub corrs 70
corrs 8
sub corrs 80
corrs 9
sub corrs 90
corrs 10
sub corrs 100
Optimization terminated successfully    (Exit mode 0)
            Current function value: 0.07943333333333343
            Iterations: 1
            Function evaluations: 2
            Gradient evaluations: 1
       rank  accuracy     error
0  0.967522  0.246667  0.079433
Optimization terminated successfully    (Exit mode 0)
            Current function value: 0.07943333333333343
            Iterations: 5
            Function evaluations: 15
            Gradient evaluations: 5
       rank  accuracy     error
0  0.967522  0.246667  0.079433
Optimization terminated successfully    (Exit mode 0)
            Current function value: 0.07597777777777787
            Iterations: 3
            Function evaluations: 23
            Gradient evaluations: 3
       rank  accuracy     error
0  0.967967      0.25  0.075978
Optimization terminated successfully    (Exit mode 0)
            Current function value: 0.07168888888888895
            Iterations: 4
            Function evaluations: 31
            Gradient evaluations: 4
       rank  accuracy     error
0  0.968944  0.253333  0.071689
Optimization terminated successfully    (Exit mode 0)
            Current function value: 0.07648888888888895
            Iterations: 6
            Function evaluations: 47
            Gradient evaluations: 6
       rank  accuracy     error
0  0.968389  0.243333  0.076489
Optimization terminated successfully    (Exit mode 0)
            Current function value: 0.07314444444444451
            Iterations: 4
            Function evaluations: 39
            Gradient evaluations: 4
       rank  accuracy     error
0  0.969056      0.25  0.073144
Optimization terminated successfully    (Exit mode 0)
            Current function value: 0.07110000000000007
            Iterations: 4
            Function evaluations: 43
            Gradient evaluations: 4
       rank  accuracy   error
0  0.969056  0.253333  0.0711
Optimization terminated successfully    (Exit mode 0)
            Current function value: 0.07502222222222231
            Iterations: 3
            Function evaluations: 38
            Gradient evaluations: 3
       rank  accuracy     error
0  0.969289      0.25  0.075022
Optimization terminated successfully    (Exit mode 0)
            Current function value: 0.07294444444444452
            Iterations: 2
            Function evaluations: 31
            Gradient evaluations: 2
       rank  accuracy     error
0  0.969467  0.256667  0.072944
Optimization terminated successfully    (Exit mode 0)
            Current function value: 0.07118888888888897
            Iterations: 5
            Function evaluations: 67
            Gradient evaluations: 5
       rank  accuracy     error
0  0.968989  0.253333  0.071189
Optimization terminated successfully    (Exit mode 0)
            Current function value: 0.07240000000000008
            Iterations: 4
            Function evaluations: 59
            Gradient evaluations: 4
       rank  accuracy   error
0  0.969467  0.253333  0.0724
corrs 1
sub corrs 10
corrs 2
sub corrs 20
corrs 3
sub corrs 30
corrs 4
sub corrs 40
corrs 5
sub corrs 50
corrs 6
sub corrs 60
corrs 7
sub corrs 70
corrs 8
sub corrs 80
corrs 9
sub corrs 90
corrs 10
sub corrs 100
Optimization terminated successfully    (Exit mode 0)
            Current function value: 0.08183333333333352
            Iterations: 1
            Function evaluations: 2
            Gradient evaluations: 1
       rank  accuracy     error
0  0.966589  0.243333  0.081833
Optimization terminated successfully    (Exit mode 0)
            Current function value: 0.078188888888889
            Iterations: 2
            Function evaluations: 17
            Gradient evaluations: 2
       rank  accuracy     error
0  0.966789      0.24  0.078189
Optimization terminated successfully    (Exit mode 0)
            Current function value: 0.07218888888888902
            Iterations: 5
            Function evaluations: 32
            Gradient evaluations: 5
       rank  accuracy     error
0  0.966978  0.236667  0.072189
Optimization terminated successfully    (Exit mode 0)
            Current function value: 0.07321111111111125
            Iterations: 3
            Function evaluations: 26
            Gradient evaluations: 3
     rank  accuracy     error
0  0.9673  0.236667  0.073211
Optimization terminated successfully    (Exit mode 0)
            Current function value: 0.06263333333333342
            Iterations: 6
            Function evaluations: 49
            Gradient evaluations: 6
       rank  accuracy     error
0  0.967967  0.236667  0.062633
Optimization terminated successfully    (Exit mode 0)
            Current function value: 0.06637777777777788
            Iterations: 4
            Function evaluations: 39
            Gradient evaluations: 4
       rank  accuracy     error
0  0.967544      0.24  0.066378
Optimization terminated successfully    (Exit mode 0)
            Current function value: 0.06263333333333344
            Iterations: 3
            Function evaluations: 36
            Gradient evaluations: 3
       rank  accuracy     error
0  0.967922  0.236667  0.062633
Optimization terminated successfully    (Exit mode 0)
            Current function value: 0.06606666666666677
            Iterations: 3
            Function evaluations: 38
            Gradient evaluations: 3
       rank  accuracy     error
0  0.967689      0.24  0.066067
Optimization terminated successfully    (Exit mode 0)
            Current function value: 0.06704444444444456
            Iterations: 3
            Function evaluations: 41
            Gradient evaluations: 3
       rank  accuracy     error
0  0.967378  0.243333  0.067044
Optimization terminated successfully    (Exit mode 0)
            Current function value: 0.0667000000000001
            Iterations: 4
            Function evaluations: 56
            Gradient evaluations: 4
       rank  accuracy   error
0  0.967667      0.24  0.0667
Optimization terminated successfully    (Exit mode 0)
            Current function value: 0.06986666666666677
            Iterations: 5
            Function evaluations: 71
            Gradient evaluations: 5
       rank  accuracy     error
0  0.966956  0.236667  0.069867
✨ Experiment complete. Results archived at: /mnt/beegfs/hellgate/home/tp183485/timecorr_trazzp/Scripts/../data/inital_data/Data_Reduction_Testing/isfc_UMAP_gaussian_5/intact.csv
[1035323.15] (UMAP) exit code: 0
