['/mnt/beegfs/hellgate/home/tp183485/timecorr_trazzp/Scripts', '/opt/conda/lib/python312.zip', '/opt/conda/lib/python3.12', '/opt/conda/lib/python3.12/lib-dynload', '/mnt/beegfs/hellgate/home/tp183485/timecorr_trazzp/timecorr_venv/lib/python3.12/site-packages', '/mnt/beegfs/hellgate/home/tp183485/timecorr_trazzp']
corrs 1
sub corrs 10
corrs 2
sub corrs 20
corrs 3
sub corrs 30
corrs 4
sub corrs 40
corrs 5
sub corrs 50
corrs 6
sub corrs 60
corrs 7
sub corrs 70
corrs 8
sub corrs 80
corrs 9
sub corrs 90
corrs 10
sub corrs 100
Optimization terminated successfully    (Exit mode 0)
            Current function value: 0.10947777777777785
            Iterations: 1
            Function evaluations: 2
            Gradient evaluations: 1
       rank  accuracy     error
0  0.961422  0.283333  0.109478
Optimization terminated successfully    (Exit mode 0)
            Current function value: 0.10947777777777785
            Iterations: 4
            Function evaluations: 12
            Gradient evaluations: 4
       rank  accuracy     error
0  0.961422  0.283333  0.109478
Optimization terminated successfully    (Exit mode 0)
            Current function value: 0.07337777777777792
            Iterations: 7
            Function evaluations: 39
            Gradient evaluations: 7
       rank  accuracy     error
0  0.962111  0.276667  0.073378
Optimization terminated successfully    (Exit mode 0)
            Current function value: 0.06561111111111119
            Iterations: 6
            Function evaluations: 45
            Gradient evaluations: 6
       rank  accuracy     error
0  0.964722  0.256667  0.065611
Optimization terminated successfully    (Exit mode 0)
            Current function value: 0.06353333333333339
            Iterations: 6
            Function evaluations: 51
            Gradient evaluations: 6
       rank  accuracy     error
0  0.965978  0.273333  0.063533
Optimization terminated successfully    (Exit mode 0)
            Current function value: 0.05352222222222229
            Iterations: 6
            Function evaluations: 65
            Gradient evaluations: 6
       rank  accuracy     error
0  0.954411  0.243333  0.053522
Optimization terminated successfully    (Exit mode 0)
            Current function value: 0.05360000000000005
            Iterations: 6
            Function evaluations: 63
            Gradient evaluations: 6
     rank  accuracy   error
0  0.9561  0.273333  0.0536
Optimization terminated successfully    (Exit mode 0)
            Current function value: 0.030299999999999994
            Iterations: 8
            Function evaluations: 87
            Gradient evaluations: 8
       rank  accuracy   error
0  0.976867      0.29  0.0303
Optimization terminated successfully    (Exit mode 0)
            Current function value: 0.0363333333333333
            Iterations: 6
            Function evaluations: 71
            Gradient evaluations: 6
       rank  accuracy     error
0  0.974256  0.286667  0.036333
Optimization terminated successfully    (Exit mode 0)
            Current function value: 0.029966666666666662
            Iterations: 7
            Function evaluations: 92
            Gradient evaluations: 7
     rank  accuracy     error
0  0.9765      0.29  0.029967
Optimization terminated successfully    (Exit mode 0)
            Current function value: 0.03333333333333332
            Iterations: 10
            Function evaluations: 136
            Gradient evaluations: 10
       rank  accuracy     error
0  0.975233  0.303333  0.033333
corrs 1
sub corrs 10
corrs 2
sub corrs 20
corrs 3
sub corrs 30
corrs 4
sub corrs 40
corrs 5
sub corrs 50
corrs 6
sub corrs 60
corrs 7
sub corrs 70
corrs 8
sub corrs 80
corrs 9
sub corrs 90
corrs 10
sub corrs 100
Optimization terminated successfully    (Exit mode 0)
            Current function value: 0.0967333333333335
            Iterations: 1
            Function evaluations: 2
            Gradient evaluations: 1
       rank  accuracy     error
0  0.961311      0.26  0.096733
Optimization terminated successfully    (Exit mode 0)
            Current function value: 0.09621111111111129
            Iterations: 6
            Function evaluations: 29
            Gradient evaluations: 6
       rank  accuracy     error
0  0.961311      0.26  0.096211
Optimization terminated successfully    (Exit mode 0)
            Current function value: 0.0762555555555557
            Iterations: 8
            Function evaluations: 45
            Gradient evaluations: 8
       rank  accuracy     error
0  0.963744  0.246667  0.076256
Optimization terminated successfully    (Exit mode 0)
            Current function value: 0.06200000000000006
            Iterations: 11
            Function evaluations: 74
            Gradient evaluations: 11
       rank  accuracy  error
0  0.967622      0.26  0.062
Optimization terminated successfully    (Exit mode 0)
            Current function value: 0.07734444444444463
            Iterations: 4
            Function evaluations: 39
            Gradient evaluations: 4
       rank  accuracy     error
0  0.917233  0.216667  0.077344
Optimization terminated successfully    (Exit mode 0)
            Current function value: 0.06792222222222236
            Iterations: 5
            Function evaluations: 52
            Gradient evaluations: 5
     rank  accuracy     error
0  0.9265  0.226667  0.067922
Optimization terminated successfully    (Exit mode 0)
            Current function value: 0.03859999999999996
            Iterations: 6
            Function evaluations: 59
            Gradient evaluations: 6
       rank  accuracy   error
0  0.978367  0.276667  0.0386
Optimization terminated successfully    (Exit mode 0)
            Current function value: 0.03612222222222219
            Iterations: 7
            Function evaluations: 76
            Gradient evaluations: 7
       rank  accuracy     error
0  0.978956  0.276667  0.036122
Optimization terminated successfully    (Exit mode 0)
            Current function value: 0.03552222222222218
            Iterations: 7
            Function evaluations: 82
            Gradient evaluations: 7
       rank  accuracy     error
0  0.976844  0.263333  0.035522
Optimization terminated successfully    (Exit mode 0)
            Current function value: 0.03503333333333333
            Iterations: 8
            Function evaluations: 107
            Gradient evaluations: 8
       rank  accuracy     error
0  0.971778  0.233333  0.035033
Optimization terminated successfully    (Exit mode 0)
            Current function value: 0.03574444444444444
            Iterations: 8
            Function evaluations: 107
            Gradient evaluations: 8
     rank  accuracy     error
0  0.9686  0.223333  0.035744
✨ Experiment complete. Results archived at: /mnt/beegfs/hellgate/home/tp183485/timecorr_trazzp/Scripts/../data/inital_data/Data_Reduction_Testing/isfc_Isomap_gaussian_5/intact.csv
[1034952.11] (Isomap) exit code: 0
