['/mnt/beegfs/hellgate/home/tp183485/timecorr_trazzp/Scripts', '/opt/conda/lib/python312.zip', '/opt/conda/lib/python3.12', '/opt/conda/lib/python3.12/lib-dynload', '/mnt/beegfs/hellgate/home/tp183485/timecorr_trazzp/timecorr_venv/lib/python3.12/site-packages', '/mnt/beegfs/hellgate/home/tp183485/timecorr_trazzp']
corrs 1
sub corrs 10
corrs 2
sub corrs 20
corrs 3
sub corrs 30
corrs 4
sub corrs 40
corrs 5
sub corrs 50
corrs 6
sub corrs 60
corrs 7
sub corrs 70
corrs 8
sub corrs 80
corrs 9
sub corrs 90
corrs 10
sub corrs 100
Optimization terminated successfully    (Exit mode 0)
            Current function value: 0.10490000000000008
            Iterations: 1
            Function evaluations: 2
            Gradient evaluations: 1
     rank  accuracy   error
0  0.9657  0.256667  0.1049
Optimization terminated successfully    (Exit mode 0)
            Current function value: 0.10490000000000008
            Iterations: 5
            Function evaluations: 18
            Gradient evaluations: 5
     rank  accuracy   error
0  0.9657  0.256667  0.1049
Optimization terminated successfully    (Exit mode 0)
            Current function value: 0.09726666666666675
            Iterations: 2
            Function evaluations: 19
            Gradient evaluations: 2
       rank  accuracy     error
0  0.950922  0.213333  0.097267
Optimization terminated successfully    (Exit mode 0)
            Current function value: 0.0912333333333334
            Iterations: 3
            Function evaluations: 26
            Gradient evaluations: 3
       rank  accuracy     error
0  0.952711  0.216667  0.091233
Optimization terminated successfully    (Exit mode 0)
            Current function value: 0.08086666666666675
            Iterations: 9
            Function evaluations: 67
            Gradient evaluations: 9
       rank  accuracy     error
0  0.960311  0.226667  0.080867
Optimization terminated successfully    (Exit mode 0)
            Current function value: 0.07891111111111118
            Iterations: 6
            Function evaluations: 55
            Gradient evaluations: 6
       rank  accuracy     error
0  0.947589      0.22  0.078911
Optimization terminated successfully    (Exit mode 0)
            Current function value: 0.10801111111111111
            Iterations: 4
            Function evaluations: 44
            Gradient evaluations: 4
     rank  accuracy     error
0  0.9649      0.23  0.108011
Optimization terminated successfully    (Exit mode 0)
            Current function value: 0.10122222222222231
            Iterations: 8
            Function evaluations: 87
            Gradient evaluations: 8
       rank  accuracy     error
0  0.963389      0.22  0.101222
Optimization terminated successfully    (Exit mode 0)
            Current function value: 0.09526666666666675
            Iterations: 4
            Function evaluations: 52
            Gradient evaluations: 4
       rank  accuracy     error
0  0.965789      0.26  0.095267
Optimization terminated successfully    (Exit mode 0)
            Current function value: 0.10433333333333343
            Iterations: 2
            Function evaluations: 33
            Gradient evaluations: 2
       rank  accuracy     error
0  0.966311      0.24  0.104333
Optimization terminated successfully    (Exit mode 0)
            Current function value: 0.07682222222222229
            Iterations: 9
            Function evaluations: 122
            Gradient evaluations: 9
       rank  accuracy     error
0  0.961533  0.236667  0.076822
corrs 1
sub corrs 10
corrs 2
sub corrs 20
corrs 3
sub corrs 30
corrs 4
sub corrs 40
corrs 5
sub corrs 50
corrs 6
sub corrs 60
corrs 7
sub corrs 70
corrs 8
sub corrs 80
corrs 9
sub corrs 90
corrs 10
sub corrs 100
Optimization terminated successfully    (Exit mode 0)
            Current function value: 0.10786666666666678
            Iterations: 1
            Function evaluations: 2
            Gradient evaluations: 1
       rank  accuracy     error
0  0.961522  0.256667  0.107867
Optimization terminated successfully    (Exit mode 0)
            Current function value: 0.10786666666666678
            Iterations: 5
            Function evaluations: 15
            Gradient evaluations: 5
       rank  accuracy     error
0  0.961522  0.256667  0.107867
Optimization terminated successfully    (Exit mode 0)
            Current function value: 0.09535555555555562
            Iterations: 5
            Function evaluations: 33
            Gradient evaluations: 5
       rank  accuracy     error
0  0.956633      0.23  0.095356
Optimization terminated successfully    (Exit mode 0)
            Current function value: 0.0954444444444445
            Iterations: 5
            Function evaluations: 39
            Gradient evaluations: 5
       rank  accuracy     error
0  0.951356  0.216667  0.095444
Optimization terminated successfully    (Exit mode 0)
            Current function value: 0.10308888888888909
            Iterations: 3
            Function evaluations: 30
            Gradient evaluations: 3
       rank  accuracy     error
0  0.962022  0.223333  0.103089
Optimization terminated successfully    (Exit mode 0)
            Current function value: 0.09110000000000007
            Iterations: 11
            Function evaluations: 92
            Gradient evaluations: 11
       rank  accuracy   error
0  0.959511  0.223333  0.0911
Optimization terminated successfully    (Exit mode 0)
            Current function value: 0.09374444444444453
            Iterations: 8
            Function evaluations: 81
            Gradient evaluations: 8
       rank  accuracy     error
0  0.959444      0.23  0.093744
Optimization terminated successfully    (Exit mode 0)
            Current function value: 0.09968888888888901
            Iterations: 4
            Function evaluations: 50
            Gradient evaluations: 4
       rank  accuracy     error
0  0.962256  0.243333  0.099689
Optimization terminated successfully    (Exit mode 0)
            Current function value: 0.09157777777777784
            Iterations: 5
            Function evaluations: 64
            Gradient evaluations: 5
       rank  accuracy     error
0  0.959311  0.233333  0.091578
Optimization terminated successfully    (Exit mode 0)
            Current function value: 0.10071111111111122
            Iterations: 4
            Function evaluations: 55
            Gradient evaluations: 4
       rank  accuracy     error
0  0.960489  0.256667  0.100711
Optimization terminated successfully    (Exit mode 0)
            Current function value: 0.09466666666666677
            Iterations: 8
            Function evaluations: 109
            Gradient evaluations: 8
       rank  accuracy     error
0  0.962178  0.233333  0.094667
✨ Experiment complete. Results archived at: /mnt/beegfs/hellgate/home/tp183485/timecorr_trazzp/Scripts/../data/inital_data/Data_Reduction_Testing/isfc_SpectralEmbedding_gaussian_5/intact.csv
[1034402.12] exit code: 0
