['/mnt/beegfs/hellgate/home/tp183485/timecorr_trazzp/Scripts', '/opt/conda/lib/python312.zip', '/opt/conda/lib/python3.12', '/opt/conda/lib/python3.12/lib-dynload', '/mnt/beegfs/hellgate/home/tp183485/timecorr_trazzp/timecorr_venv/lib/python3.12/site-packages', '/mnt/beegfs/hellgate/home/tp183485/timecorr_trazzp']
corrs 1
sub corrs 10
corrs 2
sub corrs 20
corrs 3
sub corrs 30
corrs 4
sub corrs 40
corrs 5
sub corrs 50
corrs 6
sub corrs 60
corrs 7
sub corrs 70
corrs 8
sub corrs 80
corrs 9
sub corrs 90
corrs 10
sub corrs 100
Optimization terminated successfully    (Exit mode 0)
            Current function value: 0.08600000000000013
            Iterations: 1
            Function evaluations: 2
            Gradient evaluations: 1
     rank  accuracy  error
0  0.9618  0.323333  0.086
Optimization terminated successfully    (Exit mode 0)
            Current function value: 0.08731111111111128
            Iterations: 2
            Function evaluations: 17
            Gradient evaluations: 2
       rank  accuracy     error
0  0.964567      0.32  0.087311
Optimization terminated successfully    (Exit mode 0)
            Current function value: 0.08731111111111128
            Iterations: 7
            Function evaluations: 41
            Gradient evaluations: 7
       rank  accuracy     error
0  0.964533      0.32  0.087311
Optimization terminated successfully    (Exit mode 0)
            Current function value: 0.08600000000000013
            Iterations: 2
            Function evaluations: 10
            Gradient evaluations: 2
     rank  accuracy  error
0  0.9618  0.323333  0.086
Optimization terminated successfully    (Exit mode 0)
            Current function value: 0.08327777777777788
            Iterations: 4
            Function evaluations: 35
            Gradient evaluations: 4
       rank  accuracy     error
0  0.961878  0.323333  0.083278
Optimization terminated successfully    (Exit mode 0)
            Current function value: 0.08600000000000013
            Iterations: 2
            Function evaluations: 25
            Gradient evaluations: 2
     rank  accuracy  error
0  0.9618  0.323333  0.086
Optimization terminated successfully    (Exit mode 0)
            Current function value: 0.08600000000000013
            Iterations: 2
            Function evaluations: 27
            Gradient evaluations: 2
     rank  accuracy  error
0  0.9618  0.323333  0.086
Optimization terminated successfully    (Exit mode 0)
            Current function value: 0.08600000000000013
            Iterations: 2
            Function evaluations: 29
            Gradient evaluations: 2
     rank  accuracy  error
0  0.9618  0.323333  0.086
Optimization terminated successfully    (Exit mode 0)
            Current function value: 0.08600000000000013
            Iterations: 2
            Function evaluations: 31
            Gradient evaluations: 2
     rank  accuracy  error
0  0.9618  0.323333  0.086
Optimization terminated successfully    (Exit mode 0)
            Current function value: 0.08600000000000013
            Iterations: 2
            Function evaluations: 33
            Gradient evaluations: 2
     rank  accuracy  error
0  0.9618  0.323333  0.086
Optimization terminated successfully    (Exit mode 0)
            Current function value: 0.08600000000000013
            Iterations: 2
            Function evaluations: 35
            Gradient evaluations: 2
     rank  accuracy  error
0  0.9618  0.323333  0.086
corrs 1
sub corrs 10
corrs 2
sub corrs 20
corrs 3
sub corrs 30
corrs 4
sub corrs 40
corrs 5
sub corrs 50
corrs 6
sub corrs 60
corrs 7
sub corrs 70
corrs 8
sub corrs 80
corrs 9
sub corrs 90
corrs 10
sub corrs 100
Optimization terminated successfully    (Exit mode 0)
            Current function value: 0.06872222222222232
            Iterations: 1
            Function evaluations: 2
            Gradient evaluations: 1
     rank  accuracy     error
0  0.9635  0.296667  0.068722
Optimization terminated successfully    (Exit mode 0)
            Current function value: 0.07310000000000005
            Iterations: 1
            Function evaluations: 14
            Gradient evaluations: 1
       rank  accuracy   error
0  0.964967  0.293333  0.0731
Optimization terminated successfully    (Exit mode 0)
            Current function value: 0.06406666666666673
            Iterations: 3
            Function evaluations: 23
            Gradient evaluations: 3
       rank  accuracy     error
0  0.963744  0.303333  0.064067
Optimization terminated successfully    (Exit mode 0)
            Current function value: 0.06872222222222232
            Iterations: 2
            Function evaluations: 21
            Gradient evaluations: 2
     rank  accuracy     error
0  0.9635  0.296667  0.068722
Optimization terminated successfully    (Exit mode 0)
            Current function value: 0.06872222222222232
            Iterations: 2
            Function evaluations: 23
            Gradient evaluations: 2
     rank  accuracy     error
0  0.9635  0.296667  0.068722
Optimization terminated successfully    (Exit mode 0)
            Current function value: 0.06872222222222232
            Iterations: 2
            Function evaluations: 25
            Gradient evaluations: 2
     rank  accuracy     error
0  0.9635  0.296667  0.068722
Optimization terminated successfully    (Exit mode 0)
            Current function value: 0.06872222222222232
            Iterations: 2
            Function evaluations: 27
            Gradient evaluations: 2
     rank  accuracy     error
0  0.9635  0.296667  0.068722
Optimization terminated successfully    (Exit mode 0)
            Current function value: 0.06872222222222232
            Iterations: 2
            Function evaluations: 29
            Gradient evaluations: 2
     rank  accuracy     error
0  0.9635  0.296667  0.068722
Optimization terminated successfully    (Exit mode 0)
            Current function value: 0.06872222222222232
            Iterations: 2
            Function evaluations: 31
            Gradient evaluations: 2
     rank  accuracy     error
0  0.9635  0.296667  0.068722
Optimization terminated successfully    (Exit mode 0)
            Current function value: 0.06872222222222232
            Iterations: 2
            Function evaluations: 33
            Gradient evaluations: 2
     rank  accuracy     error
0  0.9635  0.296667  0.068722
Optimization terminated successfully    (Exit mode 0)
            Current function value: 0.06872222222222232
            Iterations: 2
            Function evaluations: 35
            Gradient evaluations: 2
     rank  accuracy     error
0  0.9635  0.296667  0.068722
✨ Experiment complete. Results archived at: /mnt/beegfs/hellgate/home/tp183485/timecorr_trazzp/Scripts/../data/inital_data/Data_Reduction_Testing/isfc_UMAP_gaussian_5/intact.csv
[1034389.15] exit code: 0
