['/mnt/beegfs/hellgate/home/tp183485/timecorr_trazzp/Scripts', '/opt/conda/lib/python312.zip', '/opt/conda/lib/python3.12', '/opt/conda/lib/python3.12/lib-dynload', '/mnt/beegfs/hellgate/home/tp183485/timecorr_trazzp/timecorr_venv/lib/python3.12/site-packages', '/mnt/beegfs/hellgate/home/tp183485/timecorr_trazzp']
corrs 1
sub corrs 10
corrs 2
sub corrs 20
corrs 3
sub corrs 30
corrs 4
sub corrs 40
corrs 5
sub corrs 50
corrs 6
sub corrs 60
corrs 7
sub corrs 70
corrs 8
sub corrs 80
corrs 9
sub corrs 90
corrs 10
sub corrs 100
Optimization terminated successfully    (Exit mode 0)
            Current function value: 0.09824444444444454
            Iterations: 1
            Function evaluations: 2
            Gradient evaluations: 1
       rank  accuracy     error
0  0.959289  0.266667  0.098244
Optimization terminated successfully    (Exit mode 0)
            Current function value: 0.09824444444444454
            Iterations: 4
            Function evaluations: 12
            Gradient evaluations: 4
       rank  accuracy     error
0  0.959289  0.266667  0.098244
Optimization terminated successfully    (Exit mode 0)
            Current function value: 0.09963333333333343
            Iterations: 2
            Function evaluations: 19
            Gradient evaluations: 2
       rank  accuracy     error
0  0.957411      0.25  0.099633
Optimization terminated successfully    (Exit mode 0)
            Current function value: 0.09810000000000009
            Iterations: 5
            Function evaluations: 38
            Gradient evaluations: 5
       rank  accuracy   error
0  0.957822  0.266667  0.0981
Optimization terminated successfully    (Exit mode 0)
            Current function value: 0.09524444444444453
            Iterations: 4
            Function evaluations: 35
            Gradient evaluations: 4
       rank  accuracy     error
0  0.958256  0.266667  0.095244
Optimization terminated successfully    (Exit mode 0)
            Current function value: 0.09404444444444454
            Iterations: 6
            Function evaluations: 53
            Gradient evaluations: 6
       rank  accuracy     error
0  0.958122  0.266667  0.094044
Optimization terminated successfully    (Exit mode 0)
            Current function value: 0.09331111111111122
            Iterations: 4
            Function evaluations: 43
            Gradient evaluations: 4
       rank  accuracy     error
0  0.957822  0.263333  0.093311
Optimization terminated successfully    (Exit mode 0)
            Current function value: 0.08923333333333343
            Iterations: 5
            Function evaluations: 58
            Gradient evaluations: 5
     rank  accuracy     error
0  0.9589  0.273333  0.089233
Optimization terminated successfully    (Exit mode 0)
            Current function value: 0.08262222222222232
            Iterations: 6
            Function evaluations: 75
            Gradient evaluations: 6
       rank  accuracy     error
0  0.959589  0.273333  0.082622
Optimization terminated successfully    (Exit mode 0)
            Current function value: 0.08737777777777787
            Iterations: 8
            Function evaluations: 106
            Gradient evaluations: 8
       rank  accuracy     error
0  0.958656      0.26  0.087378
Optimization terminated successfully    (Exit mode 0)
            Current function value: 0.09226666666666676
            Iterations: 7
            Function evaluations: 96
            Gradient evaluations: 7
       rank  accuracy     error
0  0.953244  0.233333  0.092267
corrs 1
sub corrs 10
corrs 2
sub corrs 20
corrs 3
sub corrs 30
corrs 4
sub corrs 40
corrs 5
sub corrs 50
corrs 6
sub corrs 60
corrs 7
sub corrs 70
corrs 8
sub corrs 80
corrs 9
sub corrs 90
corrs 10
sub corrs 100
Optimization terminated successfully    (Exit mode 0)
            Current function value: 0.09455555555555581
            Iterations: 1
            Function evaluations: 2
            Gradient evaluations: 1
       rank  accuracy     error
0  0.965156      0.25  0.094556
Optimization terminated successfully    (Exit mode 0)
            Current function value: 0.10020000000000022
            Iterations: 3
            Function evaluations: 20
            Gradient evaluations: 3
       rank  accuracy   error
0  0.964544  0.243333  0.1002
Optimization terminated successfully    (Exit mode 0)
            Current function value: 0.08706666666666676
            Iterations: 5
            Function evaluations: 31
            Gradient evaluations: 5
       rank  accuracy     error
0  0.960778      0.23  0.087067
Optimization terminated successfully    (Exit mode 0)
            Current function value: 0.08707777777777788
            Iterations: 4
            Function evaluations: 31
            Gradient evaluations: 4
       rank  accuracy     error
0  0.960911  0.226667  0.087078
Optimization terminated successfully    (Exit mode 0)
            Current function value: 0.09125555555555569
            Iterations: 8
            Function evaluations: 63
            Gradient evaluations: 8
       rank  accuracy     error
0  0.961433  0.226667  0.091256
Optimization terminated successfully    (Exit mode 0)
            Current function value: 0.08856666666666678
            Iterations: 5
            Function evaluations: 46
            Gradient evaluations: 5
       rank  accuracy     error
0  0.960333      0.22  0.088567
Optimization terminated successfully    (Exit mode 0)
            Current function value: 0.08935555555555569
            Iterations: 5
            Function evaluations: 56
            Gradient evaluations: 5
       rank  accuracy     error
0  0.961744      0.23  0.089356
Optimization terminated successfully    (Exit mode 0)
            Current function value: 0.0940333333333335
            Iterations: 3
            Function evaluations: 38
            Gradient evaluations: 3
       rank  accuracy     error
0  0.961044  0.243333  0.094033
Optimization terminated successfully    (Exit mode 0)
            Current function value: 0.08631111111111126
            Iterations: 4
            Function evaluations: 51
            Gradient evaluations: 4
       rank  accuracy     error
0  0.964056      0.23  0.086311
Optimization terminated successfully    (Exit mode 0)
            Current function value: 0.08651111111111126
            Iterations: 4
            Function evaluations: 55
            Gradient evaluations: 4
       rank  accuracy     error
0  0.963767      0.24  0.086511
Optimization terminated successfully    (Exit mode 0)
            Current function value: 0.08705555555555569
            Iterations: 4
            Function evaluations: 59
            Gradient evaluations: 4
       rank  accuracy     error
0  0.962578  0.226667  0.087056
✨ Experiment complete. Results archived at: /mnt/beegfs/hellgate/home/tp183485/timecorr_trazzp/Scripts/../data/inital_data/Data_Reduction_Testing/isfc_IncrementalPCA_gaussian_5/intact.csv
[1034942.1] (IncrementalPCA) exit code: 0
