['/mnt/beegfs/hellgate/home/tp183485/timecorr_trazzp/Scripts', '/opt/conda/lib/python312.zip', '/opt/conda/lib/python3.12', '/opt/conda/lib/python3.12/lib-dynload', '/mnt/beegfs/hellgate/home/tp183485/timecorr_trazzp/timecorr_venv/lib/python3.12/site-packages', '/mnt/beegfs/hellgate/home/tp183485/timecorr_trazzp']
corrs 1
sub corrs 10
corrs 2
sub corrs 20
corrs 3
sub corrs 30
corrs 4
sub corrs 40
corrs 5
sub corrs 50
corrs 6
sub corrs 60
corrs 7
sub corrs 70
corrs 8
sub corrs 80
corrs 9
sub corrs 90
corrs 10
sub corrs 100
Optimization terminated successfully    (Exit mode 0)
            Current function value: 0.09326666666666683
            Iterations: 1
            Function evaluations: 2
            Gradient evaluations: 1
       rank  accuracy     error
0  0.967078      0.27  0.093267
Optimization terminated successfully    (Exit mode 0)
            Current function value: 0.08837777777777787
            Iterations: 3
            Function evaluations: 21
            Gradient evaluations: 3
       rank  accuracy     error
0  0.964378  0.253333  0.088378
Optimization terminated successfully    (Exit mode 0)
            Current function value: 0.08800000000000008
            Iterations: 2
            Function evaluations: 19
            Gradient evaluations: 2
       rank  accuracy  error
0  0.966389  0.276667  0.088
Optimization terminated successfully    (Exit mode 0)
            Current function value: 0.0773000000000001
            Iterations: 3
            Function evaluations: 26
            Gradient evaluations: 3
       rank  accuracy   error
0  0.966033  0.273333  0.0773
Optimization terminated successfully    (Exit mode 0)
            Current function value: 0.07747777777777788
            Iterations: 4
            Function evaluations: 37
            Gradient evaluations: 4
       rank  accuracy     error
0  0.964989  0.266667  0.077478
Optimization terminated successfully    (Exit mode 0)
            Current function value: 0.07580000000000009
            Iterations: 8
            Function evaluations: 70
            Gradient evaluations: 8
       rank  accuracy   error
0  0.964878  0.286667  0.0758
Optimization terminated successfully    (Exit mode 0)
            Current function value: 0.07778888888888902
            Iterations: 8
            Function evaluations: 79
            Gradient evaluations: 8
       rank  accuracy     error
0  0.965756  0.276667  0.077789
Optimization terminated successfully    (Exit mode 0)
            Current function value: 0.08495555555555567
            Iterations: 4
            Function evaluations: 48
            Gradient evaluations: 4
       rank  accuracy     error
0  0.966811      0.27  0.084956
Optimization terminated successfully    (Exit mode 0)
            Current function value: 0.08422222222222234
            Iterations: 5
            Function evaluations: 62
            Gradient evaluations: 5
       rank  accuracy     error
0  0.967411      0.27  0.084222
Optimization terminated successfully    (Exit mode 0)
            Current function value: 0.07443333333333343
            Iterations: 5
            Function evaluations: 67
            Gradient evaluations: 5
       rank  accuracy     error
0  0.965589  0.286667  0.074433
Optimization terminated successfully    (Exit mode 0)
            Current function value: 0.08902222222222234
            Iterations: 4
            Function evaluations: 60
            Gradient evaluations: 4
       rank  accuracy     error
0  0.967478  0.256667  0.089022
corrs 1
sub corrs 10
corrs 2
sub corrs 20
corrs 3
sub corrs 30
corrs 4
sub corrs 40
corrs 5
sub corrs 50
corrs 6
sub corrs 60
corrs 7
sub corrs 70
corrs 8
sub corrs 80
corrs 9
sub corrs 90
corrs 10
sub corrs 100
Optimization terminated successfully    (Exit mode 0)
            Current function value: 0.07957777777777794
            Iterations: 1
            Function evaluations: 2
            Gradient evaluations: 1
       rank  accuracy     error
0  0.965467       0.3  0.079578
Optimization terminated successfully    (Exit mode 0)
            Current function value: 0.07878888888888906
            Iterations: 7
            Function evaluations: 32
            Gradient evaluations: 7
       rank  accuracy     error
0  0.965778  0.296667  0.078789
Optimization terminated successfully    (Exit mode 0)
            Current function value: 0.07871111111111127
            Iterations: 6
            Function evaluations: 38
            Gradient evaluations: 6
       rank  accuracy     error
0  0.965478       0.3  0.078711
Optimization terminated successfully    (Exit mode 0)
            Current function value: 0.07240000000000017
            Iterations: 5
            Function evaluations: 40
            Gradient evaluations: 5
       rank  accuracy   error
0  0.965433      0.29  0.0724
Optimization terminated successfully    (Exit mode 0)
            Current function value: 0.06826666666666684
            Iterations: 3
            Function evaluations: 31
            Gradient evaluations: 3
       rank  accuracy     error
0  0.964089  0.293333  0.068267
Optimization terminated successfully    (Exit mode 0)
            Current function value: 0.06873333333333352
            Iterations: 6
            Function evaluations: 58
            Gradient evaluations: 6
       rank  accuracy     error
0  0.964578  0.286667  0.068733
Optimization terminated successfully    (Exit mode 0)
            Current function value: 0.06703333333333351
            Iterations: 4
            Function evaluations: 45
            Gradient evaluations: 4
       rank  accuracy     error
0  0.964689      0.29  0.067033
Optimization terminated successfully    (Exit mode 0)
            Current function value: 0.06953333333333352
            Iterations: 6
            Function evaluations: 66
            Gradient evaluations: 6
       rank  accuracy     error
0  0.963767       0.3  0.069533
Optimization terminated successfully    (Exit mode 0)
            Current function value: 0.06835555555555575
            Iterations: 7
            Function evaluations: 82
            Gradient evaluations: 7
       rank  accuracy     error
0  0.965056       0.3  0.068356
Optimization terminated successfully    (Exit mode 0)
            Current function value: 0.07187777777777797
            Iterations: 7
            Function evaluations: 94
            Gradient evaluations: 7
       rank  accuracy     error
0  0.965733  0.293333  0.071878
Optimization terminated successfully    (Exit mode 0)
            Current function value: 0.07445555555555572
            Iterations: 6
            Function evaluations: 83
            Gradient evaluations: 6
       rank  accuracy     error
0  0.965778  0.296667  0.074456
✨ Experiment complete. Results archived at: /mnt/beegfs/hellgate/home/tp183485/timecorr_trazzp/Scripts/../data/inital_data/Data_Reduction_Testing/isfc_IncrementalPCA_gaussian_5/intact.csv
[1034391.1] exit code: 0
