['/mnt/beegfs/hellgate/home/tp183485/timecorr_trazzp/Scripts', '/opt/conda/lib/python312.zip', '/opt/conda/lib/python3.12', '/opt/conda/lib/python3.12/lib-dynload', '/mnt/beegfs/hellgate/home/tp183485/timecorr_trazzp/timecorr_venv/lib/python3.12/site-packages', '/mnt/beegfs/hellgate/home/tp183485/timecorr_trazzp']
corrs 1
sub corrs 10
corrs 2
sub corrs 20
corrs 3
sub corrs 30
corrs 4
sub corrs 40
corrs 5
sub corrs 50
corrs 6
sub corrs 60
corrs 7
sub corrs 70
corrs 8
sub corrs 80
corrs 9
sub corrs 90
corrs 10
sub corrs 100
Optimization terminated successfully    (Exit mode 0)
            Current function value: 0.08244444444444456
            Iterations: 1
            Function evaluations: 2
            Gradient evaluations: 1
       rank  accuracy     error
0  0.957878      0.22  0.082444
Optimization terminated successfully    (Exit mode 0)
            Current function value: 0.08184444444444454
            Iterations: 7
            Function evaluations: 32
            Gradient evaluations: 7
       rank  accuracy     error
0  0.957689      0.22  0.081844
Optimization terminated successfully    (Exit mode 0)
            Current function value: 0.08026666666666675
            Iterations: 2
            Function evaluations: 19
            Gradient evaluations: 2
       rank  accuracy     error
0  0.956944  0.216667  0.080267
Optimization terminated successfully    (Exit mode 0)
            Current function value: 0.4983333333333334
            Iterations: 1
            Function evaluations: 5
            Gradient evaluations: 1
   rank  accuracy     error
0   1.0  0.003333  0.498333
Optimization terminated successfully    (Exit mode 0)
            Current function value: 0.4983333333333334
            Iterations: 1
            Function evaluations: 6
            Gradient evaluations: 1
   rank  accuracy     error
0   1.0  0.003333  0.498333
Optimization terminated successfully    (Exit mode 0)
            Current function value: 0.4983333333333334
            Iterations: 1
            Function evaluations: 7
            Gradient evaluations: 1
   rank  accuracy     error
0   1.0  0.003333  0.498333
Optimization terminated successfully    (Exit mode 0)
            Current function value: 0.4983333333333334
            Iterations: 1
            Function evaluations: 8
            Gradient evaluations: 1
   rank  accuracy     error
0   1.0  0.003333  0.498333
Optimization terminated successfully    (Exit mode 0)
            Current function value: 0.4983333333333334
            Iterations: 1
            Function evaluations: 9
            Gradient evaluations: 1
   rank  accuracy     error
0   1.0  0.003333  0.498333
Optimization terminated successfully    (Exit mode 0)
            Current function value: 0.4983333333333334
            Iterations: 1
            Function evaluations: 10
            Gradient evaluations: 1
   rank  accuracy     error
0   1.0  0.003333  0.498333
Optimization terminated successfully    (Exit mode 0)
            Current function value: 0.4983333333333334
            Iterations: 1
            Function evaluations: 11
            Gradient evaluations: 1
   rank  accuracy     error
0   1.0  0.003333  0.498333
Optimization terminated successfully    (Exit mode 0)
            Current function value: 0.4983333333333334
            Iterations: 1
            Function evaluations: 12
            Gradient evaluations: 1
   rank  accuracy     error
0   1.0  0.003333  0.498333
corrs 1
sub corrs 10
corrs 2
sub corrs 20
corrs 3
sub corrs 30
corrs 4
sub corrs 40
corrs 5
sub corrs 50
corrs 6
sub corrs 60
corrs 7
sub corrs 70
corrs 8
sub corrs 80
corrs 9
sub corrs 90
corrs 10
sub corrs 100
Optimization terminated successfully    (Exit mode 0)
            Current function value: 0.08893333333333345
            Iterations: 1
            Function evaluations: 2
            Gradient evaluations: 1
       rank  accuracy     error
0  0.959922      0.22  0.088933
Optimization terminated successfully    (Exit mode 0)
            Current function value: 0.08893333333333345
            Iterations: 5
            Function evaluations: 15
            Gradient evaluations: 5
       rank  accuracy     error
0  0.959922      0.22  0.088933
Optimization terminated successfully    (Exit mode 0)
            Current function value: 0.08772222222222234
            Iterations: 3
            Function evaluations: 12
            Gradient evaluations: 3
       rank  accuracy     error
0  0.959744  0.223333  0.087722
Optimization terminated successfully    (Exit mode 0)
            Current function value: 0.4983333333333334
            Iterations: 1
            Function evaluations: 5
            Gradient evaluations: 1
   rank  accuracy     error
0   1.0  0.003333  0.498333
Optimization terminated successfully    (Exit mode 0)
            Current function value: 0.4983333333333334
            Iterations: 1
            Function evaluations: 6
            Gradient evaluations: 1
   rank  accuracy     error
0   1.0  0.003333  0.498333
Optimization terminated successfully    (Exit mode 0)
            Current function value: 0.4983333333333334
            Iterations: 1
            Function evaluations: 7
            Gradient evaluations: 1
   rank  accuracy     error
0   1.0  0.003333  0.498333
Optimization terminated successfully    (Exit mode 0)
            Current function value: 0.4983333333333334
            Iterations: 1
            Function evaluations: 8
            Gradient evaluations: 1
   rank  accuracy     error
0   1.0  0.003333  0.498333
Optimization terminated successfully    (Exit mode 0)
            Current function value: 0.4983333333333334
            Iterations: 1
            Function evaluations: 9
            Gradient evaluations: 1
   rank  accuracy     error
0   1.0  0.003333  0.498333
Optimization terminated successfully    (Exit mode 0)
            Current function value: 0.4983333333333334
            Iterations: 1
            Function evaluations: 10
            Gradient evaluations: 1
   rank  accuracy     error
0   1.0  0.003333  0.498333
Optimization terminated successfully    (Exit mode 0)
            Current function value: 0.4983333333333334
            Iterations: 1
            Function evaluations: 11
            Gradient evaluations: 1
   rank  accuracy     error
0   1.0  0.003333  0.498333
Optimization terminated successfully    (Exit mode 0)
            Current function value: 0.4983333333333334
            Iterations: 1
            Function evaluations: 12
            Gradient evaluations: 1
   rank  accuracy     error
0   1.0  0.003333  0.498333
✨ Experiment complete. Results archived at: /mnt/beegfs/hellgate/home/tp183485/timecorr_trazzp/Scripts/../data/inital_data/Data_Reduction_Testing/isfc_MiniBatchSparsePCA_gaussian_5/intact.csv
[1034944.3] (MiniBatchSparsePCA) exit code: 0
