['/mnt/beegfs/hellgate/home/tp183485/timecorr_trazzp/Scripts', '/opt/conda/lib/python312.zip', '/opt/conda/lib/python3.12', '/opt/conda/lib/python3.12/lib-dynload', '/mnt/beegfs/hellgate/home/tp183485/timecorr_trazzp/timecorr_venv/lib/python3.12/site-packages', '/mnt/beegfs/hellgate/home/tp183485/timecorr_trazzp']
corrs 1
sub corrs 10
corrs 2
sub corrs 20
corrs 3
sub corrs 30
corrs 4
sub corrs 40
corrs 5
sub corrs 50
corrs 6
sub corrs 60
corrs 7
sub corrs 70
corrs 8
sub corrs 80
corrs 9
sub corrs 90
corrs 10
sub corrs 100
Optimization terminated successfully    (Exit mode 0)
            Current function value: 0.08686666666666681
            Iterations: 1
            Function evaluations: 2
            Gradient evaluations: 1
       rank  accuracy     error
0  0.971833  0.316667  0.086867
Optimization terminated successfully    (Exit mode 0)
            Current function value: 0.08135555555555567
            Iterations: 4
            Function evaluations: 23
            Gradient evaluations: 4
     rank  accuracy     error
0  0.9719      0.34  0.081356
Optimization terminated successfully    (Exit mode 0)
            Current function value: 0.08308888888888899
            Iterations: 4
            Function evaluations: 28
            Gradient evaluations: 4
       rank  accuracy     error
0  0.972144  0.326667  0.083089
Optimization terminated successfully    (Exit mode 0)
            Current function value: 0.08066666666666675
            Iterations: 4
            Function evaluations: 33
            Gradient evaluations: 4
       rank  accuracy     error
0  0.972422  0.333333  0.080667
Optimization terminated successfully    (Exit mode 0)
            Current function value: 0.08156666666666676
            Iterations: 6
            Function evaluations: 47
            Gradient evaluations: 6
       rank  accuracy     error
0  0.972089      0.33  0.081567
Optimization terminated successfully    (Exit mode 0)
            Current function value: 0.08147777777777787
            Iterations: 8
            Function evaluations: 73
            Gradient evaluations: 8
       rank  accuracy     error
0  0.972922  0.346667  0.081478
Optimization terminated successfully    (Exit mode 0)
            Current function value: 0.07274444444444453
            Iterations: 5
            Function evaluations: 51
            Gradient evaluations: 5
       rank  accuracy     error
0  0.972011      0.35  0.072744
Optimization terminated successfully    (Exit mode 0)
            Current function value: 0.08317777777777788
            Iterations: 3
            Function evaluations: 38
            Gradient evaluations: 3
       rank  accuracy     error
0  0.973533  0.343333  0.083178
Optimization terminated successfully    (Exit mode 0)
            Current function value: 0.07485555555555563
            Iterations: 7
            Function evaluations: 82
            Gradient evaluations: 7
       rank  accuracy     error
0  0.971711      0.34  0.074856
Optimization terminated successfully    (Exit mode 0)
            Current function value: 0.07871111111111118
            Iterations: 4
            Function evaluations: 57
            Gradient evaluations: 4
       rank  accuracy     error
0  0.973833  0.353333  0.078711
Optimization terminated successfully    (Exit mode 0)
            Current function value: 0.07453333333333341
            Iterations: 7
            Function evaluations: 99
            Gradient evaluations: 7
       rank  accuracy     error
0  0.972556  0.346667  0.074533
corrs 1
sub corrs 10
corrs 2
sub corrs 20
corrs 3
sub corrs 30
corrs 4
sub corrs 40
corrs 5
sub corrs 50
corrs 6
sub corrs 60
corrs 7
sub corrs 70
corrs 8
sub corrs 80
corrs 9
sub corrs 90
corrs 10
sub corrs 100
Optimization terminated successfully    (Exit mode 0)
            Current function value: 0.07843333333333342
            Iterations: 1
            Function evaluations: 2
            Gradient evaluations: 1
       rank  accuracy     error
0  0.973633  0.323333  0.078433
Optimization terminated successfully    (Exit mode 0)
            Current function value: 0.06943333333333343
            Iterations: 5
            Function evaluations: 26
            Gradient evaluations: 5
       rank  accuracy     error
0  0.974344      0.32  0.069433
Optimization terminated successfully    (Exit mode 0)
            Current function value: 0.07655555555555563
            Iterations: 3
            Function evaluations: 23
            Gradient evaluations: 3
       rank  accuracy     error
0  0.974222  0.313333  0.076556
Optimization terminated successfully    (Exit mode 0)
            Current function value: 0.06956666666666676
            Iterations: 4
            Function evaluations: 32
            Gradient evaluations: 4
       rank  accuracy     error
0  0.974344      0.32  0.069567
Optimization terminated successfully    (Exit mode 0)
            Current function value: 0.06741111111111121
            Iterations: 4
            Function evaluations: 36
            Gradient evaluations: 4
       rank  accuracy     error
0  0.974278  0.326667  0.067411
Optimization terminated successfully    (Exit mode 0)
            Current function value: 0.06944444444444454
            Iterations: 4
            Function evaluations: 39
            Gradient evaluations: 4
       rank  accuracy     error
0  0.974756  0.326667  0.069444
Optimization terminated successfully    (Exit mode 0)
            Current function value: 0.05925555555555564
            Iterations: 9
            Function evaluations: 87
            Gradient evaluations: 9
       rank  accuracy     error
0  0.975422      0.35  0.059256
Optimization terminated successfully    (Exit mode 0)
            Current function value: 0.05940000000000007
            Iterations: 6
            Function evaluations: 67
            Gradient evaluations: 6
       rank  accuracy   error
0  0.974922  0.333333  0.0594
Optimization terminated successfully    (Exit mode 0)
            Current function value: 0.06460000000000006
            Iterations: 6
            Function evaluations: 74
            Gradient evaluations: 6
       rank  accuracy   error
0  0.972844      0.32  0.0646
Optimization terminated successfully    (Exit mode 0)
            Current function value: 0.06782222222222231
            Iterations: 4
            Function evaluations: 55
            Gradient evaluations: 4
       rank  accuracy     error
0  0.974533      0.34  0.067822
Optimization terminated successfully    (Exit mode 0)
            Current function value: 0.06208888888888896
            Iterations: 8
            Function evaluations: 110
            Gradient evaluations: 8
       rank  accuracy     error
0  0.973767  0.343333  0.062089
✨ Experiment complete. Results archived at: /mnt/beegfs/hellgate/home/tp183485/timecorr_trazzp/Scripts/../data/inital_data/Data_Reduction_Testing/isfc_PCA_gaussian_5/intact.csv
[1034390.0] exit code: 0
