['/mnt/beegfs/hellgate/home/tp183485/timecorr_trazzp/Scripts', '/opt/conda/lib/python312.zip', '/opt/conda/lib/python3.12', '/opt/conda/lib/python3.12/lib-dynload', '/mnt/beegfs/hellgate/home/tp183485/timecorr_trazzp/timecorr_venv/lib/python3.12/site-packages', '/mnt/beegfs/hellgate/home/tp183485/timecorr_trazzp']
corrs 1
sub corrs 10
corrs 2
sub corrs 20
corrs 3
sub corrs 30
corrs 4
sub corrs 40
corrs 5
sub corrs 50
corrs 6
sub corrs 60
corrs 7
sub corrs 70
corrs 8
sub corrs 80
corrs 9
sub corrs 90
corrs 10
sub corrs 100
Optimization terminated successfully    (Exit mode 0)
            Current function value: 0.11507777777777782
            Iterations: 1
            Function evaluations: 2
            Gradient evaluations: 1
       rank  accuracy     error
0  0.962733  0.223333  0.115078
Optimization terminated successfully    (Exit mode 0)
            Current function value: 0.11312222222222229
            Iterations: 3
            Function evaluations: 20
            Gradient evaluations: 3
       rank  accuracy     error
0  0.961711      0.22  0.113122
Optimization terminated successfully    (Exit mode 0)
            Current function value: 0.09157777777777801
            Iterations: 5
            Function evaluations: 34
            Gradient evaluations: 5
       rank  accuracy     error
0  0.966256  0.236667  0.091578
Optimization terminated successfully    (Exit mode 0)
            Current function value: 0.07762222222222236
            Iterations: 5
            Function evaluations: 38
            Gradient evaluations: 5
       rank  accuracy     error
0  0.966933  0.223333  0.077622
Optimization terminated successfully    (Exit mode 0)
            Current function value: 0.07920000000000012
            Iterations: 5
            Function evaluations: 41
            Gradient evaluations: 5
       rank  accuracy   error
0  0.966722  0.223333  0.0792
Optimization terminated successfully    (Exit mode 0)
            Current function value: 0.04078888888888885
            Iterations: 4
            Function evaluations: 39
            Gradient evaluations: 4
       rank  accuracy     error
0  0.979422      0.25  0.040789
Optimization terminated successfully    (Exit mode 0)
            Current function value: 0.03846666666666663
            Iterations: 9
            Function evaluations: 89
            Gradient evaluations: 9
       rank  accuracy     error
0  0.979622      0.25  0.038467
Optimization terminated successfully    (Exit mode 0)
            Current function value: 0.0332222222222222
            Iterations: 7
            Function evaluations: 79
            Gradient evaluations: 7
       rank  accuracy     error
0  0.978656  0.253333  0.033222
Optimization terminated successfully    (Exit mode 0)
            Current function value: 0.0314888888888889
            Iterations: 8
            Function evaluations: 92
            Gradient evaluations: 8
       rank  accuracy     error
0  0.979267  0.246667  0.031489
Optimization terminated successfully    (Exit mode 0)
            Current function value: 0.040122222222222205
            Iterations: 6
            Function evaluations: 79
            Gradient evaluations: 6
       rank  accuracy     error
0  0.939544      0.14  0.040122
Optimization terminated successfully    (Exit mode 0)
            Current function value: 0.042655555555555565
            Iterations: 4
            Function evaluations: 59
            Gradient evaluations: 4
       rank  accuracy     error
0  0.945656      0.13  0.042656
corrs 1
sub corrs 10
corrs 2
sub corrs 20
corrs 3
sub corrs 30
corrs 4
sub corrs 40
corrs 5
sub corrs 50
corrs 6
sub corrs 60
corrs 7
sub corrs 70
corrs 8
sub corrs 80
corrs 9
sub corrs 90
corrs 10
sub corrs 100
Optimization terminated successfully    (Exit mode 0)
            Current function value: 0.10881111111111119
            Iterations: 1
            Function evaluations: 2
            Gradient evaluations: 1
       rank  accuracy     error
0  0.964633      0.25  0.108811
Optimization terminated successfully    (Exit mode 0)
            Current function value: 0.10562222222222241
            Iterations: 5
            Function evaluations: 28
            Gradient evaluations: 5
       rank  accuracy     error
0  0.964056  0.246667  0.105622
Optimization terminated successfully    (Exit mode 0)
            Current function value: 0.07690000000000008
            Iterations: 4
            Function evaluations: 27
            Gradient evaluations: 4
       rank  accuracy   error
0  0.969533  0.243333  0.0769
Optimization terminated successfully    (Exit mode 0)
            Current function value: 0.062422222222222296
            Iterations: 6
            Function evaluations: 41
            Gradient evaluations: 6
       rank  accuracy     error
0  0.968233  0.246667  0.062422
Optimization terminated successfully    (Exit mode 0)
            Current function value: 0.06856666666666672
            Iterations: 9
            Function evaluations: 70
            Gradient evaluations: 9
       rank  accuracy     error
0  0.964389  0.236667  0.068567
Optimization terminated successfully    (Exit mode 0)
            Current function value: 0.052777777777777736
            Iterations: 7
            Function evaluations: 62
            Gradient evaluations: 7
     rank  accuracy     error
0  0.9744  0.256667  0.052778
Optimization terminated successfully    (Exit mode 0)
            Current function value: 0.06724444444444447
            Iterations: 3
            Function evaluations: 38
            Gradient evaluations: 3
       rank  accuracy     error
0  0.918633      0.17  0.067244
Optimization terminated successfully    (Exit mode 0)
            Current function value: 0.019422222222222233
            Iterations: 9
            Function evaluations: 96
            Gradient evaluations: 9
       rank  accuracy     error
0  0.981433  0.276667  0.019422
Optimization terminated successfully    (Exit mode 0)
            Current function value: 0.06363333333333338
            Iterations: 5
            Function evaluations: 63
            Gradient evaluations: 5
       rank  accuracy     error
0  0.910078  0.123333  0.063633
Optimization terminated successfully    (Exit mode 0)
            Current function value: 0.018477777777777794
            Iterations: 7
            Function evaluations: 94
            Gradient evaluations: 7
       rank  accuracy     error
0  0.981489  0.273333  0.018478
Optimization terminated successfully    (Exit mode 0)
            Current function value: 0.016966666666666675
            Iterations: 6
            Function evaluations: 85
            Gradient evaluations: 6
       rank  accuracy     error
0  0.981511  0.276667  0.016967
✨ Experiment complete. Results archived at: /mnt/beegfs/hellgate/home/tp183485/timecorr_trazzp/Scripts/../data/inital_data/Data_Reduction_Testing/isfc_Isomap_gaussian_5/intact.csv
[1034401.11] exit code: 0
