['/mnt/beegfs/hellgate/home/tp183485/timecorr_trazzp/Scripts', '/opt/conda/lib/python312.zip', '/opt/conda/lib/python3.12', '/opt/conda/lib/python3.12/lib-dynload', '/mnt/beegfs/hellgate/home/tp183485/timecorr_trazzp/timecorr_venv/lib/python3.12/site-packages', '/mnt/beegfs/hellgate/home/tp183485/timecorr_trazzp']
corrs 1
sub corrs 10
corrs 2
sub corrs 20
corrs 3
sub corrs 30
corrs 4
sub corrs 40
corrs 5
sub corrs 50
corrs 6
sub corrs 60
corrs 7
sub corrs 70
corrs 8
sub corrs 80
corrs 9
sub corrs 90
corrs 10
sub corrs 100
Optimization terminated successfully    (Exit mode 0)
            Current function value: 0.06962222222222232
            Iterations: 1
            Function evaluations: 2
            Gradient evaluations: 1
       rank  accuracy     error
0  0.969322  0.316667  0.069622
Optimization terminated successfully    (Exit mode 0)
            Current function value: 0.062122222222222294
            Iterations: 4
            Function evaluations: 25
            Gradient evaluations: 4
       rank  accuracy     error
0  0.969111  0.303333  0.062122
Optimization terminated successfully    (Exit mode 0)
            Current function value: 0.06335555555555564
            Iterations: 4
            Function evaluations: 27
            Gradient evaluations: 4
       rank  accuracy     error
0  0.969367  0.306667  0.063356
Optimization terminated successfully    (Exit mode 0)
            Current function value: 0.06335555555555564
            Iterations: 4
            Function evaluations: 31
            Gradient evaluations: 4
       rank  accuracy     error
0  0.969367  0.306667  0.063356
Optimization terminated successfully    (Exit mode 0)
            Current function value: 0.06760000000000009
            Iterations: 2
            Function evaluations: 23
            Gradient evaluations: 2
       rank  accuracy   error
0  0.969478      0.31  0.0676
Optimization terminated successfully    (Exit mode 0)
            Current function value: 0.05977777777777786
            Iterations: 6
            Function evaluations: 55
            Gradient evaluations: 6
     rank  accuracy     error
0  0.9697  0.313333  0.059778
Optimization terminated successfully    (Exit mode 0)
            Current function value: 0.06962222222222232
            Iterations: 2
            Function evaluations: 27
            Gradient evaluations: 2
       rank  accuracy     error
0  0.969322  0.316667  0.069622
Optimization terminated successfully    (Exit mode 0)
            Current function value: 0.06844444444444453
            Iterations: 4
            Function evaluations: 49
            Gradient evaluations: 4
       rank  accuracy     error
0  0.969522      0.31  0.068444
Optimization terminated successfully    (Exit mode 0)
            Current function value: 0.06335555555555564
            Iterations: 5
            Function evaluations: 62
            Gradient evaluations: 5
       rank  accuracy     error
0  0.969333  0.306667  0.063356
Optimization terminated successfully    (Exit mode 0)
            Current function value: 0.06962222222222232
            Iterations: 2
            Function evaluations: 33
            Gradient evaluations: 2
       rank  accuracy     error
0  0.969322  0.316667  0.069622
Optimization terminated successfully    (Exit mode 0)
            Current function value: 0.06316666666666675
            Iterations: 5
            Function evaluations: 71
            Gradient evaluations: 5
       rank  accuracy     error
0  0.969478      0.31  0.063167
corrs 1
sub corrs 10
corrs 2
sub corrs 20
corrs 3
sub corrs 30
corrs 4
sub corrs 40
corrs 5
sub corrs 50
corrs 6
sub corrs 60
corrs 7
sub corrs 70
corrs 8
sub corrs 80
corrs 9
sub corrs 90
corrs 10
sub corrs 100
Optimization terminated successfully    (Exit mode 0)
            Current function value: 0.09123333333333349
            Iterations: 1
            Function evaluations: 2
            Gradient evaluations: 1
       rank  accuracy     error
0  0.970744      0.27  0.091233
Optimization terminated successfully    (Exit mode 0)
            Current function value: 0.08300000000000014
            Iterations: 3
            Function evaluations: 20
            Gradient evaluations: 3
     rank  accuracy  error
0  0.9705  0.266667  0.083
Optimization terminated successfully    (Exit mode 0)
            Current function value: 0.0826666666666668
            Iterations: 5
            Function evaluations: 31
            Gradient evaluations: 5
       rank  accuracy     error
0  0.970367  0.266667  0.082667
Optimization terminated successfully    (Exit mode 0)
            Current function value: 0.08708888888888905
            Iterations: 3
            Function evaluations: 27
            Gradient evaluations: 3
       rank  accuracy     error
0  0.971389      0.28  0.087089
Optimization terminated successfully    (Exit mode 0)
            Current function value: 0.08184444444444461
            Iterations: 4
            Function evaluations: 36
            Gradient evaluations: 4
       rank  accuracy     error
0  0.972811  0.273333  0.081844
Optimization terminated successfully    (Exit mode 0)
            Current function value: 0.07854444444444454
            Iterations: 4
            Function evaluations: 40
            Gradient evaluations: 4
       rank  accuracy     error
0  0.972044      0.28  0.078544
Optimization terminated successfully    (Exit mode 0)
            Current function value: 0.08060000000000012
            Iterations: 3
            Function evaluations: 35
            Gradient evaluations: 3
       rank  accuracy   error
0  0.971811  0.273333  0.0806
Optimization terminated successfully    (Exit mode 0)
            Current function value: 0.08032222222222234
            Iterations: 3
            Function evaluations: 38
            Gradient evaluations: 3
    rank  accuracy     error
0  0.972  0.273333  0.080322
Optimization terminated successfully    (Exit mode 0)
            Current function value: 0.07840000000000012
            Iterations: 4
            Function evaluations: 51
            Gradient evaluations: 4
       rank  accuracy   error
0  0.972622  0.283333  0.0784
Optimization terminated successfully    (Exit mode 0)
            Current function value: 0.07568888888888901
            Iterations: 5
            Function evaluations: 66
            Gradient evaluations: 5
       rank  accuracy     error
0  0.972567  0.286667  0.075689
Optimization terminated successfully    (Exit mode 0)
            Current function value: 0.07693333333333346
            Iterations: 5
            Function evaluations: 72
            Gradient evaluations: 5
     rank  accuracy     error
0  0.9725  0.273333  0.076933
✨ Experiment complete. Results archived at: /mnt/beegfs/hellgate/home/tp183485/timecorr_trazzp/Scripts/../data/inital_data/Data_Reduction_Testing/isfc_TruncatedSVD_gaussian_5/intact.csv
[1034948.7] (TruncatedSVD) exit code: 0
