['/mnt/beegfs/hellgate/home/tp183485/timecorr_trazzp/Scripts', '/opt/conda/lib/python312.zip', '/opt/conda/lib/python3.12', '/opt/conda/lib/python3.12/lib-dynload', '/mnt/beegfs/hellgate/home/tp183485/timecorr_trazzp/timecorr_venv/lib/python3.12/site-packages', '/mnt/beegfs/hellgate/home/tp183485/timecorr_trazzp']
corrs 1
sub corrs 10
corrs 2
sub corrs 20
corrs 3
sub corrs 30
corrs 4
sub corrs 40
corrs 5
sub corrs 50
corrs 6
sub corrs 60
corrs 7
sub corrs 70
corrs 8
sub corrs 80
corrs 9
sub corrs 90
corrs 10
sub corrs 100
Optimization terminated successfully    (Exit mode 0)
            Current function value: 0.08547777777777787
            Iterations: 1
            Function evaluations: 2
            Gradient evaluations: 1
       rank  accuracy     error
0  0.962467  0.253333  0.085478
Optimization terminated successfully    (Exit mode 0)
            Current function value: 0.08414444444444458
            Iterations: 2
            Function evaluations: 17
            Gradient evaluations: 2
       rank  accuracy     error
0  0.963489  0.263333  0.084144
Optimization terminated successfully    (Exit mode 0)
            Current function value: 0.08047777777777786
            Iterations: 2
            Function evaluations: 19
            Gradient evaluations: 2
       rank  accuracy     error
0  0.964022  0.263333  0.080478
Optimization terminated successfully    (Exit mode 0)
            Current function value: 0.07466666666666671
            Iterations: 2
            Function evaluations: 21
            Gradient evaluations: 2
       rank  accuracy     error
0  0.964244      0.28  0.074667
Optimization terminated successfully    (Exit mode 0)
            Current function value: 0.06260000000000009
            Iterations: 6
            Function evaluations: 50
            Gradient evaluations: 6
       rank  accuracy   error
0  0.966511  0.273333  0.0626
Optimization terminated successfully    (Exit mode 0)
            Current function value: 0.05688888888888898
            Iterations: 7
            Function evaluations: 61
            Gradient evaluations: 7
       rank  accuracy     error
0  0.967633  0.256667  0.056889
Optimization terminated successfully    (Exit mode 0)
            Current function value: 0.058844444444444526
            Iterations: 7
            Function evaluations: 68
            Gradient evaluations: 7
       rank  accuracy     error
0  0.967522  0.263333  0.058844
Optimization terminated successfully    (Exit mode 0)
            Current function value: 0.06162222222222227
            Iterations: 8
            Function evaluations: 90
            Gradient evaluations: 8
       rank  accuracy     error
0  0.966067  0.286667  0.061622
Optimization terminated successfully    (Exit mode 0)
            Current function value: 0.05265555555555555
            Iterations: 7
            Function evaluations: 83
            Gradient evaluations: 7
       rank  accuracy     error
0  0.968289  0.256667  0.052656
Optimization terminated successfully    (Exit mode 0)
            Current function value: 0.056966666666666735
            Iterations: 4
            Function evaluations: 56
            Gradient evaluations: 4
       rank  accuracy     error
0  0.965989      0.27  0.056967
Optimization terminated successfully    (Exit mode 0)
            Current function value: 0.05527777777777779
            Iterations: 4
            Function evaluations: 60
            Gradient evaluations: 4
       rank  accuracy     error
0  0.967222  0.266667  0.055278
corrs 1
sub corrs 10
corrs 2
sub corrs 20
corrs 3
sub corrs 30
corrs 4
sub corrs 40
corrs 5
sub corrs 50
corrs 6
sub corrs 60
corrs 7
sub corrs 70
corrs 8
sub corrs 80
corrs 9
sub corrs 90
corrs 10
sub corrs 100
Optimization terminated successfully    (Exit mode 0)
            Current function value: 0.0764444444444445
            Iterations: 1
            Function evaluations: 2
            Gradient evaluations: 1
       rank  accuracy     error
0  0.965089  0.266667  0.076444
Optimization terminated successfully    (Exit mode 0)
            Current function value: 0.07673333333333336
            Iterations: 3
            Function evaluations: 20
            Gradient evaluations: 3
       rank  accuracy     error
0  0.966044  0.263333  0.076733
Optimization terminated successfully    (Exit mode 0)
            Current function value: 0.07658888888888893
            Iterations: 4
            Function evaluations: 28
            Gradient evaluations: 4
       rank  accuracy     error
0  0.966189      0.26  0.076589
Optimization terminated successfully    (Exit mode 0)
            Current function value: 0.06486666666666673
            Iterations: 4
            Function evaluations: 31
            Gradient evaluations: 4
       rank  accuracy     error
0  0.970911  0.256667  0.064867
Optimization terminated successfully    (Exit mode 0)
            Current function value: 0.06518888888888895
            Iterations: 8
            Function evaluations: 64
            Gradient evaluations: 8
       rank  accuracy     error
0  0.969933  0.263333  0.065189
Optimization terminated successfully    (Exit mode 0)
            Current function value: 0.0685555555555556
            Iterations: 6
            Function evaluations: 56
            Gradient evaluations: 6
       rank  accuracy     error
0  0.970733  0.263333  0.068556
Optimization terminated successfully    (Exit mode 0)
            Current function value: 0.07090000000000003
            Iterations: 4
            Function evaluations: 48
            Gradient evaluations: 4
       rank  accuracy   error
0  0.968356  0.276667  0.0709
Optimization terminated successfully    (Exit mode 0)
            Current function value: 0.059266666666666704
            Iterations: 7
            Function evaluations: 76
            Gradient evaluations: 7
       rank  accuracy     error
0  0.970411  0.266667  0.059267
Optimization terminated successfully    (Exit mode 0)
            Current function value: 0.05154444444444444
            Iterations: 6
            Function evaluations: 73
            Gradient evaluations: 6
       rank  accuracy     error
0  0.970456      0.26  0.051544
Optimization terminated successfully    (Exit mode 0)
            Current function value: 0.04725555555555555
            Iterations: 9
            Function evaluations: 120
            Gradient evaluations: 9
       rank  accuracy     error
0  0.969867      0.26  0.047256
Optimization terminated successfully    (Exit mode 0)
            Current function value: 0.046733333333333335
            Iterations: 5
            Function evaluations: 71
            Gradient evaluations: 5
       rank  accuracy     error
0  0.969889  0.263333  0.046733
✨ Experiment complete. Results archived at: /mnt/beegfs/hellgate/home/tp183485/timecorr_trazzp/Scripts/../data/inital_data/Data_Reduction_Testing/isfc_TruncatedSVD_gaussian_5/intact.csv
[1034746.7] exit code: 0
