['/mnt/beegfs/hellgate/home/tp183485/timecorr_trazzp/Scripts', '/opt/conda/lib/python312.zip', '/opt/conda/lib/python3.12', '/opt/conda/lib/python3.12/lib-dynload', '/mnt/beegfs/hellgate/home/tp183485/timecorr_trazzp/timecorr_venv/lib/python3.12/site-packages', '/mnt/beegfs/hellgate/home/tp183485/timecorr_trazzp']
corrs 1
sub corrs 10
corrs 2
sub corrs 20
corrs 3
sub corrs 30
corrs 4
sub corrs 40
corrs 5
sub corrs 50
corrs 6
sub corrs 60
corrs 7
sub corrs 70
corrs 8
sub corrs 80
corrs 9
sub corrs 90
corrs 10
sub corrs 100
Optimization terminated successfully    (Exit mode 0)
            Current function value: 0.08451111111111122
            Iterations: 1
            Function evaluations: 2
            Gradient evaluations: 1
       rank  accuracy     error
0  0.959122  0.253333  0.084511
Optimization terminated successfully    (Exit mode 0)
            Current function value: 0.08406666666666673
            Iterations: 2
            Function evaluations: 17
            Gradient evaluations: 2
       rank  accuracy     error
0  0.949822  0.216667  0.084067
Optimization terminated successfully    (Exit mode 0)
            Current function value: 0.08406666666666673
            Iterations: 3
            Function evaluations: 23
            Gradient evaluations: 3
   rank  accuracy     error
0  0.95  0.216667  0.084067
Optimization terminated successfully    (Exit mode 0)
            Current function value: 0.0832222222222223
            Iterations: 5
            Function evaluations: 37
            Gradient evaluations: 5
       rank  accuracy     error
0  0.949489  0.226667  0.083222
Optimization terminated successfully    (Exit mode 0)
            Current function value: 0.08877777777777789
            Iterations: 2
            Function evaluations: 23
            Gradient evaluations: 2
       rank  accuracy     error
0  0.952989  0.213333  0.088778
Optimization terminated successfully    (Exit mode 0)
            Current function value: 0.08234444444444451
            Iterations: 7
            Function evaluations: 68
            Gradient evaluations: 7
     rank  accuracy     error
0  0.9572      0.24  0.082344
Optimization terminated successfully    (Exit mode 0)
            Current function value: 0.08225555555555564
            Iterations: 4
            Function evaluations: 44
            Gradient evaluations: 4
     rank  accuracy     error
0  0.9587  0.256667  0.082256
Optimization terminated successfully    (Exit mode 0)
            Current function value: 0.08435555555555564
            Iterations: 3
            Function evaluations: 38
            Gradient evaluations: 3
       rank  accuracy     error
0  0.958733  0.256667  0.084356
Optimization terminated successfully    (Exit mode 0)
            Current function value: 0.0791000000000001
            Iterations: 5
            Function evaluations: 63
            Gradient evaluations: 5
       rank  accuracy   error
0  0.957322  0.266667  0.0791
Optimization terminated successfully    (Exit mode 0)
            Current function value: 0.07884444444444455
            Iterations: 4
            Function evaluations: 55
            Gradient evaluations: 4
       rank  accuracy     error
0  0.958611  0.266667  0.078844
Optimization terminated successfully    (Exit mode 0)
            Current function value: 0.07723333333333345
            Iterations: 6
            Function evaluations: 85
            Gradient evaluations: 6
       rank  accuracy     error
0  0.958878  0.253333  0.077233
corrs 1
sub corrs 10
corrs 2
sub corrs 20
corrs 3
sub corrs 30
corrs 4
sub corrs 40
corrs 5
sub corrs 50
corrs 6
sub corrs 60
corrs 7
sub corrs 70
corrs 8
sub corrs 80
corrs 9
sub corrs 90
corrs 10
sub corrs 100
Optimization terminated successfully    (Exit mode 0)
            Current function value: 0.09042222222222243
            Iterations: 1
            Function evaluations: 2
            Gradient evaluations: 1
       rank  accuracy     error
0  0.960156      0.26  0.090422
Optimization terminated successfully    (Exit mode 0)
            Current function value: 0.09042222222222243
            Iterations: 4
            Function evaluations: 12
            Gradient evaluations: 4
       rank  accuracy     error
0  0.960156      0.26  0.090422
Optimization terminated successfully    (Exit mode 0)
            Current function value: 0.08643333333333353
            Iterations: 7
            Function evaluations: 41
            Gradient evaluations: 7
     rank  accuracy     error
0  0.9607  0.253333  0.086433
Optimization terminated successfully    (Exit mode 0)
            Current function value: 0.08648888888888911
            Iterations: 5
            Function evaluations: 36
            Gradient evaluations: 5
       rank  accuracy     error
0  0.960656      0.25  0.086489
Optimization terminated successfully    (Exit mode 0)
            Current function value: 0.08616666666666688
            Iterations: 5
            Function evaluations: 48
            Gradient evaluations: 5
       rank  accuracy     error
0  0.958011  0.243333  0.086167
Optimization terminated successfully    (Exit mode 0)
            Current function value: 0.08798888888888912
            Iterations: 6
            Function evaluations: 57
            Gradient evaluations: 6
       rank  accuracy     error
0  0.959278      0.24  0.087989
Optimization terminated successfully    (Exit mode 0)
            Current function value: 0.09082222222222242
            Iterations: 2
            Function evaluations: 27
            Gradient evaluations: 2
       rank  accuracy     error
0  0.959233      0.25  0.090822
Optimization terminated successfully    (Exit mode 0)
            Current function value: 0.08892222222222246
            Iterations: 5
            Function evaluations: 56
            Gradient evaluations: 5
       rank  accuracy     error
0  0.959311      0.24  0.088922
Optimization terminated successfully    (Exit mode 0)
            Current function value: 0.08646666666666689
            Iterations: 5
            Function evaluations: 61
            Gradient evaluations: 5
     rank  accuracy     error
0  0.9607      0.25  0.086467
Optimization terminated successfully    (Exit mode 0)
            Current function value: 0.08635555555555575
            Iterations: 5
            Function evaluations: 67
            Gradient evaluations: 5
       rank  accuracy     error
0  0.960544  0.256667  0.086356
Optimization terminated successfully    (Exit mode 0)
            Current function value: 0.08726666666666688
            Iterations: 6
            Function evaluations: 84
            Gradient evaluations: 6
       rank  accuracy     error
0  0.957578      0.24  0.087267
✨ Experiment complete. Results archived at: /mnt/beegfs/hellgate/home/tp183485/timecorr_trazzp/Scripts/../data/inital_data/Data_Reduction_Testing/isfc_MiniBatchDictionaryLearning_gaussian_5/intact.csv
[1034399.9] exit code: 0
